2026-06-17 09:58:11,649 [DEBUG] 🔄 正在加载全A股股票清单...
2026-06-17 09:58:11,650 [DEBUG] 📌 股票池过滤：ST 已忽略，市值低于 150 亿已忽略
2026-06-17 09:58:11,866 [DEBUG] ✓ 从 watchlist.json 直接加载股票池成功: 3370 只
2026-06-17 09:58:11,867 [DEBUG] ✓ 全A股清单最终加载完成: 3370 只
2026-06-17 09:59:06,504 [DEBUG]     💾 缓存已保存
2026-06-17 09:59:06,508 [DEBUG]     ⚠️  缓存版本或结构无效，已删除: 000001 2026-06-15 daily
2026-06-17 10:10:55,123 [DEBUG] 🔄 正在加载全A股股票清单...
2026-06-17 10:10:55,123 [DEBUG] 📌 股票池过滤：ST 已忽略，市值低于 150 亿已忽略
2026-06-17 10:10:55,399 [DEBUG] ✓ 从 watchlist.json 直接加载股票池成功: 3370 只
2026-06-17 10:10:55,400 [DEBUG] ✓ 全A股清单最终加载完成: 3370 只
2026-06-17 10:11:17,571 [DEBUG] 🔄 正在加载全A股股票清单...
2026-06-17 10:11:17,572 [DEBUG] 📌 股票池过滤：ST 已忽略，市值低于 150 亿已忽略
2026-06-17 10:11:17,831 [DEBUG] ✓ 从 watchlist.json 直接加载股票池成功: 3370 只
2026-06-17 10:11:17,831 [DEBUG] ✓ 全A股清单最终加载完成: 3370 只
2026-06-17 10:11:56,813 [DEBUG] 🔄 正在加载全A股股票清单...
2026-06-17 10:11:56,813 [DEBUG] 📌 股票池过滤：ST 已忽略，市值低于 150 亿已忽略
2026-06-17 10:11:57,072 [DEBUG] ✓ 从 watchlist.json 直接加载股票池成功: 3370 只
2026-06-17 10:11:57,072 [DEBUG] ✓ 全A股清单最终加载完成: 3370 只
2026-06-17 10:11:57,488 [DEBUG]     ✓ 腾讯财经K线成功 (165 条，包含目标日期 2026-06-16)
2026-06-17 10:11:57,512 [DEBUG]     💾 缓存已保存
2026-06-17 10:11:57,875 [DEBUG]     ✓ 腾讯财经K线成功 (167 条，包含目标日期 2026-06-16)
2026-06-17 10:11:57,889 [DEBUG]     💾 缓存已保存
2026-06-17 10:11:58,047 [DEBUG]     ✓ 腾讯财经K线成功 (167 条，包含目标日期 2026-06-16)
2026-06-17 10:11:58,060 [DEBUG]     💾 缓存已保存
2026-06-17 10:11:58,250 [DEBUG]     ✓ 腾讯财经K线成功 (166 条，包含目标日期 2026-06-16)
2026-06-17 10:11:58,263 [DEBUG]     💾 缓存已保存
2026-06-17 10:11:58,635 [DEBUG]     ✓ 腾讯财经K线成功 (166 条，包含目标日期 2026-06-16)
2026-06-17 10:11:58,649 [DEBUG]     💾 缓存已保存
2026-06-17 10:14:45,103 [DEBUG] 🔄 正在加载全A股股票清单...
2026-06-17 10:14:45,103 [DEBUG] 📌 股票池过滤：ST 已忽略，市值低于 150 亿已忽略
2026-06-17 10:14:45,534 [DEBUG] ✓ 从 watchlist.json 直接加载股票池成功: 3370 只
2026-06-17 10:14:45,534 [DEBUG] ✓ 全A股清单最终加载完成: 3370 只
2026-06-17 10:14:45,562 [DEBUG]     ✓ 从缓存加载 (165 条)
2026-06-17 10:14:45,634 [DEBUG]     💾 缓存已保存
2026-06-17 10:14:46,089 [DEBUG]     ✓ 从缓存加载 (167 条)
2026-06-17 10:14:46,103 [DEBUG]     💾 缓存已保存
2026-06-17 10:14:46,137 [DEBUG]     ✓ 从缓存加载 (167 条)
2026-06-17 10:14:46,151 [DEBUG]     💾 缓存已保存
2026-06-17 10:14:46,176 [DEBUG]     ✓ 从缓存加载 (166 条)
2026-06-17 10:14:46,189 [DEBUG]     💾 缓存已保存
2026-06-17 10:14:46,584 [DEBUG]     ✓ 从缓存加载 (166 条)
2026-06-17 10:14:46,593 [DEBUG]     💾 缓存已保存
2026-06-17 10:14:47,320 [DEBUG]     ✓ 腾讯财经K线成功 (167 条，包含目标日期 2026-06-16)
2026-06-17 10:14:47,337 [DEBUG]     💾 缓存已保存
2026-06-17 10:14:47,504 [DEBUG]     ✓ 腾讯财经K线成功 (166 条，包含目标日期 2026-06-16)
2026-06-17 10:14:47,524 [DEBUG]     💾 缓存已保存
2026-06-17 10:14:47,720 [DEBUG]     ✓ 腾讯财经K线成功 (166 条，包含目标日期 2026-06-16)
2026-06-17 10:14:47,735 [DEBUG]     💾 缓存已保存
2026-06-17 10:14:47,957 [DEBUG]     ✓ 腾讯财经K线成功 (167 条，包含目标日期 2026-06-16)
2026-06-17 10:14:47,973 [DEBUG]     💾 缓存已保存
2026-06-17 10:14:48,471 [DEBUG]     ✓ 腾讯财经K线成功 (167 条，包含目标日期 2026-06-16)
2026-06-17 10:14:48,496 [DEBUG]     💾 缓存已保存
2026-06-17 10:14:48,680 [DEBUG]     ✓ 腾讯财经K线成功 (166 条，包含目标日期 2026-06-16)
2026-06-17 10:14:48,696 [DEBUG]     💾 缓存已保存
2026-06-17 10:14:48,869 [DEBUG]     ✓ 腾讯财经K线成功 (166 条，包含目标日期 2026-06-16)
2026-06-17 10:14:48,879 [DEBUG]     ⚠️ 002475 锚点偏离: current=1.08亿 | expected=103.42亿 | ratio=0.01
2026-06-17 10:14:48,886 [DEBUG]     💾 缓存已保存
2026-06-17 10:14:49,290 [DEBUG]     ✓ 腾讯财经K线成功 (165 条，包含目标日期 2026-06-16)
2026-06-17 10:14:49,311 [DEBUG]     💾 缓存已保存
2026-06-17 10:14:49,766 [DEBUG]     ✓ 腾讯财经K线成功 (165 条，包含目标日期 2026-06-16)
2026-06-17 10:14:49,780 [DEBUG]     💾 缓存已保存
2026-06-17 10:14:50,149 [DEBUG]     ✓ 腾讯财经K线成功 (166 条，包含目标日期 2026-06-16)
2026-06-17 10:14:50,165 [DEBUG]     💾 缓存已保存
2026-06-17 10:14:50,376 [DEBUG]     ✓ 腾讯财经K线成功 (166 条，包含目标日期 2026-06-16)
2026-06-17 10:14:50,388 [DEBUG]     💾 缓存已保存
2026-06-17 10:14:50,717 [DEBUG]     ✓ 腾讯财经K线成功 (165 条，包含目标日期 2026-06-16)
2026-06-17 10:14:50,731 [DEBUG]     💾 缓存已保存
2026-06-17 10:14:50,897 [DEBUG]     ✓ 腾讯财经K线成功 (165 条，包含目标日期 2026-06-16)
2026-06-17 10:14:50,909 [DEBUG]     💾 缓存已保存
2026-06-17 10:14:51,127 [DEBUG]     ✓ 腾讯财经K线成功 (166 条，包含目标日期 2026-06-16)
2026-06-17 10:14:51,139 [DEBUG]     💾 缓存已保存
2026-06-17 10:14:51,633 [DEBUG]     ✓ 腾讯财经K线成功 (166 条，包含目标日期 2026-06-16)
2026-06-17 10:14:51,649 [DEBUG]     💾 缓存已保存
2026-06-17 10:14:51,819 [DEBUG]     ✓ 腾讯财经K线成功 (166 条，包含目标日期 2026-06-16)
2026-06-17 10:14:51,836 [DEBUG]     💾 缓存已保存
2026-06-17 10:14:52,195 [DEBUG]     ✓ 腾讯财经K线成功 (166 条，包含目标日期 2026-06-16)
2026-06-17 10:14:52,210 [DEBUG]     💾 缓存已保存
2026-06-17 10:14:52,552 [DEBUG]     ✓ 腾讯财经K线成功 (165 条，包含目标日期 2026-06-16)
2026-06-17 10:14:52,563 [DEBUG]     💾 缓存已保存
2026-06-17 10:14:52,942 [DEBUG]     ✓ 腾讯财经K线成功 (166 条，包含目标日期 2026-06-16)
2026-06-17 10:14:52,958 [DEBUG]     💾 缓存已保存
2026-06-17 10:14:53,290 [DEBUG]     ✓ 腾讯财经K线成功 (166 条，包含目标日期 2026-06-16)
2026-06-17 10:14:53,301 [DEBUG]     💾 缓存已保存
2026-06-17 10:14:53,748 [DEBUG]     ✓ 腾讯财经K线成功 (165 条，包含目标日期 2026-06-16)
2026-06-17 10:14:53,760 [DEBUG]     💾 缓存已保存
2026-06-17 10:14:54,156 [DEBUG]     ✓ 腾讯财经K线成功 (167 条，包含目标日期 2026-06-16)
2026-06-17 10:14:54,171 [DEBUG]     💾 缓存已保存
2026-06-17 10:14:54,356 [DEBUG]     ✓ 腾讯财经K线成功 (166 条，包含目标日期 2026-06-16)
2026-06-17 10:14:54,372 [DEBUG]     💾 缓存已保存
2026-06-17 10:14:54,724 [DEBUG]     ✓ 腾讯财经K线成功 (157 条，包含目标日期 2026-06-16)
2026-06-17 10:14:54,739 [DEBUG]     💾 缓存已保存
2026-06-17 10:14:54,900 [DEBUG]     ✓ 腾讯财经K线成功 (167 条，包含目标日期 2026-06-16)
2026-06-17 10:14:54,916 [DEBUG]     💾 缓存已保存
2026-06-17 10:14:55,107 [DEBUG]     ✓ 腾讯财经K线成功 (167 条，包含目标日期 2026-06-16)
2026-06-17 10:14:55,114 [DEBUG]     ⚠️ 002460 锚点偏离: current=0.45亿 | expected=65.09亿 | ratio=0.01
2026-06-17 10:14:55,122 [DEBUG]     💾 缓存已保存
2026-06-17 10:14:55,530 [DEBUG]     ✓ 腾讯财经K线成功 (166 条，包含目标日期 2026-06-16)
2026-06-17 10:14:55,546 [DEBUG]     💾 缓存已保存
2026-06-17 10:14:55,924 [DEBUG]     ✓ 腾讯财经K线成功 (167 条，包含目标日期 2026-06-16)
2026-06-17 10:14:55,942 [DEBUG]     💾 缓存已保存
2026-06-17 10:14:56,339 [DEBUG]     ✓ 腾讯财经K线成功 (166 条，包含目标日期 2026-06-16)
2026-06-17 10:14:56,355 [DEBUG]     💾 缓存已保存
2026-06-17 10:14:56,522 [DEBUG]     ✓ 腾讯财经K线成功 (167 条，包含目标日期 2026-06-16)
2026-06-17 10:14:56,534 [DEBUG]     💾 缓存已保存
2026-06-17 10:14:56,707 [DEBUG]     ✓ 腾讯财经K线成功 (166 条，包含目标日期 2026-06-16)
2026-06-17 10:14:56,720 [DEBUG]     💾 缓存已保存
2026-06-17 10:14:57,092 [DEBUG]     ✓ 腾讯财经K线成功 (166 条，包含目标日期 2026-06-16)
2026-06-17 10:14:57,106 [DEBUG]     💾 缓存已保存
2026-06-17 10:14:57,263 [DEBUG]     ✓ 腾讯财经K线成功 (166 条，包含目标日期 2026-06-16)
2026-06-17 10:14:57,282 [DEBUG]     💾 缓存已保存
2026-06-17 10:14:57,675 [DEBUG]     ✓ 腾讯财经K线成功 (167 条，包含目标日期 2026-06-16)
2026-06-17 10:14:57,695 [DEBUG]     💾 缓存已保存
2026-06-17 10:14:58,083 [DEBUG]     ✓ 腾讯财经K线成功 (166 条，包含目标日期 2026-06-16)
2026-06-17 10:14:58,098 [DEBUG]     💾 缓存已保存
2026-06-17 10:14:58,339 [DEBUG]     ✓ 腾讯财经K线成功 (167 条，包含目标日期 2026-06-16)
2026-06-17 10:14:58,355 [DEBUG]     💾 缓存已保存
2026-06-17 10:14:58,713 [DEBUG]     ✓ 腾讯财经K线成功 (166 条，包含目标日期 2026-06-16)
2026-06-17 10:14:58,729 [DEBUG]     💾 缓存已保存
2026-06-17 10:14:59,199 [DEBUG]     ✓ 腾讯财经K线成功 (166 条，包含目标日期 2026-06-16)
2026-06-17 10:14:59,220 [DEBUG]     💾 缓存已保存
2026-06-17 10:14:59,423 [DEBUG]     ✓ 腾讯财经K线成功 (167 条，包含目标日期 2026-06-16)
2026-06-17 10:14:59,435 [DEBUG]     💾 缓存已保存
2026-06-17 10:14:59,609 [DEBUG]     ✓ 腾讯财经K线成功 (166 条，包含目标日期 2026-06-16)
2026-06-17 10:14:59,623 [DEBUG]     💾 缓存已保存
2026-06-17 10:14:59,805 [DEBUG]     ✓ 腾讯财经K线成功 (166 条，包含目标日期 2026-06-16)
2026-06-17 10:14:59,818 [DEBUG]     💾 缓存已保存
2026-06-17 10:15:00,209 [DEBUG]     ✓ 腾讯财经K线成功 (167 条，包含目标日期 2026-06-16)
2026-06-17 10:15:00,225 [DEBUG]     💾 缓存已保存
2026-06-17 10:15:00,437 [DEBUG]     ✓ 腾讯财经K线成功 (165 条，包含目标日期 2026-06-16)
2026-06-17 10:15:00,450 [DEBUG]     💾 缓存已保存
2026-06-17 10:15:00,819 [DEBUG]     ✓ 腾讯财经K线成功 (166 条，包含目标日期 2026-06-16)
2026-06-17 10:15:00,834 [DEBUG]     💾 缓存已保存
2026-06-17 10:16:09,381 [DEBUG] 🔄 正在加载全A股股票清单...
2026-06-17 10:16:09,381 [DEBUG] 📌 股票池过滤：ST 已忽略，市值低于 150 亿已忽略
2026-06-17 10:16:09,662 [DEBUG] ✓ 从 watchlist.json 直接加载股票池成功: 3370 只
2026-06-17 10:16:09,663 [DEBUG] ✓ 全A股清单最终加载完成: 3370 只
2026-06-17 10:16:09,681 [DEBUG]     ✓ 从缓存加载 (165 条)
2026-06-17 10:16:09,692 [DEBUG]     💾 缓存已保存
2026-06-17 10:16:09,987 [DEBUG]     ✓ 从缓存加载 (167 条)
2026-06-17 10:16:09,996 [DEBUG]     💾 缓存已保存
2026-06-17 10:16:10,019 [DEBUG]     ✓ 从缓存加载 (167 条)
2026-06-17 10:16:10,027 [DEBUG]     💾 缓存已保存
2026-06-17 10:16:10,048 [DEBUG]     ✓ 从缓存加载 (166 条)
2026-06-17 10:16:10,058 [DEBUG]     💾 缓存已保存
2026-06-17 10:16:10,267 [DEBUG]     ✓ 从缓存加载 (166 条)
2026-06-17 10:16:10,274 [DEBUG]     💾 缓存已保存
2026-06-17 10:16:10,513 [DEBUG]     ✓ 从缓存加载 (167 条)
2026-06-17 10:16:10,521 [DEBUG]     💾 缓存已保存
2026-06-17 10:16:10,540 [DEBUG]     ✓ 从缓存加载 (166 条)
2026-06-17 10:16:10,552 [DEBUG]     💾 缓存已保存
2026-06-17 10:16:10,574 [DEBUG]     ✓ 从缓存加载 (166 条)
2026-06-17 10:16:10,581 [DEBUG]     💾 缓存已保存
2026-06-17 10:16:10,602 [DEBUG]     ✓ 从缓存加载 (167 条)
2026-06-17 10:16:10,609 [DEBUG]     💾 缓存已保存
2026-06-17 10:16:10,855 [DEBUG]     ✓ 从缓存加载 (167 条)
2026-06-17 10:16:10,863 [DEBUG]     💾 缓存已保存
2026-06-17 10:16:10,879 [DEBUG]     ✓ 从缓存加载 (166 条)
2026-06-17 10:16:10,889 [DEBUG]     💾 缓存已保存
2026-06-17 10:16:10,908 [DEBUG]     ⚠️ 002475 锚点偏离: current=1.08亿 | expected=103.42亿 | ratio=0.01
2026-06-17 10:16:10,908 [DEBUG]     ✓ 从缓存加载 (166 条)
2026-06-17 10:16:10,913 [DEBUG]     ⚠️ 002475 锚点偏离: current=1.08亿 | expected=103.42亿 | ratio=0.01
2026-06-17 10:16:10,919 [DEBUG]     💾 缓存已保存
2026-06-17 10:16:11,176 [DEBUG]     ✓ 从缓存加载 (165 条)
2026-06-17 10:16:11,186 [DEBUG]     💾 缓存已保存
2026-06-17 10:16:11,610 [DEBUG]     ✓ 从缓存加载 (165 条)
2026-06-17 10:16:11,624 [DEBUG]     💾 缓存已保存
2026-06-17 10:16:11,937 [DEBUG]     ✓ 从缓存加载 (166 条)
2026-06-17 10:16:11,945 [DEBUG]     💾 缓存已保存
2026-06-17 10:16:11,962 [DEBUG]     ✓ 从缓存加载 (166 条)
2026-06-17 10:16:11,972 [DEBUG]     💾 缓存已保存
2026-06-17 10:16:12,260 [DEBUG]     ✓ 从缓存加载 (165 条)
2026-06-17 10:16:12,275 [DEBUG]     💾 缓存已保存
2026-06-17 10:16:12,303 [DEBUG]     ✓ 从缓存加载 (165 条)
2026-06-17 10:16:12,312 [DEBUG]     💾 缓存已保存
2026-06-17 10:16:12,342 [DEBUG]     ✓ 从缓存加载 (166 条)
2026-06-17 10:16:12,355 [DEBUG]     💾 缓存已保存
2026-06-17 10:16:12,632 [DEBUG]     ✓ 从缓存加载 (166 条)
2026-06-17 10:16:12,642 [DEBUG]     💾 缓存已保存
2026-06-17 10:16:12,665 [DEBUG]     ✓ 从缓存加载 (166 条)
2026-06-17 10:16:12,675 [DEBUG]     💾 缓存已保存
2026-06-17 10:16:12,918 [DEBUG]     ✓ 从缓存加载 (166 条)
2026-06-17 10:16:12,926 [DEBUG]     💾 缓存已保存
2026-06-17 10:16:13,157 [DEBUG]     ✓ 从缓存加载 (165 条)
2026-06-17 10:16:13,166 [DEBUG]     💾 缓存已保存
2026-06-17 10:16:13,455 [DEBUG]     ✓ 从缓存加载 (166 条)
2026-06-17 10:16:13,464 [DEBUG]     💾 缓存已保存
2026-06-17 10:16:13,751 [DEBUG]     ✓ 从缓存加载 (166 条)
2026-06-17 10:16:13,761 [DEBUG]     💾 缓存已保存
2026-06-17 10:16:14,042 [DEBUG]     ✓ 从缓存加载 (165 条)
2026-06-17 10:16:14,050 [DEBUG]     💾 缓存已保存
2026-06-17 10:16:14,301 [DEBUG]     ✓ 从缓存加载 (167 条)
2026-06-17 10:16:14,308 [DEBUG]     💾 缓存已保存
2026-06-17 10:16:14,324 [DEBUG]     ✓ 从缓存加载 (166 条)
2026-06-17 10:16:14,333 [DEBUG]     💾 缓存已保存
2026-06-17 10:16:14,581 [DEBUG]     ✓ 从缓存加载 (157 条)
2026-06-17 10:16:14,589 [DEBUG]     💾 缓存已保存
2026-06-17 10:16:14,608 [DEBUG]     ✓ 从缓存加载 (167 条)
2026-06-17 10:16:14,616 [DEBUG]     💾 缓存已保存
2026-06-17 10:16:14,633 [DEBUG]     ⚠️ 002460 锚点偏离: current=0.45亿 | expected=65.09亿 | ratio=0.01
2026-06-17 10:16:14,633 [DEBUG]     ✓ 从缓存加载 (167 条)
2026-06-17 10:16:14,639 [DEBUG]     ⚠️ 002460 锚点偏离: current=0.45亿 | expected=65.09亿 | ratio=0.01
2026-06-17 10:16:14,646 [DEBUG]     💾 缓存已保存
2026-06-17 10:16:14,920 [DEBUG]     ✓ 从缓存加载 (166 条)
2026-06-17 10:16:14,931 [DEBUG]     💾 缓存已保存
2026-06-17 10:16:15,220 [DEBUG]     ✓ 从缓存加载 (167 条)
2026-06-17 10:16:15,228 [DEBUG]     💾 缓存已保存
2026-06-17 10:16:15,599 [DEBUG]     ✓ 从缓存加载 (166 条)
2026-06-17 10:16:15,610 [DEBUG]     💾 缓存已保存
2026-06-17 10:16:15,632 [DEBUG]     ✓ 从缓存加载 (167 条)
2026-06-17 10:16:15,642 [DEBUG]     💾 缓存已保存
2026-06-17 10:16:15,661 [DEBUG]     ✓ 从缓存加载 (166 条)
2026-06-17 10:16:15,673 [DEBUG]     💾 缓存已保存
2026-06-17 10:16:16,019 [DEBUG]     ✓ 从缓存加载 (166 条)
2026-06-17 10:16:16,029 [DEBUG]     💾 缓存已保存
2026-06-17 10:16:16,059 [DEBUG]     ✓ 从缓存加载 (166 条)
2026-06-17 10:16:16,070 [DEBUG]     💾 缓存已保存
2026-06-17 10:16:16,303 [DEBUG]     ✓ 从缓存加载 (167 条)
2026-06-17 10:16:16,311 [DEBUG]     💾 缓存已保存
2026-06-17 10:16:16,618 [DEBUG]     ✓ 从缓存加载 (166 条)
2026-06-17 10:16:16,625 [DEBUG]     💾 缓存已保存
2026-06-17 10:16:16,670 [DEBUG]     ✓ 从缓存加载 (167 条)
2026-06-17 10:16:16,679 [DEBUG]     💾 缓存已保存
2026-06-17 10:16:16,910 [DEBUG]     ✓ 从缓存加载 (166 条)
2026-06-17 10:16:16,918 [DEBUG]     💾 缓存已保存
2026-06-17 10:16:17,119 [DEBUG]     ✓ 从缓存加载 (166 条)
2026-06-17 10:16:17,128 [DEBUG]     💾 缓存已保存
2026-06-17 10:16:17,147 [DEBUG]     ✓ 从缓存加载 (167 条)
2026-06-17 10:16:17,153 [DEBUG]     💾 缓存已保存
2026-06-17 10:16:17,168 [DEBUG]     ✓ 从缓存加载 (166 条)
2026-06-17 10:16:17,175 [DEBUG]     💾 缓存已保存
2026-06-17 10:16:17,192 [DEBUG]     ✓ 从缓存加载 (166 条)
2026-06-17 10:16:17,202 [DEBUG]     💾 缓存已保存
2026-06-17 10:16:17,441 [DEBUG]     ✓ 从缓存加载 (167 条)
2026-06-17 10:16:17,449 [DEBUG]     💾 缓存已保存
2026-06-17 10:16:17,465 [DEBUG]     ✓ 从缓存加载 (165 条)
2026-06-17 10:16:17,472 [DEBUG]     💾 缓存已保存
2026-06-17 10:16:17,703 [DEBUG]     ✓ 从缓存加载 (166 条)
2026-06-17 10:16:17,715 [DEBUG]     💾 缓存已保存
2026-06-17 10:18:45,895 [DEBUG] 🔄 正在加载全A股股票清单...
2026-06-17 10:18:45,896 [DEBUG] 📌 股票池过滤：ST 已忽略，市值低于 150 亿已忽略
2026-06-17 10:18:46,183 [DEBUG] ✓ 从 watchlist.json 直接加载股票池成功: 3370 只
2026-06-17 10:18:46,183 [DEBUG] ✓ 全A股清单最终加载完成: 3370 只
2026-06-17 10:18:46,199 [DEBUG]     ✓ 从缓存加载 (165 条)
2026-06-17 10:18:46,209 [DEBUG]     💾 缓存已保存
2026-06-17 10:18:46,448 [DEBUG]     ✓ 从缓存加载 (167 条)
2026-06-17 10:18:46,456 [DEBUG]     💾 缓存已保存
2026-06-17 10:18:46,472 [DEBUG]     ✓ 从缓存加载 (167 条)
2026-06-17 10:18:46,481 [DEBUG]     💾 缓存已保存
2026-06-17 10:18:46,501 [DEBUG]     ✓ 从缓存加载 (166 条)
2026-06-17 10:18:46,511 [DEBUG]     💾 缓存已保存
2026-06-17 10:18:46,731 [DEBUG]     ✓ 从缓存加载 (166 条)
2026-06-17 10:18:46,741 [DEBUG]     💾 缓存已保存
2026-06-17 10:18:46,971 [DEBUG]     ✓ 从缓存加载 (167 条)
2026-06-17 10:18:46,978 [DEBUG]     💾 缓存已保存
2026-06-17 10:18:46,996 [DEBUG]     ✓ 从缓存加载 (166 条)
2026-06-17 10:18:47,006 [DEBUG]     💾 缓存已保存
2026-06-17 10:18:47,023 [DEBUG]     ✓ 从缓存加载 (166 条)
2026-06-17 10:18:47,030 [DEBUG]     💾 缓存已保存
2026-06-17 10:18:47,048 [DEBUG]     ✓ 从缓存加载 (167 条)
2026-06-17 10:18:47,056 [DEBUG]     💾 缓存已保存
2026-06-17 10:18:47,345 [DEBUG]     ✓ 从缓存加载 (167 条)
2026-06-17 10:18:47,353 [DEBUG]     💾 缓存已保存
2026-06-17 10:18:47,370 [DEBUG]     ✓ 从缓存加载 (166 条)
2026-06-17 10:18:47,380 [DEBUG]     💾 缓存已保存
2026-06-17 10:18:47,400 [DEBUG]     ⚠️ 002475 锚点偏离: current=1.08亿 | expected=103.42亿 | ratio=0.01
2026-06-17 10:18:47,401 [DEBUG]     ✓ 从缓存加载 (166 条)
2026-06-17 10:18:47,406 [DEBUG]     ⚠️ 002475 锚点偏离: current=1.08亿 | expected=103.42亿 | ratio=0.01
2026-06-17 10:18:47,411 [DEBUG]     💾 缓存已保存
2026-06-17 10:18:47,656 [DEBUG]     ✓ 从缓存加载 (165 条)
2026-06-17 10:18:47,665 [DEBUG]     💾 缓存已保存
2026-06-17 10:18:47,918 [DEBUG]     ✓ 从缓存加载 (165 条)
2026-06-17 10:18:47,926 [DEBUG]     💾 缓存已保存
2026-06-17 10:18:48,156 [DEBUG]     ✓ 从缓存加载 (166 条)
2026-06-17 10:18:48,166 [DEBUG]     💾 缓存已保存
2026-06-17 10:18:48,189 [DEBUG]     ✓ 从缓存加载 (166 条)
2026-06-17 10:18:48,201 [DEBUG]     💾 缓存已保存
2026-06-17 10:18:48,448 [DEBUG]     ✓ 从缓存加载 (165 条)
2026-06-17 10:18:48,457 [DEBUG]     💾 缓存已保存
2026-06-17 10:18:48,475 [DEBUG]     ✓ 从缓存加载 (165 条)
2026-06-17 10:18:48,486 [DEBUG]     💾 缓存已保存
2026-06-17 10:18:48,509 [DEBUG]     ✓ 从缓存加载 (166 条)
2026-06-17 10:18:48,516 [DEBUG]     💾 缓存已保存
2026-06-17 10:18:48,752 [DEBUG]     ✓ 从缓存加载 (166 条)
2026-06-17 10:18:48,759 [DEBUG]     💾 缓存已保存
2026-06-17 10:18:48,778 [DEBUG]     ✓ 从缓存加载 (166 条)
2026-06-17 10:18:48,786 [DEBUG]     💾 缓存已保存
2026-06-17 10:18:49,013 [DEBUG]     ✓ 从缓存加载 (166 条)
2026-06-17 10:18:49,022 [DEBUG]     💾 缓存已保存
2026-06-17 10:18:49,245 [DEBUG]     ✓ 从缓存加载 (165 条)
2026-06-17 10:18:49,253 [DEBUG]     💾 缓存已保存
2026-06-17 10:18:49,477 [DEBUG]     ✓ 从缓存加载 (166 条)
2026-06-17 10:18:49,487 [DEBUG]     💾 缓存已保存
2026-06-17 10:18:49,774 [DEBUG]     ✓ 从缓存加载 (166 条)
2026-06-17 10:18:49,785 [DEBUG]     💾 缓存已保存
2026-06-17 10:18:50,059 [DEBUG]     ✓ 从缓存加载 (165 条)
2026-06-17 10:18:50,068 [DEBUG]     💾 缓存已保存
2026-06-17 10:18:50,309 [DEBUG]     ✓ 从缓存加载 (167 条)
2026-06-17 10:18:50,321 [DEBUG]     💾 缓存已保存
2026-06-17 10:18:50,341 [DEBUG]     ✓ 从缓存加载 (166 条)
2026-06-17 10:18:50,349 [DEBUG]     💾 缓存已保存
2026-06-17 10:18:50,572 [DEBUG]     ✓ 从缓存加载 (157 条)
2026-06-17 10:18:50,579 [DEBUG]     💾 缓存已保存
2026-06-17 10:18:50,595 [DEBUG]     ✓ 从缓存加载 (167 条)
2026-06-17 10:18:50,603 [DEBUG]     💾 缓存已保存
2026-06-17 10:18:50,622 [DEBUG]     ⚠️ 002460 锚点偏离: current=0.45亿 | expected=65.09亿 | ratio=0.01
2026-06-17 10:18:50,623 [DEBUG]     ✓ 从缓存加载 (167 条)
2026-06-17 10:18:50,627 [DEBUG]     ⚠️ 002460 锚点偏离: current=0.45亿 | expected=65.09亿 | ratio=0.01
2026-06-17 10:18:50,633 [DEBUG]     💾 缓存已保存
2026-06-17 10:18:50,977 [DEBUG]     ✓ 从缓存加载 (166 条)
2026-06-17 10:18:50,992 [DEBUG]     💾 缓存已保存
2026-06-17 10:18:51,287 [DEBUG]     ✓ 从缓存加载 (167 条)
2026-06-17 10:18:51,297 [DEBUG]     💾 缓存已保存
2026-06-17 10:18:51,617 [DEBUG]     ✓ 从缓存加载 (166 条)
2026-06-17 10:18:51,627 [DEBUG]     💾 缓存已保存
2026-06-17 10:18:51,652 [DEBUG]     ✓ 从缓存加载 (167 条)
2026-06-17 10:18:51,662 [DEBUG]     💾 缓存已保存
2026-06-17 10:18:51,689 [DEBUG]     ✓ 从缓存加载 (166 条)
2026-06-17 10:18:51,699 [DEBUG]     💾 缓存已保存
2026-06-17 10:18:51,954 [DEBUG]     ✓ 从缓存加载 (166 条)
2026-06-17 10:18:51,965 [DEBUG]     💾 缓存已保存
2026-06-17 10:18:51,993 [DEBUG]     ✓ 从缓存加载 (166 条)
2026-06-17 10:18:52,003 [DEBUG]     💾 缓存已保存
2026-06-17 10:18:52,501 [DEBUG]     ✓ 从缓存加载 (167 条)
2026-06-17 10:18:52,529 [DEBUG]     💾 缓存已保存
2026-06-17 10:18:52,849 [DEBUG]     ✓ 从缓存加载 (166 条)
2026-06-17 10:18:52,857 [DEBUG]     💾 缓存已保存
2026-06-17 10:18:52,908 [DEBUG]     ✓ 从缓存加载 (167 条)
2026-06-17 10:18:52,920 [DEBUG]     💾 缓存已保存
2026-06-17 10:18:53,176 [DEBUG]     ✓ 从缓存加载 (166 条)
2026-06-17 10:18:53,187 [DEBUG]     💾 缓存已保存
2026-06-17 10:18:53,477 [DEBUG]     ✓ 从缓存加载 (166 条)
2026-06-17 10:18:53,488 [DEBUG]     💾 缓存已保存
2026-06-17 10:18:53,507 [DEBUG]     ✓ 从缓存加载 (167 条)
2026-06-17 10:18:53,518 [DEBUG]     💾 缓存已保存
2026-06-17 10:18:53,541 [DEBUG]     ✓ 从缓存加载 (166 条)
2026-06-17 10:18:53,552 [DEBUG]     💾 缓存已保存
2026-06-17 10:18:53,569 [DEBUG]     ✓ 从缓存加载 (166 条)
2026-06-17 10:18:53,579 [DEBUG]     💾 缓存已保存
2026-06-17 10:18:53,817 [DEBUG]     ✓ 从缓存加载 (167 条)
2026-06-17 10:18:53,824 [DEBUG]     💾 缓存已保存
2026-06-17 10:18:53,840 [DEBUG]     ✓ 从缓存加载 (165 条)
2026-06-17 10:18:53,850 [DEBUG]     💾 缓存已保存
2026-06-17 10:18:54,084 [DEBUG]     ✓ 从缓存加载 (166 条)
2026-06-17 10:18:54,093 [DEBUG]     💾 缓存已保存
2026-06-17 10:20:05,186 [DEBUG] 🔄 正在加载全A股股票清单...
2026-06-17 10:20:05,186 [DEBUG] 📌 股票池过滤：ST 已忽略，市值低于 150 亿已忽略
2026-06-17 10:20:05,471 [DEBUG] ✓ 从 watchlist.json 直接加载股票池成功: 3370 只
2026-06-17 10:20:05,471 [DEBUG] ✓ 全A股清单最终加载完成: 3370 只
2026-06-17 10:20:05,729 [DEBUG]     ✓ 腾讯财经K线成功 (165 条，包含目标日期 2026-06-16)
2026-06-17 10:20:05,748 [DEBUG]     💾 缓存已保存
2026-06-17 10:20:05,914 [DEBUG]     ✓ 腾讯财经K线成功 (166 条，包含目标日期 2026-06-16)
2026-06-17 10:20:05,927 [DEBUG]     💾 缓存已保存
2026-06-17 10:20:06,289 [DEBUG]     ✓ 腾讯财经K线成功 (167 条，包含目标日期 2026-06-16)
2026-06-17 10:20:06,307 [DEBUG]     💾 缓存已保存
2026-06-17 10:20:06,689 [DEBUG]     ✓ 腾讯财经K线成功 (166 条，包含目标日期 2026-06-16)
2026-06-17 10:20:06,704 [DEBUG]     💾 缓存已保存
2026-06-17 10:20:07,052 [DEBUG]     ✓ 腾讯财经K线成功 (166 条，包含目标日期 2026-06-16)
2026-06-17 10:20:07,065 [DEBUG]     💾 缓存已保存
2026-06-17 10:20:07,431 [DEBUG]     ✓ 腾讯财经K线成功 (166 条，包含目标日期 2026-06-16)
2026-06-17 10:20:07,443 [DEBUG]     💾 缓存已保存
2026-06-17 10:20:07,633 [DEBUG]     ✓ 腾讯财经K线成功 (166 条，包含目标日期 2026-06-16)
2026-06-17 10:20:07,647 [DEBUG]     💾 缓存已保存
2026-06-17 10:20:07,822 [DEBUG]     ✓ 腾讯财经K线成功 (166 条，包含目标日期 2026-06-16)
2026-06-17 10:20:07,835 [DEBUG]     💾 缓存已保存
2026-06-17 10:20:08,244 [DEBUG]     ✓ 腾讯财经K线成功 (166 条，包含目标日期 2026-06-16)
2026-06-17 10:20:08,261 [DEBUG]     💾 缓存已保存
2026-06-17 10:20:08,476 [DEBUG]     ✓ 腾讯财经K线成功 (156 条，包含目标日期 2026-06-16)
2026-06-17 10:20:08,489 [DEBUG]     💾 缓存已保存
2026-06-17 10:20:08,662 [DEBUG]     ✓ 腾讯财经K线成功 (165 条，包含目标日期 2026-06-16)
2026-06-17 10:20:08,680 [DEBUG]     💾 缓存已保存
2026-06-17 10:20:08,886 [DEBUG]     ✓ 腾讯财经K线成功 (166 条，包含目标日期 2026-06-16)
2026-06-17 10:20:08,897 [DEBUG]     💾 缓存已保存
2026-06-17 10:20:09,256 [DEBUG]     ✓ 腾讯财经K线成功 (166 条，包含目标日期 2026-06-16)
2026-06-17 10:20:09,272 [DEBUG]     💾 缓存已保存
2026-06-17 10:20:09,496 [DEBUG]     ✓ 腾讯财经K线成功 (167 条，包含目标日期 2026-06-16)
2026-06-17 10:20:09,512 [DEBUG]     💾 缓存已保存
2026-06-17 10:20:09,711 [DEBUG]     ✓ 腾讯财经K线成功 (167 条，包含目标日期 2026-06-16)
2026-06-17 10:20:09,729 [DEBUG]     💾 缓存已保存
2026-06-17 10:20:09,960 [DEBUG]     ✓ 腾讯财经K线成功 (167 条，包含目标日期 2026-06-16)
2026-06-17 10:20:09,977 [DEBUG]     💾 缓存已保存
2026-06-17 10:20:10,209 [DEBUG]     ✓ 腾讯财经K线成功 (167 条，包含目标日期 2026-06-16)
2026-06-17 10:20:10,224 [DEBUG]     💾 缓存已保存
2026-06-17 10:20:10,410 [DEBUG]     ✓ 腾讯财经K线成功 (161 条，包含目标日期 2026-06-16)
2026-06-17 10:20:10,425 [DEBUG]     💾 缓存已保存
2026-06-17 10:20:10,617 [DEBUG]     ✓ 腾讯财经K线成功 (165 条，包含目标日期 2026-06-16)
2026-06-17 10:20:10,636 [DEBUG]     💾 缓存已保存
2026-06-17 10:20:11,015 [DEBUG]     ✓ 腾讯财经K线成功 (166 条，包含目标日期 2026-06-16)
2026-06-17 10:20:11,032 [DEBUG]     💾 缓存已保存
2026-06-17 10:20:11,242 [DEBUG]     ✓ 腾讯财经K线成功 (166 条，包含目标日期 2026-06-16)
2026-06-17 10:20:11,254 [DEBUG]     💾 缓存已保存
2026-06-17 10:20:11,609 [DEBUG]     ✓ 腾讯财经K线成功 (166 条，包含目标日期 2026-06-16)
2026-06-17 10:20:11,627 [DEBUG]     💾 缓存已保存
2026-06-17 10:20:12,021 [DEBUG]     ✓ 腾讯财经K线成功 (165 条，包含目标日期 2026-06-16)
2026-06-17 10:20:12,032 [DEBUG]     💾 缓存已保存
2026-06-17 10:20:12,223 [DEBUG]     ✓ 腾讯财经K线成功 (167 条，包含目标日期 2026-06-16)
2026-06-17 10:20:12,238 [DEBUG]     💾 缓存已保存
2026-06-17 10:20:12,467 [DEBUG]     ✓ 从缓存加载 (165 条)
2026-06-17 10:20:12,476 [DEBUG]     💾 缓存已保存
2026-06-17 10:20:12,859 [DEBUG]     ✓ 腾讯财经K线成功 (167 条，包含目标日期 2026-06-16)
2026-06-17 10:20:12,873 [DEBUG]     💾 缓存已保存
2026-06-17 10:20:13,086 [DEBUG]     ✓ 腾讯财经K线成功 (167 条，包含目标日期 2026-06-16)
2026-06-17 10:20:13,099 [DEBUG]     💾 缓存已保存
2026-06-17 10:20:13,464 [DEBUG]     ✓ 腾讯财经K线成功 (167 条，包含目标日期 2026-06-16)
2026-06-17 10:20:13,478 [DEBUG]     💾 缓存已保存
2026-06-17 10:20:13,676 [DEBUG]     ✓ 腾讯财经K线成功 (165 条，包含目标日期 2026-06-16)
2026-06-17 10:20:13,691 [DEBUG]     💾 缓存已保存
2026-06-17 10:20:14,074 [DEBUG]     ✓ 腾讯财经K线成功 (166 条，包含目标日期 2026-06-16)
2026-06-17 10:20:14,089 [DEBUG]     💾 缓存已保存
2026-06-17 10:20:14,280 [DEBUG]     ✓ 腾讯财经K线成功 (167 条，包含目标日期 2026-06-16)
2026-06-17 10:20:14,296 [DEBUG]     💾 缓存已保存
2026-06-17 10:20:14,695 [DEBUG]     ✓ 腾讯财经K线成功 (167 条，包含目标日期 2026-06-16)
2026-06-17 10:20:14,710 [DEBUG]     💾 缓存已保存
2026-06-17 10:20:14,919 [DEBUG]     ✓ 腾讯财经K线成功 (166 条，包含目标日期 2026-06-16)
2026-06-17 10:20:14,937 [DEBUG]     💾 缓存已保存
2026-06-17 10:20:15,239 [DEBUG]     ✓ 腾讯财经K线成功 (167 条，包含目标日期 2026-06-16)
2026-06-17 10:20:15,256 [DEBUG]     💾 缓存已保存
2026-06-17 10:20:15,421 [DEBUG]     ✓ 腾讯财经K线成功 (167 条，包含目标日期 2026-06-16)
2026-06-17 10:20:15,432 [DEBUG]     💾 缓存已保存
2026-06-17 10:20:15,821 [DEBUG]     ✓ 腾讯财经K线成功 (166 条，包含目标日期 2026-06-16)
2026-06-17 10:20:15,837 [DEBUG]     💾 缓存已保存
2026-06-17 10:20:16,079 [DEBUG]     ✓ 腾讯财经K线成功 (167 条，包含目标日期 2026-06-16)
2026-06-17 10:20:16,094 [DEBUG]     💾 缓存已保存
2026-06-17 10:20:16,512 [DEBUG]     ✓ 腾讯财经K线成功 (167 条，包含目标日期 2026-06-16)
2026-06-17 10:20:16,531 [DEBUG]     💾 缓存已保存
2026-06-17 10:20:16,937 [DEBUG]     ✓ 腾讯财经K线成功 (166 条，包含目标日期 2026-06-16)
2026-06-17 10:20:16,948 [DEBUG]     💾 缓存已保存
2026-06-17 10:20:17,328 [DEBUG]     ✓ 腾讯财经K线成功 (166 条，包含目标日期 2026-06-16)
2026-06-17 10:20:17,343 [DEBUG]     💾 缓存已保存
2026-06-17 10:20:17,592 [DEBUG]     ✓ 腾讯财经K线成功 (167 条，包含目标日期 2026-06-16)
2026-06-17 10:20:17,605 [DEBUG]     💾 缓存已保存
2026-06-17 10:20:18,068 [DEBUG]     ✓ 腾讯财经K线成功 (166 条，包含目标日期 2026-06-16)
2026-06-17 10:20:18,085 [DEBUG]     💾 缓存已保存
2026-06-17 10:20:18,313 [DEBUG]     ✓ 腾讯财经K线成功 (166 条，包含目标日期 2026-06-16)
2026-06-17 10:20:18,326 [DEBUG]     💾 缓存已保存
2026-06-17 10:20:18,492 [DEBUG]     ✓ 腾讯财经K线成功 (165 条，包含目标日期 2026-06-16)
2026-06-17 10:20:18,508 [DEBUG]     💾 缓存已保存
2026-06-17 10:20:18,874 [DEBUG]     ✓ 腾讯财经K线成功 (167 条，包含目标日期 2026-06-16)
2026-06-17 10:20:18,891 [DEBUG]     💾 缓存已保存
2026-06-17 10:20:19,094 [DEBUG]     ✓ 腾讯财经K线成功 (166 条，包含目标日期 2026-06-16)
2026-06-17 10:20:19,110 [DEBUG]     💾 缓存已保存
2026-06-17 10:20:19,323 [DEBUG]     ✓ 腾讯财经K线成功 (167 条，包含目标日期 2026-06-16)
2026-06-17 10:20:19,336 [DEBUG]     💾 缓存已保存
2026-06-17 10:20:19,705 [DEBUG]     ✓ 腾讯财经K线成功 (166 条，包含目标日期 2026-06-16)
2026-06-17 10:20:19,717 [DEBUG]     💾 缓存已保存
2026-06-17 10:20:20,112 [DEBUG]     ✓ 腾讯财经K线成功 (166 条，包含目标日期 2026-06-16)
2026-06-17 10:20:20,128 [DEBUG]     💾 缓存已保存
2026-06-17 10:20:20,375 [DEBUG]     ✓ 腾讯财经K线成功 (167 条，包含目标日期 2026-06-16)
2026-06-17 10:20:20,395 [DEBUG]     💾 缓存已保存
2026-06-17 10:20:20,771 [DEBUG]     ✓ 腾讯财经K线成功 (167 条，包含目标日期 2026-06-16)
2026-06-17 10:20:20,791 [DEBUG]     💾 缓存已保存
2026-06-17 10:20:21,229 [DEBUG]     ✓ 腾讯财经K线成功 (167 条，包含目标日期 2026-06-16)
2026-06-17 10:20:21,243 [DEBUG]     💾 缓存已保存
2026-06-17 10:20:21,703 [DEBUG]     ✓ 腾讯财经K线成功 (165 条，包含目标日期 2026-06-16)
2026-06-17 10:20:21,716 [DEBUG]     💾 缓存已保存
2026-06-17 10:20:21,871 [DEBUG]     ✓ 腾讯财经K线成功 (167 条，包含目标日期 2026-06-16)
2026-06-17 10:20:21,884 [DEBUG]     💾 缓存已保存
2026-06-17 10:20:22,084 [DEBUG]     ✓ 腾讯财经K线成功 (167 条，包含目标日期 2026-06-16)
2026-06-17 10:20:22,095 [DEBUG]     💾 缓存已保存
2026-06-17 10:20:22,302 [DEBUG]     ✓ 腾讯财经K线成功 (167 条，包含目标日期 2026-06-16)
2026-06-17 10:20:22,315 [DEBUG]     💾 缓存已保存
2026-06-17 10:20:22,503 [DEBUG]     ✓ 腾讯财经K线成功 (166 条，包含目标日期 2026-06-16)
2026-06-17 10:20:22,516 [DEBUG]     💾 缓存已保存
2026-06-17 10:20:22,709 [DEBUG]     ✓ 腾讯财经K线成功 (167 条，包含目标日期 2026-06-16)
2026-06-17 10:20:22,724 [DEBUG]     💾 缓存已保存
2026-06-17 10:20:23,088 [DEBUG]     ✓ 腾讯财经K线成功 (166 条，包含目标日期 2026-06-16)
2026-06-17 10:20:23,105 [DEBUG]     💾 缓存已保存
2026-06-17 10:20:23,310 [DEBUG]     ✓ 腾讯财经K线成功 (167 条，包含目标日期 2026-06-16)
2026-06-17 10:20:23,325 [DEBUG]     💾 缓存已保存
2026-06-17 10:20:23,512 [DEBUG]     ✓ 腾讯财经K线成功 (167 条，包含目标日期 2026-06-16)
2026-06-17 10:20:23,523 [DEBUG]     💾 缓存已保存
2026-06-17 10:20:23,696 [DEBUG]     ✓ 腾讯财经K线成功 (166 条，包含目标日期 2026-06-16)
2026-06-17 10:20:23,707 [DEBUG]     💾 缓存已保存
2026-06-17 10:20:23,913 [DEBUG]     ✓ 腾讯财经K线成功 (165 条，包含目标日期 2026-06-16)
2026-06-17 10:20:23,927 [DEBUG]     💾 缓存已保存
2026-06-17 10:20:24,108 [DEBUG]     ✓ 腾讯财经K线成功 (167 条，包含目标日期 2026-06-16)
2026-06-17 10:20:24,120 [DEBUG]     💾 缓存已保存
2026-06-17 10:20:24,316 [DEBUG]     ✓ 腾讯财经K线成功 (167 条，包含目标日期 2026-06-16)
2026-06-17 10:20:24,334 [DEBUG]     💾 缓存已保存
2026-06-17 10:20:24,738 [DEBUG]     ✓ 腾讯财经K线成功 (161 条，包含目标日期 2026-06-16)
2026-06-17 10:20:24,750 [DEBUG]     💾 缓存已保存
2026-06-17 10:20:25,121 [DEBUG]     ✓ 腾讯财经K线成功 (166 条，包含目标日期 2026-06-16)
2026-06-17 10:20:25,133 [DEBUG]     💾 缓存已保存
2026-06-17 10:20:25,343 [DEBUG]     ✓ 腾讯财经K线成功 (166 条，包含目标日期 2026-06-16)
2026-06-17 10:20:25,356 [DEBUG]     💾 缓存已保存
2026-06-17 10:20:25,788 [DEBUG]     ✓ 腾讯财经K线成功 (167 条，包含目标日期 2026-06-16)
2026-06-17 10:20:25,801 [DEBUG]     💾 缓存已保存
2026-06-17 10:20:25,976 [DEBUG]     ✓ 腾讯财经K线成功 (166 条，包含目标日期 2026-06-16)
2026-06-17 10:20:25,991 [DEBUG]     💾 缓存已保存
2026-06-17 10:20:26,357 [DEBUG]     ✓ 腾讯财经K线成功 (167 条，包含目标日期 2026-06-16)
2026-06-17 10:20:26,376 [DEBUG]     💾 缓存已保存
2026-06-17 10:20:26,780 [DEBUG]     ✓ 腾讯财经K线成功 (166 条，包含目标日期 2026-06-16)
2026-06-17 10:20:26,796 [DEBUG]     💾 缓存已保存
2026-06-17 10:20:27,201 [DEBUG]     ✓ 腾讯财经K线成功 (166 条，包含目标日期 2026-06-16)
2026-06-17 10:20:27,216 [DEBUG]     💾 缓存已保存
2026-06-17 10:20:27,395 [DEBUG]     ✓ 腾讯财经K线成功 (167 条，包含目标日期 2026-06-16)
2026-06-17 10:20:27,409 [DEBUG]     💾 缓存已保存
2026-06-17 10:20:27,586 [DEBUG]     ✓ 腾讯财经K线成功 (167 条，包含目标日期 2026-06-16)
2026-06-17 10:20:27,605 [DEBUG]     💾 缓存已保存
2026-06-17 10:20:27,824 [DEBUG]     ✓ 腾讯财经K线成功 (166 条，包含目标日期 2026-06-16)
2026-06-17 10:20:27,837 [DEBUG]     💾 缓存已保存
2026-06-17 10:20:28,079 [DEBUG]     ✓ 腾讯财经K线成功 (167 条，包含目标日期 2026-06-16)
2026-06-17 10:20:28,093 [DEBUG]     💾 缓存已保存
2026-06-17 10:20:28,281 [DEBUG]     ✓ 腾讯财经K线成功 (166 条，包含目标日期 2026-06-16)
2026-06-17 10:20:28,296 [DEBUG]     💾 缓存已保存
2026-06-17 10:20:28,721 [DEBUG]     ✓ 腾讯财经K线成功 (167 条，包含目标日期 2026-06-16)
2026-06-17 10:20:28,734 [DEBUG]     💾 缓存已保存
2026-06-17 10:20:28,897 [DEBUG]     ✓ 腾讯财经K线成功 (166 条，包含目标日期 2026-06-16)
2026-06-17 10:20:28,911 [DEBUG]     💾 缓存已保存
2026-06-17 10:20:29,132 [DEBUG]     ✓ 腾讯财经K线成功 (167 条，包含目标日期 2026-06-16)
2026-06-17 10:20:29,149 [DEBUG]     💾 缓存已保存
2026-06-17 10:20:29,328 [DEBUG]     ✓ 腾讯财经K线成功 (165 条，包含目标日期 2026-06-16)
2026-06-17 10:20:29,340 [DEBUG]     💾 缓存已保存
2026-06-17 10:20:29,680 [DEBUG]     ✓ 腾讯财经K线成功 (166 条，包含目标日期 2026-06-16)
2026-06-17 10:20:29,693 [DEBUG]     💾 缓存已保存
2026-06-17 10:20:30,050 [DEBUG]     ✓ 腾讯财经K线成功 (166 条，包含目标日期 2026-06-16)
2026-06-17 10:20:30,064 [DEBUG]     💾 缓存已保存
2026-06-17 10:20:30,470 [DEBUG]     ✓ 腾讯财经K线成功 (167 条，包含目标日期 2026-06-16)
2026-06-17 10:20:30,484 [DEBUG]     💾 缓存已保存
2026-06-17 10:20:30,698 [DEBUG]     ✓ 腾讯财经K线成功 (166 条，包含目标日期 2026-06-16)
2026-06-17 10:20:30,713 [DEBUG]     💾 缓存已保存
2026-06-17 10:20:30,898 [DEBUG]     ✓ 腾讯财经K线成功 (166 条，包含目标日期 2026-06-16)
2026-06-17 10:20:30,917 [DEBUG]     💾 缓存已保存
2026-06-17 10:20:31,113 [DEBUG]     ✓ 腾讯财经K线成功 (167 条，包含目标日期 2026-06-16)
2026-06-17 10:20:31,128 [DEBUG]     💾 缓存已保存
2026-06-17 10:20:31,831 [DEBUG]     ✓ 腾讯财经K线成功 (162 条，包含目标日期 2026-06-16)
2026-06-17 10:20:31,846 [DEBUG]     💾 缓存已保存
2026-06-17 10:20:32,217 [DEBUG]     ✓ 腾讯财经K线成功 (167 条，包含目标日期 2026-06-16)
2026-06-17 10:20:32,230 [DEBUG]     💾 缓存已保存
2026-06-17 10:20:32,596 [DEBUG]     ✓ 腾讯财经K线成功 (167 条，包含目标日期 2026-06-16)
2026-06-17 10:20:32,609 [DEBUG]     💾 缓存已保存
2026-06-17 10:20:32,975 [DEBUG]     ✓ 腾讯财经K线成功 (166 条，包含目标日期 2026-06-16)
2026-06-17 10:20:32,993 [DEBUG]     💾 缓存已保存
2026-06-17 10:20:33,189 [DEBUG]     ✓ 腾讯财经K线成功 (166 条，包含目标日期 2026-06-16)
2026-06-17 10:20:33,205 [DEBUG]     💾 缓存已保存
2026-06-17 10:20:33,614 [DEBUG]     ✓ 腾讯财经K线成功 (166 条，包含目标日期 2026-06-16)
2026-06-17 10:20:33,628 [DEBUG]     💾 缓存已保存
2026-06-17 10:20:34,017 [DEBUG]     ✓ 腾讯财经K线成功 (166 条，包含目标日期 2026-06-16)
2026-06-17 10:20:34,031 [DEBUG]     💾 缓存已保存
2026-06-17 10:20:34,386 [DEBUG]     ✓ 腾讯财经K线成功 (166 条，包含目标日期 2026-06-16)
2026-06-17 10:20:34,403 [DEBUG]     💾 缓存已保存
2026-06-17 10:20:34,741 [DEBUG]     ✓ 腾讯财经K线成功 (158 条，包含目标日期 2026-06-16)
2026-06-17 10:20:34,755 [DEBUG]     💾 缓存已保存
2026-06-17 10:20:35,178 [DEBUG]     ✓ 腾讯财经K线成功 (167 条，包含目标日期 2026-06-16)
2026-06-17 10:20:35,190 [DEBUG]     💾 缓存已保存
2026-06-17 10:20:35,382 [DEBUG]     ✓ 腾讯财经K线成功 (167 条，包含目标日期 2026-06-16)
2026-06-17 10:20:35,404 [DEBUG]     💾 缓存已保存
2026-06-17 10:20:35,821 [DEBUG]     ✓ 腾讯财经K线成功 (167 条，包含目标日期 2026-06-16)
2026-06-17 10:20:35,833 [DEBUG]     💾 缓存已保存
2026-06-17 10:20:36,004 [DEBUG]     ✓ 腾讯财经K线成功 (167 条，包含目标日期 2026-06-16)
2026-06-17 10:20:36,021 [DEBUG]     💾 缓存已保存
2026-06-17 10:20:36,219 [DEBUG]     ✓ 腾讯财经K线成功 (166 条，包含目标日期 2026-06-16)
2026-06-17 10:20:36,230 [DEBUG]     💾 缓存已保存
2026-06-17 10:20:36,594 [DEBUG]     ✓ 腾讯财经K线成功 (166 条，包含目标日期 2026-06-16)
2026-06-17 10:20:36,609 [DEBUG]     💾 缓存已保存
2026-06-17 10:20:36,800 [DEBUG]     ✓ 腾讯财经K线成功 (167 条，包含目标日期 2026-06-16)
2026-06-17 10:20:36,811 [DEBUG]     💾 缓存已保存
2026-06-17 10:20:37,008 [DEBUG]     ✓ 腾讯财经K线成功 (165 条，包含目标日期 2026-06-16)
2026-06-17 10:20:37,019 [DEBUG]     💾 缓存已保存
2026-06-17 10:20:37,224 [DEBUG]     ✓ 腾讯财经K线成功 (167 条，包含目标日期 2026-06-16)
2026-06-17 10:20:37,240 [DEBUG]     💾 缓存已保存
2026-06-17 10:20:37,423 [DEBUG]     ✓ 腾讯财经K线成功 (167 条，包含目标日期 2026-06-16)
2026-06-17 10:20:37,435 [DEBUG]     💾 缓存已保存
2026-06-17 10:20:37,628 [DEBUG]     ✓ 腾讯财经K线成功 (166 条，包含目标日期 2026-06-16)
2026-06-17 10:20:37,645 [DEBUG]     💾 缓存已保存
2026-06-17 10:20:37,837 [DEBUG]     ✓ 腾讯财经K线成功 (166 条，包含目标日期 2026-06-16)
2026-06-17 10:20:37,850 [DEBUG]     💾 缓存已保存
2026-06-17 10:20:38,061 [DEBUG]     ✓ 腾讯财经K线成功 (166 条，包含目标日期 2026-06-16)
2026-06-17 10:20:38,075 [DEBUG]     💾 缓存已保存
2026-06-17 10:20:38,270 [DEBUG]     ✓ 腾讯财经K线成功 (167 条，包含目标日期 2026-06-16)
2026-06-17 10:20:38,283 [DEBUG]     💾 缓存已保存
2026-06-17 10:20:38,464 [DEBUG]     ✓ 腾讯财经K线成功 (164 条，包含目标日期 2026-06-16)
2026-06-17 10:20:38,476 [DEBUG]     💾 缓存已保存
2026-06-17 10:20:38,677 [DEBUG]     ✓ 腾讯财经K线成功 (167 条，包含目标日期 2026-06-16)
2026-06-17 10:20:38,691 [DEBUG]     💾 缓存已保存
2026-06-17 10:20:38,835 [DEBUG]     ✓ 腾讯财经K线成功 (81 条，包含目标日期 2026-06-16)
2026-06-17 10:20:38,845 [DEBUG]     💾 缓存已保存
2026-06-17 10:20:38,988 [DEBUG]     ✓ 从缓存加载 (166 条)
2026-06-17 10:20:38,996 [DEBUG]     💾 缓存已保存
2026-06-17 10:20:39,440 [DEBUG]     ✓ 腾讯财经K线成功 (166 条，包含目标日期 2026-06-16)
2026-06-17 10:20:39,456 [DEBUG]     💾 缓存已保存
2026-06-17 10:20:39,667 [DEBUG]     ✓ 腾讯财经K线成功 (165 条，包含目标日期 2026-06-16)
2026-06-17 10:20:39,682 [DEBUG]     💾 缓存已保存
2026-06-17 10:20:39,901 [DEBUG]     ✓ 腾讯财经K线成功 (166 条，包含目标日期 2026-06-16)
2026-06-17 10:20:39,914 [DEBUG]     💾 缓存已保存
2026-06-17 10:20:39,935 [DEBUG]     ✓ 从缓存加载 (165 条)
2026-06-17 10:20:39,942 [DEBUG]     💾 缓存已保存
2026-06-17 10:20:40,123 [DEBUG]     ✓ 腾讯财经K线成功 (167 条，包含目标日期 2026-06-16)
2026-06-17 10:20:40,134 [DEBUG]     💾 缓存已保存
2026-06-17 10:20:40,475 [DEBUG]     ✓ 腾讯财经K线成功 (166 条，包含目标日期 2026-06-16)
2026-06-17 10:20:40,494 [DEBUG]     💾 缓存已保存
2026-06-17 10:20:40,888 [DEBUG]     ✓ 腾讯财经K线成功 (167 条，包含目标日期 2026-06-16)
2026-06-17 10:20:40,907 [DEBUG]     💾 缓存已保存
2026-06-17 10:20:41,315 [DEBUG]     ✓ 腾讯财经K线成功 (167 条，包含目标日期 2026-06-16)
2026-06-17 10:20:41,326 [DEBUG]     💾 缓存已保存
2026-06-17 10:20:41,712 [DEBUG]     ✓ 腾讯财经K线成功 (167 条，包含目标日期 2026-06-16)
2026-06-17 10:20:41,724 [DEBUG]     💾 缓存已保存
2026-06-17 10:20:41,919 [DEBUG]     ✓ 腾讯财经K线成功 (166 条，包含目标日期 2026-06-16)
2026-06-17 10:20:41,932 [DEBUG]     💾 缓存已保存
2026-06-17 10:20:42,156 [DEBUG]     ✓ 腾讯财经K线成功 (166 条，包含目标日期 2026-06-16)
2026-06-17 10:20:42,170 [DEBUG]     💾 缓存已保存
2026-06-17 10:20:42,334 [DEBUG]     ✓ 腾讯财经K线成功 (167 条，包含目标日期 2026-06-16)
2026-06-17 10:20:42,350 [DEBUG]     💾 缓存已保存
2026-06-17 10:20:42,522 [DEBUG]     ✓ 腾讯财经K线成功 (166 条，包含目标日期 2026-06-16)
2026-06-17 10:20:42,537 [DEBUG]     💾 缓存已保存
2026-06-17 10:20:42,754 [DEBUG]     ✓ 腾讯财经K线成功 (165 条，包含目标日期 2026-06-16)
2026-06-17 10:20:42,767 [DEBUG]     💾 缓存已保存
2026-06-17 10:20:43,148 [DEBUG]     ✓ 腾讯财经K线成功 (165 条，包含目标日期 2026-06-16)
2026-06-17 10:20:43,166 [DEBUG]     💾 缓存已保存
2026-06-17 10:20:43,368 [DEBUG]     ✓ 腾讯财经K线成功 (167 条，包含目标日期 2026-06-16)
2026-06-17 10:20:43,380 [DEBUG]     💾 缓存已保存
2026-06-17 10:20:43,770 [DEBUG]     ✓ 腾讯财经K线成功 (167 条，包含目标日期 2026-06-16)
2026-06-17 10:20:43,784 [DEBUG]     💾 缓存已保存
2026-06-17 10:20:44,022 [DEBUG]     ✓ 腾讯财经K线成功 (166 条，包含目标日期 2026-06-16)
2026-06-17 10:20:44,035 [DEBUG]     💾 缓存已保存
2026-06-17 10:20:44,414 [DEBUG]     ✓ 腾讯财经K线成功 (167 条，包含目标日期 2026-06-16)
2026-06-17 10:20:44,433 [DEBUG]     💾 缓存已保存
2026-06-17 10:20:44,878 [DEBUG]     ✓ 腾讯财经K线成功 (166 条，包含目标日期 2026-06-16)
2026-06-17 10:20:44,897 [DEBUG]     💾 缓存已保存
2026-06-17 10:20:45,081 [DEBUG]     ✓ 腾讯财经K线成功 (167 条，包含目标日期 2026-06-16)
2026-06-17 10:20:45,093 [DEBUG]     💾 缓存已保存
2026-06-17 10:20:45,290 [DEBUG]     ✓ 腾讯财经K线成功 (166 条，包含目标日期 2026-06-16)
2026-06-17 10:20:45,305 [DEBUG]     💾 缓存已保存
2026-06-17 10:20:45,729 [DEBUG]     ✓ 腾讯财经K线成功 (166 条，包含目标日期 2026-06-16)
2026-06-17 10:20:45,742 [DEBUG]     💾 缓存已保存
2026-06-17 10:20:46,166 [DEBUG]     ✓ 腾讯财经K线成功 (167 条，包含目标日期 2026-06-16)
2026-06-17 10:20:46,181 [DEBUG]     💾 缓存已保存
2026-06-17 10:20:46,414 [DEBUG]     ✓ 腾讯财经K线成功 (166 条，包含目标日期 2026-06-16)
2026-06-17 10:20:46,426 [DEBUG]     💾 缓存已保存
2026-06-17 10:20:46,634 [DEBUG]     ✓ 腾讯财经K线成功 (166 条，包含目标日期 2026-06-16)
2026-06-17 10:20:46,648 [DEBUG]     💾 缓存已保存
2026-06-17 10:20:47,019 [DEBUG]     ✓ 腾讯财经K线成功 (165 条，包含目标日期 2026-06-16)
2026-06-17 10:20:47,031 [DEBUG]     💾 缓存已保存
2026-06-17 10:20:47,401 [DEBUG]     ✓ 腾讯财经K线成功 (166 条，包含目标日期 2026-06-16)
2026-06-17 10:20:47,416 [DEBUG]     💾 缓存已保存
2026-06-17 10:20:47,792 [DEBUG]     ✓ 腾讯财经K线成功 (167 条，包含目标日期 2026-06-16)
2026-06-17 10:20:47,808 [DEBUG]     💾 缓存已保存
2026-06-17 10:20:47,980 [DEBUG]     ✓ 腾讯财经K线成功 (166 条，包含目标日期 2026-06-16)
2026-06-17 10:20:47,996 [DEBUG]     💾 缓存已保存
2026-06-17 10:20:48,376 [DEBUG]     ✓ 腾讯财经K线成功 (166 条，包含目标日期 2026-06-16)
2026-06-17 10:20:48,390 [DEBUG]     💾 缓存已保存
2026-06-17 10:20:48,756 [DEBUG]     ✓ 腾讯财经K线成功 (167 条，包含目标日期 2026-06-16)
2026-06-17 10:20:48,766 [DEBUG]     💾 缓存已保存
2026-06-17 10:20:49,101 [DEBUG]     ✓ 腾讯财经K线成功 (167 条，包含目标日期 2026-06-16)
2026-06-17 10:20:49,114 [DEBUG]     💾 缓存已保存
2026-06-17 10:20:49,295 [DEBUG]     ✓ 腾讯财经K线成功 (165 条，包含目标日期 2026-06-16)
2026-06-17 10:20:49,311 [DEBUG]     💾 缓存已保存
2026-06-17 10:20:49,508 [DEBUG]     ✓ 腾讯财经K线成功 (166 条，包含目标日期 2026-06-16)
2026-06-17 10:20:49,522 [DEBUG]     💾 缓存已保存
2026-06-17 10:20:49,722 [DEBUG]     ✓ 腾讯财经K线成功 (166 条，包含目标日期 2026-06-16)
2026-06-17 10:20:49,738 [DEBUG]     💾 缓存已保存
2026-06-17 10:20:50,118 [DEBUG]     ✓ 腾讯财经K线成功 (167 条，包含目标日期 2026-06-16)
2026-06-17 10:20:50,129 [DEBUG]     💾 缓存已保存
2026-06-17 10:20:50,326 [DEBUG]     ✓ 腾讯财经K线成功 (166 条，包含目标日期 2026-06-16)
2026-06-17 10:20:50,339 [DEBUG]     💾 缓存已保存
2026-06-17 10:20:50,529 [DEBUG]     ✓ 腾讯财经K线成功 (163 条，包含目标日期 2026-06-16)
2026-06-17 10:20:50,541 [DEBUG]     💾 缓存已保存
2026-06-17 10:20:50,906 [DEBUG]     ✓ 腾讯财经K线成功 (166 条，包含目标日期 2026-06-16)
2026-06-17 10:20:50,916 [DEBUG]     💾 缓存已保存
2026-06-17 10:20:51,287 [DEBUG]     ✓ 腾讯财经K线成功 (166 条，包含目标日期 2026-06-16)
2026-06-17 10:20:51,305 [DEBUG]     💾 缓存已保存
2026-06-17 10:20:51,480 [DEBUG]     ✓ 腾讯财经K线成功 (167 条，包含目标日期 2026-06-16)
2026-06-17 10:20:51,496 [DEBUG]     💾 缓存已保存
2026-06-17 10:20:51,852 [DEBUG]     ✓ 腾讯财经K线成功 (166 条，包含目标日期 2026-06-16)
2026-06-17 10:20:51,870 [DEBUG]     💾 缓存已保存
2026-06-17 10:20:52,247 [DEBUG]     ✓ 腾讯财经K线成功 (167 条，包含目标日期 2026-06-16)
2026-06-17 10:20:52,265 [DEBUG]     💾 缓存已保存
2026-06-17 10:20:52,437 [DEBUG]     ✓ 腾讯财经K线成功 (167 条，包含目标日期 2026-06-16)
2026-06-17 10:20:52,453 [DEBUG]     💾 缓存已保存
2026-06-17 10:20:52,700 [DEBUG]     ✓ 腾讯财经K线成功 (166 条，包含目标日期 2026-06-16)
2026-06-17 10:20:52,716 [DEBUG]     💾 缓存已保存
2026-06-17 10:20:53,043 [DEBUG]     ✓ 腾讯财经K线成功 (166 条，包含目标日期 2026-06-16)
2026-06-17 10:20:53,060 [DEBUG]     💾 缓存已保存
2026-06-17 10:20:53,223 [DEBUG]     ✓ 腾讯财经K线成功 (167 条，包含目标日期 2026-06-16)
2026-06-17 10:20:53,235 [DEBUG]     💾 缓存已保存
2026-06-17 10:20:53,562 [DEBUG]     ✓ 腾讯财经K线成功 (167 条，包含目标日期 2026-06-16)
2026-06-17 10:20:53,574 [DEBUG]     💾 缓存已保存
2026-06-17 10:20:53,958 [DEBUG]     ✓ 腾讯财经K线成功 (167 条，包含目标日期 2026-06-16)
2026-06-17 10:20:53,971 [DEBUG]     💾 缓存已保存
2026-06-17 10:20:54,179 [DEBUG]     ✓ 腾讯财经K线成功 (167 条，包含目标日期 2026-06-16)
2026-06-17 10:20:54,193 [DEBUG]     💾 缓存已保存
2026-06-17 10:20:54,347 [DEBUG]     ✓ 腾讯财经K线成功 (167 条，包含目标日期 2026-06-16)
2026-06-17 10:20:54,366 [DEBUG]     💾 缓存已保存
2026-06-17 10:20:54,526 [DEBUG]     ✓ 腾讯财经K线成功 (166 条，包含目标日期 2026-06-16)
2026-06-17 10:20:54,542 [DEBUG]     💾 缓存已保存
2026-06-17 10:20:54,939 [DEBUG]     ✓ 腾讯财经K线成功 (166 条，包含目标日期 2026-06-16)
2026-06-17 10:20:54,955 [DEBUG]     💾 缓存已保存
2026-06-17 10:20:55,308 [DEBUG]     ✓ 腾讯财经K线成功 (167 条，包含目标日期 2026-06-16)
2026-06-17 10:20:55,324 [DEBUG]     💾 缓存已保存
2026-06-17 10:20:55,498 [DEBUG]     ✓ 腾讯财经K线成功 (167 条，包含目标日期 2026-06-16)
2026-06-17 10:20:55,511 [DEBUG]     💾 缓存已保存
2026-06-17 10:20:55,916 [DEBUG]     ✓ 腾讯财经K线成功 (167 条，包含目标日期 2026-06-16)
2026-06-17 10:20:55,928 [DEBUG]     💾 缓存已保存
2026-06-17 10:20:56,315 [DEBUG]     ✓ 腾讯财经K线成功 (165 条，包含目标日期 2026-06-16)
2026-06-17 10:20:56,330 [DEBUG]     💾 缓存已保存
2026-06-17 10:20:56,508 [DEBUG]     ✓ 腾讯财经K线成功 (167 条，包含目标日期 2026-06-16)
2026-06-17 10:20:56,519 [DEBUG]     💾 缓存已保存
2026-06-17 10:20:56,719 [DEBUG]     ✓ 腾讯财经K线成功 (167 条，包含目标日期 2026-06-16)
2026-06-17 10:20:56,732 [DEBUG]     💾 缓存已保存
2026-06-17 10:20:56,882 [DEBUG]     ✓ 腾讯财经K线成功 (166 条，包含目标日期 2026-06-16)
2026-06-17 10:20:56,895 [DEBUG]     💾 缓存已保存
2026-06-17 10:20:57,082 [DEBUG]     ✓ 腾讯财经K线成功 (166 条，包含目标日期 2026-06-16)
2026-06-17 10:20:57,095 [DEBUG]     💾 缓存已保存
2026-06-17 10:20:57,466 [DEBUG]     ✓ 腾讯财经K线成功 (166 条，包含目标日期 2026-06-16)
2026-06-17 10:20:57,479 [DEBUG]     💾 缓存已保存
2026-06-17 10:20:57,851 [DEBUG]     ✓ 腾讯财经K线成功 (167 条，包含目标日期 2026-06-16)
2026-06-17 10:20:57,863 [DEBUG]     💾 缓存已保存
2026-06-17 10:20:58,073 [DEBUG]     ✓ 腾讯财经K线成功 (166 条，包含目标日期 2026-06-16)
2026-06-17 10:20:58,084 [DEBUG]     💾 缓存已保存
2026-06-17 10:20:58,237 [DEBUG]     ✓ 腾讯财经K线成功 (166 条，包含目标日期 2026-06-16)
2026-06-17 10:20:58,252 [DEBUG]     💾 缓存已保存
2026-06-17 10:20:58,647 [DEBUG]     ✓ 腾讯财经K线成功 (166 条，包含目标日期 2026-06-16)
2026-06-17 10:20:58,662 [DEBUG]     💾 缓存已保存
2026-06-17 10:20:58,858 [DEBUG]     ✓ 腾讯财经K线成功 (167 条，包含目标日期 2026-06-16)
2026-06-17 10:20:58,873 [DEBUG]     💾 缓存已保存
2026-06-17 10:20:59,039 [DEBUG]     ✓ 腾讯财经K线成功 (167 条，包含目标日期 2026-06-16)
2026-06-17 10:20:59,055 [DEBUG]     💾 缓存已保存
2026-06-17 10:20:59,232 [DEBUG]     ✓ 腾讯财经K线成功 (167 条，包含目标日期 2026-06-16)
2026-06-17 10:20:59,248 [DEBUG]     💾 缓存已保存
2026-06-17 10:20:59,591 [DEBUG]     ✓ 腾讯财经K线成功 (166 条，包含目标日期 2026-06-16)
2026-06-17 10:20:59,603 [DEBUG]     💾 缓存已保存
2026-06-17 10:20:59,759 [DEBUG]     ✓ 腾讯财经K线成功 (167 条，包含目标日期 2026-06-16)
2026-06-17 10:20:59,773 [DEBUG]     💾 缓存已保存
2026-06-17 10:20:59,941 [DEBUG]     ✓ 腾讯财经K线成功 (167 条，包含目标日期 2026-06-16)
2026-06-17 10:20:59,955 [DEBUG]     💾 缓存已保存
2026-06-17 10:21:00,136 [DEBUG]     ✓ 腾讯财经K线成功 (167 条，包含目标日期 2026-06-16)
2026-06-17 10:21:00,148 [DEBUG]     💾 缓存已保存
2026-06-17 10:21:00,500 [DEBUG]     ✓ 腾讯财经K线成功 (165 条，包含目标日期 2026-06-16)
2026-06-17 10:21:00,515 [DEBUG]     💾 缓存已保存
2026-06-17 10:21:00,703 [DEBUG]     ✓ 腾讯财经K线成功 (167 条，包含目标日期 2026-06-16)
2026-06-17 10:21:00,715 [DEBUG]     💾 缓存已保存
2026-06-17 10:21:00,945 [DEBUG]     ✓ 腾讯财经K线成功 (165 条，包含目标日期 2026-06-16)
2026-06-17 10:21:00,961 [DEBUG]     💾 缓存已保存
2026-06-17 10:21:01,163 [DEBUG]     ✓ 腾讯财经K线成功 (165 条，包含目标日期 2026-06-16)
2026-06-17 10:21:01,175 [DEBUG]     💾 缓存已保存
2026-06-17 10:21:01,531 [DEBUG]     ✓ 腾讯财经K线成功 (167 条，包含目标日期 2026-06-16)
2026-06-17 10:21:01,546 [DEBUG]     💾 缓存已保存
2026-06-17 10:21:01,711 [DEBUG]     ✓ 腾讯财经K线成功 (166 条，包含目标日期 2026-06-16)
2026-06-17 10:21:01,722 [DEBUG]     💾 缓存已保存
2026-06-17 10:21:01,978 [DEBUG]     ✓ 腾讯财经K线成功 (167 条，包含目标日期 2026-06-16)
2026-06-17 10:21:01,988 [DEBUG]     💾 缓存已保存
2026-06-17 10:21:02,163 [DEBUG]     ✓ 腾讯财经K线成功 (166 条，包含目标日期 2026-06-16)
2026-06-17 10:21:02,182 [DEBUG]     💾 缓存已保存
2026-06-17 10:21:02,350 [DEBUG]     ✓ 腾讯财经K线成功 (166 条，包含目标日期 2026-06-16)
2026-06-17 10:21:02,361 [DEBUG]     💾 缓存已保存
2026-06-17 10:21:02,741 [DEBUG]     ✓ 腾讯财经K线成功 (166 条，包含目标日期 2026-06-16)
2026-06-17 10:21:02,758 [DEBUG]     💾 缓存已保存
2026-06-17 10:23:06,070 [DEBUG] ✓ 已加载本地保存的策略配置
2026-06-17 10:23:06,070 [DEBUG]    💡 提示：使用 --config 参数可重新配置策略
