
════════════════════ 【尾盘做T盈亏清算】 ════════════════════
💰 今日预估做T总净利润: 0.00 元

════════════════════ 【动作分类汇总】 ════════════════════
低吸 BUY_LOW=0次/0股 | 加仓 ADD_POS=0次/0股
高抛 SELL_HIGH=0次/0股 | 减仓 PANIC_SELL=0次/0股
════════════════════ 【ETF复盘小结】 ════════════════════
ETF 1票 | 有信号 1
科创半导体ETF华夏(588170) 0/0 | 0.90 | VWAP0.92 | -2.37%
════════════════════ 【普通股复盘小结】 ════════════════════
普通股 8票 | 有信号 8
科泰电源(300153) 0/0 | 19.26 | VWAP19.47 | -1.08%
中文在线(300364) 0/0 | 21.18 | VWAP21.21 | -0.16%
鼎龙股份(300054) 0/0 | 66.34 | VWAP67.05 | -1.06%
中国巨石(600176) 0/0 | 39.42 | VWAP40.27 | -2.10%
双良节能(600481) 0/0 | 3.73 | VWAP3.75 | -0.56%
五洲新春(603667) 0/0 | 53.45 | VWAP53.34 | +0.21%
华工科技(000988) 0/0 | 105.86 | VWAP107.28 | -1.32%
华工科技(000988_B) 0/0 | 105.86 | VWAP107.30 | -1.34%
════════════════════ 【误判因子排行】 ════════════════════
买点偏早: 暂无
卖点偏早: 暂无
漏买: 暂无
漏卖: 暂无
════════════════════ 【误判因子细分】 ════════════════════
买点偏早因子: 暂无
卖点偏早因子: 暂无
漏买因子: 暂无
漏卖因子: 暂无
════════════════════ 【四类动作误判因子】 ════════════════════
低吸 BUY_LOW 偏早: 暂无
低吸 BUY_LOW 未占优: 暂无
加仓 ADD_POS 偏早: 暂无
加仓 ADD_POS 未占优: 暂无
高抛 SELL_HIGH 偏早: 暂无
高抛 SELL_HIGH 未占优: 暂无
跳水 PANIC_SELL 偏早: 暂无
跳水 PANIC_SELL 未占优: 暂无
════════════════════ 【策略最高分复盘数据(喂给AI)】 ════════════════════
科泰电源(300153): 多=45 空=99 振=9.00% 偏=-1.08% 买=0/0 卖=0/0
中文在线(300364): 多=95 空=94 振=5.79% 偏=-0.16% 买=0/0 卖=0/0
鼎龙股份(300054): 多=101 空=77 振=12.04% 偏=-1.06% 买=0/0 卖=0/0
科创半导体ETF华夏(588170): 多=45 空=114 振=13.90% 偏=-2.37% 买=0/0 卖=0/0
中国巨石(600176): 多=72 空=89 振=15.42% 偏=-2.10% 买=0/0 卖=0/0
双良节能(600481): 多=45 空=101 振=9.67% 偏=-0.56% 买=0/0 卖=0/0
五洲新春(603667): 多=45 空=127 振=11.16% 偏=+0.21% 买=0/0 卖=0/0
华工科技(000988): 多=43 空=72 振=11.47% 偏=-1.32% 买=0/0 卖=0/0
华工科技(000988_B): 多=43 空=72 振=11.47% 偏=-1.34% 买=0/0 卖=0/0
════════════════════ 【复盘阅读顺序】 ════════════════════
1. sys日志 -> 2. data_quality -> 3. decision_trace
4. shadow_signals -> 5. signal_outcome -> 6. ai_review
════════════════════ 【信号结果追踪汇总】 ════════════════════
正确=0 | 买早=0 | 卖早=0 | 买验证中=0 | 卖验证中=0 | 待定=0
动作分布 BUY_LOW=0 | ADD_POS=0 | SELL_HIGH=0 | PANIC_SELL=0
5分钟胜率=0.0% (0/0) | 15分钟胜率=0.0% (0/0)
一眼摘要：最高频结果=correct(0) | 主要风险=无明显偏差(0) | 影子机会=0
════════════════════════════════════════════════════════════