
════════════════════ 【尾盘做T盈亏清算】 ════════════════════
💰 今日预估做T总净利润: 0.00 元

════════════════════ 【动作分类汇总】 ════════════════════
低吸 BUY_LOW=0次/0股 | 加仓 ADD_POS=0次/0股
高抛 SELL_HIGH=0次/0股 | 减仓 PANIC_SELL=0次/0股
════════════════════ 【ETF复盘小结】 ════════════════════
ETF 1票 | 有信号 1
科创半导体ETF华夏(588170) 0/0 | 3.50 | VWAP3.48 | +0.57%
════════════════════ 【普通股复盘小结】 ════════════════════
普通股 8票 | 有信号 8
特变电工(600089) 0/0 | 23.17 | VWAP23.13 | +0.16%
中国巨石(600176) 0/0 | 70.72 | VWAP70.43 | +0.41%
双良节能(600481) 0/0 | 4.40 | VWAP4.41 | -0.26%
五洲新春(603667) 0/0 | 64.06 | VWAP64.75 | -1.07%
华工科技(000988) 0/0 | 173.35 | VWAP172.39 | +0.56%
拓维信息(002261) 0/0 | 28.41 | VWAP28.48 | -0.24%
陕西斯瑞新材股份(688102) 0/0 | 40.35 | VWAP40.46 | -0.27%
英维克(002837) 0/0 | 86.78 | VWAP86.30 | +0.55%
════════════════════ 【误判因子排行】 ════════════════════
买点偏早: 暂无
卖点偏早: 暂无
漏买: 暂无
漏卖: 暂无
════════════════════ 【误判因子细分】 ════════════════════
买点偏早因子: 暂无
卖点偏早因子: 暂无
漏买因子: 暂无
漏卖因子: 暂无
════════════════════ 【四类动作误判因子】 ════════════════════
低吸 BUY_LOW 偏早: 暂无
低吸 BUY_LOW 未占优: 暂无
加仓 ADD_POS 偏早: 暂无
加仓 ADD_POS 未占优: 暂无
高抛 SELL_HIGH 偏早: 暂无
高抛 SELL_HIGH 未占优: 暂无
跳水 PANIC_SELL 偏早: 暂无
跳水 PANIC_SELL 未占优: 暂无
════════════════════ 【策略最高分复盘数据(喂给AI)】 ════════════════════
科创半导体ETF华夏(588170): 多=49 空=75 振=4.30% 偏=+0.57% 买=0/0 卖=0/0
特变电工(600089): 多=61 空=53 振=2.13% 偏=+0.16% 买=0/0 卖=0/0
中国巨石(600176): 多=51 空=61 振=7.87% 偏=+0.41% 买=0/0 卖=0/0
双良节能(600481): 多=92 空=37 振=6.00% 偏=-0.26% 买=0/0 卖=0/0
五洲新春(603667): 多=92 空=52 振=5.23% 偏=-1.07% 买=0/0 卖=0/0
华工科技(000988): 多=42 空=59 振=5.22% 偏=+0.56% 买=0/0 卖=0/0
拓维信息(002261): 多=79 空=43 振=3.92% 偏=-0.24% 买=0/0 卖=0/0
陕西斯瑞新材股份(688102): 多=91 空=59 振=7.25% 偏=-0.27% 买=0/0 卖=0/0
英维克(002837): 多=76 空=56 振=5.39% 偏=+0.55% 买=0/0 卖=0/0
════════════════════ 【复盘阅读顺序】 ════════════════════
1. sys日志 -> 2. data_quality -> 3. decision_trace
4. shadow_signals -> 5. signal_outcome -> 6. ai_review
════════════════════ 【信号结果追踪汇总】 ════════════════════
正确=0 | 买早=0 | 卖早=0 | 买验证中=0 | 卖验证中=0 | 待定=0
动作分布 BUY_LOW=0 | ADD_POS=0 | SELL_HIGH=0 | PANIC_SELL=0
5分钟胜率=0.0% (0/0) | 15分钟胜率=0.0% (0/0)
一眼摘要：最高频结果=correct(0) | 主要风险=无明显偏差(0) | 影子机会=0
════════════════════════════════════════════════════════════