
════════════════════ 【尾盘做T盈亏清算】 ════════════════════
💰 今日预估做T总净利润: 0.00 元

════════════════════ 【动作分类汇总】 ════════════════════
低吸 BUY_LOW=0次/0股 | 加仓 ADD_POS=0次/0股
高抛 SELL_HIGH=0次/0股 | 减仓 PANIC_SELL=0次/0股
════════════════════ 【ETF复盘小结】 ════════════════════
ETF 1票 | 有信号 1
科创半导体ETF华夏(588170) 0/0 | 1.12 | VWAP1.14 | -1.57%
════════════════════ 【普通股复盘小结】 ════════════════════
普通股 7票 | 有信号 7
科泰电源(300153) 0/0 | 21.46 | VWAP21.54 | -0.36%
中文在线(300364) 0/0 | 22.86 | VWAP22.98 | -0.54%
鼎龙股份(300054) 0/0 | 77.90 | VWAP78.84 | -1.20%
中国巨石(600176) 0/0 | 52.74 | VWAP53.75 | -1.88%
双良节能(600481) 0/0 | 4.14 | VWAP4.14 | -0.02%
五洲新春(603667) 0/0 | 59.30 | VWAP59.29 | +0.01%
华工科技(000988) 0/0 | 145.00 | VWAP149.67 | -3.12%
════════════════════ 【误判因子排行】 ════════════════════
买点偏早: 暂无
卖点偏早: 暂无
漏买: 暂无
漏卖: 暂无
════════════════════ 【误判因子细分】 ════════════════════
买点偏早因子: 暂无
卖点偏早因子: 暂无
漏买因子: 暂无
漏卖因子: 暂无
════════════════════ 【四类动作误判因子】 ════════════════════
低吸 BUY_LOW 偏早: 暂无
低吸 BUY_LOW 未占优: 暂无
加仓 ADD_POS 偏早: 暂无
加仓 ADD_POS 未占优: 暂无
高抛 SELL_HIGH 偏早: 暂无
高抛 SELL_HIGH 未占优: 暂无
跳水 PANIC_SELL 偏早: 暂无
跳水 PANIC_SELL 未占优: 暂无
════════════════════ 【策略最高分复盘数据(喂给AI)】 ════════════════════
科泰电源(300153): 多=128 空=116 振=3.52% 偏=-0.36% 买=0/0 卖=0/0
中文在线(300364): 多=139 空=131 振=5.10% 偏=-0.54% 买=0/0 卖=0/0
鼎龙股份(300054): 多=112 空=104 振=8.43% 偏=-1.20% 买=0/0 卖=0/0
科创半导体ETF华夏(588170): 多=139 空=93 振=9.82% 偏=-1.57% 买=0/0 卖=0/0
中国巨石(600176): 多=107 空=98 振=6.21% 偏=-1.88% 买=0/0 卖=0/0
双良节能(600481): 多=116 空=140 振=2.69% 偏=-0.02% 买=0/0 卖=0/0
五洲新春(603667): 多=102 空=81 振=4.98% 偏=+0.01% 买=0/0 卖=0/0
华工科技(000988): 多=124 空=105 振=6.46% 偏=-3.12% 买=0/0 卖=0/0
════════════════════ 【复盘阅读顺序】 ════════════════════
1. sys日志 -> 2. data_quality -> 3. decision_trace
4. shadow_signals -> 5. signal_outcome -> 6. ai_review
════════════════════ 【信号结果追踪汇总】 ════════════════════
正确=0 | 买早=0 | 卖早=0 | 买验证中=0 | 卖验证中=0 | 待定=0
动作分布 BUY_LOW=0 | ADD_POS=0 | SELL_HIGH=0 | PANIC_SELL=0
5分钟胜率=0.0% (0/0) | 15分钟胜率=0.0% (0/0)
一眼摘要：最高频结果=correct(0) | 主要风险=无明显偏差(0) | 影子机会=0
════════════════════════════════════════════════════════════