
════════════════════ 【尾盘做T盈亏清算】 ════════════════════
💰 今日预估做T总净利润: 0.00 元

════════════════════ 【动作分类汇总】 ════════════════════
低吸 BUY_LOW=0次/0股 | 加仓 ADD_POS=0次/0股
高抛 SELL_HIGH=0次/0股 | 减仓 PANIC_SELL=0次/0股
════════════════════ 【ETF复盘小结】 ════════════════════
ETF 1票 | 有信号 1
科创半导体ETF华夏(588170) 0/0 | 1.22 | VWAP1.20 | +1.75%
════════════════════ 【普通股复盘小结】 ════════════════════
普通股 7票 | 有信号 7
科泰电源(300153) 0/0 | 21.92 | VWAP21.54 | +1.78%
中文在线(300364) 0/0 | 22.82 | VWAP22.59 | +1.01%
双良节能(600481) 0/0 | 4.19 | VWAP4.13 | +1.35%
杉杉股份(600884) 0/0 | 12.16 | VWAP12.07 | +0.74%
五洲新春(603667) 0/0 | 59.11 | VWAP58.20 | +1.57%
华工科技(000988) 0/0 | 159.48 | VWAP154.45 | +3.26%
金风科技(002202) 0/0 | 19.16 | VWAP19.01 | +0.81%
════════════════════ 【误判因子排行】 ════════════════════
买点偏早: 暂无
卖点偏早: 暂无
漏买: 暂无
漏卖: 暂无
════════════════════ 【误判因子细分】 ════════════════════
买点偏早因子: 暂无
卖点偏早因子: 暂无
漏买因子: 暂无
漏卖因子: 暂无
════════════════════ 【四类动作误判因子】 ════════════════════
低吸 BUY_LOW 偏早: 暂无
低吸 BUY_LOW 未占优: 暂无
加仓 ADD_POS 偏早: 暂无
加仓 ADD_POS 未占优: 暂无
高抛 SELL_HIGH 偏早: 暂无
高抛 SELL_HIGH 未占优: 暂无
跳水 PANIC_SELL 偏早: 暂无
跳水 PANIC_SELL 未占优: 暂无
════════════════════ 【策略最高分复盘数据(喂给AI)】 ════════════════════
科泰电源(300153): 多=123 空=80 振=5.05% 偏=+1.78% 买=0/0 卖=0/0
中文在线(300364): 多=118 空=118 振=6.72% 偏=+1.01% 买=0/0 卖=0/0
科创半导体ETF华夏(588170): 多=119 空=98 振=9.21% 偏=+1.75% 买=0/0 卖=0/0
双良节能(600481): 多=96 空=153 振=3.45% 偏=+1.35% 买=0/0 卖=0/0
杉杉股份(600884): 多=74 空=168 振=3.30% 偏=+0.74% 买=0/0 卖=0/0
五洲新春(603667): 多=101 空=124 振=4.49% 偏=+1.57% 买=0/0 卖=0/0
华工科技(000988): 多=73 空=141 振=12.11% 偏=+3.26% 买=0/0 卖=0/0
金风科技(002202): 多=83 空=114 振=7.93% 偏=+0.81% 买=0/0 卖=0/0
════════════════════ 【复盘阅读顺序】 ════════════════════
1. sys日志 -> 2. data_quality -> 3. decision_trace
4. shadow_signals -> 5. signal_outcome -> 6. ai_review
════════════════════ 【信号结果追踪汇总】 ════════════════════
正确=0 | 买早=0 | 卖早=0 | 买验证中=0 | 卖验证中=0 | 待定=0
动作分布 BUY_LOW=0 | ADD_POS=0 | SELL_HIGH=0 | PANIC_SELL=0
5分钟胜率=0.0% (0/0) | 15分钟胜率=0.0% (0/0)
一眼摘要：最高频结果=correct(0) | 主要风险=无明显偏差(0) | 影子机会=0
════════════════════════════════════════════════════════════