
════════════════════ 【尾盘做T盈亏清算】 ════════════════════
💰 今日预估做T总净利润: 0.00 元

════════════════════ 【动作分类汇总】 ════════════════════
低吸 BUY_LOW=0次/0股 | 加仓 ADD_POS=0次/0股
高抛 SELL_HIGH=0次/0股 | 减仓 PANIC_SELL=0次/0股
════════════════════ 【ETF复盘小结】 ════════════════════
ETF 1票 | 有信号 1
科创半导体ETF华夏(588170) 0/0 | 1.22 | VWAP1.24 | -1.65%
════════════════════ 【普通股复盘小结】 ════════════════════
普通股 7票 | 有信号 7
科泰电源(300153) 0/0 | 21.89 | VWAP22.31 | -1.86%
中文在线(300364) 0/0 | 23.41 | VWAP23.45 | -0.17%
双良节能(600481) 0/0 | 4.21 | VWAP4.26 | -1.16%
五洲新春(603667) 0/0 | 59.05 | VWAP59.64 | -0.99%
华工科技(000988) 0/0 | 154.19 | VWAP157.21 | -1.92%
协鑫能科(002015) 0/0 | 14.05 | VWAP14.24 | -1.30%
金风科技(002202) 0/0 | 20.30 | VWAP20.46 | -0.76%
════════════════════ 【误判因子排行】 ════════════════════
买点偏早: 暂无
卖点偏早: 暂无
漏买: 暂无
漏卖: 暂无
════════════════════ 【误判因子细分】 ════════════════════
买点偏早因子: 暂无
卖点偏早因子: 暂无
漏买因子: 暂无
漏卖因子: 暂无
════════════════════ 【四类动作误判因子】 ════════════════════
低吸 BUY_LOW 偏早: 暂无
低吸 BUY_LOW 未占优: 暂无
加仓 ADD_POS 偏早: 暂无
加仓 ADD_POS 未占优: 暂无
高抛 SELL_HIGH 偏早: 暂无
高抛 SELL_HIGH 未占优: 暂无
跳水 PANIC_SELL 偏早: 暂无
跳水 PANIC_SELL 未占优: 暂无
════════════════════ 【策略最高分复盘数据(喂给AI)】 ════════════════════
科泰电源(300153): 多=127 空=106 振=11.32% 偏=-1.86% 买=0/0 卖=0/0
中文在线(300364): 多=107 空=130 振=6.69% 偏=-0.17% 买=0/0 卖=0/0
科创半导体ETF华夏(588170): 多=122 空=86 振=8.58% 偏=-1.65% 买=0/0 卖=0/0
双良节能(600481): 多=116 空=93 振=6.89% 偏=-1.16% 买=0/0 卖=0/0
五洲新春(603667): 多=150 空=133 振=3.95% 偏=-0.99% 买=0/0 卖=0/0
华工科技(000988): 多=125 空=122 振=6.36% 偏=-1.92% 买=0/0 卖=0/0
协鑫能科(002015): 多=111 空=117 振=6.34% 偏=-1.30% 买=0/0 卖=0/0
金风科技(002202): 多=143 空=97 振=7.52% 偏=-0.76% 买=0/0 卖=0/0
════════════════════ 【复盘阅读顺序】 ════════════════════
1. sys日志 -> 2. data_quality -> 3. decision_trace
4. shadow_signals -> 5. signal_outcome -> 6. ai_review
════════════════════ 【信号结果追踪汇总】 ════════════════════
正确=0 | 买早=0 | 卖早=0 | 买验证中=0 | 卖验证中=0 | 待定=0
动作分布 BUY_LOW=0 | ADD_POS=0 | SELL_HIGH=0 | PANIC_SELL=0
5分钟胜率=0.0% (0/0) | 15分钟胜率=0.0% (0/0)
一眼摘要：最高频结果=correct(0) | 主要风险=无明显偏差(0) | 影子机会=0
════════════════════════════════════════════════════════════