
════════════════════ 【尾盘做T盈亏清算】 ════════════════════
💰 今日预估做T总净利润: 0.00 元

════════════════════ 【动作分类汇总】 ════════════════════
低吸 BUY_LOW=0次/0股 | 加仓 ADD_POS=0次/0股
高抛 SELL_HIGH=0次/0股 | 减仓 PANIC_SELL=0次/0股
════════════════════ 【ETF复盘小结】 ════════════════════
ETF 1票 | 有信号 1
科创半导体ETF华夏(588170) 0/0 | 3.70 | VWAP3.84 | -3.65%
════════════════════ 【普通股复盘小结】 ════════════════════
普通股 10票 | 有信号 10
特变电工(600089) 0/0 | 21.83 | VWAP22.03 | -0.91%
中国巨石(600176) 0/0 | 67.71 | VWAP68.84 | -1.65%
双良节能(600481) 0/0 | 4.81 | VWAP4.88 | -1.47%
五洲新春(603667) 0/0 | 70.03 | VWAP71.13 | -1.55%
华工科技(000988) 0/0 | 156.20 | VWAP159.40 | -2.01%
拓维信息(002261) 0/0 | 29.99 | VWAP30.47 | -1.56%
摩恩电气(002451) 0/0 | 7.07 | VWAP7.18 | -1.55%
陕西斯瑞新材股份(688102) 0/0 | 46.20 | VWAP46.88 | -1.45%
赛微电子(300456) 0/0 | 42.73 | VWAP44.18 | -3.28%
江丰电子(300666) 0/0 | 343.00 | VWAP352.73 | -2.76%
════════════════════ 【误判因子排行】 ════════════════════
买点偏早: 暂无
卖点偏早: 暂无
漏买: 暂无
漏卖: 暂无
════════════════════ 【误判因子细分】 ════════════════════
买点偏早因子: 暂无
卖点偏早因子: 暂无
漏买因子: 暂无
漏卖因子: 暂无
════════════════════ 【四类动作误判因子】 ════════════════════
低吸 BUY_LOW 偏早: 暂无
低吸 BUY_LOW 未占优: 暂无
加仓 ADD_POS 偏早: 暂无
加仓 ADD_POS 未占优: 暂无
高抛 SELL_HIGH 偏早: 暂无
高抛 SELL_HIGH 未占优: 暂无
跳水 PANIC_SELL 偏早: 暂无
跳水 PANIC_SELL 未占优: 暂无
════════════════════ 【策略最高分复盘数据(喂给AI)】 ════════════════════
科创半导体ETF华夏(588170): 多=126 空=51 振=9.35% 偏=-3.65% 买=0/0 卖=0/0
特变电工(600089): 多=137 空=44 振=2.47% 偏=-0.91% 买=0/0 卖=0/0
中国巨石(600176): 多=72 空=54 振=13.32% 偏=-1.65% 买=0/0 卖=0/0
双良节能(600481): 多=138 空=44 振=4.99% 偏=-1.47% 买=0/0 卖=0/0
五洲新春(603667): 多=105 空=47 振=7.20% 偏=-1.55% 买=0/0 卖=0/0
华工科技(000988): 多=132 空=52 振=5.53% 偏=-2.01% 买=0/0 卖=0/0
拓维信息(002261): 多=87 空=34 振=11.46% 偏=-1.56% 买=0/0 卖=0/0
摩恩电气(002451): 多=132 空=61 振=3.54% 偏=-1.55% 买=0/0 卖=0/0
陕西斯瑞新材股份(688102): 多=138 空=47 振=5.32% 偏=-1.45% 买=0/0 卖=0/0
赛微电子(300456): 多=126 空=44 振=9.14% 偏=-3.28% 买=0/0 卖=0/0
江丰电子(300666): 多=128 空=50 振=8.30% 偏=-2.76% 买=0/0 卖=0/0
════════════════════ 【复盘阅读顺序】 ════════════════════
1. sys日志 -> 2. data_quality -> 3. decision_trace
4. shadow_signals -> 5. signal_outcome -> 6. ai_review
════════════════════ 【信号结果追踪汇总】 ════════════════════
正确=0 | 买早=0 | 卖早=0 | 买验证中=0 | 卖验证中=0 | 待定=0
动作分布 BUY_LOW=0 | ADD_POS=0 | SELL_HIGH=0 | PANIC_SELL=0
5分钟胜率=0.0% (0/0) | 15分钟胜率=0.0% (0/0)
一眼摘要：最高频结果=correct(0) | 主要风险=无明显偏差(0) | 影子机会=0
════════════════════════════════════════════════════════════