
════════════════════ 【尾盘做T盈亏清算】 ════════════════════
💰 今日预估做T总净利润: 0.00 元

════════════════════ 【动作分类汇总】 ════════════════════
低吸 BUY_LOW=0次/0股 | 加仓 ADD_POS=0次/0股
高抛 SELL_HIGH=0次/0股 | 减仓 PANIC_SELL=0次/0股
════════════════════ 【ETF复盘小结】 ════════════════════
ETF 1票 | 有信号 1
科创半导体ETF华夏(588170) 0/0 | 4.14 | VWAP4.04 | +2.29%
════════════════════ 【普通股复盘小结】 ════════════════════
普通股 9票 | 有信号 9
特变电工(600089) 0/0 | 22.48 | VWAP22.37 | +0.49%
中国巨石(600176) 0/0 | 73.06 | VWAP72.55 | +0.71%
双良节能(600481) 0/0 | 4.99 | VWAP4.95 | +0.83%
五洲新春(603667) 0/0 | 65.59 | VWAP64.70 | +1.37%
华工科技(000988) 0/0 | 184.39 | VWAP183.94 | +0.24%
拓维信息(002261) 0/0 | 28.05 | VWAP27.79 | +0.92%
飞龙股份(002536) 0/0 | 47.27 | VWAP47.18 | +0.19%
陕西斯瑞新材股份(688102) 0/0 | 46.95 | VWAP46.60 | +0.76%
英维克(002837) 0/0 | 79.56 | VWAP79.57 | -0.01%
════════════════════ 【误判因子排行】 ════════════════════
买点偏早: 暂无
卖点偏早: 暂无
漏买: 暂无
漏卖: 暂无
════════════════════ 【误判因子细分】 ════════════════════
买点偏早因子: 暂无
卖点偏早因子: 暂无
漏买因子: 暂无
漏卖因子: 暂无
════════════════════ 【四类动作误判因子】 ════════════════════
低吸 BUY_LOW 偏早: 暂无
低吸 BUY_LOW 未占优: 暂无
加仓 ADD_POS 偏早: 暂无
加仓 ADD_POS 未占优: 暂无
高抛 SELL_HIGH 偏早: 暂无
高抛 SELL_HIGH 未占优: 暂无
跳水 PANIC_SELL 偏早: 暂无
跳水 PANIC_SELL 未占优: 暂无
════════════════════ 【策略最高分复盘数据(喂给AI)】 ════════════════════
科创半导体ETF华夏(588170): 多=67 空=85 振=10.57% 偏=+2.29% 买=0/0 卖=0/0
特变电工(600089): 多=50 空=77 振=3.63% 偏=+0.49% 买=0/0 卖=0/0
中国巨石(600176): 多=99 空=78 振=12.82% 偏=+0.71% 买=0/0 卖=0/0
双良节能(600481): 多=59 空=78 振=4.38% 偏=+0.83% 买=0/0 卖=0/0
五洲新春(603667): 多=50 空=72 振=6.29% 偏=+1.37% 买=0/0 卖=0/0
华工科技(000988): 多=64 空=72 振=7.65% 偏=+0.24% 买=0/0 卖=0/0
拓维信息(002261): 多=60 空=67 振=4.31% 偏=+0.92% 买=0/0 卖=0/0
飞龙股份(002536): 多=131 空=74 振=10.66% 偏=+0.19% 买=0/0 卖=0/0
陕西斯瑞新材股份(688102): 多=98 空=64 振=5.50% 偏=+0.76% 买=0/0 卖=0/0
英维克(002837): 多=89 空=78 振=10.09% 偏=-0.01% 买=0/0 卖=0/0
════════════════════ 【复盘阅读顺序】 ════════════════════
1. sys日志 -> 2. data_quality -> 3. decision_trace
4. shadow_signals -> 5. signal_outcome -> 6. ai_review
════════════════════ 【信号结果追踪汇总】 ════════════════════
正确=0 | 买早=0 | 卖早=0 | 买验证中=0 | 卖验证中=0 | 待定=0
动作分布 BUY_LOW=0 | ADD_POS=0 | SELL_HIGH=0 | PANIC_SELL=0
5分钟胜率=0.0% (0/0) | 15分钟胜率=0.0% (0/0)
一眼摘要：最高频结果=correct(0) | 主要风险=无明显偏差(0) | 影子机会=0
════════════════════════════════════════════════════════════