
════════════════════ 【尾盘做T盈亏清算】 ════════════════════
💰 今日预估做T总净利润: 0.00 元

════════════════════ 【动作分类汇总】 ════════════════════
低吸 BUY_LOW=0次/0股 | 加仓 ADD_POS=0次/0股
高抛 SELL_HIGH=0次/0股 | 减仓 PANIC_SELL=0次/0股
════════════════════ 【ETF复盘小结】 ════════════════════
ETF 1票 | 有信号 1
科创半导体ETF华夏(588170) 0/0 | 1.19 | VWAP1.19 | -0.07%
════════════════════ 【普通股复盘小结】 ════════════════════
普通股 7票 | 有信号 7
特变电工(600089) 0/0 | 21.36 | VWAP21.43 | -0.33%
中国巨石(600176) 0/0 | 63.81 | VWAP64.45 | -1.00%
华工科技(000988) 0/0 | 149.78 | VWAP150.14 | -0.24%
拓维信息(002261) 0/0 | 30.04 | VWAP29.94 | +0.34%
陕西斯瑞新材股份(688102) 0/0 | 42.25 | VWAP43.81 | -3.56%
江丰电子(300666) 0/0 | 327.17 | VWAP326.65 | +0.16%
赛微电子(300456) 0/0 | 39.46 | VWAP39.88 | -1.05%
════════════════════ 【误判因子排行】 ════════════════════
买点偏早: 暂无
卖点偏早: 暂无
漏买: 暂无
漏卖: 暂无
════════════════════ 【误判因子细分】 ════════════════════
买点偏早因子: 暂无
卖点偏早因子: 暂无
漏买因子: 暂无
漏卖因子: 暂无
════════════════════ 【四类动作误判因子】 ════════════════════
低吸 BUY_LOW 偏早: 暂无
低吸 BUY_LOW 未占优: 暂无
加仓 ADD_POS 偏早: 暂无
加仓 ADD_POS 未占优: 暂无
高抛 SELL_HIGH 偏早: 暂无
高抛 SELL_HIGH 未占优: 暂无
跳水 PANIC_SELL 偏早: 暂无
跳水 PANIC_SELL 未占优: 暂无
════════════════════ 【策略最高分复盘数据(喂给AI)】 ════════════════════
科创半导体ETF华夏(588170): 多=96 空=116 振=6.96% 偏=-0.07% 买=0/0 卖=0/0
特变电工(600089): 多=100 空=102 振=3.15% 偏=-0.33% 买=0/0 卖=0/0
中国巨石(600176): 多=120 空=97 振=13.37% 偏=-1.00% 买=0/0 卖=0/0
华工科技(000988): 多=101 空=90 振=7.07% 偏=-0.24% 买=0/0 卖=0/0
拓维信息(002261): 多=65 空=129 振=5.20% 偏=+0.34% 买=0/0 卖=0/0
陕西斯瑞新材股份(688102): 多=122 空=91 振=18.46% 偏=-3.56% 买=0/0 卖=0/0
江丰电子(300666): 多=110 空=103 振=9.33% 偏=+0.16% 买=0/0 卖=0/0
赛微电子(300456): 多=115 空=100 振=6.95% 偏=-1.05% 买=0/0 卖=0/0
════════════════════ 【复盘阅读顺序】 ════════════════════
1. sys日志 -> 2. data_quality -> 3. decision_trace
4. shadow_signals -> 5. signal_outcome -> 6. ai_review
════════════════════ 【信号结果追踪汇总】 ════════════════════
正确=0 | 买早=0 | 卖早=0 | 买验证中=0 | 卖验证中=0 | 待定=0
动作分布 BUY_LOW=0 | ADD_POS=0 | SELL_HIGH=0 | PANIC_SELL=0
5分钟胜率=0.0% (0/0) | 15分钟胜率=0.0% (0/0)
一眼摘要：最高频结果=correct(0) | 主要风险=无明显偏差(0) | 影子机会=0
════════════════════════════════════════════════════════════