
════════════════════ 【尾盘做T盈亏清算】 ════════════════════
💰 今日预估做T总净利润: 0.00 元

════════════════════ 【动作分类汇总】 ════════════════════
低吸 BUY_LOW=0次/0股 | 加仓 ADD_POS=0次/0股
高抛 SELL_HIGH=0次/0股 | 减仓 PANIC_SELL=0次/0股
════════════════════ 【ETF复盘小结】 ════════════════════
ETF 1票 | 有信号 1
科创半导体ETF华夏(588170) 0/0 | 1.31 | VWAP1.36 | -4.21%
════════════════════ 【普通股复盘小结】 ════════════════════
普通股 6票 | 有信号 6
亨通光电(600487) 0/0 | 77.92 | VWAP80.65 | -3.39%
华工科技(000988) 0/0 | 158.98 | VWAP162.44 | -2.13%
拓维信息(002261) 0/0 | 32.14 | VWAP32.32 | -0.57%
赛微电子(300456) 0/0 | 41.02 | VWAP41.82 | -1.90%
长芯博创(300548) 0/0 | 222.12 | VWAP230.03 | -3.44%
江丰电子(300666) 0/0 | 346.50 | VWAP357.66 | -3.12%
════════════════════ 【误判因子排行】 ════════════════════
买点偏早: 暂无
卖点偏早: 暂无
漏买: 暂无
漏卖: 暂无
════════════════════ 【误判因子细分】 ════════════════════
买点偏早因子: 暂无
卖点偏早因子: 暂无
漏买因子: 暂无
漏卖因子: 暂无
════════════════════ 【四类动作误判因子】 ════════════════════
低吸 BUY_LOW 偏早: 暂无
低吸 BUY_LOW 未占优: 暂无
加仓 ADD_POS 偏早: 暂无
加仓 ADD_POS 未占优: 暂无
高抛 SELL_HIGH 偏早: 暂无
高抛 SELL_HIGH 未占优: 暂无
跳水 PANIC_SELL 偏早: 暂无
跳水 PANIC_SELL 未占优: 暂无
════════════════════ 【策略最高分复盘数据(喂给AI)】 ════════════════════
科创半导体ETF华夏(588170): 多=88 空=48 振=10.45% 偏=-4.21% 买=0/0 卖=0/0
亨通光电(600487): 多=113 空=68 振=11.10% 偏=-3.39% 买=0/0 卖=0/0
华工科技(000988): 多=116 空=73 振=6.98% 偏=-2.13% 买=0/0 卖=0/0
拓维信息(002261): 多=133 空=112 振=6.71% 偏=-0.57% 买=0/0 卖=0/0
赛微电子(300456): 多=129 空=62 振=12.33% 偏=-1.90% 买=0/0 卖=0/0
长芯博创(300548): 多=89 空=91 振=8.66% 偏=-3.44% 买=0/0 卖=0/0
江丰电子(300666): 多=100 空=41 振=12.11% 偏=-3.12% 买=0/0 卖=0/0
════════════════════ 【复盘阅读顺序】 ════════════════════
1. sys日志 -> 2. data_quality -> 3. decision_trace
4. shadow_signals -> 5. signal_outcome -> 6. ai_review
════════════════════ 【信号结果追踪汇总】 ════════════════════
正确=0 | 买早=0 | 卖早=0 | 买验证中=0 | 卖验证中=0 | 待定=0
动作分布 BUY_LOW=0 | ADD_POS=0 | SELL_HIGH=0 | PANIC_SELL=0
5分钟胜率=0.0% (0/0) | 15分钟胜率=0.0% (0/0)
一眼摘要：最高频结果=correct(0) | 主要风险=无明显偏差(0) | 影子机会=0
════════════════════════════════════════════════════════════