
════════════════════ 【尾盘做T盈亏清算】 ════════════════════
💰 今日预估做T总净利润: 0.00 元

════════════════════ 【动作分类汇总】 ════════════════════
低吸 BUY_LOW=0次/0股 | 加仓 ADD_POS=0次/0股
高抛 SELL_HIGH=0次/0股 | 减仓 PANIC_SELL=0次/0股
════════════════════ 【ETF复盘小结】 ════════════════════
ETF 1票 | 有信号 1
科创半导体ETF华夏(588170) 0/0 | 3.61 | VWAP3.64 | -0.89%
════════════════════ 【普通股复盘小结】 ════════════════════
普通股 9票 | 有信号 9
特变电工(600089) 0/0 | 22.02 | VWAP22.08 | -0.27%
双良节能(600481) 0/0 | 4.68 | VWAP4.70 | -0.44%
五洲新春(603667) 0/0 | 75.58 | VWAP75.06 | +0.69%
华工科技(000988) 0/0 | 154.44 | VWAP156.78 | -1.49%
拓维信息(002261) 0/0 | 29.05 | VWAP29.09 | -0.13%
摩恩电气(002451) 0/0 | 7.25 | VWAP7.24 | +0.20%
陕西斯瑞新材股份(688102) 0/0 | 48.70 | VWAP47.98 | +1.50%
江丰电子(300666) 0/0 | 333.43 | VWAP335.91 | -0.74%
赛微电子(300456) 0/0 | 40.69 | VWAP41.39 | -1.70%
════════════════════ 【误判因子排行】 ════════════════════
买点偏早: 暂无
卖点偏早: 暂无
漏买: 暂无
漏卖: 暂无
════════════════════ 【误判因子细分】 ════════════════════
买点偏早因子: 暂无
卖点偏早因子: 暂无
漏买因子: 暂无
漏卖因子: 暂无
════════════════════ 【四类动作误判因子】 ════════════════════
低吸 BUY_LOW 偏早: 暂无
低吸 BUY_LOW 未占优: 暂无
加仓 ADD_POS 偏早: 暂无
加仓 ADD_POS 未占优: 暂无
高抛 SELL_HIGH 偏早: 暂无
高抛 SELL_HIGH 未占优: 暂无
跳水 PANIC_SELL 偏早: 暂无
跳水 PANIC_SELL 未占优: 暂无
════════════════════ 【策略最高分复盘数据(喂给AI)】 ════════════════════
科创半导体ETF华夏(588170): 多=112 空=68 振=6.36% 偏=-0.89% 买=0/0 卖=0/0
特变电工(600089): 多=96 空=44 振=1.70% 偏=-0.27% 买=0/0 卖=0/0
双良节能(600481): 多=87 空=49 振=4.08% 偏=-0.44% 买=0/0 卖=0/0
五洲新春(603667): 多=91 空=87 振=11.72% 偏=+0.69% 买=0/0 卖=0/0
华工科技(000988): 多=118 空=79 振=6.48% 偏=-1.49% 买=0/0 卖=0/0
拓维信息(002261): 多=117 空=50 振=3.74% 偏=-0.13% 买=0/0 卖=0/0
摩恩电气(002451): 多=85 空=96 振=2.67% 偏=+0.20% 买=0/0 卖=0/0
陕西斯瑞新材股份(688102): 多=84 空=79 振=6.97% 偏=+1.50% 买=0/0 卖=0/0
江丰电子(300666): 多=85 空=74 振=8.27% 偏=-0.74% 买=0/0 卖=0/0
赛微电子(300456): 多=128 空=50 振=5.06% 偏=-1.70% 买=0/0 卖=0/0
════════════════════ 【复盘阅读顺序】 ════════════════════
1. sys日志 -> 2. data_quality -> 3. decision_trace
4. shadow_signals -> 5. signal_outcome -> 6. ai_review
════════════════════ 【信号结果追踪汇总】 ════════════════════
正确=0 | 买早=0 | 卖早=0 | 买验证中=0 | 卖验证中=0 | 待定=0
动作分布 BUY_LOW=0 | ADD_POS=0 | SELL_HIGH=0 | PANIC_SELL=0
5分钟胜率=0.0% (0/0) | 15分钟胜率=0.0% (0/0)
一眼摘要：最高频结果=correct(0) | 主要风险=无明显偏差(0) | 影子机会=0
════════════════════════════════════════════════════════════