
════════════════════ 【尾盘做T盈亏清算】 ════════════════════
💰 今日预估做T总净利润: 0.00 元

════════════════════ 【动作分类汇总】 ════════════════════
低吸 BUY_LOW=0次/0股 | 加仓 ADD_POS=0次/0股
高抛 SELL_HIGH=0次/0股 | 减仓 PANIC_SELL=0次/0股
════════════════════ 【ETF复盘小结】 ════════════════════
ETF 1票 | 有信号 1
科创半导体ETF华夏(588170) 0/0 | 1.27 | VWAP1.27 | +0.10%
════════════════════ 【普通股复盘小结】 ════════════════════
普通股 4票 | 有信号 4
特变电工(600089) 0/0 | 20.07 | VWAP20.36 | -1.41%
华工科技(000988) 0/0 | 147.89 | VWAP149.84 | -1.30%
拓维信息(002261) 0/0 | 30.56 | VWAP30.60 | -0.14%
江丰电子(300666) 0/0 | 334.09 | VWAP335.39 | -0.39%
════════════════════ 【误判因子排行】 ════════════════════
买点偏早: 暂无
卖点偏早: 暂无
漏买: 暂无
漏卖: 暂无
════════════════════ 【误判因子细分】 ════════════════════
买点偏早因子: 暂无
卖点偏早因子: 暂无
漏买因子: 暂无
漏卖因子: 暂无
════════════════════ 【四类动作误判因子】 ════════════════════
低吸 BUY_LOW 偏早: 暂无
低吸 BUY_LOW 未占优: 暂无
加仓 ADD_POS 偏早: 暂无
加仓 ADD_POS 未占优: 暂无
高抛 SELL_HIGH 偏早: 暂无
高抛 SELL_HIGH 未占优: 暂无
跳水 PANIC_SELL 偏早: 暂无
跳水 PANIC_SELL 未占优: 暂无
════════════════════ 【策略最高分复盘数据(喂给AI)】 ════════════════════
科创半导体ETF华夏(588170): 多=111 空=124 振=9.57% 偏=+0.10% 买=0/0 卖=0/0
特变电工(600089): 多=162 空=106 振=3.14% 偏=-1.41% 买=0/0 卖=0/0
华工科技(000988): 多=184 空=107 振=5.28% 偏=-1.30% 买=0/0 卖=0/0
拓维信息(002261): 多=97 空=121 振=6.76% 偏=-0.14% 买=0/0 卖=0/0
江丰电子(300666): 多=97 空=122 振=12.96% 偏=-0.39% 买=0/0 卖=0/0
════════════════════ 【复盘阅读顺序】 ════════════════════
1. sys日志 -> 2. data_quality -> 3. decision_trace
4. shadow_signals -> 5. signal_outcome -> 6. ai_review
════════════════════ 【信号结果追踪汇总】 ════════════════════
正确=0 | 买早=0 | 卖早=0 | 买验证中=0 | 卖验证中=0 | 待定=0
动作分布 BUY_LOW=0 | ADD_POS=0 | SELL_HIGH=0 | PANIC_SELL=0
5分钟胜率=0.0% (0/0) | 15分钟胜率=0.0% (0/0)
一眼摘要：最高频结果=correct(0) | 主要风险=无明显偏差(0) | 影子机会=0
════════════════════════════════════════════════════════════