
════════════════════ 【尾盘做T盈亏清算】 ════════════════════
💰 今日预估做T总净利润: 0.00 元

════════════════════ 【动作分类汇总】 ════════════════════
低吸 BUY_LOW=0次/0股 | 加仓 ADD_POS=0次/0股
高抛 SELL_HIGH=0次/0股 | 减仓 PANIC_SELL=0次/0股
════════════════════ 【ETF复盘小结】 ════════════════════
ETF 1票 | 有信号 1
科创半导体ETF华夏(588170) 0/0 | 3.97 | VWAP3.79 | +4.67%
════════════════════ 【普通股复盘小结】 ════════════════════
普通股 9票 | 有信号 9
特变电工(600089) 0/0 | 22.56 | VWAP22.53 | +0.12%
中国巨石(600176) 0/0 | 70.90 | VWAP69.32 | +2.28%
双良节能(600481) 0/0 | 4.90 | VWAP4.90 | +0.05%
五洲新春(603667) 0/0 | 61.24 | VWAP60.42 | +1.36%
华工科技(000988) 0/0 | 177.03 | VWAP175.39 | +0.94%
拓维信息(002261) 0/0 | 26.86 | VWAP26.83 | +0.10%
飞龙股份(002536) 0/0 | 44.68 | VWAP44.55 | +0.29%
陕西斯瑞新材股份(688102) 0/0 | 44.94 | VWAP44.27 | +1.52%
英维克(002837) 0/0 | 76.43 | VWAP76.86 | -0.56%
════════════════════ 【误判因子排行】 ════════════════════
买点偏早: 暂无
卖点偏早: 暂无
漏买: 暂无
漏卖: 暂无
════════════════════ 【误判因子细分】 ════════════════════
买点偏早因子: 暂无
卖点偏早因子: 暂无
漏买因子: 暂无
漏卖因子: 暂无
════════════════════ 【四类动作误判因子】 ════════════════════
低吸 BUY_LOW 偏早: 暂无
低吸 BUY_LOW 未占优: 暂无
加仓 ADD_POS 偏早: 暂无
加仓 ADD_POS 未占优: 暂无
高抛 SELL_HIGH 偏早: 暂无
高抛 SELL_HIGH 未占优: 暂无
跳水 PANIC_SELL 偏早: 暂无
跳水 PANIC_SELL 未占优: 暂无
════════════════════ 【策略最高分复盘数据(喂给AI)】 ════════════════════
科创半导体ETF华夏(588170): 多=31 空=85 振=9.82% 偏=+4.67% 买=0/0 卖=0/0
特变电工(600089): 多=37 空=59 振=3.63% 偏=+0.12% 买=0/0 卖=0/0
中国巨石(600176): 多=47 空=76 振=12.82% 偏=+2.28% 买=0/0 卖=0/0
双良节能(600481): 多=33 空=57 振=3.98% 偏=+0.05% 买=0/0 卖=0/0
五洲新春(603667): 多=40 空=72 振=5.81% 偏=+1.36% 买=0/0 卖=0/0
华工科技(000988): 多=20 空=63 振=4.07% 偏=+0.94% 买=0/0 卖=0/0
拓维信息(002261): 多=58 空=67 振=3.52% 偏=+0.10% 买=0/0 卖=0/0
飞龙股份(002536): 多=131 空=42 振=10.66% 偏=+0.29% 买=0/0 卖=0/0
陕西斯瑞新材股份(688102): 多=54 空=63 振=5.50% 偏=+1.52% 买=0/0 卖=0/0
英维克(002837): 多=89 空=30 振=10.09% 偏=-0.56% 买=0/0 卖=0/0
════════════════════ 【复盘阅读顺序】 ════════════════════
1. sys日志 -> 2. data_quality -> 3. decision_trace
4. shadow_signals -> 5. signal_outcome -> 6. ai_review
════════════════════ 【信号结果追踪汇总】 ════════════════════
正确=0 | 买早=0 | 卖早=0 | 买验证中=0 | 卖验证中=0 | 待定=0
动作分布 BUY_LOW=0 | ADD_POS=0 | SELL_HIGH=0 | PANIC_SELL=0
5分钟胜率=0.0% (0/0) | 15分钟胜率=0.0% (0/0)
一眼摘要：最高频结果=correct(0) | 主要风险=无明显偏差(0) | 影子机会=0
════════════════════════════════════════════════════════════