
════════════════════ 【尾盘做T盈亏清算】 ════════════════════
💰 今日预估做T总净利润: 0.00 元

════════════════════ 【动作分类汇总】 ════════════════════
低吸 BUY_LOW=0次/0股 | 加仓 ADD_POS=0次/0股
高抛 SELL_HIGH=0次/0股 | 减仓 PANIC_SELL=0次/0股
════════════════════ 【ETF复盘小结】 ════════════════════
ETF 1票 | 有信号 1
科创半导体ETF华夏(588170) 0/0 | 4.13 | VWAP4.20 | -1.59%
════════════════════ 【普通股复盘小结】 ════════════════════
普通股 10票 | 有信号 10
特变电工(600089) 0/0 | 22.24 | VWAP22.27 | -0.12%
中国巨石(600176) 0/0 | 70.24 | VWAP71.32 | -1.52%
双良节能(600481) 0/0 | 5.11 | VWAP5.00 | +2.17%
五洲新春(603667) 0/0 | 67.99 | VWAP68.50 | -0.75%
华工科技(000988) 0/0 | 173.98 | VWAP175.62 | -0.94%
拓维信息(002261) 0/0 | 28.45 | VWAP28.41 | +0.13%
摩恩电气(002451) 0/0 | 7.08 | VWAP7.12 | -0.58%
陕西斯瑞新材股份(688102) 0/0 | 47.89 | VWAP48.10 | -0.45%
英维克(002837) 0/0 | 74.52 | VWAP75.56 | -1.37%
长芯博创(300548) 0/0 | 251.00 | VWAP257.65 | -2.58%
════════════════════ 【误判因子排行】 ════════════════════
买点偏早: 暂无
卖点偏早: 暂无
漏买: 暂无
漏卖: 暂无
════════════════════ 【误判因子细分】 ════════════════════
买点偏早因子: 暂无
卖点偏早因子: 暂无
漏买因子: 暂无
漏卖因子: 暂无
════════════════════ 【四类动作误判因子】 ════════════════════
低吸 BUY_LOW 偏早: 暂无
低吸 BUY_LOW 未占优: 暂无
加仓 ADD_POS 偏早: 暂无
加仓 ADD_POS 未占优: 暂无
高抛 SELL_HIGH 偏早: 暂无
高抛 SELL_HIGH 未占优: 暂无
跳水 PANIC_SELL 偏早: 暂无
跳水 PANIC_SELL 未占优: 暂无
════════════════════ 【策略最高分复盘数据(喂给AI)】 ════════════════════
科创半导体ETF华夏(588170): 多=100 空=77 振=8.47% 偏=-1.59% 买=0/0 卖=0/0
特变电工(600089): 多=72 空=74 振=3.91% 偏=-0.12% 买=0/0 卖=0/0
中国巨石(600176): 多=106 空=72 振=7.81% 偏=-1.52% 买=0/0 卖=0/0
双良节能(600481): 多=40 空=64 振=6.89% 偏=+2.17% 买=0/0 卖=0/0
五洲新春(603667): 多=102 空=74 振=8.24% 偏=-0.75% 买=0/0 卖=0/0
华工科技(000988): 多=107 空=63 振=9.09% 偏=-0.94% 买=0/0 卖=0/0
拓维信息(002261): 多=78 空=57 振=2.85% 偏=+0.13% 买=0/0 卖=0/0
摩恩电气(002451): 多=78 空=61 振=3.74% 偏=-0.58% 买=0/0 卖=0/0
陕西斯瑞新材股份(688102): 多=99 空=53 振=6.37% 偏=-0.45% 买=0/0 卖=0/0
英维克(002837): 多=114 空=45 振=7.94% 偏=-1.37% 买=0/0 卖=0/0
长芯博创(300548): 多=111 空=33 振=12.22% 偏=-2.58% 买=0/0 卖=0/0
════════════════════ 【复盘阅读顺序】 ════════════════════
1. sys日志 -> 2. data_quality -> 3. decision_trace
4. shadow_signals -> 5. signal_outcome -> 6. ai_review
════════════════════ 【信号结果追踪汇总】 ════════════════════
正确=0 | 买早=0 | 卖早=0 | 买验证中=0 | 卖验证中=0 | 待定=0
动作分布 BUY_LOW=0 | ADD_POS=0 | SELL_HIGH=0 | PANIC_SELL=0
5分钟胜率=0.0% (0/0) | 15分钟胜率=0.0% (0/0)
一眼摘要：最高频结果=correct(0) | 主要风险=无明显偏差(0) | 影子机会=0
════════════════════════════════════════════════════════════