
════════════════════ 【尾盘做T盈亏清算】 ════════════════════
💰 今日预估做T总净利润: 0.00 元

════════════════════ 【动作分类汇总】 ════════════════════
低吸 BUY_LOW=0次/0股 | 加仓 ADD_POS=0次/0股
高抛 SELL_HIGH=0次/0股 | 减仓 PANIC_SELL=0次/0股
════════════════════ 【ETF复盘小结】 ════════════════════
ETF 1票 | 有信号 1
科创半导体ETF华夏(588170) 0/0 | 3.60 | VWAP3.59 | +0.34%
════════════════════ 【普通股复盘小结】 ════════════════════
普通股 8票 | 有信号 8
特变电工(600089) 0/0 | 22.48 | VWAP22.66 | -0.79%
中国巨石(600176) 0/0 | 74.04 | VWAP73.14 | +1.24%
双良节能(600481) 0/0 | 4.84 | VWAP4.84 | +0.05%
五洲新春(603667) 0/0 | 60.86 | VWAP61.61 | -1.22%
华工科技(000988) 0/0 | 160.99 | VWAP163.24 | -1.38%
拓维信息(002261) 0/0 | 26.91 | VWAP27.33 | -1.53%
陕西斯瑞新材股份(688102) 0/0 | 44.17 | VWAP44.14 | +0.08%
英维克(002837) 0/0 | 82.50 | VWAP82.89 | -0.47%
════════════════════ 【误判因子排行】 ════════════════════
买点偏早: 暂无
卖点偏早: 暂无
漏买: 暂无
漏卖: 暂无
════════════════════ 【误判因子细分】 ════════════════════
买点偏早因子: 暂无
卖点偏早因子: 暂无
漏买因子: 暂无
漏卖因子: 暂无
════════════════════ 【四类动作误判因子】 ════════════════════
低吸 BUY_LOW 偏早: 暂无
低吸 BUY_LOW 未占优: 暂无
加仓 ADD_POS 偏早: 暂无
加仓 ADD_POS 未占优: 暂无
高抛 SELL_HIGH 偏早: 暂无
高抛 SELL_HIGH 未占优: 暂无
跳水 PANIC_SELL 偏早: 暂无
跳水 PANIC_SELL 未占优: 暂无
════════════════════ 【策略最高分复盘数据(喂给AI)】 ════════════════════
科创半导体ETF华夏(588170): 多=78 空=80 振=6.70% 偏=+0.34% 买=0/0 卖=0/0
特变电工(600089): 多=74 空=47 振=5.03% 偏=-0.79% 买=0/0 卖=0/0
中国巨石(600176): 多=87 空=63 振=9.12% 偏=+1.24% 买=0/0 卖=0/0
双良节能(600481): 多=33 空=55 振=10.00% 偏=+0.05% 买=0/0 卖=0/0
五洲新春(603667): 多=86 空=47 振=5.98% 偏=-1.22% 买=0/0 卖=0/0
华工科技(000988): 多=91 空=48 振=6.87% 偏=-1.38% 买=0/0 卖=0/0
拓维信息(002261): 多=99 空=60 振=7.29% 偏=-1.53% 买=0/0 卖=0/0
陕西斯瑞新材股份(688102): 多=49 空=64 振=16.10% 偏=+0.08% 买=0/0 卖=0/0
英维克(002837): 多=83 空=57 振=5.40% 偏=-0.47% 买=0/0 卖=0/0
════════════════════ 【复盘阅读顺序】 ════════════════════
1. sys日志 -> 2. data_quality -> 3. decision_trace
4. shadow_signals -> 5. signal_outcome -> 6. ai_review
════════════════════ 【信号结果追踪汇总】 ════════════════════
正确=0 | 买早=0 | 卖早=0 | 买验证中=0 | 卖验证中=0 | 待定=0
动作分布 BUY_LOW=0 | ADD_POS=0 | SELL_HIGH=0 | PANIC_SELL=0
5分钟胜率=0.0% (0/0) | 15分钟胜率=0.0% (0/0)
一眼摘要：最高频结果=correct(0) | 主要风险=无明显偏差(0) | 影子机会=0
════════════════════════════════════════════════════════════