
════════════════════ 【尾盘做T盈亏清算】 ════════════════════
💰 今日预估做T总净利润: 0.00 元

════════════════════ 【动作分类汇总】 ════════════════════
低吸 BUY_LOW=0次/0股 | 加仓 ADD_POS=0次/0股
高抛 SELL_HIGH=0次/0股 | 减仓 PANIC_SELL=0次/0股
════════════════════ 【ETF复盘小结】 ════════════════════
ETF 1票 | 有信号 1
科创半导体ETF华夏(588170) 0/0 | 1.03 | VWAP1.07 | -3.64%
════════════════════ 【普通股复盘小结】 ════════════════════
普通股 7票 | 有信号 7
科泰电源(300153) 0/0 | 21.16 | VWAP21.32 | -0.75%
中文在线(300364) 0/0 | 23.28 | VWAP23.41 | -0.54%
鼎龙股份(300054) 0/0 | 72.10 | VWAP74.60 | -3.36%
中国巨石(600176) 0/0 | 47.70 | VWAP48.75 | -2.15%
双良节能(600481) 0/0 | 4.14 | VWAP4.16 | -0.36%
五洲新春(603667) 0/0 | 58.05 | VWAP58.97 | -1.55%
华工科技(000988) 0/0 | 130.69 | VWAP133.25 | -1.92%
════════════════════ 【误判因子排行】 ════════════════════
买点偏早: 暂无
卖点偏早: 暂无
漏买: 暂无
漏卖: 暂无
════════════════════ 【误判因子细分】 ════════════════════
买点偏早因子: 暂无
卖点偏早因子: 暂无
漏买因子: 暂无
漏卖因子: 暂无
════════════════════ 【四类动作误判因子】 ════════════════════
低吸 BUY_LOW 偏早: 暂无
低吸 BUY_LOW 未占优: 暂无
加仓 ADD_POS 偏早: 暂无
加仓 ADD_POS 未占优: 暂无
高抛 SELL_HIGH 偏早: 暂无
高抛 SELL_HIGH 未占优: 暂无
跳水 PANIC_SELL 偏早: 暂无
跳水 PANIC_SELL 未占优: 暂无
════════════════════ 【策略最高分复盘数据(喂给AI)】 ════════════════════
科泰电源(300153): 多=106 空=115 振=4.22% 偏=-0.75% 买=0/0 卖=0/0
中文在线(300364): 多=117 空=213 振=5.98% 偏=-0.54% 买=0/0 卖=0/0
鼎龙股份(300054): 多=98 空=148 振=8.58% 偏=-3.36% 买=0/0 卖=0/0
科创半导体ETF华夏(588170): 多=105 空=133 振=9.00% 偏=-3.64% 买=0/0 卖=0/0
中国巨石(600176): 多=96 空=72 振=8.41% 偏=-2.15% 买=0/0 卖=0/0
双良节能(600481): 多=77 空=173 振=2.69% 偏=-0.36% 买=0/0 卖=0/0
五洲新春(603667): 多=117 空=92 振=4.24% 偏=-1.55% 买=0/0 卖=0/0
华工科技(000988): 多=82 空=88 振=7.03% 偏=-1.92% 买=0/0 卖=0/0
════════════════════ 【复盘阅读顺序】 ════════════════════
1. sys日志 -> 2. data_quality -> 3. decision_trace
4. shadow_signals -> 5. signal_outcome -> 6. ai_review
════════════════════ 【信号结果追踪汇总】 ════════════════════
正确=0 | 买早=0 | 卖早=0 | 买验证中=0 | 卖验证中=0 | 待定=0
动作分布 BUY_LOW=0 | ADD_POS=0 | SELL_HIGH=0 | PANIC_SELL=0
5分钟胜率=0.0% (0/0) | 15分钟胜率=0.0% (0/0)
一眼摘要：最高频结果=correct(0) | 主要风险=无明显偏差(0) | 影子机会=0
════════════════════════════════════════════════════════════