08:25:34 [INFO] 早盘集合竞价结论：进攻
市场评分：60.7 / 100 | 偏向：neutral_to_positive | 风险：risk_off
竞价：强0 / 弱0 / 缺0 | 均分 10.0
策略结论：主做华工科技(000988)、亨通光电(600487) | 观察暂无 | 关注江丰电子(300666) | 回避暂无
1. 主做：华工科技(000988)、亨通光电(600487)、赛微电子(300456)
2. 观察：暂无
3. 关注：江丰电子(300666)
4. 回避：暂无
执行顺序：先1后2，再3，最后4
升级条件：若开盘后 5 分钟强主题延续、量能不掉，再优先跟主做组。
开盘后跟踪：开盘后 5 分钟看强主题承接，15 分钟看是否能站稳分时均线。
热门关注：安徽凤凰、纬达光电、万达轴承
08:25:35 [INFO] ✅ 集合竞价总览已推送飞书
08:25:36 [INFO] ✅ 集合竞价详细结果已推送飞书
08:25:38 [INFO] 🔔 已触发急促报警
08:25:38 [INFO] ========= 做T终极护城河防御版 (V1.19 弱势震荡修复版) 启动 =========
08:25:38 [INFO] 飞书推送: ✓ 已启用
08:25:38 [INFO] 飞书关键词: 做T猎手预警
08:25:38 [INFO] 飞书Webhook: https://open.feishu.cn/open-apis/bot/v2/hook/e8018470-e...
08:25:38 [INFO] ══════════════════════════════════════════════════════════════════════
08:25:38 [INFO] 【2026-06-12 加仓策略执行指南】
08:25:38 [INFO]   1️⃣ 中国巨石 600176 — ❌ 不追 (已涨5.62%, 资金不足)
08:25:38 [INFO]   2️⃣ 科创50ETF 588000 — ⚡ 分批加仓 (先加¥15,000)
08:25:38 [INFO]      └─ 第一批: ¥15,000 (约8,200份)
08:25:38 [INFO]      └─ 第二批: ¥15,000 (等待盘中回落)
08:25:38 [INFO]   3️⃣ 中信银行 601998 — ✅ 按计划加 (¥15,000, 约1,900股)
08:25:38 [INFO]   4️⃣ 特变电工 600089 — ⚡ 加仓 (¥25,000, 约1,090股)
08:25:38 [INFO] ══════════════════════════════════════════════════════════════════════
08:25:38 [INFO] 🔊 系统高级报警音效已成功【全自动挂载】！准备执行听声辨位！
08:25:38 [INFO] 🧹 清理过期分钟线缓存 5 个
08:25:38 [INFO] ✅ 启动自检飞书消息已成功送达
08:25:40 [INFO] 🔔 已触发急促报警
08:25:40 [INFO] ⏱ 采用顺序轮询模式：每轮扫描结束后再等待 15 秒（V1.8 确认型收敛）
08:25:40 [INFO] ⏸ 非交易时段，进入低频保活
08:35:40 [INFO] ⏸ 非交易时段，进入低频保活
08:45:40 [INFO] ⏸ 非交易时段，进入低频保活
08:55:40 [INFO] ⏸ 非交易时段，进入低频保活
09:05:40 [INFO] ⏸ 非交易时段，进入低频保活
09:15:47 [INFO] 早盘集合竞价结论：进攻
市场评分：70.0 / 100 | 偏向：neutral_to_positive | 风险：neutral
竞价：强0 / 弱0 / 缺7 | 均分 0.0
策略结论：主做华工科技(000988)、亨通光电(600487) | 观察暂无 | 关注江丰电子(300666) | 回避暂无
1. 主做：华工科技(000988)、亨通光电(600487)、赛微电子(300456)
2. 观察：暂无
3. 关注：江丰电子(300666)
4. 回避：暂无
执行顺序：先1后2，再3，最后4
升级条件：若开盘后 5 分钟强主题延续、量能不掉，再优先跟主做组。
开盘后跟踪：开盘后 5 分钟看强主题承接，15 分钟看是否能站稳分时均线。
热门关注：安徽凤凰、纬达光电、万达轴承
09:15:48 [INFO] ✅ 集合竞价监控已推送飞书
09:15:48 [INFO] 📡 盘前集合竞价监控已刷新
09:16:48 [INFO] 早盘集合竞价结论：进攻
市场评分：70.0 / 100 | 偏向：neutral_to_positive | 风险：neutral
竞价：强0 / 弱0 / 缺7 | 均分 0.0
策略结论：主做华工科技(000988)、亨通光电(600487) | 观察暂无 | 关注江丰电子(300666) | 回避暂无
1. 主做：华工科技(000988)、亨通光电(600487)、赛微电子(300456)
2. 观察：暂无
3. 关注：江丰电子(300666)
4. 回避：暂无
执行顺序：先1后2，再3，最后4
升级条件：若开盘后 5 分钟强主题延续、量能不掉，再优先跟主做组。
开盘后跟踪：开盘后 5 分钟看强主题承接，15 分钟看是否能站稳分时均线。
热门关注：安徽凤凰、纬达光电、万达轴承
09:17:44 [INFO] 早盘集合竞价结论：进攻
市场评分：70.0 / 100 | 偏向：neutral_to_positive | 风险：neutral
竞价：强0 / 弱0 / 缺7 | 均分 0.0
策略结论：主做华工科技(000988)、亨通光电(600487) | 观察暂无 | 关注江丰电子(300666) | 回避暂无
1. 主做：华工科技(000988)、亨通光电(600487)、赛微电子(300456)
2. 观察：暂无
3. 关注：江丰电子(300666)
4. 回避：暂无
执行顺序：先1后2，再3，最后4
升级条件：若开盘后 5 分钟强主题延续、量能不掉，再优先跟主做组。
开盘后跟踪：开盘后 5 分钟看强主题承接，15 分钟看是否能站稳分时均线。
热门关注：安徽凤凰、纬达光电、万达轴承
09:18:31 [INFO] 早盘集合竞价结论：进攻
市场评分：70.0 / 100 | 偏向：neutral_to_positive | 风险：neutral
竞价：强0 / 弱0 / 缺7 | 均分 0.0
策略结论：主做华工科技(000988)、亨通光电(600487) | 观察暂无 | 关注江丰电子(300666) | 回避暂无
1. 主做：华工科技(000988)、亨通光电(600487)、赛微电子(300456)
2. 观察：暂无
3. 关注：江丰电子(300666)
4. 回避：暂无
执行顺序：先1后2，再3，最后4
升级条件：若开盘后 5 分钟强主题延续、量能不掉，再优先跟主做组。
开盘后跟踪：开盘后 5 分钟看强主题承接，15 分钟看是否能站稳分时均线。
热门关注：安徽凤凰、纬达光电、万达轴承
09:18:32 [INFO] ✅ 集合竞价监控已推送飞书
09:18:32 [INFO] 📡 盘前集合竞价监控已刷新
09:19:17 [INFO] 早盘集合竞价结论：进攻
市场评分：70.0 / 100 | 偏向：neutral_to_positive | 风险：neutral
竞价：强0 / 弱0 / 缺7 | 均分 0.0
策略结论：主做华工科技(000988)、亨通光电(600487) | 观察暂无 | 关注江丰电子(300666) | 回避暂无
1. 主做：华工科技(000988)、亨通光电(600487)、赛微电子(300456)
2. 观察：暂无
3. 关注：江丰电子(300666)
4. 回避：暂无
执行顺序：先1后2，再3，最后4
升级条件：若开盘后 5 分钟强主题延续、量能不掉，再优先跟主做组。
开盘后跟踪：开盘后 5 分钟看强主题承接，15 分钟看是否能站稳分时均线。
热门关注：安徽凤凰、纬达光电、万达轴承
09:20:05 [INFO] 早盘集合竞价结论：进攻
市场评分：70.0 / 100 | 偏向：neutral_to_positive | 风险：neutral
竞价：强0 / 弱0 / 缺7 | 均分 0.0
策略结论：主做华工科技(000988)、亨通光电(600487) | 观察暂无 | 关注江丰电子(300666) | 回避暂无
1. 主做：华工科技(000988)、亨通光电(600487)、赛微电子(300456)
2. 观察：暂无
3. 关注：江丰电子(300666)
4. 回避：暂无
执行顺序：先1后2，再3，最后4
升级条件：若开盘后 5 分钟强主题延续、量能不掉，再优先跟主做组。
开盘后跟踪：开盘后 5 分钟看强主题承接，15 分钟看是否能站稳分时均线。
热门关注：安徽凤凰、纬达光电、万达轴承
09:20:48 [INFO] 早盘集合竞价结论：进攻
市场评分：70.0 / 100 | 偏向：neutral_to_positive | 风险：neutral
竞价：强0 / 弱0 / 缺7 | 均分 0.0
策略结论：主做华工科技(000988)、亨通光电(600487) | 观察暂无 | 关注江丰电子(300666) | 回避暂无
1. 主做：华工科技(000988)、亨通光电(600487)、赛微电子(300456)
2. 观察：暂无
3. 关注：江丰电子(300666)
4. 回避：暂无
执行顺序：先1后2，再3，最后4
升级条件：若开盘后 5 分钟强主题延续、量能不掉，再优先跟主做组。
开盘后跟踪：开盘后 5 分钟看强主题承接，15 分钟看是否能站稳分时均线。
热门关注：安徽凤凰、纬达光电、万达轴承
09:20:49 [INFO] ✅ 集合竞价监控已推送飞书
09:20:49 [INFO] 📡 盘前集合竞价监控已刷新
09:21:50 [INFO] 早盘集合竞价结论：进攻
市场评分：70.0 / 100 | 偏向：neutral_to_positive | 风险：neutral
竞价：强0 / 弱0 / 缺7 | 均分 0.0
策略结论：主做华工科技(000988)、亨通光电(600487) | 观察暂无 | 关注江丰电子(300666) | 回避暂无
1. 主做：华工科技(000988)、亨通光电(600487)、赛微电子(300456)
2. 观察：暂无
3. 关注：江丰电子(300666)
4. 回避：暂无
执行顺序：先1后2，再3，最后4
升级条件：若开盘后 5 分钟强主题延续、量能不掉，再优先跟主做组。
开盘后跟踪：开盘后 5 分钟看强主题承接，15 分钟看是否能站稳分时均线。
热门关注：安徽凤凰、纬达光电、万达轴承
09:22:35 [INFO] 早盘集合竞价结论：进攻
市场评分：70.0 / 100 | 偏向：neutral_to_positive | 风险：neutral
竞价：强0 / 弱0 / 缺7 | 均分 0.0
策略结论：主做华工科技(000988)、亨通光电(600487) | 观察暂无 | 关注江丰电子(300666) | 回避暂无
1. 主做：华工科技(000988)、亨通光电(600487)、赛微电子(300456)
2. 观察：暂无
3. 关注：江丰电子(300666)
4. 回避：暂无
执行顺序：先1后2，再3，最后4
升级条件：若开盘后 5 分钟强主题延续、量能不掉，再优先跟主做组。
开盘后跟踪：开盘后 5 分钟看强主题承接，15 分钟看是否能站稳分时均线。
热门关注：安徽凤凰、纬达光电、万达轴承
09:23:45 [INFO] 早盘集合竞价结论：进攻
市场评分：70.0 / 100 | 偏向：neutral_to_positive | 风险：neutral
竞价：强0 / 弱0 / 缺7 | 均分 0.0
策略结论：主做华工科技(000988)、亨通光电(600487) | 观察暂无 | 关注江丰电子(300666) | 回避暂无
1. 主做：华工科技(000988)、亨通光电(600487)、赛微电子(300456)
2. 观察：暂无
3. 关注：江丰电子(300666)
4. 回避：暂无
执行顺序：先1后2，再3，最后4
升级条件：若开盘后 5 分钟强主题延续、量能不掉，再优先跟主做组。
开盘后跟踪：开盘后 5 分钟看强主题承接，15 分钟看是否能站稳分时均线。
热门关注：安徽凤凰、纬达光电、万达轴承
09:23:46 [INFO] ✅ 集合竞价监控已推送飞书
09:23:46 [INFO] 📡 盘前集合竞价监控已刷新
09:24:46 [INFO] 早盘集合竞价结论：进攻
市场评分：70.0 / 100 | 偏向：neutral_to_positive | 风险：neutral
竞价：强0 / 弱0 / 缺7 | 均分 0.0
策略结论：主做华工科技(000988)、亨通光电(600487) | 观察暂无 | 关注江丰电子(300666) | 回避暂无
1. 主做：华工科技(000988)、亨通光电(600487)、赛微电子(300456)
2. 观察：暂无
3. 关注：江丰电子(300666)
4. 回避：暂无
执行顺序：先1后2，再3，最后4
升级条件：若开盘后 5 分钟强主题延续、量能不掉，再优先跟主做组。
开盘后跟踪：开盘后 5 分钟看强主题承接，15 分钟看是否能站稳分时均线。
热门关注：安徽凤凰、纬达光电、万达轴承
09:30:01 [INFO] 🫀 扫描心跳 第1轮开始
09:30:06 [INFO] 
📊 护城河防御面板 第1轮
──────────────────────────────────────────────────────────────────────
科创半导体ETF华夏(588170)    1.39      1.39    0.0%      多0/空0  无波待涨    
亨通光电(600487)       81.07     81.07    0.0%          -  数据预热    
华工科技(000988)      165.93    165.95    0.0%      多0/空0  无波待涨    
拓维信息(002261)       31.52     31.56    0.3%      多0/空0  无波待涨    
赛微电子(300456)       39.14     39.12    0.2%      多0/空0  无波待涨    
长芯博创(300548)      235.01    235.35    0.4%      多0/空0  无波待涨    
江丰电子(300666)      368.00    368.33    0.3%      多0/空0  无波待涨    
09:30:21 [INFO] 🫀 扫描心跳 第2轮开始
09:30:40 [INFO] 🫀 扫描心跳 第3轮开始
09:30:59 [INFO] 🫀 扫描心跳 第4轮开始
09:31:17 [INFO] 🫀 扫描心跳 第5轮开始
09:31:21 [INFO] 
📊 护城河防御面板 第5轮
──────────────────────────────────────────────────────────────────────
科创半导体ETF华夏(588170)    1.39      1.39    0.0%      多0/空0  无波待涨    
亨通光电(600487)       81.07     81.07    0.0%          -  数据预热    
华工科技(000988)      165.93    165.95    0.0%      多0/空0  无波待涨    
拓维信息(002261)       31.52     31.56    0.3%      多0/空0  无波待涨    
赛微电子(300456)       39.14     39.12    0.2%      多0/空0  无波待涨    
长芯博创(300548)      235.01    235.35    0.4%      多0/空0  无波待涨    
江丰电子(300666)      368.00    368.33    0.3%      多0/空0  无波待涨    
09:31:36 [INFO] 🫀 扫描心跳 第6轮开始
09:31:55 [INFO] 🫀 扫描心跳 第7轮开始
09:32:13 [INFO] 🫀 扫描心跳 第8轮开始
09:32:32 [INFO] 🫀 扫描心跳 第9轮开始
09:32:36 [INFO] 
📊 护城河防御面板 第9轮
──────────────────────────────────────────────────────────────────────
科创半导体ETF华夏(588170)    1.39      1.39    0.0%      多0/空0  无波待涨    
亨通光电(600487)       81.07     81.07    0.0%          -  数据预热    
华工科技(000988)      165.93    165.95    0.0%      多0/空0  无波待涨    
拓维信息(002261)       31.52     31.56    0.3%      多0/空0  无波待涨    
赛微电子(300456)       39.14     39.12    0.2%      多0/空0  无波待涨    
长芯博创(300548)      235.01    235.35    0.4%      多0/空0  无波待涨    
江丰电子(300666)      368.00    368.33    0.3%      多0/空0  无波待涨    
09:32:51 [INFO] 🫀 扫描心跳 第10轮开始
09:33:10 [INFO] 🫀 扫描心跳 第11轮开始
09:33:13 [WARNING] ⚠️  科创半导体ETF华夏(588170) 扫描异常: cannot access local variable 'is_strong_bullish_reversal' where it is not associated with a value
09:33:15 [WARNING] ⚠️  亨通光电(600487) 扫描异常: cannot access local variable 'is_strong_bullish_reversal' where it is not associated with a value
09:33:18 [WARNING] ⚠️  华工科技(000988) 扫描异常: cannot access local variable 'is_strong_bullish_reversal' where it is not associated with a value
09:33:21 [WARNING] ⚠️  拓维信息(002261) 扫描异常: cannot access local variable 'is_strong_bullish_reversal' where it is not associated with a value
09:33:24 [WARNING] ⚠️  赛微电子(300456) 扫描异常: cannot access local variable 'is_strong_bullish_reversal' where it is not associated with a value
09:33:26 [WARNING] ⚠️  长芯博创(300548) 扫描异常: cannot access local variable 'is_strong_bullish_reversal' where it is not associated with a value
09:33:29 [WARNING] ⚠️  江丰电子(300666) 扫描异常: cannot access local variable 'is_strong_bullish_reversal' where it is not associated with a value
09:33:44 [INFO] 🫀 扫描心跳 第12轮开始
09:33:47 [WARNING] ⚠️  科创半导体ETF华夏(588170) 扫描异常: cannot access local variable 'is_strong_bullish_reversal' where it is not associated with a value
09:33:49 [WARNING] ⚠️  亨通光电(600487) 扫描异常: cannot access local variable 'is_strong_bullish_reversal' where it is not associated with a value
09:33:52 [WARNING] ⚠️  华工科技(000988) 扫描异常: cannot access local variable 'is_strong_bullish_reversal' where it is not associated with a value
09:33:54 [WARNING] ⚠️  拓维信息(002261) 扫描异常: cannot access local variable 'is_strong_bullish_reversal' where it is not associated with a value
09:33:57 [WARNING] ⚠️  赛微电子(300456) 扫描异常: cannot access local variable 'is_strong_bullish_reversal' where it is not associated with a value
09:33:59 [WARNING] ⚠️  长芯博创(300548) 扫描异常: cannot access local variable 'is_strong_bullish_reversal' where it is not associated with a value
09:34:02 [WARNING] ⚠️  江丰电子(300666) 扫描异常: cannot access local variable 'is_strong_bullish_reversal' where it is not associated with a value
09:34:17 [INFO] 🫀 扫描心跳 第13轮开始
09:34:19 [WARNING] ⚠️  科创半导体ETF华夏(588170) 扫描异常: cannot access local variable 'is_strong_bullish_reversal' where it is not associated with a value
09:34:22 [WARNING] ⚠️  亨通光电(600487) 扫描异常: cannot access local variable 'is_strong_bullish_reversal' where it is not associated with a value
09:34:24 [WARNING] ⚠️  华工科技(000988) 扫描异常: cannot access local variable 'is_strong_bullish_reversal' where it is not associated with a value
09:34:26 [WARNING] ⚠️  拓维信息(002261) 扫描异常: cannot access local variable 'is_strong_bullish_reversal' where it is not associated with a value
09:34:29 [WARNING] ⚠️  赛微电子(300456) 扫描异常: cannot access local variable 'is_strong_bullish_reversal' where it is not associated with a value
09:34:31 [WARNING] ⚠️  长芯博创(300548) 扫描异常: cannot access local variable 'is_strong_bullish_reversal' where it is not associated with a value
09:34:34 [WARNING] ⚠️  江丰电子(300666) 扫描异常: cannot access local variable 'is_strong_bullish_reversal' where it is not associated with a value
09:34:34 [INFO] 
📊 护城河防御面板 第13轮
──────────────────────────────────────────────────────────────────────
09:34:49 [INFO] 🫀 扫描心跳 第14轮开始
09:34:51 [WARNING] ⚠️  科创半导体ETF华夏(588170) 扫描异常: cannot access local variable 'is_strong_bullish_reversal' where it is not associated with a value
09:34:53 [WARNING] ⚠️  亨通光电(600487) 扫描异常: cannot access local variable 'is_strong_bullish_reversal' where it is not associated with a value
09:34:56 [WARNING] ⚠️  华工科技(000988) 扫描异常: cannot access local variable 'is_strong_bullish_reversal' where it is not associated with a value
09:34:58 [WARNING] ⚠️  拓维信息(002261) 扫描异常: cannot access local variable 'is_strong_bullish_reversal' where it is not associated with a value
09:35:00 [WARNING] ⚠️  赛微电子(300456) 扫描异常: cannot access local variable 'is_strong_bullish_reversal' where it is not associated with a value
09:35:03 [WARNING] ⚠️  长芯博创(300548) 扫描异常: cannot access local variable 'is_strong_bullish_reversal' where it is not associated with a value
09:35:05 [WARNING] ⚠️  江丰电子(300666) 扫描异常: cannot access local variable 'is_strong_bullish_reversal' where it is not associated with a value
09:35:20 [INFO] 🫀 扫描心跳 第15轮开始
09:35:23 [WARNING] ⚠️  科创半导体ETF华夏(588170) 扫描异常: cannot access local variable 'is_strong_bullish_reversal' where it is not associated with a value
09:35:26 [WARNING] ⚠️  亨通光电(600487) 扫描异常: cannot access local variable 'is_strong_bullish_reversal' where it is not associated with a value
09:35:29 [WARNING] ⚠️  华工科技(000988) 扫描异常: cannot access local variable 'is_strong_bullish_reversal' where it is not associated with a value
09:35:31 [WARNING] ⚠️  拓维信息(002261) 扫描异常: cannot access local variable 'is_strong_bullish_reversal' where it is not associated with a value
09:35:33 [WARNING] ⚠️  赛微电子(300456) 扫描异常: cannot access local variable 'is_strong_bullish_reversal' where it is not associated with a value
09:35:36 [WARNING] ⚠️  长芯博创(300548) 扫描异常: cannot access local variable 'is_strong_bullish_reversal' where it is not associated with a value
09:35:39 [WARNING] ⚠️  江丰电子(300666) 扫描异常: cannot access local variable 'is_strong_bullish_reversal' where it is not associated with a value
09:35:54 [INFO] 🫀 扫描心跳 第16轮开始
09:35:57 [WARNING] ⚠️  科创半导体ETF华夏(588170) 扫描异常: cannot access local variable 'is_strong_bullish_reversal' where it is not associated with a value
09:36:00 [WARNING] ⚠️  亨通光电(600487) 扫描异常: cannot access local variable 'is_strong_bullish_reversal' where it is not associated with a value
09:36:03 [WARNING] ⚠️  华工科技(000988) 扫描异常: cannot access local variable 'is_strong_bullish_reversal' where it is not associated with a value
09:36:06 [WARNING] ⚠️  拓维信息(002261) 扫描异常: cannot access local variable 'is_strong_bullish_reversal' where it is not associated with a value
09:36:09 [WARNING] ⚠️  赛微电子(300456) 扫描异常: cannot access local variable 'is_strong_bullish_reversal' where it is not associated with a value
09:36:12 [WARNING] ⚠️  长芯博创(300548) 扫描异常: cannot access local variable 'is_strong_bullish_reversal' where it is not associated with a value
09:36:15 [WARNING] ⚠️  江丰电子(300666) 扫描异常: cannot access local variable 'is_strong_bullish_reversal' where it is not associated with a value
09:36:30 [INFO] 🫀 扫描心跳 第17轮开始
09:36:34 [WARNING] ⚠️  科创半导体ETF华夏(588170) 扫描异常: cannot access local variable 'is_strong_bullish_reversal' where it is not associated with a value
09:36:38 [WARNING] ⚠️  亨通光电(600487) 扫描异常: cannot access local variable 'is_strong_bullish_reversal' where it is not associated with a value
09:36:42 [WARNING] ⚠️  华工科技(000988) 扫描异常: cannot access local variable 'is_strong_bullish_reversal' where it is not associated with a value
09:36:46 [WARNING] ⚠️  拓维信息(002261) 扫描异常: cannot access local variable 'is_strong_bullish_reversal' where it is not associated with a value
09:36:51 [WARNING] ⚠️  赛微电子(300456) 扫描异常: cannot access local variable 'is_strong_bullish_reversal' where it is not associated with a value
09:36:54 [WARNING] ⚠️  长芯博创(300548) 扫描异常: cannot access local variable 'is_strong_bullish_reversal' where it is not associated with a value
09:36:57 [WARNING] ⚠️  江丰电子(300666) 扫描异常: cannot access local variable 'is_strong_bullish_reversal' where it is not associated with a value
09:36:57 [INFO] 
📊 护城河防御面板 第17轮
──────────────────────────────────────────────────────────────────────
09:37:12 [INFO] 🫀 扫描心跳 第18轮开始
09:37:15 [WARNING] ⚠️  科创半导体ETF华夏(588170) 扫描异常: cannot access local variable 'is_strong_bullish_reversal' where it is not associated with a value
09:37:18 [WARNING] ⚠️  亨通光电(600487) 扫描异常: cannot access local variable 'is_strong_bullish_reversal' where it is not associated with a value
09:37:21 [WARNING] ⚠️  华工科技(000988) 扫描异常: cannot access local variable 'is_strong_bullish_reversal' where it is not associated with a value
09:37:23 [WARNING] ⚠️  拓维信息(002261) 扫描异常: cannot access local variable 'is_strong_bullish_reversal' where it is not associated with a value
09:37:26 [WARNING] ⚠️  赛微电子(300456) 扫描异常: cannot access local variable 'is_strong_bullish_reversal' where it is not associated with a value
09:37:29 [WARNING] ⚠️  长芯博创(300548) 扫描异常: cannot access local variable 'is_strong_bullish_reversal' where it is not associated with a value
09:37:32 [WARNING] ⚠️  江丰电子(300666) 扫描异常: cannot access local variable 'is_strong_bullish_reversal' where it is not associated with a value
09:37:47 [INFO] 🫀 扫描心跳 第19轮开始
09:37:50 [WARNING] ⚠️  科创半导体ETF华夏(588170) 扫描异常: cannot access local variable 'is_strong_bullish_reversal' where it is not associated with a value
09:37:53 [WARNING] ⚠️  亨通光电(600487) 扫描异常: cannot access local variable 'is_strong_bullish_reversal' where it is not associated with a value
09:37:56 [WARNING] ⚠️  华工科技(000988) 扫描异常: cannot access local variable 'is_strong_bullish_reversal' where it is not associated with a value
09:37:58 [WARNING] ⚠️  拓维信息(002261) 扫描异常: cannot access local variable 'is_strong_bullish_reversal' where it is not associated with a value
09:38:01 [WARNING] ⚠️  赛微电子(300456) 扫描异常: cannot access local variable 'is_strong_bullish_reversal' where it is not associated with a value
09:38:04 [WARNING] ⚠️  长芯博创(300548) 扫描异常: cannot access local variable 'is_strong_bullish_reversal' where it is not associated with a value
09:38:06 [WARNING] ⚠️  江丰电子(300666) 扫描异常: cannot access local variable 'is_strong_bullish_reversal' where it is not associated with a value
09:38:21 [INFO] 🫀 扫描心跳 第20轮开始
09:38:22 [INFO] 已停止盯盘
09:39:09 [INFO] 早盘集合竞价结论：进攻
市场评分：60.7 / 100 | 偏向：neutral_to_positive | 风险：risk_off
竞价：强0 / 弱0 / 缺0 | 均分 10.0
策略结论：主做华工科技(000988)、亨通光电(600487) | 观察暂无 | 关注江丰电子(300666) | 回避暂无
1. 主做：华工科技(000988)、亨通光电(600487)、赛微电子(300456)
2. 观察：暂无
3. 关注：江丰电子(300666)
4. 回避：暂无
执行顺序：先1后2，再3，最后4
升级条件：若开盘后 5 分钟强主题延续、量能不掉，再优先跟主做组。
开盘后跟踪：开盘后 5 分钟看强主题承接，15 分钟看是否能站稳分时均线。
热门关注：安徽凤凰、纬达光电、万达轴承
09:39:10 [INFO] ✅ 集合竞价总览已推送飞书
09:39:11 [INFO] ✅ 集合竞价详细结果已推送飞书
09:39:13 [INFO] 🔔 已触发急促报警
09:39:13 [INFO] ========= 做T终极护城河防御版 (V1.19 弱势震荡修复版) 启动 =========
09:39:13 [INFO] 飞书推送: ✓ 已启用
09:39:13 [INFO] 飞书关键词: 做T猎手预警
09:39:13 [INFO] 飞书Webhook: https://open.feishu.cn/open-apis/bot/v2/hook/e8018470-e...
09:39:13 [INFO] ══════════════════════════════════════════════════════════════════════
09:39:13 [INFO] 【2026-06-12 加仓策略执行指南】
09:39:13 [INFO]   1️⃣ 中国巨石 600176 — ❌ 不追 (已涨5.62%, 资金不足)
09:39:13 [INFO]   2️⃣ 科创50ETF 588000 — ⚡ 分批加仓 (先加¥15,000)
09:39:13 [INFO]      └─ 第一批: ¥15,000 (约8,200份)
09:39:13 [INFO]      └─ 第二批: ¥15,000 (等待盘中回落)
09:39:13 [INFO]   3️⃣ 中信银行 601998 — ✅ 按计划加 (¥15,000, 约1,900股)
09:39:13 [INFO]   4️⃣ 特变电工 600089 — ⚡ 加仓 (¥25,000, 约1,090股)
09:39:13 [INFO] ══════════════════════════════════════════════════════════════════════
09:39:13 [INFO] 🔊 系统高级报警音效已成功【全自动挂载】！准备执行听声辨位！
09:39:15 [INFO] ✅ 启动自检飞书消息已成功送达
09:39:16 [INFO] 🔔 已触发急促报警
09:39:16 [INFO] ⏱ 采用顺序轮询模式：每轮扫描结束后再等待 15 秒（V1.8 确认型收敛）
09:39:16 [INFO] 🫀 扫描心跳 第1轮开始
09:39:37 [INFO] 
📊 护城河防御面板 第1轮
──────────────────────────────────────────────────────────────────────
科创半导体ETF华夏(588170)    1.42      1.41    2.2%    多20/空-5  停手:买卖都不够强
亨通光电(600487)       83.37     83.33    4.3%    多11/空35  弱机会     
华工科技(000988)      167.00    166.73    0.9%    多15/空-8  停手:日内波动过低
拓维信息(002261)       31.16     31.09    2.5%    多-1/空28  停手:买卖都不够强
赛微电子(300456)       41.56     41.11    7.2%   多-15/空10  停手:买卖都不够强
长芯博创(300548)      240.36    239.62    2.1%    多15/空14  停手:买卖都不够强
江丰电子(300666)      378.98    373.86    3.5%   多-15/空23  停手:买卖都不够强
09:39:52 [INFO] 🫀 扫描心跳 第2轮开始
09:39:58 [INFO] 📉 600487 卖出信号得分67分，低于10:00前阈值75分，静默处理（不推送飞书）
09:40:28 [INFO] 🫀 扫描心跳 第3轮开始
09:41:03 [INFO] 🫀 扫描心跳 第4轮开始
09:41:38 [INFO] 🫀 扫描心跳 第5轮开始
09:41:57 [INFO] 
📊 护城河防御面板 第5轮
──────────────────────────────────────────────────────────────────────
科创半导体ETF华夏(588170)    1.44      1.42    3.4%   多-10/空26  停手:买卖都不够强
亨通光电(600487)       84.15     83.68    4.3%   多-15/空67  强可T     
华工科技(000988)      168.70    167.46    1.7%  多-18/空-22  停手:买卖都不够强
拓维信息(002261)       31.36     31.20    2.5%   多-20/空40  弱机会     
赛微电子(300456)       41.98     41.67    7.9%   多-19/空-8  停手:买卖都不够强
长芯博创(300548)      238.70    239.27    2.1%     多5/空17  停手:买卖都不够强
江丰电子(300666)      384.66    378.25    5.1%   多-18/空23  停手:买卖都不够强
09:42:12 [INFO] 🫀 扫描心跳 第6轮开始
09:42:47 [INFO] 🫀 扫描心跳 第7轮开始
09:43:21 [INFO] 🫀 扫描心跳 第8轮开始
09:43:57 [INFO] 🫀 扫描心跳 第9轮开始
09:44:17 [INFO] 
📊 护城河防御面板 第9轮
──────────────────────────────────────────────────────────────────────
科创半导体ETF华夏(588170)    1.43      1.42    3.4%    多16/空-5  停手:买卖都不够强
亨通光电(600487)       84.20     83.90    4.4%    多10/空43  停手:高位但无明确优势
华工科技(000988)      167.81    167.75    1.8%    多10/空-8  停手:买卖都不够强
拓维信息(002261)       31.52     31.32    2.5%   多-18/空41  停手:高位但无明确优势
赛微电子(300456)       42.22     41.83    8.1%   多-20/空35  停手:买卖都不够强
长芯博创(300548)      237.13    238.89    2.1%    多-5/空11  停手:买卖都不够强
江丰电子(300666)      379.29    378.75    5.1%    多10/空-8  停手:买卖都不够强
09:44:32 [INFO] 🫀 扫描心跳 第10轮开始
09:45:07 [INFO] 🫀 扫描心跳 第11轮开始
09:45:40 [INFO] 🫀 扫描心跳 第12轮开始
09:46:15 [INFO] 🫀 扫描心跳 第13轮开始
09:46:35 [INFO] 
📊 护城河防御面板 第13轮
──────────────────────────────────────────────────────────────────────
科创半导体ETF华夏(588170)    1.43      1.42    3.4%    多16/空-5  停手:买卖都不够强
亨通光电(600487)       84.20     83.90    4.4%    多10/空28  停手:买卖都不够强
华工科技(000988)      167.81    167.75    1.8%    多10/空-8  停手:买卖都不够强
拓维信息(002261)       31.52     31.32    2.5%   多-18/空41  停手:高位但无明确优势
赛微电子(300456)       42.22     41.83    8.1%   多-20/空35  停手:买卖都不够强
长芯博创(300548)      237.13    238.89    2.1%    多-5/空11  停手:买卖都不够强
江丰电子(300666)      379.29    378.75    5.1%    多10/空-8  停手:买卖都不够强
09:46:50 [INFO] 🫀 扫描心跳 第14轮开始
09:47:25 [INFO] 🫀 扫描心跳 第15轮开始
09:48:00 [INFO] 🫀 扫描心跳 第16轮开始
09:48:34 [INFO] 🫀 扫描心跳 第17轮开始
09:48:54 [INFO] 
📊 护城河防御面板 第17轮
──────────────────────────────────────────────────────────────────────
科创半导体ETF华夏(588170)    1.42      1.42    3.4%    多51/空-5  停手:价格低于均价，14:30前禁止买入
亨通光电(600487)       84.45     84.09    5.3%   多10/空-16  停手:买卖都不够强
华工科技(000988)      166.49    167.56    1.8%    多-2/空-8  停手:买卖都不够强
拓维信息(002261)       31.85     31.43    3.3%   多-18/空39  停手:买卖都不够强
赛微电子(300456)       42.84     42.17    9.6%   多-20/空35  停手:买卖都不够强
长芯博创(300548)      236.58    238.23    2.1%     多2/空11  停手:买卖都不够强
江丰电子(300666)      376.30    378.11    5.1%    多-4/空-8  停手:买卖都不够强
09:49:09 [INFO] 🫀 扫描心跳 第18轮开始
09:49:43 [INFO] 🫀 扫描心跳 第19轮开始
09:50:18 [INFO] 🫀 扫描心跳 第20轮开始
09:50:30 [INFO] 📊 动态份数 002261: 状态=normal 信号强度91/阈值50, 建议交易300股/份 (33%)
09:50:31 [INFO] ✅ 飞书消息已成功送达: 拓维信息(002261) SELL_HIGH - 加急通知已发送
09:50:33 [INFO] 🔔 已触发急促报警
09:50:57 [INFO] 🫀 扫描心跳 第21轮开始
09:51:14 [INFO] 
📊 护城河防御面板 第21轮
──────────────────────────────────────────────────────────────────────
科创半导体ETF华夏(588170)    1.42      1.42    3.4%    多15/空-5  停手:买卖都不够强
亨通光电(600487)       85.24     84.36    5.6%   多-20/空35  停手:买卖都不够强
华工科技(000988)      167.96    167.56    1.8%    多0/空-48  停手:买卖都不够强
拓维信息(002261)       31.97     31.56    3.8%  多-18/空106  强可T     
赛微电子(300456)       43.80     42.68   12.3%   多-20/空35  停手:买卖都不够强
长芯博创(300548)      238.40    238.25    2.1%    多0/空-45  停手:买卖都不够强
江丰电子(300666)      378.00    378.22    5.1%    多16/空-8  停手:买卖都不够强
09:51:29 [INFO] 🫀 扫描心跳 第22轮开始
09:52:00 [INFO] 🫀 扫描心跳 第23轮开始
09:52:32 [INFO] 🫀 扫描心跳 第24轮开始
09:53:05 [INFO] 🫀 扫描心跳 第25轮开始
09:53:22 [INFO] 
📊 护城河防御面板 第25轮
──────────────────────────────────────────────────────────────────────
科创半导体ETF华夏(588170)    1.42      1.42    3.4%    多15/空-5  停手:买卖都不够强
亨通光电(600487)       85.24     84.36    5.6%   多-20/空35  停手:买卖都不够强
华工科技(000988)      167.96    167.56    1.8%    多0/空-48  停手:买卖都不够强
拓维信息(002261)       31.97     31.56    3.8%   多-18/空91  强可T     
赛微电子(300456)       43.80     42.68   12.3%   多-20/空35  停手:买卖都不够强
长芯博创(300548)      238.40    238.25    2.1%    多0/空-45  停手:买卖都不够强
江丰电子(300666)      378.00    378.22    5.1%    多16/空-8  停手:买卖都不够强
09:53:37 [INFO] 🫀 扫描心跳 第26轮开始
09:54:11 [INFO] 🫀 扫描心跳 第27轮开始
09:54:43 [INFO] 🫀 扫描心跳 第28轮开始
09:55:15 [INFO] 🫀 扫描心跳 第29轮开始
09:55:34 [INFO] 
📊 护城河防御面板 第29轮
──────────────────────────────────────────────────────────────────────
科创半导体ETF华夏(588170)    1.43      1.42    3.4%     多4/空-5  停手:买卖都不够强
亨通光电(600487)       85.88     84.63    6.3%   多-18/空23  停手:买卖都不够强
华工科技(000988)      168.25    167.70    1.8%   多-18/空-8  停手:买卖都不够强
拓维信息(002261)       32.20     31.69    4.9%   多-18/空66  强可T     
赛微电子(300456)       43.43     42.87   12.3%   多-20/空22  停手:买卖都不够强
长芯博创(300548)      239.01    238.41    2.1%    多-18/空7  停手:买卖都不够强
江丰电子(300666)      380.60    378.83    5.1%   多-20/空-8  停手:买卖都不够强
09:55:49 [INFO] 🫀 扫描心跳 第30轮开始
09:56:22 [INFO] 🫀 扫描心跳 第31轮开始
09:56:54 [INFO] 🫀 扫描心跳 第32轮开始
09:57:28 [INFO] 🫀 扫描心跳 第33轮开始
09:57:46 [INFO] 
📊 护城河防御面板 第33轮
──────────────────────────────────────────────────────────────────────
科创半导体ETF华夏(588170)    1.42      1.42    3.4%    多32/空-5  停手:价格低于均价，14:30前禁止买入
亨通光电(600487)       85.35     84.82    6.9%  多-20/空-16  停手:买卖都不够强
华工科技(000988)      167.65    167.74    1.8%    多10/空-8  停手:买卖都不够强
拓维信息(002261)       32.14     31.82    5.0%   多-20/空73  强可T     
赛微电子(300456)       43.20     42.98   12.3%   多-10/空-8  停手:买卖都不够强
长芯博创(300548)      240.70    238.85    2.2%   多-18/空33  停手:买卖都不够强
江丰电子(300666)      376.96    378.86    5.1%    多-4/空-3  停手:买卖都不够强
09:58:01 [INFO] 🫀 扫描心跳 第34轮开始
09:58:33 [INFO] 🫀 扫描心跳 第35轮开始
09:59:06 [INFO] 🫀 扫描心跳 第36轮开始
09:59:44 [INFO] 🫀 扫描心跳 第37轮开始
10:00:02 [INFO] 
📊 护城河防御面板 第37轮
──────────────────────────────────────────────────────────────────────
科创半导体ETF华夏(588170)    1.42      1.42    3.4%    多32/空-5  停手:价格低于均价，14:30前禁止买入
亨通光电(600487)       85.35     84.82    6.9%  多-20/空-16  停手:买卖都不够强
华工科技(000988)      167.65    167.74    1.8%    多10/空-8  停手:买卖都不够强
拓维信息(002261)       32.14     31.82    5.0%   多-20/空73  强可T     
赛微电子(300456)       43.20     42.98   12.3%   多-10/空-8  停手:买卖都不够强
长芯博创(300548)      240.70    238.85    2.2%   多-18/空33  停手:买卖都不够强
江丰电子(300666)      376.96    378.86    5.1%    多-4/空-3  停手:买卖都不够强
10:00:17 [INFO] 🫀 扫描心跳 第38轮开始
10:00:55 [INFO] 🫀 扫描心跳 第39轮开始
10:01:27 [INFO] 🫀 扫描心跳 第40轮开始
10:01:58 [INFO] 🫀 扫描心跳 第41轮开始
10:02:15 [INFO] 
📊 护城河防御面板 第41轮
──────────────────────────────────────────────────────────────────────
科创半导体ETF华夏(588170)    1.41      1.42    3.4%    多52/空-5  停手:价格低于均价，14:30前禁止买入
亨通光电(600487)       84.47     84.78    6.9%   多21/空-16  停手:买卖都不够强
华工科技(000988)      166.08    167.53    1.8%    多34/空-8  停手:价格低于均价，14:30前禁止买入
拓维信息(002261)       32.40     31.88    5.1%     多0/空84  强可T     
赛微电子(300456)       43.00     42.96   12.3%    多28/空-8  弱机会     
长芯博创(300548)      237.36    238.54    2.2%    多24/空31  停手:买卖都不够强
江丰电子(300666)      372.10    378.24    5.1%    多54/空-3  停手:价格低于均价，14:30前禁止买入
10:02:30 [INFO] 🫀 扫描心跳 第42轮开始
10:03:02 [INFO] 🫀 扫描心跳 第43轮开始
10:03:34 [INFO] 🫀 扫描心跳 第44轮开始
10:04:07 [INFO] 🫀 扫描心跳 第45轮开始
10:04:26 [INFO] 
📊 护城河防御面板 第45轮
──────────────────────────────────────────────────────────────────────
科创半导体ETF华夏(588170)    1.40      1.42    3.4%     多59/空0  停手:价格低于均价，14:30前禁止买入
亨通光电(600487)       83.90     84.62    6.9%   多51/空-16  停手:价格低于均价，14:30前禁止买入
华工科技(000988)      165.60    167.28    2.2%    多76/空-8  停手:价格低于均价，14:30前禁止买入
拓维信息(002261)       32.30     31.94    5.3%    多-2/空78  强可T     
赛微电子(300456)       42.76     42.92   12.3%    多31/空-8  停手:价格低于均价，14:30前禁止买入
长芯博创(300548)      237.39    238.28    2.3%     多56/空7  停手:价格低于均价，14:30前禁止买入
江丰电子(300666)      370.00    377.11    5.1%    多72/空-3  停手:价格低于均价，14:30前禁止买入
10:04:41 [INFO] 🫀 扫描心跳 第46轮开始
10:05:13 [INFO] 🫀 扫描心跳 第47轮开始
10:05:46 [INFO] 🫀 扫描心跳 第48轮开始
10:06:19 [INFO] 🫀 扫描心跳 第49轮开始
10:06:36 [INFO] 
📊 护城河防御面板 第49轮
──────────────────────────────────────────────────────────────────────
科创半导体ETF华夏(588170)    1.40      1.42    3.4%     多59/空0  停手:价格低于均价，14:30前禁止买入
亨通光电(600487)       83.90     84.62    6.9%   多51/空-16  停手:价格低于均价，14:30前禁止买入
华工科技(000988)      165.60    167.28    2.2%    多76/空-8  停手:价格低于均价，14:30前禁止买入
拓维信息(002261)       32.30     31.94    5.3%    多-2/空78  强可T     
赛微电子(300456)       42.76     42.92   12.3%    多31/空-8  停手:价格低于均价，14:30前禁止买入
长芯博创(300548)      237.39    238.28    2.3%     多56/空7  停手:价格低于均价，14:30前禁止买入
江丰电子(300666)      370.00    377.11    5.1%    多72/空-3  停手:价格低于均价，14:30前禁止买入
10:06:51 [INFO] 🫀 扫描心跳 第50轮开始
10:07:24 [INFO] 🫀 扫描心跳 第51轮开始
10:07:57 [INFO] 🫀 扫描心跳 第52轮开始
10:08:28 [INFO] 🫀 扫描心跳 第53轮开始
10:08:45 [INFO] 
📊 护城河防御面板 第53轮
──────────────────────────────────────────────────────────────────────
科创半导体ETF华夏(588170)    1.40      1.42    3.4%    多58/空-5  停手:价格低于均价，14:30前禁止买入
亨通光电(600487)       83.01     84.42    6.9%   多98/空-16  停手:价格低于均价，14:30前禁止买入
华工科技(000988)      165.18    166.99    2.6%    多76/空-8  停手:价格低于均价，14:30前禁止买入
拓维信息(002261)       32.23     31.98    5.3%    多-2/空63  可T观察    
赛微电子(300456)       42.45     42.85   12.3%    多73/空-8  停手:价格低于均价，14:30前禁止买入
长芯博创(300548)      234.58    237.69    3.1%    多72/空26  停手:价格低于均价，14:30前禁止买入
江丰电子(300666)      369.01    375.56    5.5%    多64/空-8  停手:价格低于均价，14:30前禁止买入
10:09:00 [INFO] 🫀 扫描心跳 第54轮开始
10:09:33 [INFO] 🫀 扫描心跳 第55轮开始
10:10:09 [INFO] 🫀 扫描心跳 第56轮开始
10:10:44 [INFO] 🫀 扫描心跳 第57轮开始
10:11:03 [INFO] 
📊 护城河防御面板 第57轮
──────────────────────────────────────────────────────────────────────
科创半导体ETF华夏(588170)    1.40      1.41    3.4%    多73/空-5  停手:价格低于均价，14:30前禁止买入
亨通光电(600487)       82.23     84.12    6.9%    多91/空17  停手:价格低于均价，14:30前禁止买入
华工科技(000988)      164.71    166.67    2.6%    多98/空42  停手:价格低于均价，14:30前禁止买入
拓维信息(002261)       32.17     32.01    5.3%    多-1/空87  强可T     
赛微电子(300456)       41.83     42.72   12.3%    多62/空31  停手:价格低于均价，14:30前禁止买入
长芯博创(300548)      232.75    237.20    3.6%    多41/空53  停手:价格低于均价，14:30前禁止买入
江丰电子(300666)      365.00    374.27    5.7%    多62/空-8  停手:价格低于均价，14:30前禁止买入
10:11:18 [INFO] 🫀 扫描心跳 第58轮开始
10:11:50 [INFO] 🫀 扫描心跳 第59轮开始
10:12:23 [INFO] 🫀 扫描心跳 第60轮开始
10:12:55 [INFO] 🫀 扫描心跳 第61轮开始
10:13:12 [INFO] 
📊 护城河防御面板 第61轮
──────────────────────────────────────────────────────────────────────
科创半导体ETF华夏(588170)    1.40      1.41    3.4%    多73/空-5  停手:价格低于均价，14:30前禁止买入
亨通光电(600487)       82.23     84.12    6.9%    多91/空17  停手:价格低于均价，14:30前禁止买入
华工科技(000988)      164.71    166.67    2.6%    多98/空42  停手:价格低于均价，14:30前禁止买入
拓维信息(002261)       32.17     32.01    5.3%    多-1/空87  强可T     
赛微电子(300456)       41.83     42.72   12.3%    多62/空31  停手:价格低于均价，14:30前禁止买入
长芯博创(300548)      232.75    237.20    3.6%    多41/空53  停手:价格低于均价，14:30前禁止买入
江丰电子(300666)      365.00    374.27    5.7%    多62/空-8  停手:价格低于均价，14:30前禁止买入
10:13:27 [INFO] 🫀 扫描心跳 第62轮开始
10:14:00 [INFO] 🫀 扫描心跳 第63轮开始
10:14:32 [INFO] 🫀 扫描心跳 第64轮开始
10:15:04 [INFO] 🫀 扫描心跳 第65轮开始
10:15:27 [INFO] 
📊 护城河防御面板 第65轮
──────────────────────────────────────────────────────────────────────
科创半导体ETF华夏(588170)    1.38      1.41    4.1%    多72/空-5  停手:价格低于均价，14:30前禁止买入
亨通光电(600487)       81.37     83.83    6.9%    多91/空22  停手:价格低于均价，14:30前禁止买入
华工科技(000988)      164.26    166.36    3.7%    多91/空48  停手:价格低于均价，14:30前禁止买入
拓维信息(002261)       32.88     32.09    6.6%     多1/空72  强可T     
赛微电子(300456)       41.67     42.60   12.3%    多57/空26  停手:价格低于均价，14:30前禁止买入
长芯博创(300548)      233.00    236.75    3.7%    多51/空49  停手:价格低于均价，14:30前禁止买入
江丰电子(300666)      363.67    372.92    6.9%    多62/空-8  停手:价格低于均价，14:30前禁止买入
10:15:42 [INFO] 🫀 扫描心跳 第66轮开始
10:16:14 [INFO] 🫀 扫描心跳 第67轮开始
10:16:46 [INFO] 🫀 扫描心跳 第68轮开始
10:17:21 [INFO] 🫀 扫描心跳 第69轮开始
10:17:38 [INFO] 
📊 护城河防御面板 第69轮
──────────────────────────────────────────────────────────────────────
科创半导体ETF华夏(588170)    1.41      1.41    4.1%   多28/空-17  停手:ETF波动不足
亨通光电(600487)       82.16     83.61    6.9%    多62/空11  停手:价格低于均价，14:30前禁止买入
华工科技(000988)      165.19    166.20    3.7%   多49/空-20  停手:价格低于均价，14:30前禁止买入
拓维信息(002261)       32.69     32.16    6.7%   多-1/空112  强可T     
赛微电子(300456)       41.94     42.52   12.3%    多48/空-6  停手:价格低于均价，14:30前禁止买入
长芯博创(300548)      234.14    236.45    3.7%     多62/空2  停手:价格低于均价，14:30前禁止买入
江丰电子(300666)      368.89    372.37    6.9%    多43/空23  停手:价格低于均价，14:30前禁止买入
10:17:53 [INFO] 🫀 扫描心跳 第70轮开始
10:18:26 [INFO] 🫀 扫描心跳 第71轮开始
10:18:57 [INFO] 🫀 扫描心跳 第72轮开始
10:19:29 [INFO] 🫀 扫描心跳 第73轮开始
10:19:45 [INFO] 
📊 护城河防御面板 第73轮
──────────────────────────────────────────────────────────────────────
科创半导体ETF华夏(588170)    1.41      1.41    4.1%   多28/空-17  停手:ETF波动不足
亨通光电(600487)       82.16     83.61    6.9%    多62/空11  停手:价格低于均价，14:30前禁止买入
华工科技(000988)      165.19    166.20    3.7%   多49/空-20  停手:价格低于均价，14:30前禁止买入
拓维信息(002261)       32.69     32.16    6.7%   多-1/空112  强可T     
赛微电子(300456)       41.94     42.52   12.3%    多48/空-6  停手:价格低于均价，14:30前禁止买入
长芯博创(300548)      234.14    236.45    3.7%     多62/空2  停手:价格低于均价，14:30前禁止买入
江丰电子(300666)      368.89    372.37    6.9%    多43/空23  停手:价格低于均价，14:30前禁止买入
10:20:00 [INFO] 🫀 扫描心跳 第74轮开始
10:20:35 [INFO] 🫀 扫描心跳 第75轮开始
10:20:44 [INFO] 📊 动态份数 002261: 状态=normal 信号强度97/阈值80, 建议交易500股/份 (56%)
10:20:45 [INFO] ✅ 飞书消息已成功送达: 拓维信息(002261) SELL_HIGH - 加急通知已发送
10:20:47 [INFO] 🔔 已触发急促报警
10:21:10 [INFO] 🫀 扫描心跳 第76轮开始
10:21:42 [INFO] 🫀 扫描心跳 第77轮开始
10:21:59 [INFO] 
📊 护城河防御面板 第77轮
──────────────────────────────────────────────────────────────────────
科创半导体ETF华夏(588170)    1.40      1.41    4.1%    多53/空-5  停手:价格低于均价，14:30前禁止买入
亨通光电(600487)       82.10     83.41    6.9%    多49/空11  停手:价格低于均价，14:30前禁止买入
华工科技(000988)      164.79    166.06    3.7%    多61/空42  停手:价格低于均价，14:30前禁止买入
拓维信息(002261)       32.78     32.24    6.7%    多16/空97  强可T     
赛微电子(300456)       41.79     42.45   12.3%    多50/空26  停手:价格低于均价，14:30前禁止买入
长芯博创(300548)      233.30    236.13    3.7%    多45/空59  停手:价格低于均价，14:30前禁止买入
江丰电子(300666)      367.01    371.91    6.9%    多48/空-8  停手:价格低于均价，14:30前禁止买入
10:22:14 [INFO] 🫀 扫描心跳 第78轮开始
10:22:46 [INFO] 🫀 扫描心跳 第79轮开始
10:23:18 [INFO] 🫀 扫描心跳 第80轮开始
10:23:52 [INFO] 🫀 扫描心跳 第81轮开始
10:24:09 [INFO] 
📊 护城河防御面板 第81轮
──────────────────────────────────────────────────────────────────────
科创半导体ETF华夏(588170)    1.40      1.41    4.1%    多58/空-5  停手:价格低于均价，14:30前禁止买入
亨通光电(600487)       82.00     83.28    6.9%    多51/空17  停手:价格低于均价，14:30前禁止买入
华工科技(000988)      164.39    165.92    3.7%    多83/空48  停手:价格低于均价，14:30前禁止买入
拓维信息(002261)       32.76     32.28    6.7%    多-1/空87  强可T     
赛微电子(300456)       41.70     42.38   12.3%    多57/空26  停手:价格低于均价，14:30前禁止买入
长芯博创(300548)      233.06    235.87    3.7%    多65/空59  停手:价格低于均价，14:30前禁止买入
江丰电子(300666)      368.00    371.48    6.9%    多65/空-8  停手:价格低于均价，14:30前禁止买入
10:24:24 [INFO] 🫀 扫描心跳 第82轮开始
10:24:56 [INFO] 🫀 扫描心跳 第83轮开始
10:25:28 [INFO] 🫀 扫描心跳 第84轮开始
10:26:01 [INFO] 🫀 扫描心跳 第85轮开始
10:26:18 [INFO] 
📊 护城河防御面板 第85轮
──────────────────────────────────────────────────────────────────────
科创半导体ETF华夏(588170)    1.40      1.41    4.1%    多58/空-5  停手:价格低于均价，14:30前禁止买入
亨通光电(600487)       82.00     83.28    6.9%    多51/空17  停手:价格低于均价，14:30前禁止买入
华工科技(000988)      164.39    165.92    3.7%    多83/空48  停手:价格低于均价，14:30前禁止买入
拓维信息(002261)       32.76     32.28    6.7%    多-1/空87  强可T     
赛微电子(300456)       41.70     42.38   12.3%    多57/空26  停手:价格低于均价，14:30前禁止买入
长芯博创(300548)      233.06    235.87    3.7%    多65/空59  停手:价格低于均价，14:30前禁止买入
江丰电子(300666)      368.00    371.48    6.9%    多65/空-8  停手:价格低于均价，14:30前禁止买入
10:26:33 [INFO] 🫀 扫描心跳 第86轮开始
10:27:06 [INFO] 🫀 扫描心跳 第87轮开始
10:27:39 [INFO] 🫀 扫描心跳 第88轮开始
10:28:10 [INFO] 🫀 扫描心跳 第89轮开始
10:28:29 [INFO] 
📊 护城河防御面板 第89轮
──────────────────────────────────────────────────────────────────────
科创半导体ETF华夏(588170)    1.40      1.41    4.1%    多42/空-5  停手:价格低于均价，14:30前禁止买入
亨通光电(600487)       81.60     83.15    6.9%    多61/空17  停手:价格低于均价，14:30前禁止买入
华工科技(000988)      164.94    165.83    3.7%    多61/空22  停手:价格低于均价，14:30前禁止买入
拓维信息(002261)       32.69     32.32    6.7%   多-1/空102  强可T     
赛微电子(300456)       41.77     42.34   12.3%    多36/空26  停手:价格低于均价，14:30前禁止买入
长芯博创(300548)      232.30    235.61    3.8%    多73/空63  停手:价格低于均价，14:30前禁止买入
江丰电子(300666)      365.02    371.06    6.9%    多40/空-8  停手:价格低于均价，14:30前禁止买入
10:28:44 [INFO] 🫀 扫描心跳 第90轮开始
10:29:16 [INFO] 🫀 扫描心跳 第91轮开始
10:29:49 [INFO] 🫀 扫描心跳 第92轮开始
10:30:23 [INFO] 🫀 扫描心跳 第93轮开始
10:30:40 [INFO] 
📊 护城河防御面板 第93轮
──────────────────────────────────────────────────────────────────────
科创半导体ETF华夏(588170)    1.41      1.41    4.1%    多28/空-5  停手:价格低于均价，14:30前禁止买入
亨通光电(600487)       81.98     83.07    6.9%    多53/空17  停手:价格低于均价，14:30前禁止买入
华工科技(000988)      165.90    165.82    3.7%    多16/空41  停手:买卖都不够强
拓维信息(002261)       32.75     32.35    6.7%    多-1/空87  强可T     
赛微电子(300456)       41.75     42.30   12.3%    多42/空26  停手:价格低于均价，14:30前禁止买入
长芯博创(300548)      231.78    235.26    4.1%    多89/空63  停手:价格低于均价，14:30前禁止买入
江丰电子(300666)      371.32    371.01    6.9%    多9/空-20  停手:买卖都不够强
10:30:55 [INFO] 🫀 扫描心跳 第94轮开始
10:31:27 [INFO] 🫀 扫描心跳 第95轮开始
10:31:59 [INFO] 🫀 扫描心跳 第96轮开始
10:32:31 [INFO] 🫀 扫描心跳 第97轮开始
10:32:48 [INFO] 
📊 护城河防御面板 第97轮
──────────────────────────────────────────────────────────────────────
科创半导体ETF华夏(588170)    1.41      1.41    4.1%    多28/空-5  停手:价格低于均价，14:30前禁止买入
亨通光电(600487)       81.98     83.07    6.9%    多53/空17  停手:价格低于均价，14:30前禁止买入
华工科技(000988)      165.90    165.82    3.7%    多16/空41  停手:买卖都不够强
拓维信息(002261)       32.75     32.35    6.7%    多-1/空87  强可T     
赛微电子(300456)       41.75     42.30   12.3%    多42/空26  停手:价格低于均价，14:30前禁止买入
长芯博创(300548)      231.78    235.26    4.1%    多89/空63  停手:价格低于均价，14:30前禁止买入
江丰电子(300666)      371.32    371.01    6.9%    多9/空-20  停手:买卖都不够强
10:33:03 [INFO] 🫀 扫描心跳 第98轮开始
10:33:37 [INFO] 🫀 扫描心跳 第99轮开始
10:34:09 [INFO] 🫀 扫描心跳 第100轮开始
10:34:42 [INFO] 🫀 扫描心跳 第101轮开始
10:35:00 [INFO] 
📊 护城河防御面板 第101轮
──────────────────────────────────────────────────────────────────────
科创半导体ETF华夏(588170)    1.40      1.41    4.1%    多39/空-5  停手:价格低于均价，14:30前禁止买入
亨通光电(600487)       81.04     82.91    6.9%   多105/空11  停手:价格低于均价，14:30前禁止买入
华工科技(000988)      164.59    165.74    3.7%    多53/空48  停手:价格低于均价，14:30前禁止买入
拓维信息(002261)       32.57     32.38    6.7%    多32/空87  强可T     
赛微电子(300456)       41.18     42.22   12.3%    多61/空36  停手:价格低于均价，14:30前禁止买入
长芯博创(300548)      230.66    234.98    4.5%    多75/空65  停手:价格低于均价，14:30前禁止买入
江丰电子(300666)      365.72    370.78    6.9%    多48/空-8  停手:价格低于均价，14:30前禁止买入
10:35:15 [INFO] 🫀 扫描心跳 第102轮开始
10:35:48 [INFO] 🫀 扫描心跳 第103轮开始
10:36:21 [INFO] 🫀 扫描心跳 第104轮开始
10:36:56 [INFO] 🫀 扫描心跳 第105轮开始
10:37:13 [INFO] 
📊 护城河防御面板 第105轮
──────────────────────────────────────────────────────────────────────
科创半导体ETF华夏(588170)    1.40      1.41    4.1%    多46/空-5  停手:价格低于均价，14:30前禁止买入
亨通光电(600487)       80.76     82.77    6.9%   多103/空11  停手:价格低于均价，14:30前禁止买入
华工科技(000988)      164.01    165.62    3.7%    多65/空48  停手:价格低于均价，14:30前禁止买入
拓维信息(002261)       32.49     32.38    6.7%    多42/空72  强可T     
赛微电子(300456)       41.09     42.15   12.3%    多61/空36  停手:价格低于均价，14:30前禁止买入
长芯博创(300548)      230.41    234.70    4.7%    多67/空65  停手:价格低于均价，14:30前禁止买入
江丰电子(300666)      364.58    370.41    6.9%    多48/空-3  停手:价格低于均价，14:30前禁止买入
10:37:28 [INFO] 🫀 扫描心跳 第106轮开始
10:38:00 [INFO] 🫀 扫描心跳 第107轮开始
10:38:33 [INFO] 🫀 扫描心跳 第108轮开始
10:39:06 [INFO] 🫀 扫描心跳 第109轮开始
10:39:26 [INFO] 
📊 护城河防御面板 第109轮
──────────────────────────────────────────────────────────────────────
科创半导体ETF华夏(588170)    1.40      1.41    4.1%    多46/空-5  停手:价格低于均价，14:30前禁止买入
亨通光电(600487)       80.76     82.77    6.9%   多103/空11  停手:价格低于均价，14:30前禁止买入
华工科技(000988)      164.01    165.62    3.7%    多65/空48  停手:价格低于均价，14:30前禁止买入
拓维信息(002261)       32.49     32.38    6.7%    多42/空72  强可T     
赛微电子(300456)       41.09     42.15   12.3%    多59/空39  停手:价格低于均价，14:30前禁止买入
长芯博创(300548)      230.41    234.70    4.7%    多67/空65  停手:价格低于均价，14:30前禁止买入
江丰电子(300666)      364.58    370.41    6.9%    多54/空-3  停手:价格低于均价，14:30前禁止买入
10:39:41 [INFO] 🫀 扫描心跳 第110轮开始
10:40:18 [INFO] 🫀 扫描心跳 第111轮开始
10:40:54 [INFO] 🫀 扫描心跳 第112轮开始
10:41:29 [INFO] 🫀 扫描心跳 第113轮开始
10:41:48 [INFO] 
📊 护城河防御面板 第113轮
──────────────────────────────────────────────────────────────────────
科创半导体ETF华夏(588170)    1.40      1.41    4.1%    多68/空-5  停手:价格低于均价，14:30前禁止买入
亨通光电(600487)       80.95     82.63    7.2%    多88/空19  停手:价格低于均价，14:30前禁止买入
华工科技(000988)      163.34    165.46    3.8%   多116/空48  停手:价格低于均价，14:30前禁止买入
拓维信息(002261)       32.36     32.37    6.7%    多64/空53  停手:价格低于均价，14:30前禁止买入
赛微电子(300456)       41.29     42.10   12.3%    多49/空41  停手:价格低于均价，14:30前禁止买入
长芯博创(300548)      231.88    234.47    4.7%    多41/空34  停手:价格低于均价，14:30前禁止买入
江丰电子(300666)      363.80    370.00    6.9%    多58/空-8  停手:价格低于均价，14:30前禁止买入
10:42:03 [INFO] 🫀 扫描心跳 第114轮开始
10:42:35 [INFO] 🫀 扫描心跳 第115轮开始
10:43:08 [INFO] 🫀 扫描心跳 第116轮开始
10:43:43 [INFO] 🫀 扫描心跳 第117轮开始
10:44:01 [INFO] 
📊 护城河防御面板 第117轮
──────────────────────────────────────────────────────────────────────
科创半导体ETF华夏(588170)    1.39      1.41    4.1%    多66/空-5  停手:价格低于均价，14:30前禁止买入
亨通光电(600487)       81.17     82.51    7.2%     多49/空7  停手:价格低于均价，14:30前禁止买入
华工科技(000988)      163.25    165.29    3.8%    多99/空48  停手:价格低于均价，14:30前禁止买入
拓维信息(002261)       32.24     32.36    6.7%    多52/空68  停手:价格低于均价，14:30前禁止买入
赛微电子(300456)       41.20     42.03   12.3%    多37/空35  停手:价格低于均价，14:30前禁止买入
长芯博创(300548)      232.19    234.25    4.7%    多52/空22  停手:价格低于均价，14:30前禁止买入
江丰电子(300666)      363.83    369.47    6.9%    多84/空-8  停手:价格低于均价，14:30前禁止买入
10:44:16 [INFO] 🫀 扫描心跳 第118轮开始
10:44:48 [INFO] 🫀 扫描心跳 第119轮开始
10:45:22 [INFO] 🫀 扫描心跳 第120轮开始
10:45:55 [INFO] 🫀 扫描心跳 第121轮开始
10:46:11 [INFO] 
📊 护城河防御面板 第121轮
──────────────────────────────────────────────────────────────────────
科创半导体ETF华夏(588170)    1.39      1.41    4.1%    多66/空-5  停手:价格低于均价，14:30前禁止买入
亨通光电(600487)       81.17     82.51    7.2%     多49/空7  停手:价格低于均价，14:30前禁止买入
华工科技(000988)      163.25    165.29    3.8%    多99/空48  停手:价格低于均价，14:30前禁止买入
拓维信息(002261)       32.24     32.36    6.7%    多52/空68  停手:价格低于均价，14:30前禁止买入
赛微电子(300456)       41.20     42.03   12.3%    多37/空35  停手:价格低于均价，14:30前禁止买入
长芯博创(300548)      232.19    234.25    4.7%    多52/空22  停手:价格低于均价，14:30前禁止买入
江丰电子(300666)      363.83    369.47    6.9%    多84/空-8  停手:价格低于均价，14:30前禁止买入
10:46:26 [INFO] 🫀 扫描心跳 第122轮开始
10:46:43 [INFO] 📉 300548 卖出信号得分60分，低于10:00后阈值65分，静默处理（不推送飞书）
10:47:00 [INFO] 🫀 扫描心跳 第123轮开始
10:47:32 [INFO] 🫀 扫描心跳 第124轮开始
10:48:04 [INFO] 🫀 扫描心跳 第125轮开始
10:48:20 [INFO] 
📊 护城河防御面板 第125轮
──────────────────────────────────────────────────────────────────────
科创半导体ETF华夏(588170)    1.39      1.40    4.1%    多68/空-5  停手:价格低于均价，14:30前禁止买入
亨通光电(600487)       80.68     82.42    7.2%    多73/空19  停手:价格低于均价，14:30前禁止买入
华工科技(000988)      163.03    165.19    3.8%    多76/空52  停手:价格低于均价，14:30前禁止买入
拓维信息(002261)       32.24     32.36    6.7%    多70/空53  停手:价格低于均价，14:30前禁止买入
赛微电子(300456)       41.08     41.98   12.3%    多42/空39  停手:价格低于均价，14:30前禁止买入
长芯博创(300548)      231.20    234.09    4.7%    多30/空52  停手:价格低于均价，14:30前禁止买入
江丰电子(300666)      359.98    368.94    6.9%    多83/空12  停手:价格低于均价，14:30前禁止买入
10:48:35 [INFO] 🫀 扫描心跳 第126轮开始
10:49:06 [INFO] 🫀 扫描心跳 第127轮开始
10:49:37 [INFO] 🫀 扫描心跳 第128轮开始
10:50:09 [INFO] 🫀 扫描心跳 第129轮开始
10:50:25 [INFO] 
📊 护城河防御面板 第129轮
──────────────────────────────────────────────────────────────────────
科创半导体ETF华夏(588170)    1.38      1.40    4.1%    多88/空-5  停手:价格低于均价，14:30前禁止买入
亨通光电(600487)       81.06     82.34    7.2%    多61/空19  停手:价格低于均价，14:30前禁止买入
华工科技(000988)      162.59    165.05    3.9%    多84/空52  停手:价格低于均价，14:30前禁止买入
拓维信息(002261)       32.29     32.35    6.7%    多71/空38  停手:价格低于均价，14:30前禁止买入
赛微电子(300456)       41.19     41.94   12.3%    多36/空29  停手:价格低于均价，14:30前禁止买入
长芯博创(300548)      231.95    233.94    4.7%    多37/空11  停手:价格低于均价，14:30前禁止买入
江丰电子(300666)      359.06    368.35    7.5%   多100/空12  停手:价格低于均价，14:30前禁止买入
10:50:40 [INFO] 🫀 扫描心跳 第130轮开始
10:51:16 [INFO] 🫀 扫描心跳 第131轮开始
10:51:48 [INFO] 🫀 扫描心跳 第132轮开始
10:52:19 [INFO] 🫀 扫描心跳 第133轮开始
10:52:36 [INFO] 
📊 护城河防御面板 第133轮
──────────────────────────────────────────────────────────────────────
科创半导体ETF华夏(588170)    1.38      1.40    4.1%    多88/空-5  停手:价格低于均价，14:30前禁止买入
亨通光电(600487)       81.06     82.34    7.2%    多61/空19  停手:价格低于均价，14:30前禁止买入
华工科技(000988)      162.59    165.05    3.9%    多84/空52  停手:价格低于均价，14:30前禁止买入
拓维信息(002261)       32.29     32.35    6.7%    多71/空38  停手:价格低于均价，14:30前禁止买入
赛微电子(300456)       41.19     41.94   12.3%    多36/空29  停手:价格低于均价，14:30前禁止买入
长芯博创(300548)      231.95    233.94    4.7%    多37/空11  停手:价格低于均价，14:30前禁止买入
江丰电子(300666)      359.06    368.35    7.5%   多100/空12  停手:价格低于均价，14:30前禁止买入
10:52:51 [INFO] 🫀 扫描心跳 第134轮开始
10:53:24 [INFO] 🫀 扫描心跳 第135轮开始
10:53:55 [INFO] 🫀 扫描心跳 第136轮开始
10:54:26 [INFO] 🫀 扫描心跳 第137轮开始
10:54:42 [INFO] 
📊 护城河防御面板 第137轮
──────────────────────────────────────────────────────────────────────
科创半导体ETF华夏(588170)    1.39      1.40    4.1%    多60/空-5  停手:价格低于均价，14:30前禁止买入
亨通光电(600487)       80.99     82.28    7.2%    多42/空19  停手:价格低于均价，14:30前禁止买入
华工科技(000988)      163.55    164.97    3.9%    多76/空42  停手:价格低于均价，14:30前禁止买入
拓维信息(002261)       32.26     32.34    6.7%    多37/空53  停手:价格低于均价，14:30前禁止买入
赛微电子(300456)       41.04     41.90   12.3%    多42/空39  停手:价格低于均价，14:30前禁止买入
长芯博创(300548)      231.12    233.76    4.7%    多24/空52  停手:价格低于均价，14:30前禁止买入
江丰电子(300666)      360.01    367.80    7.5%    多47/空-8  停手:价格低于均价，14:30前禁止买入
10:54:57 [INFO] 🫀 扫描心跳 第138轮开始
10:55:45 [INFO] 🫀 扫描心跳 第139轮开始
10:56:16 [INFO] 🫀 扫描心跳 第140轮开始
10:56:50 [INFO] 🫀 扫描心跳 第141轮开始
10:57:07 [INFO] 
📊 护城河防御面板 第141轮
──────────────────────────────────────────────────────────────────────
科创半导体ETF华夏(588170)    1.39      1.40    4.1%    多73/空-5  停手:价格低于均价，14:30前禁止买入
亨通光电(600487)       81.27     82.20    7.2%    多46/空25  停手:价格低于均价，14:30前禁止买入
华工科技(000988)      163.00    164.85    3.9%    多80/空52  停手:价格低于均价，14:30前禁止买入
拓维信息(002261)       32.50     32.35    6.7%    多-8/空42  停手:买卖都不够强
赛微电子(300456)       41.06     41.85   12.3%    多46/空39  停手:价格低于均价，14:30前禁止买入
长芯博创(300548)      232.95    233.73    4.7%    多16/空62  停手:价格低于均价，14:30前禁止买入
江丰电子(300666)      359.76    367.38    7.5%    多55/空12  停手:价格低于均价，14:30前禁止买入
10:57:22 [INFO] 🫀 扫描心跳 第142轮开始
10:57:54 [INFO] 🫀 扫描心跳 第143轮开始
10:58:26 [INFO] 🫀 扫描心跳 第144轮开始
10:58:58 [INFO] 🫀 扫描心跳 第145轮开始
10:59:15 [INFO] 
📊 护城河防御面板 第145轮
──────────────────────────────────────────────────────────────────────
科创半导体ETF华夏(588170)    1.39      1.40    4.1%    多73/空-5  停手:价格低于均价，14:30前禁止买入
亨通光电(600487)       81.27     82.20    7.2%    多46/空25  停手:价格低于均价，14:30前禁止买入
华工科技(000988)      163.00    164.85    3.9%    多80/空52  停手:价格低于均价，14:30前禁止买入
拓维信息(002261)       32.50     32.35    6.7%    多-8/空42  停手:买卖都不够强
赛微电子(300456)       41.06     41.85   12.3%    多46/空39  停手:价格低于均价，14:30前禁止买入
长芯博创(300548)      232.95    233.73    4.7%    多16/空62  停手:价格低于均价，14:30前禁止买入
江丰电子(300666)      359.76    367.38    7.5%    多55/空12  停手:价格低于均价，14:30前禁止买入
10:59:30 [INFO] 🫀 扫描心跳 第146轮开始
11:00:03 [INFO] 🫀 扫描心跳 第147轮开始
11:00:37 [INFO] 🫀 扫描心跳 第148轮开始
11:01:08 [INFO] 🫀 扫描心跳 第149轮开始
11:01:25 [INFO] 
📊 护城河防御面板 第149轮
──────────────────────────────────────────────────────────────────────
科创半导体ETF华夏(588170)    1.39      1.40    4.1%   多48/空-17  停手:价格低于均价，14:30前禁止买入
亨通光电(600487)       81.61     82.18    7.2%    多42/空25  停手:价格低于均价，14:30前禁止买入
华工科技(000988)      164.43    164.82    3.9%    多62/空41  停手:价格低于均价，14:30前禁止买入
拓维信息(002261)       32.44     32.35    6.7%   多-11/空70  强可T     
赛微电子(300456)       41.23     41.82   12.3%    多20/空29  停手:买卖都不够强
长芯博创(300548)      233.41    233.73    4.7%    多16/空36  停手:价格低于均价，14:30前禁止买入
江丰电子(300666)      364.64    367.32    7.5%   多35/空-20  停手:价格低于均价，14:30前禁止买入
11:01:40 [INFO] 🫀 扫描心跳 第150轮开始
11:02:11 [INFO] 🫀 扫描心跳 第151轮开始
11:02:44 [INFO] 🫀 扫描心跳 第152轮开始
11:03:17 [INFO] 🫀 扫描心跳 第153轮开始
11:03:35 [INFO] 
📊 护城河防御面板 第153轮
──────────────────────────────────────────────────────────────────────
科创半导体ETF华夏(588170)    1.39      1.40    4.1%    多55/空-5  停手:价格低于均价，14:30前禁止买入
亨通光电(600487)       81.40     82.15    7.2%    多49/空25  停手:价格低于均价，14:30前禁止买入
华工科技(000988)      163.71    164.78    3.9%    多62/空48  停手:价格低于均价，14:30前禁止买入
拓维信息(002261)       32.29     32.35    6.7%    多64/空67  停手:价格低于均价，14:30前禁止买入
赛微电子(300456)       41.05     41.79   12.3%    多34/空39  停手:价格低于均价，14:30前禁止买入
长芯博创(300548)      232.61    233.68    4.7%     多8/空40  停手:价格低于均价，14:30前禁止买入
江丰电子(300666)      363.30    367.13    7.5%    多31/空-8  停手:价格低于均价，14:30前禁止买入
11:03:50 [INFO] 🫀 扫描心跳 第154轮开始
11:04:22 [INFO] 🫀 扫描心跳 第155轮开始
11:04:55 [INFO] 🫀 扫描心跳 第156轮开始
11:05:27 [INFO] 🫀 扫描心跳 第157轮开始
11:05:45 [INFO] 
📊 护城河防御面板 第157轮
──────────────────────────────────────────────────────────────────────
科创半导体ETF华夏(588170)    1.39      1.40    4.1%    多55/空-5  停手:价格低于均价，14:30前禁止买入
亨通光电(600487)       81.40     82.15    7.2%    多49/空25  停手:价格低于均价，14:30前禁止买入
华工科技(000988)      163.71    164.78    3.9%    多62/空48  停手:价格低于均价，14:30前禁止买入
拓维信息(002261)       32.29     32.35    6.7%    多64/空67  停手:价格低于均价，14:30前禁止买入
赛微电子(300456)       41.05     41.79   12.3%    多34/空39  停手:价格低于均价，14:30前禁止买入
长芯博创(300548)      232.61    233.68    4.7%     多8/空40  停手:价格低于均价，14:30前禁止买入
江丰电子(300666)      363.30    367.13    7.5%    多31/空-8  停手:价格低于均价，14:30前禁止买入
11:06:00 [INFO] 🫀 扫描心跳 第158轮开始
11:06:33 [INFO] 🫀 扫描心跳 第159轮开始
11:07:05 [INFO] 🫀 扫描心跳 第160轮开始
11:07:37 [INFO] 🫀 扫描心跳 第161轮开始
11:07:53 [INFO] 
📊 护城河防御面板 第161轮
──────────────────────────────────────────────────────────────────────
科创半导体ETF华夏(588170)    1.39      1.40    4.1%    多77/空-5  停手:价格低于均价，14:30前禁止买入
亨通光电(600487)       81.12     82.09    7.2%    多59/空19  停手:价格低于均价，14:30前禁止买入
华工科技(000988)      163.18    164.69    3.9%    多72/空48  停手:价格低于均价，14:30前禁止买入
拓维信息(002261)       32.32     32.35    6.7%    多37/空38  停手:震荡贴均且分差不大
赛微电子(300456)       41.09     41.75   12.3%    多40/空29  停手:价格低于均价，14:30前禁止买入
长芯博创(300548)      231.90    233.59    4.7%    多-4/空30  停手:买卖都不够强
江丰电子(300666)      360.80    366.80    7.5%    多49/空12  停手:价格低于均价，14:30前禁止买入
11:08:08 [INFO] 🫀 扫描心跳 第162轮开始
11:08:41 [INFO] 🫀 扫描心跳 第163轮开始
11:09:14 [INFO] 🫀 扫描心跳 第164轮开始
11:09:25 [INFO] 📊 动态份数 002261: 状态=normal 信号强度69/阈值42, 建议交易900股/份 (100%)
11:09:26 [INFO] ✅ 飞书消息已成功送达: 拓维信息(002261) SELL_HIGH - 加急通知已发送
11:09:27 [INFO] 🔔 已触发急促报警
11:09:53 [INFO] 🫀 扫描心跳 第165轮开始
11:10:12 [INFO] 
📊 护城河防御面板 第165轮
──────────────────────────────────────────────────────────────────────
科创半导体ETF华夏(588170)    1.39      1.40    4.1%    多78/空-5  停手:价格低于均价，14:30前禁止买入
亨通光电(600487)       81.39     82.05    7.2%    多30/空-8  停手:价格低于均价，14:30前禁止买入
华工科技(000988)      163.81    164.65    3.9%    多23/空35  停手:买卖都不够强
拓维信息(002261)       32.45     32.35    6.7%   多-12/空65  停手:无可卖仓且买点不强
赛微电子(300456)       41.18     41.73   12.3%    多41/空-8  停手:价格低于均价，14:30前禁止买入
长芯博创(300548)      231.89    233.51    4.7%   多62/空-12  停手:价格低于均价，14:30前禁止买入
江丰电子(300666)      360.40    366.53    7.5%    多57/空12  停手:价格低于均价，14:30前禁止买入
11:10:27 [INFO] 🫀 扫描心跳 第166轮开始
11:11:01 [INFO] 🫀 扫描心跳 第167轮开始
11:11:33 [INFO] 🫀 扫描心跳 第168轮开始
11:12:05 [INFO] 🫀 扫描心跳 第169轮开始
11:12:22 [INFO] 
📊 护城河防御面板 第169轮
──────────────────────────────────────────────────────────────────────
科创半导体ETF华夏(588170)    1.39      1.40    4.1%    多78/空-5  停手:价格低于均价，14:30前禁止买入
亨通光电(600487)       81.39     82.05    7.2%    多30/空-8  停手:价格低于均价，14:30前禁止买入
华工科技(000988)      163.81    164.65    3.9%    多23/空35  停手:买卖都不够强
拓维信息(002261)       32.45     32.35    6.7%   多-12/空65  停手:无可卖仓且买点不强
赛微电子(300456)       41.18     41.73   12.3%    多41/空-8  停手:价格低于均价，14:30前禁止买入
长芯博创(300548)      231.89    233.51    4.7%   多62/空-12  停手:价格低于均价，14:30前禁止买入
江丰电子(300666)      360.40    366.53    7.5%    多57/空12  停手:价格低于均价，14:30前禁止买入
11:12:37 [INFO] 🫀 扫描心跳 第170轮开始
11:13:11 [INFO] 🫀 扫描心跳 第171轮开始
11:13:44 [INFO] 🫀 扫描心跳 第172轮开始
11:14:15 [INFO] 🫀 扫描心跳 第173轮开始
11:14:33 [INFO] 
📊 护城河防御面板 第173轮
──────────────────────────────────────────────────────────────────────
科创半导体ETF华夏(588170)    1.38      1.40    4.1%    多64/空-5  停手:价格低于均价，14:30前禁止买入
亨通光电(600487)       81.62     82.03    7.2%    多15/空23  停手:买卖都不够强
华工科技(000988)      163.77    164.61    3.9%    多23/空22  停手:买卖都不够强
拓维信息(002261)       32.40     32.35    6.7%    多-8/空58  停手:无可卖仓且买点不强
赛微电子(300456)       41.19     41.70   12.3%    多41/空-8  停手:价格低于均价，14:30前禁止买入
长芯博创(300548)      233.42    233.48    4.7%     多9/空38  停手:买卖都不够强
江丰电子(300666)      361.20    366.30    7.5%    多51/空-8  停手:价格低于均价，14:30前禁止买入
11:14:48 [INFO] 🫀 扫描心跳 第174轮开始
11:15:21 [INFO] 🫀 扫描心跳 第175轮开始
11:15:55 [INFO] 🫀 扫描心跳 第176轮开始
11:16:09 [INFO] ✅ 飞书消息已成功送达: 赛微电子(300456) BUY_LOW - 加急通知已发送
11:16:11 [INFO] 🔔 已触发急促报警
11:16:32 [INFO] 🫀 扫描心跳 第177轮开始
11:16:50 [INFO] 
📊 护城河防御面板 第177轮
──────────────────────────────────────────────────────────────────────
科创半导体ETF华夏(588170)    1.38      1.40    4.1%    多80/空-5  停手:价格低于均价，14:30前禁止买入
亨通光电(600487)       81.29     82.00    7.2%    多54/空-8  停手:价格低于均价，14:30前禁止买入
华工科技(000988)      163.62    164.58    3.9%    多23/空22  停手:买卖都不够强
拓维信息(002261)       32.41     32.36    6.7%    多-6/空39  停手:无可卖仓且买点不强
赛微电子(300456)       41.09     41.67   12.3%    多71/空-8  停手:价格低于均价，14:30前禁止买入
长芯博创(300548)      232.30    233.41    4.7%    多41/空-1  停手:价格低于均价，14:30前禁止买入
江丰电子(300666)      359.50    365.93    7.5%    多79/空12  停手:价格低于均价，14:30前禁止买入
11:17:05 [INFO] 🫀 扫描心跳 第178轮开始
11:17:37 [INFO] 🫀 扫描心跳 第179轮开始
11:18:11 [INFO] 🫀 扫描心跳 第180轮开始
11:18:46 [INFO] 🫀 扫描心跳 第181轮开始
11:19:03 [INFO] 
📊 护城河防御面板 第181轮
──────────────────────────────────────────────────────────────────────
科创半导体ETF华夏(588170)    1.38      1.40    4.1%    多80/空-5  停手:价格低于均价，14:30前禁止买入
亨通光电(600487)       81.29     82.00    7.2%    多54/空-8  停手:价格低于均价，14:30前禁止买入
华工科技(000988)      163.62    164.58    3.9%    多23/空22  停手:买卖都不够强
拓维信息(002261)       32.41     32.36    6.7%    多-6/空39  停手:无可卖仓且买点不强
赛微电子(300456)       41.09     41.67   12.3%    多71/空-8  停手:价格低于均价，14:30前禁止买入
长芯博创(300548)      232.30    233.41    4.7%    多41/空-1  停手:价格低于均价，14:30前禁止买入
江丰电子(300666)      359.50    365.93    7.5%    多79/空12  停手:价格低于均价，14:30前禁止买入
11:19:18 [INFO] 🫀 扫描心跳 第182轮开始
11:19:52 [INFO] 🫀 扫描心跳 第183轮开始
11:20:24 [INFO] 🫀 扫描心跳 第184轮开始
11:20:57 [INFO] 🫀 扫描心跳 第185轮开始
11:21:14 [INFO] 
📊 护城河防御面板 第185轮
──────────────────────────────────────────────────────────────────────
科创半导体ETF华夏(588170)    1.38      1.40    4.4%    多82/空-5  停手:价格低于均价，14:30前禁止买入
亨通光电(600487)       81.22     81.96    7.2%   多103/空-8  停手:价格低于均价，14:30前禁止买入
华工科技(000988)      163.22    164.52    3.9%    多55/空22  停手:价格低于均价，14:30前禁止买入
拓维信息(002261)       32.32     32.35    6.7%    多43/空33  停手:价格低于均价，14:30前禁止买入
赛微电子(300456)       41.11     41.65   12.3%    多65/空-8  停手:价格低于均价，14:30前禁止买入
长芯博创(300548)      232.24    233.36    4.7%   多21/空-16  停手:买卖都不够强
江丰电子(300666)      360.00    365.67    7.5%    多76/空-8  停手:价格低于均价，14:30前禁止买入
11:21:29 [INFO] 🫀 扫描心跳 第186轮开始
11:22:01 [INFO] 🫀 扫描心跳 第187轮开始
11:22:33 [INFO] 🫀 扫描心跳 第188轮开始
11:23:06 [INFO] 🫀 扫描心跳 第189轮开始
11:23:24 [INFO] 
📊 护城河防御面板 第189轮
──────────────────────────────────────────────────────────────────────
科创半导体ETF华夏(588170)    1.38      1.40    4.4%    多51/空-5  停手:价格低于均价，14:30前禁止买入
亨通光电(600487)       80.94     81.92    7.2%    多81/空-8  停手:价格低于均价，14:30前禁止买入
华工科技(000988)      163.46    164.48    3.9%    多51/空22  停手:价格低于均价，14:30前禁止买入
拓维信息(002261)       32.41     32.35    6.7%    多12/空29  停手:无可卖仓且买点不强
赛微电子(300456)       41.08     41.64   12.3%    多61/空-8  停手:价格低于均价，14:30前禁止买入
长芯博创(300548)      232.17    233.30    4.7%   多25/空-16  停手:买卖都不够强
江丰电子(300666)      359.88    365.46    7.5%    多57/空-8  停手:价格低于均价，14:30前禁止买入
11:23:39 [INFO] 🫀 扫描心跳 第190轮开始
11:24:11 [INFO] 🫀 扫描心跳 第191轮开始
11:24:42 [INFO] 🫀 扫描心跳 第192轮开始
11:25:14 [INFO] 🫀 扫描心跳 第193轮开始
11:25:30 [INFO] 
📊 护城河防御面板 第193轮
──────────────────────────────────────────────────────────────────────
科创半导体ETF华夏(588170)    1.38      1.40    4.4%    多51/空-5  停手:价格低于均价，14:30前禁止买入
亨通光电(600487)       80.94     81.92    7.2%    多81/空-8  停手:价格低于均价，14:30前禁止买入
华工科技(000988)      163.46    164.48    3.9%    多51/空22  停手:价格低于均价，14:30前禁止买入
拓维信息(002261)       32.41     32.35    6.7%    多12/空29  停手:无可卖仓且买点不强
赛微电子(300456)       41.08     41.64   12.3%    多61/空-8  停手:价格低于均价，14:30前禁止买入
长芯博创(300548)      232.17    233.30    4.7%   多25/空-16  停手:买卖都不够强
江丰电子(300666)      359.88    365.46    7.5%    多57/空-8  停手:价格低于均价，14:30前禁止买入
11:25:45 [INFO] 🫀 扫描心跳 第194轮开始
11:26:18 [INFO] 🫀 扫描心跳 第195轮开始
11:26:50 [INFO] 🫀 扫描心跳 第196轮开始
11:27:21 [INFO] 🫀 扫描心跳 第197轮开始
11:27:37 [INFO] 
📊 护城河防御面板 第197轮
──────────────────────────────────────────────────────────────────────
科创半导体ETF华夏(588170)    1.37      1.40    4.9%    多74/空-5  停手:价格低于均价，14:30前禁止买入
亨通光电(600487)       80.65     81.88    7.3%   多113/空-8  停手:价格低于均价，14:30前禁止买入
华工科技(000988)      163.00    164.44    3.9%    多84/空22  停手:价格低于均价，14:30前禁止买入
拓维信息(002261)       32.70     32.36    6.7%    多-9/空20  停手:无可卖仓且买点不强
赛微电子(300456)       40.97     41.61   12.3%    多77/空-8  停手:价格低于均价，14:30前禁止买入
长芯博创(300548)      231.40    233.23    4.7%     多27/空3  停手:买卖都不够强
江丰电子(300666)      358.00    365.22    7.5%    多83/空12  停手:价格低于均价，14:30前禁止买入
11:27:52 [INFO] 🫀 扫描心跳 第198轮开始
11:28:24 [INFO] 🫀 扫描心跳 第199轮开始
11:28:56 [INFO] 🫀 扫描心跳 第200轮开始
11:29:02 [INFO] ✅ 飞书消息已成功送达: 亨通光电(600487) BUY_LOW - 加急通知已发送
11:29:04 [INFO] 🔔 已触发急促报警
11:29:32 [INFO] 🫀 扫描心跳 第201轮开始
11:29:49 [INFO] 
📊 护城河防御面板 第201轮
──────────────────────────────────────────────────────────────────────
科创半导体ETF华夏(588170)    1.37      1.39    5.7%     多45/空1  停手:价格低于均价，14:30前禁止买入
亨通光电(600487)       80.72     81.83    7.4%   多81/空-12  停手:价格低于均价，14:30前禁止买入
华工科技(000988)      162.93    164.38    3.9%    多45/空28  停手:价格低于均价，14:30前禁止买入
拓维信息(002261)       32.56     32.37    6.7%   多-15/空42  停手:无可卖仓且买点不强
赛微电子(300456)       40.88     41.58   12.3%  多125/空-12  停手:价格低于均价，14:30前禁止买入
长芯博创(300548)      231.29    233.13    4.7%   多45/空-10  停手:价格低于均价，14:30前禁止买入
江丰电子(300666)      358.07    364.85    8.1%    多45/空-2  停手:价格低于均价，14:30前禁止买入
11:30:04 [INFO] ⏸ 非交易时段，进入低频保活
11:40:04 [INFO] ⏸ 非交易时段，进入低频保活
13:10:36 [INFO] 🫀 扫描心跳 第202轮开始
13:11:19 [INFO] ✅ 飞书消息已成功送达: 长芯博创(300548) SELL_HIGH - 加急通知已发送
13:11:20 [INFO] 🔔 已触发急促报警
13:11:39 [INFO] 🫀 扫描心跳 第203轮开始
13:12:08 [INFO] 🫀 扫描心跳 第204轮开始
13:12:39 [INFO] 🫀 扫描心跳 第205轮开始
13:12:54 [INFO] 
📊 护城河防御面板 第205轮
──────────────────────────────────────────────────────────────────────
科创半导体ETF华夏(588170)    1.38      1.39    5.9%    多33/空44  停手:价格低于均价，14:30前禁止买入
亨通光电(600487)       81.08     81.70    7.4%     多36/空5  停手:价格低于均价，14:30前禁止买入
华工科技(000988)      163.56    164.18    4.4%     多9/空41  停手:买卖都不够强
拓维信息(002261)       32.38     32.38    6.7%    多-2/空68  停手:无可卖仓且买点不强
赛微电子(300456)       42.50     41.68   12.3%   多-24/空42  停手:买卖都不够强
长芯博创(300548)      230.61    232.68    5.4%    多32/空91  停手:价格低于均价，14:30前禁止买入
江丰电子(300666)      364.00    364.11    8.1%    多22/空41  停手:买卖都不够强
13:13:09 [INFO] 🫀 扫描心跳 第206轮开始
13:13:39 [INFO] 🫀 扫描心跳 第207轮开始
13:14:10 [INFO] 🫀 扫描心跳 第208轮开始
13:14:15 [INFO] 📊 动态份数 600487: 状态=normal 信号强度68/阈值46, 建议交易100股/份 (50%)
13:14:16 [INFO] ✅ 飞书消息已成功送达: 亨通光电(600487) SELL_HIGH - 加急通知已发送
13:14:17 [INFO] 🔔 已触发急促报警
13:14:46 [INFO] 🫀 扫描心跳 第209轮开始
13:15:03 [INFO] 
📊 护城河防御面板 第209轮
──────────────────────────────────────────────────────────────────────
科创半导体ETF华夏(588170)    1.38      1.39    5.9%     多29/空1  停手:价格低于均价，14:30前禁止买入
亨通光电(600487)       81.67     81.70    7.4%    多13/空68  停手:价格低于均价，14:30前禁止买入
华工科技(000988)      163.66    164.17    4.4%     多4/空28  停手:买卖都不够强
拓维信息(002261)       32.58     32.38    6.7%  多-11/空-11  停手:无可卖仓且买点不强
赛微电子(300456)       42.70     41.71   12.3%   多-34/空42  停手:买卖都不够强
长芯博创(300548)      230.00    232.59    5.4%    多32/空32  停手:价格低于均价，14:30前禁止买入
江丰电子(300666)      361.46    364.06    8.1%    多18/空-2  停手:买卖都不够强
13:15:18 [INFO] 🫀 扫描心跳 第210轮开始
13:15:49 [INFO] 🫀 扫描心跳 第211轮开始
13:16:20 [INFO] 🫀 扫描心跳 第212轮开始
13:17:05 [INFO] 🫀 扫描心跳 第213轮开始
13:17:20 [INFO] 
📊 护城河防御面板 第213轮
──────────────────────────────────────────────────────────────────────
科创半导体ETF华夏(588170)    1.38      1.39    5.9%     多29/空1  停手:价格低于均价，14:30前禁止买入
亨通光电(600487)       81.67     81.70    7.4%    多13/空68  停手:价格低于均价，14:30前禁止买入
华工科技(000988)      163.66    164.17    4.4%     多4/空28  停手:买卖都不够强
拓维信息(002261)       32.58     32.38    6.7%  多-11/空-11  停手:无可卖仓且买点不强
赛微电子(300456)       42.70     41.71   12.3%   多-34/空42  停手:买卖都不够强
长芯博创(300548)      230.00    232.59    5.4%    多32/空32  停手:价格低于均价，14:30前禁止买入
江丰电子(300666)      361.46    364.06    8.1%    多18/空-2  停手:买卖都不够强
13:17:35 [INFO] 🫀 扫描心跳 第214轮开始
13:17:49 [INFO] 📉 300456 卖出信号得分62分，低于10:00后阈值65分，静默处理（不推送飞书）
13:18:09 [INFO] 🫀 扫描心跳 第215轮开始
13:18:41 [INFO] 🫀 扫描心跳 第216轮开始
13:19:12 [INFO] 🫀 扫描心跳 第217轮开始
13:19:28 [INFO] 
📊 护城河防御面板 第217轮
──────────────────────────────────────────────────────────────────────
科创半导体ETF华夏(588170)    1.38      1.39    5.9%     多45/空1  停手:价格低于均价，14:30前禁止买入
亨通光电(600487)       81.41     81.69    7.4%    多45/空23  停手:价格低于均价，14:30前禁止买入
华工科技(000988)      163.66    164.15    4.4%    多14/空28  停手:买卖都不够强
拓维信息(002261)       32.67     32.39    6.7%    多-8/空93  停手:无可卖仓且买点不强
赛微电子(300456)       42.55     41.74   12.3%   多-34/空54  停手:已达当日买入上限1次
长芯博创(300548)      230.78    232.53    5.4%    多21/空17  停手:买卖都不够强
江丰电子(300666)      360.20    363.95    8.1%    多45/空-2  停手:价格低于均价，14:30前禁止买入
13:19:43 [INFO] 🫀 扫描心跳 第218轮开始
13:20:15 [INFO] 🫀 扫描心跳 第219轮开始
13:20:47 [INFO] 🫀 扫描心跳 第220轮开始
13:21:19 [INFO] 🫀 扫描心跳 第221轮开始
13:21:50 [INFO] 
📊 护城河防御面板 第221轮
──────────────────────────────────────────────────────────────────────
科创半导体ETF华夏(588170)    1.37      1.39    5.9%     多45/空1  停手:价格低于均价，14:30前禁止买入
亨通光电(600487)       81.07     81.68    7.4%    多45/空17  停手:价格低于均价，14:30前禁止买入
华工科技(000988)      163.00    164.13    4.4%    多20/空28  停手:买卖都不够强
拓维信息(002261)       32.72     32.40    6.7%   多-10/空78  停手:无可卖仓且买点不强
赛微电子(300456)       42.27     41.76   12.3%    多-1/空54  停手:已达当日买入上限1次
长芯博创(300548)      230.31    232.46    5.4%    多34/空42  停手:价格低于均价，14:30前禁止买入
江丰电子(300666)      358.70    363.74    8.1%    多45/空-2  停手:价格低于均价，14:30前禁止买入
13:22:05 [INFO] 🫀 扫描心跳 第222轮开始
13:22:37 [INFO] 🫀 扫描心跳 第223轮开始
13:23:08 [INFO] 🫀 扫描心跳 第224轮开始
13:23:39 [INFO] 🫀 扫描心跳 第225轮开始
13:23:55 [INFO] 
📊 护城河防御面板 第225轮
──────────────────────────────────────────────────────────────────────
科创半导体ETF华夏(588170)    1.37      1.39    5.9%     多45/空1  停手:价格低于均价，14:30前禁止买入
亨通光电(600487)       81.07     81.68    7.4%    多45/空17  停手:价格低于均价，14:30前禁止买入
华工科技(000988)      163.00    164.13    4.4%    多20/空28  停手:买卖都不够强
拓维信息(002261)       32.72     32.40    6.7%   多-10/空78  停手:无可卖仓且买点不强
赛微电子(300456)       42.27     41.76   12.3%    多-1/空54  停手:已达当日买入上限1次
长芯博创(300548)      230.31    232.46    5.4%    多34/空42  停手:价格低于均价，14:30前禁止买入
江丰电子(300666)      358.70    363.74    8.1%    多45/空-2  停手:价格低于均价，14:30前禁止买入
13:24:10 [INFO] 🫀 扫描心跳 第226轮开始
13:24:44 [INFO] 🫀 扫描心跳 第227轮开始
13:25:15 [INFO] 🫀 扫描心跳 第228轮开始
13:25:46 [INFO] 🫀 扫描心跳 第229轮开始
13:26:03 [INFO] 
📊 护城河防御面板 第229轮
──────────────────────────────────────────────────────────────────────
科创半导体ETF华夏(588170)    1.37      1.39    5.9%     多34/空1  停手:价格低于均价，14:30前禁止买入
亨通光电(600487)       81.07     81.66    7.4%    多45/空17  停手:价格低于均价，14:30前禁止买入
华工科技(000988)      163.42    164.10    4.4%     多0/空28  停手:买卖都不够强
拓维信息(002261)       32.69     32.41    6.7%   多-10/空82  停手:无可卖仓且买点不强
赛微电子(300456)       42.56     41.78   12.3%   多-14/空16  停手:买卖都不够强
长芯博创(300548)      230.69    232.41    5.4%    多17/空46  停手:买卖都不够强
江丰电子(300666)      360.48    363.63    8.1%    多45/空-2  停手:价格低于均价，14:30前禁止买入
13:26:18 [INFO] 🫀 扫描心跳 第230轮开始
13:26:50 [INFO] 🫀 扫描心跳 第231轮开始
13:27:22 [INFO] 🫀 扫描心跳 第232轮开始
13:27:55 [INFO] 🫀 扫描心跳 第233轮开始
13:28:12 [INFO] 
📊 护城河防御面板 第233轮
──────────────────────────────────────────────────────────────────────
科创半导体ETF华夏(588170)    1.37      1.39    5.9%     多45/空1  停手:价格低于均价，14:30前禁止买入
亨通光电(600487)       80.99     81.64    7.4%    多45/空17  停手:价格低于均价，14:30前禁止买入
华工科技(000988)      162.97    164.07    4.4%    多45/空28  停手:价格低于均价，14:30前禁止买入
拓维信息(002261)       32.67     32.42    6.7%   多-10/空72  停手:无可卖仓且买点不强
赛微电子(300456)       42.34     41.80   12.3%   多-26/空36  停手:已达当日买入上限1次
长芯博创(300548)      230.95    232.36    5.4%    多21/空27  停手:买卖都不够强
江丰电子(300666)      358.88    363.51    8.1%    多34/空-2  停手:价格低于均价，14:30前禁止买入
13:28:27 [INFO] 🫀 扫描心跳 第234轮开始
13:28:59 [INFO] 🫀 扫描心跳 第235轮开始
13:29:31 [INFO] 🫀 扫描心跳 第236轮开始
13:30:02 [INFO] 🫀 扫描心跳 第237轮开始
13:30:19 [INFO] 
📊 护城河防御面板 第237轮
──────────────────────────────────────────────────────────────────────
科创半导体ETF华夏(588170)    1.37      1.39    5.9%     多45/空1  停手:价格低于均价，14:30前禁止买入
亨通光电(600487)       80.99     81.64    7.4%    多45/空17  停手:价格低于均价，14:30前禁止买入
华工科技(000988)      162.97    164.07    4.4%    多45/空28  停手:价格低于均价，14:30前禁止买入
拓维信息(002261)       32.67     32.42    6.7%   多-10/空72  停手:无可卖仓且买点不强
赛微电子(300456)       42.34     41.80   12.3%   多-26/空36  停手:已达当日买入上限1次
长芯博创(300548)      230.95    232.36    5.4%    多21/空27  停手:买卖都不够强
江丰电子(300666)      358.88    363.51    8.1%    多34/空-2  停手:价格低于均价，14:30前禁止买入
13:30:34 [INFO] 🫀 扫描心跳 第238轮开始
13:31:07 [INFO] 🫀 扫描心跳 第239轮开始
13:31:39 [INFO] 🫀 扫描心跳 第240轮开始
13:32:25 [INFO] 🫀 扫描心跳 第241轮开始
13:32:42 [INFO] 
📊 护城河防御面板 第241轮
──────────────────────────────────────────────────────────────────────
科创半导体ETF华夏(588170)    1.36      1.39    5.9%     多45/空1  停手:价格低于均价，14:30前禁止买入
亨通光电(600487)       81.02     81.63    7.4%    多45/空17  停手:价格低于均价，14:30前禁止买入
华工科技(000988)      162.96    164.04    4.4%    多45/空28  停手:价格低于均价，14:30前禁止买入
拓维信息(002261)       32.66     32.43    6.7%    多-4/空72  停手:无可卖仓且买点不强
赛微电子(300456)       42.41     41.82   12.3%   多-10/空36  停手:已达当日买入上限1次
长芯博创(300548)      231.89    232.35    5.4%    多-1/空39  停手:买卖都不够强
江丰电子(300666)      360.54    363.43    8.1%    多34/空-2  停手:价格低于均价，14:30前禁止买入
13:32:57 [INFO] 🫀 扫描心跳 第242轮开始
13:33:28 [INFO] 🫀 扫描心跳 第243轮开始
13:34:00 [INFO] 🫀 扫描心跳 第244轮开始
13:34:33 [INFO] 🫀 扫描心跳 第245轮开始
13:34:50 [INFO] 
📊 护城河防御面板 第245轮
──────────────────────────────────────────────────────────────────────
科创半导体ETF华夏(588170)    1.36      1.39    5.9%     多45/空1  停手:价格低于均价，14:30前禁止买入
亨通光电(600487)       81.16     81.62    7.4%    多31/空23  停手:价格低于均价，14:30前禁止买入
华工科技(000988)      163.03    164.01    4.4%    多15/空28  停手:买卖都不够强
拓维信息(002261)       32.64     32.44    6.7%   多-19/空57  停手:无可卖仓且买点不强
赛微电子(300456)       42.30     41.83   12.3%   多-11/空36  停手:已达当日买入上限1次
长芯博创(300548)      232.31    232.36    5.4%     多5/空42  停手:买卖都不够强
江丰电子(300666)      359.50    363.33    8.1%    多45/空-2  停手:价格低于均价，14:30前禁止买入
13:35:05 [INFO] 🫀 扫描心跳 第246轮开始
13:35:39 [INFO] 🫀 扫描心跳 第247轮开始
13:36:11 [INFO] 🫀 扫描心跳 第248轮开始
13:36:43 [INFO] 🫀 扫描心跳 第249轮开始
13:36:59 [INFO] 
📊 护城河防御面板 第249轮
──────────────────────────────────────────────────────────────────────
科创半导体ETF华夏(588170)    1.36      1.39    5.9%     多45/空1  停手:价格低于均价，14:30前禁止买入
亨通光电(600487)       81.16     81.62    7.4%    多31/空23  停手:价格低于均价，14:30前禁止买入
华工科技(000988)      163.03    164.01    4.4%    多15/空28  停手:买卖都不够强
拓维信息(002261)       32.64     32.44    6.7%   多-19/空57  停手:无可卖仓且买点不强
赛微电子(300456)       42.30     41.83   12.3%   多-11/空36  停手:已达当日买入上限1次
长芯博创(300548)      232.31    232.36    5.4%     多5/空42  停手:买卖都不够强
江丰电子(300666)      359.50    363.33    8.1%    多45/空-2  停手:价格低于均价，14:30前禁止买入
13:37:14 [INFO] 🫀 扫描心跳 第250轮开始
13:37:48 [INFO] 🫀 扫描心跳 第251轮开始
13:38:20 [INFO] 🫀 扫描心跳 第252轮开始
13:38:53 [INFO] 🫀 扫描心跳 第253轮开始
13:39:09 [INFO] 
📊 护城河防御面板 第253轮
──────────────────────────────────────────────────────────────────────
科创半导体ETF华夏(588170)    1.36      1.39    5.9%     多45/空1  停手:价格低于均价，14:30前禁止买入
亨通光电(600487)       80.43     81.58    7.4%    多45/空17  停手:价格低于均价，14:30前禁止买入
华工科技(000988)      162.30    163.97    4.4%    多45/空28  停手:价格低于均价，14:30前禁止买入
拓维信息(002261)       32.42     32.44    6.7%    多30/空53  停手:价格低于均价，14:30前禁止买入
赛微电子(300456)       42.04     41.84   12.3%      多3/空6  停手:买卖都不够强
长芯博创(300548)      229.89    232.30    5.4%    多45/空48  停手:价格低于均价，14:30前禁止买入
江丰电子(300666)      356.28    363.16    8.1%    多45/空-2  停手:价格低于均价，14:30前禁止买入
13:39:24 [INFO] 🫀 扫描心跳 第254轮开始
13:39:56 [INFO] 🫀 扫描心跳 第255轮开始
13:40:28 [INFO] 🫀 扫描心跳 第256轮开始
13:41:02 [INFO] 🫀 扫描心跳 第257轮开始
13:41:24 [INFO] 
📊 护城河防御面板 第257轮
──────────────────────────────────────────────────────────────────────
科创半导体ETF华夏(588170)    1.35      1.39    6.4%     多45/空1  停手:价格低于均价，14:30前禁止买入
亨通光电(600487)       80.30     81.55    7.5%   多45/空-10  停手:价格低于均价，14:30前禁止买入
华工科技(000988)      161.25    163.91    4.8%    多45/空28  停手:价格低于均价，14:30前禁止买入
拓维信息(002261)       32.49     32.44    6.7%    多25/空25  停手:无可卖仓且买点不强
赛微电子(300456)       41.90     41.84   12.3%     多23/空2  停手:买卖都不够强
长芯博创(300548)      230.11    232.24    5.4%    多45/空33  停手:价格低于均价，14:30前禁止买入
江丰电子(300666)      356.45    362.98    8.1%    多45/空18  停手:价格低于均价，14:30前禁止买入
13:41:39 [INFO] 🫀 扫描心跳 第258轮开始
13:42:26 [INFO] 🫀 扫描心跳 第259轮开始
13:42:57 [INFO] 🫀 扫描心跳 第260轮开始
13:43:29 [INFO] 🫀 扫描心跳 第261轮开始
13:43:49 [INFO] 
📊 护城河防御面板 第261轮
──────────────────────────────────────────────────────────────────────
科创半导体ETF华夏(588170)    1.36      1.38    6.4%     多45/空1  停手:价格低于均价，14:30前禁止买入
亨通光电(600487)       80.42     81.53    7.5%   多45/空-10  停手:价格低于均价，14:30前禁止买入
华工科技(000988)      161.95    163.86    5.0%    多45/空28  停手:价格低于均价，14:30前禁止买入
拓维信息(002261)       32.43     32.44    6.7%    多22/空10  停手:无可卖仓且买点不强
赛微电子(300456)       42.16     41.85   12.3%   多-4/空-28  停手:买卖都不够强
长芯博创(300548)      230.07    232.19    5.4%    多31/空48  停手:价格低于均价，14:30前禁止买入
江丰电子(300666)      357.92    362.87    8.1%    多45/空18  停手:价格低于均价，14:30前禁止买入
13:44:04 [INFO] 🫀 扫描心跳 第262轮开始
13:44:35 [INFO] 🫀 扫描心跳 第263轮开始
13:45:08 [INFO] 🫀 扫描心跳 第264轮开始
13:45:40 [INFO] 🫀 扫描心跳 第265轮开始
13:45:56 [INFO] 
📊 护城河防御面板 第265轮
──────────────────────────────────────────────────────────────────────
科创半导体ETF华夏(588170)    1.36      1.38    6.4%     多45/空1  停手:价格低于均价，14:30前禁止买入
亨通光电(600487)       80.42     81.53    7.5%   多45/空-10  停手:价格低于均价，14:30前禁止买入
华工科技(000988)      161.95    163.86    5.0%    多45/空28  停手:价格低于均价，14:30前禁止买入
拓维信息(002261)       32.43     32.44    6.7%    多22/空10  停手:无可卖仓且买点不强
赛微电子(300456)       42.16     41.85   12.3%   多-4/空-28  停手:买卖都不够强
长芯博创(300548)      230.07    232.19    5.4%    多31/空48  停手:价格低于均价，14:30前禁止买入
江丰电子(300666)      357.92    362.87    8.1%    多45/空18  停手:价格低于均价，14:30前禁止买入
13:46:11 [INFO] 🫀 扫描心跳 第266轮开始
13:46:43 [INFO] 🫀 扫描心跳 第267轮开始
13:46:55 [INFO] ✅ 飞书消息已成功送达: 拓维信息(002261) BUY_LOW - 加急通知已发送
13:46:56 [INFO] 🔔 已触发急促报警
13:47:20 [INFO] 🫀 扫描心跳 第268轮开始
13:47:52 [INFO] 🫀 扫描心跳 第269轮开始
13:48:10 [INFO] 
📊 护城河防御面板 第269轮
──────────────────────────────────────────────────────────────────────
科创半导体ETF华夏(588170)    1.34      1.38    7.1%     多45/空1  停手:价格低于均价，14:30前禁止买入
亨通光电(600487)       80.18     81.50    7.7%   多45/空-10  停手:价格低于均价，14:30前禁止买入
华工科技(000988)      161.29    163.79    5.0%    多45/空28  停手:价格低于均价，14:30前禁止买入
拓维信息(002261)       32.27     32.43    6.7%    多68/空29  停手:价格低于均价，14:30前禁止买入
赛微电子(300456)       42.11     41.86   12.3%    多-6/空32  停手:买卖都不够强
长芯博创(300548)      229.14    232.13    5.4%    多45/空44  停手:价格低于均价，14:30前禁止买入
江丰电子(300666)      356.00    362.65    8.1%    多45/空18  停手:价格低于均价，14:30前禁止买入
13:48:25 [INFO] 🫀 扫描心跳 第270轮开始
13:48:57 [INFO] 🫀 扫描心跳 第271轮开始
13:49:29 [INFO] 🫀 扫描心跳 第272轮开始
13:50:02 [INFO] 🫀 扫描心跳 第273轮开始
13:50:20 [INFO] 
📊 护城河防御面板 第273轮
──────────────────────────────────────────────────────────────────────
科创半导体ETF华夏(588170)    1.35      1.38    7.1%     多45/空1  停手:价格低于均价，14:30前禁止买入
亨通光电(600487)       80.25     81.46    7.9%   多45/空-10  停手:价格低于均价，14:30前禁止买入
华工科技(000988)      161.43    163.71    5.0%    多45/空28  停手:价格低于均价，14:30前禁止买入
拓维信息(002261)       32.33     32.43    6.7%    多28/空10  停手:价格低于均价，14:30前禁止买入
赛微电子(300456)       42.35     41.87   12.3%   多-30/空12  停手:买卖都不够强
长芯博创(300548)      229.60    232.04    5.4%    多45/空17  停手:价格低于均价，14:30前禁止买入
江丰电子(300666)      355.00    362.47    8.4%    多45/空18  停手:价格低于均价，14:30前禁止买入
13:50:35 [INFO] 🫀 扫描心跳 第274轮开始
13:51:08 [INFO] 🫀 扫描心跳 第275轮开始
13:51:41 [INFO] 🫀 扫描心跳 第276轮开始
13:52:13 [INFO] 🫀 扫描心跳 第277轮开始
13:52:45 [INFO] 
📊 护城河防御面板 第277轮
──────────────────────────────────────────────────────────────────────
科创半导体ETF华夏(588170)    1.35      1.38    7.1%     多45/空1  停手:价格低于均价，14:30前禁止买入
亨通光电(600487)       80.25     81.46    7.9%   多45/空-10  停手:价格低于均价，14:30前禁止买入
华工科技(000988)      161.43    163.71    5.0%    多45/空28  停手:价格低于均价，14:30前禁止买入
拓维信息(002261)       32.33     32.43    6.7%    多28/空10  停手:价格低于均价，14:30前禁止买入
赛微电子(300456)       42.35     41.87   12.3%   多-30/空12  停手:买卖都不够强
长芯博创(300548)      229.60    232.04    5.4%    多45/空17  停手:价格低于均价，14:30前禁止买入
江丰电子(300666)      355.00    362.47    8.4%    多45/空18  停手:价格低于均价，14:30前禁止买入
13:53:00 [INFO] 🫀 扫描心跳 第278轮开始
13:53:31 [INFO] 🫀 扫描心跳 第279轮开始
13:54:04 [INFO] 🫀 扫描心跳 第280轮开始
13:54:36 [INFO] 🫀 扫描心跳 第281轮开始
13:54:53 [INFO] 
📊 护城河防御面板 第281轮
──────────────────────────────────────────────────────────────────────
科创半导体ETF华夏(588170)    1.35      1.38    7.1%     多42/空1  停手:价格低于均价，14:30前禁止买入
亨通光电(600487)       80.31     81.43    7.9%   多45/空-10  停手:价格低于均价，14:30前禁止买入
华工科技(000988)      161.95    163.66    5.0%    多45/空28  停手:价格低于均价，14:30前禁止买入
拓维信息(002261)       32.48     32.43    6.7%   多-12/空53  停手:无可卖仓且买点不强
赛微电子(300456)       42.55     41.89   12.3%   多-30/空12  停手:买卖都不够强
长芯博创(300548)      229.66    231.99    5.4%    多45/空17  停手:价格低于均价，14:30前禁止买入
江丰电子(300666)      355.10    362.30    8.7%    多45/空18  停手:价格低于均价，14:30前禁止买入
13:55:08 [INFO] 🫀 扫描心跳 第282轮开始
13:55:41 [INFO] 🫀 扫描心跳 第283轮开始
13:56:14 [INFO] 🫀 扫描心跳 第284轮开始
13:56:46 [INFO] 🫀 扫描心跳 第285轮开始
13:57:06 [INFO] 
📊 护城河防御面板 第285轮
──────────────────────────────────────────────────────────────────────
科创半导体ETF华夏(588170)    1.35      1.38    7.1%     多38/空1  停手:价格低于均价，14:30前禁止买入
亨通光电(600487)       80.09     81.40    7.9%   多45/空-10  停手:价格低于均价，14:30前禁止买入
华工科技(000988)      161.20    163.61    5.0%    多45/空28  停手:价格低于均价，14:30前禁止买入
拓维信息(002261)       32.28     32.43    6.7%    多28/空39  停手:价格低于均价，14:30前禁止买入
赛微电子(300456)       42.37     41.90   12.3%    多-9/空32  停手:买卖都不够强
长芯博创(300548)      229.35    231.93    5.4%    多45/空36  停手:价格低于均价，14:30前禁止买入
江丰电子(300666)      352.20    362.02    9.2%    多45/空18  停手:价格低于均价，14:30前禁止买入
13:57:21 [INFO] 🫀 扫描心跳 第286轮开始
13:57:52 [INFO] 🫀 扫描心跳 第287轮开始
13:58:24 [INFO] 🫀 扫描心跳 第288轮开始
13:58:56 [INFO] 🫀 扫描心跳 第289轮开始
13:59:12 [INFO] 
📊 护城河防御面板 第289轮
──────────────────────────────────────────────────────────────────────
科创半导体ETF华夏(588170)    1.35      1.38    7.1%     多38/空1  停手:价格低于均价，14:30前禁止买入
亨通光电(600487)       80.09     81.40    7.9%   多45/空-10  停手:价格低于均价，14:30前禁止买入
华工科技(000988)      161.20    163.61    5.0%    多45/空28  停手:价格低于均价，14:30前禁止买入
拓维信息(002261)       32.28     32.43    6.7%    多28/空39  停手:价格低于均价，14:30前禁止买入
赛微电子(300456)       42.37     41.90   12.3%    多-9/空32  停手:买卖都不够强
长芯博创(300548)      229.35    231.93    5.4%    多45/空36  停手:价格低于均价，14:30前禁止买入
江丰电子(300666)      352.20    362.02    9.2%    多45/空18  停手:价格低于均价，14:30前禁止买入
13:59:27 [INFO] 🫀 扫描心跳 第290轮开始
13:59:59 [INFO] 🫀 扫描心跳 第291轮开始
14:00:32 [INFO] 🫀 扫描心跳 第292轮开始
14:01:05 [INFO] 🫀 扫描心跳 第293轮开始
14:01:21 [INFO] 
📊 护城河防御面板 第293轮
──────────────────────────────────────────────────────────────────────
科创半导体ETF华夏(588170)    1.34      1.38    7.2%     多45/空1  停手:价格低于均价，14:30前禁止买入
亨通光电(600487)       79.90     81.36    8.1%   多45/空-10  停手:价格低于均价，14:30前禁止买入
华工科技(000988)      160.30    163.52    5.4%    多45/空28  停手:价格低于均价，14:30前禁止买入
拓维信息(002261)       32.33     32.42    6.7%    多28/空50  停手:价格低于均价，14:30前禁止买入
赛微电子(300456)       42.19     41.91   12.3%    多14/空32  停手:买卖都不够强
长芯博创(300548)      229.02    231.84    5.4%    多45/空51  停手:价格低于均价，14:30前禁止买入
江丰电子(300666)      351.50    361.76    9.6%    多45/空18  停手:价格低于均价，14:30前禁止买入
14:01:36 [INFO] 🫀 扫描心跳 第294轮开始
14:02:08 [INFO] 🫀 扫描心跳 第295轮开始
14:02:41 [INFO] 🫀 扫描心跳 第296轮开始
14:03:12 [INFO] 🫀 扫描心跳 第297轮开始
14:03:31 [INFO] 
📊 护城河防御面板 第297轮
──────────────────────────────────────────────────────────────────────
科创半导体ETF华夏(588170)    1.33      1.38    7.8%     多45/空1  停手:价格低于均价，14:30前禁止买入
亨通光电(600487)       79.95     81.33    8.1%   多45/空-10  停手:价格低于均价，14:30前禁止买入
华工科技(000988)      160.53    163.45    5.6%    多45/空28  停手:价格低于均价，14:30前禁止买入
拓维信息(002261)       32.17     32.42    6.7%    多58/空44  停手:价格低于均价，14:30前禁止买入
赛微电子(300456)       42.09     41.92   12.3%     多44/空2  停手:已达当日买入上限1次
长芯博创(300548)      228.78    231.77    5.6%    多45/空32  停手:价格低于均价，14:30前禁止买入
江丰电子(300666)      350.93    361.51   10.0%    多45/空18  停手:价格低于均价，14:30前禁止买入
14:03:46 [INFO] 🫀 扫描心跳 第298轮开始
14:04:19 [INFO] 🫀 扫描心跳 第299轮开始
14:04:51 [INFO] 🫀 扫描心跳 第300轮开始
14:05:23 [INFO] 🫀 扫描心跳 第301轮开始
14:05:40 [INFO] 
📊 护城河防御面板 第301轮
──────────────────────────────────────────────────────────────────────
科创半导体ETF华夏(588170)    1.33      1.38    7.8%     多45/空1  停手:价格低于均价，14:30前禁止买入
亨通光电(600487)       79.95     81.33    8.1%   多45/空-10  停手:价格低于均价，14:30前禁止买入
华工科技(000988)      160.53    163.45    5.6%    多45/空28  停手:价格低于均价，14:30前禁止买入
拓维信息(002261)       32.17     32.42    6.7%    多58/空44  停手:价格低于均价，14:30前禁止买入
赛微电子(300456)       42.09     41.92   12.3%     多44/空2  停手:已达当日买入上限1次
长芯博创(300548)      228.78    231.77    5.6%    多45/空32  停手:价格低于均价，14:30前禁止买入
江丰电子(300666)      350.93    361.51   10.0%    多45/空18  停手:价格低于均价，14:30前禁止买入
14:05:55 [INFO] 🫀 扫描心跳 第302轮开始
14:06:27 [INFO] 🫀 扫描心跳 第303轮开始
14:07:00 [INFO] 🫀 扫描心跳 第304轮开始
14:07:32 [INFO] 🫀 扫描心跳 第305轮开始
14:07:49 [INFO] 
📊 护城河防御面板 第305轮
──────────────────────────────────────────────────────────────────────
科创半导体ETF华夏(588170)    1.33      1.38    8.0%     多45/空1  停手:价格低于均价，14:30前禁止买入
亨通光电(600487)       79.80     81.30    8.2%   多45/空-10  停手:价格低于均价，14:30前禁止买入
华工科技(000988)      160.42    163.38    5.6%    多45/空28  停手:价格低于均价，14:30前禁止买入
拓维信息(002261)       32.29     32.41    6.7%    多40/空22  停手:价格低于均价，14:30前禁止买入
赛微电子(300456)       42.03     41.92   12.3%     多23/空2  停手:买卖都不够强
长芯博创(300548)      228.20    231.70    5.6%    多45/空51  停手:价格低于均价，14:30前禁止买入
江丰电子(300666)      349.12    361.27   10.2%    多45/空24  停手:价格低于均价，14:30前禁止买入
14:08:04 [INFO] 🫀 扫描心跳 第306轮开始
14:08:37 [INFO] 🫀 扫描心跳 第307轮开始
14:09:08 [INFO] 🫀 扫描心跳 第308轮开始
14:09:41 [INFO] 🫀 扫描心跳 第309轮开始
14:09:58 [INFO] 
📊 护城河防御面板 第309轮
──────────────────────────────────────────────────────────────────────
科创半导体ETF华夏(588170)    1.32      1.38    9.1%     多45/空6  停手:价格低于均价，14:30前禁止买入
亨通光电(600487)       79.33     81.26    8.8%   多45/空-10  停手:价格低于均价，14:30前禁止买入
华工科技(000988)      159.30    163.30    6.1%    多45/空28  停手:价格低于均价，14:30前禁止买入
拓维信息(002261)       32.10     32.41    6.7%    多89/空41  停手:价格低于均价，14:30前禁止买入
赛微电子(300456)       41.74     41.92   12.3%     多55/空2  停手:价格低于均价，14:30前禁止买入
长芯博创(300548)      227.10    231.61    6.2%    多45/空31  停手:价格低于均价，14:30前禁止买入
江丰电子(300666)      348.77    360.97   11.0%    多45/空24  停手:价格低于均价，14:30前禁止买入
14:10:13 [INFO] 🫀 扫描心跳 第310轮开始
14:10:45 [INFO] 🫀 扫描心跳 第311轮开始
14:11:19 [INFO] 🫀 扫描心跳 第312轮开始
14:11:55 [INFO] 🫀 扫描心跳 第313轮开始
14:12:14 [INFO] 
📊 护城河防御面板 第313轮
──────────────────────────────────────────────────────────────────────
科创半导体ETF华夏(588170)    1.32      1.38    9.1%    多45/空10  停手:价格低于均价，14:30前禁止买入
亨通光电(600487)       79.33     81.26    8.8%   多45/空-10  停手:价格低于均价，14:30前禁止买入
华工科技(000988)      159.30    163.30    6.1%    多45/空28  停手:价格低于均价，14:30前禁止买入
拓维信息(002261)       32.10     32.41    6.7%    多89/空41  停手:价格低于均价，14:30前禁止买入
赛微电子(300456)       41.74     41.92   12.3%   多67/空-28  停手:价格低于均价，14:30前禁止买入
长芯博创(300548)      227.10    231.61    6.2%    多45/空32  停手:价格低于均价，14:30前禁止买入
江丰电子(300666)      348.77    360.97   11.0%    多45/空-2  停手:价格低于均价，14:30前禁止买入
14:12:29 [INFO] 🫀 扫描心跳 第314轮开始
14:13:03 [INFO] 🫀 扫描心跳 第315轮开始
14:13:36 [INFO] 🫀 扫描心跳 第316轮开始
14:14:08 [INFO] 🫀 扫描心跳 第317轮开始
14:14:24 [INFO] 
📊 护城河防御面板 第317轮
──────────────────────────────────────────────────────────────────────
科创半导体ETF华夏(588170)    1.32      1.37    9.1%     多45/空5  停手:价格低于均价，14:30前禁止买入
亨通光电(600487)       79.37     81.21    8.8%   多45/空-10  停手:价格低于均价，14:30前禁止买入
华工科技(000988)      159.70    163.20    6.0%    多45/空28  停手:价格低于均价，14:30前禁止买入
拓维信息(002261)       32.17     32.40    6.7%    多82/空30  停手:价格低于均价，14:30前禁止买入
赛微电子(300456)       41.73     41.91   12.3%   多99/空-28  停手:价格低于均价，14:30前禁止买入
长芯博创(300548)      227.84    231.50    6.2%    多45/空13  停手:价格低于均价，14:30前禁止买入
江丰电子(300666)      345.70    360.53   11.4%    多45/空-2  停手:价格低于均价，14:30前禁止买入
14:14:39 [INFO] 🫀 扫描心跳 第318轮开始
14:15:26 [INFO] 🫀 扫描心跳 第319轮开始
14:15:59 [INFO] 🫀 扫描心跳 第320轮开始
14:16:32 [INFO] 🫀 扫描心跳 第321轮开始
14:16:51 [INFO] 
📊 护城河防御面板 第321轮
──────────────────────────────────────────────────────────────────────
科创半导体ETF华夏(588170)    1.34      1.37    9.2%     多45/空5  停手:价格低于均价，14:30前禁止买入
亨通光电(600487)       79.59     81.17    8.9%    多45/空-2  停手:价格低于均价，14:30前禁止买入
华工科技(000988)      160.30    163.13    6.1%    多45/空28  停手:价格低于均价，14:30前禁止买入
拓维信息(002261)       32.19     32.39    6.7%    多72/空30  停手:价格低于均价，14:30前禁止买入
赛微电子(300456)       41.89     41.91   12.3%   多49/空-28  停手:价格低于均价，14:30前禁止买入
长芯博创(300548)      228.19    231.43    6.2%    多45/空13  停手:价格低于均价，14:30前禁止买入
江丰电子(300666)      351.22    360.30   11.4%    多45/空-2  停手:价格低于均价，14:30前禁止买入
14:17:06 [INFO] 🫀 扫描心跳 第322轮开始
14:17:38 [INFO] 🫀 扫描心跳 第323轮开始
14:18:12 [INFO] 🫀 扫描心跳 第324轮开始
14:18:45 [INFO] 🫀 扫描心跳 第325轮开始
14:19:02 [INFO] 
📊 护城河防御面板 第325轮
──────────────────────────────────────────────────────────────────────
科创半导体ETF华夏(588170)    1.34      1.37    9.2%     多45/空5  停手:价格低于均价，14:30前禁止买入
亨通光电(600487)       79.59     81.17    8.9%    多45/空-2  停手:价格低于均价，14:30前禁止买入
华工科技(000988)      160.30    163.13    6.1%    多45/空28  停手:价格低于均价，14:30前禁止买入
拓维信息(002261)       32.19     32.39    6.7%    多72/空30  停手:价格低于均价，14:30前禁止买入
赛微电子(300456)       41.89     41.91   12.3%   多49/空-20  停手:价格低于均价，14:30前禁止买入
长芯博创(300548)      228.19    231.43    6.2%    多45/空13  停手:价格低于均价，14:30前禁止买入
江丰电子(300666)      351.22    360.30   11.4%    多45/空-2  停手:价格低于均价，14:30前禁止买入
14:19:17 [INFO] 🫀 扫描心跳 第326轮开始
14:19:49 [INFO] 🫀 扫描心跳 第327轮开始
14:20:04 [INFO] 📊 动态份数 300548: 状态=normal 信号强度71/阈值33, 建议交易100股/份 (100%)
14:20:05 [INFO] ✅ 飞书消息已成功送达: 长芯博创(300548) SELL_HIGH - 加急通知已发送
14:20:07 [INFO] 🔔 已触发急促报警
14:20:25 [INFO] 🫀 扫描心跳 第328轮开始
14:20:57 [INFO] 🫀 扫描心跳 第329轮开始
14:21:15 [INFO] 
📊 护城河防御面板 第329轮
──────────────────────────────────────────────────────────────────────
科创半导体ETF华夏(588170)    1.35      1.37    9.2%    多45/空48  停手:价格低于均价，14:30前禁止买入
亨通光电(600487)       79.90     81.14    8.9%    多45/空-2  停手:价格低于均价，14:30前禁止买入
华工科技(000988)      161.84    163.09    6.1%    多23/空41  停手:买卖都不够强
拓维信息(002261)       32.27     32.39    6.7%    多54/空30  停手:价格低于均价，14:30前禁止买入
赛微电子(300456)       41.99     41.91   12.3%     多9/空23  停手:买卖都不够强
长芯博创(300548)      228.72    231.37    6.2%    多45/空71  停手:价格低于均价，14:30前禁止买入
江丰电子(300666)      353.50    360.09   11.4%    多37/空-2  停手:价格低于均价，14:30前禁止买入
14:21:30 [INFO] 🫀 扫描心跳 第330轮开始
14:22:01 [INFO] 🫀 扫描心跳 第331轮开始
14:22:33 [INFO] 🫀 扫描心跳 第332轮开始
14:23:05 [INFO] 🫀 扫描心跳 第333轮开始
14:23:24 [INFO] 
📊 护城河防御面板 第333轮
──────────────────────────────────────────────────────────────────────
科创半导体ETF华夏(588170)    1.34      1.37    9.2%     多45/空5  停手:价格低于均价，14:30前禁止买入
亨通光电(600487)       79.32     81.10    8.9%    多45/空-2  停手:价格低于均价，14:30前禁止买入
华工科技(000988)      161.60    163.05    6.1%    多38/空28  停手:价格低于均价，14:30前禁止买入
拓维信息(002261)       32.20     32.39    6.7%    多86/空65  停手:价格低于均价，14:30前禁止买入
赛微电子(300456)       41.80     41.91   12.3%   多87/空-20  停手:价格低于均价，14:30前禁止买入
长芯博创(300548)      227.18    231.27    6.2%    多45/空24  停手:价格低于均价，14:30前禁止买入
江丰电子(300666)      352.10    359.94   11.4%    多45/空-2  停手:价格低于均价，14:30前禁止买入
14:23:39 [INFO] 🫀 扫描心跳 第334轮开始
14:24:11 [INFO] 🫀 扫描心跳 第335轮开始
14:24:44 [INFO] 🫀 扫描心跳 第336轮开始
14:25:17 [INFO] 🫀 扫描心跳 第337轮开始
14:25:33 [INFO] 
📊 护城河防御面板 第337轮
──────────────────────────────────────────────────────────────────────
科创半导体ETF华夏(588170)    1.34      1.37    9.2%     多45/空5  停手:价格低于均价，14:30前禁止买入
亨通光电(600487)       79.32     81.10    8.9%    多45/空-2  停手:价格低于均价，14:30前禁止买入
华工科技(000988)      161.60    163.05    6.1%    多38/空28  停手:价格低于均价，14:30前禁止买入
拓维信息(002261)       32.20     32.39    6.7%    多86/空65  停手:价格低于均价，14:30前禁止买入
赛微电子(300456)       41.80     41.91   12.3%   多87/空-20  停手:价格低于均价，14:30前禁止买入
长芯博创(300548)      227.18    231.27    6.2%    多45/空24  停手:价格低于均价，14:30前禁止买入
江丰电子(300666)      352.10    359.94   11.4%    多45/空-2  停手:价格低于均价，14:30前禁止买入
14:25:48 [INFO] 🫀 扫描心跳 第338轮开始
14:26:20 [INFO] 🫀 扫描心跳 第339轮开始
14:26:53 [INFO] 🫀 扫描心跳 第340轮开始
14:27:25 [INFO] 🫀 扫描心跳 第341轮开始
14:27:42 [INFO] 
📊 护城河防御面板 第341轮
──────────────────────────────────────────────────────────────────────
科创半导体ETF华夏(588170)    1.33      1.37    9.2%     多45/空5  停手:价格低于均价，14:30前禁止买入
亨通光电(600487)       78.91     81.05    9.4%    多45/空-2  停手:价格低于均价，14:30前禁止买入
华工科技(000988)      160.66    163.01    6.1%    多45/空28  停手:价格低于均价，14:30前禁止买入
拓维信息(002261)       32.13     32.38    6.7%   多108/空55  停手:价格低于均价，14:30前禁止买入
赛微电子(300456)       41.62     41.91   12.3%   多81/空-20  停手:价格低于均价，14:30前禁止买入
长芯博创(300548)      226.41    231.18    6.5%    多45/空24  停手:价格低于均价，14:30前禁止买入
江丰电子(300666)      348.99    359.71   11.4%     多45/空3  停手:价格低于均价，14:30前禁止买入
14:27:57 [INFO] 🫀 扫描心跳 第342轮开始
14:28:29 [INFO] 🫀 扫描心跳 第343轮开始
14:29:01 [INFO] 🫀 扫描心跳 第344轮开始
14:29:48 [INFO] 🫀 扫描心跳 第345轮开始
14:30:06 [INFO] 
📊 护城河防御面板 第345轮
──────────────────────────────────────────────────────────────────────
科创半导体ETF华夏(588170)    1.34      1.37    9.2%     多45/空5  可T观察    
亨通光电(600487)       78.82     81.01    9.6%    多45/空-2  停手:已达当日买入上限1次
华工科技(000988)      160.48    162.96    6.1%    多45/空28  可T观察    
拓维信息(002261)       32.17     32.38    6.7%    多74/空36  停手:已达当日买入上限1次
赛微电子(300456)       41.50     41.90   12.3%  多119/空-20  停手:已达当日买入上限1次
长芯博创(300548)      225.80    231.08    6.8%    多45/空24  可T观察    
江丰电子(300666)      349.17    359.44   11.4%    多45/空-2  可T观察    
14:30:21 [INFO] 🫀 扫描心跳 第346轮开始
14:30:53 [INFO] 🫀 扫描心跳 第347轮开始
14:31:25 [INFO] 🫀 扫描心跳 第348轮开始
14:31:57 [INFO] 🫀 扫描心跳 第349轮开始
14:32:14 [INFO] 
📊 护城河防御面板 第349轮
──────────────────────────────────────────────────────────────────────
科创半导体ETF华夏(588170)    1.34      1.37    9.2%     多45/空5  可T观察    
亨通光电(600487)       78.82     81.01    9.6%    多45/空-2  停手:已达当日买入上限1次
华工科技(000988)      160.48    162.96    6.1%    多45/空28  可T观察    
拓维信息(002261)       32.17     32.38    6.7%    多74/空36  停手:已达当日买入上限1次
赛微电子(300456)       41.50     41.90   12.3%  多119/空-20  停手:已达当日买入上限1次
长芯博创(300548)      225.80    231.08    6.8%    多45/空24  可T观察    
江丰电子(300666)      349.17    359.44   11.4%    多45/空-2  可T观察    
14:32:29 [INFO] 🫀 扫描心跳 第350轮开始
14:33:02 [INFO] 🫀 扫描心跳 第351轮开始
14:33:35 [INFO] 🫀 扫描心跳 第352轮开始
14:34:21 [INFO] 🫀 扫描心跳 第353轮开始
14:34:39 [INFO] 
📊 护城河防御面板 第353轮
──────────────────────────────────────────────────────────────────────
科创半导体ETF华夏(588170)    1.32      1.37    9.2%     多45/空5  可T观察    
亨通光电(600487)       78.55     80.95    9.9%    多45/空-2  停手:已达当日买入上限1次
华工科技(000988)      160.00    162.88    6.1%    多45/空28  可T观察    
拓维信息(002261)       32.06     32.37    6.7%   多125/空55  停手:已达当日买入上限1次
赛微电子(300456)       41.35     41.89   12.3%  多102/空-20  停手:已达当日买入上限1次
长芯博创(300548)      224.82    230.92    7.3%    多45/空24  可T观察    
江丰电子(300666)      346.22    359.19   11.4%     多45/空3  可T观察    
14:34:54 [INFO] 🫀 扫描心跳 第354轮开始
14:35:26 [INFO] 🫀 扫描心跳 第355轮开始
14:36:00 [INFO] 🫀 扫描心跳 第356轮开始
14:36:36 [INFO] 🫀 扫描心跳 第357轮开始
14:36:55 [INFO] 
📊 护城河防御面板 第357轮
──────────────────────────────────────────────────────────────────────
科创半导体ETF华夏(588170)    1.33      1.37    9.2%     多45/空5  可T观察    
亨通光电(600487)       78.68     80.91   10.1%    多45/空-2  停手:已达当日买入上限1次
华工科技(000988)      159.41    162.81    6.1%    多45/空28  可T观察    
拓维信息(002261)       31.97     32.36    6.7%   多128/空55  停手:已达当日买入上限1次
赛微电子(300456)       41.44     41.88   12.3%   多85/空-20  停手:已达当日买入上限1次
长芯博创(300548)      224.86    230.81    7.3%     多45/空5  可T观察    
江丰电子(300666)      349.70    358.99   11.4%    多45/空-2  可T观察    
14:37:10 [INFO] 🫀 扫描心跳 第358轮开始
14:37:43 [INFO] 🫀 扫描心跳 第359轮开始
14:38:14 [INFO] 🫀 扫描心跳 第360轮开始
14:38:46 [INFO] 🫀 扫描心跳 第361轮开始
14:39:03 [INFO] 
📊 护城河防御面板 第361轮
──────────────────────────────────────────────────────────────────────
科创半导体ETF华夏(588170)    1.33      1.37    9.2%     多45/空5  可T观察    
亨通光电(600487)       78.68     80.91   10.1%    多45/空-2  停手:已达当日买入上限1次
华工科技(000988)      159.41    162.81    6.1%    多45/空28  可T观察    
拓维信息(002261)       31.97     32.36    6.7%   多128/空55  停手:已达当日买入上限1次
赛微电子(300456)       41.44     41.88   12.3%   多85/空-20  停手:已达当日买入上限1次
长芯博创(300548)      224.86    230.81    7.3%     多45/空5  可T观察    
江丰电子(300666)      349.70    358.99   11.4%    多45/空-2  可T观察    
14:39:18 [INFO] 🫀 扫描心跳 第362轮开始
14:39:50 [INFO] 🫀 扫描心跳 第363轮开始
14:40:24 [INFO] 🫀 扫描心跳 第364轮开始
14:40:57 [INFO] 🫀 扫描心跳 第365轮开始
14:41:20 [INFO] 
📊 护城河防御面板 第365轮
──────────────────────────────────────────────────────────────────────
科创半导体ETF华夏(588170)    1.32      1.37    9.2%     多45/空5  可T观察    
亨通光电(600487)       78.45     80.87   10.2%    多45/空-2  停手:已达当日买入上限1次
华工科技(000988)      159.10    162.74    6.3%    多45/空28  可T观察    
拓维信息(002261)       31.90     32.35    6.7%    多84/空36  停手:已达当日买入上限1次
赛微电子(300456)       41.36     41.87   12.3%  多107/空-20  停手:已达当日买入上限1次
长芯博创(300548)      224.50    230.68    7.5%    多45/空20  可T观察    
江丰电子(300666)      346.68    358.71   11.4%    多45/空-2  可T观察    
14:41:35 [INFO] 🫀 扫描心跳 第366轮开始
14:42:15 [INFO] 🫀 扫描心跳 第367轮开始
14:42:51 [INFO] 🫀 扫描心跳 第368轮开始
14:42:59 [INFO] 📊 动态份数 000988: 状态=normal 信号强度73/阈值42, 建议交易200股/份 (33%)
14:43:00 [INFO] ✅ 飞书消息已成功送达: 华工科技(000988) SELL_HIGH - 加急通知已发送
14:43:02 [INFO] 🔔 已触发急促报警
14:43:28 [INFO] 🫀 扫描心跳 第369轮开始
14:43:44 [INFO] 
📊 护城河防御面板 第369轮
──────────────────────────────────────────────────────────────────────
科创半导体ETF华夏(588170)    1.31      1.37    9.4%     多45/空5  可T观察    
亨通光电(600487)       78.12     80.82   10.6%     多45/空5  停手:已达当日买入上限1次
华工科技(000988)      158.00    162.66    6.9%    多45/空65  强可T     
拓维信息(002261)       31.77     32.34    6.7%   多133/空83  停手:已达当日买入上限1次
赛微电子(300456)       41.22     41.86   12.3%   多129/空28  停手:已达当日买入上限1次
长芯博创(300548)      222.88    230.53    8.2%    多45/空24  可T观察    
江丰电子(300666)      345.21    358.44   11.5%    多45/空28  可T观察    
14:43:59 [INFO] 🫀 扫描心跳 第370轮开始
14:44:32 [INFO] 🫀 扫描心跳 第371轮开始
14:45:04 [INFO] 🫀 扫描心跳 第372轮开始
14:45:36 [INFO] 🫀 扫描心跳 第373轮开始
14:45:55 [INFO] 
📊 护城河防御面板 第373轮
──────────────────────────────────────────────────────────────────────
科创半导体ETF华夏(588170)    1.31      1.37    9.4%     多45/空5  可T观察    
亨通光电(600487)       78.12     80.82   10.6%     多45/空5  停手:已达当日买入上限1次
华工科技(000988)      158.00    162.66    6.9%    多45/空65  强可T     
拓维信息(002261)       31.77     32.34    6.7%   多133/空83  停手:已达当日买入上限1次
赛微电子(300456)       41.22     41.86   12.3%   多129/空28  停手:已达当日买入上限1次
长芯博创(300548)      223.45    230.38    8.3%   多45/空-10  可T观察    
江丰电子(300666)      344.64    358.15   12.1%    多45/空28  可T观察    
14:46:10 [INFO] 🫀 扫描心跳 第374轮开始
14:46:43 [INFO] 🫀 扫描心跳 第375轮开始
14:47:19 [INFO] 🫀 扫描心跳 第376轮开始
14:47:54 [INFO] 🫀 扫描心跳 第377轮开始
14:48:15 [INFO] 
📊 护城河防御面板 第377轮
──────────────────────────────────────────────────────────────────────
科创半导体ETF华夏(588170)    1.32      1.37   10.5%     多45/空5  可T观察    
亨通光电(600487)       78.39     80.75   10.8%    多42/空25  停手:已达当日买入上限1次
华工科技(000988)      158.55    162.55    7.0%    多45/空53  可T观察    
拓维信息(002261)       32.23     32.33    6.7%    多57/空53  停手:已达当日买入上限1次
赛微电子(300456)       41.28     41.84   12.3%    多66/空30  停手:已达当日买入上限1次
长芯博创(300548)      223.45    230.38    8.3%   多45/空-10  可T观察    
江丰电子(300666)      344.64    358.15   12.1%    多45/空28  可T观察    
14:48:30 [INFO] 🫀 扫描心跳 第378轮开始
14:49:05 [INFO] 🫀 扫描心跳 第379轮开始
14:49:41 [INFO] 🫀 扫描心跳 第380轮开始
14:50:17 [INFO] 🫀 扫描心跳 第381轮开始
14:50:42 [INFO] 
📊 护城河防御面板 第381轮
──────────────────────────────────────────────────────────────────────
科创半导体ETF华夏(588170)    1.31      1.36   10.5%     多45/空5  可T观察    
亨通光电(600487)       77.85     80.70   11.0%     多45/空5  停手:已达当日买入上限1次
华工科技(000988)      159.80    162.50    7.0%    多45/空53  可T观察    
拓维信息(002261)       32.11     32.33    6.7%    多70/空66  停手:已达当日买入上限1次
赛微电子(300456)       41.01     41.83   12.3%   多112/空28  停手:已达当日买入上限1次
长芯博创(300548)      222.20    230.19    8.5%     多45/空9  可T观察    
江丰电子(300666)      346.46    357.88   12.1%    多41/空-2  弱机会     
14:50:57 [INFO] 🫀 扫描心跳 第382轮开始
14:51:32 [INFO] 🫀 扫描心跳 第383轮开始
14:52:07 [INFO] 🫀 扫描心跳 第384轮开始
14:52:42 [INFO] 🫀 扫描心跳 第385轮开始
14:53:04 [INFO] 
📊 护城河防御面板 第385轮
──────────────────────────────────────────────────────────────────────
科创半导体ETF华夏(588170)    1.31      1.36   10.5%    多45/空31  可T观察    
亨通光电(600487)       77.92     80.65   11.1%     多45/空5  停手:已达当日买入上限1次
华工科技(000988)      158.98    162.44    7.0%    多45/空53  可T观察    
拓维信息(002261)       32.14     32.32    6.7%    多98/空51  停手:已达当日买入上限1次
赛微电子(300456)       41.02     41.82   12.3%   多122/空28  停手:已达当日买入上限1次
长芯博创(300548)      222.12    230.03    8.7%   多45/空-10  可T观察    
江丰电子(300666)      346.50    357.66   12.1%    多45/空-2  可T观察    
14:53:19 [INFO] 🫀 扫描心跳 第386轮开始
14:53:54 [INFO] 🫀 扫描心跳 第387轮开始
14:54:33 [INFO] 🫀 扫描心跳 第388轮开始
14:55:14 [INFO] 
════════════════════ 【尾盘做T盈亏清算】 ════════════════════
💰 今日预估做T总净利润: 0.00 元

════════════════════ 【动作分类汇总】 ════════════════════
低吸 BUY_LOW=0次/0股 | 加仓 ADD_POS=0次/0股
高抛 SELL_HIGH=0次/0股 | 减仓 PANIC_SELL=0次/0股
════════════════════ 【ETF复盘小结】 ════════════════════
ETF 1票 | 有信号 1
科创半导体ETF华夏(588170) 0/0 | 1.31 | VWAP1.36 | -4.21%
════════════════════ 【普通股复盘小结】 ════════════════════
普通股 6票 | 有信号 6
亨通光电(600487) 0/0 | 77.92 | VWAP80.65 | -3.39%
华工科技(000988) 0/0 | 158.98 | VWAP162.44 | -2.13%
拓维信息(002261) 0/0 | 32.14 | VWAP32.32 | -0.57%
赛微电子(300456) 0/0 | 41.02 | VWAP41.82 | -1.90%
长芯博创(300548) 0/0 | 222.12 | VWAP230.03 | -3.44%
江丰电子(300666) 0/0 | 346.50 | VWAP357.66 | -3.12%
════════════════════ 【误判因子排行】 ════════════════════
买点偏早: 暂无
卖点偏早: 暂无
漏买: 暂无
漏卖: 暂无
════════════════════ 【误判因子细分】 ════════════════════
买点偏早因子: 暂无
卖点偏早因子: 暂无
漏买因子: 暂无
漏卖因子: 暂无
════════════════════ 【四类动作误判因子】 ════════════════════
低吸 BUY_LOW 偏早: 暂无
低吸 BUY_LOW 未占优: 暂无
加仓 ADD_POS 偏早: 暂无
加仓 ADD_POS 未占优: 暂无
高抛 SELL_HIGH 偏早: 暂无
高抛 SELL_HIGH 未占优: 暂无
跳水 PANIC_SELL 偏早: 暂无
跳水 PANIC_SELL 未占优: 暂无
════════════════════ 【策略最高分复盘数据(喂给AI)】 ════════════════════
科创半导体ETF华夏(588170): 多=88 空=48 振=10.45% 偏=-4.21% 买=0/0 卖=0/0
亨通光电(600487): 多=113 空=68 振=11.10% 偏=-3.39% 买=0/0 卖=0/0
华工科技(000988): 多=116 空=73 振=6.98% 偏=-2.13% 买=0/0 卖=0/0
拓维信息(002261): 多=133 空=112 振=6.71% 偏=-0.57% 买=0/0 卖=0/0
赛微电子(300456): 多=129 空=62 振=12.33% 偏=-1.90% 买=0/0 卖=0/0
长芯博创(300548): 多=89 空=91 振=8.66% 偏=-3.44% 买=0/0 卖=0/0
江丰电子(300666): 多=100 空=41 振=12.11% 偏=-3.12% 买=0/0 卖=0/0
════════════════════ 【复盘阅读顺序】 ════════════════════
1. sys日志 -> 2. data_quality -> 3. decision_trace
4. shadow_signals -> 5. signal_outcome -> 6. ai_review
════════════════════ 【信号结果追踪汇总】 ════════════════════
正确=0 | 买早=0 | 卖早=0 | 买验证中=0 | 卖验证中=0 | 待定=0
动作分布 BUY_LOW=0 | ADD_POS=0 | SELL_HIGH=0 | PANIC_SELL=0
5分钟胜率=0.0% (0/0) | 15分钟胜率=0.0% (0/0)
一眼摘要：最高频结果=correct(0) | 主要风险=无明显偏差(0) | 影子机会=0
════════════════════════════════════════════════════════════
14:55:14 [WARNING] ⚠️  尾盘复盘飞书推送失败: name 'overview_text' is not defined
14:55:14 [INFO] 🫀 扫描心跳 第389轮开始
14:55:41 [INFO] 
📊 护城河防御面板 第389轮
──────────────────────────────────────────────────────────────────────
科创半导体ETF华夏(588170)    1.31      1.36   10.5%    多45/空31  可T观察    
亨通光电(600487)       77.92     80.65   11.1%     多45/空5  停手:已达当日买入上限1次
华工科技(000988)      158.98    162.44    7.0%    多45/空53  可T观察    
拓维信息(002261)       32.14     32.32    6.7%    多98/空51  停手:已达当日买入上限1次
赛微电子(300456)       41.02     41.82   12.3%   多122/空28  停手:已达当日买入上限1次
长芯博创(300548)      221.95    229.88    8.7%     多45/空5  可T观察    
江丰电子(300666)      342.50    357.39   12.3%    多45/空28  可T观察    
14:55:56 [INFO] 🫀 扫描心跳 第390轮开始
14:56:40 [INFO] 🫀 扫描心跳 第391轮开始
14:57:21 [INFO] 🫀 扫描心跳 第392轮开始
14:57:54 [INFO] 🫀 扫描心跳 第393轮开始
14:58:13 [INFO] 
📊 护城河防御面板 第393轮
──────────────────────────────────────────────────────────────────────
科创半导体ETF华夏(588170)    1.29      1.36   11.3%    多45/空31  可T观察    
亨通光电(600487)       77.78     80.60   11.2%     多38/空5  停手:已达当日买入上限1次
华工科技(000988)      157.86    162.33    7.1%    多45/空65  强可T     
拓维信息(002261)       32.09     32.32    6.7%    多76/空70  停手:已达当日买入上限1次
赛微电子(300456)       40.79     41.79   12.3%   多104/空28  停手:已达当日买入上限1次
长芯博创(300548)      221.95    229.88    8.7%     多45/空5  可T观察    
江丰电子(300666)      342.50    357.39   12.3%    多45/空28  可T观察    
14:58:28 [INFO] 🫀 扫描心跳 第394轮开始
14:59:18 [INFO] 🫀 扫描心跳 第395轮开始
14:59:53 [INFO] 🫀 扫描心跳 第396轮开始
15:00:26 [INFO] ⏸ 非交易时段，进入低频保活
15:10:26 [INFO] ⏸ 非交易时段，进入低频保活
15:40:32 [INFO] ⏸ 非交易时段，进入低频保活
16:48:35 [INFO] ⏸ 非交易时段，进入低频保活
16:58:36 [INFO] ⏸ 非交易时段，进入低频保活
17:08:36 [INFO] ⏸ 非交易时段，进入低频保活
11:33:39 [INFO] ⏸ 非交易时段，进入低频保活
11:43:42 [INFO] ⏸ 非交易时段，进入低频保活
11:53:42 [INFO] ⏸ 非交易时段，进入低频保活
12:03:42 [INFO] ⏸ 非交易时段，进入低频保活
12:13:42 [INFO] ⏸ 非交易时段，进入低频保活
12:23:42 [INFO] ⏸ 非交易时段，进入低频保活
12:33:42 [INFO] ⏸ 非交易时段，进入低频保活
12:43:42 [INFO] ⏸ 非交易时段，进入低频保活
12:53:42 [INFO] ⏸ 非交易时段，进入低频保活
13:03:42 [INFO] ⏸ 非交易时段，进入低频保活
13:13:42 [INFO] ⏸ 非交易时段，进入低频保活
13:23:42 [INFO] ⏸ 非交易时段，进入低频保活
13:33:43 [INFO] ⏸ 非交易时段，进入低频保活
13:43:43 [INFO] ⏸ 非交易时段，进入低频保活
13:53:43 [INFO] ⏸ 非交易时段，进入低频保活
14:03:43 [INFO] ⏸ 非交易时段，进入低频保活
14:13:43 [INFO] ⏸ 非交易时段，进入低频保活
14:23:43 [INFO] ⏸ 非交易时段，进入低频保活
14:40:05 [INFO] ⏸ 非交易时段，进入低频保活
16:57:01 [INFO] ⏸ 非交易时段，进入低频保活
