09:28:42 [INFO] 早盘集合竞价结论：回避
市场评分：36.0 / 100 | 偏向：risk_off | 风险：unknown
竞价：强0 / 弱0 / 缺9 | 均分 0.0
策略结论：主做600089(600089) | 观察暂无 | 关注600176(600176) | 回避002837(002837)
1. 主做：600089(600089)
2. 观察：暂无
3. 关注：600176(600176)
4. 回避：002837(002837)
执行顺序：先1后2，再3，最后4
升级条件：若 9:35 后上涨家数回到高于下跌家数，且市场评分回到 55 上方，再把关注升为观察。
开盘后跟踪：开盘后只看核心标的承接，不追高，等量能和情绪同时转强再说。
热门关注：暂无
09:28:44 [INFO] ✅ 集合竞价总览已推送飞书
09:28:46 [INFO] ✅ 集合竞价详细结果已推送飞书
09:28:47 [INFO] 🔔 已触发急促报警
09:28:47 [INFO] ========= 做T终极护城河防御版 (V1.8 确认型收敛版) 启动 =========
09:28:47 [INFO] 飞书推送: ✓ 已启用
09:28:47 [INFO] 飞书关键词: 做T猎手预警
09:28:47 [INFO] 飞书Webhook: https://open.feishu.cn/open-apis/bot/v2/hook/e8018470-e...
09:28:47 [INFO] ══════════════════════════════════════════════════════════════════════
09:28:47 [INFO] 【2026-06-12 加仓策略执行指南】
09:28:47 [INFO]   1️⃣ 中国巨石 600176 — ❌ 不追 (已涨5.62%, 资金不足)
09:28:47 [INFO]   2️⃣ 科创50ETF 588000 — ⚡ 分批加仓 (先加¥15,000)
09:28:47 [INFO]      └─ 第一批: ¥15,000 (约8,200份)
09:28:47 [INFO]      └─ 第二批: ¥15,000 (等待盘中回落)
09:28:47 [INFO]   3️⃣ 中信银行 601998 — ✅ 按计划加 (¥15,000, 约1,900股)
09:28:47 [INFO]   4️⃣ 特变电工 600089 — ⚡ 加仓 (¥25,000, 约1,090股)
09:28:47 [INFO] ══════════════════════════════════════════════════════════════════════
09:28:47 [INFO] 🔊 系统高级报警音效已成功【全自动挂载】！准备执行听声辨位！
09:28:47 [INFO] 🧹 清理过期分钟线缓存 9 个
09:28:49 [INFO] ✅ 启动自检飞书消息已成功送达
09:28:51 [INFO] 🔔 已触发急促报警
09:28:51 [INFO] ⏱ 采用顺序轮询模式：每轮扫描结束后再等待 15 秒（V1.8 确认型收敛）
09:28:51 [INFO] ⏸ 非交易时段，进入低频保活
09:30:06 [INFO] 🫀 扫描心跳 第1轮开始
09:30:16 [INFO] 
📊 护城河防御面板 第1轮
──────────────────────────────────────────────────────────────────────
科创半导体ETF华夏(588170)    3.16      3.16    0.0%      多0/空0  无波待涨    
特变电工(600089)       23.62     23.61    0.1%      多0/空0  无波待涨    
中国巨石(600176)       57.96     57.98    0.1%      多0/空0  无波待涨    
双良节能(600481)        4.50      4.50    0.0%      多0/空0  无波待涨    
五洲新春(603667)       65.62     65.62    0.0%      多0/空0  无波待涨    
华工科技(000988)      163.00    162.69    0.6%      多0/空0  无波待涨    
拓维信息(002261)       29.37     29.42    0.8%      多0/空0  无波待涨    
陕西斯瑞新材股份(688102)   42.40     42.40    0.0%      多0/空0  无波待涨    
英维克(002837)        79.88     79.61    1.1%      多0/空0  无波待涨    
09:30:31 [INFO] 🫀 扫描心跳 第2轮开始
09:30:51 [INFO] 🫀 扫描心跳 第3轮开始
09:31:11 [INFO] 🫀 扫描心跳 第4轮开始
09:31:30 [INFO] 🫀 扫描心跳 第5轮开始
09:31:35 [INFO] 
📊 护城河防御面板 第5轮
──────────────────────────────────────────────────────────────────────
科创半导体ETF华夏(588170)    3.16      3.16    0.0%      多0/空0  无波待涨    
特变电工(600089)       23.62     23.61    0.1%      多0/空0  无波待涨    
中国巨石(600176)       57.96     57.98    0.1%      多0/空0  无波待涨    
双良节能(600481)        4.50      4.50    0.0%      多0/空0  无波待涨    
五洲新春(603667)       65.62     65.62    0.0%      多0/空0  无波待涨    
华工科技(000988)      163.00    162.69    0.6%      多0/空0  无波待涨    
拓维信息(002261)       29.37     29.42    0.8%      多0/空0  无波待涨    
陕西斯瑞新材股份(688102)   42.40     42.40    0.0%      多0/空0  无波待涨    
英维克(002837)        79.88     79.61    1.1%      多0/空0  无波待涨    
09:31:50 [INFO] 🫀 扫描心跳 第6轮开始
09:32:10 [INFO] 🫀 扫描心跳 第7轮开始
09:32:29 [INFO] 🫀 扫描心跳 第8轮开始
09:32:49 [INFO] 🫀 扫描心跳 第9轮开始
09:32:54 [INFO] 
📊 护城河防御面板 第9轮
──────────────────────────────────────────────────────────────────────
科创半导体ETF华夏(588170)    3.16      3.16    0.0%      多0/空0  无波待涨    
特变电工(600089)       23.62     23.61    0.1%      多0/空0  无波待涨    
中国巨石(600176)       57.96     57.98    0.1%      多0/空0  无波待涨    
双良节能(600481)        4.50      4.50    0.0%      多0/空0  无波待涨    
五洲新春(603667)       65.62     65.62    0.0%      多0/空0  无波待涨    
华工科技(000988)      163.00    162.69    0.6%      多0/空0  无波待涨    
拓维信息(002261)       29.37     29.42    0.8%      多0/空0  无波待涨    
陕西斯瑞新材股份(688102)   42.40     42.40    0.0%      多0/空0  无波待涨    
英维克(002837)        79.88     79.61    1.1%      多0/空0  无波待涨    
09:33:09 [INFO] 🫀 扫描心跳 第10轮开始
09:33:34 [INFO] 🫀 扫描心跳 第11轮开始
09:33:53 [INFO] 🫀 扫描心跳 第12轮开始
09:34:13 [INFO] 🫀 扫描心跳 第13轮开始
09:34:18 [INFO] 
📊 护城河防御面板 第13轮
──────────────────────────────────────────────────────────────────────
科创半导体ETF华夏(588170)    3.19      3.18    0.8%      多0/空0  无波待涨    
特变电工(600089)       23.67     23.63    0.6%      多0/空0  无波待涨    
中国巨石(600176)       60.65     60.26    4.6%      多0/空0  弱机会     
双良节能(600481)        4.45      4.46    1.1%      多0/空0  无波待涨    
五洲新春(603667)       64.57     64.91    1.6%      多0/空0  弱机会     
华工科技(000988)      163.25    163.90    1.8%      多0/空0  弱机会     
拓维信息(002261)       29.10     29.19    1.7%      多0/空0  弱机会     
陕西斯瑞新材股份(688102)   41.98     42.11    1.5%      多0/空0  弱机会     
英维克(002837)        77.73     78.43    2.7%      多0/空0  弱机会     
09:34:33 [INFO] 🫀 扫描心跳 第14轮开始
09:34:52 [INFO] 🫀 扫描心跳 第15轮开始
09:35:12 [INFO] 🫀 扫描心跳 第16轮开始
09:35:32 [INFO] 🫀 扫描心跳 第17轮开始
09:35:37 [INFO] 
📊 护城河防御面板 第17轮
──────────────────────────────────────────────────────────────────────
科创半导体ETF华夏(588170)    3.19      3.18    0.8%      多0/空0  无波待涨    
特变电工(600089)       23.67     23.63    0.6%      多0/空0  无波待涨    
中国巨石(600176)       60.65     60.26    4.6%      多0/空0  弱机会     
双良节能(600481)        4.45      4.46    1.1%      多0/空0  无波待涨    
五洲新春(603667)       64.57     64.91    1.6%      多0/空0  弱机会     
华工科技(000988)      163.25    163.90    1.8%      多0/空0  弱机会     
拓维信息(002261)       29.10     29.19    1.7%      多0/空0  弱机会     
陕西斯瑞新材股份(688102)   41.98     42.11    1.5%      多0/空0  弱机会     
英维克(002837)        77.73     78.43    2.7%      多0/空0  弱机会     
09:35:52 [INFO] 🫀 扫描心跳 第18轮开始
09:36:11 [INFO] 🫀 扫描心跳 第19轮开始
09:36:37 [INFO] 🫀 扫描心跳 第20轮开始
09:36:57 [INFO] 🫀 扫描心跳 第21轮开始
09:37:02 [INFO] 
📊 护城河防御面板 第21轮
──────────────────────────────────────────────────────────────────────
科创半导体ETF华夏(588170)    3.21      3.20    1.5%      多0/空0  弱机会     
特变电工(600089)       23.73     23.69    1.1%      多0/空0  无波待涨    
中国巨石(600176)       61.53     61.24    6.7%      多0/空0  弱机会     
双良节能(600481)        4.41      4.43    2.3%      多0/空0  弱机会     
五洲新春(603667)       64.40     64.61    1.9%      多0/空0  弱机会     
华工科技(000988)      164.72    164.66    1.9%      多0/空0  弱机会     
拓维信息(002261)       29.01     29.05    2.3%      多0/空0  弱机会     
陕西斯瑞新材股份(688102)   42.19     42.09    1.9%      多0/空0  弱机会     
英维克(002837)        77.44     78.03    3.1%      多0/空0  弱机会     
09:37:17 [INFO] 🫀 扫描心跳 第22轮开始
09:37:36 [INFO] 🫀 扫描心跳 第23轮开始
09:37:56 [INFO] 🫀 扫描心跳 第24轮开始
09:38:16 [INFO] 🫀 扫描心跳 第25轮开始
09:38:20 [INFO] 
📊 护城河防御面板 第25轮
──────────────────────────────────────────────────────────────────────
科创半导体ETF华夏(588170)    3.21      3.20    1.5%      多0/空0  弱机会     
特变电工(600089)       23.73     23.69    1.1%      多0/空0  无波待涨    
中国巨石(600176)       61.53     61.24    6.7%      多0/空0  弱机会     
双良节能(600481)        4.41      4.43    2.3%      多0/空0  弱机会     
五洲新春(603667)       64.40     64.61    1.9%      多0/空0  弱机会     
华工科技(000988)      164.72    164.66    1.9%      多0/空0  弱机会     
拓维信息(002261)       29.01     29.05    2.3%      多0/空0  弱机会     
陕西斯瑞新材股份(688102)   42.19     42.09    1.9%      多0/空0  弱机会     
英维克(002837)        77.44     78.03    3.1%      多0/空0  弱机会     
09:38:35 [INFO] 🫀 扫描心跳 第26轮开始
09:38:55 [INFO] 🫀 扫描心跳 第27轮开始
09:39:15 [INFO] 🫀 扫描心跳 第28轮开始
09:39:18 [WARNING] ⚠️  中国巨石(600176) 扫描异常: 'code'
09:39:44 [INFO] 🫀 扫描心跳 第29轮开始
09:39:46 [WARNING] ⚠️  中国巨石(600176) 扫描异常: 'code'
09:39:49 [INFO] 
📊 护城河防御面板 第29轮
──────────────────────────────────────────────────────────────────────
科创半导体ETF华夏(588170)    3.21      3.20    1.9%      多0/空0  弱机会     
特变电工(600089)       23.64     23.66    1.1%      多0/空0  无波待涨    
中国巨石(600176)       62.38     61.71    7.7%      多0/空0  弱机会     
双良节能(600481)        4.39      4.41    2.7%      多0/空0  弱机会     
五洲新春(603667)       64.00     64.44    2.5%      多0/空0  弱机会     
华工科技(000988)      164.39    164.53    1.9%      多0/空0  弱机会     
拓维信息(002261)       28.81     29.00    2.7%      多0/空0  弱机会     
陕西斯瑞新材股份(688102)   41.95     42.12    1.9%      多0/空0  弱机会     
英维克(002837)        78.19     78.16    3.0%      多0/空0  弱机会     
09:40:04 [INFO] 🫀 扫描心跳 第30轮开始
09:40:23 [INFO] 🫀 扫描心跳 第31轮开始
09:40:43 [INFO] 🫀 扫描心跳 第32轮开始
09:41:03 [INFO] 🫀 扫描心跳 第33轮开始
09:41:08 [INFO] 
📊 护城河防御面板 第33轮
──────────────────────────────────────────────────────────────────────
科创半导体ETF华夏(588170)    3.21      3.20    1.9%      多0/空0  弱机会     
特变电工(600089)       23.64     23.66    1.1%      多0/空0  无波待涨    
中国巨石(600176)       62.38     61.71    7.7%      多0/空0  弱机会     
双良节能(600481)        4.39      4.41    2.7%      多0/空0  弱机会     
五洲新春(603667)       64.00     64.44    2.5%      多0/空0  弱机会     
华工科技(000988)      164.39    164.53    1.9%      多0/空0  弱机会     
拓维信息(002261)       28.81     29.00    2.7%      多0/空0  弱机会     
陕西斯瑞新材股份(688102)   41.95     42.12    1.9%      多0/空0  弱机会     
英维克(002837)        78.19     78.16    3.0%      多0/空0  弱机会     
09:41:23 [INFO] 🫀 扫描心跳 第34轮开始
09:41:42 [INFO] 🫀 扫描心跳 第35轮开始
09:42:02 [INFO] 🫀 扫描心跳 第36轮开始
09:42:22 [INFO] 🫀 扫描心跳 第37轮开始
09:42:28 [INFO] 
📊 护城河防御面板 第37轮
──────────────────────────────────────────────────────────────────────
科创半导体ETF华夏(588170)    3.17      3.20    1.9%      多0/空0  弱机会     
特变电工(600089)       23.63     23.63    1.1%      多0/空0  无波待涨    
中国巨石(600176)       62.58     62.12    8.5%      多0/空0  弱机会     
双良节能(600481)        4.36      4.39    3.4%      多0/空0  弱机会     
五洲新春(603667)       64.00     64.29    2.8%      多0/空0  弱机会     
华工科技(000988)      163.00    164.26    1.9%      多0/空0  弱机会     
拓维信息(002261)       28.65     28.86    3.5%      多0/空0  弱机会     
陕西斯瑞新材股份(688102)   41.95     42.12    1.9%      多0/空0  弱机会     
英维克(002837)        77.39     78.03    3.2%      多0/空0  弱机会     
09:42:43 [INFO] 🫀 扫描心跳 第38轮开始
09:43:03 [INFO] 🫀 扫描心跳 第39轮开始
09:43:22 [INFO] 🫀 扫描心跳 第40轮开始
09:43:42 [INFO] 🫀 扫描心跳 第41轮开始
09:43:47 [INFO] 
📊 护城河防御面板 第41轮
──────────────────────────────────────────────────────────────────────
科创半导体ETF华夏(588170)    3.17      3.20    1.9%      多0/空0  弱机会     
特变电工(600089)       23.63     23.63    1.1%      多0/空0  无波待涨    
中国巨石(600176)       62.58     62.12    8.5%      多0/空0  弱机会     
双良节能(600481)        4.36      4.39    3.4%      多0/空0  弱机会     
五洲新春(603667)       64.00     64.29    2.8%      多0/空0  弱机会     
华工科技(000988)      163.00    164.26    1.9%      多0/空0  弱机会     
拓维信息(002261)       28.65     28.86    3.5%      多0/空0  弱机会     
陕西斯瑞新材股份(688102)   41.63     41.94    2.6%      多0/空0  弱机会     
英维克(002837)        77.39     78.03    3.2%      多0/空0  弱机会     
09:44:02 [INFO] 🫀 扫描心跳 第42轮开始
09:44:22 [INFO] 🫀 扫描心跳 第43轮开始
09:44:41 [INFO] 🫀 扫描心跳 第44轮开始
09:45:01 [INFO] 🫀 扫描心跳 第45轮开始
09:45:06 [INFO] 
📊 护城河防御面板 第45轮
──────────────────────────────────────────────────────────────────────
科创半导体ETF华夏(588170)    3.17      3.20    1.9%      多0/空0  弱机会     
特变电工(600089)       23.63     23.63    1.1%      多0/空0  无波待涨    
中国巨石(600176)       62.58     62.12    8.5%      多0/空0  弱机会     
双良节能(600481)        4.36      4.39    3.4%      多0/空0  弱机会     
五洲新春(603667)       64.00     64.29    2.8%      多0/空0  弱机会     
华工科技(000988)      163.00    164.26    1.9%      多0/空0  弱机会     
拓维信息(002261)       28.65     28.86    3.5%      多0/空0  弱机会     
陕西斯瑞新材股份(688102)   41.63     41.94    2.6%      多0/空0  弱机会     
英维克(002837)        77.39     78.03    3.2%      多0/空0  弱机会     
09:45:21 [INFO] 🫀 扫描心跳 第46轮开始
09:45:22 [WARNING] ⚠️  科创半导体ETF华夏(588170) 扫描异常: cannot access local variable 't_val' where it is not associated with a value
09:45:23 [WARNING] ⚠️  特变电工(600089) 扫描异常: cannot access local variable 't_val' where it is not associated with a value
09:45:24 [WARNING] ⚠️  中国巨石(600176) 扫描异常: cannot access local variable 't_val' where it is not associated with a value
09:45:25 [WARNING] ⚠️  双良节能(600481) 扫描异常: cannot access local variable 't_val' where it is not associated with a value
09:45:26 [WARNING] ⚠️  五洲新春(603667) 扫描异常: cannot access local variable 't_val' where it is not associated with a value
09:45:28 [WARNING] ⚠️  华工科技(000988) 扫描异常: cannot access local variable 't_val' where it is not associated with a value
09:45:29 [WARNING] ⚠️  拓维信息(002261) 扫描异常: cannot access local variable 't_val' where it is not associated with a value
09:45:29 [WARNING] ⚠️  陕西斯瑞新材股份(688102) 扫描异常: cannot access local variable 't_val' where it is not associated with a value
09:45:30 [WARNING] ⚠️  英维克(002837) 扫描异常: cannot access local variable 't_val' where it is not associated with a value
09:45:45 [INFO] 🫀 扫描心跳 第47轮开始
09:45:46 [WARNING] ⚠️  科创半导体ETF华夏(588170) 扫描异常: cannot access local variable 't_val' where it is not associated with a value
09:45:46 [WARNING] ⚠️  特变电工(600089) 扫描异常: cannot access local variable 't_val' where it is not associated with a value
09:45:47 [WARNING] ⚠️  中国巨石(600176) 扫描异常: cannot access local variable 't_val' where it is not associated with a value
09:45:47 [WARNING] ⚠️  双良节能(600481) 扫描异常: cannot access local variable 't_val' where it is not associated with a value
09:45:48 [WARNING] ⚠️  五洲新春(603667) 扫描异常: cannot access local variable 't_val' where it is not associated with a value
09:45:48 [WARNING] ⚠️  华工科技(000988) 扫描异常: cannot access local variable 't_val' where it is not associated with a value
09:45:49 [WARNING] ⚠️  拓维信息(002261) 扫描异常: cannot access local variable 't_val' where it is not associated with a value
09:45:49 [WARNING] ⚠️  陕西斯瑞新材股份(688102) 扫描异常: cannot access local variable 't_val' where it is not associated with a value
09:45:50 [WARNING] ⚠️  英维克(002837) 扫描异常: cannot access local variable 't_val' where it is not associated with a value
09:46:05 [INFO] 🫀 扫描心跳 第48轮开始
09:46:06 [WARNING] ⚠️  科创半导体ETF华夏(588170) 扫描异常: cannot access local variable 't_val' where it is not associated with a value
09:46:06 [WARNING] ⚠️  特变电工(600089) 扫描异常: cannot access local variable 't_val' where it is not associated with a value
09:46:07 [WARNING] ⚠️  中国巨石(600176) 扫描异常: cannot access local variable 't_val' where it is not associated with a value
09:46:07 [WARNING] ⚠️  双良节能(600481) 扫描异常: cannot access local variable 't_val' where it is not associated with a value
09:46:08 [WARNING] ⚠️  五洲新春(603667) 扫描异常: cannot access local variable 't_val' where it is not associated with a value
09:46:08 [WARNING] ⚠️  华工科技(000988) 扫描异常: cannot access local variable 't_val' where it is not associated with a value
09:46:09 [WARNING] ⚠️  拓维信息(002261) 扫描异常: cannot access local variable 't_val' where it is not associated with a value
09:46:09 [WARNING] ⚠️  陕西斯瑞新材股份(688102) 扫描异常: cannot access local variable 't_val' where it is not associated with a value
09:46:10 [WARNING] ⚠️  英维克(002837) 扫描异常: cannot access local variable 't_val' where it is not associated with a value
09:46:25 [INFO] 🫀 扫描心跳 第49轮开始
09:46:25 [WARNING] ⚠️  科创半导体ETF华夏(588170) 扫描异常: cannot access local variable 't_val' where it is not associated with a value
09:46:26 [WARNING] ⚠️  特变电工(600089) 扫描异常: cannot access local variable 't_val' where it is not associated with a value
09:46:26 [WARNING] ⚠️  中国巨石(600176) 扫描异常: cannot access local variable 't_val' where it is not associated with a value
09:46:27 [WARNING] ⚠️  双良节能(600481) 扫描异常: cannot access local variable 't_val' where it is not associated with a value
09:46:27 [WARNING] ⚠️  五洲新春(603667) 扫描异常: cannot access local variable 't_val' where it is not associated with a value
09:46:28 [WARNING] ⚠️  华工科技(000988) 扫描异常: cannot access local variable 't_val' where it is not associated with a value
09:46:28 [WARNING] ⚠️  拓维信息(002261) 扫描异常: cannot access local variable 't_val' where it is not associated with a value
09:46:29 [WARNING] ⚠️  陕西斯瑞新材股份(688102) 扫描异常: cannot access local variable 't_val' where it is not associated with a value
09:46:29 [WARNING] ⚠️  英维克(002837) 扫描异常: cannot access local variable 't_val' where it is not associated with a value
09:46:29 [INFO] 
📊 护城河防御面板 第49轮
──────────────────────────────────────────────────────────────────────
09:46:44 [INFO] 🫀 扫描心跳 第50轮开始
09:46:45 [WARNING] ⚠️  科创半导体ETF华夏(588170) 扫描异常: cannot access local variable 't_val' where it is not associated with a value
09:46:45 [WARNING] ⚠️  特变电工(600089) 扫描异常: cannot access local variable 't_val' where it is not associated with a value
09:46:46 [WARNING] ⚠️  中国巨石(600176) 扫描异常: cannot access local variable 't_val' where it is not associated with a value
09:46:46 [WARNING] ⚠️  双良节能(600481) 扫描异常: cannot access local variable 't_val' where it is not associated with a value
09:46:47 [WARNING] ⚠️  五洲新春(603667) 扫描异常: cannot access local variable 't_val' where it is not associated with a value
09:46:47 [WARNING] ⚠️  华工科技(000988) 扫描异常: cannot access local variable 't_val' where it is not associated with a value
09:46:48 [WARNING] ⚠️  拓维信息(002261) 扫描异常: cannot access local variable 't_val' where it is not associated with a value
09:46:49 [WARNING] ⚠️  陕西斯瑞新材股份(688102) 扫描异常: cannot access local variable 't_val' where it is not associated with a value
09:46:49 [WARNING] ⚠️  英维克(002837) 扫描异常: cannot access local variable 't_val' where it is not associated with a value
09:47:04 [INFO] 🫀 扫描心跳 第51轮开始
09:47:05 [WARNING] ⚠️  科创半导体ETF华夏(588170) 扫描异常: cannot access local variable 't_val' where it is not associated with a value
09:47:05 [WARNING] ⚠️  特变电工(600089) 扫描异常: cannot access local variable 't_val' where it is not associated with a value
09:47:06 [WARNING] ⚠️  中国巨石(600176) 扫描异常: cannot access local variable 't_val' where it is not associated with a value
09:47:06 [WARNING] ⚠️  双良节能(600481) 扫描异常: cannot access local variable 't_val' where it is not associated with a value
09:47:07 [WARNING] ⚠️  五洲新春(603667) 扫描异常: cannot access local variable 't_val' where it is not associated with a value
09:47:07 [WARNING] ⚠️  华工科技(000988) 扫描异常: cannot access local variable 't_val' where it is not associated with a value
09:47:08 [WARNING] ⚠️  拓维信息(002261) 扫描异常: cannot access local variable 't_val' where it is not associated with a value
09:47:08 [WARNING] ⚠️  陕西斯瑞新材股份(688102) 扫描异常: cannot access local variable 't_val' where it is not associated with a value
09:47:09 [WARNING] ⚠️  英维克(002837) 扫描异常: cannot access local variable 't_val' where it is not associated with a value
09:47:24 [INFO] 🫀 扫描心跳 第52轮开始
09:47:24 [WARNING] ⚠️  科创半导体ETF华夏(588170) 扫描异常: cannot access local variable 't_val' where it is not associated with a value
09:47:25 [WARNING] ⚠️  特变电工(600089) 扫描异常: cannot access local variable 't_val' where it is not associated with a value
09:47:25 [WARNING] ⚠️  中国巨石(600176) 扫描异常: cannot access local variable 't_val' where it is not associated with a value
09:47:26 [WARNING] ⚠️  双良节能(600481) 扫描异常: cannot access local variable 't_val' where it is not associated with a value
09:47:26 [WARNING] ⚠️  五洲新春(603667) 扫描异常: cannot access local variable 't_val' where it is not associated with a value
09:47:27 [WARNING] ⚠️  华工科技(000988) 扫描异常: cannot access local variable 't_val' where it is not associated with a value
09:47:27 [WARNING] ⚠️  拓维信息(002261) 扫描异常: cannot access local variable 't_val' where it is not associated with a value
09:47:28 [WARNING] ⚠️  陕西斯瑞新材股份(688102) 扫描异常: cannot access local variable 't_val' where it is not associated with a value
09:47:28 [WARNING] ⚠️  英维克(002837) 扫描异常: cannot access local variable 't_val' where it is not associated with a value
09:52:11 [INFO] 早盘集合竞价结论：回避
市场评分：28.5 / 100 | 偏向：risk_off | 风险：risk_off
竞价：强0 / 弱0 / 缺0 | 均分 8.9
策略结论：主做600089(600089) | 观察暂无 | 关注600176(600176) | 回避002837(002837)
1. 主做：600089(600089)
2. 观察：暂无
3. 关注：600176(600176)
4. 回避：002837(002837)
执行顺序：先1后2，再3，最后4
升级条件：若 9:35 后上涨家数回到高于下跌家数，且市场评分回到 55 上方，再把关注升为观察。
开盘后跟踪：开盘后只看核心标的承接，不追高，等量能和情绪同时转强再说。
热门关注：安徽凤凰、纬达光电、万达轴承
09:52:13 [INFO] ✅ 集合竞价总览已推送飞书
09:52:14 [INFO] ✅ 集合竞价详细结果已推送飞书
09:52:16 [INFO] 🔔 已触发急促报警
09:52:16 [INFO] ========= 做T终极护城河防御版 (V1.8 确认型收敛版) 启动 =========
09:52:16 [INFO] 飞书推送: ✓ 已启用
09:52:16 [INFO] 飞书关键词: 做T猎手预警
09:52:16 [INFO] 飞书Webhook: https://open.feishu.cn/open-apis/bot/v2/hook/e8018470-e...
09:52:16 [INFO] ══════════════════════════════════════════════════════════════════════
09:52:16 [INFO] 【2026-06-12 加仓策略执行指南】
09:52:16 [INFO]   1️⃣ 中国巨石 600176 — ❌ 不追 (已涨5.62%, 资金不足)
09:52:16 [INFO]   2️⃣ 科创50ETF 588000 — ⚡ 分批加仓 (先加¥15,000)
09:52:16 [INFO]      └─ 第一批: ¥15,000 (约8,200份)
09:52:16 [INFO]      └─ 第二批: ¥15,000 (等待盘中回落)
09:52:16 [INFO]   3️⃣ 中信银行 601998 — ✅ 按计划加 (¥15,000, 约1,900股)
09:52:16 [INFO]   4️⃣ 特变电工 600089 — ⚡ 加仓 (¥25,000, 约1,090股)
09:52:16 [INFO] ══════════════════════════════════════════════════════════════════════
09:52:16 [INFO] 🔊 系统高级报警音效已成功【全自动挂载】！准备执行听声辨位！
09:52:17 [INFO] ✅ 启动自检飞书消息已成功送达
09:52:18 [INFO] 🔔 已触发急促报警
09:52:18 [INFO] ⏱ 采用顺序轮询模式：每轮扫描结束后再等待 15 秒（V1.8 确认型收敛）
09:52:18 [INFO] 🫀 扫描心跳 第1轮开始
09:52:20 [WARNING] ⚠️  科创半导体ETF华夏(588170) 扫描异常: cannot access local variable 't_val' where it is not associated with a value
09:52:21 [WARNING] ⚠️  特变电工(600089) 扫描异常: cannot access local variable 't_val' where it is not associated with a value
09:52:22 [WARNING] ⚠️  中国巨石(600176) 扫描异常: cannot access local variable 't_val' where it is not associated with a value
09:52:23 [WARNING] ⚠️  双良节能(600481) 扫描异常: cannot access local variable 't_val' where it is not associated with a value
09:52:24 [WARNING] ⚠️  五洲新春(603667) 扫描异常: cannot access local variable 't_val' where it is not associated with a value
09:52:25 [WARNING] ⚠️  华工科技(000988) 扫描异常: cannot access local variable 't_val' where it is not associated with a value
09:52:26 [WARNING] ⚠️  拓维信息(002261) 扫描异常: cannot access local variable 't_val' where it is not associated with a value
09:52:27 [WARNING] ⚠️  陕西斯瑞新材股份(688102) 扫描异常: cannot access local variable 't_val' where it is not associated with a value
09:52:28 [WARNING] ⚠️  英维克(002837) 扫描异常: cannot access local variable 't_val' where it is not associated with a value
09:52:28 [INFO] 
📊 护城河防御面板 第1轮
──────────────────────────────────────────────────────────────────────
09:52:35 [INFO] 已停止盯盘
10:29:28 [INFO] 早盘集合竞价结论：回避
市场评分：27.4 / 100 | 偏向：risk_off | 风险：risk_off
竞价：强3 / 弱2 / 缺0 | 均分 5.2
策略结论：主做600089(600089) | 观察暂无 | 关注600176(600176) | 回避002837(002837)
1. 主做：600089(600089)
2. 观察：暂无
3. 关注：600176(600176)
4. 回避：002837(002837)
执行顺序：先1后2，再3，最后4
升级条件：若 9:35 后上涨家数回到高于下跌家数，且市场评分回到 55 上方，再把关注升为观察。
开盘后跟踪：开盘后只看核心标的承接，不追高，等量能和情绪同时转强再说。
热门关注：安徽凤凰、纬达光电、万达轴承
10:29:29 [INFO] ✅ 集合竞价总览已推送飞书
10:29:31 [INFO] ✅ 集合竞价详细结果已推送飞书
10:29:32 [INFO] 🔔 已触发急促报警
10:29:32 [INFO] ========= 做T终极护城河防御版 (V1.8 确认型收敛版) 启动 =========
10:29:32 [INFO] 飞书推送: ✓ 已启用
10:29:32 [INFO] 飞书关键词: 做T猎手预警
10:29:32 [INFO] 飞书Webhook: https://open.feishu.cn/open-apis/bot/v2/hook/e8018470-e...
10:29:32 [INFO] ══════════════════════════════════════════════════════════════════════
10:29:32 [INFO] 【2026-06-12 加仓策略执行指南】
10:29:32 [INFO]   1️⃣ 中国巨石 600176 — ❌ 不追 (已涨5.62%, 资金不足)
10:29:32 [INFO]   2️⃣ 科创50ETF 588000 — ⚡ 分批加仓 (先加¥15,000)
10:29:32 [INFO]      └─ 第一批: ¥15,000 (约8,200份)
10:29:32 [INFO]      └─ 第二批: ¥15,000 (等待盘中回落)
10:29:32 [INFO]   3️⃣ 中信银行 601998 — ✅ 按计划加 (¥15,000, 约1,900股)
10:29:32 [INFO]   4️⃣ 特变电工 600089 — ⚡ 加仓 (¥25,000, 约1,090股)
10:29:32 [INFO] ══════════════════════════════════════════════════════════════════════
10:29:32 [INFO] 🔊 系统高级报警音效已成功【全自动挂载】！准备执行听声辨位！
10:29:32 [INFO] 🧹 清理过期分钟线缓存 9 个
10:29:34 [INFO] ✅ 启动自检飞书消息已成功送达
10:29:35 [INFO] 🔔 已触发急促报警
10:29:35 [INFO] ⏱ 采用顺序轮询模式：每轮扫描结束后再等待 15 秒（V1.8 确认型收敛）
10:29:35 [INFO] 🫀 扫描心跳 第1轮开始
10:29:37 [WARNING] ⚠️  科创半导体ETF华夏(588170) 扫描异常: cannot access local variable 't_val' where it is not associated with a value
10:29:38 [WARNING] ⚠️  特变电工(600089) 扫描异常: cannot access local variable 't_val' where it is not associated with a value
10:29:40 [WARNING] ⚠️  中国巨石(600176) 扫描异常: cannot access local variable 't_val' where it is not associated with a value
10:29:42 [WARNING] ⚠️  双良节能(600481) 扫描异常: cannot access local variable 't_val' where it is not associated with a value
10:29:44 [WARNING] ⚠️  五洲新春(603667) 扫描异常: cannot access local variable 't_val' where it is not associated with a value
10:29:45 [WARNING] ⚠️  华工科技(000988) 扫描异常: cannot access local variable 't_val' where it is not associated with a value
10:29:46 [WARNING] ⚠️  拓维信息(002261) 扫描异常: cannot access local variable 't_val' where it is not associated with a value
10:29:47 [WARNING] ⚠️  陕西斯瑞新材股份(688102) 扫描异常: cannot access local variable 't_val' where it is not associated with a value
10:29:48 [WARNING] ⚠️  英维克(002837) 扫描异常: cannot access local variable 't_val' where it is not associated with a value
10:29:48 [INFO] 
📊 护城河防御面板 第1轮
──────────────────────────────────────────────────────────────────────
10:30:03 [INFO] 🫀 扫描心跳 第2轮开始
10:30:03 [WARNING] ⚠️  科创半导体ETF华夏(588170) 扫描异常: cannot access local variable 't_val' where it is not associated with a value
10:30:04 [WARNING] ⚠️  特变电工(600089) 扫描异常: cannot access local variable 't_val' where it is not associated with a value
10:30:04 [WARNING] ⚠️  中国巨石(600176) 扫描异常: cannot access local variable 't_val' where it is not associated with a value
10:30:05 [WARNING] ⚠️  双良节能(600481) 扫描异常: cannot access local variable 't_val' where it is not associated with a value
10:30:05 [WARNING] ⚠️  五洲新春(603667) 扫描异常: cannot access local variable 't_val' where it is not associated with a value
10:30:06 [WARNING] ⚠️  华工科技(000988) 扫描异常: cannot access local variable 't_val' where it is not associated with a value
10:30:06 [WARNING] ⚠️  拓维信息(002261) 扫描异常: cannot access local variable 't_val' where it is not associated with a value
10:30:07 [WARNING] ⚠️  陕西斯瑞新材股份(688102) 扫描异常: cannot access local variable 't_val' where it is not associated with a value
10:30:07 [WARNING] ⚠️  英维克(002837) 扫描异常: cannot access local variable 't_val' where it is not associated with a value
10:30:16 [INFO] 已停止盯盘
10:41:50 [INFO] 早盘集合竞价结论：回避
市场评分：25.2 / 100 | 偏向：risk_off | 风险：risk_off
竞价：强0 / 弱1 / 缺0 | 均分 4.2
策略结论：主做600089(600089) | 观察暂无 | 关注600176(600176) | 回避002837(002837)
1. 主做：600089(600089)
2. 观察：暂无
3. 关注：600176(600176)
4. 回避：002837(002837)
执行顺序：先1后2，再3，最后4
升级条件：若 9:35 后上涨家数回到高于下跌家数，且市场评分回到 55 上方，再把关注升为观察。
开盘后跟踪：开盘后只看核心标的承接，不追高，等量能和情绪同时转强再说。
热门关注：安徽凤凰、纬达光电、万达轴承
10:41:52 [INFO] ✅ 集合竞价总览已推送飞书
10:41:55 [INFO] ✅ 集合竞价详细结果已推送飞书
10:41:56 [INFO] 🔔 已触发急促报警
10:41:56 [INFO] ========= 做T终极护城河防御版 (V1.8 确认型收敛版) 启动 =========
10:41:56 [INFO] 飞书推送: ✓ 已启用
10:41:56 [INFO] 飞书关键词: 做T猎手预警
10:41:56 [INFO] 飞书Webhook: https://open.feishu.cn/open-apis/bot/v2/hook/e8018470-e...
10:41:56 [INFO] ══════════════════════════════════════════════════════════════════════
10:41:56 [INFO] 【2026-06-12 加仓策略执行指南】
10:41:56 [INFO]   1️⃣ 中国巨石 600176 — ❌ 不追 (已涨5.62%, 资金不足)
10:41:56 [INFO]   2️⃣ 科创50ETF 588000 — ⚡ 分批加仓 (先加¥15,000)
10:41:56 [INFO]      └─ 第一批: ¥15,000 (约8,200份)
10:41:56 [INFO]      └─ 第二批: ¥15,000 (等待盘中回落)
10:41:56 [INFO]   3️⃣ 中信银行 601998 — ✅ 按计划加 (¥15,000, 约1,900股)
10:41:56 [INFO]   4️⃣ 特变电工 600089 — ⚡ 加仓 (¥25,000, 约1,090股)
10:41:56 [INFO] ══════════════════════════════════════════════════════════════════════
10:41:56 [INFO] 🔊 系统高级报警音效已成功【全自动挂载】！准备执行听声辨位！
10:41:58 [INFO] ✅ 启动自检飞书消息已成功送达
10:41:59 [INFO] 🔔 已触发急促报警
10:41:59 [INFO] ⏱ 采用顺序轮询模式：每轮扫描结束后再等待 15 秒（V1.8 确认型收敛）
10:41:59 [INFO] 🫀 扫描心跳 第1轮开始
10:42:03 [WARNING] ⚠️  科创半导体ETF华夏(588170) 扫描异常: name '_log_enhancer' is not defined
10:42:05 [WARNING] ⚠️  特变电工(600089) 扫描异常: name '_log_enhancer' is not defined
10:42:08 [WARNING] ⚠️  中国巨石(600176) 扫描异常: name '_log_enhancer' is not defined
10:42:11 [WARNING] ⚠️  双良节能(600481) 扫描异常: name '_log_enhancer' is not defined
10:42:12 [INFO] 已停止盯盘
10:46:46 [INFO] 早盘集合竞价结论：回避
市场评分：25.2 / 100 | 偏向：risk_off | 风险：risk_off
竞价：强0 / 弱1 / 缺0 | 均分 4.2
策略结论：主做600089(600089) | 观察暂无 | 关注600176(600176) | 回避002837(002837)
1. 主做：600089(600089)
2. 观察：暂无
3. 关注：600176(600176)
4. 回避：002837(002837)
执行顺序：先1后2，再3，最后4
升级条件：若 9:35 后上涨家数回到高于下跌家数，且市场评分回到 55 上方，再把关注升为观察。
开盘后跟踪：开盘后只看核心标的承接，不追高，等量能和情绪同时转强再说。
热门关注：安徽凤凰、纬达光电、万达轴承
10:46:47 [INFO] ✅ 集合竞价总览已推送飞书
10:46:49 [INFO] ✅ 集合竞价详细结果已推送飞书
10:46:51 [INFO] 🔔 已触发急促报警
10:46:51 [INFO] ========= 做T终极护城河防御版 (V1.8 确认型收敛版) 启动 =========
10:46:51 [INFO] 飞书推送: ✓ 已启用
10:46:51 [INFO] 飞书关键词: 做T猎手预警
10:46:51 [INFO] 飞书Webhook: https://open.feishu.cn/open-apis/bot/v2/hook/e8018470-e...
10:46:51 [INFO] ══════════════════════════════════════════════════════════════════════
10:46:51 [INFO] 【2026-06-12 加仓策略执行指南】
10:46:51 [INFO]   1️⃣ 中国巨石 600176 — ❌ 不追 (已涨5.62%, 资金不足)
10:46:51 [INFO]   2️⃣ 科创50ETF 588000 — ⚡ 分批加仓 (先加¥15,000)
10:46:51 [INFO]      └─ 第一批: ¥15,000 (约8,200份)
10:46:51 [INFO]      └─ 第二批: ¥15,000 (等待盘中回落)
10:46:51 [INFO]   3️⃣ 中信银行 601998 — ✅ 按计划加 (¥15,000, 约1,900股)
10:46:51 [INFO]   4️⃣ 特变电工 600089 — ⚡ 加仓 (¥25,000, 约1,090股)
10:46:51 [INFO] ══════════════════════════════════════════════════════════════════════
10:46:51 [INFO] 🔊 系统高级报警音效已成功【全自动挂载】！准备执行听声辨位！
10:46:52 [INFO] ✅ 启动自检飞书消息已成功送达
10:46:54 [INFO] 🔔 已触发急促报警
10:46:54 [INFO] ⏱ 采用顺序轮询模式：每轮扫描结束后再等待 15 秒（V1.8 确认型收敛）
10:46:54 [INFO] 🫀 扫描心跳 第1轮开始
10:47:15 [INFO] 
📊 护城河防御面板 第1轮
──────────────────────────────────────────────────────────────────────
科创半导体ETF华夏(588170)    3.28      3.27    5.4%    多18/空19  停手:买卖都不够强
特变电工(600089)       23.33     23.47    2.1%     多38/空4  可T观察    
中国巨石(600176)       64.82     64.44   11.8%    多16/空23  停手:买卖都不够强
双良节能(600481)        4.29      4.32    4.9%     多38/空4  可T观察    
五洲新春(603667)       64.96     65.42    5.4%     多50/空4  强可T     
华工科技(000988)      165.28    165.82    3.4%     多26/空4  停手:买卖都不够强
拓维信息(002261)       28.97     28.93    3.5%   多-24/空37  可T观察    
陕西斯瑞新材股份(688102)   41.97     42.47    5.0%     多57/空4  强可T     
英维克(002837)        81.31     81.53    8.4%     多38/空8  可T观察    
10:48:34 [INFO] 🫀 扫描心跳 第2轮开始
10:48:58 [INFO] 🫀 扫描心跳 第3轮开始
10:49:27 [INFO] 🫀 扫描心跳 第4轮开始
10:49:55 [INFO] 🫀 扫描心跳 第5轮开始
10:50:09 [INFO] 
📊 护城河防御面板 第5轮
──────────────────────────────────────────────────────────────────────
科创半导体ETF华夏(588170)    3.26      3.27    5.4%     多26/空4  停手:买卖都不够强
特变电工(600089)       23.28     23.46    2.3%     多38/空4  可T观察    
中国巨石(600176)       64.70     64.45   11.8%    多18/空23  停手:买卖都不够强
双良节能(600481)        4.29      4.32    4.9%     多38/空4  可T观察    
五洲新春(603667)       64.96     65.42    5.4%     多50/空4  强可T     
华工科技(000988)      165.28    165.82    3.4%     多26/空4  停手:买卖都不够强
拓维信息(002261)       28.97     28.93    3.5%   多-24/空37  可T观察    
陕西斯瑞新材股份(688102)   41.97     42.47    5.0%     多57/空4  强可T     
英维克(002837)        81.31     81.53    8.4%     多38/空8  可T观察    
10:50:24 [INFO] 🫀 扫描心跳 第6轮开始
10:50:50 [INFO] ✅ 飞书消息已成功送达: 陕西斯瑞新材股份(688102) BUY_LOW - 加急通知已发送
10:50:51 [INFO] 🔔 已触发急促报警
10:51:08 [INFO] 🫀 扫描心跳 第7轮开始
10:51:35 [INFO] 🫀 扫描心跳 第8轮开始
10:51:59 [INFO] 🫀 扫描心跳 第9轮开始
10:52:10 [INFO] 
📊 护城河防御面板 第9轮
──────────────────────────────────────────────────────────────────────
科创半导体ETF华夏(588170)    3.26      3.27    5.4%     多26/空4  停手:买卖都不够强
特变电工(600089)       23.28     23.46    2.3%     多38/空4  可T观察    
中国巨石(600176)       64.70     64.45   11.8%    多18/空23  停手:买卖都不够强
双良节能(600481)        4.29      4.32    5.1%     多48/空4  强可T     
五洲新春(603667)       64.88     65.39    5.4%     多50/空0  强可T     
华工科技(000988)      164.48    165.74    3.4%     多26/空4  停手:买卖都不够强
拓维信息(002261)       28.80     28.93    3.5%    多13/空22  停手:买卖都不够强
陕西斯瑞新材股份(688102)   41.85     42.43    5.0%     多64/空0  强可T     
英维克(002837)        81.42     81.54    8.4%     多22/空8  停手:买卖都不够强
10:52:25 [INFO] 🫀 扫描心跳 第10轮开始
10:52:50 [INFO] 🫀 扫描心跳 第11轮开始
10:53:17 [INFO] 🫀 扫描心跳 第12轮开始
10:53:45 [INFO] 🫀 扫描心跳 第13轮开始
10:54:02 [INFO] 
📊 护城河防御面板 第13轮
──────────────────────────────────────────────────────────────────────
科创半导体ETF华夏(588170)    3.27      3.27    5.4%    多16/空15  停手:买卖都不够强
特变电工(600089)       23.28     23.45    2.4%     多48/空0  强可T     
中国巨石(600176)       64.82     64.48   11.8%    多20/空19  停手:买卖都不够强
双良节能(600481)        4.29      4.32    5.1%     多40/空0  可T观察    
五洲新春(603667)       65.17     65.37    5.4%     多8/空15  停手:买卖都不够强
华工科技(000988)      164.77    165.69    3.4%     多28/空0  可T观察    
拓维信息(002261)       28.91     28.93    3.5%    多13/空18  停手:买卖都不够强
陕西斯瑞新材股份(688102)   41.99     42.40    5.0%     多41/空0  可T观察    
英维克(002837)        81.92     81.54    8.4%    多10/空19  停手:买卖都不够强
10:54:17 [INFO] 🫀 扫描心跳 第14轮开始
10:54:48 [INFO] 🫀 扫描心跳 第15轮开始
10:55:17 [INFO] 🫀 扫描心跳 第16轮开始
10:55:45 [INFO] 🫀 扫描心跳 第17轮开始
10:55:59 [INFO] 
📊 护城河防御面板 第17轮
──────────────────────────────────────────────────────────────────────
科创半导体ETF华夏(588170)    3.27      3.27    5.4%    多16/空15  停手:买卖都不够强
特变电工(600089)       23.28     23.45    2.4%     多48/空0  强可T     
中国巨石(600176)       64.82     64.48   11.8%    多20/空19  停手:买卖都不够强
双良节能(600481)        4.29      4.32    5.1%     多40/空0  可T观察    
五洲新春(603667)       65.17     65.37    5.4%     多8/空15  停手:买卖都不够强
华工科技(000988)      164.77    165.69    3.4%     多28/空0  可T观察    
拓维信息(002261)       28.91     28.93    3.5%    多13/空18  停手:买卖都不够强
陕西斯瑞新材股份(688102)   41.99     42.40    5.0%     多41/空0  可T观察    
英维克(002837)        81.92     81.54    8.4%    多10/空19  停手:买卖都不够强
10:56:14 [INFO] 🫀 扫描心跳 第18轮开始
10:56:38 [INFO] 🫀 扫描心跳 第19轮开始
10:57:05 [INFO] 🫀 扫描心跳 第20轮开始
10:57:36 [INFO] 🫀 扫描心跳 第21轮开始
10:57:50 [INFO] 
📊 护城河防御面板 第21轮
──────────────────────────────────────────────────────────────────────
科创半导体ETF华夏(588170)    3.24      3.27    5.4%     多41/空4  可T观察    
特变电工(600089)       23.28     23.44    2.4%     多44/空0  可T观察    
中国巨石(600176)       64.79     64.49   11.8%     多0/空23  停手:买卖都不够强
双良节能(600481)        4.29      4.32    5.1%     多41/空0  可T观察    
五洲新春(603667)       64.88     65.34    5.4%     多8/空10  停手:买卖都不够强
华工科技(000988)      163.47    165.56    3.4%     多52/空4  强可T     
拓维信息(002261)       28.84     28.92    3.5%    多15/空22  停手:买卖都不够强
陕西斯瑞新材股份(688102)   41.80     42.37    5.0%    多38/空14  可T观察    
英维克(002837)        81.34     81.54    8.4%     多22/空8  停手:买卖都不够强
10:58:05 [INFO] 🫀 扫描心跳 第22轮开始
10:58:31 [INFO] 🫀 扫描心跳 第23轮开始
10:58:58 [INFO] 🫀 扫描心跳 第24轮开始
10:59:24 [INFO] 🫀 扫描心跳 第25轮开始
10:59:35 [INFO] 
📊 护城河防御面板 第25轮
──────────────────────────────────────────────────────────────────────
科创半导体ETF华夏(588170)    3.24      3.27    5.4%     多41/空4  可T观察    
特变电工(600089)       23.28     23.44    2.4%     多44/空0  可T观察    
中国巨石(600176)       64.79     64.49   11.8%     多0/空23  停手:买卖都不够强
双良节能(600481)        4.29      4.32    5.1%     多41/空0  可T观察    
五洲新春(603667)       64.88     65.34    5.4%     多8/空10  停手:买卖都不够强
华工科技(000988)      163.47    165.56    3.4%     多52/空4  强可T     
拓维信息(002261)       28.84     28.92    3.5%    多15/空22  停手:买卖都不够强
陕西斯瑞新材股份(688102)   41.80     42.37    5.0%    多38/空14  可T观察    
英维克(002837)        81.34     81.54    8.4%     多22/空8  停手:买卖都不够强
10:59:50 [INFO] 🫀 扫描心跳 第26轮开始
11:00:18 [INFO] 🫀 扫描心跳 第27轮开始
11:00:32 [INFO] ✅ 飞书消息已成功送达: 五洲新春(603667) BUY_LOW - 加急通知已发送
11:00:34 [INFO] 🔔 已触发急促报警
11:00:55 [INFO] 🫀 扫描心跳 第28轮开始
11:01:21 [INFO] 🫀 扫描心跳 第29轮开始
11:01:32 [INFO] 
📊 护城河防御面板 第29轮
──────────────────────────────────────────────────────────────────────
科创半导体ETF华夏(588170)    3.25      3.27    5.4%     多36/空0  可T观察    
特变电工(600089)       23.29     23.43    2.4%     多18/空0  停手:买卖都不够强
中国巨石(600176)       64.82     64.51   11.8%    多16/空23  停手:买卖都不够强
双良节能(600481)        4.29      4.31    5.1%     多38/空0  可T观察    
五洲新春(603667)       64.75     65.30    5.4%     多59/空0  强可T     
华工科技(000988)      164.08    165.47    3.4%     多39/空0  可T观察    
拓维信息(002261)       28.81     28.92    3.5%    多23/空18  停手:买卖都不够强
陕西斯瑞新材股份(688102)   41.96     42.34    5.0%     多33/空0  可T观察    
英维克(002837)        81.53     81.52    8.4%    多10/空19  停手:买卖都不够强
11:01:47 [INFO] 🫀 扫描心跳 第30轮开始
11:02:16 [INFO] 🫀 扫描心跳 第31轮开始
11:02:43 [INFO] 🫀 扫描心跳 第32轮开始
11:03:09 [INFO] 🫀 扫描心跳 第33轮开始
11:03:21 [INFO] 
📊 护城河防御面板 第33轮
──────────────────────────────────────────────────────────────────────
科创半导体ETF华夏(588170)    3.26      3.27    5.4%      多8/空0  停手:买卖都不够强
特变电工(600089)       23.31     23.42    2.4%    多18/空10  停手:买卖都不够强
中国巨石(600176)       64.82     64.53   11.8%    多16/空23  停手:买卖都不够强
双良节能(600481)        4.29      4.31    5.1%     多38/空0  可T观察    
五洲新春(603667)       64.75     65.30    5.4%     多59/空0  强可T     
华工科技(000988)      164.08    165.47    3.4%     多39/空0  可T观察    
拓维信息(002261)       28.81     28.92    3.5%    多23/空18  停手:买卖都不够强
陕西斯瑞新材股份(688102)   41.96     42.34    5.0%     多33/空0  可T观察    
英维克(002837)        81.53     81.52    8.4%    多10/空19  停手:买卖都不够强
11:03:36 [INFO] 🫀 扫描心跳 第34轮开始
11:04:05 [INFO] 🫀 扫描心跳 第35轮开始
11:04:33 [INFO] 🫀 扫描心跳 第36轮开始
11:04:59 [INFO] 🫀 扫描心跳 第37轮开始
11:05:12 [INFO] 
📊 护城河防御面板 第37轮
──────────────────────────────────────────────────────────────────────
科创半导体ETF华夏(588170)    3.26      3.27    5.4%      多8/空0  停手:买卖都不够强
特变电工(600089)       23.31     23.42    2.4%    多18/空10  停手:买卖都不够强
中国巨石(600176)       64.82     64.53   11.8%    多16/空23  停手:买卖都不够强
双良节能(600481)        4.28      4.31    5.1%    多14/空14  停手:买卖都不够强
五洲新春(603667)       64.87     65.29    5.4%    多12/空10  停手:买卖都不够强
华工科技(000988)      164.20    165.42    3.4%      多8/空0  停手:买卖都不够强
拓维信息(002261)       28.85     28.91    3.5%    多13/空18  停手:买卖都不够强
陕西斯瑞新材股份(688102)   42.02     42.33    5.0%     多12/空0  停手:买卖都不够强
英维克(002837)        81.55     81.53    8.4%    多-4/空29  停手:买卖都不够强
11:05:27 [INFO] 🫀 扫描心跳 第38轮开始
11:05:56 [INFO] 🫀 扫描心跳 第39轮开始
11:06:24 [INFO] 🫀 扫描心跳 第40轮开始
11:06:53 [INFO] 🫀 扫描心跳 第41轮开始
11:07:05 [INFO] 
📊 护城河防御面板 第41轮
──────────────────────────────────────────────────────────────────────
科创半导体ETF华夏(588170)    3.25      3.26    5.4%      多8/空0  停手:买卖都不够强
特变电工(600089)       23.23     23.41    2.5%     多38/空4  可T观察    
中国巨石(600176)       64.77     64.53   11.8%    多20/空19  停手:买卖都不够强
双良节能(600481)        4.28      4.31    5.1%    多14/空14  停手:买卖都不够强
五洲新春(603667)       64.82     65.26    5.4%     多20/空0  停手:买卖都不够强
华工科技(000988)      164.30    165.34    3.4%      多8/空0  停手:买卖都不够强
拓维信息(002261)       28.82     28.91    3.5%    多20/空18  停手:买卖都不够强
陕西斯瑞新材股份(688102)   41.86     42.29    5.0%     多38/空0  可T观察    
英维克(002837)        81.82     81.54    8.4%    多-4/空19  停手:买卖都不够强
11:07:20 [INFO] 🫀 扫描心跳 第42轮开始
11:07:46 [INFO] 🫀 扫描心跳 第43轮开始
11:08:11 [INFO] 🫀 扫描心跳 第44轮开始
11:08:35 [INFO] 🫀 扫描心跳 第45轮开始
11:08:44 [INFO] 
📊 护城河防御面板 第45轮
──────────────────────────────────────────────────────────────────────
科创半导体ETF华夏(588170)    3.25      3.26    5.4%      多8/空0  停手:买卖都不够强
特变电工(600089)       23.23     23.41    2.5%     多38/空4  可T观察    
中国巨石(600176)       64.77     64.53   11.8%    多20/空19  停手:买卖都不够强
双良节能(600481)        4.28      4.31    5.1%    多14/空14  停手:买卖都不够强
五洲新春(603667)       64.82     65.26    5.4%     多20/空0  停手:买卖都不够强
华工科技(000988)      164.30    165.34    3.4%      多8/空0  停手:买卖都不够强
拓维信息(002261)       28.82     28.91    3.5%    多20/空18  停手:买卖都不够强
陕西斯瑞新材股份(688102)   41.86     42.29    5.0%     多38/空0  可T观察    
英维克(002837)        81.82     81.54    8.4%    多-4/空19  停手:买卖都不够强
11:08:59 [INFO] 🫀 扫描心跳 第46轮开始
11:09:28 [INFO] 🫀 扫描心跳 第47轮开始
11:09:57 [INFO] 🫀 扫描心跳 第48轮开始
11:10:13 [WARNING] ⚠️  英维克(002837) 扫描异常: 'code'
11:10:28 [INFO] 🫀 扫描心跳 第49轮开始
11:10:38 [WARNING] ⚠️  英维克(002837) 扫描异常: 'code'
11:10:38 [INFO] 
📊 护城河防御面板 第49轮
──────────────────────────────────────────────────────────────────────
科创半导体ETF华夏(588170)    3.27      3.26    5.4%     多2/空15  停手:买卖都不够强
特变电工(600089)       23.26     23.40    2.5%     多18/空0  停手:买卖都不够强
中国巨石(600176)       64.82     64.55   11.8%    多20/空19  停手:买卖都不够强
双良节能(600481)        4.28      4.31    5.1%     多38/空0  可T观察    
五洲新春(603667)       64.94     65.24    5.4%     多12/空0  停手:买卖都不够强
华工科技(000988)      164.52    165.28    3.4%    多12/空15  停手:买卖都不够强
拓维信息(002261)       28.82     28.90    3.5%    多-3/空18  停手:买卖都不够强
陕西斯瑞新材股份(688102)   41.97     42.28    5.0%     多14/空0  停手:买卖都不够强
英维克(002837)        82.28     81.56    8.4%    多-4/空46  强可T|SELL_HIGH
11:10:53 [INFO] 🫀 扫描心跳 第50轮开始
11:11:05 [INFO] ✅ 飞书消息已成功送达: 英维克(002837) SELL_HIGH - 加急通知已发送
11:11:07 [INFO] 🔔 已触发急促报警
11:11:22 [INFO] 🫀 扫描心跳 第51轮开始
11:11:49 [INFO] 🫀 扫描心跳 第52轮开始
11:12:15 [INFO] 🫀 扫描心跳 第53轮开始
11:12:28 [INFO] 
📊 护城河防御面板 第53轮
──────────────────────────────────────────────────────────────────────
科创半导体ETF华夏(588170)    3.27      3.26    5.4%     多2/空15  停手:买卖都不够强
特变电工(600089)       23.26     23.40    2.5%     多18/空0  停手:买卖都不够强
中国巨石(600176)       64.82     64.55   11.8%    多20/空19  停手:买卖都不够强
双良节能(600481)        4.28      4.31    5.1%     多38/空0  可T观察    
五洲新春(603667)       64.94     65.24    5.4%     多12/空0  停手:买卖都不够强
华工科技(000988)      164.52    165.28    3.4%    多12/空15  停手:买卖都不够强
拓维信息(002261)       28.82     28.90    3.5%    多-3/空18  停手:买卖都不够强
陕西斯瑞新材股份(688102)   41.97     42.28    5.0%    多14/空-3  停手:买卖都不够强
英维克(002837)        82.28     81.56    8.4%    多-4/空38  可T观察    
11:12:43 [INFO] 🫀 扫描心跳 第54轮开始
11:13:14 [INFO] 🫀 扫描心跳 第55轮开始
11:13:44 [INFO] 🫀 扫描心跳 第56轮开始
11:14:11 [INFO] 🫀 扫描心跳 第57轮开始
11:14:22 [INFO] 
📊 护城河防御面板 第57轮
──────────────────────────────────────────────────────────────────────
科创半导体ETF华夏(588170)    3.27      3.26    5.4%     多2/空25  停手:买卖都不够强
特变电工(600089)       23.23     23.40    2.5%    多14/空14  停手:买卖都不够强
中国巨石(600176)       64.82     64.56   11.8%     多2/空19  停手:买卖都不够强
双良节能(600481)        4.28      4.31    5.1%    多14/空14  停手:买卖都不够强
五洲新春(603667)       64.95     65.23    5.4%    多12/空25  停手:买卖都不够强
华工科技(000988)      164.12    165.22    3.4%    多12/空10  停手:买卖都不够强
拓维信息(002261)       28.78     28.90    3.5%     多1/空28  停手:买卖都不够强
陕西斯瑞新材股份(688102)   41.85     42.26    5.0%     多37/空7  可T观察    
英维克(002837)        82.07     81.58    8.4%    多-4/空21  停手:买卖都不够强
11:14:37 [INFO] 🫀 扫描心跳 第58轮开始
11:15:03 [INFO] 🫀 扫描心跳 第59轮开始
11:15:30 [INFO] 🫀 扫描心跳 第60轮开始
11:15:56 [INFO] 🫀 扫描心跳 第61轮开始
11:16:08 [INFO] 
📊 护城河防御面板 第61轮
──────────────────────────────────────────────────────────────────────
科创半导体ETF华夏(588170)    3.27      3.26    5.4%     多2/空25  停手:买卖都不够强
特变电工(600089)       23.21     23.39    2.6%     多38/空4  可T观察    
中国巨石(600176)       64.82     64.57   11.8%     多2/空29  停手:买卖都不够强
双良节能(600481)        4.28      4.31    5.1%    多14/空14  停手:买卖都不够强
五洲新春(603667)       64.95     65.23    5.4%    多12/空25  停手:买卖都不够强
华工科技(000988)      164.12    165.22    3.4%    多12/空10  停手:买卖都不够强
拓维信息(002261)       28.78     28.90    3.5%     多1/空28  停手:买卖都不够强
陕西斯瑞新材股份(688102)   41.85     42.26    5.0%     多37/空7  可T观察    
英维克(002837)        82.07     81.58    8.4%    多-4/空21  停手:买卖都不够强
11:16:23 [INFO] 🫀 扫描心跳 第62轮开始
11:16:56 [INFO] 🫀 扫描心跳 第63轮开始
11:17:38 [INFO] 🫀 扫描心跳 第64轮开始
11:18:05 [INFO] 🫀 扫描心跳 第65轮开始
11:18:18 [INFO] 
📊 护城河防御面板 第65轮
──────────────────────────────────────────────────────────────────────
科创半导体ETF华夏(588170)    3.27      3.26    5.4%     多2/空25  停手:买卖都不够强
特变电工(600089)       23.21     23.39    2.6%     多38/空4  可T观察    
中国巨石(600176)       64.82     64.57   11.8%     多2/空29  停手:买卖都不够强
双良节能(600481)        4.28      4.31    5.1%    多26/空14  停手:买卖都不够强
五洲新春(603667)       64.95     65.22    5.4%     多7/空17  停手:买卖都不够强
华工科技(000988)      164.34    165.19    3.4%     多28/空0  可T观察    
拓维信息(002261)       28.73     28.89    3.5%    多21/空22  停手:买卖都不够强
陕西斯瑞新材股份(688102)   41.74     42.23    5.0%    多63/空11  强可T     
英维克(002837)        82.16     81.61    8.4%    多-4/空21  停手:买卖都不够强
11:18:33 [INFO] 🫀 扫描心跳 第66轮开始
11:18:59 [INFO] 🫀 扫描心跳 第67轮开始
11:19:27 [INFO] 🫀 扫描心跳 第68轮开始
11:19:54 [INFO] 🫀 扫描心跳 第69轮开始
11:20:08 [INFO] 
📊 护城河防御面板 第69轮
──────────────────────────────────────────────────────────────────────
科创半导体ETF华夏(588170)    3.26      3.26    5.4%     多8/空14  停手:买卖都不够强
特变电工(600089)       23.20     23.38    2.6%     多48/空4  强可T     
中国巨石(600176)       64.82     64.58   11.8%     多0/空33  停手:买卖都不够强
双良节能(600481)        4.27      4.31    5.4%     多53/空4  强可T     
五洲新春(603667)       64.86     65.20    5.4%    多11/空21  停手:买卖都不够强
华工科技(000988)      163.71    165.13    3.4%    多63/空14  强可T     
拓维信息(002261)       28.68     28.88    3.5%    多17/空22  停手:买卖都不够强
陕西斯瑞新材股份(688102)   41.60     42.20    5.0%     多75/空1  强可T     
英维克(002837)        82.34     81.63    8.4%    多-4/空38  可T观察    
11:20:23 [INFO] 🫀 扫描心跳 第70轮开始
11:20:50 [INFO] 🫀 扫描心跳 第71轮开始
11:21:17 [INFO] 🫀 扫描心跳 第72轮开始
11:21:42 [INFO] 🫀 扫描心跳 第73轮开始
11:21:52 [INFO] 
📊 护城河防御面板 第73轮
──────────────────────────────────────────────────────────────────────
科创半导体ETF华夏(588170)    3.26      3.26    5.4%     多8/空14  停手:买卖都不够强
特变电工(600089)       23.20     23.38    2.6%     多48/空4  强可T     
中国巨石(600176)       64.82     64.58   11.8%     多0/空33  停手:买卖都不够强
双良节能(600481)        4.27      4.31    5.4%     多53/空4  强可T     
五洲新春(603667)       64.86     65.20    5.4%    多11/空18  停手:买卖都不够强
华工科技(000988)      163.71    165.13    3.4%    多63/空14  强可T     
拓维信息(002261)       28.68     28.88    3.5%    多17/空22  停手:买卖都不够强
陕西斯瑞新材股份(688102)   41.60     42.20    5.0%     多75/空1  强可T     
英维克(002837)        82.34     81.63    8.4%    多-4/空38  可T观察    
11:22:07 [INFO] 🫀 扫描心跳 第74轮开始
11:22:10 [INFO] ✅ 飞书消息已成功送达: 科创半导体ETF华夏(588170) SELL_HIGH - 加急通知已发送
11:22:11 [INFO] 🔔 已触发急促报警
11:22:36 [INFO] 🫀 扫描心跳 第75轮开始
11:23:06 [INFO] 🫀 扫描心跳 第76轮开始
11:23:34 [INFO] 🫀 扫描心跳 第77轮开始
11:23:45 [INFO] 
📊 护城河防御面板 第77轮
──────────────────────────────────────────────────────────────────────
科创半导体ETF华夏(588170)    3.29      3.26    5.4%     多2/空34  停手:买卖都不够强
特变电工(600089)       23.24     23.37    2.7%     多18/空0  停手:买卖都不够强
中国巨石(600176)       64.82     64.59   11.8%     多0/空23  停手:买卖都不够强
双良节能(600481)        4.28      4.31    5.6%     多18/空0  停手:买卖都不够强
五洲新春(603667)       65.12     65.20    5.4%     多7/空16  停手:买卖都不够强
华工科技(000988)      164.65    165.11    3.4%    多28/空12  可T观察    
拓维信息(002261)       28.74     28.88    3.5%     多1/空18  停手:买卖都不够强
陕西斯瑞新材股份(688102)   41.90     42.19    5.0%    多31/空12  可T观察    
英维克(002837)        82.55     81.67    8.4%    多-4/空51  强可T     
11:24:00 [INFO] 🫀 扫描心跳 第78轮开始
11:24:25 [INFO] 🫀 扫描心跳 第79轮开始
11:24:51 [INFO] 🫀 扫描心跳 第80轮开始
11:25:18 [INFO] 🫀 扫描心跳 第81轮开始
11:25:20 [WARNING] ⚠️  科创半导体ETF华夏(588170) 扫描异常: 'code'
11:25:32 [INFO] 
📊 护城河防御面板 第81轮
──────────────────────────────────────────────────────────────────────
科创半导体ETF华夏(588170)    3.29      3.27    5.4%     多2/空48  强可T     
特变电工(600089)       23.26     23.37    2.7%    多18/空15  停手:买卖都不够强
中国巨石(600176)       64.82     64.60   11.8%     多0/空23  停手:买卖都不够强
双良节能(600481)        4.28      4.31    5.6%     多18/空0  停手:买卖都不够强
五洲新春(603667)       65.12     65.20    5.4%     多7/空16  停手:买卖都不够强
华工科技(000988)      164.65    165.11    3.4%    多28/空12  可T观察    
拓维信息(002261)       28.74     28.88    3.5%     多1/空18  停手:买卖都不够强
陕西斯瑞新材股份(688102)   41.90     42.19    5.0%    多31/空12  可T观察    
英维克(002837)        82.55     81.67    8.4%    多-4/空51  强可T     
11:25:47 [INFO] 🫀 扫描心跳 第82轮开始
11:25:48 [WARNING] ⚠️  科创半导体ETF华夏(588170) 扫描异常: 'code'
11:25:57 [INFO] ✅ 飞书消息已成功送达: 五洲新春(603667) SELL_HIGH - 加急通知已发送
11:25:58 [INFO] 🔔 已触发急促报警
11:26:20 [INFO] 🫀 扫描心跳 第83轮开始
11:26:47 [INFO] 🫀 扫描心跳 第84轮开始
11:27:17 [INFO] 🫀 扫描心跳 第85轮开始
11:27:30 [INFO] 
📊 护城河防御面板 第85轮
──────────────────────────────────────────────────────────────────────
科创半导体ETF华夏(588170)    3.29      3.27    5.4%     多2/空48  强可T     
特变电工(600089)       23.26     23.37    2.7%    多18/空15  停手:买卖都不够强
中国巨石(600176)       64.82     64.60   11.8%     多0/空23  停手:买卖都不够强
双良节能(600481)        4.28      4.30    5.6%    多14/空14  停手:买卖都不够强
五洲新春(603667)       65.22     65.20    5.4%   多-10/空41  可T观察    
华工科技(000988)      164.74    165.09    3.4%    多28/空27  可T观察    
拓维信息(002261)       28.80     28.87    3.5%    多-3/空33  停手:买卖都不够强
陕西斯瑞新材股份(688102)   41.99     42.18    5.0%    多31/空38  可T观察    
英维克(002837)        82.48     81.70    8.4%    多-6/空36  可T观察    
11:27:45 [INFO] 🫀 扫描心跳 第86轮开始
11:28:11 [INFO] 🫀 扫描心跳 第87轮开始
11:28:37 [INFO] 🫀 扫描心跳 第88轮开始
11:29:06 [INFO] 🫀 扫描心跳 第89轮开始
11:29:13 [INFO] ✅ 飞书消息已成功送达: 双良节能(600481) SELL_HIGH - 加急通知已发送
11:29:14 [INFO] 🔔 已触发急促报警
11:29:20 [INFO] ✅ 飞书消息已成功送达: 华工科技(000988) SELL_HIGH - 加急通知已发送
11:29:21 [INFO] 🔔 已触发急促报警
11:29:28 [INFO] 
📊 护城河防御面板 第89轮
──────────────────────────────────────────────────────────────────────
科创半导体ETF华夏(588170)    3.32      3.27    5.4%     多2/空34  停手:买卖都不够强
特变电工(600089)       23.32     23.36    2.7%    多14/空27  停手:买卖都不够强
中国巨石(600176)       64.82     64.60   11.8%     多0/空23  停手:买卖都不够强
双良节能(600481)        4.32      4.30    5.6%     多2/空42  可T观察|SELL_HIGH
五洲新春(603667)       65.35     65.20    5.4%   多-10/空51  强可T     
华工科技(000988)      165.29    165.10    3.4%    多10/空52  强可T|SELL_HIGH
拓维信息(002261)       28.82     28.87    3.5%    多-3/空28  停手:买卖都不够强
陕西斯瑞新材股份(688102)   41.99     42.18    5.0%    多31/空38  可T观察    
英维克(002837)        82.48     81.70    8.4%    多-6/空36  可T观察    
11:29:43 [INFO] 🫀 扫描心跳 第90轮开始
11:30:10 [INFO] ⏸ 非交易时段，进入低频保活
11:40:10 [INFO] ⏸ 非交易时段，进入低频保活
13:01:07 [INFO] 🫀 扫描心跳 第91轮开始
13:01:16 [INFO] ✅ 飞书消息已成功送达: 科创半导体ETF华夏(588170) SELL_HIGH - 加急通知已发送
13:01:18 [INFO] 🔔 已触发急促报警
13:01:38 [INFO] ✅ 飞书消息已成功送达: 华工科技(000988) SELL_HIGH - 加急通知已发送
13:01:40 [INFO] 🔔 已触发急促报警
13:01:56 [INFO] ✅ 飞书消息已成功送达: 英维克(002837) SELL_HIGH - 加急通知已发送
13:01:58 [INFO] 🔔 已触发急促报警
13:02:13 [INFO] 🫀 扫描心跳 第92轮开始
13:02:37 [INFO] 🫀 扫描心跳 第93轮开始
13:02:49 [INFO] 
📊 护城河防御面板 第93轮
──────────────────────────────────────────────────────────────────────
科创半导体ETF华夏(588170)    3.33      3.27    5.9%     多2/空63  强可T     
特变电工(600089)       23.38     23.36    2.7%     多2/空42  可T观察    
中国巨石(600176)       64.82     64.61   11.8%     多0/空23  停手:买卖都不够强
双良节能(600481)        4.31      4.31    5.6%     多0/空25  停手:买卖都不够强
五洲新春(603667)       65.06     65.20    5.4%    多16/空14  停手:买卖都不够强
华工科技(000988)      165.73    165.12    3.4%     多2/空44  可T观察    
拓维信息(002261)       28.92     28.87    3.5%     多0/空42  可T观察    
陕西斯瑞新材股份(688102)   42.10     42.16    5.0%    多12/空38  可T观察    
英维克(002837)        83.00     81.77    8.4%     多2/空53  强可T     
13:03:04 [INFO] 🫀 扫描心跳 第94轮开始
13:03:32 [INFO] 🫀 扫描心跳 第95轮开始
13:04:01 [INFO] 🫀 扫描心跳 第96轮开始
13:04:29 [INFO] 🫀 扫描心跳 第97轮开始
13:04:51 [INFO] ✅ 飞书消息已成功送达: 拓维信息(002261) SELL_HIGH - 加急通知已发送
13:04:53 [INFO] 🔔 已触发急促报警
13:04:57 [INFO] ✅ 飞书消息已成功送达: 陕西斯瑞新材股份(688102) SELL_HIGH - 加急通知已发送
13:04:59 [INFO] 🔔 已触发急促报警
13:05:01 [INFO] 
📊 护城河防御面板 第97轮
──────────────────────────────────────────────────────────────────────
科创半导体ETF华夏(588170)    3.35      3.27    6.3%     多2/空63  强可T     
特变电工(600089)       23.42     23.37    2.7%     多0/空25  停手:买卖都不够强
中国巨石(600176)       64.82     64.62   11.8%    多16/空23  停手:买卖都不够强
双良节能(600481)        4.32      4.31    5.6%     多0/空25  停手:买卖都不够强
五洲新春(603667)       65.23     65.20    5.4%    多20/空15  停手:买卖都不够强
华工科技(000988)      165.17    165.12    3.4%     多0/空21  停手:买卖都不够强
拓维信息(002261)       28.96     28.87    3.5%     多0/空42  可T观察|SELL_HIGH
陕西斯瑞新材股份(688102)   42.33     42.17    5.0%     多2/空53  强可T|SELL_HIGH
英维克(002837)        83.43     81.82    8.4%     多2/空38  停手:高位但无明确优势
13:05:16 [INFO] 🫀 扫描心跳 第98轮开始
13:05:46 [INFO] 🫀 扫描心跳 第99轮开始
13:06:13 [INFO] 🫀 扫描心跳 第100轮开始
13:06:41 [INFO] 🫀 扫描心跳 第101轮开始
13:06:52 [INFO] 
📊 护城河防御面板 第101轮
──────────────────────────────────────────────────────────────────────
科创半导体ETF华夏(588170)    3.35      3.27    6.3%     多2/空63  强可T     
特变电工(600089)       23.42     23.37    2.7%     多0/空25  停手:买卖都不够强
中国巨石(600176)       64.82     64.62   11.8%    多16/空23  停手:买卖都不够强
双良节能(600481)        4.32      4.31    5.6%     多0/空25  停手:买卖都不够强
五洲新春(603667)       65.23     65.20    5.4%    多20/空15  停手:买卖都不够强
华工科技(000988)      165.17    165.12    3.4%     多0/空21  停手:买卖都不够强
拓维信息(002261)       28.96     28.87    3.5%     多0/空34  停手:买卖都不够强
陕西斯瑞新材股份(688102)   42.33     42.17    5.0%     多2/空34  停手:买卖都不够强
英维克(002837)        83.43     81.82    8.4%     多2/空38  停手:高位但无明确优势
13:07:07 [INFO] 🫀 扫描心跳 第102轮开始
13:07:35 [INFO] 🫀 扫描心跳 第103轮开始
13:08:10 [INFO] 🫀 扫描心跳 第104轮开始
13:08:43 [INFO] 🫀 扫描心跳 第105轮开始
13:08:54 [INFO] 
📊 护城河防御面板 第105轮
──────────────────────────────────────────────────────────────────────
科创半导体ETF华夏(588170)    3.38      3.28    7.3%     多2/空49  强可T     
特变电工(600089)       23.36     23.37    2.7%    多18/空14  停手:买卖都不够强
中国巨石(600176)       64.82     64.63   11.8%    多16/空23  停手:买卖都不够强
双良节能(600481)        4.33      4.31    5.6%     多0/空25  停手:买卖都不够强
五洲新春(603667)       65.01     65.19    5.4%      多8/空4  停手:买卖都不够强
华工科技(000988)      165.38    165.13    3.4%     多0/空21  停手:买卖都不够强
拓维信息(002261)       28.98     28.88    3.5%     多0/空29  停手:买卖都不够强
陕西斯瑞新材股份(688102)   42.11     42.17    5.0%      多8/空2  停手:买卖都不够强
英维克(002837)        83.23     81.88    8.4%     多0/空36  停手:高位但无明确优势
13:09:09 [INFO] 🫀 扫描心跳 第106轮开始
13:09:37 [INFO] 🫀 扫描心跳 第107轮开始
13:10:05 [INFO] 🫀 扫描心跳 第108轮开始
13:10:31 [INFO] 🫀 扫描心跳 第109轮开始
13:10:43 [INFO] 
📊 护城河防御面板 第109轮
──────────────────────────────────────────────────────────────────────
科创半导体ETF华夏(588170)    3.38      3.28    7.3%     多2/空49  强可T     
特变电工(600089)       23.36     23.37    2.7%    多18/空14  停手:买卖都不够强
中国巨石(600176)       64.82     64.63   11.8%    多16/空23  停手:买卖都不够强
双良节能(600481)        4.33      4.31    5.6%     多0/空25  停手:买卖都不够强
五洲新春(603667)       65.01     65.19    5.4%      多8/空4  停手:买卖都不够强
华工科技(000988)      165.38    165.13    3.4%     多0/空21  停手:买卖都不够强
拓维信息(002261)       28.98     28.88    3.5%     多0/空29  停手:买卖都不够强
陕西斯瑞新材股份(688102)   42.11     42.17    5.0%      多8/空2  停手:买卖都不够强
英维克(002837)        83.23     81.88    8.4%     多0/空36  停手:高位但无明确优势
13:10:58 [INFO] 🫀 扫描心跳 第110轮开始
13:11:31 [INFO] 🫀 扫描心跳 第111轮开始
13:12:03 [INFO] 🫀 扫描心跳 第112轮开始
13:12:33 [INFO] 🫀 扫描心跳 第113轮开始
13:12:47 [INFO] 
📊 护城河防御面板 第113轮
──────────────────────────────────────────────────────────────────────
科创半导体ETF华夏(588170)    3.36      3.28    7.2%     多0/空36  可T观察    
特变电工(600089)       23.42     23.37    2.7%     多2/空15  停手:买卖都不够强
中国巨石(600176)       64.82     64.63   11.8%    多16/空23  停手:买卖都不够强
双良节能(600481)        4.33      4.31    5.6%    多10/空25  停手:买卖都不够强
五洲新春(603667)       65.17     65.19    5.4%     多28/空0  可T观察    
华工科技(000988)      165.97    165.16    3.4%     多2/空34  停手:买卖都不够强
拓维信息(002261)       28.95     28.88    3.5%    多-2/空21  停手:买卖都不够强
陕西斯瑞新材股份(688102)   42.11     42.17    5.0%    多16/空-4  停手:买卖都不够强
英维克(002837)        83.03     81.92    8.4%     多0/空26  停手:买卖都不够强
13:13:02 [INFO] 🫀 扫描心跳 第114轮开始
13:14:19 [INFO] 🫀 扫描心跳 第115轮开始
13:14:32 [INFO] ✅ 飞书消息已成功送达: 双良节能(600481) SELL_HIGH - 加急通知已发送
13:14:34 [INFO] 🔔 已触发急促报警
13:14:59 [INFO] 🫀 扫描心跳 第116轮开始
13:15:27 [INFO] 🫀 扫描心跳 第117轮开始
13:15:37 [INFO] 
📊 护城河防御面板 第117轮
──────────────────────────────────────────────────────────────────────
科创半导体ETF华夏(588170)    3.34      3.29    7.2%    多10/空22  停手:买卖都不够强
特变电工(600089)       23.46     23.37    2.7%     多2/空30  停手:买卖都不够强
中国巨石(600176)       64.82     64.64   11.8%    多16/空23  停手:买卖都不够强
双良节能(600481)        4.36      4.31    5.6%     多2/空49  强可T     
五洲新春(603667)       65.28     65.20    5.4%     多2/空15  停手:买卖都不够强
华工科技(000988)      166.00    165.19    3.4%     多0/空17  停手:买卖都不够强
拓维信息(002261)       29.07     28.89    3.5%     多0/空34  停手:买卖都不够强
陕西斯瑞新材股份(688102)   42.19     42.17    5.0%     多0/空11  停手:买卖都不够强
英维克(002837)        83.09     81.97    8.4%     多0/空30  停手:买卖都不够强
13:15:52 [INFO] 🫀 扫描心跳 第118轮开始
13:16:19 [INFO] 🫀 扫描心跳 第119轮开始
13:16:51 [INFO] 🫀 扫描心跳 第120轮开始
13:17:19 [INFO] 🫀 扫描心跳 第121轮开始
13:17:34 [INFO] 
📊 护城河防御面板 第121轮
──────────────────────────────────────────────────────────────────────
科创半导体ETF华夏(588170)    3.34      3.29    7.2%    多10/空22  停手:买卖都不够强
特变电工(600089)       23.46     23.37    2.7%     多2/空30  停手:买卖都不够强
中国巨石(600176)       64.82     64.64   11.8%    多16/空23  停手:买卖都不够强
双良节能(600481)        4.36      4.31    5.6%     多2/空49  强可T     
五洲新春(603667)       65.28     65.20    5.4%     多2/空15  停手:买卖都不够强
华工科技(000988)      166.00    165.19    3.4%     多0/空17  停手:买卖都不够强
拓维信息(002261)       29.07     28.89    3.5%     多0/空34  停手:买卖都不够强
陕西斯瑞新材股份(688102)   42.19     42.17    5.0%     多0/空11  停手:买卖都不够强
英维克(002837)        83.09     81.97    8.4%     多0/空30  停手:买卖都不够强
13:17:49 [INFO] 🫀 扫描心跳 第122轮开始
13:17:55 [INFO] ✅ 飞书消息已成功送达: 特变电工(600089) SELL_HIGH - 加急通知已发送
13:17:57 [INFO] 🔔 已触发急促报警
13:18:04 [WARNING] ⚠️  华工科技(000988) 扫描异常: 'code'
13:18:29 [INFO] 🫀 扫描心跳 第123轮开始
13:18:39 [WARNING] ⚠️  华工科技(000988) 扫描异常: 'code'
13:18:57 [INFO] 🫀 扫描心跳 第124轮开始
13:19:26 [INFO] 🫀 扫描心跳 第125轮开始
13:19:42 [INFO] 
📊 护城河防御面板 第125轮
──────────────────────────────────────────────────────────────────────
科创半导体ETF华夏(588170)    3.37      3.29    7.2%    多20/空26  停手:买卖都不够强
特变电工(600089)       23.48     23.37    2.7%     多2/空34  停手:买卖都不够强
中国巨石(600176)       64.82     64.65   11.8%    多16/空23  停手:买卖都不够强
双良节能(600481)        4.36      4.31    5.6%     多2/空59  强可T     
五洲新春(603667)       65.74     65.22    5.4%     多2/空42  可T观察    
华工科技(000988)      166.60    165.24    3.4%     多2/空38  停手:高位但无明确优势
拓维信息(002261)       29.14     28.89    3.5%     多0/空34  停手:买卖都不够强
陕西斯瑞新材股份(688102)   42.31     42.17    5.0%      多2/空7  停手:买卖都不够强
英维克(002837)        83.38     82.01    8.4%    多20/空26  停手:买卖都不够强
13:19:57 [INFO] 🫀 扫描心跳 第126轮开始
13:21:10 [INFO] 🫀 扫描心跳 第127轮开始
13:21:25 [INFO] ✅ 飞书消息已成功送达: 五洲新春(603667) SELL_HIGH - 加急通知已发送
13:21:26 [INFO] 🔔 已触发急促报警
13:21:50 [INFO] 🫀 扫描心跳 第128轮开始
13:22:21 [INFO] 🫀 扫描心跳 第129轮开始
13:22:35 [INFO] 
📊 护城河防御面板 第129轮
──────────────────────────────────────────────────────────────────────
科创半导体ETF华夏(588170)    3.38      3.29    7.4%    多20/空53  强可T     
特变电工(600089)       23.56     23.38    2.7%     多2/空34  停手:买卖都不够强
中国巨石(600176)       64.82     64.65   11.8%    多16/空23  停手:买卖都不够强
双良节能(600481)        4.41      4.31    5.6%     多2/空34  停手:买卖都不够强
五洲新春(603667)       66.36     65.24    5.4%     多2/空49  强可T     
华工科技(000988)      166.91    165.29    3.4%     多2/空48  强可T     
拓维信息(002261)       29.29     28.91    3.5%     多0/空59  强可T     
陕西斯瑞新材股份(688102)   42.44     42.18    5.0%     多0/空17  停手:买卖都不够强
英维克(002837)        83.31     82.05    8.4%     多0/空30  停手:买卖都不够强
13:22:50 [INFO] 🫀 扫描心跳 第130轮开始
13:23:19 [INFO] 🫀 扫描心跳 第131轮开始
13:23:45 [INFO] 🫀 扫描心跳 第132轮开始
13:24:12 [INFO] 🫀 扫描心跳 第133轮开始
13:24:27 [INFO] 
📊 护城河防御面板 第133轮
──────────────────────────────────────────────────────────────────────
科创半导体ETF华夏(588170)    3.38      3.29    7.4%    多20/空53  强可T     
特变电工(600089)       23.56     23.38    2.7%     多2/空34  停手:买卖都不够强
中国巨石(600176)       64.82     64.65   11.8%    多16/空23  停手:买卖都不够强
双良节能(600481)        4.41      4.31    5.6%     多2/空34  停手:买卖都不够强
五洲新春(603667)       66.36     65.24    5.4%     多2/空49  强可T     
华工科技(000988)      166.91    165.29    3.4%     多2/空48  强可T     
拓维信息(002261)       29.29     28.91    3.5%     多0/空59  强可T     
陕西斯瑞新材股份(688102)   42.44     42.18    5.0%     多0/空17  停手:买卖都不够强
英维克(002837)        83.31     82.05    8.4%     多0/空30  停手:买卖都不够强
13:24:42 [INFO] 🫀 扫描心跳 第134轮开始
13:25:15 [INFO] 🫀 扫描心跳 第135轮开始
13:25:42 [INFO] 🫀 扫描心跳 第136轮开始
13:26:10 [INFO] 🫀 扫描心跳 第137轮开始
13:26:23 [INFO] 
📊 护城河防御面板 第137轮
──────────────────────────────────────────────────────────────────────
科创半导体ETF华夏(588170)    3.40      3.30    8.1%     多2/空63  强可T     
特变电工(600089)       23.55     23.39    2.7%     多0/空17  停手:买卖都不够强
中国巨石(600176)       64.82     64.66   11.8%    多16/空23  停手:买卖都不够强
双良节能(600481)        4.38      4.32    5.6%     多0/空32  停手:买卖都不够强
五洲新春(603667)       66.58     65.27    5.4%     多2/空49  强可T     
华工科技(000988)      166.87    165.34    3.4%     多0/空36  停手:高位但无明确优势
拓维信息(002261)       29.29     28.92    3.5%    多-2/空32  停手:买卖都不够强
陕西斯瑞新材股份(688102)   42.42     42.19    5.0%     多0/空17  停手:买卖都不够强
英维克(002837)        83.30     82.08    8.4%    多10/空30  停手:买卖都不够强
13:26:38 [INFO] 🫀 扫描心跳 第138轮开始
13:27:06 [INFO] 🫀 扫描心跳 第139轮开始
13:27:36 [INFO] 🫀 扫描心跳 第140轮开始
13:28:09 [INFO] 🫀 扫描心跳 第141轮开始
13:28:28 [INFO] 
📊 护城河防御面板 第141轮
──────────────────────────────────────────────────────────────────────
科创半导体ETF华夏(588170)    3.42      3.30    8.5%     多0/空51  强可T     
特变电工(600089)       23.52     23.39    2.7%    多10/空11  停手:买卖都不够强
中国巨石(600176)       64.82     64.66   11.8%    多13/空23  停手:买卖都不够强
双良节能(600481)        4.39      4.32    5.6%     多0/空22  停手:买卖都不够强
五洲新春(603667)       66.25     65.31    5.4%     多0/空32  停手:买卖都不够强
华工科技(000988)      167.31    165.42    3.6%     多2/空48  强可T     
拓维信息(002261)       29.36     28.93    3.5%    多-2/空32  停手:买卖都不够强
陕西斯瑞新材股份(688102)   42.72     42.21    5.0%     多2/空44  可T观察    
英维克(002837)        83.16     82.12    8.4%     多0/空30  停手:买卖都不够强
13:28:43 [INFO] 🫀 扫描心跳 第142轮开始
13:29:10 [INFO] 🫀 扫描心跳 第143轮开始
13:29:34 [INFO] 🫀 扫描心跳 第144轮开始
13:30:00 [INFO] 🫀 扫描心跳 第145轮开始
13:30:14 [INFO] 
📊 护城河防御面板 第145轮
──────────────────────────────────────────────────────────────────────
科创半导体ETF华夏(588170)    3.42      3.30    8.5%     多0/空51  强可T     
特变电工(600089)       23.52     23.39    2.7%    多10/空11  停手:买卖都不够强
中国巨石(600176)       64.82     64.66   11.8%    多13/空23  停手:买卖都不够强
双良节能(600481)        4.39      4.32    5.6%     多0/空22  停手:买卖都不够强
五洲新春(603667)       66.25     65.31    5.4%     多0/空32  停手:买卖都不够强
华工科技(000988)      167.31    165.42    3.6%     多2/空48  强可T     
拓维信息(002261)       29.36     28.93    3.5%    多-2/空32  停手:买卖都不够强
陕西斯瑞新材股份(688102)   42.72     42.21    5.0%     多2/空44  可T观察    
英维克(002837)        83.16     82.12    8.4%     多0/空30  停手:买卖都不够强
13:30:29 [INFO] 🫀 扫描心跳 第146轮开始
13:30:59 [INFO] 🫀 扫描心跳 第147轮开始
13:31:28 [INFO] 🫀 扫描心跳 第148轮开始
13:32:13 [INFO] 🫀 扫描心跳 第149轮开始
13:32:24 [INFO] 
📊 护城河防御面板 第149轮
──────────────────────────────────────────────────────────────────────
科创半导体ETF华夏(588170)    3.41      3.31    8.5%    多10/空26  停手:买卖都不够强
特变电工(600089)       23.50     23.40    2.7%    多10/空11  停手:买卖都不够强
中国巨石(600176)       64.82     64.67   11.8%    多13/空23  停手:买卖都不够强
双良节能(600481)        4.39      4.32    5.6%     多0/空22  停手:买卖都不够强
五洲新春(603667)       66.39     65.34    5.4%    多20/空22  停手:买卖都不够强
华工科技(000988)      166.82    165.47    3.7%     多0/空26  停手:买卖都不够强
拓维信息(002261)       29.32     28.95    3.5%    多-2/空22  停手:买卖都不够强
陕西斯瑞新材股份(688102)   42.86     42.23    5.0%    多11/空34  停手:买卖都不够强
英维克(002837)        83.27     82.16    8.4%    多16/空30  停手:买卖都不够强
13:32:39 [INFO] 🫀 扫描心跳 第150轮开始
13:33:09 [INFO] 🫀 扫描心跳 第151轮开始
13:33:34 [INFO] 🫀 扫描心跳 第152轮开始
13:34:01 [INFO] 🫀 扫描心跳 第153轮开始
13:34:18 [INFO] 
📊 护城河防御面板 第153轮
──────────────────────────────────────────────────────────────────────
科创半导体ETF华夏(588170)    3.41      3.31    8.5%    多10/空26  停手:买卖都不够强
特变电工(600089)       23.50     23.40    2.7%    多10/空11  停手:买卖都不够强
中国巨石(600176)       64.82     64.67   11.8%    多13/空23  停手:买卖都不够强
双良节能(600481)        4.39      4.32    5.6%     多0/空22  停手:买卖都不够强
五洲新春(603667)       66.39     65.34    5.4%    多20/空22  停手:买卖都不够强
华工科技(000988)      166.82    165.47    3.7%     多0/空26  停手:买卖都不够强
拓维信息(002261)       29.32     28.95    3.5%    多-2/空22  停手:买卖都不够强
陕西斯瑞新材股份(688102)   42.86     42.23    5.0%    多11/空34  停手:买卖都不够强
英维克(002837)        83.27     82.16    8.4%    多16/空30  停手:买卖都不够强
13:34:33 [INFO] 🫀 扫描心跳 第154轮开始
13:35:03 [INFO] 🫀 扫描心跳 第155轮开始
13:35:39 [INFO] 🫀 扫描心跳 第156轮开始
13:36:13 [INFO] 🫀 扫描心跳 第157轮开始
13:36:26 [INFO] 
📊 护城河防御面板 第157轮
──────────────────────────────────────────────────────────────────────
科创半导体ETF华夏(588170)    3.40      3.31    8.5%     多0/空26  停手:买卖都不够强
特变电工(600089)       23.49     23.40    2.7%    多16/空11  停手:买卖都不够强
中国巨石(600176)       64.82     64.67   11.8%    多13/空23  停手:买卖都不够强
双良节能(600481)        4.38      4.32    5.6%    多10/空26  停手:买卖都不够强
五洲新春(603667)       66.02     65.36    5.4%     多0/空26  停手:买卖都不够强
华工科技(000988)      167.08    165.53    3.7%    多16/空30  停手:买卖都不够强
拓维信息(002261)       29.30     28.96    3.5%    多-2/空26  停手:买卖都不够强
陕西斯瑞新材股份(688102)   42.83     42.25    5.0%     多9/空32  停手:买卖都不够强
英维克(002837)        83.17     82.19    8.4%    多30/空30  停手:高位但无明确优势
13:36:41 [INFO] 🫀 扫描心跳 第158轮开始
13:37:09 [INFO] 🫀 扫描心跳 第159轮开始
13:37:38 [INFO] 🫀 扫描心跳 第160轮开始
13:38:11 [INFO] 🫀 扫描心跳 第161轮开始
13:38:27 [INFO] 
📊 护城河防御面板 第161轮
──────────────────────────────────────────────────────────────────────
科创半导体ETF华夏(588170)    3.42      3.31    8.5%    多20/空26  停手:买卖都不够强
特变电工(600089)       23.52     23.40    2.7%     多20/空7  停手:买卖都不够强
中国巨石(600176)       64.82     64.67   11.8%    多13/空23  停手:买卖都不够强
双良节能(600481)        4.38      4.32    5.6%    多16/空26  停手:买卖都不够强
五洲新春(603667)       66.06     65.38    5.4%    多16/空26  停手:买卖都不够强
华工科技(000988)      167.01    165.57    3.7%     多0/空30  停手:买卖都不够强
拓维信息(002261)       29.43     28.97    3.5%    多18/空34  停手:买卖都不够强
陕西斯瑞新材股份(688102)   42.82     42.27    5.0%     多9/空22  停手:买卖都不够强
英维克(002837)        83.30     82.22    8.4%    多20/空26  停手:买卖都不够强
13:38:42 [INFO] 🫀 扫描心跳 第162轮开始
13:39:09 [INFO] 🫀 扫描心跳 第163轮开始
13:39:36 [INFO] 🫀 扫描心跳 第164轮开始
13:40:06 [INFO] 🫀 扫描心跳 第165轮开始
13:40:19 [INFO] 
📊 护城河防御面板 第165轮
──────────────────────────────────────────────────────────────────────
科创半导体ETF华夏(588170)    3.42      3.31    8.5%    多20/空26  停手:买卖都不够强
特变电工(600089)       23.52     23.40    2.7%     多20/空7  停手:买卖都不够强
中国巨石(600176)       64.82     64.67   11.8%    多13/空23  停手:买卖都不够强
双良节能(600481)        4.38      4.32    5.6%    多16/空26  停手:买卖都不够强
五洲新春(603667)       66.06     65.38    5.4%    多16/空26  停手:买卖都不够强
华工科技(000988)      167.01    165.57    3.7%     多0/空30  停手:买卖都不够强
拓维信息(002261)       29.43     28.97    3.5%    多18/空34  停手:买卖都不够强
陕西斯瑞新材股份(688102)   42.82     42.27    5.0%     多9/空22  停手:买卖都不够强
英维克(002837)        83.30     82.22    8.4%    多20/空26  停手:买卖都不够强
13:40:34 [INFO] 🫀 扫描心跳 第166轮开始
13:41:03 [INFO] 🫀 扫描心跳 第167轮开始
13:41:34 [INFO] 🫀 扫描心跳 第168轮开始
13:42:09 [INFO] 🫀 扫描心跳 第169轮开始
13:42:21 [INFO] 
📊 护城河防御面板 第169轮
──────────────────────────────────────────────────────────────────────
科创半导体ETF华夏(588170)    3.40      3.32    8.5%    多18/空30  停手:买卖都不够强
特变电工(600089)       23.47     23.40    2.7%     多0/空11  停手:买卖都不够强
中国巨石(600176)       64.82     64.68   11.8%    多13/空23  停手:买卖都不够强
双良节能(600481)        4.39      4.33    5.6%    多20/空22  停手:买卖都不够强
五洲新春(603667)       66.01     65.40    5.4%    多16/空41  可T观察    
华工科技(000988)      166.69    165.60    3.7%    多10/空15  停手:买卖都不够强
拓维信息(002261)       29.39     28.99    3.5%    多-2/空22  停手:买卖都不够强
陕西斯瑞新材股份(688102)   42.88     42.28    5.0%     多9/空22  停手:买卖都不够强
英维克(002837)        83.45     82.25    8.4%     多2/空53  强可T     
13:42:36 [INFO] 🫀 扫描心跳 第170轮开始
13:43:02 [INFO] 🫀 扫描心跳 第171轮开始
13:43:31 [INFO] 🫀 扫描心跳 第172轮开始
13:44:03 [INFO] 🫀 扫描心跳 第173轮开始
13:44:20 [INFO] 
📊 护城河防御面板 第173轮
──────────────────────────────────────────────────────────────────────
科创半导体ETF华夏(588170)    3.40      3.32    8.5%    多16/空30  停手:买卖都不够强
特变电工(600089)       23.42     23.41    2.7%    多18/空11  停手:买卖都不够强
中国巨石(600176)       64.82     64.68   11.8%    多13/空23  停手:买卖都不够强
双良节能(600481)        4.36      4.33    5.6%    多18/空11  停手:买卖都不够强
五洲新春(603667)       66.01     65.40    5.4%    多16/空41  可T观察    
华工科技(000988)      166.69    165.60    3.7%    多10/空15  停手:买卖都不够强
拓维信息(002261)       29.39     28.99    3.5%    多-2/空22  停手:买卖都不够强
陕西斯瑞新材股份(688102)   42.88     42.28    5.0%     多9/空22  停手:买卖都不够强
英维克(002837)        83.45     82.25    8.4%     多2/空53  强可T     
13:44:35 [INFO] 🫀 扫描心跳 第174轮开始
13:45:03 [INFO] 🫀 扫描心跳 第175轮开始
13:45:22 [WARNING] ⚠️  陕西斯瑞新材股份(688102) 扫描异常: 'code'
13:45:40 [INFO] 🫀 扫描心跳 第176轮开始
13:45:53 [WARNING] ⚠️  陕西斯瑞新材股份(688102) 扫描异常: 'code'
13:46:09 [INFO] 🫀 扫描心跳 第177轮开始
13:46:22 [INFO] 
📊 护城河防御面板 第177轮
──────────────────────────────────────────────────────────────────────
科创半导体ETF华夏(588170)    3.40      3.32    8.5%    多16/空30  停手:买卖都不够强
特变电工(600089)       23.42     23.41    2.7%    多18/空11  停手:买卖都不够强
中国巨石(600176)       64.82     64.68   11.8%    多13/空23  停手:买卖都不够强
双良节能(600481)        4.36      4.33    5.6%    多18/空11  停手:买卖都不够强
五洲新春(603667)       66.00     65.42    5.4%    多16/空26  停手:买卖都不够强
华工科技(000988)      167.11    165.65    3.7%    多20/空41  停手:高位但无明确优势
拓维信息(002261)       29.29     29.00    3.5%     多8/空26  停手:买卖都不够强
陕西斯瑞新材股份(688102)   43.50     42.32    5.4%    多11/空49  强可T     
英维克(002837)        83.27     82.29    8.4%     多0/空30  停手:买卖都不够强
13:46:37 [INFO] 🫀 扫描心跳 第178轮开始
13:47:04 [INFO] 🫀 扫描心跳 第179轮开始
13:47:32 [INFO] 🫀 扫描心跳 第180轮开始
13:48:00 [INFO] 🫀 扫描心跳 第181轮开始
13:48:14 [INFO] 
📊 护城河防御面板 第181轮
──────────────────────────────────────────────────────────────────────
科创半导体ETF华夏(588170)    3.38      3.32    8.5%    多16/空30  停手:买卖都不够强
特变电工(600089)       23.48     23.41    2.7%     多20/空7  停手:买卖都不够强
中国巨石(600176)       64.82     64.68   11.8%    多13/空23  停手:买卖都不够强
双良节能(600481)        4.38      4.33    5.6%    多20/空22  停手:买卖都不够强
五洲新春(603667)       66.00     65.42    5.4%    多16/空26  停手:买卖都不够强
华工科技(000988)      167.11    165.65    3.7%    多20/空41  停手:高位但无明确优势
拓维信息(002261)       29.29     29.00    3.5%     多8/空26  停手:买卖都不够强
陕西斯瑞新材股份(688102)   43.50     42.32    5.4%    多11/空49  强可T     
英维克(002837)        83.27     82.29    8.4%     多0/空30  停手:买卖都不够强
13:48:29 [INFO] 🫀 扫描心跳 第182轮开始
13:48:59 [INFO] 🫀 扫描心跳 第183轮开始
13:49:25 [INFO] 🫀 扫描心跳 第184轮开始
13:49:55 [INFO] 🫀 扫描心跳 第185轮开始
13:50:05 [INFO] 
📊 护城河防御面板 第185轮
──────────────────────────────────────────────────────────────────────
科创半导体ETF华夏(588170)    3.38      3.32    8.5%    多16/空30  停手:买卖都不够强
特变电工(600089)       23.48     23.41    2.7%     多20/空7  停手:买卖都不够强
中国巨石(600176)       64.82     64.68   11.8%    多13/空23  停手:买卖都不够强
双良节能(600481)        4.38      4.33    5.6%    多20/空22  停手:买卖都不够强
五洲新春(603667)       66.03     65.43    5.4%    多20/空37  可T观察    
华工科技(000988)      167.25    165.69    3.7%    多20/空53  强可T     
拓维信息(002261)       29.30     29.01    3.5%    多14/空26  停手:买卖都不够强
陕西斯瑞新材股份(688102)   44.01     42.36    6.6%    多11/空34  停手:买卖都不够强
英维克(002837)        83.20     82.31    8.4%    多10/空30  停手:买卖都不够强
13:50:20 [INFO] 🫀 扫描心跳 第186轮开始
13:50:48 [INFO] 🫀 扫描心跳 第187轮开始
13:51:22 [INFO] 🫀 扫描心跳 第188轮开始
13:51:52 [INFO] 🫀 扫描心跳 第189轮开始
13:52:08 [INFO] 
📊 护城河防御面板 第189轮
──────────────────────────────────────────────────────────────────────
科创半导体ETF华夏(588170)    3.37      3.32    8.5%    多18/空26  停手:买卖都不够强
特变电工(600089)       23.39     23.41    2.7%    多18/空-4  停手:买卖都不够强
中国巨石(600176)       64.82     64.69   11.8%    多13/空23  停手:买卖都不够强
双良节能(600481)        4.36      4.33    5.6%    多18/空11  停手:买卖都不够强
五洲新春(603667)       65.63     65.44    5.4%    多18/空11  停手:买卖都不够强
华工科技(000988)      166.54    165.72    3.7%    多18/空11  停手:买卖都不够强
拓维信息(002261)       29.17     29.01    3.5%    多28/空11  可T观察    
陕西斯瑞新材股份(688102)   43.45     42.41    6.7%    多19/空32  停手:买卖都不够强
英维克(002837)        83.00     82.33    8.4%    多16/空30  停手:买卖都不够强
13:52:23 [INFO] 🫀 扫描心跳 第190轮开始
13:52:50 [INFO] 🫀 扫描心跳 第191轮开始
13:53:21 [INFO] 🫀 扫描心跳 第192轮开始
13:53:51 [INFO] 🫀 扫描心跳 第193轮开始
13:54:06 [INFO] 
📊 护城河防御面板 第193轮
──────────────────────────────────────────────────────────────────────
科创半导体ETF华夏(588170)    3.39      3.32    8.5%    多20/空26  停手:买卖都不够强
特变电工(600089)       23.41     23.41    2.7%     多34/空7  可T观察    
中国巨石(600176)       64.82     64.69   11.8%    多13/空23  停手:买卖都不够强
双良节能(600481)        4.36      4.33    5.6%    多18/空11  停手:买卖都不够强
五洲新春(603667)       65.63     65.44    5.4%    多18/空11  停手:买卖都不够强
华工科技(000988)      166.54    165.72    3.7%    多18/空11  停手:买卖都不够强
拓维信息(002261)       29.17     29.01    3.5%    多28/空11  可T观察    
陕西斯瑞新材股份(688102)   43.45     42.41    6.7%    多19/空32  停手:买卖都不够强
英维克(002837)        83.00     82.33    8.4%    多16/空30  停手:买卖都不够强
13:54:21 [INFO] 🫀 扫描心跳 第194轮开始
13:54:52 [INFO] 🫀 扫描心跳 第195轮开始
13:55:29 [INFO] 🫀 扫描心跳 第196轮开始
13:55:56 [INFO] 🫀 扫描心跳 第197轮开始
13:56:07 [INFO] 
📊 护城河防御面板 第197轮
──────────────────────────────────────────────────────────────────────
科创半导体ETF华夏(588170)    3.39      3.32    8.5%    多20/空26  停手:买卖都不够强
特变电工(600089)       23.41     23.41    2.7%     多34/空7  可T观察    
中国巨石(600176)       64.82     64.69   11.8%    多13/空23  停手:买卖都不够强
双良节能(600481)        4.37      4.33    5.6%    多34/空22  可T观察    
五洲新春(603667)       65.93     65.45    5.4%     多20/空7  停手:买卖都不够强
华工科技(000988)      166.97    165.76    3.7%    多20/空11  停手:买卖都不够强
拓维信息(002261)       29.16     29.01    3.5%    多25/空11  停手:买卖都不够强
陕西斯瑞新材股份(688102)   43.70     42.45    6.7%     多9/空26  停手:买卖都不够强
英维克(002837)        83.11     82.35    8.4%    多20/空26  停手:买卖都不够强
13:56:22 [INFO] 🫀 扫描心跳 第198轮开始
13:56:53 [INFO] 🫀 扫描心跳 第199轮开始
13:57:26 [INFO] 🫀 扫描心跳 第200轮开始
13:57:55 [INFO] 🫀 扫描心跳 第201轮开始
13:58:11 [INFO] 
📊 护城河防御面板 第201轮
──────────────────────────────────────────────────────────────────────
科创半导体ETF华夏(588170)    3.38      3.33    8.5%    多20/空26  停手:买卖都不够强
特变电工(600089)       23.37     23.41    2.7%    多36/空-4  可T观察    
中国巨石(600176)       64.82     64.69   11.8%    多13/空23  停手:买卖都不够强
双良节能(600481)        4.36      4.33    5.6%    多16/空11  停手:买卖都不够强
五洲新春(603667)       66.08     65.47    5.4%     多2/空22  停手:买卖都不够强
华工科技(000988)      166.90    165.79    3.7%    多20/空11  停手:买卖都不够强
拓维信息(002261)       29.16     29.01    3.5%    多25/空11  停手:买卖都不够强
陕西斯瑞新材股份(688102)   43.70     42.45    6.7%     多9/空26  停手:买卖都不够强
英维克(002837)        83.11     82.35    8.4%    多20/空26  停手:买卖都不够强
13:58:26 [INFO] 🫀 扫描心跳 第202轮开始
13:59:03 [INFO] 🫀 扫描心跳 第203轮开始
13:59:30 [INFO] 🫀 扫描心跳 第204轮开始
13:59:56 [INFO] 🫀 扫描心跳 第205轮开始
14:00:12 [INFO] 
📊 护城河防御面板 第205轮
──────────────────────────────────────────────────────────────────────
科创半导体ETF华夏(588170)    3.38      3.33    8.5%    多15/空45  强可T     
特变电工(600089)       23.40     23.41    2.7%     多45/空7  强可T     
中国巨石(600176)       64.82     64.69   11.8%    多30/空38  停手:高位但无明确优势
双良节能(600481)        4.36      4.33    5.6%    多16/空11  停手:买卖都不够强
五洲新春(603667)       66.08     65.47    5.4%     多2/空22  停手:买卖都不够强
华工科技(000988)      166.90    165.79    3.7%    多20/空11  停手:买卖都不够强
拓维信息(002261)       29.20     29.02    3.5%     多18/空7  停手:买卖都不够强
陕西斯瑞新材股份(688102)   43.62     42.48    6.7%     多9/空26  停手:买卖都不够强
英维克(002837)        83.00     82.37    8.4%     多0/空15  停手:买卖都不够强
14:00:27 [INFO] 🫀 扫描心跳 第206轮开始
14:00:53 [INFO] 🫀 扫描心跳 第207轮开始
14:01:23 [INFO] 🫀 扫描心跳 第208轮开始
14:01:26 [INFO] ✅ 飞书消息已成功送达: 科创半导体ETF华夏(588170) SELL_HIGH - 加急通知已发送
14:01:27 [INFO] 🔔 已触发急促报警
14:01:58 [INFO] 🫀 扫描心跳 第209轮开始
14:02:24 [INFO] 
📊 护城河防御面板 第209轮
──────────────────────────────────────────────────────────────────────
科创半导体ETF华夏(588170)    3.38      3.33    8.5%    多15/空45  停手:无可卖仓且买点不强
特变电工(600089)       23.40     23.41    2.7%    多30/空24  停手:震荡贴均且分差不大
中国巨石(600176)       64.82     64.69   11.8%    多30/空38  停手:高位但无明确优势
双良节能(600481)        4.38      4.33    5.6%    多17/空37  可T观察    
五洲新春(603667)       65.95     65.48    5.4%     多3/空43  可T观察    
华工科技(000988)      166.60    165.81    3.7%    多35/空38  停手:高位但无明确优势
拓维信息(002261)       29.16     29.02    3.5%    多-9/空44  可T观察    
陕西斯瑞新材股份(688102)   43.33     42.52    6.7%    多36/空41  可T观察    
英维克(002837)        82.89     82.38    8.4%    多27/空38  停手:高位但无明确优势
14:02:39 [INFO] 🫀 扫描心跳 第210轮开始
14:03:07 [INFO] 🫀 扫描心跳 第211轮开始
14:03:41 [INFO] 🫀 扫描心跳 第212轮开始
14:04:10 [INFO] 🫀 扫描心跳 第213轮开始
14:04:26 [INFO] 
📊 护城河防御面板 第213轮
──────────────────────────────────────────────────────────────────────
科创半导体ETF华夏(588170)    3.39      3.33    8.5%    多17/空53  停手:无可卖仓且买点不强
特变电工(600089)       23.35     23.41    2.7%    多22/空28  停手:买卖都不够强
中国巨石(600176)       64.82     64.70   11.8%    多30/空38  停手:高位但无明确优势
双良节能(600481)        4.38      4.33    5.6%    多17/空37  可T观察    
五洲新春(603667)       65.95     65.48    5.4%     多3/空43  可T观察    
华工科技(000988)      166.60    165.81    3.7%    多35/空38  停手:高位但无明确优势
拓维信息(002261)       29.16     29.02    3.5%    多-9/空44  可T观察    
陕西斯瑞新材股份(688102)   43.33     42.52    6.7%    多36/空41  可T观察    
英维克(002837)        82.89     82.38    8.4%    多27/空38  停手:高位但无明确优势
14:04:41 [INFO] 🫀 扫描心跳 第214轮开始
14:05:03 [INFO] ✅ 飞书消息已成功送达: 华工科技(000988) SELL_HIGH - 加急通知已发送
14:05:05 [INFO] 🔔 已触发急促报警
14:05:27 [INFO] 🫀 扫描心跳 第215轮开始
14:05:59 [INFO] 🫀 扫描心跳 第216轮开始
14:06:31 [INFO] 🫀 扫描心跳 第217轮开始
14:06:45 [INFO] 
📊 护城河防御面板 第217轮
──────────────────────────────────────────────────────────────────────
科创半导体ETF华夏(588170)    3.40      3.33    8.5%    多17/空53  停手:无可卖仓且买点不强
特变电工(600089)       23.40     23.40    2.7%    多12/空24  停手:买卖都不够强
中国巨石(600176)       64.82     64.70   11.8%    多30/空38  停手:高位但无明确优势
双良节能(600481)        4.38      4.33    5.6%    多17/空37  可T观察    
五洲新春(603667)       66.01     65.49    5.4%     多5/空39  可T观察    
华工科技(000988)      167.25    165.84    3.7%    多25/空53  停手:无可卖仓且买点不强
拓维信息(002261)       29.19     29.03    3.5%    多-7/空48  强可T     
陕西斯瑞新材股份(688102)   43.43     42.54    6.7%    多42/空49  强可T     
英维克(002837)        83.04     82.40    8.4%    多17/空34  停手:买卖都不够强
14:07:00 [INFO] 🫀 扫描心跳 第218轮开始
14:07:28 [INFO] 🫀 扫描心跳 第219轮开始
14:07:59 [INFO] 🫀 扫描心跳 第220轮开始
14:08:21 [INFO] ✅ 飞书消息已成功送达: 拓维信息(002261) SELL_HIGH - 加急通知已发送
14:08:23 [INFO] 🔔 已触发急促报警
14:08:40 [INFO] 🫀 扫描心跳 第221轮开始
14:08:59 [INFO] 
📊 护城河防御面板 第221轮
──────────────────────────────────────────────────────────────────────
科创半导体ETF华夏(588170)    3.40      3.33    8.5%    多17/空53  停手:无可卖仓且买点不强
特变电工(600089)       23.40     23.40    2.7%    多12/空24  停手:买卖都不够强
中国巨石(600176)       64.82     64.70   11.8%    多30/空38  停手:高位但无明确优势
双良节能(600481)        4.39      4.33    5.6%    多17/空49  强可T     
五洲新春(603667)       66.03     65.51    5.4%     多3/空43  可T观察    
华工科技(000988)      167.45    165.89    3.8%    多25/空78  停手:无可卖仓且买点不强
拓维信息(002261)       29.25     29.03    3.5%    多-7/空67  强可T     
陕西斯瑞新材股份(688102)   43.25     42.56    6.7%    多30/空49  强可T     
英维克(002837)        83.00     82.41    8.4%    多17/空34  停手:买卖都不够强
14:09:14 [INFO] 🫀 扫描心跳 第222轮开始
14:09:43 [INFO] 🫀 扫描心跳 第223轮开始
14:10:14 [INFO] 🫀 扫描心跳 第224轮开始
14:10:44 [INFO] 🫀 扫描心跳 第225轮开始
14:11:02 [INFO] 
📊 护城河防御面板 第225轮
──────────────────────────────────────────────────────────────────────
科创半导体ETF华夏(588170)    3.39      3.33    8.5%    多27/空55  停手:无可卖仓且买点不强
特变电工(600089)       23.38     23.40    2.7%    多12/空34  停手:买卖都不够强
中国巨石(600176)       64.82     64.70   11.8%    多30/空38  停手:高位但无明确优势
双良节能(600481)        4.38      4.34    5.6%    多15/空51  强可T     
五洲新春(603667)       66.03     65.51    5.4%     多3/空43  可T观察    
华工科技(000988)      167.45    165.89    3.8%    多25/空78  停手:无可卖仓且买点不强
拓维信息(002261)       29.25     29.03    3.5%    多-7/空67  强可T     
陕西斯瑞新材股份(688102)   43.25     42.56    6.7%    多30/空49  强可T     
英维克(002837)        83.00     82.41    8.4%    多17/空34  停手:买卖都不够强
14:11:17 [INFO] 🫀 扫描心跳 第226轮开始
14:11:52 [INFO] 🫀 扫描心跳 第227轮开始
14:12:28 [INFO] 🫀 扫描心跳 第228轮开始
14:12:58 [INFO] 🫀 扫描心跳 第229轮开始
14:13:15 [INFO] 
📊 护城河防御面板 第229轮
──────────────────────────────────────────────────────────────────────
科创半导体ETF华夏(588170)    3.40      3.33    8.5%    多17/空41  停手:无可卖仓且买点不强
特变电工(600089)       23.42     23.40    2.7%    多-5/空51  强可T     
中国巨石(600176)       64.82     64.71   11.8%    多30/空38  停手:高位但无明确优势
双良节能(600481)        4.38      4.34    5.6%    多15/空51  强可T     
五洲新春(603667)       66.06     65.52    5.4%     多3/空58  强可T     
华工科技(000988)      167.18    165.92    3.8%    多23/空40  停手:无可卖仓且买点不强
拓维信息(002261)       29.24     29.04    3.5%    多-7/空50  强可T     
陕西斯瑞新材股份(688102)   43.26     42.59    6.7%    多54/空49  强可T     
英维克(002837)        82.91     82.43    8.4%    多15/空38  停手:高位但无明确优势
14:13:30 [INFO] 🫀 扫描心跳 第230轮开始
14:13:57 [INFO] 🫀 扫描心跳 第231轮开始
14:14:36 [INFO] 🫀 扫描心跳 第232轮开始
14:14:48 [INFO] ✅ 飞书消息已成功送达: 双良节能(600481) SELL_HIGH - 加急通知已发送
14:14:50 [INFO] 🔔 已触发急促报警
14:15:18 [INFO] 🫀 扫描心跳 第233轮开始
14:15:37 [INFO] 
📊 护城河防御面板 第233轮
──────────────────────────────────────────────────────────────────────
科创半导体ETF华夏(588170)    3.40      3.33    8.5%    多17/空41  停手:无可卖仓且买点不强
特变电工(600089)       23.42     23.40    2.7%    多-5/空51  强可T     
中国巨石(600176)       64.82     64.71   11.8%    多30/空38  停手:高位但无明确优势
双良节能(600481)        4.39      4.34    5.6%    多17/空37  停手:无可卖仓且买点不强
五洲新春(603667)       66.08     65.53    5.4%     多3/空58  强可T     
华工科技(000988)      167.54    165.96    3.8%    多25/空51  停手:无可卖仓且买点不强
拓维信息(002261)       29.27     29.04    3.5%    多-7/空50  强可T     
陕西斯瑞新材股份(688102)   43.31     42.61    6.7%    多43/空45  强可T     
英维克(002837)        83.00     82.44    8.4%    多17/空34  停手:买卖都不够强
14:15:52 [INFO] 🫀 扫描心跳 第234轮开始
14:16:19 [INFO] 🫀 扫描心跳 第235轮开始
14:16:51 [INFO] 🫀 扫描心跳 第236轮开始
14:17:18 [INFO] 🫀 扫描心跳 第237轮开始
14:17:36 [INFO] 
📊 护城河防御面板 第237轮
──────────────────────────────────────────────────────────────────────
科创半导体ETF华夏(588170)    3.39      3.34    8.5%    多15/空45  停手:无可卖仓且买点不强
特变电工(600089)       23.40     23.40    2.7%     多8/空38  可T观察    
中国巨石(600176)       64.82     64.71   11.8%    多30/空38  停手:高位但无明确优势
双良节能(600481)        4.37      4.34    5.6%    多27/空26  停手:无可卖仓且买点不强
五洲新春(603667)       66.08     65.53    5.4%     多3/空58  强可T     
华工科技(000988)      167.54    165.96    3.8%    多25/空51  停手:无可卖仓且买点不强
拓维信息(002261)       29.27     29.04    3.5%    多-7/空50  强可T     
陕西斯瑞新材股份(688102)   43.31     42.61    6.7%    多43/空45  强可T     
英维克(002837)        83.00     82.44    8.4%    多17/空34  停手:买卖都不够强
14:17:51 [INFO] 🫀 扫描心跳 第238轮开始
14:18:22 [INFO] 🫀 扫描心跳 第239轮开始
14:18:54 [INFO] 🫀 扫描心跳 第240轮开始
14:19:27 [INFO] 🫀 扫描心跳 第241轮开始
14:19:47 [INFO] 
📊 护城河防御面板 第241轮
──────────────────────────────────────────────────────────────────────
科创半导体ETF华夏(588170)    3.40      3.34    8.5%    多17/空53  停手:无可卖仓且买点不强
特变电工(600089)       23.40     23.40    2.7%    多30/空32  停手:震荡贴均且分差不大
中国巨石(600176)       64.82     64.71   11.8%    多30/空38  停手:高位但无明确优势
双良节能(600481)        4.37      4.34    5.6%    多27/空26  停手:无可卖仓且买点不强
五洲新春(603667)       66.07     65.54    5.4%     多3/空48  强可T     
华工科技(000988)      167.87    166.00    4.0%    多25/空68  停手:无可卖仓且买点不强
拓维信息(002261)       29.25     29.05    3.5%    多-9/空54  强可T     
陕西斯瑞新材股份(688102)   43.30     42.63    6.7%    多24/空49  强可T     
英维克(002837)        82.94     82.45    8.4%    多17/空34  停手:买卖都不够强
14:20:02 [INFO] 🫀 扫描心跳 第242轮开始
14:20:37 [INFO] 🫀 扫描心跳 第243轮开始
14:21:33 [INFO] ✅ 飞书消息已成功送达: 五洲新春(603667) SELL_HIGH - 加急通知已发送
14:21:35 [INFO] 🔔 已触发急促报警
14:22:00 [INFO] 🫀 扫描心跳 第244轮开始
14:22:26 [INFO] 🫀 扫描心跳 第245轮开始
14:22:45 [INFO] 
📊 护城河防御面板 第245轮
──────────────────────────────────────────────────────────────────────
科创半导体ETF华夏(588170)    3.40      3.34    8.5%    多17/空53  停手:无可卖仓且买点不强
特变电工(600089)       23.40     23.40    2.7%    多30/空32  停手:震荡贴均且分差不大
中国巨石(600176)       64.82     64.71   11.8%    多30/空38  停手:高位但无明确优势
双良节能(600481)        4.37      4.34    5.6%    多21/空26  停手:无可卖仓且买点不强
五洲新春(603667)       66.15     65.56    5.4%     多5/空56  停手:无可卖仓且买点不强
华工科技(000988)      167.79    166.06    4.1%    多23/空55  停手:无可卖仓且买点不强
拓维信息(002261)       29.24     29.06    3.5%     多3/空44  可T观察    
陕西斯瑞新材股份(688102)   43.35     42.64    6.7%    多46/空45  强可T     
英维克(002837)        82.97     82.46    8.4%    多17/空44  停手:高位但无明确优势
14:23:00 [INFO] 🫀 扫描心跳 第246轮开始
14:23:31 [INFO] 🫀 扫描心跳 第247轮开始
14:23:59 [INFO] 🫀 扫描心跳 第248轮开始
14:24:30 [INFO] 🫀 扫描心跳 第249轮开始
14:24:51 [INFO] ✅ 飞书消息已成功送达: 陕西斯瑞新材股份(688102) SELL_HIGH - 加急通知已发送
14:24:53 [INFO] 🔔 已触发急促报警
14:24:55 [INFO] 
📊 护城河防御面板 第249轮
──────────────────────────────────────────────────────────────────────
科创半导体ETF华夏(588170)    3.40      3.34    8.5%    多17/空66  停手:无可卖仓且买点不强
特变电工(600089)       23.40     23.40    2.7%    多12/空32  停手:买卖都不够强
中国巨石(600176)       64.82     64.71   11.8%    多30/空38  停手:高位但无明确优势
双良节能(600481)        4.38      4.34    5.6%    多34/空37  可T观察    
五洲新春(603667)       66.23     65.58    5.4%     多3/空85  停手:无可卖仓且买点不强
华工科技(000988)      167.54    166.10    4.1%    多35/空45  强可T     
拓维信息(002261)       29.21     29.06    3.5%    多11/空44  可T观察    
陕西斯瑞新材股份(688102)   43.40     42.67    6.7%    多24/空59  强可T|SELL_HIGH
英维克(002837)        82.97     82.47    8.4%    多31/空44  停手:高位但无明确优势
14:25:10 [INFO] 🫀 扫描心跳 第250轮开始
14:25:48 [INFO] 🫀 扫描心跳 第251轮开始
14:26:26 [INFO] 🫀 扫描心跳 第252轮开始
14:27:01 [INFO] 🫀 扫描心跳 第253轮开始
14:27:19 [INFO] 
📊 护城河防御面板 第253轮
──────────────────────────────────────────────────────────────────────
科创半导体ETF华夏(588170)    3.40      3.34    8.5%    多15/空45  停手:无可卖仓且买点不强
特变电工(600089)       23.38     23.40    2.7%    多37/空32  停手:震荡贴均且分差不大
中国巨石(600176)       64.82     64.71   11.8%    多30/空38  停手:高位但无明确优势
双良节能(600481)        4.38      4.34    5.6%    多34/空37  可T观察    
五洲新春(603667)       66.23     65.58    5.4%     多3/空85  停手:无可卖仓且买点不强
华工科技(000988)      167.54    166.10    4.1%    多35/空45  强可T     
拓维信息(002261)       29.21     29.06    3.5%    多11/空44  可T观察    
陕西斯瑞新材股份(688102)   43.40     42.67    6.7%    多24/空51  强可T     
英维克(002837)        82.97     82.47    8.4%    多31/空44  停手:高位但无明确优势
14:27:34 [INFO] 🫀 扫描心跳 第254轮开始
14:28:01 [INFO] ✅ 飞书消息已成功送达: 英维克(002837) SELL_HIGH - 加急通知已发送
14:28:03 [INFO] 🔔 已触发急促报警
14:28:18 [INFO] 🫀 扫描心跳 第255轮开始
14:28:51 [INFO] 🫀 扫描心跳 第256轮开始
14:29:23 [INFO] 🫀 扫描心跳 第257轮开始
14:29:55 [INFO] 
📊 护城河防御面板 第257轮
──────────────────────────────────────────────────────────────────────
科创半导体ETF华夏(588170)    3.40      3.34    8.5%    多15/空45  停手:无可卖仓且买点不强
特变电工(600089)       23.38     23.40    2.7%    多37/空32  停手:震荡贴均且分差不大
中国巨石(600176)       64.82     64.71   11.8%    多30/空38  停手:高位但无明确优势
双良节能(600481)        4.37      4.34    5.6%    多15/空26  停手:无可卖仓且买点不强
五洲新春(603667)       66.25     65.59    5.4%     多5/空54  停手:无可卖仓且买点不强
华工科技(000988)      167.97    166.14    4.1%    多42/空41  停手:高位但无明确优势
拓维信息(002261)       29.23     29.06    3.5%    多13/空40  可T观察    
陕西斯瑞新材股份(688102)   43.38     42.68    6.7%    多24/空51  强可T     
英维克(002837)        82.94     82.48    8.4%    多27/空40  停手:无可卖仓且买点不强
14:30:10 [INFO] 🫀 扫描心跳 第258轮开始
14:31:04 [INFO] 🫀 扫描心跳 第259轮开始
14:31:39 [INFO] 🫀 扫描心跳 第260轮开始
14:32:13 [INFO] 🫀 扫描心跳 第261轮开始
14:32:35 [INFO] 
📊 护城河防御面板 第261轮
──────────────────────────────────────────────────────────────────────
科创半导体ETF华夏(588170)    3.40      3.34    8.5%    多11/空60  停手:无可卖仓且买点不强
特变电工(600089)       23.38     23.40    2.7%    多18/空46  强可T     
中国巨石(600176)       64.82     64.72   11.8%    多30/空38  停手:高位但无明确优势
双良节能(600481)        4.37      4.34    5.6%    多15/空26  停手:无可卖仓且买点不强
五洲新春(603667)       66.21     65.61    5.4%    多15/空41  停手:无可卖仓且买点不强
华工科技(000988)      167.85    166.19    4.1%    多15/空45  停手:无可卖仓且买点不强
拓维信息(002261)       29.31     29.07    3.5%    多15/空49  强可T     
陕西斯瑞新材股份(688102)   43.38     42.71    6.7%    多33/空41  可T观察    
英维克(002837)        82.95     82.49    8.4%    多17/空26  停手:无可卖仓且买点不强
14:32:50 [INFO] 🫀 扫描心跳 第262轮开始
14:33:17 [INFO] 🫀 扫描心跳 第263轮开始
14:33:50 [INFO] 🫀 扫描心跳 第264轮开始
14:34:22 [INFO] 🫀 扫描心跳 第265轮开始
14:34:44 [INFO] 
📊 护城河防御面板 第265轮
──────────────────────────────────────────────────────────────────────
科创半导体ETF华夏(588170)    3.40      3.34    8.5%     多9/空59  停手:无可卖仓且买点不强
特变电工(600089)       23.39     23.40    2.7%    多22/空42  可T观察    
中国巨石(600176)       64.82     64.72   11.8%    多30/空38  停手:高位但无明确优势
双良节能(600481)        4.37      4.34    5.6%    多15/空26  停手:无可卖仓且买点不强
五洲新春(603667)       66.10     65.62    5.4%    多27/空26  停手:无可卖仓且买点不强
华工科技(000988)      167.43    166.22    4.1%    多35/空30  停手:高位但无明确优势
拓维信息(002261)       29.27     29.07    3.5%    多15/空32  停手:买卖都不够强
陕西斯瑞新材股份(688102)   43.25     42.72    6.7%    多35/空41  可T观察    
英维克(002837)        82.47     82.50    8.4%    多41/空11  可T观察    
14:34:59 [INFO] 🫀 扫描心跳 第266轮开始
14:35:25 [INFO] 🫀 扫描心跳 第267轮开始
14:35:53 [INFO] 🫀 扫描心跳 第268轮开始
14:36:22 [INFO] 🫀 扫描心跳 第269轮开始
14:36:38 [INFO] 
📊 护城河防御面板 第269轮
──────────────────────────────────────────────────────────────────────
科创半导体ETF华夏(588170)    3.39      3.35    8.5%    多29/空49  强可T     
特变电工(600089)       23.39     23.40    2.7%    多22/空42  可T观察    
中国巨石(600176)       64.82     64.72   11.8%    多30/空38  停手:高位但无明确优势
双良节能(600481)        4.37      4.34    5.6%    多15/空26  停手:无可卖仓且买点不强
五洲新春(603667)       66.10     65.62    5.4%    多27/空26  停手:无可卖仓且买点不强
华工科技(000988)      167.43    166.22    4.1%    多35/空30  停手:高位但无明确优势
拓维信息(002261)       29.27     29.07    3.5%    多15/空32  停手:买卖都不够强
陕西斯瑞新材股份(688102)   43.25     42.72    6.7%    多35/空41  可T观察    
英维克(002837)        82.47     82.50    8.4%    多41/空11  可T观察    
14:36:53 [INFO] 🫀 扫描心跳 第270轮开始
14:37:23 [INFO] 🫀 扫描心跳 第271轮开始
14:37:54 [INFO] 🫀 扫描心跳 第272轮开始
14:38:30 [INFO] 🫀 扫描心跳 第273轮开始
14:38:45 [INFO] 
📊 护城河防御面板 第273轮
──────────────────────────────────────────────────────────────────────
科创半导体ETF华夏(588170)    3.39      3.35    8.5%    多29/空49  强可T     
特变电工(600089)       23.39     23.40    2.7%    多22/空32  停手:买卖都不够强
中国巨石(600176)       64.82     64.72   11.8%    多30/空38  停手:高位但无明确优势
双良节能(600481)        4.37      4.34    5.6%    多30/空26  可T观察    
五洲新春(603667)       66.10     65.63    5.4%    多45/空26  强可T     
华工科技(000988)      167.40    166.25    4.1%    多45/空30  强可T     
拓维信息(002261)       29.27     29.08    3.5%    多15/空22  停手:买卖都不够强
陕西斯瑞新材股份(688102)   43.00     42.73    6.7%    多35/空26  可T观察    
英维克(002837)        82.85     82.50    8.4%    多34/空26  停手:高位但无明确优势
14:39:00 [INFO] 🫀 扫描心跳 第274轮开始
14:39:31 [INFO] 🫀 扫描心跳 第275轮开始
14:40:00 [INFO] 🫀 扫描心跳 第276轮开始
14:40:38 [INFO] 🫀 扫描心跳 第277轮开始
14:40:54 [INFO] 
📊 护城河防御面板 第277轮
──────────────────────────────────────────────────────────────────────
科创半导体ETF华夏(588170)    3.38      3.35    8.5%    多29/空49  强可T     
特变电工(600089)       23.38     23.40    2.7%     多8/空46  强可T     
中国巨石(600176)       64.82     64.72   11.8%    多30/空38  停手:高位但无明确优势
双良节能(600481)        4.37      4.34    5.6%    多30/空26  可T观察    
五洲新春(603667)       66.10     65.63    5.4%    多45/空26  强可T     
华工科技(000988)      167.40    166.25    4.1%    多45/空30  强可T     
拓维信息(002261)       29.27     29.08    3.5%    多15/空22  停手:买卖都不够强
陕西斯瑞新材股份(688102)   43.00     42.73    6.7%    多35/空26  可T观察    
英维克(002837)        82.85     82.50    8.4%    多34/空26  停手:高位但无明确优势
14:41:09 [INFO] 🫀 扫描心跳 第278轮开始
14:41:48 [INFO] 🫀 扫描心跳 第279轮开始
14:42:22 [INFO] 🫀 扫描心跳 第280轮开始
14:42:54 [INFO] 🫀 扫描心跳 第281轮开始
14:43:08 [INFO] 
📊 护城河防御面板 第281轮
──────────────────────────────────────────────────────────────────────
科创半导体ETF华夏(588170)    3.38      3.35    8.5%    多29/空49  强可T     
特变电工(600089)       23.38     23.40    2.7%     多8/空46  强可T     
中国巨石(600176)       64.82     64.72   11.8%    多30/空38  停手:高位但无明确优势
双良节能(600481)        4.36      4.34    5.6%    多35/空26  可T观察    
五洲新春(603667)       66.03     65.64    5.4%    多33/空26  可T观察    
华工科技(000988)      167.61    166.28    4.1%    多34/空26  停手:高位但无明确优势
拓维信息(002261)       29.22     29.08    3.5%    多13/空26  停手:买卖都不够强
陕西斯瑞新材股份(688102)   43.12     42.74    6.7%    多34/空37  可T观察    
英维克(002837)        82.61     82.50    8.4%    多33/空30  停手:震荡贴均且分差不大
14:43:23 [INFO] 🫀 扫描心跳 第282轮开始
14:43:55 [INFO] 🫀 扫描心跳 第283轮开始
14:44:27 [INFO] 🫀 扫描心跳 第284轮开始
14:45:00 [INFO] 🫀 扫描心跳 第285轮开始
14:45:13 [INFO] 
📊 护城河防御面板 第285轮
──────────────────────────────────────────────────────────────────────
科创半导体ETF华夏(588170)    3.38      3.35    8.5%    多29/空49  强可T     
特变电工(600089)       23.39     23.40    2.7%    多26/空46  强可T     
中国巨石(600176)       64.82     64.72   11.8%    多30/空38  停手:震荡贴均且分差不大
双良节能(600481)        4.37      4.34    5.6%    多34/空22  可T观察    
五洲新春(603667)       65.99     65.64    5.4%    多49/空22  强可T     
华工科技(000988)      167.50    166.30    4.1%    多37/空26  停手:高位但无明确优势
拓维信息(002261)       29.21     29.08    3.5%    多43/空26  可T观察    
陕西斯瑞新材股份(688102)   43.27     42.75    6.7%    多17/空37  可T观察    
英维克(002837)        82.42     82.50    8.4%    多41/空11  可T观察    
14:45:28 [INFO] 🫀 扫描心跳 第286轮开始
14:45:57 [INFO] 🫀 扫描心跳 第287轮开始
14:46:26 [INFO] 🫀 扫描心跳 第288轮开始
14:46:57 [INFO] 🫀 扫描心跳 第289轮开始
14:47:15 [INFO] 
📊 护城河防御面板 第289轮
──────────────────────────────────────────────────────────────────────
科创半导体ETF华夏(588170)    3.38      3.35    8.5%    多28/空30  可T观察    
特变电工(600089)       23.40     23.40    2.7%    多-1/空17  停手:买卖都不够强
中国巨石(600176)       64.82     64.73   11.8%    多13/空23  停手:买卖都不够强
双良节能(600481)        4.37      4.34    5.6%    多34/空22  可T观察    
五洲新春(603667)       65.99     65.64    5.4%    多49/空22  强可T     
华工科技(000988)      167.50    166.30    4.1%    多37/空26  停手:高位但无明确优势
拓维信息(002261)       29.21     29.08    3.5%    多43/空26  可T观察    
陕西斯瑞新材股份(688102)   43.27     42.75    6.7%    多17/空37  可T观察    
英维克(002837)        82.42     82.50    8.4%    多41/空11  可T观察    
14:47:30 [INFO] 🫀 扫描心跳 第290轮开始
14:48:20 [INFO] 🫀 扫描心跳 第291轮开始
14:48:48 [INFO] 🫀 扫描心跳 第292轮开始
14:49:20 [INFO] 🫀 扫描心跳 第293轮开始
14:49:55 [WARNING] ⚠️  600176 分钟线获取失败[network_ssl]: SSL握手失败: <urlopen error [SSL: UNEXPECTED_EOF_WHILE_READING] EOF occurred in violation of 
14:49:55 [WARNING] ⚠️  中国巨石(600176) 分钟线为空 [SSL失败:SSL握手失败: <urlopen ]
14:50:14 [INFO] 
📊 护城河防御面板 第293轮
──────────────────────────────────────────────────────────────────────
科创半导体ETF华夏(588170)    3.39      3.35    8.5%    多-4/空30  停手:无可卖仓且买点不强
特变电工(600089)       23.40     23.40    2.7%    多-1/空17  停手:买卖都不够强
中国巨石(600176)           -         -       -          -  分钟线断流(SSL失败:SSL握手失败: <urlopen )
双良节能(600481)        4.36      4.34    5.6%     多0/空11  停手:无可卖仓且买点不强
五洲新春(603667)       65.99     65.65    5.4%     多20/空7  停手:无可卖仓且买点不强
华工科技(000988)      167.75    166.33    4.1%     多2/空26  停手:无可卖仓且买点不强
拓维信息(002261)       29.22     29.09    3.5%     多18/空7  停手:买卖都不够强
陕西斯瑞新材股份(688102)   43.21     42.76    6.7%     多2/空32  停手:买卖都不够强
英维克(002837)        82.60     82.50    8.4%    多20/空11  停手:无可卖仓且买点不强
14:50:29 [INFO] 🫀 扫描心跳 第294轮开始
14:51:00 [INFO] 🫀 扫描心跳 第295轮开始
14:51:34 [INFO] 🫀 扫描心跳 第296轮开始
14:52:03 [INFO] 🫀 扫描心跳 第297轮开始
14:52:15 [INFO] 
📊 护城河防御面板 第297轮
──────────────────────────────────────────────────────────────────────
科创半导体ETF华夏(588170)    3.39      3.35    8.5%    多-4/空30  停手:无可卖仓且买点不强
特变电工(600089)       23.40     23.40    2.7%    多-1/空17  停手:买卖都不够强
中国巨石(600176)       64.82     64.73   11.8%    多13/空23  停手:买卖都不够强
双良节能(600481)        4.37      4.34    5.6%      多2/空7  停手:无可卖仓且买点不强
五洲新春(603667)       66.07     65.66    5.4%     多2/空22  停手:无可卖仓且买点不强
华工科技(000988)      167.77    166.37    4.1%     多2/空36  停手:无可卖仓且买点不强
拓维信息(002261)       29.24     29.09    3.5%      多0/空7  停手:买卖都不够强
陕西斯瑞新材股份(688102)   43.18     42.77    6.7%    多14/空32  停手:买卖都不够强
英维克(002837)        82.69     82.51    8.4%     多2/空26  停手:无可卖仓且买点不强
14:52:30 [INFO] 🫀 扫描心跳 第298轮开始
14:53:03 [INFO] 🫀 扫描心跳 第299轮开始
14:53:30 [INFO] 🫀 扫描心跳 第300轮开始
14:54:00 [INFO] 🫀 扫描心跳 第301轮开始
14:54:16 [INFO] 
📊 护城河防御面板 第301轮
──────────────────────────────────────────────────────────────────────
科创半导体ETF华夏(588170)    3.39      3.35    8.5%    多-4/空30  停手:无可卖仓且买点不强
特变电工(600089)       23.41     23.40    2.7%   多-20/空44  可T观察    
中国巨石(600176)       64.82     64.73   11.8%    多13/空23  停手:买卖都不够强
双良节能(600481)        4.37      4.34    5.6%      多2/空7  停手:无可卖仓且买点不强
五洲新春(603667)       66.07     65.66    5.4%     多2/空22  停手:无可卖仓且买点不强
华工科技(000988)      167.77    166.37    4.1%     多2/空36  停手:无可卖仓且买点不强
拓维信息(002261)       29.24     29.09    3.5%      多0/空7  停手:买卖都不够强
陕西斯瑞新材股份(688102)   43.18     42.77    6.7%    多14/空32  停手:买卖都不够强
英维克(002837)        82.69     82.51    8.4%     多2/空26  停手:无可卖仓且买点不强
14:54:31 [INFO] 🫀 扫描心跳 第302轮开始
14:55:07 [INFO] 
════════════════════ 【尾盘做T盈亏清算】 ════════════════════
💰 今日预估做T总净利润: 0.00 元

════════════════════ 【动作分类汇总】 ════════════════════
低吸 BUY_LOW=0次/0股 | 加仓 ADD_POS=0次/0股
高抛 SELL_HIGH=0次/0股 | 减仓 PANIC_SELL=0次/0股
════════════════════ 【ETF复盘小结】 ════════════════════
暂无ETF复盘数据
════════════════════ 【普通股复盘小结】 ════════════════════
暂无普通股复盘数据
════════════════════ 【误判因子排行】 ════════════════════
买点偏早: 暂无
卖点偏早: 暂无
漏买: 暂无
漏卖: 暂无
════════════════════ 【误判因子细分】 ════════════════════
买点偏早因子: 暂无
卖点偏早因子: 暂无
漏买因子: 暂无
漏卖因子: 暂无
════════════════════ 【四类动作误判因子】 ════════════════════
低吸 BUY_LOW 偏早: 暂无
低吸 BUY_LOW 未占优: 暂无
加仓 ADD_POS 偏早: 暂无
加仓 ADD_POS 未占优: 暂无
高抛 SELL_HIGH 偏早: 暂无
高抛 SELL_HIGH 未占优: 暂无
跳水 PANIC_SELL 偏早: 暂无
跳水 PANIC_SELL 未占优: 暂无
════════════════════ 【策略最高分复盘数据(喂给AI)】 ════════════════════
════════════════════ 【复盘阅读顺序】 ════════════════════
1. sys日志 -> 2. data_quality -> 3. decision_trace
4. shadow_signals -> 5. signal_outcome -> 6. ai_review
════════════════════ 【信号结果追踪汇总】 ════════════════════
正确=0 | 买早=0 | 卖早=0 | 买验证中=0 | 卖验证中=0 | 待定=0
动作分布 BUY_LOW=0 | ADD_POS=0 | SELL_HIGH=0 | PANIC_SELL=0
5分钟胜率=0.0% (0/0) | 15分钟胜率=0.0% (0/0)
一眼摘要：最高频结果=correct(0) | 主要风险=无明显偏差(0) | 影子机会=0
════════════════════════════════════════════════════════════
14:55:07 [WARNING] ⚠️  尾盘复盘飞书推送失败: name 'overview_text' is not defined
14:55:07 [INFO] 🫀 扫描心跳 第303轮开始
14:55:35 [INFO] 🫀 扫描心跳 第304轮开始
14:55:45 [INFO] ✅ 飞书消息已成功送达: 特变电工(600089) SELL_HIGH - 加急通知已发送
14:55:47 [INFO] 🔔 已触发急促报警
14:56:12 [INFO] 🫀 扫描心跳 第305轮开始
14:56:27 [INFO] 
📊 护城河防御面板 第305轮
──────────────────────────────────────────────────────────────────────
科创半导体ETF华夏(588170)    3.40      3.35    8.5%    多-4/空42  停手:无可卖仓且买点不强
特变电工(600089)       23.44     23.40    2.7%   多-20/空51  强可T     
中国巨石(600176)       64.82     64.73   11.8%    多13/空23  停手:买卖都不够强
双良节能(600481)        4.40      4.35    5.6%     多2/空57  停手:无可卖仓且买点不强
五洲新春(603667)       66.06     65.67    5.4%      多2/空7  停手:无可卖仓且买点不强
华工科技(000988)      167.72    166.40    4.1%     多0/空25  停手:无可卖仓且买点不强
拓维信息(002261)       29.22     29.09    3.5%    多-2/空21  停手:买卖都不够强
陕西斯瑞新材股份(688102)   43.18     42.78    6.7%     多0/空36  可T观察    
英维克(002837)        82.85     82.51    8.4%     多2/空23  停手:无可卖仓且买点不强
14:56:42 [INFO] 🫀 扫描心跳 第306轮开始
14:57:13 [INFO] 🫀 扫描心跳 第307轮开始
14:57:53 [INFO] 🫀 扫描心跳 第308轮开始
14:58:27 [INFO] 🫀 扫描心跳 第309轮开始
14:58:39 [INFO] 
📊 护城河防御面板 第309轮
──────────────────────────────────────────────────────────────────────
科创半导体ETF华夏(588170)    3.40      3.35    8.5%    多-4/空42  停手:无可卖仓且买点不强
特变电工(600089)       23.44     23.40    2.7%   多-20/空51  强可T     
中国巨石(600176)       64.82     64.73   11.8%    多13/空23  停手:买卖都不够强
双良节能(600481)        4.39      4.35    5.6%     多2/空32  停手:无可卖仓且买点不强
五洲新春(603667)       66.10     65.67    5.4%      多2/空7  停手:无可卖仓且买点不强
华工科技(000988)      167.89    166.44    4.1%     多2/空38  停手:无可卖仓且买点不强
拓维信息(002261)       29.24     29.10    3.5%      多0/空7  停手:买卖都不够强
陕西斯瑞新材股份(688102)   43.15     42.79    6.7%    多10/空36  可T观察    
英维克(002837)        82.86     82.52    8.4%     多2/空36  停手:无可卖仓且买点不强
14:58:54 [INFO] 🫀 扫描心跳 第310轮开始
14:59:25 [INFO] 🫀 扫描心跳 第311轮开始
15:00:38 [INFO] ⏸ 非交易时段，进入低频保活
15:10:38 [INFO] ⏸ 非交易时段，进入低频保活
15:20:38 [INFO] ⏸ 非交易时段，进入低频保活
15:28:56 [INFO] 已停止盯盘
