08:57:57 [INFO] 早盘集合竞价结论：观察
市场评分：54.2 / 100 | 偏向：neutral | 风险：risk_on
竞价：强0 / 弱0 / 缺0 | 均分 10.0
策略结论：主做科泰电源(300153) | 观察中文在线(300364) | 关注暂无 | 回避华工科技(000988)
1. 主做：科泰电源(300153)
2. 观察：中文在线(300364)
3. 关注：暂无
4. 回避：华工科技(000988)
执行顺序：先1后2，再3，最后4
升级条件：若 9:35 后主题集中度继续抬升，且重点标的出现放量承接，再把观察升为主做。
开盘后跟踪：开盘后先看分化，优先等 5~15 分钟确认强弱，再决定是否进。
热门关注：安徽凤凰、纬达光电、万达轴承
08:57:58 [INFO] ✅ 集合竞价总览已推送飞书
08:57:59 [INFO] ✅ 集合竞价详细结果已推送飞书
08:58:01 [INFO] 🔔 已触发急促报警
08:58:01 [INFO] ========= 做T终极护城河防御版 (V1.26 正T/反T模式切换版) 启动 =========
08:58:01 [INFO] 飞书推送: ✓ 已启用
08:58:01 [INFO] 飞书关键词: 做T猎手预警
08:58:01 [INFO] 飞书Webhook: https://open.feishu.cn/open-apis/bot/v2/hook/e8018470-e...
08:58:01 [INFO] ══════════════════════════════════════════════════════════════════════
08:58:01 [INFO] 【2026-06-12 加仓策略执行指南】
08:58:01 [INFO]   1️⃣ 中国巨石 600176 — ❌ 不追 (已涨5.62%, 资金不足)
08:58:01 [INFO]   2️⃣ 科创50ETF 588000 — ⚡ 分批加仓 (先加¥15,000)
08:58:01 [INFO]      └─ 第一批: ¥15,000 (约8,200份)
08:58:01 [INFO]      └─ 第二批: ¥15,000 (等待盘中回落)
08:58:01 [INFO]   3️⃣ 中信银行 601998 — ✅ 按计划加 (¥15,000, 约1,900股)
08:58:01 [INFO]   4️⃣ 特变电工 600089 — ⚡ 加仓 (¥25,000, 约1,090股)
08:58:01 [INFO] ══════════════════════════════════════════════════════════════════════
08:58:01 [INFO] 🔊 系统高级报警音效已成功【全自动挂载】！准备执行听声辨位！
08:58:01 [INFO] 🧹 清理过期分钟线缓存 8 个
08:58:01 [INFO] ✅ 启动自检飞书消息已成功送达
08:58:03 [INFO] 🔔 已触发急促报警
08:58:03 [INFO] ⏱ 采用顺序轮询模式：每轮扫描结束后再等待 15 秒（V1.8 确认型收敛）
08:58:03 [INFO] ⏸ 非交易时段，进入低频保活
09:08:03 [INFO] ⏸ 非交易时段，进入低频保活
09:16:35 [INFO] 早盘集合竞价结论：回避
市场评分：38.5 / 100 | 偏向：neutral | 风险：neutral
竞价：强0 / 弱0 / 缺8 | 均分 0.0
策略结论：主做科泰电源(300153) | 观察中文在线(300364) | 关注暂无 | 回避华工科技(000988)
1. 主做：科泰电源(300153)
2. 观察：中文在线(300364)
3. 关注：暂无
4. 回避：华工科技(000988)
执行顺序：先1后2，再3，最后4
升级条件：若 9:35 后上涨家数回到高于下跌家数，且市场评分回到 55 上方，再把关注升为观察。
开盘后跟踪：开盘后只看核心标的承接，不追高，等量能和情绪同时转强再说。
热门关注：安徽凤凰、纬达光电、万达轴承
09:16:36 [INFO] ✅ 集合竞价监控已推送飞书
09:16:36 [INFO] 📡 盘前集合竞价监控已刷新
09:18:11 [INFO] 早盘集合竞价结论：回避
市场评分：38.5 / 100 | 偏向：neutral | 风险：neutral
竞价：强0 / 弱0 / 缺8 | 均分 0.0
策略结论：主做科泰电源(300153) | 观察中文在线(300364) | 关注暂无 | 回避华工科技(000988)
1. 主做：科泰电源(300153)
2. 观察：中文在线(300364)
3. 关注：暂无
4. 回避：华工科技(000988)
执行顺序：先1后2，再3，最后4
升级条件：若 9:35 后上涨家数回到高于下跌家数，且市场评分回到 55 上方，再把关注升为观察。
开盘后跟踪：开盘后只看核心标的承接，不追高，等量能和情绪同时转强再说。
热门关注：安徽凤凰、纬达光电、万达轴承
09:19:56 [INFO] 早盘集合竞价结论：回避
市场评分：38.5 / 100 | 偏向：neutral | 风险：neutral
竞价：强0 / 弱0 / 缺8 | 均分 0.0
策略结论：主做科泰电源(300153) | 观察中文在线(300364) | 关注暂无 | 回避华工科技(000988)
1. 主做：科泰电源(300153)
2. 观察：中文在线(300364)
3. 关注：暂无
4. 回避：华工科技(000988)
执行顺序：先1后2，再3，最后4
升级条件：若 9:35 后上涨家数回到高于下跌家数，且市场评分回到 55 上方，再把关注升为观察。
开盘后跟踪：开盘后只看核心标的承接，不追高，等量能和情绪同时转强再说。
热门关注：安徽凤凰、纬达光电、万达轴承
09:19:57 [INFO] ✅ 集合竞价监控已推送飞书
09:19:57 [INFO] 📡 盘前集合竞价监控已刷新
09:20:57 [INFO] 早盘集合竞价结论：回避
市场评分：36.5 / 100 | 偏向：risk_off | 风险：unknown
竞价：强0 / 弱0 / 缺8 | 均分 0.0
策略结论：主做科泰电源(300153) | 观察中文在线(300364) | 关注暂无 | 回避华工科技(000988)
1. 主做：科泰电源(300153)
2. 观察：中文在线(300364)
3. 关注：暂无
4. 回避：华工科技(000988)
执行顺序：先1后2，再3，最后4
升级条件：若 9:35 后上涨家数回到高于下跌家数，且市场评分回到 55 上方，再把关注升为观察。
开盘后跟踪：开盘后只看核心标的承接，不追高，等量能和情绪同时转强再说。
热门关注：暂无
09:20:58 [INFO] ✅ 集合竞价监控已推送飞书
09:22:32 [INFO] 早盘集合竞价结论：回避
市场评分：38.5 / 100 | 偏向：neutral | 风险：neutral
竞价：强0 / 弱0 / 缺8 | 均分 0.0
策略结论：主做科泰电源(300153) | 观察中文在线(300364) | 关注暂无 | 回避华工科技(000988)
1. 主做：科泰电源(300153)
2. 观察：中文在线(300364)
3. 关注：暂无
4. 回避：华工科技(000988)
执行顺序：先1后2，再3，最后4
升级条件：若 9:35 后上涨家数回到高于下跌家数，且市场评分回到 55 上方，再把关注升为观察。
开盘后跟踪：开盘后只看核心标的承接，不追高，等量能和情绪同时转强再说。
热门关注：安徽凤凰、纬达光电、万达轴承
09:22:33 [INFO] ✅ 集合竞价监控已推送飞书
09:22:33 [INFO] 📡 盘前集合竞价监控已刷新
09:24:10 [INFO] 早盘集合竞价结论：回避
市场评分：38.5 / 100 | 偏向：neutral | 风险：neutral
竞价：强0 / 弱0 / 缺8 | 均分 0.0
策略结论：主做科泰电源(300153) | 观察中文在线(300364) | 关注暂无 | 回避华工科技(000988)
1. 主做：科泰电源(300153)
2. 观察：中文在线(300364)
3. 关注：暂无
4. 回避：华工科技(000988)
执行顺序：先1后2，再3，最后4
升级条件：若 9:35 后上涨家数回到高于下跌家数，且市场评分回到 55 上方，再把关注升为观察。
开盘后跟踪：开盘后只看核心标的承接，不追高，等量能和情绪同时转强再说。
热门关注：安徽凤凰、纬达光电、万达轴承
09:25:52 [INFO] 早盘集合竞价结论：回避
市场评分：27.4 / 100 | 偏向：risk_off | 风险：risk_off
竞价：强0 / 弱0 / 缺0 | 均分 -1.0
策略结论：主做科泰电源(300153) | 观察中文在线(300364) | 关注暂无 | 回避华工科技(000988)
1. 主做：科泰电源(300153)
2. 观察：中文在线(300364)
3. 关注：暂无
4. 回避：华工科技(000988)
执行顺序：先1后2，再3，最后4
升级条件：若 9:35 后上涨家数回到高于下跌家数，且市场评分回到 55 上方，再把关注升为观察。
开盘后跟踪：开盘后只看核心标的承接，不追高，等量能和情绪同时转强再说。
热门关注：安徽凤凰、纬达光电、万达轴承
09:25:54 [INFO] ✅ 集合竞价监控已推送飞书
09:25:54 [INFO] 📡 盘前集合竞价监控已刷新
09:30:09 [INFO] 🫀 扫描心跳 第1轮开始
09:30:27 [INFO] 
📊 护城河防御面板 第1轮
──────────────────────────────────────────────────────────────────────
科泰电源(300153)       21.76     21.75    0.1%      多0/空0  无波待涨    
中文在线(300364)       22.90     22.88    0.4%      多0/空0  无波待涨    
鼎龙股份(300054)       84.35     84.18    0.6%      多0/空0  无波待涨    
科创半导体ETF华夏(588170)    1.23      1.23    0.2%      多0/空0  无波待涨    
中国巨石(600176)       55.39     55.25    0.7%      多0/空0  无波待涨    
双良节能(600481)        4.11      4.11    0.2%      多0/空0  无波待涨    
五洲新春(603667)       59.80     59.80    0.0%      多0/空0  无波待涨    
华工科技(000988)      152.17    152.70    1.4%      多0/空0  无波待涨    
09:30:42 [INFO] 🫀 扫描心跳 第2轮开始
09:31:01 [INFO] 🫀 扫描心跳 第3轮开始
09:31:21 [INFO] 🫀 扫描心跳 第4轮开始
09:31:40 [INFO] 🫀 扫描心跳 第5轮开始
09:31:44 [INFO] 
📊 护城河防御面板 第5轮
──────────────────────────────────────────────────────────────────────
科泰电源(300153)       21.76     21.75    0.1%      多0/空0  无波待涨    
中文在线(300364)       22.90     22.88    0.4%      多0/空0  无波待涨    
鼎龙股份(300054)       84.35     84.18    0.6%      多0/空0  无波待涨    
科创半导体ETF华夏(588170)    1.23      1.23    0.2%      多0/空0  无波待涨    
中国巨石(600176)       55.39     55.25    0.7%      多0/空0  无波待涨    
双良节能(600481)        4.11      4.11    0.2%      多0/空0  无波待涨    
五洲新春(603667)       59.80     59.80    0.0%      多0/空0  无波待涨    
华工科技(000988)      152.17    152.70    1.4%      多0/空0  无波待涨    
09:31:59 [INFO] 🫀 扫描心跳 第6轮开始
09:32:18 [INFO] 🫀 扫描心跳 第7轮开始
09:32:38 [INFO] 🫀 扫描心跳 第8轮开始
09:32:57 [INFO] 🫀 扫描心跳 第9轮开始
09:33:01 [INFO] 
📊 护城河防御面板 第9轮
──────────────────────────────────────────────────────────────────────
科泰电源(300153)       21.76     21.75    0.1%      多0/空0  无波待涨    
中文在线(300364)       22.90     22.88    0.4%      多0/空0  无波待涨    
鼎龙股份(300054)       84.35     84.18    0.6%      多0/空0  无波待涨    
科创半导体ETF华夏(588170)    1.23      1.23    0.2%      多0/空0  无波待涨    
中国巨石(600176)       55.39     55.25    0.7%      多0/空0  无波待涨    
双良节能(600481)        4.11      4.11    0.2%      多0/空0  无波待涨    
五洲新春(603667)       59.80     59.80    0.0%      多0/空0  无波待涨    
华工科技(000988)      152.17    152.70    1.4%      多0/空0  无波待涨    
09:33:16 [INFO] 🫀 扫描心跳 第10轮开始
09:33:19 [INFO] 📉 300153 卖出信号得分54分，低于10:00前阈值75分，静默处理（不推送飞书）
09:33:22 [INFO] 📉 300364 卖出信号得分49分，低于10:00前阈值75分，静默处理（不推送飞书）
09:33:55 [INFO] 🫀 扫描心跳 第11轮开始
09:34:12 [INFO] 📊 动态份数 600481: 状态=normal 信号强度91/阈值50, 建议交易1100股/份 (38%)
09:34:13 [INFO] ✅ 飞书消息已成功送达: 双良节能(600481) SELL_HIGH - 加急通知已发送
09:34:14 [INFO] 🔔 已触发急促报警
09:34:20 [INFO] 📊 动态份数 000988: 状态=normal 信号强度78/阈值50, 建议交易100股/份 (25%)
09:34:21 [INFO] ✅ 飞书消息已成功送达: 华工科技(000988) SELL_HIGH - 加急通知已发送
09:34:23 [INFO] 🔔 已触发急促报警
09:34:38 [INFO] 🫀 扫描心跳 第12轮开始
09:35:18 [INFO] 🫀 扫描心跳 第13轮开始
09:35:43 [INFO] 
📊 护城河防御面板 第13轮
──────────────────────────────────────────────────────────────────────
科泰电源(300153)       21.93     21.89    0.9%   多-32/空46  无波待涨    
中文在线(300364)       22.98     23.04    1.6%    多-1/空41  停手:价格低于均价，14:30前禁止买入
鼎龙股份(300054)       82.51     83.07    1.6%    多25/空10  停手:买卖都不够强
科创半导体ETF华夏(588170)    1.22      1.22    1.2%    多30/空13  停手:价格低于均价，14:30前禁止买入
中国巨石(600176)       55.15     55.17    2.5%    多-1/空20  停手:买卖都不够强
双良节能(600481)        4.11      4.11    0.7%    多11/空46  无波待涨    
五洲新春(603667)       58.66     58.81    2.0%    多25/空10  停手:买卖都不够强
华工科技(000988)      153.85    153.30    1.9%     多4/空25  停手:买卖都不够强
09:35:58 [INFO] 🫀 扫描心跳 第14轮开始
09:36:35 [INFO] 🫀 扫描心跳 第15轮开始
09:37:15 [INFO] 🫀 扫描心跳 第16轮开始
09:37:56 [INFO] 🫀 扫描心跳 第17轮开始
09:38:17 [INFO] 
📊 护城河防御面板 第17轮
──────────────────────────────────────────────────────────────────────
科泰电源(300153)       21.82     21.82    0.9%   多-17/空99  停手:价格低于均价，14:30前禁止买入
中文在线(300364)       23.17     23.03    1.6%   多-15/空27  停手:买卖都不够强
鼎龙股份(300054)       81.81     82.35    2.8%      多1/空7  停手:买卖都不够强
科创半导体ETF华夏(588170)    1.21      1.21    2.6%     多46/空5  停手:价格低于均价，14:30前禁止买入
中国巨石(600176)       54.96     55.06    2.5%     多-7/空2  停手:买卖都不够强
双良节能(600481)        4.10      4.10    0.7%   多21/空122  停手:价格低于均价，14:30前禁止买入
五洲新春(603667)       58.00     58.37    3.1%      多1/空7  停手:买卖都不够强
华工科技(000988)      152.62    152.54    1.9%    多-4/空17  停手:买卖都不够强
09:38:32 [INFO] 🫀 扫描心跳 第18轮开始
09:39:10 [INFO] 🫀 扫描心跳 第19轮开始
09:39:47 [INFO] 🫀 扫描心跳 第20轮开始
09:40:28 [INFO] 🫀 扫描心跳 第21轮开始
09:40:56 [INFO] 
📊 护城河防御面板 第21轮
──────────────────────────────────────────────────────────────────────
科泰电源(300153)       21.60     21.74    1.4%   多-16/空71  停手:价格低于均价，14:30前禁止买入
中文在线(300364)       23.10     23.08    2.0%   多-19/空33  停手:买卖都不够强
鼎龙股份(300054)       79.88     81.43    5.0%     多12/空7  停手:买卖都不够强
科创半导体ETF华夏(588170)    1.18      1.20    4.1%    多22/空10  停手:买卖都不够强
中国巨石(600176)       54.06     54.66    3.4%     多1/空29  停手:买卖都不够强
双良节能(600481)        4.14      4.12    1.5%  多-18/空127  无波待涨    
五洲新春(603667)       57.61     57.99    3.9%     多3/空-1  停手:买卖都不够强
华工科技(000988)      151.50    152.20    1.9%    多32/空36  停手:价格低于均价，14:30前禁止买入
09:41:11 [INFO] 🫀 扫描心跳 第22轮开始
09:41:47 [INFO] 🫀 扫描心跳 第23轮开始
09:42:25 [INFO] 🫀 扫描心跳 第24轮开始
09:43:03 [INFO] 🫀 扫描心跳 第25轮开始
09:43:33 [INFO] 
📊 护城河防御面板 第25轮
──────────────────────────────────────────────────────────────────────
科泰电源(300153)       21.74     21.73    1.4%   多-34/空42  无波待涨    
中文在线(300364)       23.17     23.10    2.0%   多-18/空30  停手:买卖都不够强
鼎龙股份(300054)       79.97     80.76    5.4%   多32/空-20  停手:价格低于均价，14:30前禁止买入
科创半导体ETF华夏(588170)    1.17      1.19    5.8%    多31/空10  停手:价格低于均价，14:30前禁止买入
中国巨石(600176)       54.27     54.55    3.4%    多-1/空-1  停手:买卖都不够强
双良节能(600481)        4.15      4.13    1.7%   多-18/空41  停手:高位但无明确优势
五洲新春(603667)       58.00     57.95    4.1%   多-29/空-5  停手:买卖都不够强
华工科技(000988)      150.34    151.68    2.8%    多13/空21  停手:买卖都不够强
09:43:48 [INFO] 🫀 扫描心跳 第26轮开始
09:44:24 [INFO] 🫀 扫描心跳 第27轮开始
09:44:59 [INFO] 🫀 扫描心跳 第28轮开始
09:45:36 [INFO] 🫀 扫描心跳 第29轮开始
09:45:57 [INFO] 
📊 护城河防御面板 第29轮
──────────────────────────────────────────────────────────────────────
科泰电源(300153)       21.74     21.73    1.4%   多-34/空42  无波待涨    
中文在线(300364)       23.17     23.10    2.0%   多-18/空30  停手:买卖都不够强
鼎龙股份(300054)       79.97     80.76    5.4%   多32/空-20  停手:价格低于均价，14:30前禁止买入
科创半导体ETF华夏(588170)    1.17      1.19    5.8%    多31/空10  停手:价格低于均价，14:30前禁止买入
中国巨石(600176)       54.27     54.55    3.4%    多-1/空-1  停手:买卖都不够强
双良节能(600481)        4.15      4.13    1.7%   多-18/空41  停手:高位但无明确优势
五洲新春(603667)       58.00     57.95    4.1%   多-29/空-5  停手:买卖都不够强
华工科技(000988)      150.34    151.68    2.8%    多13/空21  停手:买卖都不够强
09:46:12 [INFO] 🫀 扫描心跳 第30轮开始
09:46:21 [INFO] 📉 300054 卖出信号得分55分，低于10:00前阈值75分，静默处理（不推送飞书）
09:46:24 [INFO] 📊 动态份数 588170: 状态=normal 信号强度61/阈值38, 建议交易2500股/份 (25%)
09:46:24 [INFO] 📉 588170 卖出信号得分61分，低于10:00前阈值75分，静默处理（不推送飞书）
09:46:51 [INFO] 🫀 扫描心跳 第31轮开始
09:47:27 [INFO] 🫀 扫描心跳 第32轮开始
09:48:04 [INFO] 🫀 扫描心跳 第33轮开始
09:48:26 [INFO] 
📊 护城河防御面板 第33轮
──────────────────────────────────────────────────────────────────────
科泰电源(300153)       21.99     21.78    1.8%  多-40/空116  强可T     
中文在线(300364)       23.47     23.21    2.9%   多-15/空71  强可T     
鼎龙股份(300054)       82.04     81.02    5.4%   多-20/空47  可T观察    
科创半导体ETF华夏(588170)    1.20      1.19    5.8%   多-14/空53  可T观察    
中国巨石(600176)       54.80     54.65    3.4%   多-18/空-5  停手:买卖都不够强
双良节能(600481)        4.14      4.13    1.7%   多-15/空60  可T观察    
五洲新春(603667)       58.52     58.06    4.1%   多-20/空10  停手:买卖都不够强
华工科技(000988)      152.85    151.92    2.8%   多-20/空-8  停手:买卖都不够强
09:48:41 [INFO] 🫀 扫描心跳 第34轮开始
09:49:17 [INFO] 🫀 扫描心跳 第35轮开始
09:50:01 [INFO] 🫀 扫描心跳 第36轮开始
09:50:37 [INFO] 🫀 扫描心跳 第37轮开始
09:50:58 [INFO] 
📊 护城河防御面板 第37轮
──────────────────────────────────────────────────────────────────────
科泰电源(300153)       22.02     21.85    2.1%  多-40/空108  强可T     
中文在线(300364)       23.45     23.26    2.9%   多-18/空94  强可T     
鼎龙股份(300054)       81.90     81.30    5.4%   多-18/空27  停手:买卖都不够强
科创半导体ETF华夏(588170)    1.19      1.19    5.8%      多5/空0  停手:买卖都不够强
中国巨石(600176)       54.91     54.75    3.4%   多-18/空20  停手:买卖都不够强
双良节能(600481)        4.19      4.14    2.4%   多-18/空98  强可T     
五洲新春(603667)       58.50     58.16    4.1%   多-18/空25  停手:买卖都不够强
华工科技(000988)      152.85    152.23    2.8%   多-18/空72  强可T     
09:51:13 [INFO] 🫀 扫描心跳 第38轮开始
09:51:50 [INFO] 🫀 扫描心跳 第39轮开始
09:52:26 [INFO] 🫀 扫描心跳 第40轮开始
09:53:06 [INFO] 🫀 扫描心跳 第41轮开始
09:53:29 [INFO] 
📊 护城河防御面板 第41轮
──────────────────────────────────────────────────────────────────────
科泰电源(300153)       21.91     21.87    2.1%   多-37/空67  强可T     
中文在线(300364)       23.56     23.32    3.5%   多-20/空17  停手:买卖都不够强
鼎龙股份(300054)       81.55     81.40    5.4%     多3/空16  停手:买卖都不够强
科创半导体ETF华夏(588170)    1.18      1.19    5.8%     多46/空4  停手:价格低于均价，14:30前禁止买入
中国巨石(600176)       54.10     54.67    3.4%     多3/空-1  停手:买卖都不够强
双良节能(600481)        4.17      4.15    2.4%   多-20/空60  可T观察    
五洲新春(603667)       58.11     58.22    4.1%    多-10/空9  停手:买卖都不够强
华工科技(000988)      153.49    152.41    2.8%   多-18/空17  停手:买卖都不够强
09:53:44 [INFO] 🫀 扫描心跳 第42轮开始
09:54:22 [INFO] 🫀 扫描心跳 第43轮开始
09:54:59 [INFO] 🫀 扫描心跳 第44轮开始
09:55:36 [INFO] 🫀 扫描心跳 第45轮开始
09:56:00 [INFO] 
📊 护城河防御面板 第45轮
──────────────────────────────────────────────────────────────────────
科泰电源(300153)       21.87     21.86    2.1%   多-27/空61  可T观察    
中文在线(300364)       23.47     23.34    3.5%   多-20/空47  可T观察    
鼎龙股份(300054)       80.81     81.32    5.4%     多19/空1  停手:买卖都不够强
科创半导体ETF华夏(588170)    1.17      1.19    5.8%    多59/空-6  停手:价格低于均价，14:30前禁止买入
中国巨石(600176)       53.86     54.50    4.2%    多52/空-1  停手:价格低于均价，14:30前禁止买入
双良节能(600481)        4.19      4.15    2.4%   多-18/空66  强可T     
五洲新春(603667)       58.23     58.21    4.1%   多-10/空20  停手:买卖都不够强
华工科技(000988)      152.20    152.44    2.8%    多18/空31  停手:买卖都不够强
09:56:15 [INFO] 🫀 扫描心跳 第46轮开始
09:56:52 [INFO] 🫀 扫描心跳 第47轮开始
09:57:30 [INFO] 🫀 扫描心跳 第48轮开始
09:58:07 [INFO] 🫀 扫描心跳 第49轮开始
09:58:28 [INFO] 
📊 护城河防御面板 第49轮
──────────────────────────────────────────────────────────────────────
科泰电源(300153)       21.87     21.86    2.1%   多-27/空61  可T观察    
中文在线(300364)       23.47     23.34    3.5%   多-20/空47  可T观察    
鼎龙股份(300054)       80.81     81.32    5.4%     多19/空1  停手:买卖都不够强
科创半导体ETF华夏(588170)    1.17      1.19    5.8%    多59/空-6  停手:价格低于均价，14:30前禁止买入
中国巨石(600176)       53.86     54.50    4.2%    多52/空-1  停手:价格低于均价，14:30前禁止买入
双良节能(600481)        4.19      4.15    2.4%   多-18/空66  强可T     
五洲新春(603667)       58.23     58.21    4.1%   多-10/空20  停手:买卖都不够强
华工科技(000988)      152.20    152.44    2.8%    多18/空31  停手:买卖都不够强
09:58:43 [INFO] 🫀 扫描心跳 第50轮开始
09:59:07 [INFO] ✅ 飞书消息已成功送达: 鼎龙股份(300054) BUY_LOW - 加急通知已发送
09:59:09 [INFO] 🔔 已触发急促报警
09:59:40 [INFO] 🫀 扫描心跳 第51轮开始
10:00:18 [INFO] 🫀 扫描心跳 第52轮开始
10:00:45 [INFO] ✅ 飞书消息已成功送达: 中国巨石(600176) SELL_HIGH - 加急通知已发送
10:00:46 [INFO] 🔔 已触发急促报警
10:01:18 [INFO] 🫀 扫描心跳 第53轮开始
10:01:45 [INFO] 
📊 护城河防御面板 第53轮
──────────────────────────────────────────────────────────────────────
科泰电源(300153)       21.92     21.87    2.1%    多-4/空21  停手:买卖都不够强
中文在线(300364)       23.50     23.37    3.5%  多-20/空131  强可T     
鼎龙股份(300054)       80.51     81.19    5.4%    多69/空14  停手:价格低于均价，14:30前禁止买入
科创半导体ETF华夏(588170)    1.17      1.18    5.8%    多83/空17  停手:价格低于均价，14:30前禁止买入
中国巨石(600176)       53.83     54.39    4.2%    多45/空59  停手:价格低于均价，14:30前禁止买入
双良节能(600481)        4.19      4.16    2.7%    多-2/空94  强可T     
五洲新春(603667)       58.46     58.26    4.1%     多0/空35  弱机会     
华工科技(000988)      152.30    152.45    2.8%    多36/空61  停手:价格低于均价，14:30前禁止买入
10:02:00 [INFO] 🫀 扫描心跳 第54轮开始
10:02:38 [INFO] 🫀 扫描心跳 第55轮开始
10:03:22 [INFO] 🫀 扫描心跳 第56轮开始
10:03:58 [INFO] 🫀 扫描心跳 第57轮开始
10:04:21 [INFO] 
📊 护城河防御面板 第57轮
──────────────────────────────────────────────────────────────────────
科泰电源(300153)       21.98     21.89    2.1%     多0/空32  停手:买卖都不够强
中文在线(300364)       23.47     23.39    3.5%    多13/空62  可T观察    
鼎龙股份(300054)       81.46     81.20    5.4%    多-2/空10  停手:买卖都不够强
科创半导体ETF华夏(588170)    1.17      1.18    5.8%    多64/空-2  停手:价格低于均价，14:30前禁止买入
中国巨石(600176)       54.70     54.39    4.2%    多10/空79  强可T     
双良节能(600481)        4.19      4.16    2.7%    多-2/空54  可T观察    
五洲新春(603667)       59.51     58.42    4.1%     多0/空25  停手:买卖都不够强
华工科技(000988)      153.20    152.53    2.8%     多0/空32  停手:买卖都不够强
10:04:36 [INFO] 🫀 扫描心跳 第58轮开始
10:05:13 [INFO] 🫀 扫描心跳 第59轮开始
10:05:54 [INFO] 🫀 扫描心跳 第60轮开始
10:06:05 [INFO] 📉 588170 买入信号得分63分，低于10:00后阈值68分，静默处理（不推送飞书）
10:06:14 [INFO] 📊 动态份数 603667: 状态=normal 信号强度80/阈值50, 建议交易100股/份 (25%)
10:06:15 [INFO] ✅ 飞书消息已成功送达: 五洲新春(603667) SELL_HIGH - 加急通知已发送
10:06:17 [INFO] 🔔 已触发急促报警
10:06:36 [INFO] 🫀 扫描心跳 第61轮开始
10:07:00 [INFO] 
📊 护城河防御面板 第61轮
──────────────────────────────────────────────────────────────────────
科泰电源(300153)       21.87     21.90    2.1%     多6/空44  停手:价格低于均价，14:30前禁止买入
中文在线(300364)       23.45     23.40    3.5%    多-2/空62  可T观察    
鼎龙股份(300054)       80.86     81.17    5.4%    多30/空24  停手:价格低于均价，14:30前禁止买入
科创半导体ETF华夏(588170)    1.17      1.18    5.8%    多58/空13  停手:价格低于均价，14:30前禁止买入
中国巨石(600176)       54.69     54.44    4.2%    多10/空95  强可T     
双良节能(600481)        4.17      4.17    2.7%    多13/空69  强可T     
五洲新春(603667)       59.06     58.54    4.1%    多-2/空72  强可T     
华工科技(000988)      152.48    152.56    2.8%    多36/空61  停手:价格低于均价，14:30前禁止买入
10:07:15 [INFO] 🫀 扫描心跳 第62轮开始
10:07:52 [INFO] 🫀 扫描心跳 第63轮开始
10:08:33 [INFO] 🫀 扫描心跳 第64轮开始
10:09:11 [INFO] 🫀 扫描心跳 第65轮开始
10:09:36 [INFO] 
📊 护城河防御面板 第65轮
──────────────────────────────────────────────────────────────────────
科泰电源(300153)       21.77     21.88    2.1%    多45/空44  停手:价格低于均价，14:30前禁止买入
中文在线(300364)       23.55     23.41    3.5%    多17/空17  停手:买卖都不够强
鼎龙股份(300054)       80.18     81.09    5.4%    多34/空14  停手:价格低于均价，14:30前禁止买入
科创半导体ETF华夏(588170)    1.16      1.18    5.9%    多63/空27  停手:价格低于均价，14:30前禁止买入
中国巨石(600176)       54.21     54.42    4.2%    多17/空61  停手:价格低于均价，14:30前禁止买入
双良节能(600481)        4.16      4.17    2.7%    多48/空46  停手:震荡贴均且分差不大
五洲新春(603667)       58.78     58.57    4.1%    多21/空27  停手:买卖都不够强
华工科技(000988)      152.02    152.51    2.8%    多27/空51  停手:价格低于均价，14:30前禁止买入
10:09:51 [INFO] 🫀 扫描心跳 第66轮开始
10:10:29 [INFO] 🫀 扫描心跳 第67轮开始
10:11:06 [INFO] 🫀 扫描心跳 第68轮开始
10:11:46 [INFO] 🫀 扫描心跳 第69轮开始
10:12:08 [INFO] 
📊 护城河防御面板 第69轮
──────────────────────────────────────────────────────────────────────
科泰电源(300153)       21.73     21.87    2.1%    多64/空44  停手:价格低于均价，14:30前禁止买入
中文在线(300364)       23.51     23.43    3.6%    多-2/空66  强可T     
鼎龙股份(300054)       79.68     80.96    5.4%    多54/空14  停手:价格低于均价，14:30前禁止买入
科创半导体ETF华夏(588170)    1.16      1.18    5.9%    多63/空25  停手:价格低于均价，14:30前禁止买入
中国巨石(600176)       54.21     54.42    4.2%    多17/空61  停手:价格低于均价，14:30前禁止买入
双良节能(600481)        4.16      4.17    2.7%    多48/空46  停手:震荡贴均且分差不大
五洲新春(603667)       58.78     58.57    4.1%    多21/空27  停手:买卖都不够强
华工科技(000988)      152.02    152.51    2.8%    多27/空51  停手:价格低于均价，14:30前禁止买入
10:12:23 [INFO] 🫀 扫描心跳 第70轮开始
10:13:01 [INFO] 🫀 扫描心跳 第71轮开始
10:13:38 [INFO] 🫀 扫描心跳 第72轮开始
10:14:14 [INFO] 🫀 扫描心跳 第73轮开始
10:14:35 [INFO] 
📊 护城河防御面板 第73轮
──────────────────────────────────────────────────────────────────────
科泰电源(300153)       21.73     21.87    2.1%    多64/空44  停手:价格低于均价，14:30前禁止买入
中文在线(300364)       23.51     23.43    3.6%    多-2/空66  强可T     
鼎龙股份(300054)       79.68     80.96    5.4%    多54/空14  停手:价格低于均价，14:30前禁止买入
科创半导体ETF华夏(588170)    1.16      1.18    6.3%    多78/空17  停手:价格低于均价，14:30前禁止买入
中国巨石(600176)       53.90     54.35    4.2%    多41/空57  停手:价格低于均价，14:30前禁止买入
双良节能(600481)        4.15      4.17    2.7%    多48/空54  停手:价格低于均价，14:30前禁止买入
五洲新春(603667)       58.51     58.56    4.1%     多27/空6  停手:买卖都不够强
华工科技(000988)      151.17    152.41    2.8%    多42/空51  停手:价格低于均价，14:30前禁止买入
10:14:50 [INFO] 🫀 扫描心跳 第74轮开始
10:15:27 [INFO] 🫀 扫描心跳 第75轮开始
10:16:05 [INFO] 🫀 扫描心跳 第76轮开始
10:16:40 [INFO] 🫀 扫描心跳 第77轮开始
10:17:16 [INFO] 
📊 护城河防御面板 第77轮
──────────────────────────────────────────────────────────────────────
科泰电源(300153)       21.81     21.86    2.1%    多40/空25  停手:价格低于均价，14:30前禁止买入
中文在线(300364)       23.68     23.45    3.9%     多0/空38  停手:买卖都不够强
鼎龙股份(300054)       80.32     80.88    5.4%    多70/空-5  停手:价格低于均价，14:30前禁止买入
科创半导体ETF华夏(588170)    1.17      1.17    6.3%     多63/空2  停手:价格低于均价，14:30前禁止买入
中国巨石(600176)       54.25     54.33    4.2%    多51/空32  停手:价格低于均价，14:30前禁止买入
双良节能(600481)        4.17      4.16    2.7%    多17/空50  可T观察    
五洲新春(603667)       59.05     58.60    4.1%     多0/空-8  停手:买卖都不够强
华工科技(000988)      151.94    152.36    2.8%    多54/空32  停手:价格低于均价，14:30前禁止买入
10:17:31 [INFO] 🫀 扫描心跳 第78轮开始
10:18:08 [INFO] 🫀 扫描心跳 第79轮开始
10:18:45 [INFO] 🫀 扫描心跳 第80轮开始
10:19:23 [INFO] 🫀 扫描心跳 第81轮开始
10:19:46 [INFO] 
📊 护城河防御面板 第81轮
──────────────────────────────────────────────────────────────────────
科泰电源(300153)       21.79     21.85    2.1%    多44/空40  停手:价格低于均价，14:30前禁止买入
中文在线(300364)       23.45     23.46    3.9%     多6/空51  停手:价格低于均价，14:30前禁止买入
鼎龙股份(300054)       80.33     80.83    5.4%    多69/空25  停手:价格低于均价，14:30前禁止买入
科创半导体ETF华夏(588170)    1.17      1.17    6.3%    多60/空17  停手:价格低于均价，14:30前禁止买入
中国巨石(600176)       54.57     54.36    4.2%    多10/空62  可T观察    
双良节能(600481)        4.16      4.16    2.7%    多34/空54  停手:价格低于均价，14:30前禁止买入
五洲新春(603667)       58.76     58.62    4.1%    多-2/空21  停手:买卖都不够强
华工科技(000988)      152.26    152.36    2.8%    多22/空32  停手:买卖都不够强
10:20:01 [INFO] 🫀 扫描心跳 第82轮开始
10:20:36 [INFO] 🫀 扫描心跳 第83轮开始
10:21:13 [INFO] 🫀 扫描心跳 第84轮开始
10:21:50 [INFO] 🫀 扫描心跳 第85轮开始
10:22:18 [INFO] 
📊 护城河防御面板 第85轮
──────────────────────────────────────────────────────────────────────
科泰电源(300153)       21.83     21.85    2.1%    多22/空17  停手:买卖都不够强
中文在线(300364)       23.50     23.46    3.9%    多20/空47  可T观察    
鼎龙股份(300054)       80.46     80.79    5.4%    多40/空-5  停手:价格低于均价，14:30前禁止买入
科创半导体ETF华夏(588170)    1.16      1.17    6.3%    多71/空27  停手:价格低于均价，14:30前禁止买入
中国巨石(600176)       54.73     54.40    4.2%    多22/空89  强可T     
双良节能(600481)        4.16      4.16    2.7%    多42/空42  停手:震荡贴均且分差不大
五洲新春(603667)       59.02     58.66    4.1%     多0/空32  停手:买卖都不够强
华工科技(000988)      152.05    152.34    2.8%    多36/空61  停手:价格低于均价，14:30前禁止买入
10:22:33 [INFO] 🫀 扫描心跳 第86轮开始
10:23:13 [INFO] 🫀 扫描心跳 第87轮开始
10:23:50 [INFO] 🫀 扫描心跳 第88轮开始
10:24:27 [INFO] 🫀 扫描心跳 第89轮开始
10:24:50 [INFO] 
📊 护城河防御面板 第89轮
──────────────────────────────────────────────────────────────────────
科泰电源(300153)       21.88     21.85    2.1%     多0/空52  可T观察    
中文在线(300364)       23.40     23.45    3.9%    多45/空51  停手:价格低于均价，14:30前禁止买入
鼎龙股份(300054)       81.11     80.80    5.4%     多6/空22  停手:买卖都不够强
科创半导体ETF华夏(588170)    1.16      1.17    6.3%    多71/空27  停手:价格低于均价，14:30前禁止买入
中国巨石(600176)       54.73     54.40    4.2%    多22/空89  强可T     
双良节能(600481)        4.16      4.16    2.7%    多42/空42  停手:震荡贴均且分差不大
五洲新春(603667)       59.02     58.66    4.1%     多0/空32  停手:买卖都不够强
华工科技(000988)      152.05    152.34    2.8%    多36/空61  停手:价格低于均价，14:30前禁止买入
10:25:05 [INFO] 🫀 扫描心跳 第90轮开始
10:25:16 [INFO] 📊 动态份数 588170: 状态=normal 信号强度93/阈值38, 建议交易3200股/份 (32%)
10:25:17 [INFO] ✅ 飞书消息已成功送达: 科创半导体ETF华夏(588170) SELL_HIGH - 加急通知已发送
10:25:18 [INFO] 🔔 已触发急促报警
10:25:46 [INFO] 🫀 扫描心跳 第91轮开始
10:26:26 [INFO] 🫀 扫描心跳 第92轮开始
10:27:02 [INFO] 🫀 扫描心跳 第93轮开始
10:27:23 [INFO] 
📊 护城河防御面板 第93轮
──────────────────────────────────────────────────────────────────────
科泰电源(300153)       21.88     21.85    2.1%     多0/空52  可T观察    
中文在线(300364)       23.40     23.45    3.9%    多45/空51  停手:价格低于均价，14:30前禁止买入
鼎龙股份(300054)       81.11     80.80    5.4%     多6/空22  停手:买卖都不够强
科创半导体ETF华夏(588170)    1.18      1.17    6.3%    多15/空83  强可T     
中国巨石(600176)       55.21     54.48    4.2%     多0/空94  强可T     
双良节能(600481)        4.17      4.16    2.7%    多15/空50  可T观察    
五洲新春(603667)       59.84     58.76    4.2%     多0/空38  停手:买卖都不够强
华工科技(000988)      153.38    152.43    2.8%     多0/空74  强可T     
10:27:38 [INFO] 🫀 扫描心跳 第94轮开始
10:28:20 [INFO] 🫀 扫描心跳 第95轮开始
10:28:58 [INFO] 🫀 扫描心跳 第96轮开始
10:29:34 [INFO] 🫀 扫描心跳 第97轮开始
10:29:55 [INFO] 
📊 护城河防御面板 第97轮
──────────────────────────────────────────────────────────────────────
科泰电源(300153)       21.93     21.86    2.1%     多0/空77  强可T     
中文在线(300364)       23.47     23.46    3.9%    多17/空47  可T观察    
鼎龙股份(300054)       81.21     80.82    5.4%     多6/空38  弱机会     
科创半导体ETF华夏(588170)    1.18      1.17    6.3%     多5/空15  停手:买卖都不够强
中国巨石(600176)       55.32     54.53    4.2%     多0/空24  停手:买卖都不够强
双良节能(600481)        4.17      4.16    2.7%     多0/空50  可T观察    
五洲新春(603667)       60.13     58.88    4.7%     多0/空38  停手:买卖都不够强
华工科技(000988)      152.99    152.46    2.8%    多-2/空76  强可T     
10:30:10 [INFO] 🫀 扫描心跳 第98轮开始
10:30:47 [INFO] 🫀 扫描心跳 第99轮开始
10:30:56 [INFO] 📊 动态份数 300364: 状态=normal 信号强度99/阈值80, 建议交易100股/份 (33%)
10:30:57 [INFO] ✅ 飞书消息已成功送达: 中文在线(300364) SELL_HIGH - 加急通知已发送
10:30:59 [INFO] 🔔 已触发急促报警
10:31:06 [INFO] ✅ 飞书消息已成功送达: 鼎龙股份(300054) SELL_HIGH - 加急通知已发送
10:31:07 [INFO] 🔔 已触发急促报警
10:31:49 [INFO] 🫀 扫描心跳 第100轮开始
10:32:04 [INFO] 📊 动态份数 600176: 状态=normal 信号强度98/阈值80, 建议交易100股/份 (50%)
10:32:05 [INFO] ✅ 飞书消息已成功送达: 中国巨石(600176) SELL_HIGH - 加急通知已发送
10:32:06 [INFO] 🔔 已触发急促报警
10:32:31 [INFO] 🫀 扫描心跳 第101轮开始
10:32:54 [INFO] 
📊 护城河防御面板 第101轮
──────────────────────────────────────────────────────────────────────
科泰电源(300153)       21.87     21.86    2.1%   多-13/空86  强可T     
中文在线(300364)       23.48     23.46    3.9%    多13/空99  停手:无可卖仓且买点不强
鼎龙股份(300054)       81.61     80.86    5.4%     多0/空59  停手:无可卖仓且买点不强
科创半导体ETF华夏(588170)    1.17      1.17    6.3%    多59/空35  停手:价格低于均价，14:30前禁止买入
中国巨石(600176)       55.18     54.59    4.2%    多19/空98  停手:无可卖仓且买点不强
双良节能(600481)        4.17      4.16    2.7%   多-10/空77  强可T     
五洲新春(603667)       60.09     58.99    4.6%     多0/空17  停手:买卖都不够强
华工科技(000988)      152.81    152.52    2.8%     多6/空76  强可T     
10:33:09 [INFO] 🫀 扫描心跳 第102轮开始
10:33:46 [INFO] 🫀 扫描心跳 第103轮开始
10:33:49 [INFO] 📊 动态份数 300153: 状态=normal 信号强度86/阈值59, 建议交易100股/份 (50%)
10:33:50 [INFO] ✅ 飞书消息已成功送达: 科泰电源(300153) SELL_HIGH - 加急通知已发送
10:33:51 [INFO] 🔔 已触发急促报警
10:34:31 [INFO] 🫀 扫描心跳 第104轮开始
10:34:48 [INFO] 📊 动态份数 600481: 状态=normal 信号强度77/阈值57, 建议交易1700股/份 (59%)
10:34:49 [INFO] ✅ 飞书消息已成功送达: 双良节能(600481) SELL_HIGH - 加急通知已发送
10:34:51 [INFO] 🔔 已触发急促报警
10:34:57 [INFO] 📊 动态份数 000988: 状态=normal 信号强度69/阈值60, 建议交易100股/份 (25%)
10:34:58 [INFO] ✅ 飞书消息已成功送达: 华工科技(000988) SELL_HIGH - 加急通知已发送
10:35:00 [INFO] 🔔 已触发急促报警
10:35:15 [INFO] 🫀 扫描心跳 第105轮开始
10:35:38 [INFO] 
📊 护城河防御面板 第105轮
──────────────────────────────────────────────────────────────────────
科泰电源(300153)       21.77     21.85    2.1%    多49/空61  停手:价格低于均价，14:30前禁止买入
中文在线(300364)       23.37     23.45    3.9%   多55/空110  停手:价格低于均价，14:30前禁止买入
鼎龙股份(300054)       80.58     80.84    5.4%     多21/空6  停手:无可卖仓且买点不强
科创半导体ETF华夏(588170)    1.16      1.17    6.3%   多119/空34  停手:价格低于均价，14:30前禁止买入
中国巨石(600176)       55.05     54.64    4.2%    多40/空73  强可T     
双良节能(600481)        4.18      4.17    2.7%  多-10/空136  停手:无可卖仓且买点不强
五洲新春(603667)       59.69     59.04    4.6%    多-2/空77  强可T     
华工科技(000988)      152.52    152.53    2.8%    多25/空36  停手:无可卖仓且买点不强
10:35:53 [INFO] 🫀 扫描心跳 第106轮开始
10:36:30 [INFO] 🫀 扫描心跳 第107轮开始
10:37:06 [INFO] 🫀 扫描心跳 第108轮开始
10:37:43 [INFO] 🫀 扫描心跳 第109轮开始
10:38:06 [INFO] 
📊 护城河防御面板 第109轮
──────────────────────────────────────────────────────────────────────
科泰电源(300153)       21.78     21.85    2.1%    多43/空61  停手:价格低于均价，14:30前禁止买入
中文在线(300364)       23.35     23.45    3.9%   多82/空107  停手:价格低于均价，14:30前禁止买入
鼎龙股份(300054)       80.12     80.80    5.4%     多44/空6  停手:价格低于均价，14:30前禁止买入
科创半导体ETF华夏(588170)    1.16      1.17    6.3%   多119/空42  停手:价格低于均价，14:30前禁止买入
中国巨石(600176)       55.05     54.64    4.2%    多40/空73  强可T     
双良节能(600481)        4.18      4.17    2.7%  多-10/空136  停手:无可卖仓且买点不强
五洲新春(603667)       59.69     59.04    4.6%    多-2/空77  强可T     
华工科技(000988)      152.52    152.53    2.8%    多25/空36  停手:无可卖仓且买点不强
10:38:21 [INFO] 🫀 扫描心跳 第110轮开始
10:38:46 [INFO] ✅ 飞书消息已成功送达: 五洲新春(603667) SELL_HIGH - 加急通知已发送
10:38:47 [INFO] 🔔 已触发急促报警
10:39:06 [INFO] 🫀 扫描心跳 第111轮开始
10:39:43 [INFO] 🫀 扫描心跳 第112轮开始
10:40:19 [INFO] 🫀 扫描心跳 第113轮开始
10:40:45 [INFO] 
📊 护城河防御面板 第113轮
──────────────────────────────────────────────────────────────────────
科泰电源(300153)       21.78     21.85    2.1%    多43/空61  停手:价格低于均价，14:30前禁止买入
中文在线(300364)       23.35     23.45    3.9%   多82/空107  停手:价格低于均价，14:30前禁止买入
鼎龙股份(300054)       80.12     80.80    5.4%     多44/空6  停手:价格低于均价，14:30前禁止买入
科创半导体ETF华夏(588170)    1.16      1.17    6.3%   多123/空37  停手:价格低于均价，14:30前禁止买入
中国巨石(600176)       54.99     54.66    4.2%    多33/空77  强可T     
双良节能(600481)        4.18      4.17    2.7%  多-10/空136  停手:无可卖仓且买点不强
五洲新春(603667)       59.75     59.09    4.6%    多-2/空81  停手:无可卖仓且买点不强
华工科技(000988)      152.02    152.51    2.8%    多68/空51  停手:价格低于均价，14:30前禁止买入
10:41:00 [INFO] 🫀 扫描心跳 第114轮开始
10:41:11 [INFO] ✅ 飞书消息已成功送达: 鼎龙股份(300054) BUY_LOW - 加急通知已发送
10:41:12 [INFO] 🔔 已触发急促报警
10:41:44 [INFO] 🫀 扫描心跳 第115轮开始
10:42:25 [INFO] 🫀 扫描心跳 第116轮开始
10:43:03 [INFO] 🫀 扫描心跳 第117轮开始
10:43:24 [INFO] 
📊 护城河防御面板 第117轮
──────────────────────────────────────────────────────────────────────
科泰电源(300153)       21.78     21.84    2.1%    多69/空46  停手:价格低于均价，14:30前禁止买入
中文在线(300364)       23.46     23.45    3.9%  多-10/空118  停手:无可卖仓且买点不强
鼎龙股份(300054)       79.99     80.73    5.4%    多85/空14  停手:价格低于均价，14:30前禁止买入
科创半导体ETF华夏(588170)    1.16      1.17    6.8%   多134/空37  停手:价格低于均价，14:30前禁止买入
中国巨石(600176)       55.09     54.68    4.2%    多38/空32  弱机会     
双良节能(600481)        4.19      4.17    2.7%  多-16/空140  停手:无可卖仓且买点不强
五洲新春(603667)       60.30     59.16    5.0%    多17/空38  停手:无可卖仓且买点不强
华工科技(000988)      152.10    152.48    2.8%    多79/空32  停手:价格低于均价，14:30前禁止买入
10:43:39 [INFO] 🫀 扫描心跳 第118轮开始
10:44:21 [INFO] 🫀 扫描心跳 第119轮开始
10:44:58 [INFO] 🫀 扫描心跳 第120轮开始
10:45:36 [INFO] 🫀 扫描心跳 第121轮开始
10:45:59 [INFO] 
📊 护城河防御面板 第121轮
──────────────────────────────────────────────────────────────────────
科泰电源(300153)       21.72     21.84    2.1%    多85/空61  停手:价格低于均价，14:30前禁止买入
中文在线(300364)       23.31     23.44    3.9%   多72/空107  停手:价格低于均价，14:30前禁止买入
鼎龙股份(300054)       79.90     80.68    5.4%   多112/空10  停手:价格低于均价，14:30前禁止买入
科创半导体ETF华夏(588170)    1.15      1.17    7.0%   多112/空22  停手:价格低于均价，14:30前禁止买入
中国巨石(600176)       54.93     54.69    4.2%    多24/空28  停手:无可卖仓且买点不强
双良节能(600481)        4.19      4.17    2.7%  多-25/空125  停手:无可卖仓且买点不强
五洲新春(603667)       59.98     59.24    4.9%   多-17/空71  停手:无可卖仓且买点不强
华工科技(000988)      151.78    152.44    2.8%    多53/空36  停手:价格低于均价，14:30前禁止买入
10:46:14 [INFO] 🫀 扫描心跳 第122轮开始
10:46:55 [INFO] 🫀 扫描心跳 第123轮开始
10:47:32 [INFO] 🫀 扫描心跳 第124轮开始
10:48:08 [INFO] 🫀 扫描心跳 第125轮开始
10:48:33 [INFO] 
📊 护城河防御面板 第125轮
──────────────────────────────────────────────────────────────────────
科泰电源(300153)       21.75     21.83    2.1%    多80/空27  停手:价格低于均价，14:30前禁止买入
中文在线(300364)       23.38     23.43    3.9%    多30/空76  停手:价格低于均价，14:30前禁止买入
鼎龙股份(300054)       79.94     80.65    5.4%    多63/空-5  停手:价格低于均价，14:30前禁止买入
科创半导体ETF华夏(588170)    1.15      1.17    7.0%   多120/空22  停手:价格低于均价，14:30前禁止买入
中国巨石(600176)       54.76     54.70    4.2%    多18/空44  停手:无可卖仓且买点不强
双良节能(600481)        4.18      4.17    2.7%  多-27/空128  停手:无可卖仓且买点不强
五洲新春(603667)       59.80     59.28    4.9%    多-2/空17  停手:无可卖仓且买点不强
华工科技(000988)      151.90    152.42    2.8%    多42/空17  停手:价格低于均价，14:30前禁止买入
10:48:48 [INFO] 🫀 扫描心跳 第126轮开始
10:49:24 [INFO] 🫀 扫描心跳 第127轮开始
10:50:01 [INFO] 🫀 扫描心跳 第128轮开始
10:50:42 [INFO] 🫀 扫描心跳 第129轮开始
10:51:04 [INFO] 
📊 护城河防御面板 第129轮
──────────────────────────────────────────────────────────────────────
科泰电源(300153)       21.68     21.83    2.1%    多58/空46  停手:价格低于均价，14:30前禁止买入
中文在线(300364)       23.28     23.42    3.9%    多43/空95  停手:价格低于均价，14:30前禁止买入
鼎龙股份(300054)       79.45     80.59    5.6%    多64/空-1  停手:价格低于均价，14:30前禁止买入
科创半导体ETF华夏(588170)    1.15      1.17    7.0%   多120/空22  停手:价格低于均价，14:30前禁止买入
中国巨石(600176)       54.76     54.70    4.2%    多18/空44  停手:无可卖仓且买点不强
双良节能(600481)        4.18      4.17    2.7%  多-27/空128  停手:无可卖仓且买点不强
五洲新春(603667)       59.80     59.28    4.9%    多-2/空17  停手:无可卖仓且买点不强
华工科技(000988)      151.90    152.42    2.8%    多42/空17  停手:价格低于均价，14:30前禁止买入
10:51:19 [INFO] 🫀 扫描心跳 第130轮开始
10:51:57 [INFO] 🫀 扫描心跳 第131轮开始
10:52:33 [INFO] 🫀 扫描心跳 第132轮开始
10:53:09 [INFO] 🫀 扫描心跳 第133轮开始
10:53:31 [INFO] 
📊 护城河防御面板 第133轮
──────────────────────────────────────────────────────────────────────
科泰电源(300153)       21.68     21.83    2.1%    多58/空46  停手:价格低于均价，14:30前禁止买入
中文在线(300364)       23.28     23.42    3.9%    多43/空95  停手:价格低于均价，14:30前禁止买入
鼎龙股份(300054)       79.45     80.59    5.6%    多64/空-1  停手:价格低于均价，14:30前禁止买入
科创半导体ETF华夏(588170)    1.15      1.17    7.3%   多119/空22  停手:价格低于均价，14:30前禁止买入
中国巨石(600176)       54.44     54.69    4.2%    多29/空29  停手:价格低于均价，14:30前禁止买入
双良节能(600481)        4.18      4.17    2.7%  多-11/空113  停手:无可卖仓且买点不强
五洲新春(603667)       59.59     59.30    4.9%    多-2/空21  停手:无可卖仓且买点不强
华工科技(000988)      151.19    152.36    2.8%    多51/空36  停手:价格低于均价，14:30前禁止买入
10:53:46 [INFO] 🫀 扫描心跳 第134轮开始
10:54:24 [INFO] 🫀 扫描心跳 第135轮开始
10:54:41 [INFO] ✅ 飞书消息已成功送达: 中国巨石(600176) BUY_LOW - 加急通知已发送
10:54:43 [INFO] 🔔 已触发急促报警
10:55:07 [INFO] 🫀 扫描心跳 第136轮开始
10:55:47 [INFO] 🫀 扫描心跳 第137轮开始
10:56:08 [INFO] 
📊 护城河防御面板 第137轮
──────────────────────────────────────────────────────────────────────
科泰电源(300153)       21.65     21.82    2.1%    多58/空46  停手:价格低于均价，14:30前禁止买入
中文在线(300364)       23.30     23.42    3.9%    多46/空76  停手:价格低于均价，14:30前禁止买入
鼎龙股份(300054)       79.24     80.52    5.8%    多64/空-1  停手:价格低于均价，14:30前禁止买入
科创半导体ETF华夏(588170)    1.15      1.17    7.6%    多132/空3  停手:价格低于均价，14:30前禁止买入
中国巨石(600176)       54.39     54.67    4.2%    多78/空-4  停手:价格低于均价，14:30前禁止买入
双良节能(600481)        4.18      4.17    2.7%  多-11/空113  停手:无可卖仓且买点不强
五洲新春(603667)       59.58     59.32    4.9%   多-17/空21  停手:无可卖仓且买点不强
华工科技(000988)      151.08    152.31    2.8%   多107/空21  停手:价格低于均价，14:30前禁止买入
10:56:23 [INFO] 🫀 扫描心跳 第138轮开始
10:56:58 [INFO] 🫀 扫描心跳 第139轮开始
10:57:34 [INFO] 🫀 扫描心跳 第140轮开始
10:58:11 [INFO] 🫀 扫描心跳 第141轮开始
10:58:32 [INFO] 
📊 护城河防御面板 第141轮
──────────────────────────────────────────────────────────────────────
科泰电源(300153)       21.66     21.81    2.1%    多72/空27  停手:价格低于均价，14:30前禁止买入
中文在线(300364)       23.22     23.41    3.9%    多24/空83  停手:无可卖仓且买点不强
鼎龙股份(300054)       79.20     80.44    5.9%    多74/空-5  停手:价格低于均价，14:30前禁止买入
科创半导体ETF华夏(588170)    1.15      1.16    7.6%     多63/空3  停手:价格低于均价，14:30前禁止买入
中国巨石(600176)       54.53     54.66    4.2%    多34/空33  停手:价格低于均价，14:30前禁止买入
双良节能(600481)        4.18      4.17    2.7%  多-11/空113  停手:无可卖仓且买点不强
五洲新春(603667)       59.56     59.34    4.9%     多7/空21  停手:无可卖仓且买点不强
华工科技(000988)      151.21    152.26    2.8%    多70/空17  停手:价格低于均价，14:30前禁止买入
10:58:47 [INFO] 🫀 扫描心跳 第142轮开始
10:59:22 [INFO] 🫀 扫描心跳 第143轮开始
10:59:58 [INFO] 🫀 扫描心跳 第144轮开始
11:00:39 [INFO] 🫀 扫描心跳 第145轮开始
11:01:15 [INFO] 
📊 护城河防御面板 第145轮
──────────────────────────────────────────────────────────────────────
科泰电源(300153)       21.59     21.80    2.2%    多50/空46  停手:价格低于均价，14:30前禁止买入
中文在线(300364)       23.13     23.40    3.9%    多43/空85  停手:价格低于均价，14:30前禁止买入
鼎龙股份(300054)       79.26     80.38    5.9%    多54/空-5  停手:价格低于均价，14:30前禁止买入
科创半导体ETF华夏(588170)    1.15      1.16    7.6%    多80/空18  停手:价格低于均价，14:30前禁止买入
中国巨石(600176)       54.49     54.66    4.2%    多48/空33  停手:价格低于均价，14:30前禁止买入
双良节能(600481)        4.16      4.17    2.7%    多29/空56  停手:价格低于均价，14:30前禁止买入
五洲新春(603667)       59.27     59.34    4.9%    多43/空-9  停手:价格低于均价，14:30前禁止买入
华工科技(000988)      150.92    152.19    2.8%    多61/空36  停手:价格低于均价，14:30前禁止买入
11:01:30 [INFO] 🫀 扫描心跳 第146轮开始
11:02:38 [INFO] 🫀 扫描心跳 第147轮开始
11:03:28 [INFO] 🫀 扫描心跳 第148轮开始
11:04:11 [INFO] 🫀 扫描心跳 第149轮开始
11:04:40 [INFO] 
📊 护城河防御面板 第149轮
──────────────────────────────────────────────────────────────────────
科泰电源(300153)       21.55     21.78    2.4%    多85/空29  停手:价格低于均价，14:30前禁止买入
中文在线(300364)       23.07     23.38    3.9%    多65/空85  停手:价格低于均价，14:30前禁止买入
鼎龙股份(300054)       78.91     80.31    6.3%    多69/空-1  停手:价格低于均价，14:30前禁止买入
科创半导体ETF华夏(588170)    1.14      1.16    7.8%    多105/空8  停手:价格低于均价，14:30前禁止买入
中国巨石(600176)       54.43     54.65    4.2%     多16/空9  停手:无可卖仓且买点不强
双良节能(600481)        4.16      4.17    2.7%    多29/空56  停手:价格低于均价，14:30前禁止买入
五洲新春(603667)       59.25     59.34    4.9%    多57/空-9  停手:价格低于均价，14:30前禁止买入
华工科技(000988)      150.50    152.11    2.8%    多88/空36  停手:价格低于均价，14:30前禁止买入
11:04:55 [INFO] 🫀 扫描心跳 第150轮开始
11:05:40 [INFO] 🫀 扫描心跳 第151轮开始
11:06:21 [INFO] 🫀 扫描心跳 第152轮开始
11:07:03 [INFO] 🫀 扫描心跳 第153轮开始
11:07:28 [INFO] 
📊 护城河防御面板 第153轮
──────────────────────────────────────────────────────────────────────
科泰电源(300153)       21.55     21.78    2.4%    多85/空29  停手:价格低于均价，14:30前禁止买入
中文在线(300364)       23.07     23.38    3.9%    多65/空85  停手:价格低于均价，14:30前禁止买入
鼎龙股份(300054)       78.76     80.22    6.6%    多79/空-5  停手:价格低于均价，14:30前禁止买入
科创半导体ETF华夏(588170)    1.14      1.16    7.8%    多105/空8  停手:价格低于均价，14:30前禁止买入
中国巨石(600176)       54.43     54.65    4.2%     多16/空9  停手:无可卖仓且买点不强
双良节能(600481)        4.16      4.17    2.7%    多29/空56  停手:价格低于均价，14:30前禁止买入
五洲新春(603667)       59.25     59.34    4.9%    多57/空-9  停手:价格低于均价，14:30前禁止买入
华工科技(000988)      150.50    152.11    2.8%    多88/空36  停手:价格低于均价，14:30前禁止买入
11:07:43 [INFO] 🫀 扫描心跳 第154轮开始
11:08:26 [INFO] 🫀 扫描心跳 第155轮开始
11:09:07 [INFO] 🫀 扫描心跳 第156轮开始
11:09:48 [INFO] 🫀 扫描心跳 第157轮开始
11:10:14 [INFO] 
📊 护城河防御面板 第157轮
──────────────────────────────────────────────────────────────────────
科泰电源(300153)       21.55     21.77    2.5%    多95/空10  停手:价格低于均价，14:30前禁止买入
中文在线(300364)       23.15     23.36    3.9%    多36/空60  停手:价格低于均价，14:30前禁止买入
鼎龙股份(300054)       78.76     80.22    6.6%    多79/空-5  停手:价格低于均价，14:30前禁止买入
科创半导体ETF华夏(588170)    1.14      1.16    8.1%     多74/空8  停手:价格低于均价，14:30前禁止买入
中国巨石(600176)       54.44     54.65    4.2%   多-6/空-16  停手:无可卖仓且买点不强
双良节能(600481)        4.15      4.17    2.7%    多44/空56  停手:价格低于均价，14:30前禁止买入
五洲新春(603667)       59.41     59.34    4.9%   多11/空-13  停手:无可卖仓且买点不强
华工科技(000988)      150.80    152.03    2.8%     多26/空2  停手:无可卖仓且买点不强
11:10:29 [INFO] 🫀 扫描心跳 第158轮开始
11:11:15 [INFO] 🫀 扫描心跳 第159轮开始
11:11:58 [INFO] 🫀 扫描心跳 第160轮开始
11:12:39 [INFO] 🫀 扫描心跳 第161轮开始
11:13:05 [INFO] 
📊 护城河防御面板 第161轮
──────────────────────────────────────────────────────────────────────
科泰电源(300153)       21.55     21.76    2.5%    多32/空10  停手:价格低于均价，14:30前禁止买入
中文在线(300364)       23.21     23.36    3.9%    多-5/空94  停手:无可卖仓且买点不强
鼎龙股份(300054)       78.70     80.15    6.6%     多51/空6  停手:价格低于均价，14:30前禁止买入
科创半导体ETF华夏(588170)    1.14      1.16    8.1%   多49/空-17  停手:价格低于均价，14:30前禁止买入
中国巨石(600176)       54.32     54.64    4.2%     多24/空9  停手:无可卖仓且买点不强
双良节能(600481)        4.15      4.17    2.7%    多30/空56  停手:价格低于均价，14:30前禁止买入
五洲新春(603667)       59.44     59.34    4.9%   多-15/空17  停手:无可卖仓且买点不强
华工科技(000988)      150.89    151.98    2.8%    多30/空32  停手:价格低于均价，14:30前禁止买入
11:13:20 [INFO] 🫀 扫描心跳 第162轮开始
11:14:00 [INFO] 🫀 扫描心跳 第163轮开始
11:14:41 [INFO] 🫀 扫描心跳 第164轮开始
11:14:56 [INFO] ✅ 飞书消息已成功送达: 科创半导体ETF华夏(588170) BUY_LOW - 加急通知已发送
11:14:58 [INFO] 🔔 已触发急促报警
11:15:27 [INFO] 🫀 扫描心跳 第165轮开始
11:15:53 [INFO] 
📊 护城河防御面板 第165轮
──────────────────────────────────────────────────────────────────────
科泰电源(300153)       21.61     21.75    2.5%    多35/空25  停手:价格低于均价，14:30前禁止买入
中文在线(300364)       23.27     23.35    3.9%     多5/空64  停手:无可卖仓且买点不强
鼎龙股份(300054)       79.00     80.08    6.6%   多39/空-20  停手:价格低于均价，14:30前禁止买入
科创半导体ETF华夏(588170)    1.15      1.16    8.1%    多72/空10  停手:价格低于均价，14:30前禁止买入
中国巨石(600176)       54.37     54.63    4.2%   多44/空-20  停手:价格低于均价，14:30前禁止买入
双良节能(600481)        4.16      4.17    2.7%    多23/空29  停手:无可卖仓且买点不强
五洲新春(603667)       59.66     59.36    4.9%    多-3/空17  停手:无可卖仓且买点不强
华工科技(000988)      151.21    151.94    2.8%    多12/空17  停手:无可卖仓且买点不强
11:16:08 [INFO] 🫀 扫描心跳 第166轮开始
11:16:44 [INFO] 🫀 扫描心跳 第167轮开始
11:17:20 [INFO] 🫀 扫描心跳 第168轮开始
11:17:55 [INFO] 🫀 扫描心跳 第169轮开始
11:18:18 [INFO] 
📊 护城河防御面板 第169轮
──────────────────────────────────────────────────────────────────────
科泰电源(300153)       21.57     21.74    2.5%    多47/空35  停手:价格低于均价，14:30前禁止买入
中文在线(300364)       23.19     23.35    3.9%    多10/空93  停手:无可卖仓且买点不强
鼎龙股份(300054)       78.60     80.02    6.7%    多51/空12  停手:价格低于均价，14:30前禁止买入
科创半导体ETF华夏(588170)    1.14      1.16    8.2%    多80/空12  停手:价格低于均价，14:30前禁止买入
中国巨石(600176)       54.08     54.60    4.2%    多77/空-1  停手:价格低于均价，14:30前禁止买入
双良节能(600481)        4.16      4.17    2.7%    多23/空29  停手:无可卖仓且买点不强
五洲新春(603667)       59.50     59.36    4.9%     多1/空31  停手:无可卖仓且买点不强
华工科技(000988)      150.87    151.89    2.8%    多41/空46  停手:价格低于均价，14:30前禁止买入
11:18:33 [INFO] 🫀 扫描心跳 第170轮开始
11:19:08 [INFO] 🫀 扫描心跳 第171轮开始
11:19:44 [INFO] 🫀 扫描心跳 第172轮开始
11:20:21 [INFO] 🫀 扫描心跳 第173轮开始
11:20:41 [INFO] 
📊 护城河防御面板 第173轮
──────────────────────────────────────────────────────────────────────
科泰电源(300153)       21.57     21.74    2.5%    多47/空35  停手:价格低于均价，14:30前禁止买入
中文在线(300364)       23.19     23.35    3.9%    多10/空93  停手:无可卖仓且买点不强
鼎龙股份(300054)       78.20     79.95    7.3%    多69/空32  停手:价格低于均价，14:30前禁止买入
科创半导体ETF华夏(588170)    1.14      1.16    8.2%    多80/空10  停手:价格低于均价，14:30前禁止买入
中国巨石(600176)       54.08     54.60    4.2%    多77/空-1  停手:价格低于均价，14:30前禁止买入
双良节能(600481)        4.16      4.17    2.7%    多23/空29  停手:无可卖仓且买点不强
五洲新春(603667)       59.50     59.36    4.9%     多1/空31  停手:无可卖仓且买点不强
华工科技(000988)      150.87    151.89    2.8%    多41/空46  停手:价格低于均价，14:30前禁止买入
11:20:56 [INFO] 🫀 扫描心跳 第174轮开始
11:21:34 [INFO] 🫀 扫描心跳 第175轮开始
11:22:10 [INFO] 🫀 扫描心跳 第176轮开始
11:22:45 [INFO] 🫀 扫描心跳 第177轮开始
11:23:06 [INFO] 
📊 护城河防御面板 第177轮
──────────────────────────────────────────────────────────────────────
科泰电源(300153)       21.54     21.73    2.5%    多82/空39  停手:价格低于均价，14:30前禁止买入
中文在线(300364)       23.11     23.34    3.9%    多29/空91  停手:价格低于均价，14:30前禁止买入
鼎龙股份(300054)       78.20     79.95    7.3%    多69/空32  停手:价格低于均价，14:30前禁止买入
科创半导体ETF华夏(588170)    1.13      1.16    8.6%     多74/空0  停手:价格低于均价，14:30前禁止买入
中国巨石(600176)       53.87     54.57    4.2%    多82/空-1  停手:价格低于均价，14:30前禁止买入
双良节能(600481)        4.15      4.17    2.7%    多35/空56  停手:价格低于均价，14:30前禁止买入
五洲新春(603667)       59.35     59.37    4.9%    多33/空-9  停手:价格低于均价，14:30前禁止买入
华工科技(000988)      150.04    151.83    2.9%    多65/空36  停手:价格低于均价，14:30前禁止买入
11:23:21 [INFO] 🫀 扫描心跳 第178轮开始
11:23:57 [INFO] 🫀 扫描心跳 第179轮开始
11:24:55 [INFO] 🫀 扫描心跳 第180轮开始
11:25:30 [INFO] 🫀 扫描心跳 第181轮开始
11:25:50 [INFO] 
📊 护城河防御面板 第181轮
──────────────────────────────────────────────────────────────────────
科泰电源(300153)       21.51     21.73    2.6%    多87/空39  停手:价格低于均价，14:30前禁止买入
中文在线(300364)       23.14     23.33    3.9%    多44/空60  停手:价格低于均价，14:30前禁止买入
鼎龙股份(300054)       78.14     79.85    7.4%    多79/空28  停手:价格低于均价，14:30前禁止买入
科创半导体ETF华夏(588170)    1.13      1.16    8.8%     多99/空6  停手:价格低于均价，14:30前禁止买入
中国巨石(600176)       53.78     54.55    4.2%    多90/空-4  停手:价格低于均价，14:30前禁止买入
双良节能(600481)        4.14      4.17    2.7%    多57/空56  停手:价格低于均价，14:30前禁止买入
五洲新春(603667)       59.47     59.37    4.9%     多8/空12  停手:无可卖仓且买点不强
华工科技(000988)      150.03    151.77    2.9%    多96/空36  停手:价格低于均价，14:30前禁止买入
11:26:05 [INFO] 🫀 扫描心跳 第182轮开始
12:26:23 [INFO] ⏸ 非交易时段，进入低频保活
12:36:23 [INFO] ⏸ 非交易时段，进入低频保活
12:46:23 [INFO] ⏸ 非交易时段，进入低频保活
12:56:23 [INFO] ⏸ 非交易时段，进入低频保活
13:00:08 [INFO] 🫀 扫描心跳 第183轮开始
13:00:33 [INFO] ✅ 飞书消息已成功送达: 中国巨石(600176) BUY_LOW - 加急通知已发送
13:00:35 [INFO] 🔔 已触发急促报警
13:01:04 [INFO] 🫀 扫描心跳 第184轮开始
13:01:55 [INFO] 🫀 扫描心跳 第185轮开始
13:02:20 [INFO] 
📊 护城河防御面板 第185轮
──────────────────────────────────────────────────────────────────────
科泰电源(300153)       21.66     21.71    2.7%    多56/空38  停手:价格低于均价，14:30前禁止买入
中文在线(300364)       23.29     23.32    3.9%    多36/空43  停手:无可卖仓且买点不强
鼎龙股份(300054)       78.43     79.72    7.4%    多45/空26  停手:价格低于均价，14:30前禁止买入
科创半导体ETF华夏(588170)    1.14      1.15    8.8%    多45/空40  停手:价格低于均价，14:30前禁止买入
中国巨石(600176)       53.88     54.49    4.2%    多79/空-9  停手:价格低于均价，14:30前禁止买入
双良节能(600481)        4.16      4.16    2.7%    多22/空20  停手:无可卖仓且买点不强
五洲新春(603667)       59.64     59.40    4.9%    多-8/空39  停手:无可卖仓且买点不强
华工科技(000988)      150.30    151.66    2.9%    多63/空62  停手:价格低于均价，14:30前禁止买入
13:02:35 [INFO] 🫀 扫描心跳 第186轮开始
13:03:12 [INFO] 🫀 扫描心跳 第187轮开始
13:03:49 [INFO] 🫀 扫描心跳 第188轮开始
13:04:37 [INFO] 🫀 扫描心跳 第189轮开始
13:04:58 [INFO] 
📊 护城河防御面板 第189轮
──────────────────────────────────────────────────────────────────────
科泰电源(300153)       21.56     21.71    2.7%    多69/空55  停手:价格低于均价，14:30前禁止买入
中文在线(300364)       23.14     23.32    3.9%    多39/空37  停手:无可卖仓且买点不强
鼎龙股份(300054)       78.25     79.67    7.4%    多45/空60  停手:价格低于均价，14:30前禁止买入
科创半导体ETF华夏(588170)    1.13      1.15    9.1%    多45/空44  停手:价格低于均价，14:30前禁止买入
中国巨石(600176)       53.72     54.46    4.2%    多95/空20  停手:价格低于均价，14:30前禁止买入
双良节能(600481)        4.15      4.16    2.7%    多55/空57  停手:价格低于均价，14:30前禁止买入
五洲新春(603667)       59.38     59.40    4.9%    多46/空-1  停手:价格低于均价，14:30前禁止买入
华工科技(000988)      149.75    151.59    3.1%   多124/空52  停手:价格低于均价，14:30前禁止买入
13:05:13 [INFO] 🫀 扫描心跳 第190轮开始
13:05:49 [INFO] 🫀 扫描心跳 第191轮开始
13:06:26 [INFO] 🫀 扫描心跳 第192轮开始
13:07:03 [INFO] 🫀 扫描心跳 第193轮开始
13:07:27 [INFO] 
📊 护城河防御面板 第193轮
──────────────────────────────────────────────────────────────────────
科泰电源(300153)       21.46     21.70    2.8%   多101/空45  停手:价格低于均价，14:30前禁止买入
中文在线(300364)       23.02     23.31    3.9%    多95/空37  停手:价格低于均价，14:30前禁止买入
鼎龙股份(300054)       78.14     79.61    7.4%    多45/空60  停手:价格低于均价，14:30前禁止买入
科创半导体ETF华夏(588170)    1.13      1.15    9.4%    多45/空29  停手:价格低于均价，14:30前禁止买入
中国巨石(600176)       53.71     54.44    4.2%   多103/空-9  停手:价格低于均价，14:30前禁止买入
双良节能(600481)        4.14      4.16    2.7%    多96/空55  停手:价格低于均价，14:30前禁止买入
五洲新春(603667)       59.40     59.40    4.9%    多45/空-5  可T观察    
华工科技(000988)      149.38    151.52    3.4%    多94/空52  停手:价格低于均价，14:30前禁止买入
13:07:42 [INFO] 🫀 扫描心跳 第194轮开始
13:08:18 [INFO] 🫀 扫描心跳 第195轮开始
13:08:53 [INFO] 🫀 扫描心跳 第196轮开始
13:09:30 [INFO] 🫀 扫描心跳 第197轮开始
13:09:36 [INFO] ✅ 飞书消息已成功送达: 中文在线(300364) BUY_LOW - 加急通知已发送
13:09:38 [INFO] 🔔 已触发急促报警
13:09:56 [INFO] 
📊 护城河防御面板 第197轮
──────────────────────────────────────────────────────────────────────
科泰电源(300153)       21.39     21.69    3.2%   多103/空45  停手:价格低于均价，14:30前禁止买入
中文在线(300364)       22.96     23.30    3.9%   多139/空37  停手:价格低于均价，14:30前禁止买入|BUY_LOW
鼎龙股份(300054)       77.98     79.55    7.7%    多45/空46  停手:价格低于均价，14:30前禁止买入
科创半导体ETF华夏(588170)    1.13      1.15    9.4%    多45/空29  停手:价格低于均价，14:30前禁止买入
中国巨石(600176)       53.71     54.44    4.2%   多103/空-9  停手:价格低于均价，14:30前禁止买入
双良节能(600481)        4.14      4.16    2.7%    多96/空55  停手:价格低于均价，14:30前禁止买入
五洲新春(603667)       59.40     59.40    4.9%    多45/空-5  可T观察    
华工科技(000988)      149.38    151.52    3.4%    多94/空52  停手:价格低于均价，14:30前禁止买入
13:10:11 [INFO] 🫀 扫描心跳 第198轮开始
13:10:48 [INFO] 🫀 扫描心跳 第199轮开始
13:11:26 [INFO] 🫀 扫描心跳 第200轮开始
13:12:02 [INFO] 🫀 扫描心跳 第201轮开始
13:12:25 [INFO] 
📊 护城河防御面板 第201轮
──────────────────────────────────────────────────────────────────────
科泰电源(300153)       21.39     21.69    3.2%   多103/空45  停手:价格低于均价，14:30前禁止买入
中文在线(300364)       22.96     23.30    3.9%   多121/空37  停手:价格低于均价，14:30前禁止买入
鼎龙股份(300054)       77.98     79.55    7.7%    多45/空46  停手:价格低于均价，14:30前禁止买入
科创半导体ETF华夏(588170)    1.12      1.15    9.8%    多45/空25  停手:价格低于均价，14:30前禁止买入
中国巨石(600176)       53.48     54.41    4.6%   多105/空10  停手:价格低于均价，14:30前禁止买入
双良节能(600481)        4.13      4.16    2.7%    多96/空55  停手:价格低于均价，14:30前禁止买入
五洲新春(603667)       59.21     59.39    4.9%    多73/空-1  停手:价格低于均价，14:30前禁止买入
华工科技(000988)      148.92    151.43    3.7%   多120/空52  停手:价格低于均价，14:30前禁止买入
13:12:40 [INFO] 🫀 扫描心跳 第202轮开始
13:13:16 [INFO] 🫀 扫描心跳 第203轮开始
13:13:43 [INFO] ✅ 飞书消息已成功送达: 五洲新春(603667) BUY_LOW - 加急通知已发送
13:13:44 [INFO] 🔔 已触发急促报警
13:14:03 [INFO] 🫀 扫描心跳 第204轮开始
13:14:40 [INFO] 🫀 扫描心跳 第205轮开始
13:15:00 [INFO] 
📊 护城河防御面板 第205轮
──────────────────────────────────────────────────────────────────────
科泰电源(300153)       21.34     21.67    3.5%   多128/空45  停手:价格低于均价，14:30前禁止买入
中文在线(300364)       22.88     23.28    3.9%   多113/空37  停手:价格低于均价，14:30前禁止买入
鼎龙股份(300054)       77.45     79.48    8.3%    多45/空50  停手:价格低于均价，14:30前禁止买入
科创半导体ETF华夏(588170)    1.12      1.15    9.8%    多45/空40  停手:价格低于均价，14:30前禁止买入
中国巨石(600176)       53.42     54.37    4.9%   多107/空-9  停手:价格低于均价，14:30前禁止买入
双良节能(600481)        4.13      4.16    2.7%    多90/空36  停手:价格低于均价，14:30前禁止买入
五洲新春(603667)       59.06     59.38    4.9%    多77/空-1  停手:价格低于均价，14:30前禁止买入
华工科技(000988)      148.27    151.34    4.1%   多110/空52  停手:价格低于均价，14:30前禁止买入
13:15:15 [INFO] 🫀 扫描心跳 第206轮开始
13:15:51 [INFO] 🫀 扫描心跳 第207轮开始
13:16:27 [INFO] 🫀 扫描心跳 第208轮开始
13:17:07 [INFO] 🫀 扫描心跳 第209轮开始
13:17:28 [INFO] 
📊 护城河防御面板 第209轮
──────────────────────────────────────────────────────────────────────
科泰电源(300153)       21.39     21.66    3.5%    多89/空26  停手:价格低于均价，14:30前禁止买入
中文在线(300364)       22.89     23.27    3.9%   多111/空33  停手:价格低于均价，14:30前禁止买入
鼎龙股份(300054)       77.95     79.42    8.4%    多45/空31  停手:价格低于均价，14:30前禁止买入
科创半导体ETF华夏(588170)    1.13      1.15    9.8%    多45/空40  停手:价格低于均价，14:30前禁止买入
中国巨石(600176)       53.85     54.35    4.9%     多64/空6  停手:价格低于均价，14:30前禁止买入
双良节能(600481)        4.13      4.16    2.7%    多71/空36  停手:价格低于均价，14:30前禁止买入
五洲新春(603667)       59.41     59.38    4.9%    多-6/空-5  停手:无可卖仓且买点不强
华工科技(000988)      148.70    151.24    4.3%    多99/空33  停手:价格低于均价，14:30前禁止买入
13:17:43 [INFO] 🫀 扫描心跳 第210轮开始
13:18:19 [INFO] 🫀 扫描心跳 第211轮开始
13:18:56 [INFO] 🫀 扫描心跳 第212轮开始
13:19:33 [INFO] 🫀 扫描心跳 第213轮开始
13:20:00 [INFO] 
📊 护城河防御面板 第213轮
──────────────────────────────────────────────────────────────────────
科泰电源(300153)       21.47     21.66    3.5%    多19/空43  停手:无可卖仓且买点不强
中文在线(300364)       22.93     23.26    3.9%    多93/空18  停手:价格低于均价，14:30前禁止买入
鼎龙股份(300054)       78.37     79.38    8.4%    多45/空16  停手:价格低于均价，14:30前禁止买入
科创半导体ETF华夏(588170)    1.14      1.15    9.8%    多45/空52  停手:价格低于均价，14:30前禁止买入
中国巨石(600176)       54.05     54.34    4.9%    多49/空18  停手:价格低于均价，14:30前禁止买入
双良节能(600481)        4.15      4.16    2.7%    多39/空43  停手:无可卖仓且买点不强
五洲新春(603667)       59.30     59.37    4.9%   多27/空-20  停手:无可卖仓且买点不强
华工科技(000988)      149.49    151.18    4.3%    多49/空48  停手:价格低于均价，14:30前禁止买入
13:20:15 [INFO] 🫀 扫描心跳 第214轮开始
13:20:59 [INFO] 🫀 扫描心跳 第215轮开始
13:21:35 [INFO] 🫀 扫描心跳 第216轮开始
13:22:17 [INFO] 🫀 扫描心跳 第217轮开始
13:22:45 [INFO] 
📊 护城河防御面板 第217轮
──────────────────────────────────────────────────────────────────────
科泰电源(300153)       21.45     21.65    3.5%    多15/空53  停手:无可卖仓且买点不强
中文在线(300364)       22.90     23.25    3.9%    多45/空53  停手:价格低于均价，14:30前禁止买入
鼎龙股份(300054)       78.29     79.35    8.4%    多44/空30  停手:价格低于均价，14:30前禁止买入
科创半导体ETF华夏(588170)    1.14      1.15    9.8%    多45/空52  停手:价格低于均价，14:30前禁止买入
中国巨石(600176)       54.05     54.34    4.9%    多49/空18  停手:价格低于均价，14:30前禁止买入
双良节能(600481)        4.15      4.16    2.7%    多39/空43  停手:无可卖仓且买点不强
五洲新春(603667)       59.30     59.37    4.9%   多27/空-20  停手:无可卖仓且买点不强
华工科技(000988)      149.49    151.18    4.3%    多49/空48  停手:价格低于均价，14:30前禁止买入
13:23:00 [INFO] 🫀 扫描心跳 第218轮开始
13:23:39 [INFO] 🫀 扫描心跳 第219轮开始
13:24:14 [INFO] 🫀 扫描心跳 第220轮开始
13:24:50 [INFO] 🫀 扫描心跳 第221轮开始
13:25:10 [INFO] 
📊 护城河防御面板 第221轮
──────────────────────────────────────────────────────────────────────
科泰电源(300153)       21.45     21.65    3.5%    多15/空53  停手:无可卖仓且买点不强
中文在线(300364)       22.90     23.25    3.9%    多45/空53  停手:价格低于均价，14:30前禁止买入
鼎龙股份(300054)       78.29     79.35    8.4%    多44/空30  停手:价格低于均价，14:30前禁止买入
科创半导体ETF华夏(588170)    1.13      1.15    9.8%    多45/空50  停手:价格低于均价，14:30前禁止买入
中国巨石(600176)       53.85     54.32    4.9%     多66/空1  停手:价格低于均价，14:30前禁止买入
双良节能(600481)        4.14      4.16    2.7%    多47/空43  停手:无可卖仓且买点不强
五洲新春(603667)       59.40     59.37    4.9%    多-6/空10  停手:无可卖仓且买点不强
华工科技(000988)      149.02    151.09    4.3%    多33/空68  停手:价格低于均价，14:30前禁止买入
13:25:25 [INFO] 🫀 扫描心跳 第222轮开始
13:26:01 [INFO] 🫀 扫描心跳 第223轮开始
13:26:36 [INFO] 🫀 扫描心跳 第224轮开始
13:26:47 [INFO] 📊 动态份数 588170: 状态=normal 信号强度73/阈值28, 建议交易4000股/份 (40%)
13:26:48 [INFO] ✅ 飞书消息已成功送达: 科创半导体ETF华夏(588170) SELL_HIGH - 加急通知已发送
13:26:50 [INFO] 🔔 已触发急促报警
13:27:17 [INFO] 🫀 扫描心跳 第225轮开始
13:27:38 [INFO] 
📊 护城河防御面板 第225轮
──────────────────────────────────────────────────────────────────────
科泰电源(300153)       21.59     21.64    3.5%     多8/空55  停手:无可卖仓且买点不强
中文在线(300364)       22.99     23.24    3.9%    多35/空40  停手:价格低于均价，14:30前禁止买入
鼎龙股份(300054)       79.40     79.34    8.4%    多-8/空51  停手:无可卖仓且买点不强
科创半导体ETF华夏(588170)    1.15      1.15    9.8%     多5/空55  停手:ETF波动不足
中国巨石(600176)       54.16     54.31    4.9%     多41/空3  停手:无可卖仓且买点不强
双良节能(600481)        4.14      4.16    2.7%    多47/空38  停手:无可卖仓且买点不强
五洲新春(603667)       59.50     59.38    4.9%    多-6/空20  停手:无可卖仓且买点不强
华工科技(000988)      150.15    151.06    4.3%    多10/空40  停手:无可卖仓且买点不强
13:27:53 [INFO] 🫀 扫描心跳 第226轮开始
13:28:34 [INFO] 🫀 扫描心跳 第227轮开始
13:29:22 [INFO] 🫀 扫描心跳 第228轮开始
13:29:59 [INFO] 🫀 扫描心跳 第229轮开始
13:30:25 [INFO] 
📊 护城河防御面板 第229轮
──────────────────────────────────────────────────────────────────────
科泰电源(300153)       21.66     21.64    3.5%   多-12/空83  停手:无可卖仓且买点不强
中文在线(300364)       23.00     23.23    3.9%    多45/空55  停手:价格低于均价，14:30前禁止买入
鼎龙股份(300054)       79.46     79.34    8.4%   多-18/空61  停手:无可卖仓且买点不强
科创半导体ETF华夏(588170)    1.15      1.15    9.8%    多13/空40  停手:买卖都不够强
中国巨石(600176)       54.19     54.30    4.9%    多36/空18  停手:无可卖仓且买点不强
双良节能(600481)        4.15      4.16    2.7%    多42/空40  停手:无可卖仓且买点不强
五洲新春(603667)       59.50     59.38    4.9%    多-6/空10  停手:无可卖仓且买点不强
华工科技(000988)      150.98    151.04    4.3%     多8/空68  停手:无可卖仓且买点不强
13:30:40 [INFO] 🫀 扫描心跳 第230轮开始
13:31:34 [INFO] 🫀 扫描心跳 第231轮开始
13:32:10 [INFO] 🫀 扫描心跳 第232轮开始
13:32:47 [INFO] 🫀 扫描心跳 第233轮开始
13:33:10 [INFO] 
📊 护城河防御面板 第233轮
──────────────────────────────────────────────────────────────────────
科泰电源(300153)       21.62     21.64    3.5%     多4/空53  停手:无可卖仓且买点不强
中文在线(300364)       23.01     23.22    3.9%    多26/空92  停手:无可卖仓且买点不强
鼎龙股份(300054)       79.43     79.35    8.4%   多-10/空49  停手:无可卖仓且买点不强
科创半导体ETF华夏(588170)    1.15      1.15    9.8%    多11/空20  停手:买卖都不够强
中国巨石(600176)       54.19     54.30    4.9%    多36/空18  停手:无可卖仓且买点不强
双良节能(600481)        4.15      4.16    2.7%    多42/空40  停手:无可卖仓且买点不强
五洲新春(603667)       59.50     59.38    4.9%    多-6/空10  停手:无可卖仓且买点不强
华工科技(000988)      150.98    151.04    4.3%     多8/空68  停手:无可卖仓且买点不强
13:33:25 [INFO] 🫀 扫描心跳 第234轮开始
13:34:01 [INFO] 🫀 扫描心跳 第235轮开始
13:34:37 [INFO] 🫀 扫描心跳 第236轮开始
13:35:12 [INFO] 🫀 扫描心跳 第237轮开始
13:35:34 [INFO] 
📊 护城河防御面板 第237轮
──────────────────────────────────────────────────────────────────────
科泰电源(300153)       21.55     21.64    3.5%    多27/空47  停手:无可卖仓且买点不强
中文在线(300364)       22.93     23.21    3.9%    多32/空89  停手:价格低于均价，14:30前禁止买入
鼎龙股份(300054)       79.02     79.34    8.4%     多0/空16  停手:无可卖仓且买点不强
科创半导体ETF华夏(588170)    1.15      1.15    9.8%     多1/空33  停手:买卖都不够强
中国巨石(600176)       54.13     54.29    4.9%    多36/空-9  停手:无可卖仓且买点不强
双良节能(600481)        4.13      4.16    2.7%    多63/空65  停手:价格低于均价，14:30前禁止买入
五洲新春(603667)       59.40     59.38    4.9%    多-8/空24  停手:无可卖仓且买点不强
华工科技(000988)      150.02    151.02    4.3%    多16/空53  停手:无可卖仓且买点不强
13:35:49 [INFO] 🫀 扫描心跳 第238轮开始
13:36:26 [INFO] 🫀 扫描心跳 第239轮开始
13:37:04 [INFO] 🫀 扫描心跳 第240轮开始
13:37:39 [INFO] 🫀 扫描心跳 第241轮开始
13:38:01 [INFO] 
📊 护城河防御面板 第241轮
──────────────────────────────────────────────────────────────────────
科泰电源(300153)       21.55     21.64    3.5%    多27/空47  停手:无可卖仓且买点不强
中文在线(300364)       22.93     23.21    3.9%    多32/空89  停手:价格低于均价，14:30前禁止买入
鼎龙股份(300054)       79.02     79.34    8.4%     多0/空16  停手:无可卖仓且买点不强
科创半导体ETF华夏(588170)    1.15      1.15    9.8%     多45/空8  停手:价格低于均价，14:30前禁止买入
中国巨石(600176)       53.97     54.28    4.9%    多65/空10  停手:价格低于均价，14:30前禁止买入
双良节能(600481)        4.13      4.16    2.7%    多79/空55  停手:价格低于均价，14:30前禁止买入
五洲新春(603667)       59.33     59.38    4.9%   多30/空-16  停手:价格低于均价，14:30前禁止买入
华工科技(000988)      149.88    150.99    4.3%    多45/空47  停手:价格低于均价，14:30前禁止买入
13:38:16 [INFO] 🫀 扫描心跳 第242轮开始
13:38:52 [INFO] 🫀 扫描心跳 第243轮开始
13:39:26 [INFO] 🫀 扫描心跳 第244轮开始
13:40:03 [INFO] 🫀 扫描心跳 第245轮开始
13:40:23 [INFO] 
📊 护城河防御面板 第245轮
──────────────────────────────────────────────────────────────────────
科泰电源(300153)       21.53     21.64    3.5%    多41/空55  停手:价格低于均价，14:30前禁止买入
中文在线(300364)       22.94     23.21    3.9%    多39/空77  停手:价格低于均价，14:30前禁止买入
鼎龙股份(300054)       79.20     79.33    8.4%     多40/空5  停手:价格低于均价，14:30前禁止买入
科创半导体ETF华夏(588170)    1.15      1.15    9.8%    多45/空16  停手:价格低于均价，14:30前禁止买入
中国巨石(600176)       53.81     54.27    4.9%    多70/空10  停手:价格低于均价，14:30前禁止买入
双良节能(600481)        4.13      4.16    2.7%    多85/空36  停手:价格低于均价，14:30前禁止买入
五洲新春(603667)       59.31     59.38    4.9%     多38/空7  停手:无可卖仓且买点不强
华工科技(000988)      150.00    150.95    4.3%    多14/空32  停手:无可卖仓且买点不强
13:40:38 [INFO] 🫀 扫描心跳 第246轮开始
13:41:13 [INFO] 🫀 扫描心跳 第247轮开始
13:41:48 [INFO] 🫀 扫描心跳 第248轮开始
13:42:24 [INFO] 🫀 扫描心跳 第249轮开始
13:42:45 [INFO] 
📊 护城河防御面板 第249轮
──────────────────────────────────────────────────────────────────────
科泰电源(300153)       21.54     21.63    3.5%    多24/空32  停手:无可卖仓且买点不强
中文在线(300364)       22.86     23.20    3.9%    多45/空73  停手:价格低于均价，14:30前禁止买入
鼎龙股份(300054)       79.25     79.33    8.4%     多34/空1  停手:价格低于均价，14:30前禁止买入
科创半导体ETF华夏(588170)    1.15      1.15    9.8%    多45/空16  停手:价格低于均价，14:30前禁止买入
中国巨石(600176)       53.81     54.27    4.9%    多70/空10  停手:价格低于均价，14:30前禁止买入
双良节能(600481)        4.13      4.16    2.7%    多85/空36  停手:价格低于均价，14:30前禁止买入
五洲新春(603667)       59.31     59.38    4.9%     多38/空7  停手:无可卖仓且买点不强
华工科技(000988)      150.00    150.95    4.3%    多14/空32  停手:无可卖仓且买点不强
13:43:00 [INFO] 🫀 扫描心跳 第250轮开始
13:43:44 [INFO] 🫀 扫描心跳 第251轮开始
13:44:20 [INFO] 🫀 扫描心跳 第252轮开始
13:44:56 [INFO] 🫀 扫描心跳 第253轮开始
13:45:19 [INFO] 
📊 护城河防御面板 第253轮
──────────────────────────────────────────────────────────────────────
科泰电源(300153)       21.56     21.63    3.5%    多24/空32  停手:无可卖仓且买点不强
中文在线(300364)       22.95     23.19    3.9%    多24/空83  停手:无可卖仓且买点不强
鼎龙股份(300054)       79.37     79.33    8.4%   多-10/空54  停手:无可卖仓且买点不强
科创半导体ETF华夏(588170)    1.16      1.15    9.8%    多-7/空48  停手:买卖都不够强
中国巨石(600176)       54.01     54.26    4.9%    多37/空-9  停手:无可卖仓且买点不强
双良节能(600481)        4.13      4.15    2.7%    多72/空36  停手:价格低于均价，14:30前禁止买入
五洲新春(603667)       59.44     59.38    4.9%    多14/空34  停手:无可卖仓且买点不强
华工科技(000988)      150.66    150.94    4.3%    多-2/空55  停手:无可卖仓且买点不强
13:45:34 [INFO] 🫀 扫描心跳 第254轮开始
13:46:09 [INFO] 🫀 扫描心跳 第255轮开始
13:46:47 [INFO] 🫀 扫描心跳 第256轮开始
13:47:24 [INFO] 🫀 扫描心跳 第257轮开始
13:47:45 [INFO] 
📊 护城河防御面板 第257轮
──────────────────────────────────────────────────────────────────────
科泰电源(300153)       21.56     21.63    3.5%    多24/空32  停手:无可卖仓且买点不强
中文在线(300364)       22.95     23.19    3.9%    多24/空83  停手:无可卖仓且买点不强
鼎龙股份(300054)       79.37     79.33    8.4%   多-10/空54  停手:无可卖仓且买点不强
科创半导体ETF华夏(588170)    1.15      1.15    9.8%     多1/空31  停手:买卖都不够强
中国巨石(600176)       53.66     54.25    4.9%    多61/空10  停手:价格低于均价，14:30前禁止买入
双良节能(600481)        4.12      4.15    2.7%    多72/空55  停手:价格低于均价，14:30前禁止买入
五洲新春(603667)       59.32     59.38    4.9%     多48/空4  停手:价格低于均价，14:30前禁止买入
华工科技(000988)      150.07    150.92    4.3%     多6/空57  停手:无可卖仓且买点不强
13:48:00 [INFO] 🫀 扫描心跳 第258轮开始
13:48:38 [INFO] 🫀 扫描心跳 第259轮开始
13:49:15 [INFO] 🫀 扫描心跳 第260轮开始
13:49:53 [INFO] 🫀 扫描心跳 第261轮开始
13:50:15 [INFO] 
📊 护城河防御面板 第261轮
──────────────────────────────────────────────────────────────────────
科泰电源(300153)       21.50     21.63    3.5%    多45/空55  停手:价格低于均价，14:30前禁止买入
中文在线(300364)       22.84     23.18    3.9%    多45/空82  停手:价格低于均价，14:30前禁止买入
鼎龙股份(300054)       78.66     79.31    8.4%    多22/空20  停手:无可卖仓且买点不强
科创半导体ETF华夏(588170)    1.15      1.15    9.8%    多39/空20  停手:价格低于均价，14:30前禁止买入
中国巨石(600176)       53.48     54.23    4.9%    多83/空10  停手:价格低于均价，14:30前禁止买入
双良节能(600481)        4.12      4.15    2.7%    多94/空55  停手:价格低于均价，14:30前禁止买入
五洲新春(603667)       59.20     59.37    4.9%    多78/空10  停手:价格低于均价，14:30前禁止买入
华工科技(000988)      149.32    150.89    4.3%    多45/空62  停手:价格低于均价，14:30前禁止买入
13:50:30 [INFO] 🫀 扫描心跳 第262轮开始
13:51:06 [INFO] 🫀 扫描心跳 第263轮开始
13:51:43 [INFO] 🫀 扫描心跳 第264轮开始
13:52:20 [INFO] 🫀 扫描心跳 第265轮开始
13:52:44 [INFO] 
📊 护城河防御面板 第265轮
──────────────────────────────────────────────────────────────────────
科泰电源(300153)       21.46     21.62    3.5%    多45/空55  停手:价格低于均价，14:30前禁止买入
中文在线(300364)       22.81     23.17    3.9%    多45/空64  停手:价格低于均价，14:30前禁止买入
鼎龙股份(300054)       78.76     79.30    8.4%     多45/空5  停手:价格低于均价，14:30前禁止买入
科创半导体ETF华夏(588170)    1.14      1.15    9.8%    多45/空20  停手:价格低于均价，14:30前禁止买入
中国巨石(600176)       53.44     54.21    4.9%   多101/空10  停手:价格低于均价，14:30前禁止买入
双良节能(600481)        4.13      4.15    2.7%    多57/空36  停手:价格低于均价，14:30前禁止买入
五洲新春(603667)       59.17     59.37    4.9%    多80/空10  停手:价格低于均价，14:30前禁止买入
华工科技(000988)      149.45    150.86    4.3%    多45/空47  停手:价格低于均价，14:30前禁止买入
13:52:59 [INFO] 🫀 扫描心跳 第266轮开始
13:53:36 [INFO] 🫀 扫描心跳 第267轮开始
13:54:16 [INFO] 🫀 扫描心跳 第268轮开始
13:54:54 [INFO] 🫀 扫描心跳 第269轮开始
13:55:14 [INFO] 
📊 护城河防御面板 第269轮
──────────────────────────────────────────────────────────────────────
科泰电源(300153)       21.45     21.62    3.5%    多45/空36  停手:价格低于均价，14:30前禁止买入
中文在线(300364)       22.74     23.16    4.2%    多45/空82  停手:价格低于均价，14:30前禁止买入
鼎龙股份(300054)       78.74     79.28    8.4%     多45/空1  停手:价格低于均价，14:30前禁止买入
科创半导体ETF华夏(588170)    1.14      1.15    9.8%    多45/空20  停手:价格低于均价，14:30前禁止买入
中国巨石(600176)       53.44     54.21    4.9%   多101/空10  停手:价格低于均价，14:30前禁止买入
双良节能(600481)        4.13      4.15    2.7%    多57/空36  停手:价格低于均价，14:30前禁止买入
五洲新春(603667)       59.17     59.37    4.9%    多80/空10  停手:价格低于均价，14:30前禁止买入
华工科技(000988)      149.45    150.86    4.3%    多45/空47  停手:价格低于均价，14:30前禁止买入
13:55:29 [INFO] 🫀 扫描心跳 第270轮开始
13:56:07 [INFO] 🫀 扫描心跳 第271轮开始
13:56:44 [INFO] 🫀 扫描心跳 第272轮开始
13:57:24 [INFO] 🫀 扫描心跳 第273轮开始
13:57:45 [INFO] 
📊 护城河防御面板 第273轮
──────────────────────────────────────────────────────────────────────
科泰电源(300153)       21.44     21.61    3.5%    多36/空36  停手:价格低于均价，14:30前禁止买入
中文在线(300364)       22.73     23.15    4.2%    多45/空82  停手:价格低于均价，14:30前禁止买入
鼎龙股份(300054)       78.61     79.27    8.4%    多27/空20  停手:无可卖仓且买点不强
科创半导体ETF华夏(588170)    1.14      1.15    9.8%    多45/空20  停手:价格低于均价，14:30前禁止买入
中国巨石(600176)       53.43     54.19    4.9%    多45/空20  停手:价格低于均价，14:30前禁止买入
双良节能(600481)        4.12      4.15    2.7%    多55/空65  停手:价格低于均价，14:30前禁止买入
五洲新春(603667)       59.30     59.36    4.9%     多42/空6  停手:无可卖仓且买点不强
华工科技(000988)      149.37    150.82    4.3%    多20/空47  停手:无可卖仓且买点不强
13:58:00 [INFO] 🫀 扫描心跳 第274轮开始
13:58:35 [INFO] 🫀 扫描心跳 第275轮开始
13:59:11 [INFO] 🫀 扫描心跳 第276轮开始
13:59:46 [INFO] 🫀 扫描心跳 第277轮开始
14:00:05 [INFO] 
📊 护城河防御面板 第277轮
──────────────────────────────────────────────────────────────────────
科泰电源(300153)       21.44     21.61    3.5%    多36/空36  停手:价格低于均价，14:30前禁止买入
中文在线(300364)       22.73     23.15    4.2%    多45/空82  停手:价格低于均价，14:30前禁止买入
鼎龙股份(300054)       78.61     79.27    8.4%    多27/空20  停手:无可卖仓且买点不强
科创半导体ETF华夏(588170)    1.14      1.15    9.8%    多45/空20  停手:价格低于均价，14:30前禁止买入
中国巨石(600176)       53.16     54.17    5.1%    多45/空20  停手:价格低于均价，14:30前禁止买入
双良节能(600481)        4.12      4.15    2.7%    多78/空65  停手:价格低于均价，14:30前禁止买入
五洲新春(603667)       59.17     59.36    4.9%    多52/空20  停手:价格低于均价，14:30前禁止买入
华工科技(000988)      148.95    150.78    4.3%    多45/空62  停手:价格低于均价，14:30前禁止买入
14:00:20 [INFO] 🫀 扫描心跳 第278轮开始
14:00:56 [INFO] 🫀 扫描心跳 第279轮开始
14:01:44 [INFO] 🫀 扫描心跳 第280轮开始
14:02:26 [INFO] 🫀 扫描心跳 第281轮开始
14:02:46 [INFO] 
📊 护城河防御面板 第281轮
──────────────────────────────────────────────────────────────────────
科泰电源(300153)       21.37     21.61    3.5%    多45/空70  停手:价格低于均价，14:30前禁止买入
中文在线(300364)       22.68     23.14    4.6%    多45/空65  停手:价格低于均价，14:30前禁止买入
鼎龙股份(300054)       78.27     79.24    8.4%    多45/空72  停手:价格低于均价，14:30前禁止买入
科创半导体ETF华夏(588170)    1.14      1.15    9.8%    多45/空55  停手:价格低于均价，14:30前禁止买入
中国巨石(600176)       53.09     54.15    5.4%    多45/空35  停手:价格低于均价，14:30前禁止买入
双良节能(600481)        4.11      4.15    2.7%   多116/空70  停手:价格低于均价，14:30前禁止买入
五洲新春(603667)       59.18     59.35    4.9%    多94/空21  停手:价格低于均价，14:30前禁止买入
华工科技(000988)      148.74    150.72    4.3%    多45/空77  停手:价格低于均价，14:30前禁止买入
14:03:01 [INFO] 🫀 扫描心跳 第282轮开始
14:03:37 [INFO] 🫀 扫描心跳 第283轮开始
14:04:12 [INFO] 🫀 扫描心跳 第284轮开始
14:04:49 [INFO] 🫀 扫描心跳 第285轮开始
14:05:11 [INFO] 
📊 护城河防御面板 第285轮
──────────────────────────────────────────────────────────────────────
科泰电源(300153)       21.37     21.60    3.5%    多45/空51  停手:价格低于均价，14:30前禁止买入
中文在线(300364)       22.63     23.12    4.7%    多45/空65  停手:价格低于均价，14:30前禁止买入
鼎龙股份(300054)       78.28     79.21    8.4%    多45/空53  停手:价格低于均价，14:30前禁止买入
科创半导体ETF华夏(588170)    1.14      1.15    9.8%    多45/空55  停手:价格低于均价，14:30前禁止买入
中国巨石(600176)       52.97     54.12    5.5%    多45/空35  停手:价格低于均价，14:30前禁止买入
双良节能(600481)        4.11      4.15    2.7%   多101/空70  停手:价格低于均价，14:30前禁止买入
五洲新春(603667)       59.15     59.35    4.9%    多60/空20  停手:价格低于均价，14:30前禁止买入
华工科技(000988)      148.74    150.72    4.3%    多45/空77  停手:价格低于均价，14:30前禁止买入
14:05:26 [INFO] 🫀 扫描心跳 第286轮开始
14:06:02 [INFO] 🫀 扫描心跳 第287轮开始
14:06:37 [INFO] 🫀 扫描心跳 第288轮开始
14:07:11 [INFO] 🫀 扫描心跳 第289轮开始
14:07:32 [INFO] 
📊 护城河防御面板 第289轮
──────────────────────────────────────────────────────────────────────
科泰电源(300153)       21.37     21.60    3.5%    多45/空51  停手:价格低于均价，14:30前禁止买入
中文在线(300364)       22.63     23.12    4.7%    多45/空65  停手:价格低于均价，14:30前禁止买入
鼎龙股份(300054)       78.28     79.21    8.4%    多45/空53  停手:价格低于均价，14:30前禁止买入
科创半导体ETF华夏(588170)    1.14      1.15    9.8%    多45/空55  停手:价格低于均价，14:30前禁止买入
中国巨石(600176)       52.97     54.12    5.5%    多45/空35  停手:价格低于均价，14:30前禁止买入
双良节能(600481)        4.11      4.15    2.7%   多101/空70  停手:价格低于均价，14:30前禁止买入
五洲新春(603667)       59.15     59.35    4.9%    多60/空20  停手:价格低于均价，14:30前禁止买入
华工科技(000988)      148.68    150.68    4.3%    多45/空77  停手:价格低于均价，14:30前禁止买入
14:07:47 [INFO] 🫀 扫描心跳 第290轮开始
14:08:23 [INFO] 🫀 扫描心跳 第291轮开始
14:09:00 [INFO] 🫀 扫描心跳 第292轮开始
14:09:35 [INFO] 🫀 扫描心跳 第293轮开始
14:09:55 [INFO] 
📊 护城河防御面板 第293轮
──────────────────────────────────────────────────────────────────────
科泰电源(300153)       21.36     21.59    3.5%    多45/空51  停手:价格低于均价，14:30前禁止买入
中文在线(300364)       22.59     23.11    4.9%    多45/空61  停手:价格低于均价，14:30前禁止买入
鼎龙股份(300054)       78.27     79.19    8.4%    多45/空53  停手:价格低于均价，14:30前禁止买入
科创半导体ETF华夏(588170)    1.14      1.15    9.8%    多45/空36  停手:价格低于均价，14:30前禁止买入
中国巨石(600176)       52.93     54.08    5.6%    多45/空31  停手:价格低于均价，14:30前禁止买入
双良节能(600481)        4.11      4.15    2.7%    多45/空61  停手:价格低于均价，14:30前禁止买入
五洲新春(603667)       59.12     59.34    4.9%    多102/空6  停手:价格低于均价，14:30前禁止买入
华工科技(000988)      148.12    150.61    4.3%    多45/空77  停手:价格低于均价，14:30前禁止买入
14:10:10 [INFO] 🫀 扫描心跳 第294轮开始
14:10:46 [INFO] 🫀 扫描心跳 第295轮开始
14:11:21 [INFO] 🫀 扫描心跳 第296轮开始
14:11:57 [INFO] 🫀 扫描心跳 第297轮开始
14:12:19 [INFO] 
📊 护城河防御面板 第297轮
──────────────────────────────────────────────────────────────────────
科泰电源(300153)       21.35     21.59    3.5%    多45/空51  停手:价格低于均价，14:30前禁止买入
中文在线(300364)       22.59     23.09    4.9%    多45/空46  停手:价格低于均价，14:30前禁止买入
鼎龙股份(300054)       78.24     79.16    8.4%    多45/空53  停手:价格低于均价，14:30前禁止买入
科创半导体ETF华夏(588170)    1.14      1.15    9.8%    多88/空33  停手:价格低于均价，14:30前禁止买入
中国巨石(600176)       52.96     54.05    5.8%    多45/空16  停手:价格低于均价，14:30前禁止买入
双良节能(600481)        4.12      4.15    2.7%    多45/空61  停手:价格低于均价，14:30前禁止买入
五洲新春(603667)       59.10     59.33    4.9%     多94/空6  停手:价格低于均价，14:30前禁止买入
华工科技(000988)      148.12    150.61    4.3%    多45/空77  停手:价格低于均价，14:30前禁止买入
14:12:34 [INFO] 🫀 扫描心跳 第298轮开始
14:13:10 [INFO] 🫀 扫描心跳 第299轮开始
14:13:45 [INFO] 🫀 扫描心跳 第300轮开始
14:14:21 [INFO] 🫀 扫描心跳 第301轮开始
14:14:41 [INFO] 
📊 护城河防御面板 第301轮
──────────────────────────────────────────────────────────────────────
科泰电源(300153)       21.35     21.59    3.5%    多45/空51  停手:价格低于均价，14:30前禁止买入
中文在线(300364)       22.59     23.09    4.9%    多45/空46  停手:价格低于均价，14:30前禁止买入
鼎龙股份(300054)       78.24     79.16    8.4%    多45/空53  停手:价格低于均价，14:30前禁止买入
科创半导体ETF华夏(588170)    1.14      1.15    9.8%    多88/空33  停手:价格低于均价，14:30前禁止买入
中国巨石(600176)       52.96     54.05    5.8%    多45/空16  停手:价格低于均价，14:30前禁止买入
双良节能(600481)        4.12      4.15    2.7%    多45/空61  停手:价格低于均价，14:30前禁止买入
五洲新春(603667)       59.10     59.33    4.9%     多94/空6  停手:价格低于均价，14:30前禁止买入
华工科技(000988)      148.36    150.56    4.4%    多45/空58  停手:价格低于均价，14:30前禁止买入
14:14:56 [INFO] 🫀 扫描心跳 第302轮开始
14:15:33 [INFO] 🫀 扫描心跳 第303轮开始
14:16:10 [INFO] 🫀 扫描心跳 第304轮开始
14:16:46 [INFO] 🫀 扫描心跳 第305轮开始
14:17:11 [INFO] 
📊 护城河防御面板 第305轮
──────────────────────────────────────────────────────────────────────
科泰电源(300153)       21.36     21.58    3.5%    多45/空51  停手:价格低于均价，14:30前禁止买入
中文在线(300364)       22.62     23.08    4.9%    多45/空61  停手:价格低于均价，14:30前禁止买入
鼎龙股份(300054)       78.30     79.13    8.4%    多45/空23  停手:价格低于均价，14:30前禁止买入
科创半导体ETF华夏(588170)    1.14      1.15    9.8%    多63/空18  停手:价格低于均价，14:30前禁止买入
中国巨石(600176)       52.99     54.02    5.8%    多45/空16  停手:价格低于均价，14:30前禁止买入
双良节能(600481)        4.11      4.15    2.7%    多45/空61  停手:价格低于均价，14:30前禁止买入
五洲新春(603667)       59.18     59.33    4.9%     多64/空6  停手:价格低于均价，14:30前禁止买入
华工科技(000988)      148.28    150.51    4.4%    多45/空73  停手:价格低于均价，14:30前禁止买入
14:17:26 [INFO] 🫀 扫描心跳 第306轮开始
14:18:01 [INFO] 🫀 扫描心跳 第307轮开始
14:18:37 [INFO] 🫀 扫描心跳 第308轮开始
14:19:13 [INFO] 🫀 扫描心跳 第309轮开始
14:19:33 [INFO] 
📊 护城河防御面板 第309轮
──────────────────────────────────────────────────────────────────────
科泰电源(300153)       21.37     21.58    3.5%    多45/空76  停手:价格低于均价，14:30前禁止买入
中文在线(300364)       22.63     23.07    4.9%    多45/空46  停手:价格低于均价，14:30前禁止买入
鼎龙股份(300054)       78.29     79.11    8.4%    多45/空33  停手:价格低于均价，14:30前禁止买入
科创半导体ETF华夏(588170)    1.14      1.15    9.8%    多79/空47  停手:价格低于均价，14:30前禁止买入
中国巨石(600176)       52.85     54.00    5.8%    多45/空45  停手:价格低于均价，14:30前禁止买入
双良节能(600481)        4.11      4.14    2.7%    多45/空90  停手:价格低于均价，14:30前禁止买入
五洲新春(603667)       59.24     59.33    4.9%    多50/空31  停手:震荡贴均且分差不大
华工科技(000988)      148.24    150.46    4.4%    多45/空83  停手:价格低于均价，14:30前禁止买入
14:19:48 [INFO] 🫀 扫描心跳 第310轮开始
14:20:25 [INFO] 🫀 扫描心跳 第311轮开始
14:21:00 [INFO] 🫀 扫描心跳 第312轮开始
14:21:36 [INFO] 🫀 扫描心跳 第313轮开始
14:22:04 [INFO] 
📊 护城河防御面板 第313轮
──────────────────────────────────────────────────────────────────────
科泰电源(300153)       21.34     21.57    3.5%    多45/空80  停手:价格低于均价，14:30前禁止买入
中文在线(300364)       22.56     23.06    5.0%    多45/空75  停手:价格低于均价，14:30前禁止买入
鼎龙股份(300054)       78.01     79.08    8.4%    多45/空82  停手:价格低于均价，14:30前禁止买入
科创半导体ETF华夏(588170)    1.14      1.15    9.8%   多113/空47  停手:价格低于均价，14:30前禁止买入
中国巨石(600176)       52.77     53.97    5.9%    多45/空45  停手:价格低于均价，14:30前禁止买入
双良节能(600481)        4.11      4.14    2.7%    多45/空86  停手:价格低于均价，14:30前禁止买入
五洲新春(603667)       59.06     59.32    4.9%    多78/空25  停手:价格低于均价，14:30前禁止买入
华工科技(000988)      147.84    150.41    4.4%    多45/空77  停手:价格低于均价，14:30前禁止买入
14:22:19 [INFO] 🫀 扫描心跳 第314轮开始
14:22:56 [INFO] 🫀 扫描心跳 第315轮开始
14:23:35 [INFO] 🫀 扫描心跳 第316轮开始
14:24:16 [INFO] 🫀 扫描心跳 第317轮开始
14:24:40 [INFO] 
📊 护城河防御面板 第317轮
──────────────────────────────────────────────────────────────────────
科泰电源(300153)       21.34     21.57    3.5%    多45/空80  停手:价格低于均价，14:30前禁止买入
中文在线(300364)       22.56     23.06    5.0%    多45/空75  停手:价格低于均价，14:30前禁止买入
鼎龙股份(300054)       78.01     79.08    8.4%    多45/空82  停手:价格低于均价，14:30前禁止买入
科创半导体ETF华夏(588170)    1.14      1.15    9.8%   多113/空47  停手:价格低于均价，14:30前禁止买入
中国巨石(600176)       52.77     53.97    5.9%    多45/空45  停手:价格低于均价，14:30前禁止买入
双良节能(600481)        4.11      4.14    2.7%    多45/空86  停手:价格低于均价，14:30前禁止买入
五洲新春(603667)       59.06     59.32    4.9%    多78/空25  停手:价格低于均价，14:30前禁止买入
华工科技(000988)      147.84    150.41    4.4%    多45/空77  停手:价格低于均价，14:30前禁止买入
14:24:55 [INFO] 🫀 扫描心跳 第318轮开始
14:25:37 [INFO] 🫀 扫描心跳 第319轮开始
14:26:17 [INFO] 🫀 扫描心跳 第320轮开始
14:26:56 [INFO] 🫀 扫描心跳 第321轮开始
14:27:20 [INFO] 
📊 护城河防御面板 第321轮
──────────────────────────────────────────────────────────────────────
科泰电源(300153)       21.34     21.56    3.5%    多45/空65  停手:价格低于均价，14:30前禁止买入
中文在线(300364)       22.66     23.04    5.1%    多45/空61  停手:价格低于均价，14:30前禁止买入
鼎龙股份(300054)       77.88     79.06    8.4%    多45/空72  停手:价格低于均价，14:30前禁止买入
科创半导体ETF华夏(588170)    1.13      1.15    9.8%   多128/空37  停手:价格低于均价，14:30前禁止买入
中国巨石(600176)       52.81     53.94    6.0%    多45/空16  停手:价格低于均价，14:30前禁止买入
双良节能(600481)        4.11      4.14    2.7%    多45/空90  停手:价格低于均价，14:30前禁止买入
五洲新春(603667)       59.10     59.32    4.9%     多80/空6  停手:价格低于均价，14:30前禁止买入
华工科技(000988)      147.27    150.33    5.0%    多45/空77  停手:价格低于均价，14:30前禁止买入
14:27:35 [INFO] 🫀 扫描心跳 第322轮开始
14:28:15 [INFO] 🫀 扫描心跳 第323轮开始
14:29:00 [INFO] 🫀 扫描心跳 第324轮开始
14:29:38 [INFO] 🫀 扫描心跳 第325轮开始
14:30:02 [INFO] 
📊 护城河防御面板 第325轮
──────────────────────────────────────────────────────────────────────
科泰电源(300153)       21.45     21.56    3.5%    多45/空78  停手:价格低于均价，14:30前禁止买入
中文在线(300364)       22.71     23.04    5.1%    多45/空83  停手:价格低于均价，14:30前禁止买入
鼎龙股份(300054)       78.08     79.03    8.4%    多45/空53  停手:价格低于均价，14:30前禁止买入
科创半导体ETF华夏(588170)    1.13      1.15    9.8%    多84/空47  停手:价格低于均价，14:30前禁止买入
中国巨石(600176)       52.98     53.92    6.0%    多45/空16  停手:价格低于均价，14:30前禁止买入
双良节能(600481)        4.13      4.14    2.7%    多35/空73  停手:价格低于均价，14:30前禁止买入
五洲新春(603667)       59.18     59.32    4.9%    多64/空21  停手:价格低于均价，14:30前禁止买入
华工科技(000988)      147.58    150.28    5.0%    多45/空68  停手:价格低于均价，14:30前禁止买入
14:30:17 [INFO] 🫀 扫描心跳 第326轮开始
14:30:57 [INFO] 🫀 扫描心跳 第327轮开始
14:31:39 [INFO] 🫀 扫描心跳 第328轮开始
14:32:36 [INFO] 🫀 扫描心跳 第329轮开始
14:33:01 [INFO] 
📊 护城河防御面板 第329轮
──────────────────────────────────────────────────────────────────────
科泰电源(300153)       21.38     21.56    3.5%    多45/空97  强可T     
中文在线(300364)       22.62     23.03    5.1%    多45/空75  强可T     
鼎龙股份(300054)       77.50     79.00    8.4%   多45/空104  停手:已达当日买入上限2次
科创半导体ETF华夏(588170)    1.12      1.15    9.8%   多122/空37  强可T     
中国巨石(600176)       52.68     53.89    6.1%    多45/空45  停手:已达当日买入上限2次
双良节能(600481)        4.12      4.14    2.7%    多45/空90  强可T     
五洲新春(603667)       58.90     59.31    4.9%    多98/空25  强可T     
华工科技(000988)      147.01    150.20    5.0%   多45/空104  强可T     
14:33:16 [INFO] 🫀 扫描心跳 第330轮开始
14:34:03 [INFO] 🫀 扫描心跳 第331轮开始
14:34:43 [INFO] 🫀 扫描心跳 第332轮开始
14:35:22 [INFO] 🫀 扫描心跳 第333轮开始
14:35:47 [INFO] 
📊 护城河防御面板 第333轮
──────────────────────────────────────────────────────────────────────
科泰电源(300153)       21.41     21.55    3.5%    多12/空74  停手:无可卖仓且买点不强
中文在线(300364)       22.67     23.02    5.1%    多45/空56  可T观察    
鼎龙股份(300054)       77.75     78.97    8.4%    多45/空65  停手:已达当日买入上限2次
科创半导体ETF华夏(588170)    1.13      1.14    9.8%   多139/空18  强可T     
中国巨石(600176)       52.70     53.87    6.1%    多45/空45  停手:已达当日买入上限2次
双良节能(600481)        4.12      4.14    2.7%    多45/空90  强可T     
五洲新春(603667)       58.92     59.30    4.9%    多83/空25  强可T     
华工科技(000988)      146.75    150.13    5.2%   多45/空104  强可T     
14:36:02 [INFO] 🫀 扫描心跳 第334轮开始
14:36:43 [INFO] 🫀 扫描心跳 第335轮开始
14:37:28 [INFO] 🫀 扫描心跳 第336轮开始
14:38:11 [INFO] 🫀 扫描心跳 第337轮开始
14:38:39 [INFO] 
📊 护城河防御面板 第337轮
──────────────────────────────────────────────────────────────────────
科泰电源(300153)       21.43     21.55    3.5%    多36/空78  强可T     
中文在线(300364)       22.69     23.01    5.1%    多45/空46  可T观察    
鼎龙股份(300054)       77.75     78.97    8.4%    多45/空65  停手:已达当日买入上限2次
科创半导体ETF华夏(588170)    1.13      1.14    9.8%   多139/空18  强可T     
中国巨石(600176)       52.70     53.87    6.1%    多45/空45  停手:已达当日买入上限2次
双良节能(600481)        4.12      4.14    2.7%    多45/空90  强可T     
五洲新春(603667)       58.92     59.30    4.9%    多83/空25  强可T     
华工科技(000988)      146.75    150.13    5.2%   多45/空104  强可T     
14:38:54 [INFO] 🫀 扫描心跳 第338轮开始
14:39:42 [INFO] 🫀 扫描心跳 第339轮开始
14:40:27 [INFO] 🫀 扫描心跳 第340轮开始
14:41:15 [INFO] 🫀 扫描心跳 第341轮开始
14:41:44 [INFO] 
📊 护城河防御面板 第341轮
──────────────────────────────────────────────────────────────────────
科泰电源(300153)       21.45     21.55    3.5%    多10/空75  停手:无可卖仓且买点不强
中文在线(300364)       22.75     23.00    5.1%    多45/空76  强可T     
鼎龙股份(300054)       77.81     78.94    8.4%    多45/空65  停手:已达当日买入上限2次
科创半导体ETF华夏(588170)    1.13      1.14    9.8%    多45/空36  可T观察    
中国巨石(600176)       52.78     53.84    6.1%    多45/空16  停手:已达当日买入上限2次
双良节能(600481)        4.13      4.14    2.7%    多35/空61  可T观察    
五洲新春(603667)       59.12     59.30    4.9%     多45/空6  停手:无可卖仓且买点不强
华工科技(000988)      145.95    150.02    5.9%   多45/空104  强可T     
14:41:59 [INFO] 🫀 扫描心跳 第342轮开始
14:42:44 [INFO] 🫀 扫描心跳 第343轮开始
14:43:27 [INFO] 🫀 扫描心跳 第344轮开始
14:44:04 [INFO] 🫀 扫描心跳 第345轮开始
14:44:26 [INFO] 
📊 护城河防御面板 第345轮
──────────────────────────────────────────────────────────────────────
科泰电源(300153)       21.45     21.55    3.5%    多10/空75  停手:无可卖仓且买点不强
中文在线(300364)       22.75     23.00    5.1%    多45/空76  强可T     
鼎龙股份(300054)       77.70     78.91    8.4%    多45/空80  停手:已达当日买入上限2次
科创半导体ETF华夏(588170)    1.12      1.14    9.8%    多45/空51  可T观察    
中国巨石(600176)       52.71     53.81    6.1%    多45/空16  停手:已达当日买入上限2次
双良节能(600481)        4.13      4.14    2.7%    多35/空61  可T观察    
五洲新春(603667)       59.17     59.29    4.9%    多45/空21  停手:无可卖仓且买点不强
华工科技(000988)      145.78    149.94    5.9%   多45/空100  强可T     
14:44:41 [INFO] 🫀 扫描心跳 第346轮开始
14:45:19 [INFO] 🫀 扫描心跳 第347轮开始
14:45:56 [INFO] 🫀 扫描心跳 第348轮开始
14:46:32 [INFO] 🫀 扫描心跳 第349轮开始
14:46:53 [INFO] 
📊 护城河防御面板 第349轮
──────────────────────────────────────────────────────────────────────
科泰电源(300153)       21.50     21.54    3.5%    多11/空87  停手:无可卖仓且买点不强
中文在线(300364)       22.78     23.00    5.1%    多43/空76  强可T     
鼎龙股份(300054)       78.23     78.89    8.4%    多29/空90  停手:已达当日买入上限2次
科创半导体ETF华夏(588170)    1.13      1.14    9.8%    多45/空36  可T观察    
中国巨石(600176)       52.95     53.79    6.1%    多43/空16  停手:已达当日买入上限2次
双良节能(600481)        4.14      4.14    2.7%    多14/空50  停手:无可卖仓且买点不强
五洲新春(603667)       59.39     59.29    4.9%    多24/空31  停手:无可卖仓且买点不强
华工科技(000988)      146.66    149.86    6.1%   多38/空105  强可T     
14:47:08 [INFO] 🫀 扫描心跳 第350轮开始
14:47:44 [INFO] 🫀 扫描心跳 第351轮开始
14:48:21 [INFO] 🫀 扫描心跳 第352轮开始
14:48:59 [INFO] 🫀 扫描心跳 第353轮开始
14:49:21 [INFO] 
📊 护城河防御面板 第353轮
──────────────────────────────────────────────────────────────────────
科泰电源(300153)       21.44     21.54    3.5%    多-4/空74  停手:无可卖仓且买点不强
中文在线(300364)       22.73     22.99    5.1%    多41/空63  可T观察    
鼎龙股份(300054)       77.68     78.86    8.4%    多45/空79  停手:已达当日买入上限2次
科创半导体ETF华夏(588170)    1.12      1.14    9.8%    多45/空50  可T观察    
中国巨石(600176)       52.62     53.77    6.2%    多45/空30  停手:已达当日买入上限2次
双良节能(600481)        4.14      4.14    2.7%    多14/空48  停手:无可卖仓且买点不强
五洲新春(603667)       59.21     59.29    4.9%    多25/空28  停手:无可卖仓且买点不强
华工科技(000988)      145.66    149.79    6.1%    多45/空99  强可T     
14:49:36 [INFO] 🫀 扫描心跳 第354轮开始
14:50:12 [INFO] 🫀 扫描心跳 第355轮开始
14:50:55 [INFO] 🫀 扫描心跳 第356轮开始
14:51:38 [INFO] 🫀 扫描心跳 第357轮开始
14:52:07 [INFO] 
📊 护城河防御面板 第357轮
──────────────────────────────────────────────────────────────────────
科泰电源(300153)       21.44     21.54    3.5%    多16/空49  停手:无可卖仓且买点不强
中文在线(300364)       22.74     22.99    5.1%    多45/空31  可T观察    
鼎龙股份(300054)       77.90     78.84    8.4%    多32/空50  停手:已达当日买入上限2次
科创半导体ETF华夏(588170)    1.12      1.14    9.8%    多45/空31  可T观察    
中国巨石(600176)       52.74     53.75    6.2%     多45/空1  停手:已达当日买入上限2次
双良节能(600481)        4.14      4.14    2.7%    多14/空38  停手:无可卖仓且买点不强
五洲新春(603667)       59.30     59.29    4.9%     多14/空6  停手:无可卖仓且买点不强
华工科技(000988)      145.00    149.67    6.5%    多45/空89  强可T     
14:52:22 [INFO] 🫀 扫描心跳 第358轮开始
14:53:04 [INFO] 🫀 扫描心跳 第359轮开始
14:53:45 [INFO] 🫀 扫描心跳 第360轮开始
14:54:25 [INFO] 🫀 扫描心跳 第361轮开始
14:54:52 [INFO] 
📊 护城河防御面板 第361轮
──────────────────────────────────────────────────────────────────────
科泰电源(300153)       21.46     21.54    3.5%    多-8/空74  停手:无可卖仓且买点不强
中文在线(300364)       22.86     22.98    5.1%    多10/空74  停手:无可卖仓且买点不强
鼎龙股份(300054)       77.90     78.84    8.4%    多32/空50  停手:已达当日买入上限2次
科创半导体ETF华夏(588170)    1.12      1.14    9.8%    多45/空31  可T观察    
中国巨石(600176)       52.74     53.75    6.2%     多45/空1  停手:已达当日买入上限2次
双良节能(600481)        4.14      4.14    2.7%    多14/空38  停手:无可卖仓且买点不强
五洲新春(603667)       59.30     59.29    4.9%     多14/空6  停手:无可卖仓且买点不强
华工科技(000988)      145.00    149.67    6.5%    多45/空89  强可T     
14:55:07 [INFO] 
════════════════════ 【尾盘做T盈亏清算】 ════════════════════
💰 今日预估做T总净利润: 0.00 元

════════════════════ 【动作分类汇总】 ════════════════════
低吸 BUY_LOW=0次/0股 | 加仓 ADD_POS=0次/0股
高抛 SELL_HIGH=0次/0股 | 减仓 PANIC_SELL=0次/0股
════════════════════ 【ETF复盘小结】 ════════════════════
ETF 1票 | 有信号 1
科创半导体ETF华夏(588170) 0/0 | 1.12 | VWAP1.14 | -1.57%
════════════════════ 【普通股复盘小结】 ════════════════════
普通股 7票 | 有信号 7
科泰电源(300153) 0/0 | 21.46 | VWAP21.54 | -0.36%
中文在线(300364) 0/0 | 22.86 | VWAP22.98 | -0.54%
鼎龙股份(300054) 0/0 | 77.90 | VWAP78.84 | -1.20%
中国巨石(600176) 0/0 | 52.74 | VWAP53.75 | -1.88%
双良节能(600481) 0/0 | 4.14 | VWAP4.14 | -0.02%
五洲新春(603667) 0/0 | 59.30 | VWAP59.29 | +0.01%
华工科技(000988) 0/0 | 145.00 | VWAP149.67 | -3.12%
════════════════════ 【误判因子排行】 ════════════════════
买点偏早: 暂无
卖点偏早: 暂无
漏买: 暂无
漏卖: 暂无
════════════════════ 【误判因子细分】 ════════════════════
买点偏早因子: 暂无
卖点偏早因子: 暂无
漏买因子: 暂无
漏卖因子: 暂无
════════════════════ 【四类动作误判因子】 ════════════════════
低吸 BUY_LOW 偏早: 暂无
低吸 BUY_LOW 未占优: 暂无
加仓 ADD_POS 偏早: 暂无
加仓 ADD_POS 未占优: 暂无
高抛 SELL_HIGH 偏早: 暂无
高抛 SELL_HIGH 未占优: 暂无
跳水 PANIC_SELL 偏早: 暂无
跳水 PANIC_SELL 未占优: 暂无
════════════════════ 【策略最高分复盘数据(喂给AI)】 ════════════════════
科泰电源(300153): 多=128 空=116 振=3.52% 偏=-0.36% 买=0/0 卖=0/0
中文在线(300364): 多=139 空=131 振=5.10% 偏=-0.54% 买=0/0 卖=0/0
鼎龙股份(300054): 多=112 空=104 振=8.43% 偏=-1.20% 买=0/0 卖=0/0
科创半导体ETF华夏(588170): 多=139 空=93 振=9.82% 偏=-1.57% 买=0/0 卖=0/0
中国巨石(600176): 多=107 空=98 振=6.21% 偏=-1.88% 买=0/0 卖=0/0
双良节能(600481): 多=116 空=140 振=2.69% 偏=-0.02% 买=0/0 卖=0/0
五洲新春(603667): 多=102 空=81 振=4.98% 偏=+0.01% 买=0/0 卖=0/0
华工科技(000988): 多=124 空=105 振=6.46% 偏=-3.12% 买=0/0 卖=0/0
════════════════════ 【复盘阅读顺序】 ════════════════════
1. sys日志 -> 2. data_quality -> 3. decision_trace
4. shadow_signals -> 5. signal_outcome -> 6. ai_review
════════════════════ 【信号结果追踪汇总】 ════════════════════
正确=0 | 买早=0 | 卖早=0 | 买验证中=0 | 卖验证中=0 | 待定=0
动作分布 BUY_LOW=0 | ADD_POS=0 | SELL_HIGH=0 | PANIC_SELL=0
5分钟胜率=0.0% (0/0) | 15分钟胜率=0.0% (0/0)
一眼摘要：最高频结果=correct(0) | 主要风险=无明显偏差(0) | 影子机会=0
════════════════════════════════════════════════════════════
14:55:07 [WARNING] ⚠️  尾盘复盘飞书推送失败: name 'overview_text' is not defined
14:55:07 [INFO] 🫀 扫描心跳 第362轮开始
14:55:50 [INFO] 🫀 扫描心跳 第363轮开始
14:56:32 [INFO] 🫀 扫描心跳 第364轮开始
14:57:13 [INFO] 🫀 扫描心跳 第365轮开始
14:57:38 [INFO] 
📊 护城河防御面板 第365轮
──────────────────────────────────────────────────────────────────────
科泰电源(300153)       21.46     21.54    3.5%    多-8/空74  停手:无可卖仓且买点不强
中文在线(300364)       22.86     22.98    5.1%    多10/空74  停手:无可卖仓且买点不强
鼎龙股份(300054)       77.96     78.82    8.4%    多30/空79  停手:已达当日买入上限2次
科创半导体ETF华夏(588170)    1.12      1.14    9.8%    多45/空50  可T观察    
中国巨石(600176)       52.80     53.73    6.2%    多45/空30  停手:已达当日买入上限2次
双良节能(600481)        4.14      4.14    2.7%    多29/空38  停手:震荡贴均且分差不大
五洲新春(603667)       59.26     59.29    4.9%    多20/空28  停手:无可卖仓且买点不强
华工科技(000988)      145.38    149.58    6.5%    多45/空70  强可T     
14:57:53 [INFO] 🫀 扫描心跳 第366轮开始
14:58:34 [INFO] 🫀 扫描心跳 第367轮开始
14:59:15 [INFO] 🫀 扫描心跳 第368轮开始
14:59:56 [INFO] 🫀 扫描心跳 第369轮开始
15:00:21 [INFO] 
📊 护城河防御面板 第369轮
──────────────────────────────────────────────────────────────────────
科泰电源(300153)       21.51     21.54    3.5%    多-4/空72  停手:无可卖仓且买点不强
中文在线(300364)       22.87     22.98    5.1%    多10/空79  停手:无可卖仓且买点不强
鼎龙股份(300054)       77.82     78.80    8.4%    多45/空79  停手:已达当日买入上限2次
科创半导体ETF华夏(588170)    1.12      1.14    9.8%    多45/空40  可T观察    
中国巨石(600176)       53.01     53.72    6.2%    多43/空13  停手:已达当日买入上限2次
双良节能(600481)        4.13      4.14    2.7%    多36/空65  强可T     
五洲新春(603667)       59.28     59.29    4.9%     多18/空5  停手:无可卖仓且买点不强
华工科技(000988)      145.32    149.50    6.5%    多45/空85  强可T     
15:00:36 [INFO] ⏸ 非交易时段，进入低频保活
15:10:10 [INFO] 已停止盯盘
