09:05:22 [INFO] 🔄 VIRTUAL_TRADES 日期 2026-07-21 != 今日 2026-07-22，自动重置
09:05:22 [INFO] 🔄 VIRTUAL_TRADES: 无历史记录，全新开始
09:05:32 [WARNING] ⚠️ 个股级决策异常（回退市场级）: float() argument must be a string or a real number, not 'NoneType'
09:05:33 [INFO] ✅ 当日T策略卡已推送: 反T
09:08:43 [INFO] 竞价额Top20：涨0/跌0
评分=50分 → 观察
09:08:43 [INFO] ========= 做T终极护城河防御版 (V1.26 正T/反T模式切换版) 启动 =========
09:08:43 [INFO] 飞书推送: ✓ 已启用
09:08:43 [INFO] 飞书关键词: 做T猎手预警
09:08:43 [INFO] 飞书Webhook: https://open.feishu.cn/open-apis/bot/v2/hook/e8018470-e...
09:08:43 [INFO] 🧹 清理过期分钟线缓存 8 个
09:08:43 [INFO] 🔊 系统报警音效已挂载
09:08:44 [INFO] ✅ 启动自检飞书消息已成功送达
09:08:45 [INFO] 🔔 已触发急促报警
09:08:45 [INFO] ⏱ 采用顺序轮询模式：每轮扫描结束后再等待 15 秒（V1.8 确认型收敛）
09:08:45 [INFO] ⏸ 非交易时段，进入低频保活
09:09:38 [INFO] 已停止盯盘
09:13:39 [INFO] 🔄 VIRTUAL_TRADES 日期 2026-07-21 != 今日 2026-07-22，自动重置
09:13:39 [INFO] 🔄 VIRTUAL_TRADES: 无历史记录，全新开始
09:13:48 [WARNING] ⚠️ 个股级决策异常（回退市场级）: float() argument must be a string or a real number, not 'NoneType'
09:16:50 [INFO] 竞价额Top20：涨0/跌0
评分=50分 → 观察
09:16:50 [INFO] ========= 做T终极护城河防御版 (V1.26 正T/反T模式切换版) 启动 =========
09:16:50 [INFO] 飞书推送: ✓ 已启用
09:16:50 [INFO] 飞书关键词: 做T猎手预警
09:16:50 [INFO] 飞书Webhook: https://open.feishu.cn/open-apis/bot/v2/hook/e8018470-e...
09:16:50 [INFO] 🔊 系统报警音效已挂载
09:16:51 [INFO] ✅ 启动自检飞书消息已成功送达
09:16:52 [INFO] 🔔 已触发急促报警
09:16:52 [INFO] ⏱ 采用顺序轮询模式：每轮扫描结束后再等待 15 秒（V1.8 确认型收敛）
09:16:52 [INFO] ⏸ 非交易时段，进入低频保活
09:23:04 [INFO] 竞价额Top20：涨0/跌0
评分=50分 → 观察
09:23:05 [INFO] ✅ 竞价监控已推送飞书
09:23:05 [INFO] 📡 盘前集合竞价监控已刷新
09:26:16 [INFO] 竞价额Top20：涨11/跌8
评分=58分 → 观察
09:26:17 [INFO] ✅ 早盘竞价分析已推送飞书
09:26:17 [INFO] ✅ 竞价监控已推送飞书
09:26:17 [INFO] 📡 盘前集合竞价监控已刷新
09:26:33 [INFO] ✅ 早盘大盘基调已推送: 横盘震荡 S=-46.6 (mode=morning)
09:26:34 [INFO] ✅ 支撑/压力位已推送飞书
09:26:34 [INFO] 📊 支撑/压力位推送完成 (5 只)
09:30:04 [INFO] 🫀 扫描心跳 第1轮开始
09:30:05 [WARNING] ⚠️ 个股级决策异常（回退市场级）: float() argument must be a string or a real number, not 'NoneType'
09:30:06 [WARNING] ⚠️ 个股级决策异常（回退市场级）: float() argument must be a string or a real number, not 'NoneType'
09:30:07 [WARNING] ⚠️ 个股级决策异常（回退市场级）: float() argument must be a string or a real number, not 'NoneType'
09:30:08 [WARNING] ⚠️ 个股级决策异常（回退市场级）: float() argument must be a string or a real number, not 'NoneType'
09:30:09 [WARNING] ⚠️ 个股级决策异常（回退市场级）: float() argument must be a string or a real number, not 'NoneType'
09:30:09 [INFO] 
📊 护城河防御面板 第1轮
──────────────────────────────────────────────────────────────────────
科创半导体ETF华夏(588170)    1.02      1.02    0.0%      多0/空0  无波待涨    
中国巨石(600176)       42.62     42.73    0.5%      多0/空0  无波待涨    
双良节能(600481)        3.73      3.73    0.0%      多0/空0  无波待涨    
五洲新春(603667)       54.50     54.50    0.0%      多0/空0  无波待涨    
华工科技(000988)      113.87    113.63    0.6%      多0/空0  无波待涨    
09:30:24 [INFO] 🫀 扫描心跳 第2轮开始
09:30:24 [WARNING] ⚠️ 个股级决策异常（回退市场级）: float() argument must be a string or a real number, not 'NoneType'
09:30:25 [WARNING] ⚠️ 个股级决策异常（回退市场级）: float() argument must be a string or a real number, not 'NoneType'
09:30:25 [WARNING] ⚠️ 个股级决策异常（回退市场级）: float() argument must be a string or a real number, not 'NoneType'
09:30:26 [WARNING] ⚠️ 个股级决策异常（回退市场级）: float() argument must be a string or a real number, not 'NoneType'
09:30:26 [WARNING] ⚠️ 个股级决策异常（回退市场级）: float() argument must be a string or a real number, not 'NoneType'
09:30:41 [INFO] 🫀 扫描心跳 第3轮开始
09:30:42 [WARNING] ⚠️ 个股级决策异常（回退市场级）: float() argument must be a string or a real number, not 'NoneType'
09:30:42 [WARNING] ⚠️ 个股级决策异常（回退市场级）: float() argument must be a string or a real number, not 'NoneType'
09:30:43 [WARNING] ⚠️ 个股级决策异常（回退市场级）: float() argument must be a string or a real number, not 'NoneType'
09:30:43 [WARNING] ⚠️ 个股级决策异常（回退市场级）: float() argument must be a string or a real number, not 'NoneType'
09:30:44 [WARNING] ⚠️ 个股级决策异常（回退市场级）: float() argument must be a string or a real number, not 'NoneType'
09:30:59 [INFO] 🫀 扫描心跳 第4轮开始
09:30:59 [WARNING] ⚠️ 个股级决策异常（回退市场级）: float() argument must be a string or a real number, not 'NoneType'
09:31:00 [WARNING] ⚠️ 个股级决策异常（回退市场级）: float() argument must be a string or a real number, not 'NoneType'
09:31:01 [WARNING] ⚠️ 个股级决策异常（回退市场级）: float() argument must be a string or a real number, not 'NoneType'
09:31:01 [WARNING] ⚠️ 个股级决策异常（回退市场级）: float() argument must be a string or a real number, not 'NoneType'
09:31:02 [WARNING] ⚠️ 个股级决策异常（回退市场级）: float() argument must be a string or a real number, not 'NoneType'
09:31:17 [INFO] 🫀 扫描心跳 第5轮开始
09:31:17 [WARNING] ⚠️ 个股级决策异常（回退市场级）: float() argument must be a string or a real number, not 'NoneType'
09:31:18 [WARNING] ⚠️ 个股级决策异常（回退市场级）: float() argument must be a string or a real number, not 'NoneType'
09:31:18 [WARNING] ⚠️ 个股级决策异常（回退市场级）: float() argument must be a string or a real number, not 'NoneType'
09:31:19 [WARNING] ⚠️ 个股级决策异常（回退市场级）: float() argument must be a string or a real number, not 'NoneType'
09:31:19 [WARNING] ⚠️ 个股级决策异常（回退市场级）: float() argument must be a string or a real number, not 'NoneType'
09:31:19 [INFO] 
📊 护城河防御面板 第5轮
──────────────────────────────────────────────────────────────────────
科创半导体ETF华夏(588170)    1.02      1.02    0.0%      多0/空0  无波待涨    
中国巨石(600176)       42.62     42.73    0.5%      多0/空0  无波待涨    
双良节能(600481)        3.73      3.73    0.0%      多0/空0  无波待涨    
五洲新春(603667)       54.50     54.50    0.0%      多0/空0  无波待涨    
华工科技(000988)      113.87    113.63    0.6%      多0/空0  无波待涨    
09:31:34 [INFO] 🫀 扫描心跳 第6轮开始
09:31:35 [WARNING] ⚠️ 个股级决策异常（回退市场级）: float() argument must be a string or a real number, not 'NoneType'
09:31:35 [WARNING] ⚠️ 个股级决策异常（回退市场级）: float() argument must be a string or a real number, not 'NoneType'
09:31:36 [WARNING] ⚠️ 个股级决策异常（回退市场级）: float() argument must be a string or a real number, not 'NoneType'
09:31:37 [WARNING] ⚠️ 个股级决策异常（回退市场级）: float() argument must be a string or a real number, not 'NoneType'
09:31:37 [WARNING] ⚠️ 个股级决策异常（回退市场级）: float() argument must be a string or a real number, not 'NoneType'
09:31:52 [INFO] 🫀 扫描心跳 第7轮开始
09:31:53 [WARNING] ⚠️ 个股级决策异常（回退市场级）: float() argument must be a string or a real number, not 'NoneType'
09:31:53 [WARNING] ⚠️ 个股级决策异常（回退市场级）: float() argument must be a string or a real number, not 'NoneType'
09:31:54 [WARNING] ⚠️ 个股级决策异常（回退市场级）: float() argument must be a string or a real number, not 'NoneType'
09:31:54 [WARNING] ⚠️ 个股级决策异常（回退市场级）: float() argument must be a string or a real number, not 'NoneType'
09:31:55 [WARNING] ⚠️ 个股级决策异常（回退市场级）: float() argument must be a string or a real number, not 'NoneType'
09:32:10 [INFO] 🫀 扫描心跳 第8轮开始
09:32:10 [WARNING] ⚠️ 个股级决策异常（回退市场级）: float() argument must be a string or a real number, not 'NoneType'
09:32:11 [WARNING] ⚠️ 个股级决策异常（回退市场级）: float() argument must be a string or a real number, not 'NoneType'
09:32:12 [WARNING] ⚠️ 个股级决策异常（回退市场级）: float() argument must be a string or a real number, not 'NoneType'
09:32:12 [WARNING] ⚠️ 个股级决策异常（回退市场级）: float() argument must be a string or a real number, not 'NoneType'
09:32:13 [WARNING] ⚠️ 个股级决策异常（回退市场级）: float() argument must be a string or a real number, not 'NoneType'
09:32:28 [INFO] 🫀 扫描心跳 第9轮开始
09:32:28 [WARNING] ⚠️ 个股级决策异常（回退市场级）: float() argument must be a string or a real number, not 'NoneType'
09:32:29 [WARNING] ⚠️ 个股级决策异常（回退市场级）: float() argument must be a string or a real number, not 'NoneType'
09:32:29 [WARNING] ⚠️ 个股级决策异常（回退市场级）: float() argument must be a string or a real number, not 'NoneType'
09:32:30 [WARNING] ⚠️ 个股级决策异常（回退市场级）: float() argument must be a string or a real number, not 'NoneType'
09:32:30 [WARNING] ⚠️ 个股级决策异常（回退市场级）: float() argument must be a string or a real number, not 'NoneType'
09:32:30 [INFO] 
📊 护城河防御面板 第9轮
──────────────────────────────────────────────────────────────────────
科创半导体ETF华夏(588170)    1.02      1.02    0.0%      多0/空0  无波待涨    
中国巨石(600176)       42.62     42.73    0.5%      多0/空0  无波待涨    
双良节能(600481)        3.73      3.73    0.0%      多0/空0  无波待涨    
五洲新春(603667)       54.50     54.50    0.0%      多0/空0  无波待涨    
华工科技(000988)      113.87    113.63    0.6%      多0/空0  无波待涨    
09:32:45 [INFO] 🫀 扫描心跳 第10轮开始
09:32:46 [WARNING] ⚠️ 个股级决策异常（回退市场级）: float() argument must be a string or a real number, not 'NoneType'
09:32:46 [WARNING] ⚠️ 个股级决策异常（回退市场级）: float() argument must be a string or a real number, not 'NoneType'
09:32:47 [WARNING] ⚠️ 个股级决策异常（回退市场级）: float() argument must be a string or a real number, not 'NoneType'
09:32:47 [WARNING] ⚠️ 个股级决策异常（回退市场级）: float() argument must be a string or a real number, not 'NoneType'
09:32:48 [WARNING] ⚠️ 个股级决策异常（回退市场级）: float() argument must be a string or a real number, not 'NoneType'
09:33:03 [INFO] 🫀 扫描心跳 第11轮开始
09:33:04 [WARNING] ⚠️ 个股级决策异常（回退市场级）: float() argument must be a string or a real number, not 'NoneType'
09:33:04 [WARNING] ⚠️ 个股级决策异常（回退市场级）: float() argument must be a string or a real number, not 'NoneType'
09:33:05 [WARNING] ⚠️ 个股级决策异常（回退市场级）: float() argument must be a string or a real number, not 'NoneType'
09:33:05 [WARNING] ⚠️ 个股级决策异常（回退市场级）: float() argument must be a string or a real number, not 'NoneType'
09:33:06 [WARNING] ⚠️ 个股级决策异常（回退市场级）: float() argument must be a string or a real number, not 'NoneType'
09:33:21 [INFO] 🫀 扫描心跳 第12轮开始
09:33:22 [WARNING] ⚠️ 个股级决策异常（回退市场级）: float() argument must be a string or a real number, not 'NoneType'
09:33:25 [WARNING] ⚠️ 个股级决策异常（回退市场级）: float() argument must be a string or a real number, not 'NoneType'
09:33:29 [WARNING] ⚠️ 个股级决策异常（回退市场级）: float() argument must be a string or a real number, not 'NoneType'
09:33:32 [INFO] 🎯 600481 市场状态: normal | 综合判断：正常状态
09:33:32 [INFO] 📊 动态份数 600481: 状态=normal 信号强度50/阈值50, 建议交易1400股/份 (100%)
09:33:32 [INFO] 📉 600481 卖出信号得分50分，低于10:00前阈值75分，静默处理（不推送飞书）
09:33:33 [WARNING] ⚠️ 个股级决策异常（回退市场级）: float() argument must be a string or a real number, not 'NoneType'
09:33:36 [WARNING] ⚠️ 个股级决策异常（回退市场级）: float() argument must be a string or a real number, not 'NoneType'
09:33:38 [INFO] 🎯 000988 市场状态: normal | 综合判断：正常状态
09:33:38 [INFO] 📊 动态份数 000988: 状态=normal 信号强度60/阈值52, 建议交易200股/份 (100%)
09:33:38 [INFO] 📉 000988 卖出信号得分60分，低于10:00前阈值75分，静默处理（不推送飞书）
09:33:53 [INFO] 🫀 扫描心跳 第13轮开始
09:33:54 [WARNING] ⚠️ 个股级决策异常（回退市场级）: float() argument must be a string or a real number, not 'NoneType'
09:33:56 [WARNING] ⚠️ 个股级决策异常（回退市场级）: float() argument must be a string or a real number, not 'NoneType'
09:33:59 [WARNING] ⚠️ 个股级决策异常（回退市场级）: float() argument must be a string or a real number, not 'NoneType'
09:34:01 [WARNING] ⚠️ 个股级决策异常（回退市场级）: float() argument must be a string or a real number, not 'NoneType'
09:34:04 [INFO] 🎯 603667 市场状态: normal | 综合判断：正常状态
09:34:04 [INFO] 📊 动态份数 603667: 状态=normal 信号强度65/阈值53, 建议交易200股/份 (50%)
09:34:04 [INFO] 📉 603667 卖出信号得分65分，低于10:00前阈值75分，静默处理（不推送飞书）
09:34:04 [WARNING] ⚠️ 个股级决策异常（回退市场级）: float() argument must be a string or a real number, not 'NoneType'
09:34:07 [INFO] 
📊 护城河防御面板 第13轮
──────────────────────────────────────────────────────────────────────
科创半导体ETF华夏(588170)    1.04      1.04    2.6%   多-37/空36  停手:价格低于均价，14:30前禁止买入
中国巨石(600176)       43.48     43.29    1.5%    多-7/空40  停手:高位但无明确优势
双良节能(600481)        3.74      3.74    0.8% 多-7/空-1012  无波待涨    
五洲新春(603667)       54.58     54.64    0.6%     多1/空65  停手:价格低于均价，14:30前禁止买入|PANIC_SELL
华工科技(000988)      116.36    116.10    3.6% 多-10/空-1012  停手:买卖都不够强
09:34:22 [INFO] 🫀 扫描心跳 第14轮开始
09:34:23 [WARNING] ⚠️ 个股级决策异常（回退市场级）: float() argument must be a string or a real number, not 'NoneType'
09:34:25 [WARNING] ⚠️ 个股级决策异常（回退市场级）: float() argument must be a string or a real number, not 'NoneType'
09:34:28 [WARNING] ⚠️ 个股级决策异常（回退市场级）: float() argument must be a string or a real number, not 'NoneType'
09:34:30 [WARNING] ⚠️ 个股级决策异常（回退市场级）: float() argument must be a string or a real number, not 'NoneType'
09:34:33 [WARNING] ⚠️ 个股级决策异常（回退市场级）: float() argument must be a string or a real number, not 'NoneType'
09:34:50 [INFO] 🫀 扫描心跳 第15轮开始
09:34:50 [WARNING] ⚠️ 个股级决策异常（回退市场级）: float() argument must be a string or a real number, not 'NoneType'
09:34:52 [INFO] 🎯 588170 市场状态: normal | 综合判断：正常状态
09:34:52 [INFO] 📊 动态份数 588170: 状态=normal 信号强度61/阈值38, 建议交易600股/份 (30%)
09:34:52 [INFO] 📉 588170 卖出信号得分61分，低于10:00前阈值75分，静默处理（不推送飞书）
09:34:52 [WARNING] ⚠️ 个股级决策异常（回退市场级）: float() argument must be a string or a real number, not 'NoneType'
09:34:55 [WARNING] ⚠️ 个股级决策异常（回退市场级）: float() argument must be a string or a real number, not 'NoneType'
09:34:57 [WARNING] ⚠️ 个股级决策异常（回退市场级）: float() argument must be a string or a real number, not 'NoneType'
09:34:59 [WARNING] ⚠️ 个股级决策异常（回退市场级）: float() argument must be a string or a real number, not 'NoneType'
09:35:17 [INFO] 🫀 扫描心跳 第16轮开始
09:35:23 [WARNING] ⚠️ 个股级决策异常（回退市场级）: float() argument must be a string or a real number, not 'NoneType'
09:35:25 [WARNING] ⚠️ 个股级决策异常（回退市场级）: float() argument must be a string or a real number, not 'NoneType'
09:35:28 [WARNING] ⚠️ 个股级决策异常（回退市场级）: float() argument must be a string or a real number, not 'NoneType'
09:35:30 [WARNING] ⚠️ 个股级决策异常（回退市场级）: float() argument must be a string or a real number, not 'NoneType'
09:35:33 [WARNING] ⚠️ 个股级决策异常（回退市场级）: float() argument must be a string or a real number, not 'NoneType'
09:35:44 [INFO] 已停止盯盘
09:35:48 [INFO] 🔄 已恢复 VIRTUAL_TRADES: 4 只股票, 4 笔卖出, 0 笔买入
09:41:04 [INFO] 竞价额Top20：涨0/跌0
评分=50分 → 观察
09:41:04 [INFO] ========= 做T终极护城河防御版 (V1.26 正T/反T模式切换版) 启动 =========
09:41:04 [INFO] 飞书推送: ✓ 已启用
09:41:04 [INFO] 飞书关键词: 做T猎手预警
09:41:04 [INFO] 飞书Webhook: https://open.feishu.cn/open-apis/bot/v2/hook/e8018470-e...
09:41:04 [INFO] 🔊 系统报警音效已挂载
09:45:17 [INFO] 竞价额Top20：涨13/跌7
评分=65分 → 进攻
09:45:17 [INFO] ✅ 早盘竞价分析已推送飞书
09:45:18 [INFO] ✅ 启动自检飞书消息已成功送达
09:45:20 [INFO] 🔔 已触发急促报警
09:45:20 [INFO] ⏱ 采用顺序轮询模式：每轮扫描结束后再等待 15 秒（V1.8 确认型收敛）
09:45:20 [INFO] 🫀 扫描心跳 第1轮开始
09:45:55 [INFO] 
📊 护城河防御面板 第1轮
──────────────────────────────────────────────────────────────────────
科创半导体ETF华夏(588170)    1.05      1.05    4.0%    多-11/空5  停手:买卖都不够强
中国巨石(600176)       42.95     42.71    4.0%    多-4/空25  停手:买卖都不够强
双良节能(600481)        3.81      3.78    2.7% 多-18/空-991  停手:买卖都不够强
五洲新春(603667)       54.84     54.50    2.0%     多3/空28  停手:买卖都不够强
华工科技(000988)      117.00    116.37    4.0% 多-22/空-1004  停手:买卖都不够强
09:46:10 [INFO] 🫀 扫描心跳 第2轮开始
09:46:49 [INFO] 🫀 扫描心跳 第3轮开始
09:47:28 [INFO] 🫀 扫描心跳 第4轮开始
09:47:33 [INFO] 🎯 588170 市场状态: normal | 综合判断：正常状态
09:47:33 [INFO] 📊 动态份数 588170: 状态=normal 信号强度42/阈值38, 建议交易200股/份 (10%)
09:47:33 [INFO] 📉 588170 卖出信号得分42分，低于10:00前阈值75分，静默处理（不推送飞书）
09:48:11 [INFO] 🫀 扫描心跳 第5轮开始
09:48:40 [INFO] 已停止盯盘
09:48:45 [INFO] 🔄 已恢复 VIRTUAL_TRADES: 4 只股票, 5 笔卖出, 0 笔买入
09:53:29 [INFO] 竞价额Top20：涨14/跌6
评分=70分 → 进攻
09:53:30 [INFO] ✅ 早盘竞价分析已推送飞书
09:53:30 [INFO] ========= 做T终极护城河防御版 (V1.26 正T/反T模式切换版) 启动 =========
09:53:30 [INFO] 飞书推送: ✓ 已启用
09:53:30 [INFO] 飞书关键词: 做T猎手预警
09:53:30 [INFO] 飞书Webhook: https://open.feishu.cn/open-apis/bot/v2/hook/e8018470-e...
09:53:30 [INFO] 🔊 系统报警音效已挂载
09:53:31 [INFO] ✅ 启动自检飞书消息已成功送达
09:53:32 [INFO] 🔔 已触发急促报警
09:53:32 [INFO] ⏱ 采用顺序轮询模式：每轮扫描结束后再等待 15 秒（V1.8 确认型收敛）
09:53:32 [INFO] 🫀 扫描心跳 第1轮开始
09:53:32 [ERROR] ❌ 盯盘主循环异常: name '_maybe_check_index_intraday_alert' is not defined
Traceback (most recent call last):
  File "E:\06_T\main.py", line 1716, in run_watch
    scan_once()
  File "E:\06_T\main.py", line 786, in scan_once
    _maybe_check_index_intraday_alert(now)         # 09:35-14:55 大盘分时预警（300s 节流）
    ^^^^^^^^^^^^^^^^^^^^^^^^^^^^^^^^^
NameError: name '_maybe_check_index_intraday_alert' is not defined

09:57:54 [INFO] 🔄 已恢复 VIRTUAL_TRADES: 4 只股票, 5 笔卖出, 0 笔买入
10:01:59 [INFO] 竞价额Top20：涨12/跌8
评分=60分 → 观察
10:02:00 [INFO] ✅ 早盘竞价分析已推送飞书
10:02:00 [INFO] ========= 做T终极护城河防御版 (V1.26 正T/反T模式切换版) 启动 =========
10:02:00 [INFO] 飞书推送: ✓ 已启用
10:02:00 [INFO] 飞书关键词: 做T猎手预警
10:02:00 [INFO] 飞书Webhook: https://open.feishu.cn/open-apis/bot/v2/hook/e8018470-e...
10:02:00 [INFO] 🔊 系统报警音效已挂载
10:02:01 [INFO] ✅ 启动自检飞书消息已成功送达
10:02:02 [INFO] 🔔 已触发急促报警
10:02:02 [INFO] ⏱ 采用顺序轮询模式：每轮扫描结束后再等待 15 秒（V1.8 确认型收敛）
10:02:02 [INFO] 🫀 扫描心跳 第1轮开始
10:02:40 [INFO] 
📊 护城河防御面板 第1轮
──────────────────────────────────────────────────────────────────────
科创半导体ETF华夏(588170)    1.05      1.05    4.0%    多31/空28  停手:ETF波动不足
中国巨石(600176)       42.47     42.59    4.0%    多34/空40  停手:价格低于均价，14:30前禁止买入
双良节能(600481)        3.84      3.81    3.5% 多14/空-1004  停手:买卖都不够强
五洲新春(603667)       54.34     54.38    2.0%    多26/空50  停手:价格低于均价，14:30前禁止买入
华工科技(000988)      116.75    116.58    4.0% 多14/空-1004  停手:买卖都不够强
10:02:55 [INFO] 🫀 扫描心跳 第2轮开始
10:03:44 [INFO] 🫀 扫描心跳 第3轮开始
10:04:34 [INFO] 🫀 扫描心跳 第4轮开始
10:05:27 [INFO] 🫀 扫描心跳 第5轮开始
10:05:59 [INFO] 🎯 603667 市场状态: normal | 综合判断：正常状态
10:05:59 [INFO] 🛑 大盘熔断/仓控阻断 603667: defensive / defensive_t
10:05:59 [INFO] 📉 603667 卖出信号得分54分，低于10:00后阈值65分，静默处理（不推送飞书）
10:05:59 [INFO] 🛑 603667 受大盘熔断/仓控阻断，跳过交易记录
10:06:08 [INFO] 
📊 护城河防御面板 第5轮
──────────────────────────────────────────────────────────────────────
科创半导体ETF华夏(588170)    1.04      1.05    4.0%    多46/空17  停手:价格低于均价，14:30前禁止买入
中国巨石(600176)       42.08     42.52    4.0%    多19/空44  停手:价格低于均价，14:30前禁止买入
双良节能(600481)        3.83      3.81    3.5% 多-2/空-1004  停手:买卖都不够强
五洲新春(603667)       54.23     54.36    2.0%    多10/空54  停手:价格低于均价，14:30前禁止买入|PANIC_SELL
华工科技(000988)      115.88    116.52    4.0% 多26/空-1004  停手:买卖都不够强
10:06:23 [INFO] 🫀 扫描心跳 第6轮开始
10:07:10 [INFO] 🫀 扫描心跳 第7轮开始
10:08:16 [INFO] 🫀 扫描心跳 第8轮开始
10:09:04 [INFO] 🫀 扫描心跳 第9轮开始
10:09:41 [INFO] 
📊 护城河防御面板 第9轮
──────────────────────────────────────────────────────────────────────
科创半导体ETF华夏(588170)    1.03      1.04    4.0%    多63/空17  停手:价格低于均价，14:30前禁止买入
中国巨石(600176)       41.91     42.45    4.0%    多50/空44  停手:价格低于均价，14:30前禁止买入
双良节能(600481)        3.82      3.82    3.5%  多8/空-1004  停手:买卖都不够强
五洲新春(603667)       54.24     54.34    2.0%    多32/空54  停手:价格低于均价，14:30前禁止买入
华工科技(000988)      115.77    116.44    4.0% 多16/空-1004  停手:买卖都不够强
10:09:56 [INFO] 🫀 扫描心跳 第10轮开始
10:10:47 [INFO] 🫀 扫描心跳 第11轮开始
10:11:41 [INFO] 🫀 扫描心跳 第12轮开始
10:12:29 [INFO] 🫀 扫描心跳 第13轮开始
10:13:21 [INFO] 
📊 护城河防御面板 第13轮
──────────────────────────────────────────────────────────────────────
科创半导体ETF华夏(588170)    1.04      1.04    4.0%    多72/空-2  停手:价格低于均价，14:30前禁止买入
中国巨石(600176)       41.58     42.37    4.6%    多54/空44  停手:价格低于均价，14:30前禁止买入
双良节能(600481)        3.81      3.81    3.5% 多46/空-1004  停手:价格低于均价，14:30前禁止买入
五洲新春(603667)       54.09     54.31    2.0%    多57/空44  停手:价格低于均价，14:30前禁止买入
华工科技(000988)      115.95    116.38    4.0% 多31/空-1004  停手:价格低于均价，14:30前禁止买入
10:13:36 [INFO] 🫀 扫描心跳 第14轮开始
10:14:21 [INFO] 🫀 扫描心跳 第15轮开始
10:15:10 [INFO] 🫀 扫描心跳 第16轮开始
10:15:59 [INFO] 🫀 扫描心跳 第17轮开始
10:16:11 [WARNING] ⚠️  个股日线特征获取失败 600176: The read operation timed out
10:16:40 [INFO] 🎯 603667 市场状态: normal | 综合判断：正常状态
10:16:40 [INFO] 🛑 大盘熔断/仓控阻断 603667: defensive / defensive_t
10:16:41 [INFO] ✅ 飞书消息已成功送达: 五洲新春(603667) PANIC_SELL - 加急通知已发送
10:16:43 [INFO] 🔔 已触发急促报警
10:16:43 [INFO] 🛑 603667 受大盘熔断/仓控阻断，跳过交易记录
10:16:51 [INFO] 
📊 护城河防御面板 第17轮
──────────────────────────────────────────────────────────────────────
科创半导体ETF华夏(588170)    1.05      1.04    4.0%    多15/空28  停手:买卖都不够强
中国巨石(600176)       41.88     42.28    4.8%    多58/空25  停手:价格低于均价，14:30前禁止买入
双良节能(600481)        3.81      3.81    3.5% 多52/空-1004  停手:价格低于均价，14:30前禁止买入
五洲新春(603667)       54.53     54.31    2.0%    多22/空67  强可T|PANIC_SELL
华工科技(000988)      117.95    116.44    4.2%   多0/空-991  停手:买卖都不够强
10:17:06 [INFO] 🫀 扫描心跳 第18轮开始
10:17:34 [INFO] 🎯 603667 市场状态: normal | 综合判断：正常状态
10:17:34 [INFO] 🛑 大盘熔断/仓控阻断 603667: defensive / defensive_t
10:17:35 [INFO] ✅ 飞书消息已成功送达: 五洲新春(603667) PANIC_SELL - 加急通知已发送
10:17:36 [INFO] 🔔 已触发急促报警
10:17:36 [INFO] 🛑 603667 受大盘熔断/仓控阻断，跳过交易记录
10:17:58 [INFO] 🫀 扫描心跳 第19轮开始
10:18:31 [INFO] 🎯 603667 市场状态: normal | 综合判断：正常状态
10:18:31 [INFO] 🛑 大盘熔断/仓控阻断 603667: defensive / defensive_t
10:18:32 [INFO] ✅ 飞书消息已成功送达: 五洲新春(603667) PANIC_SELL - 加急通知已发送
10:18:33 [INFO] 🔔 已触发急促报警
10:18:33 [INFO] 🛑 603667 受大盘熔断/仓控阻断，跳过交易记录
10:18:55 [INFO] 🫀 扫描心跳 第20轮开始
10:19:02 [INFO] 🎯 588170 市场状态: normal | 综合判断：正常状态
10:19:02 [INFO] 📊 动态份数 588170: 状态=normal 信号强度40/阈值38, 建议交易100股/份 (5%)
10:19:02 [INFO] 📉 588170 卖出信号得分40分，低于10:00后阈值65分，静默处理（不推送飞书）
10:19:47 [INFO] 🫀 扫描心跳 第21轮开始
10:20:25 [INFO] 
📊 护城河防御面板 第21轮
──────────────────────────────────────────────────────────────────────
科创半导体ETF华夏(588170)    1.06      1.05    4.0%     多5/空22  停手:买卖都不够强
中国巨石(600176)       42.18     42.27    4.8%    多40/空40  停手:价格低于均价，14:30前禁止买入
双良节能(600481)        3.80      3.81    3.5% 多33/空-1004  停手:价格低于均价，14:30前禁止买入
五洲新春(603667)       54.54     54.33    2.0%    多22/空67  停手:当日轮次已满
华工科技(000988)      117.53    116.55    4.1%  多0/空-1004  停手:买卖都不够强
10:20:40 [INFO] 🫀 扫描心跳 第22轮开始
10:21:48 [INFO] 🫀 扫描心跳 第23轮开始
10:22:39 [INFO] 🫀 扫描心跳 第24轮开始
10:23:28 [INFO] 🫀 扫描心跳 第25轮开始
10:23:55 [WARNING] ⚠️  个股日线特征获取失败 603667: <urlopen error [SSL: UNEXPECTED_EOF_WHILE_READING] EOF occurred in violation of 
10:24:14 [INFO] 
📊 护城河防御面板 第25轮
──────────────────────────────────────────────────────────────────────
科创半导体ETF华夏(588170)    1.06      1.05    4.0%     多3/空75  强可T     
中国巨石(600176)       42.27     42.28    4.8%    多38/空50  停手:价格低于均价，14:30前禁止买入
双良节能(600481)        3.80      3.81    3.5% 多15/空-1004  停手:买卖都不够强
五洲新春(603667)       54.62     54.36    2.0%    多16/空77  停手:当日轮次已满
华工科技(000988)      117.79    116.70    4.7% 多-2/空-1004  停手:买卖都不够强
10:24:29 [INFO] 🫀 扫描心跳 第26轮开始
10:25:31 [INFO] 🫀 扫描心跳 第27轮开始
10:26:19 [INFO] 🫀 扫描心跳 第28轮开始
10:27:12 [INFO] 🫀 扫描心跳 第29轮开始
10:27:20 [INFO] 🎯 588170 市场状态: normal | 综合判断：正常状态
10:27:20 [INFO] 📊 动态份数 588170: 状态=normal 信号强度75/阈值38, 建议交易200股/份 (10%)
10:27:21 [INFO] ✅ 飞书消息已成功送达: 科创半导体ETF华夏(588170) SELL_HIGH - 加急通知已发送
10:27:22 [INFO] 🔔 已触发急促报警
10:27:30 [INFO] 🎯 600176 市场状态: normal | 综合判断：正常状态
10:27:30 [INFO] 📊 动态份数 600176: 状态=normal 信号强度54/阈值50, 建议交易300股/份 (100%)
10:27:30 [INFO] 📉 600176 卖出信号得分54分，低于10:00后阈值65分，静默处理（不推送飞书）
10:27:52 [INFO] 
📊 护城河防御面板 第29轮
──────────────────────────────────────────────────────────────────────
科创半导体ETF华夏(588170)    1.06      1.05    4.0%    多18/空75  强可T|SELL_HIGH
中国巨石(600176)       42.01     42.26    4.8%    多27/空54  停手:价格低于均价，14:30前禁止买入|PANIC_SELL
双良节能(600481)        3.80      3.81    3.5% 多49/空-1004  停手:价格低于均价，14:30前禁止买入
五洲新春(603667)       54.40     54.37    2.0%    多25/空69  停手:当日轮次已满
华工科技(000988)      118.06    116.79    4.7% 多-2/空-1004  停手:买卖都不够强
10:28:07 [INFO] 🫀 扫描心跳 第30轮开始
10:29:01 [INFO] 🫀 扫描心跳 第31轮开始
10:29:58 [INFO] 🫀 扫描心跳 第32轮开始
10:30:57 [INFO] 🫀 扫描心跳 第33轮开始
10:31:36 [INFO] 
📊 护城河防御面板 第33轮
──────────────────────────────────────────────────────────────────────
科创半导体ETF华夏(588170)    1.05      1.05    4.0%     多9/空65  停手:无可卖仓且买点不强
中国巨石(600176)       41.88     42.24    4.8% 多46/空-1012  停手:价格低于均价，14:30前禁止买入
双良节能(600481)        3.80      3.81    3.5% 多68/空-1004  停手:价格低于均价，14:30前禁止买入
五洲新春(603667)       54.35     54.37    2.0%    多81/空44  停手:当日轮次已满
华工科技(000988)      118.19    116.93    5.0%  多4/空-1004  停手:买卖都不够强
10:31:51 [INFO] 🫀 扫描心跳 第34轮开始
10:33:51 [INFO] 🫀 扫描心跳 第35轮开始
10:34:40 [INFO] 🫀 扫描心跳 第36轮开始
10:35:33 [INFO] 🫀 扫描心跳 第37轮开始
10:36:04 [INFO] 
📊 护城河防御面板 第37轮
──────────────────────────────────────────────────────────────────────
科创半导体ETF华夏(588170)    1.04      1.05    4.0%    多50/空28  停手:价格低于均价，14:30前禁止买入
中国巨石(600176)       41.29     42.16    5.5% 多97/空-1007  停手:价格低于均价，14:30前禁止买入
双良节能(600481)        3.80      3.81    3.5% 多57/空-1004  停手:价格低于均价，14:30前禁止买入
五洲新春(603667)       54.09     54.34    2.0%   多106/空44  停手:当日轮次已满
华工科技(000988)      117.50    116.98    5.0% 多-8/空-1004  停手:买卖都不够强
10:36:19 [INFO] 🫀 扫描心跳 第38轮开始
10:37:08 [INFO] 🫀 扫描心跳 第39轮开始
10:37:51 [INFO] 🫀 扫描心跳 第40轮开始
10:38:45 [INFO] 🫀 扫描心跳 第41轮开始
10:39:12 [INFO] 
📊 护城河防御面板 第41轮
──────────────────────────────────────────────────────────────────────
科创半导体ETF华夏(588170)    1.04      1.05    4.0%    多79/空16  停手:价格低于均价，14:30前禁止买入
中国巨石(600176)       41.02     42.09    6.0% 多106/空-1012  停手:价格低于均价，14:30前禁止买入
双良节能(600481)        3.79      3.81    3.5% 多75/空-1004  停手:价格低于均价，14:30前禁止买入
五洲新春(603667)       53.91     54.32    2.2%   多105/空44  停手:当日轮次已满
华工科技(000988)      116.80    116.97    5.0% 多11/空-1004  停手:买卖都不够强
10:39:27 [INFO] 🫀 扫描心跳 第42轮开始
10:40:12 [INFO] 🫀 扫描心跳 第43轮开始
10:41:05 [INFO] 🫀 扫描心跳 第44轮开始
10:41:52 [INFO] 🫀 扫描心跳 第45轮开始
10:42:24 [INFO] 
📊 护城河防御面板 第45轮
──────────────────────────────────────────────────────────────────────
科创半导体ETF华夏(588170)    1.05      1.05    4.0%    多12/空20  停手:无可卖仓且买点不强
中国巨石(600176)       41.00     42.00    6.3% 多90/空-1012  停手:价格低于均价，14:30前禁止买入
双良节能(600481)        3.78      3.81    3.5% 多53/空-1004  停手:价格低于均价，14:30前禁止买入
五洲新春(603667)       53.89     54.29    2.3%   多115/空44  停手:当日轮次已满
华工科技(000988)      116.89    116.97    5.0% 多38/空-1004  停手:价格低于均价，14:30前禁止买入
10:42:39 [INFO] 🫀 扫描心跳 第46轮开始
10:43:10 [WARNING] ⚠️  个股日线特征获取失败 600481: <urlopen error [SSL: UNEXPECTED_EOF_WHILE_READING] EOF occurred in violation of 
10:43:29 [INFO] 🫀 扫描心跳 第47轮开始
10:44:31 [INFO] 🫀 扫描心跳 第48轮开始
10:45:21 [INFO] 🫀 扫描心跳 第49轮开始
10:46:00 [INFO] 
📊 护城河防御面板 第49轮
──────────────────────────────────────────────────────────────────────
科创半导体ETF华夏(588170)    1.04      1.05    4.0%    多82/空24  停手:价格低于均价，14:30前禁止买入
中国巨石(600176)       40.80     41.92    6.9% 多104/空-1012  停手:价格低于均价，14:30前禁止买入
双良节能(600481)        3.77      3.80    3.5% 多76/空-1004  停手:价格低于均价，14:30前禁止买入
五洲新春(603667)       53.70     54.25    3.0%   多106/空40  停手:当日轮次已满
华工科技(000988)      116.38    116.92    5.0% 多35/空-1004  停手:价格低于均价，14:30前禁止买入
10:46:15 [INFO] 🫀 扫描心跳 第50轮开始
10:46:55 [WARNING] ⚠️  个股日线特征获取失败 603667: The read operation timed out
10:47:13 [INFO] 🫀 扫描心跳 第51轮开始
10:48:05 [INFO] 🫀 扫描心跳 第52轮开始
10:48:40 [WARNING] ⚠️  个股日线特征获取失败 000988: The read operation timed out
10:49:13 [INFO] 🫀 扫描心跳 第53轮开始
10:49:47 [INFO] 
📊 护城河防御面板 第53轮
──────────────────────────────────────────────────────────────────────
科创半导体ETF华夏(588170)    1.05      1.05    4.0%    多7/空-10  停手:无可卖仓且买点不强
中国巨石(600176)       40.71     41.82    7.1% 多78/空-1012  停手:价格低于均价，14:30前禁止买入
双良节能(600481)        3.79      3.80    3.5% 多16/空-1004  停手:买卖都不够强
五洲新春(603667)       53.72     54.21    3.0%    多55/空25  停手:当日轮次已满
华工科技(000988)      116.58    116.89    5.0% 多12/空-1004  停手:买卖都不够强
10:50:02 [INFO] 🫀 扫描心跳 第54轮开始
10:50:52 [INFO] 🫀 扫描心跳 第55轮开始
10:51:46 [INFO] 🫀 扫描心跳 第56轮开始
10:52:40 [INFO] 🫀 扫描心跳 第57轮开始
10:52:52 [INFO] 已停止盯盘
10:53:00 [INFO] 🔄 已恢复 VIRTUAL_TRADES: 5 只股票, 8 笔卖出, 0 笔买入
10:58:18 [INFO] 🔄 已恢复 VIRTUAL_TRADES: 4 只股票, 6 笔卖出, 0 笔买入
11:04:38 [INFO] 竞价额Top20：涨13/跌7
评分=65分 → 进攻
11:04:39 [INFO] ✅ 早盘竞价分析已推送飞书
11:04:39 [INFO] ========= 做T终极护城河防御版 (V1.26 正T/反T模式切换版) 启动 =========
11:04:39 [INFO] 飞书推送: ✓ 已启用
11:04:39 [INFO] 飞书关键词: 做T猎手预警
11:04:39 [INFO] 飞书Webhook: https://open.feishu.cn/open-apis/bot/v2/hook/e8018470-e...
11:04:39 [INFO] 🔊 系统报警音效已挂载
11:04:41 [INFO] ✅ 启动自检飞书消息已成功送达
11:04:42 [INFO] 🔔 已触发急促报警
11:04:42 [INFO] ⏱ 采用顺序轮询模式：每轮扫描结束后再等待 15 秒（V1.8 确认型收敛）
11:04:42 [INFO] 🫀 扫描心跳 第1轮开始
11:04:56 [INFO] 🎯 588170 市场状态: normal | 综合判断：正常状态
11:04:56 [INFO] 📊 动态份数 588170: 状态=normal 信号强度71/阈值38, 建议交易100股/份 (5%)
11:04:56 [INFO] ✅ 飞书消息已成功送达: 科创半导体ETF华夏(588170) BUY_LOW - 加急通知已发送
11:04:58 [INFO] 🔔 已触发急促报警
11:05:30 [INFO] 
📊 护城河防御面板 第1轮
──────────────────────────────────────────────────────────────────────
标的                    现价  均价(VWAP)      振幅       多买/空卖评分  状态
科创半导体ETF华夏(588170)    1.04    104.72    4.0%      多71/空-17  停手:价格低于均价，14:30前禁止买入|BUY_LOW
中国巨石(600176)       40.18   4257.02    8.3%      多100/空29  停手:价格低于均价，14:30前禁止买入
双良节能(600481)        3.76    379.04    3.5%    多72/空-1004  停手:价格低于均价，14:30前禁止买入
五洲新春(603667)       53.40   5437.74    3.2%       多75/空29  停手:价格低于均价，14:30前禁止买入
华工科技(000988)      115.93  11625.04    5.0%    多58/空-1004  停手:价格低于均价，14:30前禁止买入
11:05:45 [INFO] 🫀 扫描心跳 第2轮开始
11:06:35 [INFO] 🫀 扫描心跳 第3轮开始
11:07:29 [INFO] 🫀 扫描心跳 第4轮开始
11:08:19 [INFO] 🫀 扫描心跳 第5轮开始
11:09:04 [INFO] 
📊 护城河防御面板 第5轮
──────────────────────────────────────────────────────────────────────
标的                    现价  均价(VWAP)      振幅       多买/空卖评分  状态
科创半导体ETF华夏(588170)    1.04    104.72    4.0%      多66/空-17  停手:价格低于均价，14:30前禁止买入
中国巨石(600176)       40.08   4254.45    8.7%       多71/空25  停手:价格低于均价，14:30前禁止买入
双良节能(600481)        3.76    379.06    3.5%    多74/空-1004  停手:价格低于均价，14:30前禁止买入
五洲新春(603667)       53.44   5437.12    3.3%       多79/空10  停手:价格低于均价，14:30前禁止买入
华工科技(000988)      115.79  11625.80    5.0%    多60/空-1004  停手:价格低于均价，14:30前禁止买入
11:09:19 [INFO] 🫀 扫描心跳 第6轮开始
11:10:09 [INFO] 🫀 扫描心跳 第7轮开始
11:11:00 [INFO] 🫀 扫描心跳 第8轮开始
11:11:55 [INFO] 🫀 扫描心跳 第9轮开始
11:12:01 [INFO] 🎯 588170 市场状态: normal | 综合判断：正常状态
11:12:01 [INFO] 📊 动态份数 588170: 状态=normal 信号强度53/阈值38, 建议交易200股/份 (10%)
11:12:01 [INFO] 📉 588170 卖出信号得分53分，低于10:00后阈值65分，静默处理（不推送飞书）
11:12:42 [INFO] 已停止盯盘
11:12:49 [INFO] 🔄 已恢复 VIRTUAL_TRADES: 4 只股票, 7 笔卖出, 1 笔买入
11:18:42 [INFO] 竞价额Top20：涨14/跌6
评分=70分 → 进攻
11:18:46 [INFO] ✅ 早盘竞价分析已推送飞书
11:18:46 [INFO] ========= 做T终极护城河防御版 (V1.26 正T/反T模式切换版) 启动 =========
11:18:46 [INFO] 飞书推送: ✓ 已启用
11:18:46 [INFO] 飞书关键词: 做T猎手预警
11:18:46 [INFO] 飞书Webhook: https://open.feishu.cn/open-apis/bot/v2/hook/e8018470-e...
11:18:46 [INFO] 🔊 系统报警音效已挂载
11:18:48 [INFO] ✅ 启动自检飞书消息已成功送达
11:18:50 [INFO] 🔔 已触发急促报警
11:18:50 [INFO] ⏱ 采用顺序轮询模式：每轮扫描结束后再等待 15 秒（V1.8 确认型收敛）
11:18:50 [INFO] 🫀 扫描心跳 第1轮开始
11:19:07 [INFO] 🎯 588170 市场状态: normal | 综合判断：正常状态
11:19:07 [INFO] 📊 动态份数 588170: 状态=normal 信号强度59/阈值38, 建议交易100股/份 (5%)
11:19:07 [INFO] 📉 588170 卖出信号得分59分，低于10:00后阈值65分，静默处理（不推送飞书）
11:19:51 [INFO] 
📊 护城河防御面板 第1轮
──────────────────────────────────────────────────────────────────────
标的                    现价  均价(VWAP)      振幅       多买/空卖评分  状态
科创半导体ETF华夏(588170)    1.06      1.05    4.0%       多-4/空59  可T观察|SELL_HIGH
中国巨石(600176)       40.69     42.48    8.7%       多27/空35  停手:价格低于均价，14:30前禁止买入
双良节能(600481)        3.77      3.79    3.5%    多55/空-1004  停手:价格低于均价，14:30前禁止买入
五洲新春(603667)       54.10     54.35    3.3%       多14/空35  停手:价格低于均价，14:30前禁止买入
华工科技(000988)      117.45    116.28    5.0%    多-9/空-1004  停手:买卖都不够强
11:20:06 [INFO] 🫀 扫描心跳 第2轮开始
11:20:58 [INFO] 🫀 扫描心跳 第3轮开始
11:22:01 [INFO] 🫀 扫描心跳 第4轮开始
11:22:06 [INFO] 已停止盯盘
