09:20:58 [INFO] 早盘集合竞价结论：观察
市场评分：45.9 / 100 | 偏向：neutral | 风险：neutral
竞价：强0 / 弱2 / 缺3 | 均分 -18.2
策略结论：主做华工科技(000988)、赛微电子(300456) | 观察特变电工(600089) | 关注暂无 | 回避暂无
1. 主做：华工科技(000988)、赛微电子(300456)、江丰电子(300666)
2. 观察：特变电工(600089)
3. 关注：暂无
4. 回避：暂无
执行顺序：先1后2，再3，最后4
升级条件：若 9:35 后上涨家数回到高于下跌家数，且市场评分回到 55 上方，再把关注升为观察。
开盘后跟踪：开盘后先看分化，优先等 5~15 分钟确认强弱，再决定是否进。
热门关注：安徽凤凰、纬达光电、万达轴承
09:20:59 [INFO] ✅ 集合竞价总览已推送飞书
09:20:59 [INFO] ✅ 集合竞价详细结果已推送飞书
09:21:01 [INFO] 🔔 已触发急促报警
09:21:01 [INFO] ========= 做T终极护城河防御版 (V1.8 确认型收敛版) 启动 =========
09:21:01 [INFO] 飞书推送: ✓ 已启用
09:21:01 [INFO] 飞书关键词: 做T猎手预警
09:21:01 [INFO] 飞书Webhook: https://open.feishu.cn/open-apis/bot/v2/hook/e8018470-e...
09:21:01 [INFO] ══════════════════════════════════════════════════════════════════════
09:21:01 [INFO] 【2026-06-12 加仓策略执行指南】
09:21:01 [INFO]   1️⃣ 中国巨石 600176 — ❌ 不追 (已涨5.62%, 资金不足)
09:21:01 [INFO]   2️⃣ 科创50ETF 588000 — ⚡ 分批加仓 (先加¥15,000)
09:21:01 [INFO]      └─ 第一批: ¥15,000 (约8,200份)
09:21:01 [INFO]      └─ 第二批: ¥15,000 (等待盘中回落)
09:21:01 [INFO]   3️⃣ 中信银行 601998 — ✅ 按计划加 (¥15,000, 约1,900股)
09:21:01 [INFO]   4️⃣ 特变电工 600089 — ⚡ 加仓 (¥25,000, 约1,090股)
09:21:01 [INFO] ══════════════════════════════════════════════════════════════════════
09:21:01 [INFO] 🔊 系统高级报警音效已成功【全自动挂载】！准备执行听声辨位！
09:21:01 [INFO] 🧹 清理过期分钟线缓存 10 个
09:21:02 [INFO] ✅ 启动自检飞书消息已成功送达
09:21:03 [INFO] 🔔 已触发急促报警
09:21:03 [INFO] ⏱ 采用顺序轮询模式：每轮扫描结束后再等待 15 秒（V1.8 确认型收敛）
09:21:28 [INFO] 早盘集合竞价结论：观察
市场评分：45.9 / 100 | 偏向：neutral | 风险：neutral
竞价：强0 / 弱2 / 缺3 | 均分 -18.2
策略结论：主做华工科技(000988)、赛微电子(300456) | 观察特变电工(600089) | 关注暂无 | 回避暂无
1. 主做：华工科技(000988)、赛微电子(300456)、江丰电子(300666)
2. 观察：特变电工(600089)
3. 关注：暂无
4. 回避：暂无
执行顺序：先1后2，再3，最后4
升级条件：若 9:35 后上涨家数回到高于下跌家数，且市场评分回到 55 上方，再把关注升为观察。
开盘后跟踪：开盘后先看分化，优先等 5~15 分钟确认强弱，再决定是否进。
热门关注：安徽凤凰、纬达光电、万达轴承
09:21:28 [INFO] 📡 盘前集合竞价监控已刷新
09:22:30 [INFO] 早盘集合竞价结论：观察
市场评分：45.9 / 100 | 偏向：neutral | 风险：neutral
竞价：强0 / 弱2 / 缺3 | 均分 -18.2
策略结论：主做华工科技(000988)、赛微电子(300456) | 观察特变电工(600089) | 关注暂无 | 回避暂无
1. 主做：华工科技(000988)、赛微电子(300456)、江丰电子(300666)
2. 观察：特变电工(600089)
3. 关注：暂无
4. 回避：暂无
执行顺序：先1后2，再3，最后4
升级条件：若 9:35 后上涨家数回到高于下跌家数，且市场评分回到 55 上方，再把关注升为观察。
开盘后跟踪：开盘后先看分化，优先等 5~15 分钟确认强弱，再决定是否进。
热门关注：安徽凤凰、纬达光电、万达轴承
09:23:11 [INFO] 早盘集合竞价结论：观察
市场评分：45.9 / 100 | 偏向：neutral | 风险：neutral
竞价：强0 / 弱2 / 缺3 | 均分 -18.2
策略结论：主做华工科技(000988)、赛微电子(300456) | 观察特变电工(600089) | 关注暂无 | 回避暂无
1. 主做：华工科技(000988)、赛微电子(300456)、江丰电子(300666)
2. 观察：特变电工(600089)
3. 关注：暂无
4. 回避：暂无
执行顺序：先1后2，再3，最后4
升级条件：若 9:35 后上涨家数回到高于下跌家数，且市场评分回到 55 上方，再把关注升为观察。
开盘后跟踪：开盘后先看分化，优先等 5~15 分钟确认强弱，再决定是否进。
热门关注：安徽凤凰、纬达光电、万达轴承
09:23:12 [INFO] ✅ 集合竞价监控已推送飞书
09:23:50 [INFO] 早盘集合竞价结论：观察
市场评分：45.9 / 100 | 偏向：neutral | 风险：neutral
竞价：强0 / 弱2 / 缺3 | 均分 -18.2
策略结论：主做华工科技(000988)、赛微电子(300456) | 观察特变电工(600089) | 关注暂无 | 回避暂无
1. 主做：华工科技(000988)、赛微电子(300456)、江丰电子(300666)
2. 观察：特变电工(600089)
3. 关注：暂无
4. 回避：暂无
执行顺序：先1后2，再3，最后4
升级条件：若 9:35 后上涨家数回到高于下跌家数，且市场评分回到 55 上方，再把关注升为观察。
开盘后跟踪：开盘后先看分化，优先等 5~15 分钟确认强弱，再决定是否进。
热门关注：安徽凤凰、纬达光电、万达轴承
09:23:50 [INFO] 📡 盘前集合竞价监控已刷新
09:24:56 [INFO] 早盘集合竞价结论：观察
市场评分：45.9 / 100 | 偏向：neutral | 风险：neutral
竞价：强0 / 弱2 / 缺3 | 均分 -18.2
策略结论：主做华工科技(000988)、赛微电子(300456) | 观察特变电工(600089) | 关注暂无 | 回避暂无
1. 主做：华工科技(000988)、赛微电子(300456)、江丰电子(300666)
2. 观察：特变电工(600089)
3. 关注：暂无
4. 回避：暂无
执行顺序：先1后2，再3，最后4
升级条件：若 9:35 后上涨家数回到高于下跌家数，且市场评分回到 55 上方，再把关注升为观察。
开盘后跟踪：开盘后先看分化，优先等 5~15 分钟确认强弱，再决定是否进。
热门关注：安徽凤凰、纬达光电、万达轴承
09:30:11 [INFO] 🫀 扫描心跳 第1轮开始
09:30:16 [INFO] 
📊 护城河防御面板 第1轮
──────────────────────────────────────────────────────────────────────
科创半导体ETF华夏(588170)    1.22      1.21    0.2%      多0/空0  无波待涨    
特变电工(600089)       21.71     21.74    0.3%      多0/空0  无波待涨    
华工科技(000988)      155.51    155.65    0.4%      多0/空0  无波待涨    
拓维信息(002261)       28.96     29.01    0.8%      多0/空0  无波待涨    
陕西斯瑞新材股份(688102)   49.50     49.46    0.3%      多0/空0  无波待涨    
江丰电子(300666)      337.61    337.92    0.4%      多0/空0  无波待涨    
赛微电子(300456)       40.96     40.99    0.6%      多0/空0  无波待涨    
09:30:31 [INFO] 🫀 扫描心跳 第2轮开始
09:30:50 [INFO] 🫀 扫描心跳 第3轮开始
09:31:09 [INFO] 🫀 扫描心跳 第4轮开始
09:31:28 [INFO] 🫀 扫描心跳 第5轮开始
09:31:31 [INFO] 
📊 护城河防御面板 第5轮
──────────────────────────────────────────────────────────────────────
科创半导体ETF华夏(588170)    1.22      1.21    0.2%      多0/空0  无波待涨    
特变电工(600089)       21.71     21.74    0.3%      多0/空0  无波待涨    
华工科技(000988)      155.51    155.65    0.4%      多0/空0  无波待涨    
拓维信息(002261)       28.96     29.01    0.8%      多0/空0  无波待涨    
陕西斯瑞新材股份(688102)   49.50     49.46    0.3%      多0/空0  无波待涨    
江丰电子(300666)      337.61    337.92    0.4%      多0/空0  无波待涨    
赛微电子(300456)       40.96     40.99    0.6%      多0/空0  无波待涨    
09:31:46 [INFO] 🫀 扫描心跳 第6轮开始
09:32:05 [INFO] 🫀 扫描心跳 第7轮开始
09:32:24 [INFO] 🫀 扫描心跳 第8轮开始
09:32:42 [INFO] 🫀 扫描心跳 第9轮开始
09:32:46 [INFO] 
📊 护城河防御面板 第9轮
──────────────────────────────────────────────────────────────────────
科创半导体ETF华夏(588170)    1.22      1.21    0.2%      多0/空0  无波待涨    
特变电工(600089)       21.71     21.74    0.3%      多0/空0  无波待涨    
华工科技(000988)      155.51    155.65    0.4%      多0/空0  无波待涨    
拓维信息(002261)       28.96     29.01    0.8%      多0/空0  无波待涨    
陕西斯瑞新材股份(688102)   49.50     49.46    0.3%      多0/空0  无波待涨    
江丰电子(300666)      337.61    337.92    0.4%      多0/空0  无波待涨    
赛微电子(300456)       40.96     40.99    0.6%      多0/空0  无波待涨    
09:33:01 [INFO] 🫀 扫描心跳 第10轮开始
09:33:20 [INFO] 🫀 扫描心跳 第11轮开始
09:33:40 [INFO] 🫀 扫描心跳 第12轮开始
09:33:58 [INFO] 🫀 扫描心跳 第13轮开始
09:34:02 [INFO] 
📊 护城河防御面板 第13轮
──────────────────────────────────────────────────────────────────────
科创半导体ETF华夏(588170)    1.20      1.21    1.1%      多0/空0  无波待涨    
特变电工(600089)       21.82     21.73    1.0%      多0/空0  无波待涨    
华工科技(000988)      152.72    153.36    2.2%      多0/空0  无信号     
拓维信息(002261)       28.99     28.98    0.8%      多0/空0  无波待涨    
陕西斯瑞新材股份(688102)   48.66     49.18    2.9%      多0/空0  无信号     
江丰电子(300666)      336.57    338.35    1.5%      多0/空0  无信号     
赛微电子(300456)       40.75     40.85    1.9%      多0/空0  无信号     
09:34:17 [INFO] 🫀 扫描心跳 第14轮开始
09:34:36 [INFO] 🫀 扫描心跳 第15轮开始
09:34:54 [INFO] 🫀 扫描心跳 第16轮开始
09:35:13 [INFO] 🫀 扫描心跳 第17轮开始
09:35:17 [INFO] 
📊 护城河防御面板 第17轮
──────────────────────────────────────────────────────────────────────
科创半导体ETF华夏(588170)    1.20      1.21    1.1%      多0/空0  无波待涨    
特变电工(600089)       21.82     21.73    1.0%      多0/空0  无波待涨    
华工科技(000988)      152.72    153.36    2.2%      多0/空0  无信号     
拓维信息(002261)       28.99     28.98    0.8%      多0/空0  无波待涨    
陕西斯瑞新材股份(688102)   48.66     49.18    2.9%      多0/空0  无信号     
江丰电子(300666)      336.57    338.35    1.5%      多0/空0  无信号     
赛微电子(300456)       40.75     40.85    1.9%      多0/空0  无信号     
09:35:32 [INFO] 🫀 扫描心跳 第18轮开始
09:35:50 [INFO] 🫀 扫描心跳 第19轮开始
09:36:09 [INFO] 🫀 扫描心跳 第20轮开始
09:36:28 [INFO] 🫀 扫描心跳 第21轮开始
09:36:33 [INFO] 
📊 护城河防御面板 第21轮
──────────────────────────────────────────────────────────────────────
科创半导体ETF华夏(588170)    1.19      1.20    2.1%      多0/空0  无信号     
特变电工(600089)       21.88     21.85    1.7%      多0/空0  无信号     
华工科技(000988)      150.87    152.16    3.5%      多0/空0  无信号     
拓维信息(002261)       28.81     28.99    1.3%      多0/空0  无波待涨    
陕西斯瑞新材股份(688102)   47.78     48.57    4.8%      多0/空0  无信号     
江丰电子(300666)      330.63    335.02    3.4%      多0/空0  无信号     
赛微电子(300456)       40.30     40.65    2.7%      多0/空0  无信号     
09:36:48 [INFO] 🫀 扫描心跳 第22轮开始
09:37:06 [INFO] 🫀 扫描心跳 第23轮开始
09:37:25 [INFO] 🫀 扫描心跳 第24轮开始
09:37:44 [INFO] 🫀 扫描心跳 第25轮开始
09:37:47 [INFO] 
📊 护城河防御面板 第25轮
──────────────────────────────────────────────────────────────────────
科创半导体ETF华夏(588170)    1.19      1.20    2.1%      多0/空0  无信号     
特变电工(600089)       21.88     21.85    1.7%      多0/空0  无信号     
华工科技(000988)      150.87    152.16    3.5%      多0/空0  无信号     
拓维信息(002261)       28.81     28.99    1.3%      多0/空0  无波待涨    
陕西斯瑞新材股份(688102)   47.78     48.57    4.8%      多0/空0  无信号     
江丰电子(300666)      330.63    335.02    3.4%      多0/空0  无信号     
赛微电子(300456)       40.30     40.65    2.7%      多0/空0  无信号     
09:38:02 [INFO] 🫀 扫描心跳 第26轮开始
09:38:21 [INFO] 🫀 扫描心跳 第27轮开始
09:38:40 [INFO] 🫀 扫描心跳 第28轮开始
09:38:58 [INFO] 🫀 扫描心跳 第29轮开始
09:39:02 [INFO] 
📊 护城河防御面板 第29轮
──────────────────────────────────────────────────────────────────────
科创半导体ETF华夏(588170)    1.19      1.20    2.1%      多0/空0  无信号     
特变电工(600089)       21.88     21.85    1.7%      多0/空0  无信号     
华工科技(000988)      150.87    152.16    3.5%      多0/空0  无信号     
拓维信息(002261)       28.81     28.99    1.3%      多0/空0  无波待涨    
陕西斯瑞新材股份(688102)   47.78     48.57    4.8%      多0/空0  无信号     
江丰电子(300666)      330.63    335.02    3.4%      多0/空0  无信号     
赛微电子(300456)       40.30     40.65    2.7%      多0/空0  无信号     
09:39:17 [INFO] 🫀 扫描心跳 第30轮开始
09:39:36 [INFO] 🫀 扫描心跳 第31轮开始
09:39:56 [INFO] 🫀 扫描心跳 第32轮开始
09:40:14 [INFO] 🫀 扫描心跳 第33轮开始
09:40:18 [INFO] 
📊 护城河防御面板 第33轮
──────────────────────────────────────────────────────────────────────
科创半导体ETF华夏(588170)    1.20      1.20    2.8%      多0/空0  无信号     
特变电工(600089)       21.76     21.81    1.7%      多0/空0  无信号     
华工科技(000988)      151.64    151.54    3.9%      多0/空0  无信号     
拓维信息(002261)       29.02     28.98    1.1%      多0/空0  无波待涨    
陕西斯瑞新材股份(688102)   48.27     48.27    5.1%      多0/空0  无信号     
江丰电子(300666)      335.70    334.31    3.6%      多0/空0  无信号     
赛微电子(300456)       40.64     40.57    2.9%      多0/空0  无信号     
09:40:33 [INFO] 🫀 扫描心跳 第34轮开始
09:40:52 [INFO] 🫀 扫描心跳 第35轮开始
09:41:10 [INFO] 🫀 扫描心跳 第36轮开始
09:41:29 [INFO] 🫀 扫描心跳 第37轮开始
09:41:33 [INFO] 
📊 护城河防御面板 第37轮
──────────────────────────────────────────────────────────────────────
科创半导体ETF华夏(588170)    1.20      1.20    2.8%      多0/空0  无信号     
特变电工(600089)       21.76     21.81    1.7%      多0/空0  无信号     
华工科技(000988)      151.64    151.54    3.9%      多0/空0  无信号     
拓维信息(002261)       29.02     28.98    1.1%      多0/空0  无波待涨    
陕西斯瑞新材股份(688102)   48.27     48.27    5.1%      多0/空0  无信号     
江丰电子(300666)      335.70    334.31    3.6%      多0/空0  无信号     
赛微电子(300456)       40.64     40.57    2.9%      多0/空0  无信号     
09:41:48 [INFO] 🫀 扫描心跳 第38轮开始
09:42:07 [INFO] 🫀 扫描心跳 第39轮开始
09:42:25 [INFO] 🫀 扫描心跳 第40轮开始
09:42:44 [INFO] 🫀 扫描心跳 第41轮开始
09:42:49 [INFO] 
📊 护城河防御面板 第41轮
──────────────────────────────────────────────────────────────────────
科创半导体ETF华夏(588170)    1.20      1.20    2.8%      多0/空0  无信号     
特变电工(600089)       21.80     21.81    1.7%      多0/空0  无信号     
华工科技(000988)      151.88    151.49    3.9%      多0/空0  无信号     
拓维信息(002261)       29.12     28.99    1.1%      多0/空0  无波待涨    
陕西斯瑞新材股份(688102)   46.90     47.69    7.6%      多0/空0  无信号     
江丰电子(300666)      333.31    334.04    3.6%      多0/空0  无信号     
赛微电子(300456)       40.24     40.43    3.1%      多0/空0  无信号     
09:43:04 [INFO] 🫀 扫描心跳 第42轮开始
09:43:23 [INFO] 🫀 扫描心跳 第43轮开始
09:43:42 [INFO] 🫀 扫描心跳 第44轮开始
09:44:00 [INFO] 🫀 扫描心跳 第45轮开始
09:44:04 [INFO] 
📊 护城河防御面板 第45轮
──────────────────────────────────────────────────────────────────────
科创半导体ETF华夏(588170)    1.20      1.20    2.8%      多0/空0  无信号     
特变电工(600089)       21.80     21.81    1.7%      多0/空0  无信号     
华工科技(000988)      151.88    151.49    3.9%      多0/空0  无信号     
拓维信息(002261)       29.12     28.99    1.1%      多0/空0  无波待涨    
陕西斯瑞新材股份(688102)   46.90     47.69    7.6%      多0/空0  无信号     
江丰电子(300666)      333.31    334.04    3.6%      多0/空0  无信号     
赛微电子(300456)       40.24     40.43    3.1%      多0/空0  无信号     
09:44:19 [INFO] 🫀 扫描心跳 第46轮开始
09:44:38 [INFO] 🫀 扫描心跳 第47轮开始
09:44:56 [INFO] 🫀 扫描心跳 第48轮开始
09:45:15 [INFO] 🫀 扫描心跳 第49轮开始
09:45:19 [INFO] 
📊 护城河防御面板 第49轮
──────────────────────────────────────────────────────────────────────
科创半导体ETF华夏(588170)    1.20      1.20    2.8%      多0/空0  无信号     
特变电工(600089)       21.80     21.81    1.7%      多0/空0  无信号     
华工科技(000988)      151.88    151.49    3.9%      多0/空0  无信号     
拓维信息(002261)       29.12     28.99    1.1%      多0/空0  无波待涨    
陕西斯瑞新材股份(688102)   46.90     47.69    7.6%      多0/空0  无信号     
江丰电子(300666)      333.31    334.04    3.6%      多0/空0  无信号     
赛微电子(300456)       40.24     40.43    3.1%      多0/空0  无信号     
09:45:34 [INFO] 🫀 扫描心跳 第50轮开始
09:45:52 [INFO] 🫀 扫描心跳 第51轮开始
09:45:55 [INFO] 📊 动态份数 588170: 状态=normal 信号强度80/阈值38, 建议交易4500股/份 (25%)
09:45:56 [INFO] ✅ 飞书消息已成功送达: 科创半导体ETF华夏(588170) SELL_HIGH - 加急通知已发送
09:45:57 [INFO] 🔔 已触发急促报警
09:46:01 [INFO] 📊 动态份数 600089: 状态=normal 信号强度77/阈值46, 建议交易400股/份 (33%)
09:46:02 [INFO] ✅ 飞书消息已成功送达: 特变电工(600089) SELL_HIGH - 加急通知已发送
09:46:03 [INFO] 🔔 已触发急促报警
09:46:06 [INFO] 📊 动态份数 000988: 状态=normal 信号强度45/阈值45, 建议交易100股/份 (17%)
09:46:06 [INFO] 📉 000988 卖出信号得分45分，低于10:00前阈值75分，静默处理（不推送飞书）
09:46:11 [INFO] 📊 动态份数 688102: 状态=normal 信号强度74/阈值49, 建议交易500股/份 (36%)
09:46:11 [INFO] 📉 688102 卖出信号得分74分，低于10:00前阈值75分，静默处理（不推送飞书）
09:46:16 [INFO] 📉 300456 卖出信号得分52分，低于10:00前阈值75分，静默处理（不推送飞书）
09:46:31 [INFO] 🫀 扫描心跳 第52轮开始
09:47:02 [INFO] 🫀 扫描心跳 第53轮开始
09:47:16 [INFO] 
📊 护城河防御面板 第53轮
──────────────────────────────────────────────────────────────────────
科创半导体ETF华夏(588170)    1.21      1.20    2.8%   多-55/空72  强可T     
特变电工(600089)       21.83     21.82    1.7%   多-40/空69  强可T     
华工科技(000988)      153.50    152.06    3.9%   多-20/空37  弱机会     
拓维信息(002261)       29.14     29.06    1.3%   多-18/空55  停手:日内波动过低
陕西斯瑞新材股份(688102)   46.63     47.38    7.6%    多36/空66  停手:价格低于均价，14:30前禁止买入
江丰电子(300666)      336.00    334.86    3.6%   多-18/空30  停手:买卖都不够强
赛微电子(300456)       40.39     40.42    3.1%   多-13/空44  停手:价格低于均价，14:30前禁止买入
09:47:31 [INFO] 🫀 扫描心跳 第54轮开始
09:48:04 [INFO] 🫀 扫描心跳 第55轮开始
09:48:35 [INFO] 🫀 扫描心跳 第56轮开始
09:49:07 [INFO] 🫀 扫描心跳 第57轮开始
09:49:21 [INFO] 📉 300666 卖出信号得分72分，低于10:00前阈值75分，静默处理（不推送飞书）
09:49:24 [INFO] 
📊 护城河防御面板 第57轮
──────────────────────────────────────────────────────────────────────
科创半导体ETF华夏(588170)    1.22      1.21    3.5%   多-58/空97  强可T     
特变电工(600089)       21.70     21.79    1.7%   多-21/空63  停手:价格低于均价，14:30前禁止买入
华工科技(000988)      153.83    152.41    3.9%   多-18/空37  弱机会     
拓维信息(002261)       29.20     29.07    1.3%   多-18/空46  停手:日内波动过低
陕西斯瑞新材股份(688102)   46.67     47.14    8.3%    多76/空31  停手:价格低于均价，14:30前禁止买入
江丰电子(300666)      341.00    336.23    3.6%   多-18/空72  强可T|SELL_HIGH
赛微电子(300456)       40.59     40.44    3.1%   多-42/空65  强可T     
09:49:39 [INFO] 🫀 扫描心跳 第58轮开始
09:50:09 [INFO] 🫀 扫描心跳 第59轮开始
09:50:38 [INFO] 🫀 扫描心跳 第60轮开始
09:51:24 [INFO] 🫀 扫描心跳 第61轮开始
09:51:42 [INFO] 
📊 护城河防御面板 第61轮
──────────────────────────────────────────────────────────────────────
科创半导体ETF华夏(588170)    1.22      1.21    3.5%   多-28/空87  强可T     
特变电工(600089)       21.70     21.79    1.7%   多-21/空63  停手:价格低于均价，14:30前禁止买入
华工科技(000988)      153.83    152.41    3.9%   多-26/空44  弱机会     
拓维信息(002261)       29.20     29.07    1.3%   多-18/空82  停手:日内波动过低
陕西斯瑞新材股份(688102)   46.67     47.14    8.3%    多91/空27  停手:价格低于均价，14:30前禁止买入
江丰电子(300666)      341.00    336.23    3.6%   多-18/空64  可T观察    
赛微电子(300456)       40.59     40.44    3.1%   多-20/空22  停手:买卖都不够强
09:51:57 [INFO] 🫀 扫描心跳 第62轮开始
09:52:25 [INFO] 🫀 扫描心跳 第63轮开始
09:52:55 [INFO] 🫀 扫描心跳 第64轮开始
09:53:24 [INFO] 🫀 扫描心跳 第65轮开始
09:53:37 [INFO] 
📊 护城河防御面板 第65轮
──────────────────────────────────────────────────────────────────────
科创半导体ETF华夏(588170)    1.22      1.21    3.5%   多-25/空76  强可T     
特变电工(600089)       21.61     21.76    1.7%    多-1/空63  停手:价格低于均价，14:30前禁止买入
华工科技(000988)      153.57    152.68    3.9%   多-26/空54  可T观察    
拓维信息(002261)       28.99     29.06    1.3%    多23/空74  停手:日内波动过低
陕西斯瑞新材股份(688102)   46.24     46.92    8.8%    多46/空59  停手:价格低于均价，14:30前禁止买入
江丰电子(300666)      338.20    336.52    3.6%   多-20/空67  强可T     
赛微电子(300456)       40.33     40.43    3.1%    多16/空36  停手:价格低于均价，14:30前禁止买入
09:53:52 [INFO] 🫀 扫描心跳 第66轮开始
09:54:22 [INFO] 🫀 扫描心跳 第67轮开始
09:54:22 [INFO] 📊 动态份数 588170: 状态=normal 信号强度76/阈值38, 建议交易5800股/份 (32%)
09:54:23 [INFO] ✅ 飞书消息已成功送达: 科创半导体ETF华夏(588170) SELL_HIGH - 加急通知已发送
09:54:25 [INFO] 🔔 已触发急促报警
09:54:35 [INFO] 已停止盯盘
09:55:37 [INFO] 早盘集合竞价结论：回避
市场评分：40.1 / 100 | 偏向：neutral | 风险：risk_off
竞价：强3 / 弱1 / 缺0 | 均分 7.9
策略结论：主做华工科技(000988)、赛微电子(300456) | 观察特变电工(600089) | 关注暂无 | 回避暂无
1. 主做：华工科技(000988)、赛微电子(300456)、江丰电子(300666)
2. 观察：特变电工(600089)
3. 关注：暂无
4. 回避：暂无
执行顺序：先1后2，再3，最后4
升级条件：若 9:35 后上涨家数回到高于下跌家数，且市场评分回到 55 上方，再把关注升为观察。
开盘后跟踪：开盘后只看核心标的承接，不追高，等量能和情绪同时转强再说。
热门关注：安徽凤凰、纬达光电、万达轴承
09:55:38 [INFO] ✅ 集合竞价总览已推送飞书
09:55:38 [INFO] ✅ 集合竞价详细结果已推送飞书
09:55:40 [INFO] 🔔 已触发急促报警
09:55:40 [INFO] ========= 做T终极护城河防御版 (V1.8 确认型收敛版) 启动 =========
09:55:40 [INFO] 飞书推送: ✓ 已启用
09:55:40 [INFO] 飞书关键词: 做T猎手预警
09:55:40 [INFO] 飞书Webhook: https://open.feishu.cn/open-apis/bot/v2/hook/e8018470-e...
09:55:40 [INFO] ══════════════════════════════════════════════════════════════════════
09:55:40 [INFO] 【2026-06-12 加仓策略执行指南】
09:55:40 [INFO]   1️⃣ 中国巨石 600176 — ❌ 不追 (已涨5.62%, 资金不足)
09:55:40 [INFO]   2️⃣ 科创50ETF 588000 — ⚡ 分批加仓 (先加¥15,000)
09:55:40 [INFO]      └─ 第一批: ¥15,000 (约8,200份)
09:55:40 [INFO]      └─ 第二批: ¥15,000 (等待盘中回落)
09:55:40 [INFO]   3️⃣ 中信银行 601998 — ✅ 按计划加 (¥15,000, 约1,900股)
09:55:40 [INFO]   4️⃣ 特变电工 600089 — ⚡ 加仓 (¥25,000, 约1,090股)
09:55:40 [INFO] ══════════════════════════════════════════════════════════════════════
09:55:40 [INFO] 🔊 系统高级报警音效已成功【全自动挂载】！准备执行听声辨位！
09:55:41 [INFO] ✅ 启动自检飞书消息已成功送达
09:55:42 [INFO] 🔔 已触发急促报警
09:55:42 [INFO] ⏱ 采用顺序轮询模式：每轮扫描结束后再等待 15 秒（V1.8 确认型收敛）
09:55:42 [INFO] 🫀 扫描心跳 第1轮开始
09:55:43 [INFO] 📊 动态份数 588170: 状态=normal 信号强度116/阈值38, 建议交易13500股/份 (25%)
09:55:44 [INFO] ✅ 飞书消息已成功送达: 科创半导体ETF华夏(588170) SELL_HIGH - 加急通知已发送
09:55:46 [INFO] 🔔 已触发急促报警
09:55:51 [INFO] ✅ 飞书消息已成功送达: 中国巨石(600176) SELL_HIGH - 加急通知已发送
09:55:53 [INFO] 🔔 已触发急促报警
09:55:55 [INFO] 📉 000988 卖出信号得分62分，低于10:00前阈值75分，静默处理（不推送飞书）
09:55:59 [INFO] 📊 动态份数 688102: 状态=normal 信号强度67/阈值44, 建议交易100股/份 (33%)
09:55:59 [INFO] 📉 688102 卖出信号得分67分，低于10:00前阈值75分，静默处理（不推送飞书）
09:56:03 [INFO] ✅ 飞书消息已成功送达: 江丰电子(300666) SELL_HIGH - 加急通知已发送
09:56:04 [INFO] 🔔 已触发急促报警
09:56:07 [INFO] ✅ 飞书消息已成功送达: 赛微电子(300456) SELL_HIGH - 加急通知已发送
09:56:09 [INFO] 🔔 已触发急促报警
09:56:09 [INFO] 
📊 护城河防御面板 第1轮
──────────────────────────────────────────────────────────────────────
科创半导体ETF华夏(588170)    1.22      1.21    4.0%  多-29/空116  强可T|SELL_HIGH
特变电工(600089)       21.63     21.72    1.9%    多23/空32  停手:买卖都不够强
中国巨石(600176)       68.71     69.63    5.3%    多34/空88  停手:价格低于均价，14:30前禁止买入|SELL_HIGH
华工科技(000988)      154.30    152.98    3.9%   多-26/空62  可T观察|SELL_HIGH
拓维信息(002261)       29.26     29.07    1.4%   多-18/空84  停手:日内波动过低
陕西斯瑞新材股份(688102)   46.78     46.89    8.8%    多18/空67  停手:价格低于均价，14:30前禁止买入|SELL_HIGH
江丰电子(300666)      338.15    337.02    3.6%  多-12/空103  强可T|SELL_HIGH
赛微电子(300456)       40.51     40.46    3.1%   多-55/空98  强可T|SELL_HIGH
09:56:24 [INFO] 🫀 扫描心跳 第2轮开始
09:56:54 [INFO] 🫀 扫描心跳 第3轮开始
09:57:25 [INFO] 🫀 扫描心跳 第4轮开始
09:57:57 [INFO] 🫀 扫描心跳 第5轮开始
09:58:12 [INFO] 
📊 护城河防御面板 第5轮
──────────────────────────────────────────────────────────────────────
科创半导体ETF华夏(588170)    1.22      1.21    4.0%  多-29/空108  强可T     
特变电工(600089)       21.63     21.72    1.9%    多23/空32  停手:买卖都不够强
中国巨石(600176)       68.71     69.63    5.3%    多34/空80  停手:价格低于均价，14:30前禁止买入
华工科技(000988)      154.30    152.98    3.9%   多-26/空54  可T观察    
拓维信息(002261)       29.26     29.07    1.4%   多-18/空84  停手:日内波动过低
陕西斯瑞新材股份(688102)   46.78     46.89    8.8%    多18/空59  停手:价格低于均价，14:30前禁止买入
江丰电子(300666)      338.15    337.02    3.6%   多-12/空95  强可T     
赛微电子(300456)       40.51     40.46    3.1%   多-55/空90  强可T     
09:58:27 [INFO] 🫀 扫描心跳 第6轮开始
09:58:59 [INFO] 🫀 扫描心跳 第7轮开始
09:59:03 [INFO] 📊 动态份数 600089: 状态=normal 信号强度73/阈值46, 建议交易400股/份 (33%)
09:59:03 [INFO] 📉 600089 卖出信号得分73分，低于10:00前阈值75分，静默处理（不推送飞书）
09:59:34 [INFO] 🫀 扫描心跳 第8轮开始
10:00:05 [INFO] 🫀 扫描心跳 第9轮开始
10:00:22 [INFO] 
📊 护城河防御面板 第9轮
──────────────────────────────────────────────────────────────────────
科创半导体ETF华夏(588170)    1.21      1.21    4.0%   多-14/空53  停手:价格低于均价，14:30前禁止买入
特变电工(600089)       21.70     21.73    1.9%    多-9/空65  停手:价格低于均价，14:30前禁止买入
中国巨石(600176)       68.19     69.35    6.3%    多54/空97  停手:价格低于均价，14:30前禁止买入
华工科技(000988)      152.82    153.01    3.9%    多16/空58  停手:价格低于均价，14:30前禁止买入
拓维信息(002261)       29.23     29.10    1.5%     多0/空99  停手:日内波动过低
陕西斯瑞新材股份(688102)   45.62     46.65    9.7%    多62/空91  停手:价格低于均价，14:30前禁止买入
江丰电子(300666)      334.84    336.75    3.6%    多32/空61  停手:价格低于均价，14:30前禁止买入
赛微电子(300456)       40.33     40.44    3.1%     多4/空68  停手:价格低于均价，14:30前禁止买入
10:00:37 [INFO] 🫀 扫描心跳 第10轮开始
10:01:08 [INFO] 🫀 扫描心跳 第11轮开始
10:01:54 [INFO] 🫀 扫描心跳 第12轮开始
10:02:25 [INFO] 🫀 扫描心跳 第13轮开始
10:02:35 [INFO] 📊 动态份数 002261: 状态=normal 信号强度114/阈值44, 建议交易400股/份 (33%)
10:02:36 [INFO] ✅ 飞书消息已成功送达: 拓维信息(002261) SELL_HIGH - 加急通知已发送
10:02:38 [INFO] 🔔 已触发急促报警
10:02:46 [INFO] 
📊 护城河防御面板 第13轮
──────────────────────────────────────────────────────────────────────
科创半导体ETF华夏(588170)    1.20      1.21    4.0%    多32/空48  停手:价格低于均价，14:30前禁止买入
特变电工(600089)       21.66     21.71    1.9%    多33/空74  停手:价格低于均价，14:30前禁止买入
中国巨石(600176)       67.69     69.12    6.9%    多64/空45  停手:价格低于均价，14:30前禁止买入
华工科技(000988)      152.02    152.87    3.9%    多26/空48  停手:价格低于均价，14:30前禁止买入
拓维信息(002261)       29.38     29.14    1.8%   多-6/空114  强可T|SELL_HIGH
陕西斯瑞新材股份(688102)   45.38     46.47   10.3%    多84/空61  停手:价格低于均价，14:30前禁止买入
江丰电子(300666)      332.38    336.31    3.6%    多62/空41  停手:价格低于均价，14:30前禁止买入
赛微电子(300456)       39.90     40.39    3.7%     多5/空68  停手:价格低于均价，14:30前禁止买入
10:03:01 [INFO] 🫀 扫描心跳 第14轮开始
10:03:32 [INFO] 🫀 扫描心跳 第15轮开始
10:04:04 [INFO] 🫀 扫描心跳 第16轮开始
10:04:36 [INFO] 🫀 扫描心跳 第17轮开始
10:04:52 [INFO] 
📊 护城河防御面板 第17轮
──────────────────────────────────────────────────────────────────────
科创半导体ETF华夏(588170)    1.20      1.21    4.0%    多32/空48  停手:价格低于均价，14:30前禁止买入
特变电工(600089)       21.66     21.71    1.9%    多33/空74  停手:价格低于均价，14:30前禁止买入
中国巨石(600176)       67.69     69.12    6.9%    多64/空45  停手:价格低于均价，14:30前禁止买入
华工科技(000988)      152.02    152.87    3.9%    多26/空48  停手:价格低于均价，14:30前禁止买入
拓维信息(002261)       29.38     29.14    1.8%   多-6/空114  强可T     
陕西斯瑞新材股份(688102)   45.38     46.47   10.3%    多84/空61  停手:价格低于均价，14:30前禁止买入
江丰电子(300666)      332.38    336.31    3.6%    多62/空41  停手:价格低于均价，14:30前禁止买入
赛微电子(300456)       39.90     40.39    3.7%     多5/空68  停手:价格低于均价，14:30前禁止买入
10:05:07 [INFO] 🫀 扫描心跳 第18轮开始
10:05:39 [INFO] 🫀 扫描心跳 第19轮开始
10:06:12 [INFO] 🫀 扫描心跳 第20轮开始
10:06:42 [INFO] 🫀 扫描心跳 第21轮开始
10:07:13 [INFO] 
📊 护城河防御面板 第21轮
──────────────────────────────────────────────────────────────────────
科创半导体ETF华夏(588170)    1.20      1.21    4.0%    多76/空29  停手:价格低于均价，14:30前禁止买入
特变电工(600089)       21.71     21.72    1.9%     多9/空75  停手:价格低于均价，14:30前禁止买入
中国巨石(600176)       67.39     68.88    7.6%    多56/空41  停手:价格低于均价，14:30前禁止买入
华工科技(000988)      151.60    152.71    3.9%    多66/空48  停手:价格低于均价，14:30前禁止买入
拓维信息(002261)       29.50     29.17    2.2%    多6/空129  强可T     
陕西斯瑞新材股份(688102)   45.21     46.32   10.7%    多74/空71  停手:价格低于均价，14:30前禁止买入
江丰电子(300666)      332.96    335.73    3.6%    多86/空22  停手:价格低于均价，14:30前禁止买入
赛微电子(300456)       40.09     40.33    3.9%    多13/空49  停手:价格低于均价，14:30前禁止买入
10:07:28 [INFO] 🫀 扫描心跳 第22轮开始
10:07:59 [INFO] 🫀 扫描心跳 第23轮开始
10:08:31 [INFO] 🫀 扫描心跳 第24轮开始
10:09:02 [INFO] 🫀 扫描心跳 第25轮开始
10:09:21 [INFO] 
📊 护城河防御面板 第25轮
──────────────────────────────────────────────────────────────────────
科创半导体ETF华夏(588170)    1.20      1.21    4.0%    多43/空37  停手:价格低于均价，14:30前禁止买入
特变电工(600089)       21.76     21.72    1.9%   多-20/空84  强可T     
中国巨石(600176)       67.77     68.72    7.6%    多40/空54  停手:价格低于均价，14:30前禁止买入
华工科技(000988)      151.86    152.60    3.9%    多30/空44  停手:价格低于均价，14:30前禁止买入
拓维信息(002261)       29.45     29.23    2.4%    多-2/空98  强可T     
陕西斯瑞新材股份(688102)   45.18     46.15   10.8%    多50/空57  停手:价格低于均价，14:30前禁止买入
江丰电子(300666)      332.79    335.21    3.6%    多54/空22  停手:价格低于均价，14:30前禁止买入
赛微电子(300456)       40.27     40.30    3.9%   多-10/空65  停手:价格低于均价，14:30前禁止买入
10:09:36 [INFO] 🫀 扫描心跳 第26轮开始
10:10:07 [INFO] 🫀 扫描心跳 第27轮开始
10:10:39 [INFO] 🫀 扫描心跳 第28轮开始
10:11:10 [INFO] 🫀 扫描心跳 第29轮开始
10:11:27 [INFO] 
📊 护城河防御面板 第29轮
──────────────────────────────────────────────────────────────────────
科创半导体ETF华夏(588170)    1.20      1.21    4.0%    多43/空37  停手:价格低于均价，14:30前禁止买入
特变电工(600089)       21.76     21.72    1.9%   多-20/空84  强可T     
中国巨石(600176)       67.77     68.72    7.6%    多40/空54  停手:价格低于均价，14:30前禁止买入
华工科技(000988)      151.86    152.60    3.9%    多30/空44  停手:价格低于均价，14:30前禁止买入
拓维信息(002261)       29.45     29.23    2.4%    多-2/空98  强可T     
陕西斯瑞新材股份(688102)   45.18     46.15   10.8%    多50/空57  停手:价格低于均价，14:30前禁止买入
江丰电子(300666)      332.79    335.21    3.6%    多54/空22  停手:价格低于均价，14:30前禁止买入
赛微电子(300456)       40.27     40.30    3.9%   多-10/空65  停手:价格低于均价，14:30前禁止买入
10:11:42 [INFO] 🫀 扫描心跳 第30轮开始
10:12:28 [INFO] 🫀 扫描心跳 第31轮开始
10:13:01 [INFO] 🫀 扫描心跳 第32轮开始
10:13:32 [INFO] 🫀 扫描心跳 第33轮开始
10:13:47 [INFO] 
📊 护城河防御面板 第33轮
──────────────────────────────────────────────────────────────────────
科创半导体ETF华夏(588170)    1.20      1.21    4.0%    多73/空56  停手:价格低于均价，14:30前禁止买入
特变电工(600089)       21.78     21.73    1.9%   多-25/空74  强可T     
中国巨石(600176)       67.04     68.57    7.9%    多46/空55  停手:价格低于均价，14:30前禁止买入
华工科技(000988)      151.37    152.53    3.9%    多40/空48  停手:价格低于均价，14:30前禁止买入
拓维信息(002261)       29.38     29.26    2.4%    多4/空102  强可T     
陕西斯瑞新材股份(688102)   45.05     46.05   11.1%    多66/空71  停手:价格低于均价，14:30前禁止买入
江丰电子(300666)      331.36    334.92    3.6%    多66/空41  停手:价格低于均价，14:30前禁止买入
赛微电子(300456)       39.98     40.28    3.9%    多-5/空78  停手:价格低于均价，14:30前禁止买入
10:14:02 [INFO] 🫀 扫描心跳 第34轮开始
10:14:33 [INFO] 🫀 扫描心跳 第35轮开始
10:15:04 [INFO] 🫀 扫描心跳 第36轮开始
10:15:35 [INFO] 🫀 扫描心跳 第37轮开始
10:15:53 [INFO] 
📊 护城河防御面板 第37轮
──────────────────────────────────────────────────────────────────────
科创半导体ETF华夏(588170)    1.19      1.20    4.0%    多50/空56  停手:价格低于均价，14:30前禁止买入
特变电工(600089)       21.71     21.73    1.9%    多45/空88  停手:价格低于均价，14:30前禁止买入
中国巨石(600176)       66.33     68.36    9.1%    多80/空45  停手:价格低于均价，14:30前禁止买入
华工科技(000988)      151.00    152.39    3.9%    多34/空48  停手:价格低于均价，14:30前禁止买入
拓维信息(002261)       29.40     29.28    2.4%    多-8/空92  强可T     
陕西斯瑞新材股份(688102)   45.05     45.96   11.1%    多98/空67  停手:价格低于均价，14:30前禁止买入
江丰电子(300666)      327.96    334.32    4.2%    多88/空41  停手:价格低于均价，14:30前禁止买入
赛微电子(300456)       39.89     40.24    3.9%    多13/空68  停手:价格低于均价，14:30前禁止买入
10:16:08 [INFO] 🫀 扫描心跳 第38轮开始
10:16:40 [INFO] 🫀 扫描心跳 第39轮开始
10:17:10 [INFO] 🫀 扫描心跳 第40轮开始
10:17:41 [INFO] 🫀 扫描心跳 第41轮开始
10:17:57 [INFO] 
📊 护城河防御面板 第41轮
──────────────────────────────────────────────────────────────────────
科创半导体ETF华夏(588170)    1.19      1.20    4.0%    多50/空56  停手:价格低于均价，14:30前禁止买入
特变电工(600089)       21.71     21.73    1.9%    多45/空88  停手:价格低于均价，14:30前禁止买入
中国巨石(600176)       66.33     68.36    9.1%    多80/空45  停手:价格低于均价，14:30前禁止买入
华工科技(000988)      151.00    152.39    3.9%    多34/空48  停手:价格低于均价，14:30前禁止买入
拓维信息(002261)       29.40     29.28    2.4%    多-8/空92  强可T     
陕西斯瑞新材股份(688102)   45.05     45.96   11.1%    多98/空67  停手:价格低于均价，14:30前禁止买入
江丰电子(300666)      327.96    334.32    4.2%    多88/空41  停手:价格低于均价，14:30前禁止买入
赛微电子(300456)       39.89     40.24    3.9%    多13/空68  停手:价格低于均价，14:30前禁止买入
10:18:12 [INFO] 🫀 扫描心跳 第42轮开始
10:18:43 [INFO] 🫀 扫描心跳 第43轮开始
10:19:15 [INFO] 🫀 扫描心跳 第44轮开始
10:19:46 [INFO] 🫀 扫描心跳 第45轮开始
10:20:03 [INFO] 
📊 护城河防御面板 第45轮
──────────────────────────────────────────────────────────────────────
科创半导体ETF华夏(588170)    1.19      1.20    4.0%    多67/空56  停手:价格低于均价，14:30前禁止买入
特变电工(600089)       21.67     21.72    1.9%    多47/空78  停手:价格低于均价，14:30前禁止买入
中国巨石(600176)       66.00     68.12    9.6%    多98/空45  停手:价格低于均价，14:30前禁止买入
华工科技(000988)      150.80    152.23    3.9%    多95/空29  停手:价格低于均价，14:30前禁止买入
拓维信息(002261)       29.30     29.28    2.4%    多-8/空96  强可T     
陕西斯瑞新材股份(688102)   45.27     45.88   11.3%    多54/空22  停手:价格低于均价，14:30前禁止买入
江丰电子(300666)      327.02    333.59    4.8%    多96/空37  停手:价格低于均价，14:30前禁止买入
赛微电子(300456)       39.59     40.18    4.5%    多35/空68  停手:价格低于均价，14:30前禁止买入
10:20:18 [INFO] 🫀 扫描心跳 第46轮开始
10:20:50 [INFO] 🫀 扫描心跳 第47轮开始
10:21:22 [INFO] 🫀 扫描心跳 第48轮开始
10:21:53 [INFO] 🫀 扫描心跳 第49轮开始
10:22:11 [INFO] 
📊 护城河防御面板 第49轮
──────────────────────────────────────────────────────────────────────
科创半导体ETF华夏(588170)    1.19      1.20    4.0%    多84/空37  停手:价格低于均价，14:30前禁止买入
特变电工(600089)       21.67     21.72    1.9%    多67/空39  停手:价格低于均价，14:30前禁止买入
中国巨石(600176)       65.68     67.85   10.7%    多74/空26  停手:价格低于均价，14:30前禁止买入
华工科技(000988)      150.11    152.04    4.0%   多100/空48  停手:价格低于均价，14:30前禁止买入
拓维信息(002261)       29.28     29.28    2.4%    多22/空77  强可T     
陕西斯瑞新材股份(688102)   45.30     45.82   11.3%    多54/空82  停手:价格低于均价，14:30前禁止买入
江丰电子(300666)      325.00    332.69    5.2%   多110/空41  停手:价格低于均价，14:30前禁止买入
赛微电子(300456)       39.51     40.10    4.9%    多45/空64  停手:价格低于均价，14:30前禁止买入
10:22:26 [INFO] 🫀 扫描心跳 第50轮开始
10:22:57 [INFO] 🫀 扫描心跳 第51轮开始
10:23:28 [INFO] 🫀 扫描心跳 第52轮开始
10:24:01 [INFO] 🫀 扫描心跳 第53轮开始
10:24:18 [INFO] 
📊 护城河防御面板 第53轮
──────────────────────────────────────────────────────────────────────
科创半导体ETF华夏(588170)    1.19      1.20    4.0%    多84/空37  停手:价格低于均价，14:30前禁止买入
特变电工(600089)       21.67     21.72    1.9%    多67/空39  停手:价格低于均价，14:30前禁止买入
中国巨石(600176)       65.68     67.85   10.7%    多74/空26  停手:价格低于均价，14:30前禁止买入
华工科技(000988)      150.11    152.04    4.0%   多100/空48  停手:价格低于均价，14:30前禁止买入
拓维信息(002261)       29.28     29.28    2.4%    多22/空77  强可T     
陕西斯瑞新材股份(688102)   45.30     45.82   11.3%    多54/空82  停手:价格低于均价，14:30前禁止买入
江丰电子(300666)      325.00    332.69    5.2%   多110/空41  停手:价格低于均价，14:30前禁止买入
赛微电子(300456)       39.51     40.10    4.9%    多45/空64  停手:价格低于均价，14:30前禁止买入
10:24:33 [INFO] 🫀 扫描心跳 第54轮开始
10:25:03 [INFO] 🫀 扫描心跳 第55轮开始
10:25:37 [INFO] 🫀 扫描心跳 第56轮开始
10:26:11 [INFO] 🫀 扫描心跳 第57轮开始
10:26:27 [INFO] 
📊 护城河防御面板 第57轮
──────────────────────────────────────────────────────────────────────
科创半导体ETF华夏(588170)    1.18      1.20    4.6%    多96/空52  停手:价格低于均价，14:30前禁止买入
特变电工(600089)       21.66     21.71    1.9%    多45/空74  停手:价格低于均价，14:30前禁止买入
中国巨石(600176)       65.24     67.50   11.4%    多66/空41  停手:价格低于均价，14:30前禁止买入
华工科技(000988)      149.13    151.77    4.7%    多82/空48  停手:价格低于均价，14:30前禁止买入
拓维信息(002261)       29.29     29.28    2.4%    多11/空67  强可T     
陕西斯瑞新材股份(688102)   44.80     45.72   12.5%    多68/空71  停手:价格低于均价，14:30前禁止买入
江丰电子(300666)      322.66    331.83    5.9%   多100/空41  停手:价格低于均价，14:30前禁止买入
赛微电子(300456)       39.40     40.04    5.1%    多31/空64  停手:价格低于均价，14:30前禁止买入
10:26:42 [INFO] 🫀 扫描心跳 第58轮开始
10:27:27 [INFO] 🫀 扫描心跳 第59轮开始
10:27:58 [INFO] 🫀 扫描心跳 第60轮开始
10:28:29 [INFO] 🫀 扫描心跳 第61轮开始
10:28:46 [INFO] 
📊 护城河防御面板 第61轮
──────────────────────────────────────────────────────────────────────
科创半导体ETF华夏(588170)    1.17      1.20    4.9%    多74/空52  停手:价格低于均价，14:30前禁止买入
特变电工(600089)       21.64     21.70    1.9%    多73/空43  停手:价格低于均价，14:30前禁止买入
中国巨石(600176)       64.66     67.26   11.9%    多70/空45  停手:价格低于均价，14:30前禁止买入
华工科技(000988)      148.85    151.53    5.0%   多100/空48  停手:价格低于均价，14:30前禁止买入
拓维信息(002261)       29.19     29.28    2.4%    多56/空81  停手:价格低于均价，14:30前禁止买入
陕西斯瑞新材股份(688102)   44.42     45.62   12.7%    多88/空73  停手:价格低于均价，14:30前禁止买入
江丰电子(300666)      321.19    331.05    6.4%    多78/空41  停手:价格低于均价，14:30前禁止买入
赛微电子(300456)       39.35     39.99    5.2%    多13/空78  停手:价格低于均价，14:30前禁止买入
10:29:01 [INFO] 🫀 扫描心跳 第62轮开始
10:29:31 [INFO] 🫀 扫描心跳 第63轮开始
10:30:03 [INFO] 🫀 扫描心跳 第64轮开始
10:30:33 [INFO] 🫀 扫描心跳 第65轮开始
10:30:50 [INFO] 
📊 护城河防御面板 第65轮
──────────────────────────────────────────────────────────────────────
科创半导体ETF华夏(588170)    1.17      1.20    4.9%    多74/空52  停手:价格低于均价，14:30前禁止买入
特变电工(600089)       21.64     21.70    1.9%    多73/空43  停手:价格低于均价，14:30前禁止买入
中国巨石(600176)       64.66     67.26   11.9%    多70/空45  停手:价格低于均价，14:30前禁止买入
华工科技(000988)      148.85    151.53    5.0%   多100/空48  停手:价格低于均价，14:30前禁止买入
拓维信息(002261)       29.19     29.28    2.4%    多56/空81  停手:价格低于均价，14:30前禁止买入
陕西斯瑞新材股份(688102)   44.42     45.62   12.7%    多88/空73  停手:价格低于均价，14:30前禁止买入
江丰电子(300666)      321.19    331.05    6.4%    多78/空41  停手:价格低于均价，14:30前禁止买入
赛微电子(300456)       39.35     39.99    5.2%    多13/空78  停手:价格低于均价，14:30前禁止买入
10:31:05 [INFO] 🫀 扫描心跳 第66轮开始
10:31:35 [INFO] 🫀 扫描心跳 第67轮开始
10:31:38 [INFO] 📊 动态份数 600089: 状态=normal 信号强度90/阈值80, 建议交易700股/份 (58%)
10:31:39 [INFO] ✅ 飞书消息已成功送达: 特变电工(600089) SELL_HIGH - 加急通知已发送
10:31:41 [INFO] 🔔 已触发急促报警
10:32:10 [INFO] 🫀 扫描心跳 第68轮开始
10:32:41 [INFO] 🫀 扫描心跳 第69轮开始
10:32:50 [INFO] 📊 动态份数 002261: 状态=normal 信号强度81/阈值80, 建议交易200股/份 (17%)
10:32:51 [INFO] ✅ 飞书消息已成功送达: 拓维信息(002261) SELL_HIGH - 加急通知已发送
10:32:52 [INFO] 🔔 已触发急促报警
10:32:59 [INFO] 
📊 护城河防御面板 第69轮
──────────────────────────────────────────────────────────────────────
科创半导体ETF华夏(588170)    1.16      1.19    5.8%    多70/空52  停手:价格低于均价，14:30前禁止买入
特变电工(600089)       21.54     21.69    2.0%    多51/空90  停手:价格低于均价，14:30前禁止买入
中国巨石(600176)       64.50     67.01   12.5%    多50/空41  停手:价格低于均价，14:30前禁止买入
华工科技(000988)      148.18    151.26    5.3%    多98/空48  停手:价格低于均价，14:30前禁止买入
拓维信息(002261)       29.12     29.26    2.4%    多48/空81  停手:价格低于均价，14:30前禁止买入|SELL_HIGH
陕西斯瑞新材股份(688102)   44.29     45.52   13.1%   多116/空37  停手:价格低于均价，14:30前禁止买入
江丰电子(300666)      317.41    330.10    7.7%    多82/空41  停手:价格低于均价，14:30前禁止买入
赛微电子(300456)       39.19     39.93    5.6%    多29/空68  停手:价格低于均价，14:30前禁止买入
10:33:14 [INFO] 🫀 扫描心跳 第70轮开始
10:33:44 [INFO] 🫀 扫描心跳 第71轮开始
10:34:16 [INFO] 🫀 扫描心跳 第72轮开始
10:34:47 [INFO] 🫀 扫描心跳 第73轮开始
10:35:04 [INFO] 
📊 护城河防御面板 第73轮
──────────────────────────────────────────────────────────────────────
科创半导体ETF华夏(588170)    1.16      1.19    6.2%    多70/空52  停手:价格低于均价，14:30前禁止买入
特变电工(600089)       21.54     21.68    2.0%   多100/空39  停手:价格低于均价，14:30前禁止买入
中国巨石(600176)       64.18     66.79   12.7%    多70/空51  停手:价格低于均价，14:30前禁止买入
华工科技(000988)      147.54    150.99    5.8%    多82/空68  停手:价格低于均价，14:30前禁止买入
拓维信息(002261)       29.17     29.26    2.4%    多56/空81  停手:价格低于均价，14:30前禁止买入
陕西斯瑞新材股份(688102)   44.20     45.43   13.2%    多90/空51  停手:价格低于均价，14:30前禁止买入
江丰电子(300666)      316.67    329.10    7.9%   多100/空41  停手:价格低于均价，14:30前禁止买入
赛微电子(300456)       39.12     39.85    5.8%    多47/空64  停手:价格低于均价，14:30前禁止买入
10:35:19 [INFO] 🫀 扫描心跳 第74轮开始
10:35:52 [INFO] 🫀 扫描心跳 第75轮开始
10:36:23 [INFO] 🫀 扫描心跳 第76轮开始
10:36:58 [INFO] 🫀 扫描心跳 第77轮开始
10:37:20 [INFO] 
📊 护城河防御面板 第77轮
──────────────────────────────────────────────────────────────────────
科创半导体ETF华夏(588170)    1.16      1.19    6.2%    多70/空52  停手:价格低于均价，14:30前禁止买入
特变电工(600089)       21.54     21.68    2.0%   多100/空39  停手:价格低于均价，14:30前禁止买入
中国巨石(600176)       64.18     66.79   12.7%    多70/空51  停手:价格低于均价，14:30前禁止买入
华工科技(000988)      147.54    150.99    5.8%    多82/空68  停手:价格低于均价，14:30前禁止买入
拓维信息(002261)       29.17     29.26    2.4%    多56/空81  停手:价格低于均价，14:30前禁止买入
陕西斯瑞新材股份(688102)   44.20     45.43   13.2%    多90/空51  停手:价格低于均价，14:30前禁止买入
江丰电子(300666)      316.67    329.10    7.9%   多100/空41  停手:价格低于均价，14:30前禁止买入
赛微电子(300456)       39.12     39.85    5.8%    多47/空64  停手:价格低于均价，14:30前禁止买入
10:37:35 [INFO] 🫀 扫描心跳 第78轮开始
10:38:10 [INFO] 🫀 扫描心跳 第79轮开始
10:38:48 [INFO] 🫀 扫描心跳 第80轮开始
10:39:23 [INFO] 🫀 扫描心跳 第81轮开始
10:39:43 [INFO] 
📊 护城河防御面板 第81轮
──────────────────────────────────────────────────────────────────────
科创半导体ETF华夏(588170)    1.17      1.19    6.2%    多18/空33  停手:买卖都不够强
特变电工(600089)       21.49     21.67    2.4%    多96/空86  停手:价格低于均价，14:30前禁止买入
中国巨石(600176)       64.44     66.52   13.1%    多42/空26  停手:价格低于均价，14:30前禁止买入
华工科技(000988)      147.63    150.60    6.2%    多78/空49  停手:价格低于均价，14:30前禁止买入
拓维信息(002261)       29.19     29.25    2.4%    多64/空32  停手:价格低于均价，14:30前禁止买入
陕西斯瑞新材股份(688102)   44.49     45.33   13.7%    多48/空47  停手:价格低于均价，14:30前禁止买入
江丰电子(300666)      318.55    327.92    8.4%    多34/空22  停手:价格低于均价，14:30前禁止买入
赛微电子(300456)       39.24     39.80    5.9%   多-11/空49  停手:价格低于均价，14:30前禁止买入
10:39:58 [INFO] 🫀 扫描心跳 第82轮开始
10:40:39 [INFO] 🫀 扫描心跳 第83轮开始
10:41:20 [INFO] 🫀 扫描心跳 第84轮开始
10:41:21 [INFO] 📊 动态份数 588170: 状态=normal 信号强度48/阈值38, 建议交易17500股/份 (32%)
10:41:21 [INFO] 📉 588170 卖出信号得分48分，低于10:00后阈值65分，静默处理（不推送飞书）
10:42:38 [INFO] 🫀 扫描心跳 第85轮开始
10:43:27 [INFO] 
📊 护城河防御面板 第85轮
──────────────────────────────────────────────────────────────────────
科创半导体ETF华夏(588170)    1.16      1.19    6.2%    多28/空40  停手:价格低于均价，14:30前禁止买入
特变电工(600089)       21.52     21.66    2.4%    多39/空71  停手:价格低于均价，14:30前禁止买入
中国巨石(600176)       64.29     66.36   13.1%    多32/空51  停手:价格低于均价，14:30前禁止买入
华工科技(000988)      147.88    150.43    6.2%    多44/空44  停手:价格低于均价，14:30前禁止买入
拓维信息(002261)       29.30     29.26    2.4%    多-6/空67  强可T     
陕西斯瑞新材股份(688102)   44.38     45.29   13.7%    多54/空79  停手:价格低于均价，14:30前禁止买入
江丰电子(300666)      316.80    326.91    8.4%    多56/空37  停手:价格低于均价，14:30前禁止买入
赛微电子(300456)       39.06     39.74    5.9%    多13/空78  停手:价格低于均价，14:30前禁止买入
10:43:42 [INFO] 🫀 扫描心跳 第86轮开始
10:44:38 [INFO] 🫀 扫描心跳 第87轮开始
10:45:35 [INFO] 🫀 扫描心跳 第88轮开始
10:46:26 [INFO] 🫀 扫描心跳 第89轮开始
11:05:35 [INFO] 📊 动态份数 000988: 状态=normal 信号强度67/阈值49, 建议交易100股/份 (50%)
11:05:36 [INFO] ✅ 飞书消息已成功送达: 华工科技(000988) SELL_HIGH - 加急通知已发送
11:05:37 [INFO] 🔔 已触发急促报警
11:05:40 [INFO] 📊 动态份数 002261: 状态=normal 信号强度80/阈值39, 建议交易1200股/份 (100%)
11:05:41 [INFO] ✅ 飞书消息已成功送达: 拓维信息(002261) SELL_HIGH - 加急通知已发送
11:05:43 [INFO] 🔔 已触发急促报警
11:05:51 [INFO] 📉 300456 卖出信号得分50分，低于10:00后阈值65分，静默处理（不推送飞书）
11:05:51 [INFO] 
📊 护城河防御面板 第89轮
──────────────────────────────────────────────────────────────────────
科创半导体ETF华夏(588170)    1.16      1.19    6.4%    多80/空54  停手:价格低于均价，14:30前禁止买入
特变电工(600089)       21.47     21.64    2.4%    多72/空86  停手:价格低于均价，14:30前禁止买入
中国巨石(600176)       63.88     66.19   13.2%    多72/空63  停手:价格低于均价，14:30前禁止买入
华工科技(000988)      148.70    149.10    7.1%    多27/空67  停手:价格低于均价，14:30前禁止买入|SELL_HIGH
拓维信息(002261)       29.77     29.28    3.5%    多-9/空80  强可T|SELL_HIGH
陕西斯瑞新材股份(688102)   44.35     44.93   13.7%    多57/空44  停手:价格低于均价，14:30前禁止买入
江丰电子(300666)      321.69    322.63    9.3%    多21/空27  停手:买卖都不够强
赛微电子(300456)       39.35     39.45    7.0%    多21/空50  停手:价格低于均价，14:30前禁止买入|SELL_HIGH
11:06:06 [INFO] 🫀 扫描心跳 第90轮开始
11:06:07 [INFO] 📊 动态份数 588170: 状态=normal 信号强度60/阈值37, 建议交易21600股/份 (40%)
11:06:07 [INFO] 📉 588170 卖出信号得分60分，低于10:00后阈值65分，静默处理（不推送飞书）
11:06:38 [INFO] 🫀 扫描心跳 第91轮开始
11:07:08 [INFO] 🫀 扫描心跳 第92轮开始
11:07:38 [INFO] 🫀 扫描心跳 第93轮开始
11:07:54 [INFO] 
📊 护城河防御面板 第93轮
──────────────────────────────────────────────────────────────────────
科创半导体ETF华夏(588170)    1.18      1.18    7.0%    多-5/空52  可T观察    
特变电工(600089)       21.32     21.55    3.1%    多48/空38  停手:价格低于均价，14:30前禁止买入
中国巨石(600176)       63.83     65.35   13.4%    多73/空25  停手:价格低于均价，14:30前禁止买入
华工科技(000988)      148.70    149.10    7.1%    多27/空67  停手:价格低于均价，14:30前禁止买入
拓维信息(002261)       29.77     29.28    3.5%    多-9/空80  停手:无可卖仓且买点不强
陕西斯瑞新材股份(688102)   44.35     44.93   13.7%    多57/空44  停手:价格低于均价，14:30前禁止买入
江丰电子(300666)      321.69    322.63    9.3%    多21/空27  停手:买卖都不够强
赛微电子(300456)       39.35     39.45    7.0%    多21/空50  停手:价格低于均价，14:30前禁止买入
11:08:09 [INFO] 🫀 扫描心跳 第94轮开始
11:08:39 [INFO] 🫀 扫描心跳 第95轮开始
11:09:12 [INFO] 🫀 扫描心跳 第96轮开始
11:09:44 [INFO] 🫀 扫描心跳 第97轮开始
11:10:01 [INFO] 
📊 护城河防御面板 第97轮
──────────────────────────────────────────────────────────────────────
科创半导体ETF华夏(588170)    1.17      1.18    7.0%    多33/空35  停手:价格低于均价，14:30前禁止买入
特变电工(600089)       21.33     21.54    3.1%    多65/空24  停手:价格低于均价，14:30前禁止买入
中国巨石(600176)       63.83     65.27   13.4%    多55/空25  停手:价格低于均价，14:30前禁止买入
华工科技(000988)      148.88    149.10    7.1%    多23/空39  停手:价格低于均价，14:30前禁止买入
拓维信息(002261)       29.92     29.31    3.7%    多-9/空91  停手:无可卖仓且买点不强
陕西斯瑞新材股份(688102)   44.02     44.90   13.7%    多75/空34  停手:价格低于均价，14:30前禁止买入
江丰电子(300666)      321.60    322.61    9.3%    多17/空40  停手:价格低于均价，14:30前禁止买入
赛微电子(300456)       39.55     39.45    7.0%    多-3/空34  停手:买卖都不够强
11:10:16 [INFO] 🫀 扫描心跳 第98轮开始
11:10:48 [INFO] 🫀 扫描心跳 第99轮开始
11:11:19 [INFO] 🫀 扫描心跳 第100轮开始
11:11:53 [INFO] 🫀 扫描心跳 第101轮开始
11:12:10 [INFO] ✅ 飞书消息已成功送达: 江丰电子(300666) SELL_HIGH - 加急通知已发送
11:12:11 [INFO] 🔔 已触发急促报警
11:12:14 [INFO] 
📊 护城河防御面板 第101轮
──────────────────────────────────────────────────────────────────────
科创半导体ETF华夏(588170)    1.17      1.18    7.0%    多33/空35  停手:价格低于均价，14:30前禁止买入
特变电工(600089)       21.33     21.54    3.1%    多65/空24  停手:价格低于均价，14:30前禁止买入
中国巨石(600176)       63.83     65.27   13.4%    多55/空25  停手:价格低于均价，14:30前禁止买入
华工科技(000988)      149.54    149.10    7.1%    多-5/空51  可T观察    
拓维信息(002261)       30.09     29.36    4.3%    多-9/空84  停手:无可卖仓且买点不强
陕西斯瑞新材股份(688102)   43.99     44.85   13.8%    多75/空34  停手:价格低于均价，14:30前禁止买入
江丰电子(300666)      326.52    322.77    9.3%    多-3/空75  强可T|SELL_HIGH
赛微电子(300456)       40.25     39.49    7.0%    多-8/空80  强可T     
11:12:29 [INFO] 🫀 扫描心跳 第102轮开始
11:13:16 [INFO] 🫀 扫描心跳 第103轮开始
11:13:46 [INFO] 🫀 扫描心跳 第104轮开始
11:14:17 [INFO] 🫀 扫描心跳 第105轮开始
11:14:18 [INFO] 📊 动态份数 588170: 状态=normal 信号强度62/阈值38, 建议交易21600股/份 (40%)
11:14:18 [INFO] 📉 588170 卖出信号得分62分，低于10:00后阈值65分，静默处理（不推送飞书）
11:14:33 [INFO] 
📊 护城河防御面板 第105轮
──────────────────────────────────────────────────────────────────────
科创半导体ETF华夏(588170)    1.19      1.18    7.0%   多-10/空62  可T观察|SELL_HIGH
特变电工(600089)       21.38     21.53    3.1%    多18/空56  停手:价格低于均价，14:30前禁止买入
中国巨石(600176)       64.70     65.24   13.4%    多46/空50  停手:价格低于均价，14:30前禁止买入
华工科技(000988)      149.54    149.10    7.1%    多-5/空51  可T观察    
拓维信息(002261)       30.09     29.36    4.3%    多-9/空84  停手:无可卖仓且买点不强
陕西斯瑞新材股份(688102)   43.99     44.85   13.8%    多75/空34  停手:价格低于均价，14:30前禁止买入
江丰电子(300666)      326.52    322.77    9.3%    多-3/空75  强可T     
赛微电子(300456)       40.25     39.49    7.0%    多-8/空80  强可T     
11:14:48 [INFO] 🫀 扫描心跳 第106轮开始
11:15:19 [INFO] 🫀 扫描心跳 第107轮开始
11:15:53 [INFO] 🫀 扫描心跳 第108轮开始
11:16:26 [INFO] 🫀 扫描心跳 第109轮开始
11:16:43 [INFO] 
📊 护城河防御面板 第109轮
──────────────────────────────────────────────────────────────────────
科创半导体ETF华夏(588170)    1.19      1.18    7.0%   多-12/空80  停手:当日轮次已满
特变电工(600089)       21.35     21.52    3.1%    多32/空54  停手:价格低于均价，14:30前禁止买入
中国巨石(600176)       64.12     65.20   13.4%    多57/空40  停手:价格低于均价，14:30前禁止买入
华工科技(000988)      149.68    149.14    7.1%    多-7/空69  强可T     
拓维信息(002261)       29.99     29.40    4.2%   多-11/空93  停手:无可卖仓且买点不强
陕西斯瑞新材股份(688102)   44.05     44.82   13.8%    多77/空15  停手:价格低于均价，14:30前禁止买入
江丰电子(300666)      323.83    322.89    9.3%    多-5/空47  可T观察    
赛微电子(300456)       40.10     39.52    7.0%   多-10/空62  可T观察    
11:16:58 [INFO] 🫀 扫描心跳 第110轮开始
11:17:29 [INFO] 🫀 扫描心跳 第111轮开始
11:18:00 [INFO] 🫀 扫描心跳 第112轮开始
11:18:31 [INFO] 🫀 扫描心跳 第113轮开始
11:18:45 [INFO] ✅ 飞书消息已成功送达: 陕西斯瑞新材股份(688102) BUY_LOW - 加急通知已发送
11:18:47 [INFO] 🔔 已触发急促报警
11:18:53 [INFO] 
📊 护城河防御面板 第113轮
──────────────────────────────────────────────────────────────────────
科创半导体ETF华夏(588170)    1.19      1.18    7.0%   多-12/空80  停手:当日轮次已满
特变电工(600089)       21.35     21.52    3.1%    多32/空54  停手:价格低于均价，14:30前禁止买入
中国巨石(600176)       64.12     65.20   13.4%    多57/空40  停手:价格低于均价，14:30前禁止买入
华工科技(000988)      149.60    149.15    7.1%    多-7/空39  弱机会     
拓维信息(002261)       29.90     29.43    4.2%    多-1/空68  停手:无可卖仓且买点不强
陕西斯瑞新材股份(688102)   43.92     44.78   14.0%    多87/空30  停手:价格低于均价，14:30前禁止买入|BUY_LOW
江丰电子(300666)      324.00    322.97    9.3%    多-5/空47  可T观察    
赛微电子(300456)       40.22     39.55    7.0%   多-10/空62  可T观察    
11:19:08 [INFO] 🫀 扫描心跳 第114轮开始
11:19:41 [INFO] 🫀 扫描心跳 第115轮开始
11:20:11 [INFO] 🫀 扫描心跳 第116轮开始
11:20:43 [INFO] 🫀 扫描心跳 第117轮开始
11:20:59 [INFO] 
📊 护城河防御面板 第117轮
──────────────────────────────────────────────────────────────────────
科创半导体ETF华夏(588170)    1.20      1.18    7.0%   多-12/空50  停手:当日轮次已满
特变电工(600089)       21.36     21.51    3.1%    多32/空34  停手:价格低于均价，14:30前禁止买入
中国巨石(600176)       64.31     65.15   13.4%    多59/空29  停手:价格低于均价，14:30前禁止买入
华工科技(000988)      149.60    149.15    7.1%    多-7/空39  弱机会     
拓维信息(002261)       29.90     29.43    4.2%    多-1/空68  停手:无可卖仓且买点不强
陕西斯瑞新材股份(688102)   43.92     44.78   14.0%    多87/空30  停手:价格低于均价，14:30前禁止买入
江丰电子(300666)      324.00    322.97    9.3%    多-5/空47  可T观察    
赛微电子(300456)       40.22     39.55    7.0%   多-10/空62  可T观察    
11:21:14 [INFO] 🫀 扫描心跳 第118轮开始
11:21:45 [INFO] 🫀 扫描心跳 第119轮开始
11:22:17 [INFO] 🫀 扫描心跳 第120轮开始
11:22:18 [INFO] 📊 动态份数 588170: 状态=normal 信号强度77/阈值38, 建议交易21600股/份 (40%)
11:22:19 [INFO] ✅ 飞书消息已成功送达: 科创半导体ETF华夏(588170) SELL_HIGH - 加急通知已发送
11:22:21 [INFO] 🔔 已触发急促报警
11:22:52 [INFO] 🫀 扫描心跳 第121轮开始
11:23:09 [INFO] 
📊 护城河防御面板 第121轮
──────────────────────────────────────────────────────────────────────
科创半导体ETF华夏(588170)    1.20      1.18    7.0%   多-12/空77  停手:无可卖仓且买点不强
特变电工(600089)       21.34     21.50    3.1%    多38/空38  停手:价格低于均价，14:30前禁止买入
中国巨石(600176)       64.97     65.15   13.4%    多21/空42  停手:价格低于均价，14:30前禁止买入
华工科技(000988)      150.05    149.17    7.1%    多-5/空41  弱机会     
拓维信息(002261)       30.10     29.46    4.3%     多9/空81  停手:无可卖仓且买点不强
陕西斯瑞新材股份(688102)   44.24     44.76   14.0%    多43/空30  停手:价格低于均价，14:30前禁止买入
江丰电子(300666)      326.98    323.18    9.3%   多-10/空47  可T观察    
赛微电子(300456)       40.38     39.59    7.0%   多-10/空47  可T观察    
11:23:24 [INFO] 🫀 扫描心跳 第122轮开始
11:23:56 [INFO] 🫀 扫描心跳 第123轮开始
11:24:26 [INFO] 🫀 扫描心跳 第124轮开始
11:24:57 [INFO] 🫀 扫描心跳 第125轮开始
11:25:15 [INFO] 
📊 护城河防御面板 第125轮
──────────────────────────────────────────────────────────────────────
科创半导体ETF华夏(588170)    1.20      1.18    7.0%   多-12/空77  停手:无可卖仓且买点不强
特变电工(600089)       21.34     21.50    3.1%    多38/空38  停手:价格低于均价，14:30前禁止买入
中国巨石(600176)       64.97     65.15   13.4%    多21/空42  停手:价格低于均价，14:30前禁止买入
华工科技(000988)      150.55    149.24    7.1%   多-10/空72  强可T     
拓维信息(002261)       30.00     29.50    4.3%   多-11/空83  停手:无可卖仓且买点不强
陕西斯瑞新材股份(688102)   44.58     44.75   14.0%    多19/空50  停手:价格低于均价，14:30前禁止买入
江丰电子(300666)      329.34    323.49    9.3%    多-8/空74  强可T     
赛微电子(300456)       40.49     39.64    7.0%   多-10/空37  弱机会     
11:25:30 [INFO] 🫀 扫描心跳 第126轮开始
11:26:04 [INFO] 🫀 扫描心跳 第127轮开始
11:26:35 [INFO] 🫀 扫描心跳 第128轮开始
11:27:10 [INFO] 🫀 扫描心跳 第129轮开始
11:27:29 [INFO] 
📊 护城河防御面板 第129轮
──────────────────────────────────────────────────────────────────────
科创半导体ETF华夏(588170)    1.21      1.18    7.0%   多-12/空50  停手:无可卖仓且买点不强
特变电工(600089)       21.33     21.50    3.1%    多38/空53  停手:价格低于均价，14:30前禁止买入
中国巨石(600176)       64.99     65.14   13.4%    多17/空40  停手:价格低于均价，14:30前禁止买入
华工科技(000988)      150.55    149.24    7.1%   多-10/空72  强可T     
拓维信息(002261)       30.00     29.50    4.3%   多-11/空83  停手:无可卖仓且买点不强
陕西斯瑞新材股份(688102)   44.58     44.75   14.0%    多19/空50  停手:价格低于均价，14:30前禁止买入
江丰电子(300666)      329.34    323.49    9.3%    多-8/空74  强可T     
赛微电子(300456)       40.49     39.64    7.0%   多-10/空37  弱机会     
11:27:44 [INFO] 🫀 扫描心跳 第130轮开始
11:28:15 [INFO] 🫀 扫描心跳 第131轮开始
11:28:47 [INFO] 🫀 扫描心跳 第132轮开始
11:28:51 [INFO] 📊 动态份数 600089: 状态=normal 信号强度87/阈值42, 建议交易1200股/份 (100%)
11:28:51 [INFO] ✅ 飞书消息已成功送达: 特变电工(600089) SELL_HIGH - 加急通知已发送
11:28:53 [INFO] 🔔 已触发急促报警
11:29:23 [INFO] 🫀 扫描心跳 第133轮开始
11:29:40 [INFO] 
📊 护城河防御面板 第133轮
──────────────────────────────────────────────────────────────────────
科创半导体ETF华夏(588170)    1.21      1.18    7.0%   多-12/空50  停手:无可卖仓且买点不强
特变电工(600089)       21.39     21.49    3.1%    多28/空87  停手:价格低于均价，14:30前禁止买入
中国巨石(600176)       64.90     65.13   13.4%    多27/空40  停手:价格低于均价，14:30前禁止买入
华工科技(000988)      150.33    149.29    7.1%   多-12/空54  可T观察    
拓维信息(002261)       30.25     29.53    4.8%     多9/空84  停手:无可卖仓且买点不强
陕西斯瑞新材股份(688102)   44.42     44.74   14.0%    多25/空40  停手:价格低于均价，14:30前禁止买入
江丰电子(300666)      329.99    323.74    9.3%   多-10/空74  强可T     
赛微电子(300456)       40.46     39.67    7.0%   多-10/空37  弱机会     
11:29:55 [INFO] 🫀 扫描心跳 第134轮开始
11:30:26 [INFO] ⏸ 非交易时段，进入低频保活
11:40:26 [INFO] ⏸ 非交易时段，进入低频保活
11:50:26 [INFO] ⏸ 非交易时段，进入低频保活
12:00:26 [INFO] ⏸ 非交易时段，进入低频保活
12:10:26 [INFO] ⏸ 非交易时段，进入低频保活
12:20:26 [INFO] ⏸ 非交易时段，进入低频保活
12:30:26 [INFO] ⏸ 非交易时段，进入低频保活
12:40:26 [INFO] ⏸ 非交易时段，进入低频保活
12:50:26 [INFO] ⏸ 非交易时段，进入低频保活
13:00:11 [INFO] 🫀 扫描心跳 第135轮开始
13:00:22 [INFO] 📊 动态份数 600176: 状态=normal 信号强度65/阈值48, 建议交易100股/份 (50%)
13:00:23 [INFO] ✅ 飞书消息已成功送达: 中国巨石(600176) SELL_HIGH - 加急通知已发送
13:00:25 [INFO] 🔔 已触发急促报警
13:00:28 [INFO] 📊 动态份数 000988: 状态=normal 信号强度57/阈值42, 建议交易200股/份 (100%)
13:00:28 [INFO] 📉 000988 卖出信号得分57分，低于10:00后阈值65分，静默处理（不推送飞书）
13:00:37 [INFO] 📊 动态份数 300666: 状态=normal 信号强度70/阈值42, 建议交易100股/份 (100%)
13:00:38 [INFO] ✅ 飞书消息已成功送达: 江丰电子(300666) SELL_HIGH - 加急通知已发送
13:00:39 [INFO] 🔔 已触发急促报警
13:00:43 [INFO] 📉 300456 卖出信号得分45分，低于10:00后阈值65分，静默处理（不推送飞书）
13:00:58 [INFO] 🫀 扫描心跳 第136轮开始
13:01:29 [INFO] 🫀 扫描心跳 第137轮开始
13:01:44 [INFO] 
📊 护城河防御面板 第137轮
──────────────────────────────────────────────────────────────────────
科创半导体ETF华夏(588170)    1.22      1.18    7.0%   多-25/空72  停手:无可卖仓且买点不强
特变电工(600089)       21.40     21.49    3.1%    多16/空64  停手:无可卖仓且买点不强
中国巨石(600176)       65.50     65.13   13.4%    多-8/空65  强可T     
华工科技(000988)      151.42    149.36    7.1%    多-8/空49  停手:无可卖仓且买点不强
拓维信息(002261)       30.13     29.56    5.0%   多-17/空64  停手:无可卖仓且买点不强
陕西斯瑞新材股份(688102)   45.00     44.74   14.0%     多2/空53  停手:已达当日买入上限1次
江丰电子(300666)      330.09    324.07    9.3%   多-10/空62  停手:无可卖仓且买点不强
赛微电子(300456)       40.60     39.71    7.0%   多-17/空37  停手:无可卖仓且买点不强
13:01:59 [INFO] 🫀 扫描心跳 第138轮开始
13:02:31 [INFO] 🫀 扫描心跳 第139轮开始
13:03:02 [INFO] 🫀 扫描心跳 第140轮开始
13:03:34 [INFO] 🫀 扫描心跳 第141轮开始
13:03:51 [INFO] 
📊 护城河防御面板 第141轮
──────────────────────────────────────────────────────────────────────
科创半导体ETF华夏(588170)    1.21      1.18    7.0%   多-12/空52  停手:无可卖仓且买点不强
特变电工(600089)       21.42     21.49    3.1%    多12/空81  停手:无可卖仓且买点不强
中国巨石(600176)       65.32     65.14   13.4%    多-4/空22  停手:买卖都不够强
华工科技(000988)      151.05    149.42    7.1%   多-10/空77  停手:无可卖仓且买点不强
拓维信息(002261)       29.97     29.58    5.0%    多-7/空64  停手:无可卖仓且买点不强
陕西斯瑞新材股份(688102)   44.68     44.74   14.0%    多20/空43  停手:价格低于均价，14:30前禁止买入
江丰电子(300666)      331.60    324.33    9.3%   多-20/空37  停手:无可卖仓且买点不强
赛微电子(300456)       40.55     39.75    7.0%   多-17/空52  停手:无可卖仓且买点不强
13:04:06 [INFO] 🫀 扫描心跳 第142轮开始
13:04:37 [INFO] 🫀 扫描心跳 第143轮开始
13:05:09 [INFO] 🫀 扫描心跳 第144轮开始
13:05:40 [INFO] 🫀 扫描心跳 第145轮开始
13:05:57 [INFO] 
📊 护城河防御面板 第145轮
──────────────────────────────────────────────────────────────────────
科创半导体ETF华夏(588170)    1.21      1.18    7.0%   多-12/空52  停手:无可卖仓且买点不强
特变电工(600089)       21.42     21.49    3.1%    多12/空81  停手:无可卖仓且买点不强
中国巨石(600176)       65.32     65.14   13.4%    多-4/空22  停手:买卖都不够强
华工科技(000988)      151.05    149.42    7.1%   多-10/空77  停手:无可卖仓且买点不强
拓维信息(002261)       29.97     29.58    5.0%    多-7/空64  停手:无可卖仓且买点不强
陕西斯瑞新材股份(688102)   44.68     44.74   14.0%    多20/空43  停手:价格低于均价，14:30前禁止买入
江丰电子(300666)      331.60    324.33    9.3%   多-20/空37  停手:无可卖仓且买点不强
赛微电子(300456)       40.55     39.75    7.0%   多-17/空52  停手:无可卖仓且买点不强
13:06:12 [INFO] 🫀 扫描心跳 第146轮开始
13:06:42 [INFO] 🫀 扫描心跳 第147轮开始
13:07:16 [INFO] 🫀 扫描心跳 第148轮开始
13:07:47 [INFO] 🫀 扫描心跳 第149轮开始
13:08:03 [INFO] 
📊 护城河防御面板 第149轮
──────────────────────────────────────────────────────────────────────
科创半导体ETF华夏(588170)    1.21      1.19    7.0%    多-8/空64  停手:无可卖仓且买点不强
特变电工(600089)       21.44     21.48    3.1%    多12/空46  停手:无可卖仓且买点不强
中国巨石(600176)       65.17     65.14   13.4%    多-6/空37  弱机会     
华工科技(000988)      151.30    149.49    7.1%   多-10/空37  停手:无可卖仓且买点不强
拓维信息(002261)       30.05     29.60    5.0%    多-1/空49  停手:无可卖仓且买点不强
陕西斯瑞新材股份(688102)   44.40     44.74   14.0%    多34/空37  停手:价格低于均价，14:30前禁止买入
江丰电子(300666)      332.50    324.65    9.3%   多-20/空52  停手:无可卖仓且买点不强
赛微电子(300456)       40.69     39.78    7.0%   多-17/空37  停手:无可卖仓且买点不强
13:08:18 [INFO] 🫀 扫描心跳 第150轮开始
13:08:49 [INFO] 🫀 扫描心跳 第151轮开始
13:09:20 [INFO] 🫀 扫描心跳 第152轮开始
13:09:51 [INFO] 🫀 扫描心跳 第153轮开始
13:10:09 [INFO] 
📊 护城河防御面板 第153轮
──────────────────────────────────────────────────────────────────────
科创半导体ETF华夏(588170)    1.20      1.19    7.0%   多-17/空67  停手:无可卖仓且买点不强
特变电工(600089)       21.39     21.48    3.1%    多18/空51  停手:无可卖仓且买点不强
中国巨石(600176)       64.36     65.12   13.4%    多43/空26  停手:价格低于均价，14:30前禁止买入
华工科技(000988)      150.11    149.53    7.1%     多8/空41  停手:无可卖仓且买点不强
拓维信息(002261)       30.04     29.62    5.0%    多-1/空64  停手:无可卖仓且买点不强
陕西斯瑞新材股份(688102)   44.00     44.71   14.0%    多84/空37  停手:价格低于均价，14:30前禁止买入
江丰电子(300666)      328.00    324.88    9.3%     多0/空56  停手:无可卖仓且买点不强
赛微电子(300456)       40.28     39.82    7.0%     多1/空56  停手:无可卖仓且买点不强
13:10:24 [INFO] 🫀 扫描心跳 第154轮开始
13:11:09 [INFO] 🫀 扫描心跳 第155轮开始
13:11:40 [INFO] 🫀 扫描心跳 第156轮开始
13:12:11 [INFO] 🫀 扫描心跳 第157轮开始
13:12:28 [INFO] 
📊 护城河防御面板 第157轮
──────────────────────────────────────────────────────────────────────
科创半导体ETF华夏(588170)    1.20      1.19    7.0%   多-17/空67  停手:无可卖仓且买点不强
特变电工(600089)       21.39     21.48    3.1%    多18/空51  停手:无可卖仓且买点不强
中国巨石(600176)       64.36     65.12   13.4%    多43/空26  停手:价格低于均价，14:30前禁止买入
华工科技(000988)      150.11    149.53    7.1%     多8/空41  停手:无可卖仓且买点不强
拓维信息(002261)       30.04     29.62    5.0%    多-1/空64  停手:无可卖仓且买点不强
陕西斯瑞新材股份(688102)   44.00     44.71   14.0%    多84/空37  停手:价格低于均价，14:30前禁止买入
江丰电子(300666)      328.00    324.88    9.3%     多0/空56  停手:无可卖仓且买点不强
赛微电子(300456)       40.28     39.82    7.0%     多1/空56  停手:无可卖仓且买点不强
13:12:43 [INFO] 🫀 扫描心跳 第158轮开始
13:13:14 [INFO] 🫀 扫描心跳 第159轮开始
13:13:48 [INFO] 🫀 扫描心跳 第160轮开始
13:14:19 [INFO] 🫀 扫描心跳 第161轮开始
13:14:35 [INFO] 
📊 护城河防御面板 第161轮
──────────────────────────────────────────────────────────────────────
科创半导体ETF华夏(588170)    1.20      1.19    7.0%   多-17/空71  停手:无可卖仓且买点不强
特变电工(600089)       21.39     21.48    3.1%    多20/空36  停手:无可卖仓且买点不强
中国巨石(600176)       64.35     65.09   13.4%    多70/空26  停手:价格低于均价，14:30前禁止买入
华工科技(000988)      150.95    149.58    7.1%     多0/空37  停手:无可卖仓且买点不强
拓维信息(002261)       30.15     29.65    5.0%     多3/空61  停手:无可卖仓且买点不强
陕西斯瑞新材股份(688102)   44.00     44.69   14.0%    多88/空37  停手:价格低于均价，14:30前禁止买入
江丰电子(300666)      327.88    325.00    9.3%   多-10/空56  停手:无可卖仓且买点不强
赛微电子(300456)       40.40     39.84    7.0%    多-7/空56  停手:无可卖仓且买点不强
13:14:50 [INFO] 🫀 扫描心跳 第162轮开始
13:15:21 [INFO] 🫀 扫描心跳 第163轮开始
13:15:52 [INFO] 🫀 扫描心跳 第164轮开始
13:16:24 [INFO] 🫀 扫描心跳 第165轮开始
13:16:43 [INFO] 
📊 护城河防御面板 第165轮
──────────────────────────────────────────────────────────────────────
科创半导体ETF华夏(588170)    1.20      1.19    7.0%     多8/空71  停手:无可卖仓且买点不强
特变电工(600089)       21.39     21.47    3.1%    多66/空32  停手:价格低于均价，14:30前禁止买入
中国巨石(600176)       64.36     65.06   13.4%     多68/空7  停手:价格低于均价，14:30前禁止买入
华工科技(000988)      150.27    149.61    7.1%    多-4/空41  停手:无可卖仓且买点不强
拓维信息(002261)       30.31     29.68    5.2%    多-9/空69  停手:无可卖仓且买点不强
陕西斯瑞新材股份(688102)   43.83     44.66   14.2%    多96/空37  停手:价格低于均价，14:30前禁止买入
江丰电子(300666)      327.80    325.08    9.3%    多10/空37  停手:无可卖仓且买点不强
赛微电子(300456)       40.35     39.86    7.0%    多11/空56  停手:无可卖仓且买点不强
13:16:58 [INFO] 🫀 扫描心跳 第166轮开始
13:17:29 [INFO] 🫀 扫描心跳 第167轮开始
13:18:00 [INFO] 🫀 扫描心跳 第168轮开始
13:18:31 [INFO] 🫀 扫描心跳 第169轮开始
13:18:47 [INFO] 
📊 护城河防御面板 第169轮
──────────────────────────────────────────────────────────────────────
科创半导体ETF华夏(588170)    1.20      1.19    7.0%     多8/空71  停手:无可卖仓且买点不强
特变电工(600089)       21.39     21.47    3.1%    多66/空32  停手:价格低于均价，14:30前禁止买入
中国巨石(600176)       64.36     65.06   13.4%     多68/空7  停手:价格低于均价，14:30前禁止买入
华工科技(000988)      150.27    149.61    7.1%    多-4/空41  停手:无可卖仓且买点不强
拓维信息(002261)       30.31     29.68    5.2%    多-9/空69  停手:无可卖仓且买点不强
陕西斯瑞新材股份(688102)   43.83     44.66   14.2%    多96/空37  停手:价格低于均价，14:30前禁止买入
江丰电子(300666)      327.80    325.08    9.3%    多10/空37  停手:无可卖仓且买点不强
赛微电子(300456)       40.35     39.86    7.0%    多11/空56  停手:无可卖仓且买点不强
13:19:02 [INFO] 🫀 扫描心跳 第170轮开始
13:19:35 [INFO] 🫀 扫描心跳 第171轮开始
13:20:08 [INFO] 🫀 扫描心跳 第172轮开始
13:20:39 [INFO] 🫀 扫描心跳 第173轮开始
13:21:11 [INFO] 
📊 护城河防御面板 第173轮
──────────────────────────────────────────────────────────────────────
科创半导体ETF华夏(588170)    1.20      1.19    7.0%     多8/空71  停手:无可卖仓且买点不强
特变电工(600089)       21.37     21.47    3.1%    多44/空36  停手:价格低于均价，14:30前禁止买入
中国巨石(600176)       63.99     65.02   13.4%    多88/空26  停手:价格低于均价，14:30前禁止买入
华工科技(000988)      150.26    149.64    7.1%    多-4/空41  停手:无可卖仓且买点不强
拓维信息(002261)       30.13     29.70    5.2%    多-5/空64  停手:无可卖仓且买点不强
陕西斯瑞新材股份(688102)   43.85     44.64   14.1%    多88/空37  停手:价格低于均价，14:30前禁止买入
江丰电子(300666)      326.43    325.13    9.3%    多10/空41  停手:无可卖仓且买点不强
赛微电子(300456)       40.14     39.87    7.0%    多30/空41  弱机会     
13:21:26 [INFO] 🫀 扫描心跳 第174轮开始
13:21:57 [INFO] 🫀 扫描心跳 第175轮开始
13:22:27 [INFO] 🫀 扫描心跳 第176轮开始
13:22:58 [INFO] 🫀 扫描心跳 第177轮开始
13:23:16 [INFO] 
📊 护城河防御面板 第177轮
──────────────────────────────────────────────────────────────────────
科创半导体ETF华夏(588170)    1.19      1.19    7.0%   多-14/空71  停手:无可卖仓且买点不强
特变电工(600089)       21.37     21.47    3.1%    多66/空32  停手:价格低于均价，14:30前禁止买入
中国巨石(600176)       63.99     64.98   13.4%     多92/空7  停手:价格低于均价，14:30前禁止买入
华工科技(000988)      149.91    149.65    7.1%    多26/空41  停手:无可卖仓且买点不强
拓维信息(002261)       30.10     29.72    5.2%     多5/空49  停手:无可卖仓且买点不强
陕西斯瑞新材股份(688102)   43.76     44.61   14.4%    多82/空33  停手:价格低于均价，14:30前禁止买入
江丰电子(300666)      326.20    325.20    9.3%    多16/空41  停手:无可卖仓且买点不强
赛微电子(300456)       40.03     39.88    7.0%    多50/空41  可T观察    
13:23:31 [INFO] 🫀 扫描心跳 第178轮开始
13:24:02 [INFO] 🫀 扫描心跳 第179轮开始
13:24:32 [INFO] 🫀 扫描心跳 第180轮开始
13:25:03 [INFO] 🫀 扫描心跳 第181轮开始
13:25:18 [INFO] 
📊 护城河防御面板 第181轮
──────────────────────────────────────────────────────────────────────
科创半导体ETF华夏(588170)    1.19      1.19    7.0%   多-14/空71  停手:无可卖仓且买点不强
特变电工(600089)       21.37     21.47    3.1%    多66/空32  停手:价格低于均价，14:30前禁止买入
中国巨石(600176)       63.99     64.98   13.4%     多92/空7  停手:价格低于均价，14:30前禁止买入
华工科技(000988)      149.91    149.65    7.1%    多26/空41  停手:无可卖仓且买点不强
拓维信息(002261)       30.10     29.72    5.2%     多5/空49  停手:无可卖仓且买点不强
陕西斯瑞新材股份(688102)   43.76     44.61   14.4%    多82/空33  停手:价格低于均价，14:30前禁止买入
江丰电子(300666)      326.20    325.20    9.3%    多16/空41  停手:无可卖仓且买点不强
赛微电子(300456)       40.03     39.88    7.0%    多50/空41  可T观察    
13:25:33 [INFO] 🫀 扫描心跳 第182轮开始
13:26:04 [INFO] 🫀 扫描心跳 第183轮开始
13:26:38 [INFO] 🫀 扫描心跳 第184轮开始
13:27:09 [INFO] 🫀 扫描心跳 第185轮开始
13:27:24 [INFO] 
📊 护城河防御面板 第185轮
──────────────────────────────────────────────────────────────────────
科创半导体ETF华夏(588170)    1.20      1.19    7.0%    多-8/空52  停手:无可卖仓且买点不强
特变电工(600089)       21.36     21.46    3.1%    多66/空32  停手:价格低于均价，14:30前禁止买入
中国巨石(600176)       64.08     64.95   13.4%     多42/空7  停手:价格低于均价，14:30前禁止买入
华工科技(000988)      150.45    149.66    7.1%    多10/空22  停手:无可卖仓且买点不强
拓维信息(002261)       30.17     29.73    5.2%     多9/空49  停手:无可卖仓且买点不强
陕西斯瑞新材股份(688102)   43.57     44.58   14.9%    多90/空37  停手:价格低于均价，14:30前禁止买入
江丰电子(300666)      328.07    325.26    9.3%    多10/空37  停手:无可卖仓且买点不强
赛微电子(300456)       40.40     39.89    7.0%    多15/空37  停手:无可卖仓且买点不强
13:27:39 [INFO] 🫀 扫描心跳 第186轮开始
13:28:11 [INFO] 🫀 扫描心跳 第187轮开始
13:28:42 [INFO] 🫀 扫描心跳 第188轮开始
13:29:13 [INFO] 🫀 扫描心跳 第189轮开始
13:29:31 [INFO] 
📊 护城河防御面板 第189轮
──────────────────────────────────────────────────────────────────────
科创半导体ETF华夏(588170)    1.20      1.19    7.0%   多-13/空52  停手:无可卖仓且买点不强
特变电工(600089)       21.36     21.46    3.1%    多51/空32  停手:价格低于均价，14:30前禁止买入
中国巨石(600176)       64.35     64.93   13.4%     多39/空7  停手:价格低于均价，14:30前禁止买入
华工科技(000988)      150.76    149.70    7.1%    多-6/空22  停手:无可卖仓且买点不强
拓维信息(002261)       30.19     29.75    5.2%     多9/空64  停手:无可卖仓且买点不强
陕西斯瑞新材股份(688102)   43.80     44.56   14.9%    多28/空18  停手:价格低于均价，14:30前禁止买入
江丰电子(300666)      328.57    325.36    9.3%   多-12/空37  停手:无可卖仓且买点不强
赛微电子(300456)       40.37     39.91    7.0%    多-9/空37  停手:无可卖仓且买点不强
13:29:46 [INFO] 🫀 扫描心跳 第190轮开始
13:30:17 [INFO] 🫀 扫描心跳 第191轮开始
13:30:51 [INFO] 🫀 扫描心跳 第192轮开始
13:31:24 [INFO] 🫀 扫描心跳 第193轮开始
13:31:42 [INFO] 
📊 护城河防御面板 第193轮
──────────────────────────────────────────────────────────────────────
科创半导体ETF华夏(588170)    1.20      1.19    7.0%    多-5/空48  停手:无可卖仓且买点不强
特变电工(600089)       21.36     21.46    3.1%    多51/空32  停手:价格低于均价，14:30前禁止买入
中国巨石(600176)       64.35     64.93   13.4%    多33/空11  停手:价格低于均价，14:30前禁止买入
华工科技(000988)      150.76    149.70    7.1%    多-6/空22  停手:无可卖仓且买点不强
拓维信息(002261)       30.19     29.75    5.2%    多-3/空74  停手:无可卖仓且买点不强
陕西斯瑞新材股份(688102)   43.80     44.56   14.9%    多28/空18  停手:价格低于均价，14:30前禁止买入
江丰电子(300666)      328.57    325.36    9.3%   多-10/空37  停手:无可卖仓且买点不强
赛微电子(300456)       40.37     39.91    7.0%   多-46/空80  停手:无可卖仓且买点不强
13:31:57 [INFO] 🫀 扫描心跳 第194轮开始
13:32:27 [INFO] 🫀 扫描心跳 第195轮开始
13:33:00 [INFO] 🫀 扫描心跳 第196轮开始
13:33:31 [INFO] 🫀 扫描心跳 第197轮开始
13:33:48 [INFO] 
📊 护城河防御面板 第197轮
──────────────────────────────────────────────────────────────────────
科创半导体ETF华夏(588170)    1.19      1.19    7.0%    多28/空67  停手:当日轮次已满
特变电工(600089)       21.34     21.46    3.1%    多39/空51  停手:价格低于均价，14:30前禁止买入
中国巨石(600176)       63.94     64.90   13.4%    多74/空40  停手:价格低于均价，14:30前禁止买入
华工科技(000988)      149.95    149.71    7.1%    多32/空41  弱机会     
拓维信息(002261)       30.08     29.76    5.2%   多-16/空94  停手:无可卖仓且买点不强
陕西斯瑞新材股份(688102)   43.21     44.52   15.8%    多73/空37  停手:价格低于均价，14:30前禁止买入
江丰电子(300666)      326.80    325.41    9.3%    多-6/空41  停手:无可卖仓且买点不强
赛微电子(300456)       40.05     39.91    7.0%   多-30/空68  停手:无可卖仓且买点不强
13:34:03 [INFO] 🫀 扫描心跳 第198轮开始
13:34:34 [INFO] 🫀 扫描心跳 第199轮开始
13:35:05 [INFO] 🫀 扫描心跳 第200轮开始
13:35:37 [INFO] 🫀 扫描心跳 第201轮开始
13:35:55 [INFO] 
📊 护城河防御面板 第201轮
──────────────────────────────────────────────────────────────────────
科创半导体ETF华夏(588170)    1.20      1.19    7.0%    多43/空48  停手:当日轮次已满
特变电工(600089)       21.34     21.45    3.1%    多77/空32  停手:价格低于均价，14:30前禁止买入
中国巨石(600176)       63.93     64.87   13.4%    多97/空26  停手:价格低于均价，14:30前禁止买入
华工科技(000988)      149.82    149.71    7.1%    多22/空41  停手:无可卖仓且买点不强
拓维信息(002261)       30.02     29.77    5.2%   多-10/空94  停手:无可卖仓且买点不强
陕西斯瑞新材股份(688102)   43.36     44.49   15.9%    多73/空18  停手:价格低于均价，14:30前禁止买入
江丰电子(300666)      325.75    325.41    9.3%    多24/空41  停手:无可卖仓且买点不强
赛微电子(300456)       40.10     39.92    7.0%    多-6/空49  停手:无可卖仓且买点不强
13:36:10 [INFO] 🫀 扫描心跳 第202轮开始
13:36:57 [INFO] 🫀 扫描心跳 第203轮开始
13:37:31 [INFO] 🫀 扫描心跳 第204轮开始
13:38:02 [INFO] 🫀 扫描心跳 第205轮开始
13:38:18 [INFO] 
📊 护城河防御面板 第205轮
──────────────────────────────────────────────────────────────────────
科创半导体ETF华夏(588170)    1.20      1.19    7.0%    多43/空48  停手:当日轮次已满
特变电工(600089)       21.34     21.45    3.1%    多77/空32  停手:价格低于均价，14:30前禁止买入
中国巨石(600176)       63.93     64.87   13.4%    多97/空26  停手:价格低于均价，14:30前禁止买入
华工科技(000988)      149.82    149.71    7.1%    多22/空41  停手:无可卖仓且买点不强
拓维信息(002261)       30.02     29.77    5.2%   多-10/空94  停手:无可卖仓且买点不强
陕西斯瑞新材股份(688102)   43.36     44.49   15.9%    多73/空18  停手:价格低于均价，14:30前禁止买入
江丰电子(300666)      325.75    325.41    9.3%    多24/空41  停手:无可卖仓且买点不强
赛微电子(300456)       40.10     39.92    7.0%    多-6/空49  停手:无可卖仓且买点不强
13:38:33 [INFO] 🫀 扫描心跳 第206轮开始
13:39:05 [INFO] 🫀 扫描心跳 第207轮开始
13:39:38 [INFO] 🫀 扫描心跳 第208轮开始
13:40:09 [INFO] 🫀 扫描心跳 第209轮开始
13:40:25 [INFO] 
📊 护城河防御面板 第209轮
──────────────────────────────────────────────────────────────────────
科创半导体ETF华夏(588170)    1.20      1.19    7.0%    多-5/空60  停手:无可卖仓且买点不强
特变电工(600089)       21.37     21.45    3.1%    多25/空52  停手:无可卖仓且买点不强
中国巨石(600176)       63.93     64.83   13.4%    多52/空11  停手:价格低于均价，14:30前禁止买入
华工科技(000988)      150.06    149.72    7.1%    多42/空22  弱机会     
拓维信息(002261)       30.10     29.79    5.2%    多-6/空70  停手:无可卖仓且买点不强
陕西斯瑞新材股份(688102)   43.52     44.45   15.9%    多33/空18  停手:价格低于均价，14:30前禁止买入
江丰电子(300666)      326.93    325.44    9.3%    多20/空22  停手:无可卖仓且买点不强
赛微电子(300456)       40.20     39.93    7.0%   多-58/空75  停手:无可卖仓且买点不强
13:40:40 [INFO] 🫀 扫描心跳 第210轮开始
13:41:12 [INFO] 🫀 扫描心跳 第211轮开始
13:41:44 [INFO] 🫀 扫描心跳 第212轮开始
13:42:15 [INFO] 🫀 扫描心跳 第213轮开始
13:42:34 [INFO] 
📊 护城河防御面板 第213轮
──────────────────────────────────────────────────────────────────────
科创半导体ETF华夏(588170)    1.20      1.19    7.0%   多-11/空88  停手:无可卖仓且买点不强
特变电工(600089)       21.38     21.45    3.1%    多25/空64  停手:无可卖仓且买点不强
中国巨石(600176)       64.10     64.81   13.4%    多28/空26  停手:价格低于均价，14:30前禁止买入
华工科技(000988)      150.93    149.76    7.1%    多-6/空49  停手:无可卖仓且买点不强
拓维信息(002261)       30.14     29.80    5.2%   多-24/空59  停手:无可卖仓且买点不强
陕西斯瑞新材股份(688102)   43.82     44.44   15.9%    多16/空18  停手:买卖都不够强
江丰电子(300666)      327.60    325.51    9.3%    多-4/空22  停手:无可卖仓且买点不强
赛微电子(300456)       40.21     39.94    7.0%  多-58/空100  停手:无可卖仓且买点不强
13:42:49 [INFO] 🫀 扫描心跳 第214轮开始
13:43:20 [INFO] 🫀 扫描心跳 第215轮开始
13:43:53 [INFO] 🫀 扫描心跳 第216轮开始
13:44:24 [INFO] 🫀 扫描心跳 第217轮开始
13:44:40 [INFO] 
📊 护城河防御面板 第217轮
──────────────────────────────────────────────────────────────────────
科创半导体ETF华夏(588170)    1.20      1.19    7.0%   多-11/空88  停手:无可卖仓且买点不强
特变电工(600089)       21.38     21.45    3.1%    多25/空64  停手:无可卖仓且买点不强
中国巨石(600176)       64.10     64.81   13.4%    多28/空26  停手:价格低于均价，14:30前禁止买入
华工科技(000988)      150.93    149.76    7.1%    多-6/空49  停手:无可卖仓且买点不强
拓维信息(002261)       30.14     29.80    5.2%   多-24/空59  停手:无可卖仓且买点不强
陕西斯瑞新材股份(688102)   43.82     44.44   15.9%    多16/空18  停手:买卖都不够强
江丰电子(300666)      327.60    325.51    9.3%    多-4/空22  停手:无可卖仓且买点不强
赛微电子(300456)       40.21     39.94    7.0%  多-58/空100  停手:无可卖仓且买点不强
13:44:55 [INFO] 🫀 扫描心跳 第218轮开始
13:45:26 [INFO] 🫀 扫描心跳 第219轮开始
13:45:59 [INFO] 🫀 扫描心跳 第220轮开始
13:46:31 [INFO] 🫀 扫描心跳 第221轮开始
13:46:47 [INFO] 
📊 护城河防御面板 第221轮
──────────────────────────────────────────────────────────────────────
科创半导体ETF华夏(588170)    1.21      1.19    7.0%   多-11/空73  停手:无可卖仓且买点不强
特变电工(600089)       21.43     21.45    3.1%     多7/空87  停手:无可卖仓且买点不强
中国巨石(600176)       64.18     64.80   13.4%    多44/空11  停手:价格低于均价，14:30前禁止买入
华工科技(000988)      151.60    149.80    7.1%   多-12/空64  停手:无可卖仓且买点不强
拓维信息(002261)       30.18     29.81    5.2%   多-24/空69  停手:无可卖仓且买点不强
陕西斯瑞新材股份(688102)   43.80     44.42   15.9%    多26/空43  停手:价格低于均价，14:30前禁止买入
江丰电子(300666)      329.02    325.61    9.3%   多-10/空47  停手:无可卖仓且买点不强
赛微电子(300456)       40.36     39.95    7.0%   多-40/空90  停手:无可卖仓且买点不强
13:47:02 [INFO] 🫀 扫描心跳 第222轮开始
13:47:33 [INFO] 🫀 扫描心跳 第223轮开始
13:48:04 [INFO] 🫀 扫描心跳 第224轮开始
13:48:35 [INFO] 🫀 扫描心跳 第225轮开始
13:48:53 [INFO] 
📊 护城河防御面板 第225轮
──────────────────────────────────────────────────────────────────────
科创半导体ETF华夏(588170)    1.21      1.19    7.0%   多-13/空73  停手:无可卖仓且买点不强
特变电工(600089)       21.42     21.45    3.1%    多11/空89  停手:无可卖仓且买点不强
中国巨石(600176)       63.98     64.77   13.4%    多63/空40  停手:价格低于均价，14:30前禁止买入
华工科技(000988)      152.00    149.86    7.1%    多-9/空90  停手:无可卖仓且买点不强
拓维信息(002261)       30.30     29.82    5.2%  多-27/空106  停手:无可卖仓且买点不强
陕西斯瑞新材股份(688102)   43.45     44.40   15.9%    多54/空47  停手:价格低于均价，14:30前禁止买入
江丰电子(300666)      329.00    325.74    9.3%   多-12/空62  停手:无可卖仓且买点不强
赛微电子(300456)       40.25     39.96    7.0%   多-45/空68  停手:无可卖仓且买点不强
13:49:08 [INFO] 🫀 扫描心跳 第226轮开始
13:49:39 [INFO] 🫀 扫描心跳 第227轮开始
13:50:10 [INFO] 🫀 扫描心跳 第228轮开始
13:50:57 [INFO] 🫀 扫描心跳 第229轮开始
13:51:12 [INFO] 
📊 护城河防御面板 第229轮
──────────────────────────────────────────────────────────────────────
科创半导体ETF华夏(588170)    1.21      1.19    7.0%   多-13/空73  停手:无可卖仓且买点不强
特变电工(600089)       21.42     21.45    3.1%    多11/空89  停手:无可卖仓且买点不强
中国巨石(600176)       63.98     64.77   13.4%    多63/空40  停手:价格低于均价，14:30前禁止买入
华工科技(000988)      152.00    149.86    7.1%    多-9/空90  停手:无可卖仓且买点不强
拓维信息(002261)       30.30     29.82    5.2%  多-27/空106  停手:无可卖仓且买点不强
陕西斯瑞新材股份(688102)   43.45     44.40   15.9%    多54/空47  停手:价格低于均价，14:30前禁止买入
江丰电子(300666)      329.00    325.74    9.3%   多-12/空62  停手:无可卖仓且买点不强
赛微电子(300456)       40.25     39.96    7.0%   多-45/空68  停手:无可卖仓且买点不强
13:51:27 [INFO] 🫀 扫描心跳 第230轮开始
13:51:58 [INFO] 🫀 扫描心跳 第231轮开始
13:52:31 [INFO] 🫀 扫描心跳 第232轮开始
13:53:02 [INFO] 🫀 扫描心跳 第233轮开始
13:53:17 [INFO] 
📊 护城河防御面板 第233轮
──────────────────────────────────────────────────────────────────────
科创半导体ETF华夏(588170)    1.21      1.19    7.0%   多-13/空58  停手:无可卖仓且买点不强
特变电工(600089)       21.47     21.45    3.1%  多-18/空102  停手:无可卖仓且买点不强
中国巨石(600176)       64.18     64.75   13.4%    多44/空21  停手:价格低于均价，14:30前禁止买入
华工科技(000988)      151.72    149.93    7.1%   多-14/空62  停手:无可卖仓且买点不强
拓维信息(002261)       30.28     29.84    5.2%   多-27/空81  停手:无可卖仓且买点不强
陕西斯瑞新材股份(688102)   43.36     44.37   15.9%    多50/空37  停手:价格低于均价，14:30前禁止买入
江丰电子(300666)      329.03    325.88    9.3%    多-2/空62  停手:无可卖仓且买点不强
赛微电子(300456)       40.28     39.97    7.0%   多-45/空79  停手:无可卖仓且买点不强
13:53:32 [INFO] 🫀 扫描心跳 第234轮开始
13:54:03 [INFO] 🫀 扫描心跳 第235轮开始
13:54:35 [INFO] 🫀 扫描心跳 第236轮开始
13:55:20 [INFO] 🫀 扫描心跳 第237轮开始
13:55:37 [INFO] 
📊 护城河防御面板 第237轮
──────────────────────────────────────────────────────────────────────
科创半导体ETF华夏(588170)    1.21      1.19    7.0%   多-13/空73  停手:无可卖仓且买点不强
特变电工(600089)       21.47     21.45    3.1%   多-20/空96  停手:无可卖仓且买点不强
中国巨石(600176)       64.36     64.74   13.4%    多31/空33  停手:价格低于均价，14:30前禁止买入
华工科技(000988)      152.00    149.98    7.1%   多-11/空47  停手:无可卖仓且买点不强
拓维信息(002261)       30.26     29.86    5.2%   多-29/空85  停手:无可卖仓且买点不强
陕西斯瑞新材股份(688102)   43.36     44.34   15.9%    多34/空37  停手:价格低于均价，14:30前禁止买入
江丰电子(300666)      330.50    326.04    9.3%   多-12/空62  停手:无可卖仓且买点不强
赛微电子(300456)       40.16     39.97    7.0%   多-54/空68  停手:无可卖仓且买点不强
13:55:52 [INFO] 🫀 扫描心跳 第238轮开始
13:56:23 [INFO] 🫀 扫描心跳 第239轮开始
13:56:54 [INFO] 🫀 扫描心跳 第240轮开始
13:57:25 [INFO] 🫀 扫描心跳 第241轮开始
13:57:41 [INFO] 
📊 护城河防御面板 第241轮
──────────────────────────────────────────────────────────────────────
科创半导体ETF华夏(588170)    1.21      1.19    7.0%   多-13/空73  停手:无可卖仓且买点不强
特变电工(600089)       21.47     21.45    3.1%   多-20/空96  停手:无可卖仓且买点不强
中国巨石(600176)       64.36     64.74   13.4%    多31/空33  停手:价格低于均价，14:30前禁止买入
华工科技(000988)      152.00    149.98    7.1%   多-11/空47  停手:无可卖仓且买点不强
拓维信息(002261)       30.26     29.86    5.2%   多-29/空85  停手:无可卖仓且买点不强
陕西斯瑞新材股份(688102)   43.36     44.34   15.9%    多34/空37  停手:价格低于均价，14:30前禁止买入
江丰电子(300666)      330.50    326.04    9.3%   多-12/空62  停手:无可卖仓且买点不强
赛微电子(300456)       40.16     39.97    7.0%   多-54/空68  停手:无可卖仓且买点不强
13:57:56 [INFO] 🫀 扫描心跳 第242轮开始
13:58:29 [INFO] 🫀 扫描心跳 第243轮开始
13:59:04 [INFO] 🫀 扫描心跳 第244轮开始
13:59:40 [INFO] 🫀 扫描心跳 第245轮开始
14:00:02 [INFO] 
📊 护城河防御面板 第245轮
──────────────────────────────────────────────────────────────────────
科创半导体ETF华夏(588170)    1.21      1.19    7.0%   多-11/空58  停手:无可卖仓且买点不强
特变电工(600089)       21.50     21.45    3.1%   多-18/空79  停手:无可卖仓且买点不强
中国巨石(600176)       64.38     64.73   13.4%    多31/空21  停手:价格低于均价，14:30前禁止买入
华工科技(000988)      151.97    150.03    7.1%   多-11/空37  停手:无可卖仓且买点不强
拓维信息(002261)       30.22     29.87    5.2%   多-13/空90  停手:无可卖仓且买点不强
陕西斯瑞新材股份(688102)   43.37     44.32   15.9%    多58/空18  停手:价格低于均价，14:30前禁止买入
江丰电子(300666)      332.56    326.20    9.3%   多-10/空59  停手:无可卖仓且买点不强
赛微电子(300456)       40.20     39.98    7.0%   多-60/空53  停手:无可卖仓且买点不强
14:00:17 [INFO] 🫀 扫描心跳 第246轮开始
14:00:54 [INFO] 🫀 扫描心跳 第247轮开始
14:01:39 [INFO] 🫀 扫描心跳 第248轮开始
14:02:19 [INFO] 🫀 扫描心跳 第249轮开始
14:02:38 [INFO] 
📊 护城河防御面板 第249轮
──────────────────────────────────────────────────────────────────────
科创半导体ETF华夏(588170)    1.21      1.19    7.0%    多11/空71  停手:无可卖仓且买点不强
特变电工(600089)       21.46     21.45    3.1%   多-5/空101  停手:无可卖仓且买点不强
中国巨石(600176)       64.29     64.72   13.4%    多60/空63  停手:价格低于均价，14:30前禁止买入
华工科技(000988)      151.69    150.07    7.1%     多5/空86  停手:无可卖仓且买点不强
拓维信息(002261)       30.14     29.88    5.2%   多26/空113  停手:无可卖仓且买点不强
陕西斯瑞新材股份(688102)   43.19     44.29   15.9%   多116/空72  停手:价格低于均价，14:30前禁止买入
江丰电子(300666)      330.12    326.33    9.3%     多1/空75  停手:无可卖仓且买点不强
赛微电子(300456)       40.10     39.98    7.0%    多38/空64  可T观察    
14:02:53 [INFO] 🫀 扫描心跳 第250轮开始
14:03:27 [INFO] 🫀 扫描心跳 第251轮开始
14:04:00 [INFO] 🫀 扫描心跳 第252轮开始
14:04:47 [INFO] 🫀 扫描心跳 第253轮开始
14:05:10 [INFO] 
📊 护城河防御面板 第253轮
──────────────────────────────────────────────────────────────────────
科创半导体ETF华夏(588170)    1.20      1.19    7.0%    多17/空86  停手:无可卖仓且买点不强
特变电工(600089)       21.43     21.45    3.1%    多40/空51  停手:价格低于均价，14:30前禁止买入
中国巨石(600176)       63.92     64.71   13.4%   多102/空53  停手:价格低于均价，14:30前禁止买入
华工科技(000988)      151.43    150.11    7.1%    多16/空86  停手:无可卖仓且买点不强
拓维信息(002261)       30.13     29.88    5.2%    多36/空94  强可T     
陕西斯瑞新材股份(688102)   43.01     44.27   16.4%   多100/空72  停手:价格低于均价，14:30前禁止买入
江丰电子(300666)      328.92    326.42    9.3%    多13/空64  停手:无可卖仓且买点不强
赛微电子(300456)       39.95     39.98    7.0%    多98/空49  停手:价格低于均价，14:30前禁止买入
14:05:25 [INFO] 🫀 扫描心跳 第254轮开始
14:06:02 [INFO] 🫀 扫描心跳 第255轮开始
14:06:40 [INFO] 🫀 扫描心跳 第256轮开始
14:07:18 [INFO] 🫀 扫描心跳 第257轮开始
14:07:39 [INFO] 
📊 护城河防御面板 第257轮
──────────────────────────────────────────────────────────────────────
科创半导体ETF华夏(588170)    1.20      1.19    7.0%    多17/空86  停手:无可卖仓且买点不强
特变电工(600089)       21.43     21.45    3.1%    多40/空51  停手:价格低于均价，14:30前禁止买入
中国巨石(600176)       63.92     64.71   13.4%   多102/空53  停手:价格低于均价，14:30前禁止买入
华工科技(000988)      151.43    150.11    7.1%    多16/空86  停手:无可卖仓且买点不强
拓维信息(002261)       30.13     29.88    5.2%    多36/空94  强可T     
陕西斯瑞新材股份(688102)   43.01     44.27   16.4%   多100/空72  停手:价格低于均价，14:30前禁止买入
江丰电子(300666)      328.92    326.42    9.3%    多13/空64  停手:无可卖仓且买点不强
赛微电子(300456)       39.95     39.98    7.0%    多98/空49  停手:价格低于均价，14:30前禁止买入
14:07:54 [INFO] 🫀 扫描心跳 第258轮开始
14:08:28 [INFO] 🫀 扫描心跳 第259轮开始
14:09:02 [INFO] 🫀 扫描心跳 第260轮开始
14:09:35 [INFO] 🫀 扫描心跳 第261轮开始
14:09:52 [INFO] 
📊 护城河防御面板 第261轮
──────────────────────────────────────────────────────────────────────
科创半导体ETF华夏(588170)    1.20      1.19    7.0%    多17/空86  停手:无可卖仓且买点不强
特变电工(600089)       21.46     21.45    3.1%    多10/空86  停手:无可卖仓且买点不强
中国巨石(600176)       63.84     64.69   13.4%   多102/空53  停手:价格低于均价，14:30前禁止买入
华工科技(000988)      151.10    150.15    7.1%    多22/空71  停手:无可卖仓且买点不强
拓维信息(002261)       30.14     29.89    5.2%    多21/空93  停手:无可卖仓且买点不强
陕西斯瑞新材股份(688102)   43.24     44.24   16.4%    多68/空53  停手:价格低于均价，14:30前禁止买入
江丰电子(300666)      328.08    326.48    9.3%    多27/空64  停手:无可卖仓且买点不强
赛微电子(300456)       39.91     39.98    7.0%    多90/空49  停手:价格低于均价，14:30前禁止买入
14:10:07 [INFO] 🫀 扫描心跳 第262轮开始
14:10:38 [INFO] 🫀 扫描心跳 第263轮开始
14:11:09 [INFO] 🫀 扫描心跳 第264轮开始
14:11:42 [INFO] 🫀 扫描心跳 第265轮开始
14:11:59 [INFO] 
📊 护城河防御面板 第265轮
──────────────────────────────────────────────────────────────────────
科创半导体ETF华夏(588170)    1.20      1.19    7.0%    多34/空86  停手:当日轮次已满
特变电工(600089)       21.43     21.45    3.1%    多52/空86  停手:价格低于均价，14:30前禁止买入
中国巨石(600176)       63.84     64.66   13.4%   多116/空34  停手:价格低于均价，14:30前禁止买入
华工科技(000988)      150.81    150.16    7.1%    多40/空71  强可T     
拓维信息(002261)       30.14     29.90    5.2%    多40/空94  强可T     
陕西斯瑞新材股份(688102)   43.00     44.21   16.4%    多84/空72  停手:价格低于均价，14:30前禁止买入
江丰电子(300666)      328.00    326.50    9.3%    多37/空45  可T观察    
赛微电子(300456)       39.81     39.98    7.0%    多98/空49  停手:价格低于均价，14:30前禁止买入
14:12:14 [INFO] 🫀 扫描心跳 第266轮开始
14:12:46 [INFO] 🫀 扫描心跳 第267轮开始
14:13:17 [INFO] 🫀 扫描心跳 第268轮开始
14:13:49 [INFO] 🫀 扫描心跳 第269轮开始
14:14:19 [INFO] 
📊 护城河防御面板 第269轮
──────────────────────────────────────────────────────────────────────
科创半导体ETF华夏(588170)    1.20      1.19    7.0%    多34/空86  停手:当日轮次已满
特变电工(600089)       21.43     21.45    3.1%    多52/空86  停手:价格低于均价，14:30前禁止买入
中国巨石(600176)       63.84     64.66   13.4%   多116/空34  停手:价格低于均价，14:30前禁止买入
华工科技(000988)      150.81    150.16    7.1%    多40/空71  强可T     
拓维信息(002261)       30.14     29.90    5.2%    多40/空94  强可T     
陕西斯瑞新材股份(688102)   43.00     44.21   16.4%    多84/空72  停手:价格低于均价，14:30前禁止买入
江丰电子(300666)      328.00    326.50    9.3%    多37/空45  可T观察    
赛微电子(300456)       39.81     39.98    7.0%    多98/空49  停手:价格低于均价，14:30前禁止买入
14:14:34 [INFO] 🫀 扫描心跳 第270轮开始
14:15:07 [INFO] 🫀 扫描心跳 第271轮开始
14:15:38 [INFO] 🫀 扫描心跳 第272轮开始
14:16:09 [INFO] 🫀 扫描心跳 第273轮开始
14:16:28 [INFO] 
📊 护城河防御面板 第273轮
──────────────────────────────────────────────────────────────────────
科创半导体ETF华夏(588170)    1.20      1.19    7.0%    多31/空71  停手:当日轮次已满
特变电工(600089)       21.43     21.45    3.1%    多48/空51  停手:震荡贴均且分差不大
中国巨石(600176)       63.85     64.65   13.4%    多91/空53  停手:价格低于均价，14:30前禁止买入
华工科技(000988)      150.72    150.17    7.1%    多11/空56  停手:无可卖仓且买点不强
拓维信息(002261)       30.02     29.90    5.2%    多40/空94  强可T     
陕西斯瑞新材股份(688102)   42.89     44.18   16.7%   多116/空72  停手:价格低于均价，14:30前禁止买入
江丰电子(300666)      328.20    326.54    9.3%    多21/空45  停手:无可卖仓且买点不强
赛微电子(300456)       39.74     39.97    7.0%   多112/空49  停手:价格低于均价，14:30前禁止买入
14:16:43 [INFO] 🫀 扫描心跳 第274轮开始
14:17:20 [INFO] 🫀 扫描心跳 第275轮开始
14:17:58 [INFO] 🫀 扫描心跳 第276轮开始
14:18:34 [INFO] 🫀 扫描心跳 第277轮开始
14:18:53 [INFO] 
📊 护城河防御面板 第277轮
──────────────────────────────────────────────────────────────────────
科创半导体ETF华夏(588170)    1.20      1.19    7.0%    多37/空52  停手:当日轮次已满
特变电工(600089)       21.40     21.45    3.1%    多88/空51  停手:价格低于均价，14:30前禁止买入
中国巨石(600176)       63.86     64.62   13.4%   多120/空34  停手:价格低于均价，14:30前禁止买入
华工科技(000988)      150.40    150.17    7.1%    多29/空67  强可T     
拓维信息(002261)       30.01     29.91    5.2%    多58/空79  强可T     
陕西斯瑞新材股份(688102)   42.76     44.14   17.0%   多118/空72  停手:价格低于均价，14:30前禁止买入
江丰电子(300666)      327.60    326.57    9.3%    多24/空60  停手:无可卖仓且买点不强
赛微电子(300456)       39.61     39.96    7.0%    多90/空49  停手:价格低于均价，14:30前禁止买入
14:19:08 [INFO] 🫀 扫描心跳 第278轮开始
14:19:41 [INFO] 🫀 扫描心跳 第279轮开始
14:20:14 [INFO] 🫀 扫描心跳 第280轮开始
14:20:45 [INFO] 🫀 扫描心跳 第281轮开始
14:21:01 [INFO] 
📊 护城河防御面板 第281轮
──────────────────────────────────────────────────────────────────────
科创半导体ETF华夏(588170)    1.20      1.19    7.0%    多37/空52  停手:当日轮次已满
特变电工(600089)       21.40     21.45    3.1%    多88/空51  停手:价格低于均价，14:30前禁止买入
中国巨石(600176)       63.86     64.62   13.4%   多120/空34  停手:价格低于均价，14:30前禁止买入
华工科技(000988)      150.40    150.17    7.1%    多29/空67  强可T     
拓维信息(002261)       30.01     29.91    5.2%    多58/空79  强可T     
陕西斯瑞新材股份(688102)   42.76     44.14   17.0%   多118/空72  停手:价格低于均价，14:30前禁止买入
江丰电子(300666)      327.60    326.57    9.3%    多24/空60  停手:无可卖仓且买点不强
赛微电子(300456)       39.61     39.96    7.0%    多90/空49  停手:价格低于均价，14:30前禁止买入
14:21:16 [INFO] 🫀 扫描心跳 第282轮开始
14:21:49 [INFO] 🫀 扫描心跳 第283轮开始
14:22:20 [INFO] 🫀 扫描心跳 第284轮开始
14:22:51 [INFO] 🫀 扫描心跳 第285轮开始
14:23:07 [INFO] 
📊 护城河防御面板 第285轮
──────────────────────────────────────────────────────────────────────
科创半导体ETF华夏(588170)    1.20      1.19    7.0%    多39/空52  停手:当日轮次已满
特变电工(600089)       21.40     21.44    3.1%    多78/空47  停手:价格低于均价，14:30前禁止买入
中国巨石(600176)       63.83     64.60   13.4%   多100/空34  停手:价格低于均价，14:30前禁止买入
华工科技(000988)      150.38    150.18    7.1%    多14/空52  停手:无可卖仓且买点不强
拓维信息(002261)       30.01     29.91    5.2%    多39/空55  可T观察    
陕西斯瑞新材股份(688102)   42.86     44.11   17.6%    多94/空33  停手:价格低于均价，14:30前禁止买入
江丰电子(300666)      327.76    326.60    9.3%     多8/空60  停手:无可卖仓且买点不强
赛微电子(300456)       39.66     39.96    7.0%    多93/空30  停手:价格低于均价，14:30前禁止买入
14:23:22 [INFO] 🫀 扫描心跳 第286轮开始
14:23:53 [INFO] 🫀 扫描心跳 第287轮开始
14:24:24 [INFO] 🫀 扫描心跳 第288轮开始
14:24:57 [INFO] 🫀 扫描心跳 第289轮开始
14:25:14 [INFO] 
📊 护城河防御面板 第289轮
──────────────────────────────────────────────────────────────────────
科创半导体ETF华夏(588170)    1.19      1.19    7.0%    多57/空56  停手:当日轮次已满
特变电工(600089)       21.37     21.44    3.1%    多80/空51  停手:价格低于均价，14:30前禁止买入
中国巨石(600176)       63.81     64.59   13.4%    多82/空34  停手:价格低于均价，14:30前禁止买入
华工科技(000988)      149.99    150.18    7.1%    多73/空56  停手:价格低于均价，14:30前禁止买入
拓维信息(002261)       30.02     29.91    5.2%    多42/空75  强可T     
陕西斯瑞新材股份(688102)   42.50     44.08   17.8%    多92/空72  停手:价格低于均价，14:30前禁止买入
江丰电子(300666)      326.03    326.60    9.3%    多58/空49  停手:价格低于均价，14:30前禁止买入
赛微电子(300456)       39.58     39.95    7.0%   多115/空45  停手:价格低于均价，14:30前禁止买入
14:25:29 [INFO] 🫀 扫描心跳 第290轮开始
14:26:00 [INFO] 🫀 扫描心跳 第291轮开始
14:26:31 [INFO] 🫀 扫描心跳 第292轮开始
14:27:02 [INFO] 🫀 扫描心跳 第293轮开始
14:27:20 [INFO] 
📊 护城河防御面板 第293轮
──────────────────────────────────────────────────────────────────────
科创半导体ETF华夏(588170)    1.19      1.19    7.0%    多57/空56  停手:当日轮次已满
特变电工(600089)       21.37     21.44    3.1%    多80/空51  停手:价格低于均价，14:30前禁止买入
中国巨石(600176)       63.81     64.59   13.4%    多82/空34  停手:价格低于均价，14:30前禁止买入
华工科技(000988)      149.99    150.18    7.1%    多73/空56  停手:价格低于均价，14:30前禁止买入
拓维信息(002261)       30.02     29.91    5.2%    多42/空75  强可T     
陕西斯瑞新材股份(688102)   42.50     44.08   17.8%    多92/空72  停手:价格低于均价，14:30前禁止买入
江丰电子(300666)      326.03    326.60    9.3%    多58/空49  停手:价格低于均价，14:30前禁止买入
赛微电子(300456)       39.58     39.95    7.0%   多115/空45  停手:价格低于均价，14:30前禁止买入
14:27:35 [INFO] 🫀 扫描心跳 第294轮开始
14:28:07 [INFO] 🫀 扫描心跳 第295轮开始
14:28:39 [INFO] 🫀 扫描心跳 第296轮开始
14:29:26 [INFO] 🫀 扫描心跳 第297轮开始
14:29:42 [INFO] 
📊 护城河防御面板 第297轮
──────────────────────────────────────────────────────────────────────
科创半导体ETF华夏(588170)    1.19      1.19    7.0%    多82/空56  停手:当日轮次已满
特变电工(600089)       21.38     21.44    3.1%    多56/空67  停手:价格低于均价，14:30前禁止买入
中国巨石(600176)       63.81     64.57   13.4%   多102/空34  停手:价格低于均价，14:30前禁止买入
华工科技(000988)      149.89    150.17    7.1%    多91/空37  停手:价格低于均价，14:30前禁止买入
拓维信息(002261)       30.02     29.92    5.2%    多22/空90  停手:无可卖仓且买点不强
陕西斯瑞新材股份(688102)   42.72     44.04   18.3%    多84/空53  停手:价格低于均价，14:30前禁止买入
江丰电子(300666)      326.30    326.59    9.3%    多90/空30  停手:价格低于均价，14:30前禁止买入
赛微电子(300456)       39.59     39.94    7.0%    多97/空30  停手:价格低于均价，14:30前禁止买入
14:29:57 [INFO] 🫀 扫描心跳 第298轮开始
14:30:28 [INFO] 🫀 扫描心跳 第299轮开始
14:30:58 [INFO] 🫀 扫描心跳 第300轮开始
14:31:33 [INFO] 🫀 扫描心跳 第301轮开始
14:31:53 [INFO] 
📊 护城河防御面板 第301轮
──────────────────────────────────────────────────────────────────────
科创半导体ETF华夏(588170)    1.20      1.19    7.0%     多1/空48  停手:无可卖仓且买点不强
特变电工(600089)       21.39     21.44    3.1%    多38/空67  强可T     
中国巨石(600176)       63.81     64.55   13.4%    多90/空30  强可T     
华工科技(000988)      150.42    150.17    7.1%     多9/空45  停手:无可卖仓且买点不强
拓维信息(002261)       30.07     29.92    5.2%     多3/空55  停手:无可卖仓且买点不强
陕西斯瑞新材股份(688102)   42.90     44.01   18.3%    多74/空48  停手:已达当日买入上限1次
江丰电子(300666)      327.99    326.61    9.3%     多5/空60  停手:无可卖仓且买点不强
赛微电子(300456)       39.70     39.93    7.0%    多-5/空72  停手:无可卖仓且买点不强
14:32:08 [INFO] 🫀 扫描心跳 第302轮开始
14:32:38 [INFO] 🫀 扫描心跳 第303轮开始
14:33:09 [INFO] 🫀 扫描心跳 第304轮开始
14:33:40 [INFO] 🫀 扫描心跳 第305轮开始
14:33:56 [INFO] 
📊 护城河防御面板 第305轮
──────────────────────────────────────────────────────────────────────
科创半导体ETF华夏(588170)    1.20      1.19    7.0%     多1/空48  停手:无可卖仓且买点不强
特变电工(600089)       21.39     21.44    3.1%    多38/空67  强可T     
中国巨石(600176)       63.81     64.55   13.4%    多90/空30  强可T     
华工科技(000988)      150.42    150.17    7.1%     多9/空45  停手:无可卖仓且买点不强
拓维信息(002261)       30.07     29.92    5.2%     多3/空55  停手:无可卖仓且买点不强
陕西斯瑞新材股份(688102)   42.90     44.01   18.3%    多74/空48  停手:已达当日买入上限1次
江丰电子(300666)      327.99    326.61    9.3%     多5/空60  停手:无可卖仓且买点不强
赛微电子(300456)       39.70     39.93    7.0%    多-5/空72  停手:无可卖仓且买点不强
14:34:11 [INFO] 🫀 扫描心跳 第306轮开始
14:34:44 [INFO] 🫀 扫描心跳 第307轮开始
14:35:15 [INFO] 🫀 扫描心跳 第308轮开始
14:35:47 [INFO] 🫀 扫描心跳 第309轮开始
14:36:03 [INFO] 
📊 护城河防御面板 第309轮
──────────────────────────────────────────────────────────────────────
科创半导体ETF华夏(588170)    1.20      1.19    7.0%     多1/空48  停手:无可卖仓且买点不强
特变电工(600089)       21.41     21.44    3.1%    多38/空79  强可T     
中国巨石(600176)       63.81     64.54   13.4%    多90/空30  强可T     
华工科技(000988)      150.09    150.17    7.1%    多69/空55  强可T     
拓维信息(002261)       30.08     29.92    5.2%     多3/空80  停手:无可卖仓且买点不强
陕西斯瑞新材股份(688102)   42.63     43.98   18.3%    多96/空82  停手:已达当日买入上限1次
江丰电子(300666)      327.00    326.63    9.3%     多9/空74  停手:无可卖仓且买点不强
赛微电子(300456)       39.60     39.93    7.0%    多56/空82  强可T     
14:36:18 [INFO] 🫀 扫描心跳 第310轮开始
14:36:50 [INFO] 🫀 扫描心跳 第311轮开始
14:37:22 [INFO] 🫀 扫描心跳 第312轮开始
14:37:55 [INFO] 🫀 扫描心跳 第313轮开始
14:38:12 [INFO] 
📊 护城河防御面板 第313轮
──────────────────────────────────────────────────────────────────────
科创半导体ETF华夏(588170)    1.20      1.19    7.0%     多1/空73  停手:无可卖仓且买点不强
特变电工(600089)       21.40     21.44    3.1%    多48/空57  可T观察    
中国巨石(600176)       63.81     64.52   13.4%    多90/空40  强可T     
华工科技(000988)      150.31    150.17    7.1%    多15/空45  停手:无可卖仓且买点不强
拓维信息(002261)       30.08     29.93    5.2%     多1/空89  停手:无可卖仓且买点不强
陕西斯瑞新材股份(688102)   42.78     43.96   18.3%    多80/空33  停手:已达当日买入上限1次
江丰电子(300666)      327.10    326.65    9.3%     多9/空74  停手:无可卖仓且买点不强
赛微电子(300456)       39.59     39.92    7.0%    多22/空86  停手:无可卖仓且买点不强
14:38:27 [INFO] 🫀 扫描心跳 第314轮开始
14:38:57 [INFO] 🫀 扫描心跳 第315轮开始
14:39:29 [INFO] 🫀 扫描心跳 第316轮开始
14:40:01 [INFO] 🫀 扫描心跳 第317轮开始
14:40:17 [INFO] 
📊 护城河防御面板 第317轮
──────────────────────────────────────────────────────────────────────
科创半导体ETF华夏(588170)    1.20      1.19    7.0%     多1/空73  停手:无可卖仓且买点不强
特变电工(600089)       21.40     21.44    3.1%    多48/空57  可T观察    
中国巨石(600176)       63.81     64.52   13.4%    多90/空40  强可T     
华工科技(000988)      150.31    150.17    7.1%    多15/空45  停手:无可卖仓且买点不强
拓维信息(002261)       30.08     29.93    5.2%     多1/空89  停手:无可卖仓且买点不强
陕西斯瑞新材股份(688102)   42.78     43.96   18.3%    多80/空33  停手:已达当日买入上限1次
江丰电子(300666)      327.10    326.65    9.3%     多9/空74  停手:无可卖仓且买点不强
赛微电子(300456)       39.59     39.92    7.0%    多22/空86  停手:无可卖仓且买点不强
14:40:32 [INFO] 🫀 扫描心跳 第318轮开始
14:41:05 [INFO] 🫀 扫描心跳 第319轮开始
14:41:37 [INFO] 🫀 扫描心跳 第320轮开始
14:42:09 [INFO] 🫀 扫描心跳 第321轮开始
14:42:25 [INFO] 
📊 护城河防御面板 第321轮
──────────────────────────────────────────────────────────────────────
科创半导体ETF华夏(588170)    1.19      1.19    7.0%    多-1/空62  停手:无可卖仓且买点不强
特变电工(600089)       21.39     21.44    3.1%    多72/空61  强可T     
中国巨石(600176)       63.81     64.51   13.4%    多90/空40  强可T     
华工科技(000988)      149.84    150.17    7.1%    多75/空59  强可T     
拓维信息(002261)       30.02     29.93    5.2%   多32/空104  强可T     
陕西斯瑞新材股份(688102)   42.56     43.93   18.3%    多72/空82  停手:已达当日买入上限1次
江丰电子(300666)      326.23    326.65    9.3%    多39/空49  可T观察    
赛微电子(300456)       39.49     39.91    7.0%    多47/空86  强可T     
14:42:40 [INFO] 🫀 扫描心跳 第322轮开始
14:43:12 [INFO] 🫀 扫描心跳 第323轮开始
14:43:43 [INFO] 🫀 扫描心跳 第324轮开始
14:44:32 [INFO] 🫀 扫描心跳 第325轮开始
14:44:47 [INFO] 
📊 护城河防御面板 第325轮
──────────────────────────────────────────────────────────────────────
科创半导体ETF华夏(588170)    1.19      1.19    7.0%    多45/空62  停手:当日轮次已满
特变电工(600089)       21.38     21.44    3.1%    多72/空61  强可T     
中国巨石(600176)       63.81     64.49   13.4%    多90/空40  强可T     
华工科技(000988)      149.48    150.15    7.1%   多101/空49  强可T     
拓维信息(002261)       30.01     29.93    5.2%    多50/空79  强可T     
陕西斯瑞新材股份(688102)   42.49     43.89   18.3%   多122/空33  停手:已达当日买入上限1次
江丰电子(300666)      326.77    326.63    9.3%    多34/空45  可T观察    
赛微电子(300456)       39.52     39.90    7.0%    多26/空57  停手:无可卖仓且买点不强
14:45:02 [INFO] 🫀 扫描心跳 第326轮开始
14:45:34 [INFO] 🫀 扫描心跳 第327轮开始
14:46:06 [INFO] 🫀 扫描心跳 第328轮开始
14:46:37 [INFO] 🫀 扫描心跳 第329轮开始
14:46:53 [INFO] 
📊 护城河防御面板 第329轮
──────────────────────────────────────────────────────────────────────
科创半导体ETF华夏(588170)    1.19      1.19    7.0%    多45/空62  停手:当日轮次已满
特变电工(600089)       21.38     21.44    3.1%    多72/空61  强可T     
中国巨石(600176)       63.81     64.49   13.4%    多90/空40  强可T     
华工科技(000988)      149.48    150.15    7.1%   多101/空49  强可T     
拓维信息(002261)       30.01     29.93    5.2%    多50/空79  强可T     
陕西斯瑞新材股份(688102)   42.49     43.89   18.3%   多122/空33  停手:已达当日买入上限1次
江丰电子(300666)      326.77    326.63    9.3%    多34/空45  可T观察    
赛微电子(300456)       39.52     39.90    7.0%    多26/空57  停手:无可卖仓且买点不强
14:47:08 [INFO] 🫀 扫描心跳 第330轮开始
14:47:41 [INFO] 🫀 扫描心跳 第331轮开始
14:48:12 [INFO] 🫀 扫描心跳 第332轮开始
14:48:44 [INFO] 🫀 扫描心跳 第333轮开始
14:49:00 [INFO] 
📊 护城河防御面板 第333轮
──────────────────────────────────────────────────────────────────────
科创半导体ETF华夏(588170)    1.20      1.19    7.0%   多-14/空60  停手:无可卖仓且买点不强
特变电工(600089)       21.35     21.43    3.1%    多65/空51  强可T     
中国巨石(600176)       63.81     64.48   13.4%    多75/空25  强可T     
华工科技(000988)      149.98    150.15    7.1%    多22/空15  停手:无可卖仓且买点不强
拓维信息(002261)       29.92     29.93    5.2%    多65/空64  停手:震荡贴均且分差不大
陕西斯瑞新材股份(688102)   42.46     43.87   18.3%    多79/空38  停手:已达当日买入上限1次
江丰电子(300666)      327.54    326.64    9.3%    多-4/空30  停手:无可卖仓且买点不强
赛微电子(300456)       39.54     39.89    7.0%    多11/空42  停手:无可卖仓且买点不强
14:49:15 [INFO] 🫀 扫描心跳 第334轮开始
14:49:47 [INFO] 🫀 扫描心跳 第335轮开始
14:50:18 [INFO] 🫀 扫描心跳 第336轮开始
14:50:52 [INFO] 🫀 扫描心跳 第337轮开始
14:51:09 [INFO] 
📊 护城河防御面板 第337轮
──────────────────────────────────────────────────────────────────────
科创半导体ETF华夏(588170)    1.20      1.19    7.0%   多-14/空43  停手:无可卖仓且买点不强
特变电工(600089)       21.37     21.43    3.1%    多41/空52  可T观察    
中国巨石(600176)       63.81     64.47   13.4%    多75/空25  强可T     
华工科技(000988)      149.88    150.14    7.1%    多22/空30  停手:无可卖仓且买点不强
拓维信息(002261)       30.01     29.93    5.2%    多-7/空40  停手:无可卖仓且买点不强
陕西斯瑞新材股份(688102)   42.45     43.84   18.3%    多61/空38  停手:已达当日买入上限1次
江丰电子(300666)      327.00    326.64    9.3%     多2/空45  停手:无可卖仓且买点不强
赛微电子(300456)       39.48     39.89    7.0%    多24/空57  停手:无可卖仓且买点不强
14:51:24 [INFO] 🫀 扫描心跳 第338轮开始
14:51:55 [INFO] 🫀 扫描心跳 第339轮开始
14:52:28 [INFO] 🫀 扫描心跳 第340轮开始
14:52:59 [INFO] 🫀 扫描心跳 第341轮开始
14:53:15 [INFO] 
📊 护城河防御面板 第341轮
──────────────────────────────────────────────────────────────────────
科创半导体ETF华夏(588170)    1.20      1.19    7.0%   多-14/空43  停手:无可卖仓且买点不强
特变电工(600089)       21.37     21.43    3.1%    多41/空52  可T观察    
中国巨石(600176)       63.81     64.47   13.4%    多75/空25  强可T     
华工科技(000988)      149.88    150.14    7.1%    多22/空30  停手:无可卖仓且买点不强
拓维信息(002261)       30.01     29.93    5.2%    多-7/空40  停手:无可卖仓且买点不强
陕西斯瑞新材股份(688102)   42.45     43.84   18.3%    多61/空38  停手:已达当日买入上限1次
江丰电子(300666)      327.00    326.64    9.3%     多2/空45  停手:无可卖仓且买点不强
赛微电子(300456)       39.48     39.89    7.0%    多24/空57  停手:无可卖仓且买点不强
14:53:30 [INFO] 🫀 扫描心跳 第342轮开始
14:54:04 [INFO] 🫀 扫描心跳 第343轮开始
14:54:50 [INFO] 🫀 扫描心跳 第344轮开始
14:55:23 [INFO] 
════════════════════ 【尾盘做T盈亏清算】 ════════════════════
💰 今日预估做T总净利润: 0.00 元

════════════════════ 【动作分类汇总】 ════════════════════
低吸 BUY_LOW=0次/0股 | 加仓 ADD_POS=0次/0股
高抛 SELL_HIGH=0次/0股 | 减仓 PANIC_SELL=0次/0股
════════════════════ 【ETF复盘小结】 ════════════════════
ETF 1票 | 有信号 1
科创半导体ETF华夏(588170) 0/0 | 1.19 | VWAP1.19 | -0.07%
════════════════════ 【普通股复盘小结】 ════════════════════
普通股 7票 | 有信号 7
特变电工(600089) 0/0 | 21.36 | VWAP21.43 | -0.33%
中国巨石(600176) 0/0 | 63.81 | VWAP64.45 | -1.00%
华工科技(000988) 0/0 | 149.78 | VWAP150.14 | -0.24%
拓维信息(002261) 0/0 | 30.04 | VWAP29.94 | +0.34%
陕西斯瑞新材股份(688102) 0/0 | 42.25 | VWAP43.81 | -3.56%
江丰电子(300666) 0/0 | 327.17 | VWAP326.65 | +0.16%
赛微电子(300456) 0/0 | 39.46 | VWAP39.88 | -1.05%
════════════════════ 【误判因子排行】 ════════════════════
买点偏早: 暂无
卖点偏早: 暂无
漏买: 暂无
漏卖: 暂无
════════════════════ 【误判因子细分】 ════════════════════
买点偏早因子: 暂无
卖点偏早因子: 暂无
漏买因子: 暂无
漏卖因子: 暂无
════════════════════ 【四类动作误判因子】 ════════════════════
低吸 BUY_LOW 偏早: 暂无
低吸 BUY_LOW 未占优: 暂无
加仓 ADD_POS 偏早: 暂无
加仓 ADD_POS 未占优: 暂无
高抛 SELL_HIGH 偏早: 暂无
高抛 SELL_HIGH 未占优: 暂无
跳水 PANIC_SELL 偏早: 暂无
跳水 PANIC_SELL 未占优: 暂无
════════════════════ 【策略最高分复盘数据(喂给AI)】 ════════════════════
科创半导体ETF华夏(588170): 多=96 空=116 振=6.96% 偏=-0.07% 买=0/0 卖=0/0
特变电工(600089): 多=100 空=102 振=3.15% 偏=-0.33% 买=0/0 卖=0/0
中国巨石(600176): 多=120 空=97 振=13.37% 偏=-1.00% 买=0/0 卖=0/0
华工科技(000988): 多=101 空=90 振=7.07% 偏=-0.24% 买=0/0 卖=0/0
拓维信息(002261): 多=65 空=129 振=5.20% 偏=+0.34% 买=0/0 卖=0/0
陕西斯瑞新材股份(688102): 多=122 空=91 振=18.46% 偏=-3.56% 买=0/0 卖=0/0
江丰电子(300666): 多=110 空=103 振=9.33% 偏=+0.16% 买=0/0 卖=0/0
赛微电子(300456): 多=115 空=100 振=6.95% 偏=-1.05% 买=0/0 卖=0/0
════════════════════ 【复盘阅读顺序】 ════════════════════
1. sys日志 -> 2. data_quality -> 3. decision_trace
4. shadow_signals -> 5. signal_outcome -> 6. ai_review
════════════════════ 【信号结果追踪汇总】 ════════════════════
正确=0 | 买早=0 | 卖早=0 | 买验证中=0 | 卖验证中=0 | 待定=0
动作分布 BUY_LOW=0 | ADD_POS=0 | SELL_HIGH=0 | PANIC_SELL=0
5分钟胜率=0.0% (0/0) | 15分钟胜率=0.0% (0/0)
一眼摘要：最高频结果=correct(0) | 主要风险=无明显偏差(0) | 影子机会=0
════════════════════════════════════════════════════════════
14:55:23 [WARNING] ⚠️  尾盘复盘飞书推送失败: name 'overview_text' is not defined
14:55:23 [INFO] 🫀 扫描心跳 第345轮开始
14:55:39 [INFO] 
📊 护城河防御面板 第345轮
──────────────────────────────────────────────────────────────────────
科创半导体ETF华夏(588170)    1.19      1.19    7.0%    多36/空47  停手:当日轮次已满
特变电工(600089)       21.36     21.43    3.1%    多51/空32  可T观察    
中国巨石(600176)       63.81     64.45   13.4%    多75/空25  强可T     
华工科技(000988)      149.78    150.14    7.1%    多60/空29  可T观察    
拓维信息(002261)       30.04     29.94    5.2%    多-7/空55  停手:无可卖仓且买点不强
陕西斯瑞新材股份(688102)   42.25     43.81   18.5%   多111/空69  停手:已达当日买入上限1次
江丰电子(300666)      327.17    326.65    9.3%    多-4/空40  停手:无可卖仓且买点不强
赛微电子(300456)       39.46     39.88    7.0%    多20/空71  停手:无可卖仓且买点不强
14:55:54 [INFO] 🫀 扫描心跳 第346轮开始
14:56:25 [INFO] 🫀 扫描心跳 第347轮开始
14:56:57 [INFO] 🫀 扫描心跳 第348轮开始
14:57:29 [INFO] 🫀 扫描心跳 第349轮开始
14:57:45 [INFO] 
📊 护城河防御面板 第349轮
──────────────────────────────────────────────────────────────────────
科创半导体ETF华夏(588170)    1.19      1.19    7.0%   多-16/空47  停手:无可卖仓且买点不强
特变电工(600089)       21.35     21.43    3.1%    多49/空36  可T观察    
中国巨石(600176)       63.81     64.44   13.4%    多70/空25  强可T     
华工科技(000988)      149.70    150.13    7.1%    多60/空29  可T观察    
拓维信息(002261)       30.10     29.94    5.2%   多-18/空75  停手:无可卖仓且买点不强
陕西斯瑞新材股份(688102)   42.10     43.77   18.9%   多105/空69  停手:已达当日买入上限1次
江丰电子(300666)      326.87    326.65    9.3%     多2/空40  停手:无可卖仓且买点不强
赛微电子(300456)       39.55     39.87    7.0%    多11/空42  停手:无可卖仓且买点不强
14:58:00 [INFO] 🫀 扫描心跳 第350轮开始
14:58:31 [INFO] 🫀 扫描心跳 第351轮开始
14:59:01 [INFO] 🫀 扫描心跳 第352轮开始
14:59:47 [INFO] 🫀 扫描心跳 第353轮开始
15:00:04 [INFO] 
📊 护城河防御面板 第353轮
──────────────────────────────────────────────────────────────────────
科创半导体ETF华夏(588170)    1.19      1.19    7.0%   多-16/空47  停手:无可卖仓且买点不强
特变电工(600089)       21.35     21.43    3.1%    多49/空36  可T观察    
中国巨石(600176)       63.81     64.44   13.4%    多70/空25  强可T     
华工科技(000988)      149.70    150.13    7.1%    多60/空29  可T观察    
拓维信息(002261)       30.10     29.94    5.2%   多-18/空75  停手:无可卖仓且买点不强
陕西斯瑞新材股份(688102)   42.10     43.77   18.9%   多105/空69  停手:已达当日买入上限1次
江丰电子(300666)      326.87    326.65    9.3%     多2/空40  停手:无可卖仓且买点不强
赛微电子(300456)       39.55     39.87    7.0%    多11/空42  停手:无可卖仓且买点不强
15:00:19 [INFO] ⏸ 非交易时段，进入低频保活
15:10:19 [INFO] ⏸ 非交易时段，进入低频保活
15:20:19 [INFO] ⏸ 非交易时段，进入低频保活
15:30:19 [INFO] ⏸ 非交易时段，进入低频保活
15:40:19 [INFO] ⏸ 非交易时段，进入低频保活
15:50:19 [INFO] ⏸ 非交易时段，进入低频保活
16:00:19 [INFO] ⏸ 非交易时段，进入低频保活
16:10:19 [INFO] ⏸ 非交易时段，进入低频保活
16:20:19 [INFO] ⏸ 非交易时段，进入低频保活
16:30:19 [INFO] ⏸ 非交易时段，进入低频保活
16:40:19 [INFO] ⏸ 非交易时段，进入低频保活
16:50:19 [INFO] ⏸ 非交易时段，进入低频保活
17:00:20 [INFO] ⏸ 非交易时段，进入低频保活
17:10:20 [INFO] ⏸ 非交易时段，进入低频保活
17:20:20 [INFO] ⏸ 非交易时段，进入低频保活
17:30:20 [INFO] ⏸ 非交易时段，进入低频保活
17:40:20 [INFO] ⏸ 非交易时段，进入低频保活
17:50:20 [INFO] ⏸ 非交易时段，进入低频保活
18:00:20 [INFO] ⏸ 非交易时段，进入低频保活
18:10:20 [INFO] ⏸ 非交易时段，进入低频保活
18:20:21 [INFO] ⏸ 非交易时段，进入低频保活
18:30:21 [INFO] ⏸ 非交易时段，进入低频保活
18:40:21 [INFO] ⏸ 非交易时段，进入低频保活
18:50:21 [INFO] ⏸ 非交易时段，进入低频保活
19:00:21 [INFO] ⏸ 非交易时段，进入低频保活
19:10:21 [INFO] ⏸ 非交易时段，进入低频保活
19:18:44 [INFO] 已停止盯盘
