08:44:27 [INFO] [index_regime] spot_em 重试1/2: SSLError
08:44:39 [INFO] [index_regime] spot_em 重试2/2: SSLError
19:15:38 [INFO] ✅ 当日T策略卡已推送: 反T
19:19:39 [INFO] 早盘集合竞价结论：回避
市场评分：33.4 / 100 | 偏向：risk_off | 风险：risk_off
竞价：强0 / 弱0 / 缺1 | 均分 10.0
策略结论：主做暂无 | 观察暂无 | 关注暂无 | 回避暂无
1. 主做：暂无
2. 观察：暂无
3. 关注：暂无
4. 回避：暂无
执行顺序：先1后2，再3，最后4
升级条件：若 9:35 后上涨家数回到高于下跌家数，且市场评分回到 55 上方，再把关注升为观察。
开盘后跟踪：开盘后只看核心标的承接，不追高，等量能和情绪同时转强再说。
热门关注：安徽凤凰、纬达光电、万达轴承
19:19:41 [INFO] ✅ 集合竞价总览已推送飞书
19:19:42 [INFO] ✅ 集合竞价详细结果已推送飞书
19:19:43 [INFO] 🔔 已触发急促报警
19:19:43 [INFO] ========= 做T终极护城河防御版 (V1.26 正T/反T模式切换版) 启动 =========
19:19:43 [INFO] 飞书推送: ✓ 已启用
19:19:43 [INFO] 飞书关键词: 做T猎手预警
19:19:43 [INFO] 飞书Webhook: https://open.feishu.cn/open-apis/bot/v2/hook/e8018470-e...
19:19:43 [INFO] ══════════════════════════════════════════════════════════════════════
19:19:43 [INFO] 【2026-06-12 加仓策略执行指南】
19:19:43 [INFO]   1️⃣ 中国巨石 600176 — ❌ 不追 (已涨5.62%, 资金不足)
19:19:43 [INFO]   2️⃣ 科创50ETF 588000 — ⚡ 分批加仓 (先加¥15,000)
19:19:43 [INFO]      └─ 第一批: ¥15,000 (约8,200份)
19:19:43 [INFO]      └─ 第二批: ¥15,000 (等待盘中回落)
19:19:43 [INFO]   3️⃣ 中信银行 601998 — ✅ 按计划加 (¥15,000, 约1,900股)
19:19:43 [INFO]   4️⃣ 特变电工 600089 — ⚡ 加仓 (¥25,000, 约1,090股)
19:19:43 [INFO] ══════════════════════════════════════════════════════════════════════
19:19:43 [INFO] 🔊 系统高级报警音效已成功【全自动挂载】！准备执行听声辨位！
19:19:45 [INFO] ✅ 启动自检飞书消息已成功送达
19:19:46 [INFO] 🔔 已触发急促报警
19:19:46 [INFO] ⏱ 采用顺序轮询模式：每轮扫描结束后再等待 15 秒（V1.8 确认型收敛）
19:19:46 [INFO] ⏸ 非交易时段，进入低频保活
