08:49:06 [INFO] 早盘集合竞价结论：观察
市场评分：54.2 / 100 | 偏向：neutral | 风险：risk_on
竞价：强0 / 弱0 / 缺0 | 均分 10.0
策略结论：主做科泰电源(300153) | 观察中文在线(300364) | 关注暂无 | 回避协鑫能科(002015)、金风科技(002202)
1. 主做：科泰电源(300153)
2. 观察：中文在线(300364)
3. 关注：暂无
4. 回避：协鑫能科(002015)、金风科技(002202)
执行顺序：先1后2，再3，最后4
升级条件：若 9:35 后主题集中度继续抬升，且重点标的出现放量承接，再把观察升为主做。
开盘后跟踪：开盘后先看分化，优先等 5~15 分钟确认强弱，再决定是否进。
热门关注：安徽凤凰、纬达光电、万达轴承
08:49:07 [INFO] ✅ 集合竞价总览已推送飞书
08:49:08 [INFO] ✅ 集合竞价详细结果已推送飞书
08:49:09 [INFO] 🔔 已触发急促报警
08:49:09 [INFO] ========= 做T终极护城河防御版 (V1.19 弱势震荡修复版) 启动 =========
08:49:09 [INFO] 飞书推送: ✓ 已启用
08:49:09 [INFO] 飞书关键词: 做T猎手预警
08:49:09 [INFO] 飞书Webhook: https://open.feishu.cn/open-apis/bot/v2/hook/e8018470-e...
08:49:09 [INFO] ══════════════════════════════════════════════════════════════════════
08:49:09 [INFO] 【2026-06-12 加仓策略执行指南】
08:49:09 [INFO]   1️⃣ 中国巨石 600176 — ❌ 不追 (已涨5.62%, 资金不足)
08:49:09 [INFO]   2️⃣ 科创50ETF 588000 — ⚡ 分批加仓 (先加¥15,000)
08:49:09 [INFO]      └─ 第一批: ¥15,000 (约8,200份)
08:49:09 [INFO]      └─ 第二批: ¥15,000 (等待盘中回落)
08:49:09 [INFO]   3️⃣ 中信银行 601998 — ✅ 按计划加 (¥15,000, 约1,900股)
08:49:09 [INFO]   4️⃣ 特变电工 600089 — ⚡ 加仓 (¥25,000, 约1,090股)
08:49:09 [INFO] ══════════════════════════════════════════════════════════════════════
08:49:09 [INFO] 🔊 系统高级报警音效已成功【全自动挂载】！准备执行听声辨位！
08:49:09 [INFO] 🧹 清理过期分钟线缓存 7 个
08:49:10 [INFO] ✅ 启动自检飞书消息已成功送达
08:49:12 [INFO] 🔔 已触发急促报警
08:49:12 [INFO] ⏱ 采用顺序轮询模式：每轮扫描结束后再等待 15 秒（V1.8 确认型收敛）
08:49:12 [INFO] ⏸ 非交易时段，进入低频保活
08:59:12 [INFO] ⏸ 非交易时段，进入低频保活
09:09:12 [INFO] ⏸ 非交易时段，进入低频保活
09:15:47 [INFO] 早盘集合竞价结论：回避
市场评分：38.5 / 100 | 偏向：neutral | 风险：neutral
竞价：强0 / 弱0 / 缺8 | 均分 0.0
策略结论：主做科泰电源(300153) | 观察中文在线(300364) | 关注暂无 | 回避协鑫能科(002015)、金风科技(002202)
1. 主做：科泰电源(300153)
2. 观察：中文在线(300364)
3. 关注：暂无
4. 回避：协鑫能科(002015)、金风科技(002202)
执行顺序：先1后2，再3，最后4
升级条件：若 9:35 后上涨家数回到高于下跌家数，且市场评分回到 55 上方，再把关注升为观察。
开盘后跟踪：开盘后只看核心标的承接，不追高，等量能和情绪同时转强再说。
热门关注：安徽凤凰、纬达光电、万达轴承
09:15:48 [INFO] ✅ 集合竞价监控已推送飞书
09:15:48 [INFO] 📡 盘前集合竞价监控已刷新
09:16:32 [INFO] 早盘集合竞价结论：回避
市场评分：38.5 / 100 | 偏向：neutral | 风险：neutral
竞价：强0 / 弱0 / 缺8 | 均分 0.0
策略结论：主做科泰电源(300153) | 观察中文在线(300364) | 关注暂无 | 回避协鑫能科(002015)、金风科技(002202)
1. 主做：科泰电源(300153)
2. 观察：中文在线(300364)
3. 关注：暂无
4. 回避：协鑫能科(002015)、金风科技(002202)
执行顺序：先1后2，再3，最后4
升级条件：若 9:35 后上涨家数回到高于下跌家数，且市场评分回到 55 上方，再把关注升为观察。
开盘后跟踪：开盘后只看核心标的承接，不追高，等量能和情绪同时转强再说。
热门关注：安徽凤凰、纬达光电、万达轴承
09:17:19 [INFO] 早盘集合竞价结论：回避
市场评分：38.5 / 100 | 偏向：neutral | 风险：neutral
竞价：强0 / 弱0 / 缺8 | 均分 0.0
策略结论：主做科泰电源(300153) | 观察中文在线(300364) | 关注暂无 | 回避协鑫能科(002015)、金风科技(002202)
1. 主做：科泰电源(300153)
2. 观察：中文在线(300364)
3. 关注：暂无
4. 回避：协鑫能科(002015)、金风科技(002202)
执行顺序：先1后2，再3，最后4
升级条件：若 9:35 后上涨家数回到高于下跌家数，且市场评分回到 55 上方，再把关注升为观察。
开盘后跟踪：开盘后只看核心标的承接，不追高，等量能和情绪同时转强再说。
热门关注：安徽凤凰、纬达光电、万达轴承
09:18:20 [INFO] 早盘集合竞价结论：回避
市场评分：38.5 / 100 | 偏向：neutral | 风险：neutral
竞价：强0 / 弱0 / 缺8 | 均分 0.0
策略结论：主做科泰电源(300153) | 观察中文在线(300364) | 关注暂无 | 回避协鑫能科(002015)、金风科技(002202)
1. 主做：科泰电源(300153)
2. 观察：中文在线(300364)
3. 关注：暂无
4. 回避：协鑫能科(002015)、金风科技(002202)
执行顺序：先1后2，再3，最后4
升级条件：若 9:35 后上涨家数回到高于下跌家数，且市场评分回到 55 上方，再把关注升为观察。
开盘后跟踪：开盘后只看核心标的承接，不追高，等量能和情绪同时转强再说。
热门关注：安徽凤凰、纬达光电、万达轴承
09:18:21 [INFO] ✅ 集合竞价监控已推送飞书
09:18:21 [INFO] 📡 盘前集合竞价监控已刷新
09:19:11 [INFO] 早盘集合竞价结论：回避
市场评分：38.5 / 100 | 偏向：neutral | 风险：neutral
竞价：强0 / 弱0 / 缺8 | 均分 0.0
策略结论：主做科泰电源(300153) | 观察中文在线(300364) | 关注暂无 | 回避协鑫能科(002015)、金风科技(002202)
1. 主做：科泰电源(300153)
2. 观察：中文在线(300364)
3. 关注：暂无
4. 回避：协鑫能科(002015)、金风科技(002202)
执行顺序：先1后2，再3，最后4
升级条件：若 9:35 后上涨家数回到高于下跌家数，且市场评分回到 55 上方，再把关注升为观察。
开盘后跟踪：开盘后只看核心标的承接，不追高，等量能和情绪同时转强再说。
热门关注：安徽凤凰、纬达光电、万达轴承
09:20:09 [INFO] 早盘集合竞价结论：回避
市场评分：38.5 / 100 | 偏向：neutral | 风险：neutral
竞价：强0 / 弱0 / 缺8 | 均分 0.0
策略结论：主做科泰电源(300153) | 观察中文在线(300364) | 关注暂无 | 回避协鑫能科(002015)、金风科技(002202)
1. 主做：科泰电源(300153)
2. 观察：中文在线(300364)
3. 关注：暂无
4. 回避：协鑫能科(002015)、金风科技(002202)
执行顺序：先1后2，再3，最后4
升级条件：若 9:35 后上涨家数回到高于下跌家数，且市场评分回到 55 上方，再把关注升为观察。
开盘后跟踪：开盘后只看核心标的承接，不追高，等量能和情绪同时转强再说。
热门关注：安徽凤凰、纬达光电、万达轴承
09:20:53 [INFO] 早盘集合竞价结论：回避
市场评分：38.5 / 100 | 偏向：neutral | 风险：neutral
竞价：强0 / 弱0 / 缺8 | 均分 0.0
策略结论：主做科泰电源(300153) | 观察中文在线(300364) | 关注暂无 | 回避协鑫能科(002015)、金风科技(002202)
1. 主做：科泰电源(300153)
2. 观察：中文在线(300364)
3. 关注：暂无
4. 回避：协鑫能科(002015)、金风科技(002202)
执行顺序：先1后2，再3，最后4
升级条件：若 9:35 后上涨家数回到高于下跌家数，且市场评分回到 55 上方，再把关注升为观察。
开盘后跟踪：开盘后只看核心标的承接，不追高，等量能和情绪同时转强再说。
热门关注：安徽凤凰、纬达光电、万达轴承
09:20:53 [INFO] ✅ 集合竞价监控已推送飞书
09:20:53 [INFO] 📡 盘前集合竞价监控已刷新
09:21:54 [INFO] 早盘集合竞价结论：回避
市场评分：38.5 / 100 | 偏向：neutral | 风险：neutral
竞价：强0 / 弱0 / 缺8 | 均分 0.0
策略结论：主做科泰电源(300153) | 观察中文在线(300364) | 关注暂无 | 回避协鑫能科(002015)、金风科技(002202)
1. 主做：科泰电源(300153)
2. 观察：中文在线(300364)
3. 关注：暂无
4. 回避：协鑫能科(002015)、金风科技(002202)
执行顺序：先1后2，再3，最后4
升级条件：若 9:35 后上涨家数回到高于下跌家数，且市场评分回到 55 上方，再把关注升为观察。
开盘后跟踪：开盘后只看核心标的承接，不追高，等量能和情绪同时转强再说。
热门关注：安徽凤凰、纬达光电、万达轴承
09:22:41 [INFO] 早盘集合竞价结论：回避
市场评分：38.5 / 100 | 偏向：neutral | 风险：neutral
竞价：强0 / 弱0 / 缺8 | 均分 0.0
策略结论：主做科泰电源(300153) | 观察中文在线(300364) | 关注暂无 | 回避协鑫能科(002015)、金风科技(002202)
1. 主做：科泰电源(300153)
2. 观察：中文在线(300364)
3. 关注：暂无
4. 回避：协鑫能科(002015)、金风科技(002202)
执行顺序：先1后2，再3，最后4
升级条件：若 9:35 后上涨家数回到高于下跌家数，且市场评分回到 55 上方，再把关注升为观察。
开盘后跟踪：开盘后只看核心标的承接，不追高，等量能和情绪同时转强再说。
热门关注：安徽凤凰、纬达光电、万达轴承
09:23:40 [INFO] 早盘集合竞价结论：回避
市场评分：38.5 / 100 | 偏向：neutral | 风险：neutral
竞价：强0 / 弱0 / 缺8 | 均分 0.0
策略结论：主做科泰电源(300153) | 观察中文在线(300364) | 关注暂无 | 回避协鑫能科(002015)、金风科技(002202)
1. 主做：科泰电源(300153)
2. 观察：中文在线(300364)
3. 关注：暂无
4. 回避：协鑫能科(002015)、金风科技(002202)
执行顺序：先1后2，再3，最后4
升级条件：若 9:35 后上涨家数回到高于下跌家数，且市场评分回到 55 上方，再把关注升为观察。
开盘后跟踪：开盘后只看核心标的承接，不追高，等量能和情绪同时转强再说。
热门关注：安徽凤凰、纬达光电、万达轴承
09:23:41 [INFO] ✅ 集合竞价监控已推送飞书
09:23:41 [INFO] 📡 盘前集合竞价监控已刷新
09:24:59 [INFO] 早盘集合竞价结论：回避
市场评分：38.5 / 100 | 偏向：neutral | 风险：neutral
竞价：强0 / 弱0 / 缺8 | 均分 0.0
策略结论：主做科泰电源(300153) | 观察中文在线(300364) | 关注暂无 | 回避协鑫能科(002015)、金风科技(002202)
1. 主做：科泰电源(300153)
2. 观察：中文在线(300364)
3. 关注：暂无
4. 回避：协鑫能科(002015)、金风科技(002202)
执行顺序：先1后2，再3，最后4
升级条件：若 9:35 后上涨家数回到高于下跌家数，且市场评分回到 55 上方，再把关注升为观察。
开盘后跟踪：开盘后只看核心标的承接，不追高，等量能和情绪同时转强再说。
热门关注：安徽凤凰、纬达光电、万达轴承
09:30:14 [INFO] 🫀 扫描心跳 第1轮开始
09:30:20 [INFO] 
📊 护城河防御面板 第1轮
──────────────────────────────────────────────────────────────────────
科泰电源(300153)       23.98     23.97    0.1%      多0/空0  无波待涨    
中文在线(300364)       24.83     24.77    1.4%      多0/空0  无波待涨    
科创半导体ETF华夏(588170)    1.24      1.24    0.2%      多0/空0  无波待涨    
双良节能(600481)        4.47      4.48    0.4%      多0/空0  无波待涨    
五洲新春(603667)       59.77     59.81    0.2%      多0/空0  无波待涨    
华工科技(000988)      156.52    156.10    1.0%      多0/空0  无波待涨    
协鑫能科(002015)       14.82     14.82    0.1%      多0/空0  无波待涨    
金风科技(002202)       21.60     21.63    0.6%      多0/空0  无波待涨    
09:30:35 [INFO] 🫀 扫描心跳 第2轮开始
09:30:55 [INFO] 🫀 扫描心跳 第3轮开始
09:31:14 [INFO] 🫀 扫描心跳 第4轮开始
09:31:33 [INFO] 🫀 扫描心跳 第5轮开始
09:31:37 [INFO] 
📊 护城河防御面板 第5轮
──────────────────────────────────────────────────────────────────────
科泰电源(300153)       23.98     23.97    0.1%      多0/空0  无波待涨    
中文在线(300364)       24.83     24.77    1.4%      多0/空0  无波待涨    
科创半导体ETF华夏(588170)    1.24      1.24    0.2%      多0/空0  无波待涨    
双良节能(600481)        4.47      4.48    0.4%      多0/空0  无波待涨    
五洲新春(603667)       59.77     59.81    0.2%      多0/空0  无波待涨    
华工科技(000988)      156.52    156.10    1.0%      多0/空0  无波待涨    
协鑫能科(002015)       14.82     14.82    0.1%      多0/空0  无波待涨    
金风科技(002202)       21.60     21.63    0.6%      多0/空0  无波待涨    
09:31:52 [INFO] 🫀 扫描心跳 第6轮开始
09:32:12 [INFO] 🫀 扫描心跳 第7轮开始
09:32:31 [INFO] 🫀 扫描心跳 第8轮开始
09:32:50 [INFO] 🫀 扫描心跳 第9轮开始
09:32:54 [INFO] 
📊 护城河防御面板 第9轮
──────────────────────────────────────────────────────────────────────
科泰电源(300153)       23.98     23.97    0.1%      多0/空0  无波待涨    
中文在线(300364)       24.83     24.77    1.4%      多0/空0  无波待涨    
科创半导体ETF华夏(588170)    1.24      1.24    0.2%      多0/空0  无波待涨    
双良节能(600481)        4.47      4.48    0.4%      多0/空0  无波待涨    
五洲新春(603667)       59.77     59.81    0.2%      多0/空0  无波待涨    
华工科技(000988)      156.52    156.10    1.0%      多0/空0  无波待涨    
协鑫能科(002015)       14.82     14.82    0.1%      多0/空0  无波待涨    
金风科技(002202)       21.60     21.63    0.6%      多0/空0  无波待涨    
09:33:09 [INFO] 🫀 扫描心跳 第10轮开始
09:33:29 [INFO] 🫀 扫描心跳 第11轮开始
09:34:07 [INFO] 🫀 扫描心跳 第12轮开始
09:34:44 [INFO] 🫀 扫描心跳 第13轮开始
09:35:04 [INFO] 
📊 护城河防御面板 第13轮
──────────────────────────────────────────────────────────────────────
科泰电源(300153)       24.23     24.20    1.3%    多-7/空40  停手:日内波动过低
中文在线(300364)       24.48     24.44    1.6%    多13/空24  停手:买卖都不够强
科创半导体ETF华夏(588170)    1.28      1.27    3.7%    多-2/空28  停手:买卖都不够强
双良节能(600481)        4.48      4.48    0.7%     多1/空10  停手:价格低于均价，14:30前禁止买入
五洲新春(603667)       59.31     59.35    1.5%    多21/空10  停手:买卖都不够强
华工科技(000988)      160.10    160.10    4.0%     多5/空66  停手:价格低于均价，14:30前禁止买入
协鑫能科(002015)       14.84     14.83    1.1%     多-7/空6  停手:日内波动过低
金风科技(002202)       21.00     21.00    4.0%    多25/空40  停手:价格低于均价，14:30前禁止买入
09:35:19 [INFO] 🫀 扫描心跳 第14轮开始
09:35:55 [INFO] 🫀 扫描心跳 第15轮开始
09:36:30 [INFO] 🫀 扫描心跳 第16轮开始
09:37:08 [INFO] 🫀 扫描心跳 第17轮开始
09:37:29 [INFO] 
📊 护城河防御面板 第17轮
──────────────────────────────────────────────────────────────────────
科泰电源(300153)       24.12     24.20    1.4%      多1/空8  停手:日内波动过低
中文在线(300364)       24.30     24.32    2.2%   多37/空-13  停手:价格低于均价，14:30前禁止买入
科创半导体ETF华夏(588170)    1.27      1.27    3.7%    多-4/空11  停手:买卖都不够强
双良节能(600481)        4.45      4.47    1.1%     多-7/空2  停手:价格低于均价，14:30前禁止买入
五洲新春(603667)       59.03     59.05    1.9%     多9/空-2  停手:买卖都不够强
华工科技(000988)      158.36    159.89    4.2%     多8/空38  停手:价格低于均价，14:30前禁止买入
协鑫能科(002015)       14.72     14.79    1.3%     多7/空27  停手:价格低于均价，14:30前禁止买入
金风科技(002202)       20.76     20.87    4.9%    多31/空32  停手:价格低于均价，14:30前禁止买入
09:37:44 [INFO] 🫀 扫描心跳 第18轮开始
09:38:19 [INFO] 🫀 扫描心跳 第19轮开始
09:39:10 [INFO] 🫀 扫描心跳 第20轮开始
09:39:45 [INFO] 🫀 扫描心跳 第21轮开始
09:40:07 [INFO] 
📊 护城河防御面板 第21轮
──────────────────────────────────────────────────────────────────────
科泰电源(300153)       23.82     24.05    2.0%      多7/空7  停手:买卖都不够强
中文在线(300364)       24.24     24.34    2.2%     多-6/空2  停手:买卖都不够强
科创半导体ETF华夏(588170)    1.28      1.27    3.7%   多-10/空26  停手:买卖都不够强
双良节能(600481)        4.41      4.45    2.0%     多-8/空2  停手:买卖都不够强
五洲新春(603667)       59.00     59.06    1.9%    多21/空28  停手:买卖都不够强
华工科技(000988)      159.95    160.12    4.2%   多-37/空20  停手:买卖都不够强
协鑫能科(002015)       14.87     14.83    1.3%   多-15/空-2  停手:日内波动过低
金风科技(002202)       20.63     20.75    5.3%    多-9/空25  停手:买卖都不够强
09:40:22 [INFO] 🫀 扫描心跳 第22轮开始
09:40:58 [INFO] 🫀 扫描心跳 第23轮开始
09:41:33 [INFO] 🫀 扫描心跳 第24轮开始
09:42:09 [INFO] 🫀 扫描心跳 第25轮开始
09:42:29 [INFO] 
📊 护城河防御面板 第25轮
──────────────────────────────────────────────────────────────────────
科泰电源(300153)       23.82     24.05    2.0%      多7/空7  停手:买卖都不够强
中文在线(300364)       24.24     24.34    2.2%     多-6/空2  停手:买卖都不够强
科创半导体ETF华夏(588170)    1.28      1.27    3.7%   多-10/空26  停手:买卖都不够强
双良节能(600481)        4.41      4.45    2.0%     多-8/空2  停手:买卖都不够强
五洲新春(603667)       59.00     59.06    1.9%    多21/空28  停手:买卖都不够强
华工科技(000988)      159.95    160.12    4.2%   多-37/空20  停手:买卖都不够强
协鑫能科(002015)       14.87     14.83    1.3%   多-15/空-2  停手:日内波动过低
金风科技(002202)       20.63     20.75    5.3%    多-9/空25  停手:买卖都不够强
09:42:44 [INFO] 🫀 扫描心跳 第26轮开始
09:43:20 [INFO] 🫀 扫描心跳 第27轮开始
09:43:57 [INFO] 🫀 扫描心跳 第28轮开始
09:44:32 [INFO] 🫀 扫描心跳 第29轮开始
09:44:54 [INFO] 
📊 护城河防御面板 第29轮
──────────────────────────────────────────────────────────────────────
科泰电源(300153)       23.88     23.98    2.0%   多17/空-16  停手:买卖都不够强
中文在线(300364)       24.24     24.29    2.2%    多3/空-20  停手:买卖都不够强
科创半导体ETF华夏(588170)    1.29      1.28    4.1%   多-10/空30  停手:买卖都不够强
双良节能(600481)        4.39      4.42    2.7%    多25/空-1  停手:买卖都不够强
五洲新春(603667)       59.49     59.09    1.9%   多-20/空-5  停手:买卖都不够强
华工科技(000988)      160.94    160.10    4.2%   多-18/空29  停手:买卖都不够强
协鑫能科(002015)       14.86     14.85    1.4%   多-20/空24  停手:日内波动过低
金风科技(002202)       20.44     20.66    6.3%    多23/空25  停手:买卖都不够强
09:45:09 [INFO] 🫀 扫描心跳 第30轮开始
09:45:47 [INFO] 🫀 扫描心跳 第31轮开始
09:46:23 [INFO] 🫀 扫描心跳 第32轮开始
09:46:32 [INFO] 📊 动态份数 588170: 状态=normal 信号强度60/阈值38, 建议交易1200股/份 (24%)
09:46:32 [INFO] 📉 588170 卖出信号得分60分，低于10:00前阈值75分，静默处理（不推送飞书）
09:46:38 [INFO] 📉 603667 卖出信号得分67分，低于10:00前阈值75分，静默处理（不推送飞书）
09:46:41 [INFO] 📉 000988 卖出信号得分66分，低于10:00前阈值75分，静默处理（不推送飞书）
09:47:01 [INFO] 🫀 扫描心跳 第33轮开始
09:47:23 [INFO] 
📊 护城河防御面板 第33轮
──────────────────────────────────────────────────────────────────────
科泰电源(300153)       23.59     23.88    3.0%    多34/空24  停手:价格低于均价，14:30前禁止买入
中文在线(300364)       24.03     24.22    2.8%    多18/空29  停手:买卖都不够强
科创半导体ETF华夏(588170)    1.30      1.28    5.4%   多-10/空52  可T观察    
双良节能(600481)        4.40      4.41    2.7%   多22/空-20  停手:买卖都不够强
五洲新春(603667)       59.79     59.27    2.0%   多-18/空59  可T观察    
华工科技(000988)      161.66    160.57    4.6%   多-20/空73  强可T     
协鑫能科(002015)       14.72     14.82    1.4%    多14/空-1  停手:价格低于均价，14:30前禁止买入
金风科技(002202)       20.55     20.64    6.3%    多42/空10  停手:价格低于均价，14:30前禁止买入
09:47:38 [INFO] 🫀 扫描心跳 第34轮开始
09:48:14 [INFO] 🫀 扫描心跳 第35轮开始
09:48:50 [INFO] 🫀 扫描心跳 第36轮开始
09:49:26 [INFO] 🫀 扫描心跳 第37轮开始
09:49:40 [INFO] 📊 动态份数 600481: 状态=normal 信号强度86/阈值49, 建议交易1800股/份 (40%)
09:49:41 [INFO] ✅ 飞书消息已成功送达: 双良节能(600481) SELL_HIGH - 加急通知已发送
09:49:43 [INFO] 🔔 已触发急促报警
09:49:58 [INFO] 
📊 护城河防御面板 第37轮
──────────────────────────────────────────────────────────────────────
科泰电源(300153)       23.59     23.82    3.1%    多62/空56  停手:价格低于均价，14:30前禁止买入
中文在线(300364)       24.02     24.17    3.0%    多71/空88  停手:价格低于均价，14:30前禁止买入
科创半导体ETF华夏(588170)    1.28      1.28    5.4%     多9/空31  停手:买卖都不够强
双良节能(600481)        4.38      4.40    3.0%    多31/空86  停手:价格低于均价，14:30前禁止买入|SELL_HIGH
五洲新春(603667)       59.82     59.36    2.0%  多-40/空120  强可T     
华工科技(000988)      159.90    160.52    4.6%    多16/空17  停手:买卖都不够强
协鑫能科(002015)       14.63     14.78    2.1%    多27/空-1  停手:买卖都不够强
金风科技(002202)       20.53     20.61    6.3%    多16/空10  停手:买卖都不够强
09:50:13 [INFO] 🫀 扫描心跳 第38轮开始
09:50:48 [INFO] 🫀 扫描心跳 第39轮开始
09:51:23 [INFO] 🫀 扫描心跳 第40轮开始
09:51:59 [INFO] 🫀 扫描心跳 第41轮开始
09:52:20 [INFO] 
📊 护城河防御面板 第41轮
──────────────────────────────────────────────────────────────────────
科泰电源(300153)       23.59     23.82    3.1%    多62/空56  停手:价格低于均价，14:30前禁止买入
中文在线(300364)       24.02     24.17    3.0%    多71/空88  停手:价格低于均价，14:30前禁止买入
科创半导体ETF华夏(588170)    1.28      1.28    5.4%     多9/空51  停手:价格低于均价，14:30前禁止买入
双良节能(600481)        4.38      4.40    3.0%    多31/空78  停手:价格低于均价，14:30前禁止买入
五洲新春(603667)       59.82     59.36    2.0%  多-40/空120  强可T     
华工科技(000988)      159.90    160.52    4.6%    多16/空17  停手:买卖都不够强
协鑫能科(002015)       14.63     14.78    2.1%    多27/空-1  停手:买卖都不够强
金风科技(002202)       20.53     20.61    6.3%    多16/空10  停手:买卖都不够强
09:52:35 [INFO] 🫀 扫描心跳 第42轮开始
09:52:41 [INFO] 📊 动态份数 300364: 状态=normal 信号强度73/阈值47, 建议交易100股/份 (33%)
09:52:41 [INFO] 📉 300364 卖出信号得分73分，低于10:00前阈值75分，静默处理（不推送飞书）
09:53:15 [INFO] 🫀 扫描心跳 第43轮开始
09:53:50 [INFO] 🫀 扫描心跳 第44轮开始
09:54:25 [INFO] 🫀 扫描心跳 第45轮开始
09:54:46 [INFO] 
📊 护城河防御面板 第45轮
──────────────────────────────────────────────────────────────────────
科泰电源(300153)       23.51     23.77    3.3%    多59/空56  停手:价格低于均价，14:30前禁止买入
中文在线(300364)       24.03     24.14    3.0%    多51/空65  停手:价格低于均价，14:30前禁止买入
科创半导体ETF华夏(588170)    1.29      1.28    5.4%     多-1/空5  停手:买卖都不够强
双良节能(600481)        4.37      4.40    3.0%    多33/空46  停手:价格低于均价，14:30前禁止买入
五洲新春(603667)       59.88     59.44    2.0%  多-40/空118  强可T     
华工科技(000988)      159.62    160.31    4.6%    多16/空17  停手:买卖都不够强
协鑫能科(002015)       14.65     14.75    2.1%   多50/空-20  停手:价格低于均价，14:30前禁止买入
金风科技(002202)       20.50     20.58    6.3%     多6/空10  停手:买卖都不够强
09:55:01 [INFO] 🫀 扫描心跳 第46轮开始
09:55:36 [INFO] 🫀 扫描心跳 第47轮开始
09:56:12 [INFO] 🫀 扫描心跳 第48轮开始
09:56:50 [INFO] 🫀 扫描心跳 第49轮开始
09:57:09 [INFO] 
📊 护城河防御面板 第49轮
──────────────────────────────────────────────────────────────────────
科泰电源(300153)       23.43     23.71    3.7%    多46/空56  停手:价格低于均价，14:30前禁止买入
中文在线(300364)       23.94     24.11    3.2%   多40/空104  停手:价格低于均价，14:30前禁止买入
科创半导体ETF华夏(588170)    1.28      1.29    5.4%    多28/空28  停手:ETF波动不足
双良节能(600481)        4.35      4.39    3.4%    多19/空50  停手:价格低于均价，14:30前禁止买入
五洲新春(603667)       59.75     59.51    2.0%  多-42/空133  强可T     
华工科技(000988)      159.30    160.11    4.6%    多39/空21  停手:价格低于均价，14:30前禁止买入
协鑫能科(002015)       14.52     14.70    2.9%    多52/空-1  停手:价格低于均价，14:30前禁止买入
金风科技(002202)       20.36     20.54    6.7%    多55/空35  停手:价格低于均价，14:30前禁止买入
09:57:25 [INFO] 🫀 扫描心跳 第50轮开始
09:58:01 [INFO] 🫀 扫描心跳 第51轮开始
09:58:36 [INFO] 🫀 扫描心跳 第52轮开始
09:59:12 [INFO] 🫀 扫描心跳 第53轮开始
09:59:34 [INFO] 
📊 护城河防御面板 第53轮
──────────────────────────────────────────────────────────────────────
科泰电源(300153)       23.27     23.62    4.4%    多77/空77  停手:价格低于均价，14:30前禁止买入
中文在线(300364)       23.89     24.07    3.4%    多94/空92  停手:价格低于均价，14:30前禁止买入
科创半导体ETF华夏(588170)    1.27      1.28    5.4%    多61/空39  停手:价格低于均价，14:30前禁止买入
双良节能(600481)        4.35      4.39    3.4%    多19/空50  停手:价格低于均价，14:30前禁止买入
五洲新春(603667)       59.75     59.51    2.0%  多-42/空133  强可T     
华工科技(000988)      159.30    160.11    4.6%    多39/空21  停手:价格低于均价，14:30前禁止买入
协鑫能科(002015)       14.52     14.70    2.9%    多52/空-1  停手:价格低于均价，14:30前禁止买入
金风科技(002202)       20.36     20.54    6.7%    多55/空35  停手:价格低于均价，14:30前禁止买入
09:59:49 [INFO] 🫀 扫描心跳 第54轮开始
10:00:26 [INFO] 🫀 扫描心跳 第55轮开始
10:01:03 [INFO] 🫀 扫描心跳 第56轮开始
10:01:39 [INFO] 🫀 扫描心跳 第57轮开始
10:02:00 [INFO] 
📊 护城河防御面板 第57轮
──────────────────────────────────────────────────────────────────────
科泰电源(300153)       23.27     23.62    4.4%    多77/空77  停手:价格低于均价，14:30前禁止买入
中文在线(300364)       23.89     24.07    3.4%    多94/空92  停手:价格低于均价，14:30前禁止买入
科创半导体ETF华夏(588170)    1.27      1.28    5.4%    多61/空39  停手:价格低于均价，14:30前禁止买入
双良节能(600481)        4.34      4.38    3.7%    多52/空65  停手:价格低于均价，14:30前禁止买入
五洲新春(603667)       60.36     59.66    3.0%  多-22/空110  强可T     
华工科技(000988)      158.96    159.88    4.6%    多58/空21  停手:价格低于均价，14:30前禁止买入
协鑫能科(002015)       14.49     14.65    3.3%    多76/空10  停手:价格低于均价，14:30前禁止买入
金风科技(002202)       20.37     20.51    7.0%    多44/空25  停手:价格低于均价，14:30前禁止买入
10:02:15 [INFO] 🫀 扫描心跳 第58轮开始
10:02:52 [INFO] 🫀 扫描心跳 第59轮开始
10:03:28 [INFO] 🫀 扫描心跳 第60轮开始
10:04:03 [INFO] 🫀 扫描心跳 第61轮开始
10:04:24 [INFO] 
📊 护城河防御面板 第61轮
──────────────────────────────────────────────────────────────────────
科泰电源(300153)       23.15     23.55    4.9%    多69/空77  停手:价格低于均价，14:30前禁止买入
中文在线(300364)       23.88     24.04    3.6%    多83/空76  停手:价格低于均价，14:30前禁止买入
科创半导体ETF华夏(588170)    1.26      1.28    5.4%    多72/空39  停手:价格低于均价，14:30前禁止买入
双良节能(600481)        4.33      4.38    3.9%    多59/空65  停手:价格低于均价，14:30前禁止买入
五洲新春(603667)       59.92     59.70    3.0%   多-24/空76  强可T     
华工科技(000988)      159.02    159.66    4.6%    多44/空17  停手:价格低于均价，14:30前禁止买入
协鑫能科(002015)       14.44     14.62    3.4%    多68/空10  停手:价格低于均价，14:30前禁止买入
金风科技(002202)       20.32     20.48    7.0%    多59/空40  停手:价格低于均价，14:30前禁止买入
10:04:39 [INFO] 🫀 扫描心跳 第62轮开始
10:05:15 [INFO] 🫀 扫描心跳 第63轮开始
10:05:51 [INFO] 🫀 扫描心跳 第64轮开始
10:06:29 [INFO] 🫀 扫描心跳 第65轮开始
10:06:50 [INFO] 📉 002202 卖出信号得分52分，低于10:00后阈值65分，静默处理（不推送飞书）
10:06:50 [INFO] 
📊 护城河防御面板 第65轮
──────────────────────────────────────────────────────────────────────
科泰电源(300153)       23.22     23.51    5.1%    多47/空64  停手:价格低于均价，14:30前禁止买入
中文在线(300364)       23.86     24.01    3.9%    多45/空76  停手:价格低于均价，14:30前禁止买入
科创半导体ETF华夏(588170)    1.28      1.28    5.4%    多30/空46  停手:价格低于均价，14:30前禁止买入
双良节能(600481)        4.35      4.37    3.9%     多9/空78  停手:价格低于均价，14:30前禁止买入
五洲新春(603667)       60.29     59.78    3.0%   多-22/空44  弱机会     
华工科技(000988)      160.38    159.73    4.6%     多7/空47  可T观察    
协鑫能科(002015)       14.47     14.60    3.9%    多39/空-5  停手:价格低于均价，14:30前禁止买入
金风科技(002202)       20.45     20.48    7.0%    多24/空52  停手:价格低于均价，14:30前禁止买入|SELL_HIGH
10:07:05 [INFO] 🫀 扫描心跳 第66轮开始
10:07:41 [INFO] 🫀 扫描心跳 第67轮开始
10:08:16 [INFO] 🫀 扫描心跳 第68轮开始
10:08:20 [INFO] ✅ 飞书消息已成功送达: 科泰电源(300153) SELL_HIGH - 加急通知已发送
10:08:22 [INFO] 🔔 已触发急促报警
10:08:56 [INFO] 🫀 扫描心跳 第69轮开始
10:09:17 [INFO] 
📊 护城河防御面板 第69轮
──────────────────────────────────────────────────────────────────────
科泰电源(300153)       23.09     23.46    5.2%    多39/空79  停手:价格低于均价，14:30前禁止买入
中文在线(300364)       23.75     23.97    4.4%    多91/空92  停手:价格低于均价，14:30前禁止买入
科创半导体ETF华夏(588170)    1.26      1.28    5.4%    多42/空39  停手:价格低于均价，14:30前禁止买入
双良节能(600481)        4.32      4.36    4.4%    多46/空61  停手:价格低于均价，14:30前禁止买入
五洲新春(603667)       59.77     59.77    3.0%   多-27/空38  弱机会     
华工科技(000988)      158.80    159.62    4.6%    多26/空36  停手:价格低于均价，14:30前禁止买入
协鑫能科(002015)       14.45     14.58    3.9%    多67/空10  停手:价格低于均价，14:30前禁止买入
金风科技(002202)       20.39     20.47    7.0%    多44/空42  停手:价格低于均价，14:30前禁止买入
10:09:32 [INFO] 🫀 扫描心跳 第70轮开始
10:10:08 [INFO] 🫀 扫描心跳 第71轮开始
10:10:43 [INFO] 🫀 扫描心跳 第72轮开始
10:11:19 [INFO] 🫀 扫描心跳 第73轮开始
10:11:54 [INFO] 
📊 护城河防御面板 第73轮
──────────────────────────────────────────────────────────────────────
科泰电源(300153)       23.20     23.43    5.2%    多54/空24  停手:价格低于均价，14:30前禁止买入
中文在线(300364)       23.75     23.97    4.4%    多91/空92  停手:价格低于均价，14:30前禁止买入
科创半导体ETF华夏(588170)    1.26      1.28    5.4%    多42/空39  停手:价格低于均价，14:30前禁止买入
双良节能(600481)        4.32      4.36    4.4%    多46/空61  停手:价格低于均价，14:30前禁止买入
五洲新春(603667)       59.77     59.77    3.0%   多-27/空38  弱机会     
华工科技(000988)      158.80    159.62    4.6%    多26/空36  停手:价格低于均价，14:30前禁止买入
协鑫能科(002015)       14.45     14.58    3.9%    多67/空10  停手:价格低于均价，14:30前禁止买入
金风科技(002202)       20.39     20.47    7.0%    多44/空42  停手:价格低于均价，14:30前禁止买入
10:12:09 [INFO] 🫀 扫描心跳 第74轮开始
10:12:17 [INFO] 📊 动态份数 588170: 状态=normal 信号强度51/阈值38, 建议交易1600股/份 (32%)
10:12:17 [INFO] 📉 588170 卖出信号得分51分，低于10:00后阈值65分，静默处理（不推送飞书）
10:12:46 [INFO] 🫀 扫描心跳 第75轮开始
10:13:21 [INFO] 🫀 扫描心跳 第76轮开始
10:13:58 [INFO] 🫀 扫描心跳 第77轮开始
10:14:19 [INFO] 
📊 护城河防御面板 第77轮
──────────────────────────────────────────────────────────────────────
科泰电源(300153)       23.20     23.43    5.2%    多54/空24  停手:价格低于均价，14:30前禁止买入
中文在线(300364)       23.73     23.94    4.4%    多49/空95  停手:价格低于均价，14:30前禁止买入
科创半导体ETF华夏(588170)    1.28      1.28    5.4%     多0/空43  弱机会     
双良节能(600481)        4.32      4.36    4.4%    多39/空61  停手:价格低于均价，14:30前禁止买入
五洲新春(603667)       59.98     59.79    3.0%    多-5/空51  可T观察    
华工科技(000988)      160.19    159.68    4.6%    多-3/空32  停手:买卖都不够强
协鑫能科(002015)       14.48     14.57    3.9%    多28/空-5  停手:价格低于均价，14:30前禁止买入
金风科技(002202)       20.41     20.47    7.0%    多48/空42  停手:价格低于均价，14:30前禁止买入
10:14:34 [INFO] 🫀 扫描心跳 第78轮开始
10:15:10 [INFO] 🫀 扫描心跳 第79轮开始
10:15:49 [INFO] 🫀 扫描心跳 第80轮开始
10:16:26 [INFO] 🫀 扫描心跳 第81轮开始
10:16:54 [INFO] 
📊 护城河防御面板 第81轮
──────────────────────────────────────────────────────────────────────
科泰电源(300153)       23.33     23.42    5.2%    多23/空59  停手:价格低于均价，14:30前禁止买入
中文在线(300364)       23.82     23.92    4.4%    多25/空76  停手:价格低于均价，14:30前禁止买入
科创半导体ETF华夏(588170)    1.28      1.28    5.4%    多10/空43  弱机会     
双良节能(600481)        4.33      4.36    4.4%    多39/空46  停手:价格低于均价，14:30前禁止买入
五洲新春(603667)       60.12     59.83    3.0%   多-24/空58  可T观察    
华工科技(000988)      160.31    159.75    4.6%    多10/空42  弱机会     
协鑫能科(002015)       14.58     14.57    3.9%     多2/空37  弱机会     
金风科技(002202)       20.44     20.47    7.0%    多40/空27  停手:价格低于均价，14:30前禁止买入
10:17:09 [INFO] 🫀 扫描心跳 第82轮开始
10:17:44 [INFO] 🫀 扫描心跳 第83轮开始
10:18:21 [INFO] 🫀 扫描心跳 第84轮开始
10:19:00 [INFO] 🫀 扫描心跳 第85轮开始
10:19:21 [INFO] 
📊 护城河防御面板 第85轮
──────────────────────────────────────────────────────────────────────
科泰电源(300153)       23.23     23.40    5.2%    多27/空78  停手:价格低于均价，14:30前禁止买入
中文在线(300364)       23.73     23.90    4.4%    多69/空92  停手:价格低于均价，14:30前禁止买入
科创半导体ETF华夏(588170)    1.28      1.28    5.4%     多9/空67  停手:价格低于均价，14:30前禁止买入
双良节能(600481)        4.32      4.35    4.4%    多85/空46  停手:价格低于均价，14:30前禁止买入
五洲新春(603667)       59.96     59.84    3.0%   多-10/空70  强可T     
华工科技(000988)      160.11    159.78    4.6%    多13/空61  可T观察    
协鑫能科(002015)       14.52     14.57    3.9%    多40/空24  停手:价格低于均价，14:30前禁止买入
金风科技(002202)       20.42     20.47    7.0%    多56/空46  停手:价格低于均价，14:30前禁止买入
10:19:36 [INFO] 🫀 扫描心跳 第86轮开始
10:19:56 [INFO] ✅ 飞书消息已成功送达: 五洲新春(603667) SELL_HIGH - 加急通知已发送
10:19:57 [INFO] 🔔 已触发急促报警
10:20:03 [INFO] ✅ 飞书消息已成功送达: 华工科技(000988) SELL_HIGH - 加急通知已发送
10:20:04 [INFO] 🔔 已触发急促报警
10:20:09 [INFO] ✅ 飞书消息已成功送达: 协鑫能科(002015) SELL_HIGH - 加急通知已发送
10:20:10 [INFO] 🔔 已触发急促报警
10:20:29 [INFO] 🫀 扫描心跳 第87轮开始
10:21:04 [INFO] 🫀 扫描心跳 第88轮开始
10:21:41 [INFO] 🫀 扫描心跳 第89轮开始
10:22:03 [INFO] 
📊 护城河防御面板 第89轮
──────────────────────────────────────────────────────────────────────
科泰电源(300153)       23.18     23.38    5.2%    多98/空-3  停手:价格低于均价，14:30前禁止买入
中文在线(300364)       23.71     23.89    4.4%   多97/空102  停手:价格低于均价，14:30前禁止买入
科创半导体ETF华夏(588170)    1.26      1.28    5.4%     多72/空9  停手:价格低于均价，14:30前禁止买入
双良节能(600481)        4.30      4.35    4.7%    多99/空75  停手:价格低于均价，14:30前禁止买入
五洲新春(603667)       59.76     59.84    3.0%    多29/空23  停手:价格低于均价，14:30前禁止买入
华工科技(000988)      159.51    159.79    4.6%    多39/空86  停手:价格低于均价，14:30前禁止买入
协鑫能科(002015)       14.48     14.56    3.9%    多40/空65  停手:价格低于均价，14:30前禁止买入
金风科技(002202)       20.37     20.46    7.0%    多68/空46  停手:价格低于均价，14:30前禁止买入
10:22:18 [INFO] 🫀 扫描心跳 第90轮开始
10:22:53 [INFO] 🫀 扫描心跳 第91轮开始
10:23:29 [INFO] 🫀 扫描心跳 第92轮开始
10:24:05 [INFO] 🫀 扫描心跳 第93轮开始
10:24:26 [INFO] 
📊 护城河防御面板 第93轮
──────────────────────────────────────────────────────────────────────
科泰电源(300153)       22.95     23.34    5.8%   多112/空36  停手:价格低于均价，14:30前禁止买入
中文在线(300364)       23.71     23.89    4.4%   多97/空102  停手:价格低于均价，14:30前禁止买入
科创半导体ETF华夏(588170)    1.26      1.28    5.4%     多72/空9  停手:价格低于均价，14:30前禁止买入
双良节能(600481)        4.30      4.35    4.7%    多99/空75  停手:价格低于均价，14:30前禁止买入
五洲新春(603667)       59.76     59.84    3.0%    多29/空23  停手:价格低于均价，14:30前禁止买入
华工科技(000988)      159.51    159.79    4.6%    多39/空74  停手:价格低于均价，14:30前禁止买入
协鑫能科(002015)       14.48     14.56    3.9%    多40/空65  停手:价格低于均价，14:30前禁止买入
金风科技(002202)       20.37     20.46    7.0%    多68/空46  停手:价格低于均价，14:30前禁止买入
10:24:41 [INFO] 🫀 扫描心跳 第94轮开始
10:25:15 [INFO] 🫀 扫描心跳 第95轮开始
10:25:52 [INFO] 🫀 扫描心跳 第96轮开始
10:26:26 [INFO] 🫀 扫描心跳 第97轮开始
10:26:47 [INFO] 
📊 护城河防御面板 第97轮
──────────────────────────────────────────────────────────────────────
科泰电源(300153)       22.95     23.34    5.8%   多112/空36  停手:价格低于均价，14:30前禁止买入
中文在线(300364)       23.68     23.86    4.4%   多101/空73  停手:价格低于均价，14:30前禁止买入
科创半导体ETF华夏(588170)    1.27      1.28    5.4%    多73/空-2  停手:价格低于均价，14:30前禁止买入
双良节能(600481)        4.32      4.35    4.7%    多39/空66  停手:价格低于均价，14:30前禁止买入
五洲新春(603667)       59.82     59.84    3.0%    多27/空55  停手:价格低于均价，14:30前禁止买入
华工科技(000988)      160.67    159.84    4.6%   多31/空-18  弱机会     
协鑫能科(002015)       14.54     14.55    3.9%     多9/空36  停手:价格低于均价，14:30前禁止买入
金风科技(002202)       20.43     20.45    7.0%    多40/空17  停手:价格低于均价，14:30前禁止买入
10:27:02 [INFO] 🫀 扫描心跳 第98轮开始
10:27:36 [INFO] 🫀 扫描心跳 第99轮开始
10:28:26 [INFO] 🫀 扫描心跳 第100轮开始
10:29:03 [INFO] 🫀 扫描心跳 第101轮开始
10:29:11 [INFO] 📊 动态份数 588170: 状态=normal 信号强度40/阈值38, 建议交易600股/份 (12%)
10:29:11 [INFO] 📉 588170 卖出信号得分40分，低于10:00后阈值65分，静默处理（不推送飞书）
10:29:13 [INFO] 📊 动态份数 600481: 状态=normal 信号强度90/阈值80, 建议交易2700股/份 (60%)
10:29:14 [INFO] ✅ 飞书消息已成功送达: 双良节能(600481) SELL_HIGH - 加急通知已发送
10:29:16 [INFO] 🔔 已触发急促报警
10:29:26 [INFO] 
📊 护城河防御面板 第101轮
──────────────────────────────────────────────────────────────────────
科泰电源(300153)       23.02     23.31    5.8%   多108/空17  停手:价格低于均价，14:30前禁止买入
中文在线(300364)       23.65     23.85    4.5%  多100/空102  停手:价格低于均价，14:30前禁止买入
科创半导体ETF华夏(588170)    1.28      1.28    5.4%     多7/空40  弱机会|SELL_HIGH
双良节能(600481)        4.34      4.34    4.7%    多21/空90  停手:价格低于均价，14:30前禁止买入|SELL_HIGH
五洲新春(603667)       60.00     59.84    3.0%    多-5/空44  弱机会     
华工科技(000988)      160.95    159.89    4.6%    多15/空22  停手:买卖都不够强
协鑫能科(002015)       14.50     14.55    3.9%    多11/空65  停手:价格低于均价，14:30前禁止买入
金风科技(002202)       20.39     20.45    7.0%    多46/空42  停手:价格低于均价，14:30前禁止买入
10:29:41 [INFO] 🫀 扫描心跳 第102轮开始
10:30:17 [INFO] 🫀 扫描心跳 第103轮开始
10:30:52 [INFO] 🫀 扫描心跳 第104轮开始
10:31:27 [INFO] 🫀 扫描心跳 第105轮开始
10:31:32 [INFO] 📊 动态份数 300364: 状态=normal 信号强度91/阈值80, 建议交易100股/份 (33%)
10:31:33 [INFO] ✅ 飞书消息已成功送达: 中文在线(300364) SELL_HIGH - 加急通知已发送
10:31:35 [INFO] 🔔 已触发急促报警
10:31:53 [INFO] 
📊 护城河防御面板 第105轮
──────────────────────────────────────────────────────────────────────
科泰电源(300153)       22.98     23.29    5.8%   多120/空32  停手:价格低于均价，14:30前禁止买入
中文在线(300364)       23.66     23.83    4.5%    多70/空91  停手:价格低于均价，14:30前禁止买入|SELL_HIGH
科创半导体ETF华夏(588170)    1.28      1.28    5.4%    多15/空65  强可T     
双良节能(600481)        4.32      4.34    4.7%    多43/空75  停手:价格低于均价，14:30前禁止买入
五洲新春(603667)       59.86     59.84    3.0%   多-15/空58  可T观察    
华工科技(000988)      160.86    159.97    4.6%    多23/空32  停手:买卖都不够强
协鑫能科(002015)       14.47     14.54    3.9%    多59/空65  停手:价格低于均价，14:30前禁止买入
金风科技(002202)       20.35     20.44    7.0%   多104/空46  停手:价格低于均价，14:30前禁止买入
10:32:08 [INFO] 🫀 扫描心跳 第106轮开始
10:32:43 [INFO] 🫀 扫描心跳 第107轮开始
10:33:19 [INFO] 🫀 扫描心跳 第108轮开始
10:33:55 [INFO] 🫀 扫描心跳 第109轮开始
10:34:30 [INFO] 
📊 护城河防御面板 第109轮
──────────────────────────────────────────────────────────────────────
科泰电源(300153)       22.95     23.26    6.0%   多107/空32  停手:价格低于均价，14:30前禁止买入
中文在线(300364)       23.66     23.83    4.5%    多55/空91  停手:价格低于均价，14:30前禁止买入
科创半导体ETF华夏(588170)    1.28      1.28    5.4%    多15/空65  强可T     
双良节能(600481)        4.32      4.34    4.7%    多43/空75  停手:价格低于均价，14:30前禁止买入
五洲新春(603667)       59.86     59.84    3.0%   多-15/空58  可T观察    
华工科技(000988)      160.86    159.97    4.6%    多23/空32  停手:买卖都不够强
协鑫能科(002015)       14.47     14.54    3.9%    多59/空65  停手:价格低于均价，14:30前禁止买入
金风科技(002202)       20.35     20.44    7.0%   多104/空46  停手:价格低于均价，14:30前禁止买入
10:34:45 [INFO] 🫀 扫描心跳 第110轮开始
10:35:22 [INFO] 🫀 扫描心跳 第111轮开始
10:35:57 [INFO] 🫀 扫描心跳 第112轮开始
10:36:33 [INFO] 🫀 扫描心跳 第113轮开始
10:36:55 [INFO] 
📊 护城河防御面板 第113轮
──────────────────────────────────────────────────────────────────────
科泰电源(300153)       22.95     23.26    6.0%   多107/空32  停手:价格低于均价，14:30前禁止买入
中文在线(300364)       23.68     23.82    4.5%    多71/空47  停手:价格低于均价，14:30前禁止买入
科创半导体ETF华夏(588170)    1.27      1.28    5.4%    多43/空19  停手:价格低于均价，14:30前禁止买入
双良节能(600481)        4.32      4.34    4.7%    多71/空75  停手:价格低于均价，14:30前禁止买入
五洲新春(603667)       59.69     59.84    3.0%    多62/空23  停手:价格低于均价，14:30前禁止买入
华工科技(000988)      160.22    160.01    4.6%    多39/空77  强可T     
协鑫能科(002015)       14.44     14.54    3.9%    多99/空55  停手:价格低于均价，14:30前禁止买入
金风科技(002202)       20.32     20.43    7.0%   多112/空21  停手:价格低于均价，14:30前禁止买入
10:37:10 [INFO] 🫀 扫描心跳 第114轮开始
10:37:46 [INFO] 🫀 扫描心跳 第115轮开始
10:38:23 [INFO] 🫀 扫描心跳 第116轮开始
10:38:59 [INFO] 🫀 扫描心跳 第117轮开始
10:39:19 [INFO] 
📊 护城河防御面板 第117轮
──────────────────────────────────────────────────────────────────────
科泰电源(300153)       22.74     23.22    6.8%   多104/空36  停手:价格低于均价，14:30前禁止买入
中文在线(300364)       23.59     23.81    4.8%  多101/空102  停手:价格低于均价，14:30前禁止买入
科创半导体ETF华夏(588170)    1.27      1.28    5.4%     多58/空9  停手:价格低于均价，14:30前禁止买入
双良节能(600481)        4.31      4.34    4.7%    多85/空65  停手:价格低于均价，14:30前禁止买入
五洲新春(603667)       59.52     59.82    3.0%    多82/空23  停手:价格低于均价，14:30前禁止买入
华工科技(000988)      159.39    159.99    4.6%    多62/空74  停手:价格低于均价，14:30前禁止买入
协鑫能科(002015)       14.32     14.52    4.3%    多85/空65  停手:价格低于均价，14:30前禁止买入
金风科技(002202)       20.29     20.43    7.1%   多130/空36  停手:价格低于均价，14:30前禁止买入
10:39:34 [INFO] 🫀 扫描心跳 第118轮开始
10:40:09 [INFO] 🫀 扫描心跳 第119轮开始
10:41:03 [INFO] 🫀 扫描心跳 第120轮开始
10:41:43 [INFO] 🫀 扫描心跳 第121轮开始
10:42:03 [INFO] 
📊 护城河防御面板 第121轮
──────────────────────────────────────────────────────────────────────
科泰电源(300153)       22.75     23.18    6.9%   多127/空17  停手:价格低于均价，14:30前禁止买入
中文在线(300364)       23.52     23.79    5.1%    多80/空87  停手:价格低于均价，14:30前禁止买入
科创半导体ETF华夏(588170)    1.26      1.28    5.4%   多117/空17  停手:价格低于均价，14:30前禁止买入
双良节能(600481)        4.30      4.34    4.7%    多93/空65  停手:价格低于均价，14:30前禁止买入
五洲新春(603667)       59.24     59.78    3.0%    多96/空23  停手:价格低于均价，14:30前禁止买入
华工科技(000988)      159.01    159.91    4.6%   多114/空74  停手:价格低于均价，14:30前禁止买入
协鑫能科(002015)       14.31     14.51    4.3%   多111/空65  停手:价格低于均价，14:30前禁止买入
金风科技(002202)       20.26     20.42    7.3%   多112/空36  停手:价格低于均价，14:30前禁止买入
10:42:18 [INFO] 🫀 扫描心跳 第122轮开始
10:42:54 [INFO] 🫀 扫描心跳 第123轮开始
10:43:29 [INFO] 🫀 扫描心跳 第124轮开始
10:44:03 [INFO] 🫀 扫描心跳 第125轮开始
10:44:24 [INFO] 
📊 护城河防御面板 第125轮
──────────────────────────────────────────────────────────────────────
科泰电源(300153)       22.71     23.15    7.0%   多115/空32  停手:价格低于均价，14:30前禁止买入
中文在线(300364)       23.52     23.79    5.1%    多80/空87  停手:价格低于均价，14:30前禁止买入
科创半导体ETF华夏(588170)    1.26      1.28    5.4%   多117/空17  停手:价格低于均价，14:30前禁止买入
双良节能(600481)        4.30      4.34    4.7%    多93/空65  停手:价格低于均价，14:30前禁止买入
五洲新春(603667)       59.24     59.78    3.0%    多96/空23  停手:价格低于均价，14:30前禁止买入
华工科技(000988)      159.01    159.91    4.6%   多114/空74  停手:价格低于均价，14:30前禁止买入
协鑫能科(002015)       14.31     14.51    4.3%   多111/空65  停手:价格低于均价，14:30前禁止买入
金风科技(002202)       20.26     20.42    7.3%   多112/空36  停手:价格低于均价，14:30前禁止买入
10:44:39 [INFO] 🫀 扫描心跳 第126轮开始
10:45:30 [INFO] 🫀 扫描心跳 第127轮开始
10:46:05 [INFO] 🫀 扫描心跳 第128轮开始
10:46:40 [INFO] 🫀 扫描心跳 第129轮开始
10:47:00 [INFO] 
📊 护城河防御面板 第129轮
──────────────────────────────────────────────────────────────────────
科泰电源(300153)       22.71     23.15    7.0%   多115/空32  停手:价格低于均价，14:30前禁止买入
中文在线(300364)       23.49     23.77    5.2%   多107/空84  停手:价格低于均价，14:30前禁止买入
科创半导体ETF华夏(588170)    1.26      1.27    5.4%    多97/空17  停手:价格低于均价，14:30前禁止买入
双良节能(600481)        4.30      4.33    4.9%   多116/空46  停手:价格低于均价，14:30前禁止买入
五洲新春(603667)       59.30     59.76    3.0%    多111/空4  停手:价格低于均价，14:30前禁止买入
华工科技(000988)      159.09    159.86    4.6%    多59/空55  停手:价格低于均价，14:30前禁止买入
协鑫能科(002015)       14.31     14.50    4.3%    多62/空31  停手:价格低于均价，14:30前禁止买入
金风科技(002202)       20.22     20.41    7.5%   多143/空21  停手:价格低于均价，14:30前禁止买入
10:47:15 [INFO] 🫀 扫描心跳 第130轮开始
10:47:49 [INFO] 🫀 扫描心跳 第131轮开始
10:48:26 [INFO] 🫀 扫描心跳 第132轮开始
10:49:01 [INFO] 🫀 扫描心跳 第133轮开始
10:49:23 [INFO] 
📊 护城河防御面板 第133轮
──────────────────────────────────────────────────────────────────────
科泰电源(300153)       22.76     23.13    7.0%     多72/空2  停手:价格低于均价，14:30前禁止买入
中文在线(300364)       23.43     23.75    5.5%    多80/空72  停手:价格低于均价，14:30前禁止买入
科创半导体ETF华夏(588170)    1.26      1.27    5.4%     多96/空2  停手:价格低于均价，14:30前禁止买入
双良节能(600481)        4.29      4.33    4.9%    多59/空50  停手:价格低于均价，14:30前禁止买入
五洲新春(603667)       59.58     59.74    3.0%     多1/空24  停手:买卖都不够强
华工科技(000988)      159.20    159.82    4.6%    多43/空55  停手:价格低于均价，14:30前禁止买入
协鑫能科(002015)       14.33     14.49    4.3%    多42/空74  停手:价格低于均价，14:30前禁止买入
金风科技(002202)       20.21     20.40    7.5%   多124/空17  停手:价格低于均价，14:30前禁止买入
10:49:38 [INFO] 🫀 扫描心跳 第134轮开始
10:50:41 [INFO] 🫀 扫描心跳 第135轮开始
10:51:31 [INFO] 🫀 扫描心跳 第136轮开始
10:52:25 [INFO] 🫀 扫描心跳 第137轮开始
10:53:03 [INFO] 
📊 护城河防御面板 第137轮
──────────────────────────────────────────────────────────────────────
科泰电源(300153)       22.68     23.10    7.1%    多67/空86  停手:价格低于均价，14:30前禁止买入
中文在线(300364)       23.38     23.73    5.7%    多88/空75  停手:价格低于均价，14:30前禁止买入
科创半导体ETF华夏(588170)    1.25      1.27    5.4%    多85/空20  停手:价格低于均价，14:30前禁止买入
双良节能(600481)        4.30      4.33    4.9%    多46/空31  停手:价格低于均价，14:30前禁止买入
五洲新春(603667)       59.62     59.74    3.0%     多1/空34  停手:买卖都不够强
华工科技(000988)      158.99    159.78    4.6%    多56/空66  停手:价格低于均价，14:30前禁止买入
协鑫能科(002015)       14.36     14.48    4.3%    多39/空51  停手:价格低于均价，14:30前禁止买入
金风科技(002202)       20.24     20.39    7.5%    多45/空31  停手:价格低于均价，14:30前禁止买入
10:53:18 [INFO] 🫀 扫描心跳 第138轮开始
10:54:12 [INFO] 🫀 扫描心跳 第139轮开始
10:55:05 [INFO] 🫀 扫描心跳 第140轮开始
10:55:19 [INFO] 📊 动态份数 588170: 状态=normal 信号强度46/阈值38, 建议交易1200股/份 (24%)
10:55:19 [INFO] 📉 588170 卖出信号得分46分，低于10:00后阈值65分，静默处理（不推送飞书）
10:55:59 [INFO] 🫀 扫描心跳 第141轮开始
10:58:03 [INFO] 
📊 护城河防御面板 第141轮
──────────────────────────────────────────────────────────────────────
科泰电源(300153)       22.71     23.07    7.1%    多97/空65  停手:价格低于均价，14:30前禁止买入
中文在线(300364)       23.33     23.70    5.9%    多90/空72  停手:价格低于均价，14:30前禁止买入
科创半导体ETF华夏(588170)    1.26      1.27    5.4%    多15/空38  停手:当日轮次已满
双良节能(600481)        4.30      4.33    4.9%    多40/空31  停手:价格低于均价，14:30前禁止买入
五洲新春(603667)       59.80     59.74    3.0%   多-25/空34  停手:买卖都不够强
华工科技(000988)      159.49    159.74    4.6%    多23/空47  停手:价格低于均价，14:30前禁止买入
协鑫能科(002015)       14.33     14.47    4.3%    多62/空60  停手:价格低于均价，14:30前禁止买入
金风科技(002202)       20.31     20.38    7.5%    多-4/空55  停手:价格低于均价，14:30前禁止买入
10:58:18 [INFO] 🫀 扫描心跳 第142轮开始
10:59:58 [INFO] 🫀 扫描心跳 第143轮开始
11:01:41 [INFO] 🫀 扫描心跳 第144轮开始
11:03:17 [INFO] 🫀 扫描心跳 第145轮开始
11:04:34 [INFO] 
📊 护城河防御面板 第145轮
──────────────────────────────────────────────────────────────────────
科泰电源(300153)       22.67     23.02    7.2%    多79/空51  停手:价格低于均价，14:30前禁止买入
中文在线(300364)       23.36     23.66    6.1%    多28/空60  停手:价格低于均价，14:30前禁止买入
科创半导体ETF华夏(588170)    1.25      1.27    5.4%    多54/空26  停手:当日轮次已满
双良节能(600481)        4.29      4.32    4.9%    多74/空41  停手:价格低于均价，14:30前禁止买入
五洲新春(603667)       59.60     59.73    3.0%    多42/空-7  停手:价格低于均价，14:30前禁止买入
华工科技(000988)      158.50    159.64    4.6%    多92/空70  停手:价格低于均价，14:30前禁止买入
协鑫能科(002015)       14.33     14.46    4.3%    多55/空76  停手:价格低于均价，14:30前禁止买入
金风科技(002202)       20.23     20.37    7.5%    多56/空60  停手:价格低于均价，14:30前禁止买入
11:04:49 [INFO] 🫀 扫描心跳 第146轮开始
11:06:26 [INFO] 🫀 扫描心跳 第147轮开始
11:07:56 [INFO] 🫀 扫描心跳 第148轮开始
11:09:32 [INFO] 🫀 扫描心跳 第149轮开始
11:10:47 [INFO] 
📊 护城河防御面板 第149轮
──────────────────────────────────────────────────────────────────────
科泰电源(300153)       22.60     22.99    7.6%    多82/空94  停手:价格低于均价，14:30前禁止买入
中文在线(300364)       23.31     23.62    6.1%    多56/空44  停手:价格低于均价，14:30前禁止买入
科创半导体ETF华夏(588170)    1.24      1.27    5.4%    多89/空24  停手:当日轮次已满
双良节能(600481)        4.27      4.32    5.4%    多55/空50  停手:价格低于均价，14:30前禁止买入
五洲新春(603667)       59.53     59.72    3.0%     多18/空8  停手:买卖都不够强
华工科技(000988)      158.03    159.49    4.6%    多78/空47  停手:价格低于均价，14:30前禁止买入
协鑫能科(002015)       14.28     14.44    4.6%    多76/空50  停手:价格低于均价，14:30前禁止买入
金风科技(002202)       20.25     20.36    7.5%    多30/空39  停手:价格低于均价，14:30前禁止买入
11:11:02 [INFO] 🫀 扫描心跳 第150轮开始
11:12:23 [INFO] ✅ 飞书消息已成功送达: 金风科技(002202) SELL_HIGH - 加急通知已发送
11:12:25 [INFO] 🔔 已触发急促报警
11:12:41 [INFO] 🫀 扫描心跳 第151轮开始
11:14:14 [INFO] 🫀 扫描心跳 第152轮开始
11:14:27 [INFO] ✅ 飞书消息已成功送达: 科泰电源(300153) BUY_LOW - 加急通知已发送
11:14:30 [INFO] 🔔 已触发急促报警
11:14:44 [INFO] ✅ 飞书消息已成功送达: 中文在线(300364) BUY_LOW - 加急通知已发送
11:14:46 [INFO] 🔔 已触发急促报警
11:16:03 [INFO] 🫀 扫描心跳 第153轮开始
11:17:18 [INFO] 
📊 护城河防御面板 第153轮
──────────────────────────────────────────────────────────────────────
科泰电源(300153)       22.53     22.94    8.0%   多100/空27  停手:价格低于均价，14:30前禁止买入
中文在线(300364)       23.27     23.60    6.2%    多82/空94  停手:价格低于均价，14:30前禁止买入
科创半导体ETF华夏(588170)    1.24      1.26    5.4%    多95/空24  停手:当日轮次已满
双良节能(600481)        4.27      4.32    5.4%    多56/空50  停手:价格低于均价，14:30前禁止买入
五洲新春(603667)       59.30     59.68    3.0%     多55/空9  停手:价格低于均价，14:30前禁止买入
华工科技(000988)      156.73    159.26    4.6%   多108/空56  停手:价格低于均价，14:30前禁止买入
协鑫能科(002015)       14.30     14.43    4.6%    多55/空66  停手:价格低于均价，14:30前禁止买入
金风科技(002202)       20.39     20.37    7.5%   多-11/空83  强可T     
11:17:33 [INFO] 🫀 扫描心跳 第154轮开始
11:17:52 [INFO] 📊 动态份数 300364: 状态=normal 信号强度84/阈值54, 建议交易300股/份 (100%)
11:17:55 [INFO] ✅ 飞书消息已成功送达: 中文在线(300364) SELL_HIGH - 加急通知已发送
11:17:59 [INFO] 🔔 已触发急促报警
11:19:15 [INFO] 🫀 扫描心跳 第155轮开始
11:20:13 [INFO] 📉 000988 卖出信号得分55分，低于10:00后阈值65分，静默处理（不推送飞书）
11:20:22 [INFO] 📉 002015 卖出信号得分59分，低于10:00后阈值65分，静默处理（不推送飞书）
11:20:46 [INFO] 🫀 扫描心跳 第156轮开始
11:20:59 [INFO] 📊 动态份数 300153: 状态=normal 信号强度94/阈值61, 建议交易100股/份 (50%)
11:21:02 [INFO] ✅ 飞书消息已成功送达: 科泰电源(300153) SELL_HIGH - 加急通知已发送
11:21:04 [INFO] 🔔 已触发急促报警
11:22:50 [INFO] 🫀 扫描心跳 第157轮开始
11:24:07 [INFO] 
📊 护城河防御面板 第157轮
──────────────────────────────────────────────────────────────────────
科泰电源(300153)       22.48     22.91    8.1%    多60/空86  停手:价格低于均价，14:30前禁止买入
中文在线(300364)       23.39     23.58    6.2%    多64/空31  停手:价格低于均价，14:30前禁止买入
科创半导体ETF华夏(588170)    1.25      1.26    5.4%    多33/空34  停手:当日轮次已满
双良节能(600481)        4.28      4.31    5.4%    多42/空56  停手:价格低于均价，14:30前禁止买入
五洲新春(603667)       59.22     59.66    3.0%    多77/空-1  停手:价格低于均价，14:30前禁止买入
华工科技(000988)      158.00    159.18    4.6%    多27/空72  停手:无可卖仓且买点不强
协鑫能科(002015)       14.31     14.42    4.6%    多42/空76  停手:价格低于均价，14:30前禁止买入
金风科技(002202)       20.50     20.38    7.5%    多-4/空27  停手:买卖都不够强
11:24:22 [INFO] 🫀 扫描心跳 第158轮开始
11:25:58 [INFO] 🫀 扫描心跳 第159轮开始
11:27:26 [INFO] 🫀 扫描心跳 第160轮开始
11:28:18 [INFO] ✅ 飞书消息已成功送达: 五洲新春(603667) BUY_LOW - 加急通知已发送
11:28:21 [INFO] 🔔 已触发急促报警
11:29:06 [INFO] 🫀 扫描心跳 第161轮开始
11:30:18 [INFO] 
📊 护城河防御面板 第161轮
──────────────────────────────────────────────────────────────────────
科泰电源(300153)       22.50     22.87    8.1%    多68/空31  停手:价格低于均价，14:30前禁止买入
中文在线(300364)       23.50     23.57    6.2%    多37/空26  停手:价格低于均价，14:30前禁止买入
科创半导体ETF华夏(588170)    1.24      1.26    5.4%    多56/空24  停手:当日轮次已满
双良节能(600481)        4.27      4.31    5.4%    多62/空58  停手:价格低于均价，14:30前禁止买入
五洲新春(603667)       59.24     59.62    3.0%     多84/空3  停手:价格低于均价，14:30前禁止买入
华工科技(000988)      157.50    159.02    4.6%    多79/空67  停手:价格低于均价，14:30前禁止买入
协鑫能科(002015)       14.29     14.41    4.6%    多45/空69  停手:价格低于均价，14:30前禁止买入
金风科技(002202)       20.73     20.40    7.5%   多-11/空75  强可T     
11:30:33 [INFO] ⏸ 非交易时段，进入低频保活
11:40:33 [INFO] ⏸ 非交易时段，进入低频保活
11:50:33 [INFO] ⏸ 非交易时段，进入低频保活
12:00:33 [INFO] ⏸ 非交易时段，进入低频保活
12:55:11 [INFO] ⏸ 非交易时段，进入低频保活
13:00:11 [INFO] 🫀 扫描心跳 第162轮开始
13:00:15 [INFO] 📊 动态份数 300153: 状态=normal 信号强度102/阈值37, 建议交易200股/份 (100%)
13:00:17 [WARNING] ⚠️  飞书推送失败: {'code': 11232, 'data': {}, 'msg': 'frequency limited psm[lark.oapi.app_platform_runtime]appID[1500]'}
13:00:40 [INFO] 📊 动态份数 002202: 状态=normal 信号强度73/阈值38, 建议交易100股/份 (100%)
13:00:40 [INFO] ✅ 飞书消息已成功送达: 金风科技(002202) SELL_HIGH - 加急通知已发送
13:00:42 [INFO] 🔔 已触发急促报警
13:00:57 [INFO] 🫀 扫描心跳 第163轮开始
13:01:31 [INFO] 🫀 扫描心跳 第164轮开始
13:02:05 [INFO] 🫀 扫描心跳 第165轮开始
13:02:24 [INFO] 
📊 护城河防御面板 第165轮
──────────────────────────────────────────────────────────────────────
科泰电源(300153)       22.41     22.85    8.4%    多45/空94  停手:价格低于均价，14:30前禁止买入
中文在线(300364)       23.48     23.56    6.2%    多28/空57  停手:价格低于均价，14:30前禁止买入
科创半导体ETF华夏(588170)    1.23      1.26    5.8%   多122/空10  停手:当日轮次已满
双良节能(600481)        4.26      4.31    5.6%    多45/空47  停手:价格低于均价，14:30前禁止买入
五洲新春(603667)       59.24     59.61    3.0%    多95/空-9  停手:价格低于均价，14:30前禁止买入
华工科技(000988)      156.00    158.92    4.6%   多123/空37  停手:价格低于均价，14:30前禁止买入
协鑫能科(002015)       14.24     14.40    4.8%    多45/空47  停手:价格低于均价，14:30前禁止买入
金风科技(002202)       20.60     20.41    7.5%    多-2/空65  停手:无可卖仓且买点不强
13:02:39 [INFO] 🫀 扫描心跳 第166轮开始
13:03:13 [INFO] 🫀 扫描心跳 第167轮开始
13:03:47 [INFO] 🫀 扫描心跳 第168轮开始
13:04:00 [INFO] 📊 动态份数 603667: 状态=normal 信号强度71/阈值52, 建议交易200股/份 (100%)
13:04:01 [INFO] ✅ 飞书消息已成功送达: 五洲新春(603667) SELL_HIGH - 加急通知已发送
13:04:03 [INFO] 🔔 已触发急促报警
13:04:07 [INFO] ✅ 飞书消息已成功送达: 华工科技(000988) BUY_LOW - 加急通知已发送
13:04:08 [INFO] 🔔 已触发急促报警
13:04:29 [INFO] 🫀 扫描心跳 第169轮开始
13:04:49 [INFO] 
📊 护城河防御面板 第169轮
──────────────────────────────────────────────────────────────────────
科泰电源(300153)       22.38     22.83    8.8%   多45/空102  停手:价格低于均价，14:30前禁止买入
中文在线(300364)       23.55     23.56    6.2%    多10/空40  停手:无可卖仓且买点不强
科创半导体ETF华夏(588170)    1.23      1.26    6.9%    多111/空6  停手:当日轮次已满
双良节能(600481)        4.26      4.31    5.9%    多45/空43  停手:价格低于均价，14:30前禁止买入
五洲新春(603667)       60.33     59.65    3.9%    多11/空52  停手:无可卖仓且买点不强
华工科技(000988)      157.37    158.82    4.6%    多74/空18  停手:价格低于均价，14:30前禁止买入
协鑫能科(002015)       14.25     14.40    5.2%    多45/空28  停手:价格低于均价，14:30前禁止买入
金风科技(002202)       20.65     20.42    7.5%     多3/空32  停手:无可卖仓且买点不强
13:05:04 [INFO] 🫀 扫描心跳 第170轮开始
13:05:39 [INFO] 🫀 扫描心跳 第171轮开始
13:06:13 [INFO] 🫀 扫描心跳 第172轮开始
13:06:49 [INFO] 🫀 扫描心跳 第173轮开始
13:06:57 [INFO] 📉 588170 买入信号得分61分，低于10:00后阈值68分，静默处理（不推送飞书）
13:07:09 [INFO] 
📊 护城河防御面板 第173轮
──────────────────────────────────────────────────────────────────────
科泰电源(300153)       22.41     22.82    8.8%    多40/空75  停手:价格低于均价，14:30前禁止买入
中文在线(300364)       23.45     23.56    6.2%    多16/空57  停手:无可卖仓且买点不强
科创半导体ETF华夏(588170)    1.24      1.26    6.9%    多61/空-9  停手:当日轮次已满|BUY_LOW
双良节能(600481)        4.26      4.30    5.9%    多45/空43  停手:价格低于均价，14:30前禁止买入
五洲新春(603667)       60.78     59.69    3.9%    多11/空10  停手:无可卖仓且买点不强
华工科技(000988)      157.37    158.82    4.6%    多74/空18  停手:价格低于均价，14:30前禁止买入
协鑫能科(002015)       14.25     14.40    5.2%    多45/空28  停手:价格低于均价，14:30前禁止买入
金风科技(002202)       20.65     20.42    7.5%     多3/空32  停手:无可卖仓且买点不强
13:07:24 [INFO] 🫀 扫描心跳 第174轮开始
13:07:59 [INFO] 🫀 扫描心跳 第175轮开始
13:08:34 [INFO] 🫀 扫描心跳 第176轮开始
13:09:08 [INFO] 🫀 扫描心跳 第177轮开始
13:09:27 [INFO] 
📊 护城河防御面板 第177轮
──────────────────────────────────────────────────────────────────────
科泰电源(300153)       22.41     22.82    8.8%    多40/空75  停手:价格低于均价，14:30前禁止买入
中文在线(300364)       23.45     23.56    6.2%    多16/空57  停手:无可卖仓且买点不强
科创半导体ETF华夏(588170)    1.24      1.26    6.9%    多56/空-9  停手:当日轮次已满
双良节能(600481)        4.26      4.30    5.9%    多45/空43  停手:价格低于均价，14:30前禁止买入
五洲新春(603667)       60.78     59.69    3.9%    多11/空10  停手:无可卖仓且买点不强
华工科技(000988)      158.50    158.82    4.6%    多33/空33  停手:无可卖仓且买点不强
协鑫能科(002015)       14.23     14.39    5.2%    多45/空43  停手:价格低于均价，14:30前禁止买入
金风科技(002202)       20.57     20.42    7.5%    多-1/空36  停手:无可卖仓且买点不强
13:09:42 [INFO] 🫀 扫描心跳 第178轮开始
13:10:19 [INFO] 🫀 扫描心跳 第179轮开始
13:10:54 [INFO] 🫀 扫描心跳 第180轮开始
13:11:30 [INFO] 🫀 扫描心跳 第181轮开始
13:11:49 [INFO] 
📊 护城河防御面板 第181轮
──────────────────────────────────────────────────────────────────────
科泰电源(300153)       22.34     22.80    8.8%   多45/空106  停手:价格低于均价，14:30前禁止买入
中文在线(300364)       23.49     23.55    6.2%    多45/空28  停手:价格低于均价，14:30前禁止买入
科创半导体ETF华夏(588170)    1.23      1.26    6.9%    多42/空16  停手:当日轮次已满
双良节能(600481)        4.26      4.30    5.9%    多45/空28  停手:价格低于均价，14:30前禁止买入
五洲新春(603667)       60.49     59.72    3.9%     多9/空50  停手:无可卖仓且买点不强
华工科技(000988)      158.35    158.79    4.6%    多43/空28  停手:无可卖仓且买点不强
协鑫能科(002015)       14.23     14.38    5.2%    多45/空28  停手:价格低于均价，14:30前禁止买入
金风科技(002202)       20.56     20.43    7.5%     多3/空17  停手:无可卖仓且买点不强
13:12:04 [INFO] 🫀 扫描心跳 第182轮开始
13:12:39 [INFO] 🫀 扫描心跳 第183轮开始
13:13:14 [INFO] 🫀 扫描心跳 第184轮开始
13:13:48 [INFO] 🫀 扫描心跳 第185轮开始
13:14:09 [INFO] 
📊 护城河防御面板 第185轮
──────────────────────────────────────────────────────────────────────
科泰电源(300153)       22.29     22.78    9.0%   多45/空106  停手:价格低于均价，14:30前禁止买入
中文在线(300364)       23.42     23.55    6.2%    多11/空47  停手:无可卖仓且买点不强
科创半导体ETF华夏(588170)    1.22      1.26    6.9%    多45/空28  停手:当日轮次已满
双良节能(600481)        4.24      4.30    6.1%    多45/空47  停手:价格低于均价，14:30前禁止买入
五洲新春(603667)       60.27     59.74    3.9%     多9/空55  停手:无可卖仓且买点不强
华工科技(000988)      158.35    158.79    4.6%    多43/空28  停手:无可卖仓且买点不强
协鑫能科(002015)       14.23     14.38    5.2%    多45/空28  停手:价格低于均价，14:30前禁止买入
金风科技(002202)       20.56     20.43    7.5%     多3/空17  停手:无可卖仓且买点不强
13:14:24 [INFO] 🫀 扫描心跳 第186轮开始
13:14:59 [INFO] 🫀 扫描心跳 第187轮开始
13:15:34 [INFO] 🫀 扫描心跳 第188轮开始
13:16:26 [INFO] 🫀 扫描心跳 第189轮开始
13:16:46 [INFO] 
📊 护城河防御面板 第189轮
──────────────────────────────────────────────────────────────────────
科泰电源(300153)       22.20     22.76    9.4%    多45/空68  停手:价格低于均价，14:30前禁止买入
中文在线(300364)       23.42     23.55    6.2%    多11/空47  停手:无可卖仓且买点不强
科创半导体ETF华夏(588170)    1.22      1.26    6.9%    多45/空34  停手:当日轮次已满
双良节能(600481)        4.24      4.30    6.1%    多45/空47  停手:价格低于均价，14:30前禁止买入
五洲新春(603667)       60.27     59.74    3.9%     多9/空55  停手:无可卖仓且买点不强
华工科技(000988)      158.11    158.78    4.6%    多24/空47  停手:无可卖仓且买点不强
协鑫能科(002015)       14.22     14.38    5.2%    多45/空57  停手:价格低于均价，14:30前禁止买入
金风科技(002202)       20.51     20.43    7.5%     多0/空36  停手:无可卖仓且买点不强
13:17:01 [INFO] 🫀 扫描心跳 第190轮开始
13:17:37 [INFO] 🫀 扫描心跳 第191轮开始
13:18:13 [INFO] 🫀 扫描心跳 第192轮开始
13:18:47 [INFO] 🫀 扫描心跳 第193轮开始
13:19:08 [INFO] 
📊 护城河防御面板 第193轮
──────────────────────────────────────────────────────────────────────
科泰电源(300153)       22.20     22.76    9.4%    多45/空68  停手:价格低于均价，14:30前禁止买入
中文在线(300364)       23.36     23.54    6.2%    多45/空47  停手:价格低于均价，14:30前禁止买入
科创半导体ETF华夏(588170)    1.22      1.25    7.0%    多45/空24  停手:当日轮次已满
双良节能(600481)        4.21      4.30    6.9%    多45/空47  停手:价格低于均价，14:30前禁止买入
五洲新春(603667)       60.03     59.75    3.9%    多32/空14  停手:无可卖仓且买点不强
华工科技(000988)      157.00    158.73    4.6%    多66/空37  停手:价格低于均价，14:30前禁止买入
协鑫能科(002015)       14.16     14.37    5.4%    多45/空47  停手:价格低于均价，14:30前禁止买入
金风科技(002202)       20.42     20.43    7.5%    多63/空21  停手:价格低于均价，14:30前禁止买入
13:19:23 [INFO] 🫀 扫描心跳 第194轮开始
13:19:57 [INFO] 🫀 扫描心跳 第195轮开始
13:20:33 [INFO] 🫀 扫描心跳 第196轮开始
13:21:09 [INFO] 🫀 扫描心跳 第197轮开始
13:21:30 [INFO] 
📊 护城河防御面板 第197轮
──────────────────────────────────────────────────────────────────────
科泰电源(300153)       22.13     22.74    9.9%    多45/空68  停手:价格低于均价，14:30前禁止买入
中文在线(300364)       23.34     23.53    6.2%    多45/空47  停手:价格低于均价，14:30前禁止买入
科创半导体ETF华夏(588170)    1.21      1.25    7.4%    多45/空24  停手:当日轮次已满
双良节能(600481)        4.22      4.29    6.9%    多45/空28  停手:价格低于均价，14:30前禁止买入
五洲新春(603667)       60.10     59.76    3.9%    多32/空21  停手:已达当日买入上限1次
华工科技(000988)      157.25    158.68    4.6%    多70/空37  停手:价格低于均价，14:30前禁止买入
协鑫能科(002015)       14.18     14.36    5.5%    多45/空28  停手:价格低于均价，14:30前禁止买入
金风科技(002202)       20.53     20.43    7.5%    多12/空17  停手:无可卖仓且买点不强
13:21:45 [INFO] 🫀 扫描心跳 第198轮开始
13:22:20 [INFO] 🫀 扫描心跳 第199轮开始
13:22:55 [INFO] 🫀 扫描心跳 第200轮开始
13:23:30 [INFO] 🫀 扫描心跳 第201轮开始
13:23:50 [INFO] 
📊 护城河防御面板 第201轮
──────────────────────────────────────────────────────────────────────
科泰电源(300153)       22.08     22.71   10.1%    多45/空64  停手:价格低于均价，14:30前禁止买入
中文在线(300364)       23.34     23.53    6.2%    多45/空47  停手:价格低于均价，14:30前禁止买入
科创半导体ETF华夏(588170)    1.21      1.25    7.4%    多45/空24  停手:当日轮次已满
双良节能(600481)        4.22      4.29    6.9%    多45/空28  停手:价格低于均价，14:30前禁止买入
五洲新春(603667)       60.10     59.76    3.9%    多32/空21  停手:已达当日买入上限1次
华工科技(000988)      157.25    158.68    4.6%    多70/空37  停手:价格低于均价，14:30前禁止买入
协鑫能科(002015)       14.18     14.36    5.5%    多45/空28  停手:价格低于均价，14:30前禁止买入
金风科技(002202)       20.53     20.43    7.5%    多12/空17  停手:无可卖仓且买点不强
13:24:05 [INFO] 🫀 扫描心跳 第202轮开始
13:24:42 [INFO] 🫀 扫描心跳 第203轮开始
13:25:17 [INFO] 🫀 扫描心跳 第204轮开始
13:25:52 [INFO] 🫀 扫描心跳 第205轮开始
13:26:12 [INFO] 
📊 护城河防御面板 第205轮
──────────────────────────────────────────────────────────────────────
科泰电源(300153)       22.08     22.71   10.1%    多45/空64  停手:价格低于均价，14:30前禁止买入
中文在线(300364)       23.27     23.52    6.2%    多45/空47  停手:价格低于均价，14:30前禁止买入
科创半导体ETF华夏(588170)    1.20      1.25    8.5%    多45/空24  停手:当日轮次已满
双良节能(600481)        4.22      4.29    6.9%    多45/空57  停手:价格低于均价，14:30前禁止买入
五洲新春(603667)       59.93     59.77    3.9%    多-11/空6  停手:无可卖仓且买点不强
华工科技(000988)      156.00    158.59    4.6%   多125/空34  停手:价格低于均价，14:30前禁止买入
协鑫能科(002015)       14.17     14.36    5.5%    多45/空43  停手:价格低于均价，14:30前禁止买入
金风科技(002202)       20.56     20.43    7.5%    多-3/空17  停手:无可卖仓且买点不强
13:26:27 [INFO] 🫀 扫描心跳 第206轮开始
13:27:04 [INFO] 🫀 扫描心跳 第207轮开始
13:27:40 [INFO] 🫀 扫描心跳 第208轮开始
13:28:17 [INFO] 🫀 扫描心跳 第209轮开始
13:28:38 [INFO] 
📊 护城河防御面板 第209轮
──────────────────────────────────────────────────────────────────────
科泰电源(300153)       22.10     22.69   10.1%    多36/空75  停手:价格低于均价，14:30前禁止买入
中文在线(300364)       23.25     23.52    6.3%    多45/空47  停手:价格低于均价，14:30前禁止买入
科创半导体ETF华夏(588170)    1.20      1.25    8.5%    多45/空24  停手:当日轮次已满
双良节能(600481)        4.23      4.29    6.9%    多45/空28  停手:价格低于均价，14:30前禁止买入
五洲新春(603667)       59.65     59.77    3.9%    多47/空-9  停手:价格低于均价，14:30前禁止买入
华工科技(000988)      156.10    158.50    4.6%    多81/空34  停手:价格低于均价，14:30前禁止买入
协鑫能科(002015)       14.13     14.35    5.7%    多45/空47  停手:价格低于均价，14:30前禁止买入
金风科技(002202)       20.60     20.44    7.5%    多-9/空42  停手:无可卖仓且买点不强
13:28:53 [INFO] 🫀 扫描心跳 第210轮开始
13:29:28 [INFO] 🫀 扫描心跳 第211轮开始
13:30:06 [INFO] 🫀 扫描心跳 第212轮开始
13:30:45 [INFO] 🫀 扫描心跳 第213轮开始
13:31:00 [INFO] 📊 动态份数 600481: 状态=normal 信号强度57/阈值36, 建议交易4500股/份 (100%)
13:31:00 [INFO] 📉 600481 卖出信号得分57分，低于10:00后阈值65分，静默处理（不推送飞书）
13:31:11 [INFO] 📊 动态份数 002015: 状态=normal 信号强度76/阈值36, 建议交易200股/份 (100%)
13:31:15 [WARNING] ⚠️  飞书推送失败: {'code': 11232, 'data': {}, 'msg': 'frequency limited psm[lark.oapi.app_platform_runtime]appID[1500]'}
13:31:18 [INFO] 
📊 护城河防御面板 第213轮
──────────────────────────────────────────────────────────────────────
科泰电源(300153)       22.05     22.67   10.5%    多45/空20  停手:价格低于均价，14:30前禁止买入
中文在线(300364)       23.28     23.51    6.7%    多45/空28  停手:价格低于均价，14:30前禁止买入
科创半导体ETF华夏(588170)    1.22      1.25    8.6%     多28/空5  停手:当日轮次已满
双良节能(600481)        4.23      4.29    6.9%    多26/空57  停手:价格低于均价，14:30前禁止买入|SELL_HIGH
五洲新春(603667)       59.68     59.77    3.9%     多63/空1  停手:价格低于均价，14:30前禁止买入
华工科技(000988)      156.10    158.50    4.6%    多88/空83  停手:价格低于均价，14:30前禁止买入
协鑫能科(002015)       14.13     14.35    5.7%    多45/空76  停手:价格低于均价，14:30前禁止买入|SELL_HIGH
金风科技(002202)       20.60     20.44    7.5%    多-9/空42  停手:无可卖仓且买点不强
13:31:33 [INFO] 🫀 扫描心跳 第214轮开始
13:32:13 [INFO] 🫀 扫描心跳 第215轮开始
13:33:08 [INFO] 🫀 扫描心跳 第216轮开始
13:33:46 [INFO] 🫀 扫描心跳 第217轮开始
13:34:09 [INFO] 
📊 护城河防御面板 第217轮
──────────────────────────────────────────────────────────────────────
科泰电源(300153)       22.17     22.65   10.5%    多45/空20  停手:价格低于均价，14:30前禁止买入
中文在线(300364)       23.44     23.50    6.7%    多10/空58  停手:无可卖仓且买点不强
科创半导体ETF华夏(588170)    1.22      1.25    8.6%     多28/空5  停手:当日轮次已满
双良节能(600481)        4.23      4.29    6.9%    多26/空49  停手:无可卖仓且买点不强
五洲新春(603667)       59.68     59.77    3.9%    多63/空13  停手:价格低于均价，14:30前禁止买入
华工科技(000988)      158.05    158.46    4.6%    多35/空60  停手:无可卖仓且买点不强
协鑫能科(002015)       14.22     14.35    5.8%    多20/空69  停手:无可卖仓且买点不强
金风科技(002202)       20.61     20.45    7.5%    多10/空46  停手:无可卖仓且买点不强
13:34:24 [INFO] 🫀 扫描心跳 第218轮开始
13:34:32 [INFO] 📊 动态份数 588170: 状态=normal 信号强度75/阈值28, 建议交易2000股/份 (40%)
13:34:33 [INFO] ✅ 飞书消息已成功送达: 科创半导体ETF华夏(588170) SELL_HIGH - 加急通知已发送
13:34:35 [INFO] 🔔 已触发急促报警
13:35:04 [INFO] 🫀 扫描心跳 第219轮开始
13:35:39 [INFO] 🫀 扫描心跳 第220轮开始
13:36:15 [INFO] 🫀 扫描心跳 第221轮开始
13:36:40 [INFO] 
📊 护城河防御面板 第221轮
──────────────────────────────────────────────────────────────────────
科泰电源(300153)       22.22     22.64   10.5%    多37/空45  停手:价格低于均价，14:30前禁止买入
中文在线(300364)       23.44     23.50    6.7%    多10/空58  停手:无可卖仓且买点不强
科创半导体ETF华夏(588170)    1.24      1.25    8.6%    多32/空71  停手:当日轮次已满
双良节能(600481)        4.25      4.29    6.9%     多7/空74  停手:无可卖仓且买点不强
五洲新春(603667)       60.10     59.78    3.9%   多-31/空26  停手:无可卖仓且买点不强
华工科技(000988)      159.41    158.48    4.6%    多29/空89  停手:无可卖仓且买点不强
协鑫能科(002015)       14.28     14.34    5.8%  多-11/空117  停手:无可卖仓且买点不强
金风科技(002202)       20.69     20.45    7.5%    多-9/空32  停手:无可卖仓且买点不强
13:36:55 [INFO] 🫀 扫描心跳 第222轮开始
13:37:38 [INFO] 🫀 扫描心跳 第223轮开始
13:38:26 [INFO] 🫀 扫描心跳 第224轮开始
13:39:10 [INFO] 🫀 扫描心跳 第225轮开始
13:39:40 [INFO] 
📊 护城河防御面板 第225轮
──────────────────────────────────────────────────────────────────────
科泰电源(300153)       22.22     22.64   10.5%    多37/空45  停手:价格低于均价，14:30前禁止买入
中文在线(300364)       23.52     23.50    6.7%    多-2/空55  停手:无可卖仓且买点不强
科创半导体ETF华夏(588170)    1.23      1.25    8.6%    多27/空18  停手:无可卖仓且买点不强
双良节能(600481)        4.26      4.29    6.9%   多-17/空86  停手:无可卖仓且买点不强
五洲新春(603667)       59.95     59.78    3.9%   多-33/空73  停手:无可卖仓且买点不强
华工科技(000988)      159.40    158.50    4.6%   多29/空113  停手:无可卖仓且买点不强
协鑫能科(002015)       14.30     14.34    5.8%  多-11/空106  停手:无可卖仓且买点不强
金风科技(002202)       20.62     20.46    7.5%   多-11/空61  停手:无可卖仓且买点不强
13:39:55 [INFO] 🫀 扫描心跳 第226轮开始
13:40:41 [INFO] 🫀 扫描心跳 第227轮开始
13:41:26 [INFO] 🫀 扫描心跳 第228轮开始
13:42:12 [INFO] 🫀 扫描心跳 第229轮开始
13:42:45 [INFO] 
📊 护城河防御面板 第229轮
──────────────────────────────────────────────────────────────────────
科泰电源(300153)       22.21     22.63   10.5%    多45/空49  停手:价格低于均价，14:30前禁止买入
中文在线(300364)       23.49     23.50    6.7%    多10/空53  停手:无可卖仓且买点不强
科创半导体ETF华夏(588170)    1.24      1.25    8.6%     多32/空3  停手:当日轮次已满
双良节能(600481)        4.25      4.28    6.9%    多23/空78  停手:无可卖仓且买点不强
五洲新春(603667)       60.11     59.80    3.9%   多-23/空76  停手:无可卖仓且买点不强
华工科技(000988)      159.50    158.54    4.6%   多33/空122  停手:无可卖仓且买点不强
协鑫能科(002015)       14.29     14.34    5.8%   多-15/空79  停手:无可卖仓且买点不强
金风科技(002202)       20.61     20.46    7.5%    多10/空21  停手:无可卖仓且买点不强
13:43:00 [INFO] 🫀 扫描心跳 第230轮开始
13:43:44 [INFO] 🫀 扫描心跳 第231轮开始
13:44:28 [INFO] 🫀 扫描心跳 第232轮开始
13:45:28 [INFO] 🫀 扫描心跳 第233轮开始
13:46:00 [INFO] 
📊 护城河防御面板 第233轮
──────────────────────────────────────────────────────────────────────
科泰电源(300153)       22.13     22.62   10.5%    多45/空49  停手:价格低于均价，14:30前禁止买入
中文在线(300364)       23.38     23.50    6.7%    多45/空57  停手:价格低于均价，14:30前禁止买入
科创半导体ETF华夏(588170)    1.23      1.25    8.6%    多38/空18  停手:当日轮次已满
双良节能(600481)        4.24      4.28    6.9%    多24/空68  停手:无可卖仓且买点不强
五洲新春(603667)       59.84     59.80    3.9%   多-16/空67  停手:无可卖仓且买点不强
华工科技(000988)      158.48    158.54    4.6%    多37/空81  停手:无可卖仓且买点不强
协鑫能科(002015)       14.19     14.33    5.8%    多33/空68  停手:价格低于均价，14:30前禁止买入
金风科技(002202)       20.50     20.46    7.5%    多29/空48  可T观察    
13:46:15 [INFO] 🫀 扫描心跳 第234轮开始
13:46:59 [INFO] 🫀 扫描心跳 第235轮开始
13:47:46 [INFO] 🫀 扫描心跳 第236轮开始
13:48:32 [INFO] 🫀 扫描心跳 第237轮开始
13:49:04 [INFO] 
📊 护城河防御面板 第237轮
──────────────────────────────────────────────────────────────────────
科泰电源(300153)       22.00     22.59   10.5%    多45/空39  停手:价格低于均价，14:30前禁止买入
中文在线(300364)       23.30     23.49    6.7%    多45/空47  停手:价格低于均价，14:30前禁止买入
科创半导体ETF华夏(588170)    1.23      1.25    8.6%    多45/空20  停手:当日轮次已满
双良节能(600481)        4.23      4.28    6.9%    多45/空68  停手:价格低于均价，14:30前禁止买入
五洲新春(603667)       59.54     59.79    3.9%    多21/空20  停手:无可卖仓且买点不强
华工科技(000988)      158.01    158.53    4.6%   多61/空101  停手:价格低于均价，14:30前禁止买入
协鑫能科(002015)       14.11     14.33    5.8%    多45/空68  停手:价格低于均价，14:30前禁止买入
金风科技(002202)       20.44     20.46    7.5%    多85/空21  停手:价格低于均价，14:30前禁止买入
13:49:19 [INFO] 🫀 扫描心跳 第238轮开始
13:50:03 [INFO] 🫀 扫描心跳 第239轮开始
13:50:49 [INFO] 🫀 扫描心跳 第240轮开始
13:51:36 [INFO] 🫀 扫描心跳 第241轮开始
13:51:58 [INFO] 
📊 护城河防御面板 第241轮
──────────────────────────────────────────────────────────────────────
科泰电源(300153)       21.88     22.57   11.0%    多45/空39  停手:价格低于均价，14:30前禁止买入
中文在线(300364)       23.26     23.49    6.7%    多45/空47  停手:价格低于均价，14:30前禁止买入
科创半导体ETF华夏(588170)    1.23      1.25    8.6%    多45/空20  停手:当日轮次已满
双良节能(600481)        4.23      4.28    6.9%    多45/空53  停手:价格低于均价，14:30前禁止买入
五洲新春(603667)       59.66     59.78    3.9%     多45/空1  停手:价格低于均价，14:30前禁止买入
华工科技(000988)      158.27    158.51    4.6%    多63/空66  停手:价格低于均价，14:30前禁止买入
协鑫能科(002015)       14.15     14.32    5.8%    多45/空49  停手:价格低于均价，14:30前禁止买入
金风科技(002202)       20.47     20.46    7.5%    多59/空17  可T观察    
13:52:13 [INFO] 🫀 扫描心跳 第242轮开始
13:52:56 [INFO] 🫀 扫描心跳 第243轮开始
13:53:36 [INFO] 🫀 扫描心跳 第244轮开始
13:54:17 [INFO] 🫀 扫描心跳 第245轮开始
13:54:43 [INFO] 
📊 护城河防御面板 第245轮
──────────────────────────────────────────────────────────────────────
科泰电源(300153)       21.96     22.56   11.2%    多45/空20  停手:价格低于均价，14:30前禁止买入
中文在线(300364)       23.31     23.48    6.7%    多44/空28  停手:价格低于均价，14:30前禁止买入
科创半导体ETF华夏(588170)    1.25      1.25    8.6%    多-3/空86  停手:无可卖仓且买点不强
双良节能(600481)        4.23      4.28    6.9%    多32/空68  停手:价格低于均价，14:30前禁止买入
五洲新春(603667)       59.70     59.79    3.9%    多-6/空58  停手:无可卖仓且买点不强
华工科技(000988)      157.82    158.50    4.6%    多23/空95  停手:无可卖仓且买点不强
协鑫能科(002015)       14.15     14.32    5.8%    多45/空68  停手:价格低于均价，14:30前禁止买入
金风科技(002202)       20.48     20.46    7.5%    多22/空32  停手:无可卖仓且买点不强
13:54:58 [INFO] 🫀 扫描心跳 第246轮开始
13:55:38 [INFO] 🫀 扫描心跳 第247轮开始
13:56:16 [INFO] 🫀 扫描心跳 第248轮开始
13:56:54 [INFO] 🫀 扫描心跳 第249轮开始
13:57:18 [INFO] 
📊 护城河防御面板 第249轮
──────────────────────────────────────────────────────────────────────
科泰电源(300153)       21.92     22.53   11.2%    多45/空35  停手:价格低于均价，14:30前禁止买入
中文在线(300364)       23.26     23.48    6.7%    多45/空47  停手:价格低于均价，14:30前禁止买入
科创半导体ETF华夏(588170)    1.24      1.25    8.6%    多44/空26  停手:当日轮次已满
双良节能(600481)        4.23      4.28    6.9%    多32/空68  停手:价格低于均价，14:30前禁止买入
五洲新春(603667)       59.70     59.79    3.9%    多-6/空58  停手:无可卖仓且买点不强
华工科技(000988)      157.82    158.50    4.6%    多23/空95  停手:无可卖仓且买点不强
协鑫能科(002015)       14.15     14.32    5.8%    多45/空68  停手:价格低于均价，14:30前禁止买入
金风科技(002202)       20.48     20.46    7.5%    多22/空32  停手:无可卖仓且买点不强
13:57:33 [INFO] 🫀 扫描心跳 第250轮开始
13:58:13 [INFO] 🫀 扫描心跳 第251轮开始
13:58:51 [INFO] 🫀 扫描心跳 第252轮开始
13:59:30 [INFO] 🫀 扫描心跳 第253轮开始
13:59:53 [INFO] 
📊 护城河防御面板 第253轮
──────────────────────────────────────────────────────────────────────
科泰电源(300153)       21.94     22.52   11.2%    多45/空35  停手:价格低于均价，14:30前禁止买入
中文在线(300364)       23.37     23.47    6.7%    多33/空43  停手:价格低于均价，14:30前禁止买入
科创半导体ETF华夏(588170)    1.24      1.25    8.6%    多44/空26  停手:当日轮次已满
双良节能(600481)        4.22      4.28    6.9%    多45/空68  停手:价格低于均价，14:30前禁止买入
五洲新春(603667)       59.52     59.78    3.9%     多5/空20  停手:无可卖仓且买点不强
华工科技(000988)      157.23    158.47    4.6%    多37/空95  停手:价格低于均价，14:30前禁止买入
协鑫能科(002015)       14.12     14.32    5.8%    多45/空68  停手:价格低于均价，14:30前禁止买入
金风科技(002202)       20.44     20.46    7.5%    多69/空21  停手:价格低于均价，14:30前禁止买入
14:00:08 [INFO] 🫀 扫描心跳 第254轮开始
14:00:46 [INFO] 🫀 扫描心跳 第255轮开始
14:01:30 [INFO] 🫀 扫描心跳 第256轮开始
14:02:09 [INFO] 🫀 扫描心跳 第257轮开始
14:02:31 [INFO] 
📊 护城河防御面板 第257轮
──────────────────────────────────────────────────────────────────────
科泰电源(300153)       21.94     22.52   11.2%    多45/空43  停手:价格低于均价，14:30前禁止买入
中文在线(300364)       23.37     23.47    6.7%   多18/空105  停手:无可卖仓且买点不强
科创半导体ETF华夏(588170)    1.23      1.25    8.6%    多45/空57  停手:当日轮次已满
双良节能(600481)        4.23      4.28    6.9%    多45/空64  停手:价格低于均价，14:30前禁止买入
五洲新春(603667)       59.59     59.78    3.9%    多47/空55  停手:价格低于均价，14:30前禁止买入
华工科技(000988)      156.98    158.43    4.6%   多45/空110  停手:价格低于均价，14:30前禁止买入
协鑫能科(002015)       14.12     14.31    5.8%    多45/空54  停手:价格低于均价，14:30前禁止买入
金风科技(002202)       20.46     20.46    7.5%    多88/空25  停手:价格低于均价，14:30前禁止买入
14:02:46 [INFO] 🫀 扫描心跳 第258轮开始
14:03:26 [INFO] 🫀 扫描心跳 第259轮开始
14:04:05 [INFO] 🫀 扫描心跳 第260轮开始
14:04:44 [INFO] 🫀 扫描心跳 第261轮开始
14:05:08 [INFO] 
📊 护城河防御面板 第261轮
──────────────────────────────────────────────────────────────────────
科泰电源(300153)       21.94     22.50   11.2%    多45/空43  停手:价格低于均价，14:30前禁止买入
中文在线(300364)       23.35     23.47    6.7%   多18/空126  停手:无可卖仓且买点不强
科创半导体ETF华夏(588170)    1.23      1.25    8.6%    多34/空57  停手:当日轮次已满
双良节能(600481)        4.22      4.28    6.9%    多45/空83  停手:价格低于均价，14:30前禁止买入
五洲新春(603667)       59.52     59.77    3.9%    多56/空43  停手:价格低于均价，14:30前禁止买入
华工科技(000988)      157.20    158.40    4.6%    多45/空85  停手:价格低于均价，14:30前禁止买入
协鑫能科(002015)       14.10     14.30    5.9%    多45/空54  停手:价格低于均价，14:30前禁止买入
金风科技(002202)       20.47     20.46    7.5%    多38/空40  停手:震荡贴均且分差不大
14:05:23 [INFO] 🫀 扫描心跳 第262轮开始
14:06:01 [INFO] 🫀 扫描心跳 第263轮开始
14:06:40 [INFO] 🫀 扫描心跳 第264轮开始
14:07:19 [INFO] 🫀 扫描心跳 第265轮开始
14:07:43 [INFO] 
📊 护城河防御面板 第265轮
──────────────────────────────────────────────────────────────────────
科泰电源(300153)       21.88     22.49   11.2%    多45/空72  停手:价格低于均价，14:30前禁止买入
中文在线(300364)       23.34     23.47    6.7%   多34/空130  停手:价格低于均价，14:30前禁止买入
科创半导体ETF华夏(588170)    1.23      1.24    8.6%    多45/空57  停手:当日轮次已满
双良节能(600481)        4.23      4.27    6.9%    多45/空64  停手:价格低于均价，14:30前禁止买入
五洲新春(603667)       59.53     59.77    3.9%    多80/空43  停手:价格低于均价，14:30前禁止买入
华工科技(000988)      156.58    158.36    4.6%   多45/空104  停手:价格低于均价，14:30前禁止买入
协鑫能科(002015)       14.07     14.30    6.1%    多45/空54  停手:价格低于均价，14:30前禁止买入
金风科技(002202)       20.46     20.46    7.5%   多101/空25  停手:价格低于均价，14:30前禁止买入
14:07:58 [INFO] 🫀 扫描心跳 第266轮开始
14:08:38 [INFO] 🫀 扫描心跳 第267轮开始
14:09:16 [INFO] 🫀 扫描心跳 第268轮开始
14:09:55 [INFO] 🫀 扫描心跳 第269轮开始
14:10:18 [INFO] 
📊 护城河防御面板 第269轮
──────────────────────────────────────────────────────────────────────
科泰电源(300153)       21.85     22.46   11.2%    多45/空68  停手:价格低于均价，14:30前禁止买入
中文在线(300364)       23.30     23.46    6.7%   多45/空130  停手:价格低于均价，14:30前禁止买入
科创半导体ETF华夏(588170)    1.21      1.24    8.6%    多45/空57  停手:当日轮次已满
双良节能(600481)        4.23      4.27    6.9%    多45/空64  停手:价格低于均价，14:30前禁止买入
五洲新春(603667)       59.53     59.77    3.9%    多80/空43  停手:价格低于均价，14:30前禁止买入
华工科技(000988)      156.58    158.36    4.6%   多45/空104  停手:价格低于均价，14:30前禁止买入
协鑫能科(002015)       14.07     14.30    6.1%    多45/空54  停手:价格低于均价，14:30前禁止买入
金风科技(002202)       20.46     20.46    7.5%   多101/空25  停手:价格低于均价，14:30前禁止买入
14:10:33 [INFO] 🫀 扫描心跳 第270轮开始
14:11:12 [INFO] 🫀 扫描心跳 第271轮开始
14:11:50 [INFO] 🫀 扫描心跳 第272轮开始
14:12:29 [INFO] 🫀 扫描心跳 第273轮开始
14:12:52 [INFO] 
📊 护城河防御面板 第273轮
──────────────────────────────────────────────────────────────────────
科泰电源(300153)       21.82     22.45   11.3%    多45/空72  停手:价格低于均价，14:30前禁止买入
中文在线(300364)       23.29     23.46    6.7%   多45/空120  停手:价格低于均价，14:30前禁止买入
科创半导体ETF华夏(588170)    1.21      1.24    8.6%    多45/空57  停手:当日轮次已满
双良节能(600481)        4.23      4.27    6.9%    多45/空74  停手:价格低于均价，14:30前禁止买入
五洲新春(603667)       59.50     59.76    3.9%   多102/空24  停手:价格低于均价，14:30前禁止买入
华工科技(000988)      156.38    158.31    4.6%   多45/空100  停手:价格低于均价，14:30前禁止买入
协鑫能科(002015)       14.06     14.29    6.2%    多45/空54  停手:价格低于均价，14:30前禁止买入
金风科技(002202)       20.44     20.46    7.5%   多105/空39  停手:价格低于均价，14:30前禁止买入
14:13:07 [INFO] 🫀 扫描心跳 第274轮开始
14:13:47 [INFO] 🫀 扫描心跳 第275轮开始
14:14:28 [INFO] 🫀 扫描心跳 第276轮开始
14:15:06 [INFO] 🫀 扫描心跳 第277轮开始
14:15:29 [INFO] 
📊 护城河防御面板 第277轮
──────────────────────────────────────────────────────────────────────
科泰电源(300153)       21.82     22.45   11.3%    多45/空72  停手:价格低于均价，14:30前禁止买入
中文在线(300364)       23.29     23.46    6.7%   多45/空120  停手:价格低于均价，14:30前禁止买入
科创半导体ETF华夏(588170)    1.21      1.24    8.6%    多45/空57  停手:当日轮次已满
双良节能(600481)        4.23      4.27    6.9%    多45/空93  停手:价格低于均价，14:30前禁止买入
五洲新春(603667)       59.48     59.76    3.9%    多69/空59  停手:价格低于均价，14:30前禁止买入
华工科技(000988)      155.70    158.23    4.6%   多45/空104  停手:价格低于均价，14:30前禁止买入
协鑫能科(002015)       14.07     14.29    6.2%    多45/空35  停手:价格低于均价，14:30前禁止买入
金风科技(002202)       20.41     20.46    7.5%   多112/空44  停手:价格低于均价，14:30前禁止买入
14:15:44 [INFO] 🫀 扫描心跳 第278轮开始
14:16:39 [INFO] 🫀 扫描心跳 第279轮开始
14:17:18 [INFO] 🫀 扫描心跳 第280轮开始
14:17:59 [INFO] 🫀 扫描心跳 第281轮开始
14:18:23 [INFO] 
📊 护城河防御面板 第281轮
──────────────────────────────────────────────────────────────────────
科泰电源(300153)       21.85     22.44   11.3%    多45/空43  停手:价格低于均价，14:30前禁止买入
中文在线(300364)       23.30     23.45    6.7%    多45/空75  停手:价格低于均价，14:30前禁止买入
科创半导体ETF华夏(588170)    1.22      1.24    8.6%    多45/空38  停手:当日轮次已满
双良节能(600481)        4.24      4.27    6.9%    多14/空76  停手:无可卖仓且买点不强
五洲新春(603667)       59.41     59.75    3.9%   多118/空39  停手:价格低于均价，14:30前禁止买入
华工科技(000988)      155.95    158.18    4.6%    多45/空85  停手:价格低于均价，14:30前禁止买入
协鑫能科(002015)       14.09     14.28    6.2%    多45/空35  停手:价格低于均价，14:30前禁止买入
金风科技(002202)       20.40     20.46    7.5%   多113/空25  停手:价格低于均价，14:30前禁止买入
14:18:38 [INFO] 🫀 扫描心跳 第282轮开始
14:19:19 [INFO] 🫀 扫描心跳 第283轮开始
14:19:59 [INFO] 🫀 扫描心跳 第284轮开始
14:20:39 [INFO] 🫀 扫描心跳 第285轮开始
14:21:03 [INFO] 
📊 护城河防御面板 第285轮
──────────────────────────────────────────────────────────────────────
科泰电源(300153)       21.93     22.42   11.3%    多45/空70  停手:价格低于均价，14:30前禁止买入
中文在线(300364)       23.39     23.45    6.7%   多18/空115  停手:无可卖仓且买点不强
科创半导体ETF华夏(588170)    1.22      1.24    8.6%    多30/空67  停手:当日轮次已满
双良节能(600481)        4.22      4.27    6.9%    多45/空83  停手:价格低于均价，14:30前禁止买入
五洲新春(603667)       59.58     59.74    3.9%    多32/空44  停手:价格低于均价，14:30前禁止买入
华工科技(000988)      156.06    158.14    4.6%   多45/空110  停手:价格低于均价，14:30前禁止买入
协鑫能科(002015)       14.09     14.28    6.2%    多45/空60  停手:价格低于均价，14:30前禁止买入
金风科技(002202)       20.46     20.46    7.5%    多40/空35  停手:震荡贴均且分差不大
14:21:18 [INFO] 🫀 扫描心跳 第286轮开始
14:21:57 [INFO] 🫀 扫描心跳 第287轮开始
14:22:35 [INFO] 🫀 扫描心跳 第288轮开始
14:23:15 [INFO] 🫀 扫描心跳 第289轮开始
14:23:38 [INFO] 
📊 护城河防御面板 第289轮
──────────────────────────────────────────────────────────────────────
科泰电源(300153)       21.89     22.40   11.3%    多45/空68  停手:价格低于均价，14:30前禁止买入
中文在线(300364)       23.41     23.45    6.7%    多38/空93  停手:价格低于均价，14:30前禁止买入
科创半导体ETF华夏(588170)    1.21      1.24    8.6%    多45/空67  停手:当日轮次已满
双良节能(600481)        4.22      4.27    6.9%    多45/空83  停手:价格低于均价，14:30前禁止买入
五洲新春(603667)       59.58     59.74    3.9%    多32/空44  停手:价格低于均价，14:30前禁止买入
华工科技(000988)      156.06    158.14    4.6%   多45/空110  停手:价格低于均价，14:30前禁止买入
协鑫能科(002015)       14.09     14.28    6.2%    多45/空60  停手:价格低于均价，14:30前禁止买入
金风科技(002202)       20.46     20.46    7.5%    多40/空35  停手:震荡贴均且分差不大
14:23:53 [INFO] 🫀 扫描心跳 第290轮开始
14:24:33 [INFO] 🫀 扫描心跳 第291轮开始
14:25:11 [INFO] 🫀 扫描心跳 第292轮开始
14:25:49 [INFO] 🫀 扫描心跳 第293轮开始
14:26:13 [INFO] 
📊 护城河防御面板 第293轮
──────────────────────────────────────────────────────────────────────
科泰电源(300153)       21.87     22.39   11.3%    多45/空72  停手:价格低于均价，14:30前禁止买入
中文在线(300364)       23.41     23.45    6.7%    多34/空97  停手:价格低于均价，14:30前禁止买入
科创半导体ETF华夏(588170)    1.21      1.24    8.6%    多45/空67  停手:当日轮次已满
双良节能(600481)        4.22      4.27    6.9%    多45/空83  停手:价格低于均价，14:30前禁止买入
五洲新春(603667)       59.49     59.73    3.9%    多80/空38  停手:价格低于均价，14:30前禁止买入
华工科技(000988)      155.56    158.06    4.6%   多45/空114  停手:价格低于均价，14:30前禁止买入
协鑫能科(002015)       14.08     14.27    6.2%    多45/空45  停手:价格低于均价，14:30前禁止买入
金风科技(002202)       20.45     20.46    7.5%    多83/空54  停手:价格低于均价，14:30前禁止买入
14:26:28 [INFO] 🫀 扫描心跳 第294轮开始
14:27:23 [INFO] 🫀 扫描心跳 第295轮开始
14:28:03 [INFO] 🫀 扫描心跳 第296轮开始
14:28:41 [INFO] 🫀 扫描心跳 第297轮开始
14:29:05 [INFO] 
📊 护城河防御面板 第297轮
──────────────────────────────────────────────────────────────────────
科泰电源(300153)       21.87     22.39   11.3%    多45/空72  停手:价格低于均价，14:30前禁止买入
中文在线(300364)       23.41     23.45    6.7%    多34/空97  停手:价格低于均价，14:30前禁止买入
科创半导体ETF华夏(588170)    1.22      1.24    8.6%    多45/空38  停手:当日轮次已满
双良节能(600481)        4.23      4.27    6.9%    多45/空64  停手:价格低于均价，14:30前禁止买入
五洲新春(603667)       59.50     59.73    3.9%    多56/空49  停手:价格低于均价，14:30前禁止买入
华工科技(000988)      154.10    157.98    5.2%   多45/空104  停手:价格低于均价，14:30前禁止买入
协鑫能科(002015)       14.10     14.27    6.2%    多45/空35  停手:价格低于均价，14:30前禁止买入
金风科技(002202)       20.42     20.46    7.5%    多83/空54  停手:价格低于均价，14:30前禁止买入
14:29:20 [INFO] 🫀 扫描心跳 第298轮开始
14:29:59 [INFO] 🫀 扫描心跳 第299轮开始
14:30:38 [INFO] 🫀 扫描心跳 第300轮开始
14:31:18 [INFO] 🫀 扫描心跳 第301轮开始
14:31:46 [INFO] 
📊 护城河防御面板 第301轮
──────────────────────────────────────────────────────────────────────
科泰电源(300153)       21.87     22.38   11.3%    多45/空72  停手:已达当日买入上限1次
中文在线(300364)       23.41     23.45    6.7%    多29/空57  停手:已达当日买入上限1次
科创半导体ETF华夏(588170)    1.22      1.24    8.6%    多45/空31  停手:当日轮次已满
双良节能(600481)        4.22      4.27    6.9%    多45/空62  可T观察    
五洲新春(603667)       59.37     59.72    3.9%   多138/空22  停手:已达当日买入上限1次
华工科技(000988)      154.03    157.88    5.3%   多45/空100  停手:已达当日买入上限1次
协鑫能科(002015)       14.08     14.27    6.2%   多45/空101  强可T     
金风科技(002202)       20.45     20.46    7.5%    多71/空33  强可T     
14:32:01 [INFO] 🫀 扫描心跳 第302轮开始
14:32:55 [INFO] 🫀 扫描心跳 第303轮开始
14:33:34 [INFO] 🫀 扫描心跳 第304轮开始
14:34:12 [INFO] 🫀 扫描心跳 第305轮开始
14:34:37 [INFO] 
📊 护城河防御面板 第305轮
──────────────────────────────────────────────────────────────────────
科泰电源(300153)       21.86     22.37   11.3%    多45/空72  停手:已达当日买入上限1次
中文在线(300364)       23.40     23.45    6.7%    多45/空47  停手:已达当日买入上限1次
科创半导体ETF华夏(588170)    1.21      1.24    8.6%    多45/空35  停手:当日轮次已满
双良节能(600481)        4.22      4.27    6.9%    多45/空62  可T观察    
五洲新春(603667)       59.07     59.71    3.9%   多142/空22  停手:已达当日买入上限1次
华工科技(000988)      152.39    157.73    6.4%   多45/空116  停手:已达当日买入上限1次
协鑫能科(002015)       14.04     14.26    6.3%    多45/空91  强可T     
金风科技(002202)       20.41     20.46    7.5%   多106/空81  强可T     
14:34:52 [INFO] 🫀 扫描心跳 第306轮开始
14:35:30 [INFO] 🫀 扫描心跳 第307轮开始
14:36:08 [INFO] 🫀 扫描心跳 第308轮开始
14:36:46 [INFO] 🫀 扫描心跳 第309轮开始
14:37:08 [INFO] 
📊 护城河防御面板 第309轮
──────────────────────────────────────────────────────────────────────
科泰电源(300153)       21.92     22.35   11.3%    多45/空43  停手:已达当日买入上限1次
中文在线(300364)       23.48     23.45    6.7%     多3/空55  停手:无可卖仓且买点不强
科创半导体ETF华夏(588170)    1.23      1.24    8.6%    多45/空28  停手:当日轮次已满
双良节能(600481)        4.22      4.27    6.9%    多45/空62  可T观察    
五洲新春(603667)       59.07     59.71    3.9%   多142/空22  停手:已达当日买入上限1次
华工科技(000988)      152.39    157.73    6.4%   多45/空116  停手:已达当日买入上限1次
协鑫能科(002015)       14.04     14.26    6.3%    多45/空91  强可T     
金风科技(002202)       20.41     20.46    7.5%   多106/空81  强可T     
14:37:23 [INFO] 🫀 扫描心跳 第310轮开始
14:38:17 [INFO] 🫀 扫描心跳 第311轮开始
14:38:57 [INFO] 🫀 扫描心跳 第312轮开始
14:39:36 [INFO] 🫀 扫描心跳 第313轮开始
14:40:02 [INFO] 
📊 护城河防御面板 第313轮
──────────────────────────────────────────────────────────────────────
科泰电源(300153)       21.88     22.34   11.3%    多45/空72  停手:已达当日买入上限1次
中文在线(300364)       23.41     23.45    6.7%    多45/空47  停手:已达当日买入上限1次
科创半导体ETF华夏(588170)    1.23      1.24    8.6%    多45/空28  停手:当日轮次已满
双良节能(600481)        4.22      4.26    6.9%    多45/空43  可T观察    
五洲新春(603667)       59.46     59.70    3.9%     多50/空3  停手:已达当日买入上限1次
华工科技(000988)      154.05    157.66    6.3%    多45/空85  停手:已达当日买入上限1次
协鑫能科(002015)       14.11     14.26    6.3%    多45/空72  强可T     
金风科技(002202)       20.46     20.46    7.5%    多11/空77  停手:无可卖仓且买点不强
14:40:17 [INFO] 🫀 扫描心跳 第314轮开始
14:40:59 [INFO] 🫀 扫描心跳 第315轮开始
14:41:43 [INFO] 🫀 扫描心跳 第316轮开始
14:42:25 [INFO] 🫀 扫描心跳 第317轮开始
14:42:54 [INFO] 
📊 护城河防御面板 第317轮
──────────────────────────────────────────────────────────────────────
科泰电源(300153)       21.88     22.34   11.3%    多45/空72  停手:已达当日买入上限1次
中文在线(300364)       23.41     23.45    6.7%    多45/空47  停手:已达当日买入上限1次
科创半导体ETF华夏(588170)    1.21      1.24    8.6%    多45/空45  停手:当日轮次已满
双良节能(600481)        4.21      4.26    6.9%    多45/空62  可T观察    
五洲新春(603667)       59.11     59.69    3.9%   多129/空22  停手:已达当日买入上限1次
华工科技(000988)      153.53    157.54    6.3%   多45/空100  停手:已达当日买入上限1次
协鑫能科(002015)       14.05     14.25    6.3%    多45/空91  强可T     
金风科技(002202)       20.42     20.46    7.5%    多93/空81  强可T     
14:43:09 [INFO] 🫀 扫描心跳 第318轮开始
14:43:53 [INFO] 🫀 扫描心跳 第319轮开始
14:44:35 [INFO] 🫀 扫描心跳 第320轮开始
14:45:18 [INFO] 🫀 扫描心跳 第321轮开始
14:45:46 [INFO] 
📊 护城河防御面板 第321轮
──────────────────────────────────────────────────────────────────────
科泰电源(300153)       21.92     22.33   11.3%    多45/空43  停手:已达当日买入上限1次
中文在线(300364)       23.39     23.45    6.7%    多45/空62  停手:已达当日买入上限1次
科创半导体ETF华夏(588170)    1.21      1.24    8.6%    多45/空35  停手:当日轮次已满
双良节能(600481)        4.21      4.26    6.9%    多45/空62  可T观察    
五洲新春(603667)       59.12     59.68    3.9%    多150/空7  停手:已达当日买入上限1次
华工科技(000988)      153.22    157.44    6.3%    多45/空85  停手:已达当日买入上限1次
协鑫能科(002015)       14.11     14.25    6.3%    多39/空72  强可T     
金风科技(002202)       20.42     20.46    7.5%    多97/空62  强可T     
14:46:01 [INFO] 🫀 扫描心跳 第322轮开始
14:46:43 [INFO] 🫀 扫描心跳 第323轮开始
14:47:28 [INFO] 🫀 扫描心跳 第324轮开始
14:48:11 [INFO] 🫀 扫描心跳 第325轮开始
14:48:41 [INFO] 
📊 护城河防御面板 第325轮
──────────────────────────────────────────────────────────────────────
科泰电源(300153)       22.00     22.32   11.3%    多38/空40  停手:已达当日买入上限1次
中文在线(300364)       23.49     23.45    6.7%     多2/空15  停手:无可卖仓且买点不强
科创半导体ETF华夏(588170)    1.23      1.24    8.6%    多45/空71  停手:当日轮次已满
双良节能(600481)        4.21      4.26    6.9%    多45/空57  可T观察    
五洲新春(603667)       59.37     59.67    3.9%   多42/空-12  停手:无可卖仓且买点不强
华工科技(000988)      154.99    157.36    6.3%    多45/空90  停手:已达当日买入上限1次
协鑫能科(002015)       14.11     14.24    6.3%    多24/空82  停手:无可卖仓且买点不强
金风科技(002202)       20.55     20.46    7.5%    多-5/空74  停手:无可卖仓且买点不强
14:48:56 [INFO] 🫀 扫描心跳 第326轮开始
14:49:52 [INFO] 🫀 扫描心跳 第327轮开始
14:50:36 [INFO] 🫀 扫描心跳 第328轮开始
14:51:20 [INFO] 🫀 扫描心跳 第329轮开始
14:51:50 [INFO] 
📊 护城河防御面板 第329轮
──────────────────────────────────────────────────────────────────────
科泰电源(300153)       22.01     22.32   11.3%    多38/空50  停手:已达当日买入上限1次
中文在线(300364)       23.50     23.45    6.7%   多-14/空57  停手:无可卖仓且买点不强
科创半导体ETF华夏(588170)    1.22      1.24    8.6%    多29/空41  停手:当日轮次已满
双良节能(600481)        4.22      4.26    6.9%    多45/空28  可T观察    
五洲新春(603667)       59.23     59.66    3.9%    多42/空17  停手:无可卖仓且买点不强
华工科技(000988)      154.63    157.30    6.3%    多29/空95  停手:已达当日买入上限1次
协鑫能科(002015)       14.07     14.24    6.3%    多45/空76  强可T     
金风科技(002202)       20.44     20.46    7.5%    多22/空76  停手:无可卖仓且买点不强
14:52:05 [INFO] 🫀 扫描心跳 第330轮开始
14:52:49 [INFO] 🫀 扫描心跳 第331轮开始
14:53:32 [INFO] 🫀 扫描心跳 第332轮开始
14:54:15 [INFO] 🫀 扫描心跳 第333轮开始
14:54:41 [INFO] 
📊 护城河防御面板 第333轮
──────────────────────────────────────────────────────────────────────
科泰电源(300153)       21.89     22.31   11.3%    多45/空47  停手:已达当日买入上限1次
中文在线(300364)       23.41     23.45    6.7%    多29/空29  停手:已达当日买入上限1次
科创半导体ETF华夏(588170)    1.22      1.24    8.6%    多45/空20  停手:当日轮次已满
双良节能(600481)        4.22      4.26    6.9%    多45/空28  可T观察    
五洲新春(603667)       59.23     59.66    3.9%    多42/空17  停手:无可卖仓且买点不强
华工科技(000988)      154.63    157.30    6.3%    多29/空95  停手:已达当日买入上限1次
协鑫能科(002015)       14.07     14.24    6.3%    多45/空76  强可T     
金风科技(002202)       20.44     20.46    7.5%    多22/空76  停手:无可卖仓且买点不强
14:54:56 [INFO] 🫀 扫描心跳 第334轮开始
14:55:55 [INFO] 
════════════════════ 【尾盘做T盈亏清算】 ════════════════════
💰 今日预估做T总净利润: 0.00 元

════════════════════ 【动作分类汇总】 ════════════════════
低吸 BUY_LOW=0次/0股 | 加仓 ADD_POS=0次/0股
高抛 SELL_HIGH=0次/0股 | 减仓 PANIC_SELL=0次/0股
════════════════════ 【ETF复盘小结】 ════════════════════
ETF 1票 | 有信号 1
科创半导体ETF华夏(588170) 0/0 | 1.22 | VWAP1.24 | -1.65%
════════════════════ 【普通股复盘小结】 ════════════════════
普通股 7票 | 有信号 7
科泰电源(300153) 0/0 | 21.89 | VWAP22.31 | -1.86%
中文在线(300364) 0/0 | 23.41 | VWAP23.45 | -0.17%
双良节能(600481) 0/0 | 4.21 | VWAP4.26 | -1.16%
五洲新春(603667) 0/0 | 59.05 | VWAP59.64 | -0.99%
华工科技(000988) 0/0 | 154.19 | VWAP157.21 | -1.92%
协鑫能科(002015) 0/0 | 14.05 | VWAP14.24 | -1.30%
金风科技(002202) 0/0 | 20.30 | VWAP20.46 | -0.76%
════════════════════ 【误判因子排行】 ════════════════════
买点偏早: 暂无
卖点偏早: 暂无
漏买: 暂无
漏卖: 暂无
════════════════════ 【误判因子细分】 ════════════════════
买点偏早因子: 暂无
卖点偏早因子: 暂无
漏买因子: 暂无
漏卖因子: 暂无
════════════════════ 【四类动作误判因子】 ════════════════════
低吸 BUY_LOW 偏早: 暂无
低吸 BUY_LOW 未占优: 暂无
加仓 ADD_POS 偏早: 暂无
加仓 ADD_POS 未占优: 暂无
高抛 SELL_HIGH 偏早: 暂无
高抛 SELL_HIGH 未占优: 暂无
跳水 PANIC_SELL 偏早: 暂无
跳水 PANIC_SELL 未占优: 暂无
════════════════════ 【策略最高分复盘数据(喂给AI)】 ════════════════════
科泰电源(300153): 多=127 空=106 振=11.32% 偏=-1.86% 买=0/0 卖=0/0
中文在线(300364): 多=107 空=130 振=6.69% 偏=-0.17% 买=0/0 卖=0/0
科创半导体ETF华夏(588170): 多=122 空=86 振=8.58% 偏=-1.65% 买=0/0 卖=0/0
双良节能(600481): 多=116 空=93 振=6.89% 偏=-1.16% 买=0/0 卖=0/0
五洲新春(603667): 多=150 空=133 振=3.95% 偏=-0.99% 买=0/0 卖=0/0
华工科技(000988): 多=125 空=122 振=6.36% 偏=-1.92% 买=0/0 卖=0/0
协鑫能科(002015): 多=111 空=117 振=6.34% 偏=-1.30% 买=0/0 卖=0/0
金风科技(002202): 多=143 空=97 振=7.52% 偏=-0.76% 买=0/0 卖=0/0
════════════════════ 【复盘阅读顺序】 ════════════════════
1. sys日志 -> 2. data_quality -> 3. decision_trace
4. shadow_signals -> 5. signal_outcome -> 6. ai_review
════════════════════ 【信号结果追踪汇总】 ════════════════════
正确=0 | 买早=0 | 卖早=0 | 买验证中=0 | 卖验证中=0 | 待定=0
动作分布 BUY_LOW=0 | ADD_POS=0 | SELL_HIGH=0 | PANIC_SELL=0
5分钟胜率=0.0% (0/0) | 15分钟胜率=0.0% (0/0)
一眼摘要：最高频结果=correct(0) | 主要风险=无明显偏差(0) | 影子机会=0
════════════════════════════════════════════════════════════
14:55:55 [WARNING] ⚠️  尾盘复盘飞书推送失败: name 'overview_text' is not defined
14:55:55 [INFO] 🫀 扫描心跳 第335轮开始
14:56:38 [INFO] 🫀 扫描心跳 第336轮开始
14:57:28 [INFO] 🫀 扫描心跳 第337轮开始
14:57:59 [INFO] 
📊 护城河防御面板 第337轮
──────────────────────────────────────────────────────────────────────
科泰电源(300153)       21.92     22.30   11.3%    多45/空28  停手:已达当日买入上限1次
中文在线(300364)       23.38     23.45    6.7%    多39/空29  停手:已达当日买入上限1次
科创半导体ETF华夏(588170)    1.21      1.24    8.6%    多45/空20  停手:当日轮次已满
双良节能(600481)        4.21      4.26    6.9%    多45/空57  可T观察    
五洲新春(603667)       59.05     59.64    3.9%    多112/空7  停手:已达当日买入上限1次
华工科技(000988)      154.19    157.21    6.3%    多45/空64  停手:已达当日买入上限1次
协鑫能科(002015)       14.05     14.24    6.3%    多45/空76  强可T     
金风科技(002202)       20.30     20.46    7.5%    多86/空66  强可T     
14:58:14 [INFO] 🫀 扫描心跳 第338轮开始
14:58:57 [INFO] 🫀 扫描心跳 第339轮开始
14:59:41 [INFO] 🫀 扫描心跳 第340轮开始
15:00:22 [INFO] ⏸ 非交易时段，进入低频保活
15:05:38 [INFO] 早盘集合竞价结论：回避
市场评分：21.8 / 100 | 偏向：risk_off | 风险：risk_off
竞价：强0 / 弱5 / 缺0 | 均分 -19.4
策略结论：主做科泰电源(300153) | 观察中文在线(300364) | 关注暂无 | 回避协鑫能科(002015)、金风科技(002202)
1. 主做：科泰电源(300153)
2. 观察：中文在线(300364)
3. 关注：暂无
4. 回避：协鑫能科(002015)、金风科技(002202)
执行顺序：先1后2，再3，最后4
升级条件：若 9:35 后上涨家数回到高于下跌家数，且市场评分回到 55 上方，再把关注升为观察。
开盘后跟踪：开盘后只看核心标的承接，不追高，等量能和情绪同时转强再说。
热门关注：安徽凤凰、纬达光电、万达轴承
15:05:39 [INFO] ✅ 集合竞价总览已推送飞书
15:05:41 [INFO] ✅ 集合竞价详细结果已推送飞书
15:05:42 [INFO] 🔔 已触发急促报警
15:05:42 [INFO] ========= 做T终极护城河防御版 (V1.19 弱势震荡修复版) 启动 =========
15:05:42 [INFO] 飞书推送: ✓ 已启用
15:05:42 [INFO] 飞书关键词: 做T猎手预警
15:05:42 [INFO] 飞书Webhook: https://open.feishu.cn/open-apis/bot/v2/hook/e8018470-e...
15:05:42 [INFO] ══════════════════════════════════════════════════════════════════════
15:05:42 [INFO] 【2026-06-12 加仓策略执行指南】
15:05:42 [INFO]   1️⃣ 中国巨石 600176 — ❌ 不追 (已涨5.62%, 资金不足)
15:05:42 [INFO]   2️⃣ 科创50ETF 588000 — ⚡ 分批加仓 (先加¥15,000)
15:05:42 [INFO]      └─ 第一批: ¥15,000 (约8,200份)
15:05:42 [INFO]      └─ 第二批: ¥15,000 (等待盘中回落)
15:05:42 [INFO]   3️⃣ 中信银行 601998 — ✅ 按计划加 (¥15,000, 约1,900股)
15:05:42 [INFO]   4️⃣ 特变电工 600089 — ⚡ 加仓 (¥25,000, 约1,090股)
15:05:42 [INFO] ══════════════════════════════════════════════════════════════════════
15:05:42 [INFO] 🔊 系统高级报警音效已成功【全自动挂载】！准备执行听声辨位！
15:05:43 [INFO] ✅ 启动自检飞书消息已成功送达
15:05:45 [INFO] 🔔 已触发急促报警
15:05:45 [INFO] ⏱ 采用顺序轮询模式：每轮扫描结束后再等待 15 秒（V1.8 确认型收敛）
15:05:45 [INFO] ⏸ 非交易时段，进入低频保活
