10:49:45 [INFO] 早盘集合竞价结论：回避
市场评分：28.5 / 100 | 偏向：risk_off | 风险：risk_off
竞价：强1 / 弱1 / 缺0 | 均分 8.5
策略结论：主做600089(600089) | 观察暂无 | 关注600176(600176) | 回避002837(002837)
1. 主做：600089(600089)
2. 观察：暂无
3. 关注：600176(600176)
4. 回避：002837(002837)
执行顺序：先1后2，再3，最后4
升级条件：若 9:35 后上涨家数回到高于下跌家数，且市场评分回到 55 上方，再把关注升为观察。
开盘后跟踪：开盘后只看核心标的承接，不追高，等量能和情绪同时转强再说。
热门关注：安徽凤凰、纬达光电、万达轴承
10:49:46 [INFO] ✅ 集合竞价总览已推送飞书
10:49:47 [INFO] ✅ 集合竞价详细结果已推送飞书
10:49:49 [INFO] 🔔 已触发急促报警
10:49:49 [INFO] ========= 做T终极护城河防御版 (V1.8 确认型收敛版) 启动 =========
10:49:49 [INFO] 飞书推送: ✓ 已启用
10:49:49 [INFO] 飞书关键词: 做T猎手预警
10:49:49 [INFO] 飞书Webhook: https://open.feishu.cn/open-apis/bot/v2/hook/e8018470-e...
10:49:49 [INFO] ══════════════════════════════════════════════════════════════════════
10:49:49 [INFO] 【2026-06-12 加仓策略执行指南】
10:49:49 [INFO]   1️⃣ 中国巨石 600176 — ❌ 不追 (已涨5.62%, 资金不足)
10:49:49 [INFO]   2️⃣ 科创50ETF 588000 — ⚡ 分批加仓 (先加¥15,000)
10:49:49 [INFO]      └─ 第一批: ¥15,000 (约8,200份)
10:49:49 [INFO]      └─ 第二批: ¥15,000 (等待盘中回落)
10:49:49 [INFO]   3️⃣ 中信银行 601998 — ✅ 按计划加 (¥15,000, 约1,900股)
10:49:49 [INFO]   4️⃣ 特变电工 600089 — ⚡ 加仓 (¥25,000, 约1,090股)
10:49:49 [INFO] ══════════════════════════════════════════════════════════════════════
10:49:49 [INFO] 🔊 系统高级报警音效已成功【全自动挂载】！准备执行听声辨位！
10:49:49 [INFO] ✅ 启动自检飞书消息已成功送达
10:49:51 [INFO] 🔔 已触发急促报警
10:49:51 [INFO] ⏱ 采用顺序轮询模式：每轮扫描结束后再等待 15 秒（V1.8 确认型收敛）
10:49:51 [INFO] 🫀 扫描心跳 第1轮开始
10:49:59 [INFO] 
📊 护城河防御面板 第1轮
──────────────────────────────────────────────────────────────────────
科创50ETF华夏(588000)    1.87      1.86    3.0%    多32/空15  可T观察    
特变电工(600089)       23.52     23.64    2.6%    多-1/空18  停手:买卖都不够强
中国巨石(600176)       54.60     54.54   11.4%    多12/空27  停手:买卖都不够强
双良节能(600481)        4.99      4.94    3.1%    多12/空30  停手:买卖都不够强
五洲新春(603667)       66.73     66.63    2.5%     多4/空15  停手:买卖都不够强
拓维信息(002261)       29.50     29.66    1.8%     多16/空0  停手:买卖都不够强
陕西斯瑞新材股份(688102)   41.80     41.69    6.5%     多4/空27  停手:买卖都不够强
英维克(002837)        74.50     74.24    4.7%    多22/空15  停手:买卖都不够强
10:50:14 [INFO] 🫀 扫描心跳 第2轮开始
10:50:34 [INFO] 🫀 扫描心跳 第3轮开始
10:50:56 [INFO] 🫀 扫描心跳 第4轮开始
10:51:17 [INFO] 🫀 扫描心跳 第5轮开始
10:51:23 [INFO] 
📊 护城河防御面板 第5轮
──────────────────────────────────────────────────────────────────────
科创50ETF华夏(588000)    1.87      1.86    3.0%    多32/空15  可T观察    
特变电工(600089)       23.52     23.64    2.6%    多-1/空18  停手:买卖都不够强
中国巨石(600176)       54.60     54.54   11.4%    多12/空27  停手:买卖都不够强
双良节能(600481)        4.99      4.94    3.1%    多12/空30  停手:买卖都不够强
五洲新春(603667)       66.73     66.63    2.5%     多4/空15  停手:买卖都不够强
拓维信息(002261)       29.50     29.66    1.8%     多16/空0  停手:买卖都不够强
陕西斯瑞新材股份(688102)   41.80     41.69    6.5%     多4/空27  停手:买卖都不够强
英维克(002837)        74.50     74.24    4.7%    多22/空15  停手:买卖都不够强
10:51:38 [INFO] 🫀 扫描心跳 第6轮开始
10:51:59 [INFO] 🫀 扫描心跳 第7轮开始
10:52:20 [INFO] 🫀 扫描心跳 第8轮开始
10:52:41 [INFO] 🫀 扫描心跳 第9轮开始
10:52:48 [INFO] 
📊 护城河防御面板 第9轮
──────────────────────────────────────────────────────────────────────
科创50ETF华夏(588000)    1.87      1.86    3.0%    多32/空15  可T观察    
特变电工(600089)       23.52     23.64    2.6%    多-1/空18  停手:买卖都不够强
中国巨石(600176)       54.60     54.54   11.4%    多12/空27  停手:买卖都不够强
双良节能(600481)        4.99      4.94    3.1%    多12/空30  停手:买卖都不够强
五洲新春(603667)       66.73     66.63    2.5%     多4/空15  停手:买卖都不够强
拓维信息(002261)       29.50     29.66    1.8%     多16/空0  停手:买卖都不够强
陕西斯瑞新材股份(688102)   41.80     41.69    6.5%     多4/空27  停手:买卖都不够强
英维克(002837)        74.50     74.24    4.7%    多22/空15  停手:买卖都不够强
10:53:03 [INFO] 🫀 扫描心跳 第10轮开始
10:53:07 [WARNING] ⚠️  五洲新春(603667) 扫描异常: name 'notify' is not defined
10:53:25 [INFO] 🫀 扫描心跳 第11轮开始
10:53:29 [WARNING] ⚠️  五洲新春(603667) 扫描异常: name 'notify' is not defined
10:53:46 [INFO] 🫀 扫描心跳 第12轮开始
10:53:50 [WARNING] ⚠️  五洲新春(603667) 扫描异常: name 'notify' is not defined
10:54:07 [INFO] 🫀 扫描心跳 第13轮开始
10:54:11 [WARNING] ⚠️  五洲新春(603667) 扫描异常: name 'notify' is not defined
10:54:13 [INFO] 
📊 护城河防御面板 第13轮
──────────────────────────────────────────────────────────────────────
科创50ETF华夏(588000)    1.87      1.86    3.0%    多10/空19  停手:买卖都不够强
特变电工(600089)       23.47     23.63    2.7%     多5/空22  停手:买卖都不够强
中国巨石(600176)       54.60     54.54   11.4%    多12/空27  停手:买卖都不够强
双良节能(600481)        4.98      4.94    3.1%    多12/空15  停手:买卖都不够强
五洲新春(603667)       66.93     66.65    2.5%     多4/空42  可T观察|SELL_HIGH
拓维信息(002261)       29.37     29.64    1.9%    多26/空14  停手:买卖都不够强
陕西斯瑞新材股份(688102)   41.72     41.70    6.5%     多0/空29  停手:买卖都不够强
英维克(002837)        74.09     74.24    4.7%     多14/空4  停手:买卖都不够强
10:54:28 [INFO] 🫀 扫描心跳 第14轮开始
10:54:31 [WARNING] ⚠️  五洲新春(603667) 扫描异常: name 'notify' is not defined
10:54:49 [INFO] 🫀 扫描心跳 第15轮开始
10:54:52 [WARNING] ⚠️  五洲新春(603667) 扫描异常: name 'notify' is not defined
10:55:09 [INFO] 🫀 扫描心跳 第16轮开始
10:55:13 [WARNING] ⚠️  五洲新春(603667) 扫描异常: name 'notify' is not defined
10:55:30 [INFO] 🫀 扫描心跳 第17轮开始
10:55:34 [WARNING] ⚠️  五洲新春(603667) 扫描异常: name 'notify' is not defined
10:55:36 [INFO] 
📊 护城河防御面板 第17轮
──────────────────────────────────────────────────────────────────────
科创50ETF华夏(588000)    1.87      1.86    3.0%    多10/空19  停手:买卖都不够强
特变电工(600089)       23.47     23.63    2.7%     多5/空22  停手:买卖都不够强
中国巨石(600176)       54.60     54.54   11.4%    多12/空27  停手:买卖都不够强
双良节能(600481)        4.98      4.94    3.1%    多12/空15  停手:买卖都不够强
五洲新春(603667)       66.93     66.65    2.5%     多4/空42  可T观察|SELL_HIGH
拓维信息(002261)       29.37     29.64    1.9%    多26/空14  停手:买卖都不够强
陕西斯瑞新材股份(688102)   41.72     41.70    6.5%     多0/空29  停手:买卖都不够强
英维克(002837)        74.09     74.24    4.7%     多14/空4  停手:买卖都不够强
10:55:51 [INFO] 🫀 扫描心跳 第18轮开始
10:55:55 [WARNING] ⚠️  五洲新春(603667) 扫描异常: name 'notify' is not defined
10:56:12 [INFO] 🫀 扫描心跳 第19轮开始
10:56:35 [INFO] 🫀 扫描心跳 第20轮开始
10:56:56 [INFO] 🫀 扫描心跳 第21轮开始
10:57:02 [INFO] 
📊 护城河防御面板 第21轮
──────────────────────────────────────────────────────────────────────
科创50ETF华夏(588000)    1.87      1.86    3.0%    多29/空19  可T观察    
特变电工(600089)       23.51     23.62    2.7%    多-1/空18  停手:买卖都不够强
中国巨石(600176)       54.60     54.55   11.4%    多12/空27  停手:买卖都不够强
双良节能(600481)        4.99      4.94    3.1%    多18/空19  停手:买卖都不够强
五洲新春(603667)       67.10     66.68    2.5%     多4/空31  停手:买卖都不够强
拓维信息(002261)       29.39     29.62    2.0%     多36/空0  可T观察    
陕西斯瑞新材股份(688102)   41.63     41.69    6.5%    多12/空14  停手:买卖都不够强
英维克(002837)        74.09     74.23    4.7%     多30/空4  可T观察    
10:57:17 [INFO] 🫀 扫描心跳 第22轮开始
10:57:39 [INFO] 🫀 扫描心跳 第23轮开始
10:58:00 [INFO] 🫀 扫描心跳 第24轮开始
10:58:21 [INFO] 🫀 扫描心跳 第25轮开始
10:58:27 [INFO] 
📊 护城河防御面板 第25轮
──────────────────────────────────────────────────────────────────────
科创50ETF华夏(588000)    1.87      1.86    3.0%    多29/空19  可T观察    
特变电工(600089)       23.51     23.62    2.7%    多-1/空18  停手:买卖都不够强
中国巨石(600176)       54.60     54.55   11.4%    多12/空27  停手:买卖都不够强
双良节能(600481)        4.99      4.94    3.1%    多18/空19  停手:买卖都不够强
五洲新春(603667)       67.10     66.68    2.5%     多4/空31  停手:买卖都不够强
拓维信息(002261)       29.39     29.62    2.0%     多36/空0  可T观察    
陕西斯瑞新材股份(688102)   41.63     41.69    6.5%    多12/空14  停手:买卖都不够强
英维克(002837)        74.09     74.23    4.7%     多30/空4  可T观察    
10:58:42 [INFO] 🫀 扫描心跳 第26轮开始
10:59:03 [INFO] 🫀 扫描心跳 第27轮开始
10:59:25 [INFO] 🫀 扫描心跳 第28轮开始
10:59:47 [INFO] 🫀 扫描心跳 第29轮开始
10:59:54 [INFO] 
📊 护城河防御面板 第29轮
──────────────────────────────────────────────────────────────────────
科创50ETF华夏(588000)    1.87      1.86    3.0%    多14/空19  停手:买卖都不够强
特变电工(600089)       23.51     23.62    2.7%    多-5/空32  停手:买卖都不够强
中国巨石(600176)       54.60     54.55   11.4%    多12/空27  停手:买卖都不够强
双良节能(600481)        4.98      4.95    3.1%    多18/空19  停手:买卖都不够强
五洲新春(603667)       67.27     66.71    2.8%     多4/空41  停手:高位但无明确优势
拓维信息(002261)       29.41     29.61    2.0%     多16/空0  停手:买卖都不够强
陕西斯瑞新材股份(688102)   41.71     41.70    6.5%     多0/空29  停手:买卖都不够强
英维克(002837)        74.28     74.23    4.7%    多22/空15  停手:买卖都不够强
11:00:09 [INFO] 🫀 扫描心跳 第30轮开始
11:00:30 [INFO] 🫀 扫描心跳 第31轮开始
11:00:51 [INFO] 🫀 扫描心跳 第32轮开始
11:01:12 [INFO] 🫀 扫描心跳 第33轮开始
11:01:18 [INFO] 
📊 护城河防御面板 第33轮
──────────────────────────────────────────────────────────────────────
科创50ETF华夏(588000)    1.87      1.86    3.0%    多14/空19  停手:买卖都不够强
特变电工(600089)       23.51     23.62    2.7%    多-5/空32  停手:买卖都不够强
中国巨石(600176)       54.60     54.55   11.4%    多12/空27  停手:买卖都不够强
双良节能(600481)        4.98      4.95    3.1%    多18/空19  停手:买卖都不够强
五洲新春(603667)       67.27     66.71    2.8%     多4/空41  停手:高位但无明确优势
拓维信息(002261)       29.41     29.61    2.0%     多16/空0  停手:买卖都不够强
陕西斯瑞新材股份(688102)   41.71     41.70    6.5%     多0/空29  停手:买卖都不够强
英维克(002837)        74.28     74.23    4.7%    多22/空15  停手:买卖都不够强
11:01:33 [INFO] 🫀 扫描心跳 第34轮开始
11:01:35 [INFO] 已停止盯盘
11:02:21 [INFO] 早盘集合竞价结论：回避
市场评分：26.9 / 100 | 偏向：risk_off | 风险：risk_off
竞价：强2 / 弱3 / 缺0 | 均分 -0.8
策略结论：主做600089(600089) | 观察暂无 | 关注600176(600176) | 回避002837(002837)
1. 主做：600089(600089)
2. 观察：暂无
3. 关注：600176(600176)
4. 回避：002837(002837)
执行顺序：先1后2，再3，最后4
升级条件：若 9:35 后上涨家数回到高于下跌家数，且市场评分回到 55 上方，再把关注升为观察。
开盘后跟踪：开盘后只看核心标的承接，不追高，等量能和情绪同时转强再说。
热门关注：安徽凤凰、纬达光电、万达轴承
11:02:22 [INFO] ✅ 集合竞价总览已推送飞书
11:02:23 [INFO] ✅ 集合竞价详细结果已推送飞书
11:02:25 [INFO] 🔔 已触发急促报警
11:02:25 [INFO] ========= 做T终极护城河防御版 (V1.8 确认型收敛版) 启动 =========
11:02:25 [INFO] 飞书推送: ✓ 已启用
11:02:25 [INFO] 飞书关键词: 做T猎手预警
11:02:25 [INFO] 飞书Webhook: https://open.feishu.cn/open-apis/bot/v2/hook/e8018470-e...
11:02:25 [INFO] ══════════════════════════════════════════════════════════════════════
11:02:25 [INFO] 【2026-06-12 加仓策略执行指南】
11:02:25 [INFO]   1️⃣ 中国巨石 600176 — ❌ 不追 (已涨5.62%, 资金不足)
11:02:25 [INFO]   2️⃣ 科创50ETF 588000 — ⚡ 分批加仓 (先加¥15,000)
11:02:25 [INFO]      └─ 第一批: ¥15,000 (约8,200份)
11:02:25 [INFO]      └─ 第二批: ¥15,000 (等待盘中回落)
11:02:25 [INFO]   3️⃣ 中信银行 601998 — ✅ 按计划加 (¥15,000, 约1,900股)
11:02:25 [INFO]   4️⃣ 特变电工 600089 — ⚡ 加仓 (¥25,000, 约1,090股)
11:02:25 [INFO] ══════════════════════════════════════════════════════════════════════
11:02:25 [INFO] 🔊 系统高级报警音效已成功【全自动挂载】！准备执行听声辨位！
11:02:26 [INFO] ✅ 启动自检飞书消息已成功送达
11:02:27 [INFO] 🔔 已触发急促报警
11:02:27 [INFO] ⏱ 采用顺序轮询模式：每轮扫描结束后再等待 15 秒（V1.8 确认型收敛）
11:02:27 [INFO] 🫀 扫描心跳 第1轮开始
11:02:29 [WARNING] ⚠️  科创50ETF华夏(588000) 扫描异常: name 'notify' is not defined
11:02:32 [WARNING] ⚠️  五洲新春(603667) 扫描异常: name 'notify' is not defined
11:02:35 [INFO] 
📊 护城河防御面板 第1轮
──────────────────────────────────────────────────────────────────────
科创50ETF华夏(588000)    1.88      1.86    3.0%    多14/空46  强可T|SELL_HIGH
特变电工(600089)       23.52     23.61    2.7%    多-5/空28  停手:买卖都不够强
中国巨石(600176)       54.60     54.55   11.4%    多12/空27  停手:买卖都不够强
双良节能(600481)        4.96      4.95    3.1%    多-4/空37  可T观察    
五洲新春(603667)       67.05     66.73    2.8%   多-22/空46  强可T|SELL_HIGH
拓维信息(002261)       29.44     29.60    2.0%    多-1/空18  停手:买卖都不够强
陕西斯瑞新材股份(688102)   41.75     41.70    6.5%     多0/空29  停手:买卖都不够强
英维克(002837)        74.29     74.23    4.7%    多15/空15  停手:买卖都不够强
11:02:50 [INFO] 🫀 扫描心跳 第2轮开始
11:02:51 [WARNING] ⚠️  科创50ETF华夏(588000) 扫描异常: name 'notify' is not defined
11:02:54 [WARNING] ⚠️  五洲新春(603667) 扫描异常: name 'notify' is not defined
11:03:11 [INFO] 🫀 扫描心跳 第3轮开始
11:03:12 [WARNING] ⚠️  科创50ETF华夏(588000) 扫描异常: name 'notify' is not defined
11:03:15 [WARNING] ⚠️  五洲新春(603667) 扫描异常: name 'notify' is not defined
11:03:32 [INFO] 🫀 扫描心跳 第4轮开始
11:03:33 [WARNING] ⚠️  科创50ETF华夏(588000) 扫描异常: name 'notify' is not defined
11:03:36 [WARNING] ⚠️  五洲新春(603667) 扫描异常: name 'notify' is not defined
11:03:53 [INFO] 🫀 扫描心跳 第5轮开始
11:03:54 [WARNING] ⚠️  科创50ETF华夏(588000) 扫描异常: name 'notify' is not defined
11:03:57 [WARNING] ⚠️  五洲新春(603667) 扫描异常: name 'notify' is not defined
11:03:59 [INFO] 
📊 护城河防御面板 第5轮
──────────────────────────────────────────────────────────────────────
科创50ETF华夏(588000)    1.88      1.86    3.0%    多14/空46  强可T|SELL_HIGH
特变电工(600089)       23.52     23.61    2.7%    多-5/空28  停手:买卖都不够强
中国巨石(600176)       54.60     54.55   11.4%    多12/空27  停手:买卖都不够强
双良节能(600481)        4.96      4.95    3.1%    多-4/空37  可T观察    
五洲新春(603667)       67.05     66.73    2.8%   多-22/空46  强可T|SELL_HIGH
拓维信息(002261)       29.44     29.60    2.0%    多-1/空18  停手:买卖都不够强
陕西斯瑞新材股份(688102)   41.75     41.70    6.5%     多0/空29  停手:买卖都不够强
英维克(002837)        74.29     74.23    4.7%    多15/空15  停手:买卖都不够强
11:04:14 [INFO] 🫀 扫描心跳 第6轮开始
11:04:15 [WARNING] ⚠️  科创50ETF华夏(588000) 扫描异常: name 'notify' is not defined
11:04:18 [WARNING] ⚠️  五洲新春(603667) 扫描异常: name 'notify' is not defined
11:04:35 [INFO] 🫀 扫描心跳 第7轮开始
11:04:36 [WARNING] ⚠️  科创50ETF华夏(588000) 扫描异常: name 'notify' is not defined
11:04:39 [WARNING] ⚠️  五洲新春(603667) 扫描异常: name 'notify' is not defined
11:04:56 [INFO] 🫀 扫描心跳 第8轮开始
11:04:57 [WARNING] ⚠️  科创50ETF华夏(588000) 扫描异常: name 'notify' is not defined
11:05:00 [WARNING] ⚠️  五洲新春(603667) 扫描异常: name 'notify' is not defined
11:05:18 [INFO] 🫀 扫描心跳 第9轮开始
11:05:18 [WARNING] ⚠️  科创50ETF华夏(588000) 扫描异常: name 'notify' is not defined
11:05:22 [WARNING] ⚠️  五洲新春(603667) 扫描异常: name 'notify' is not defined
11:05:24 [INFO] 
📊 护城河防御面板 第9轮
──────────────────────────────────────────────────────────────────────
科创50ETF华夏(588000)    1.88      1.86    3.0%    多14/空46  强可T|SELL_HIGH
特变电工(600089)       23.52     23.61    2.7%    多-5/空28  停手:买卖都不够强
中国巨石(600176)       54.60     54.55   11.4%    多12/空27  停手:买卖都不够强
双良节能(600481)        4.96      4.95    3.1%    多-4/空37  可T观察    
五洲新春(603667)       67.05     66.73    2.8%   多-22/空46  强可T|SELL_HIGH
拓维信息(002261)       29.44     29.60    2.0%    多-1/空18  停手:买卖都不够强
陕西斯瑞新材股份(688102)   41.75     41.70    6.5%     多0/空29  停手:买卖都不够强
英维克(002837)        74.29     74.23    4.7%    多15/空15  停手:买卖都不够强
11:05:39 [INFO] 🫀 扫描心跳 第10轮开始
11:05:40 [WARNING] ⚠️  科创50ETF华夏(588000) 扫描异常: name 'notify' is not defined
11:06:01 [INFO] 🫀 扫描心跳 第11轮开始
11:06:02 [WARNING] ⚠️  科创50ETF华夏(588000) 扫描异常: name 'notify' is not defined
11:06:23 [INFO] 🫀 扫描心跳 第12轮开始
11:06:23 [WARNING] ⚠️  科创50ETF华夏(588000) 扫描异常: name 'notify' is not defined
11:06:44 [INFO] 🫀 扫描心跳 第13轮开始
11:06:45 [WARNING] ⚠️  科创50ETF华夏(588000) 扫描异常: name 'notify' is not defined
11:06:50 [INFO] 
📊 护城河防御面板 第13轮
──────────────────────────────────────────────────────────────────────
科创50ETF华夏(588000)    1.88      1.86    3.3%    多14/空46  强可T|SELL_HIGH
特变电工(600089)       23.48     23.61    2.7%     多9/空32  停手:买卖都不够强
中国巨石(600176)       54.60     54.55   11.4%    多12/空27  停手:买卖都不够强
双良节能(600481)        4.95      4.95    3.1%    多14/空37  可T观察    
五洲新春(603667)       66.96     66.74    2.8%   多-10/空36  可T观察    
拓维信息(002261)       29.42     29.59    2.0%    多-1/空18  停手:买卖都不够强
陕西斯瑞新材股份(688102)   41.75     41.70    6.5%     多0/空29  停手:买卖都不够强
英维克(002837)        74.39     74.25    4.7%    多15/空25  停手:买卖都不够强
11:07:05 [INFO] 🫀 扫描心跳 第14轮开始
11:07:06 [WARNING] ⚠️  科创50ETF华夏(588000) 扫描异常: name 'notify' is not defined
11:07:26 [INFO] 🫀 扫描心跳 第15轮开始
11:07:27 [WARNING] ⚠️  科创50ETF华夏(588000) 扫描异常: name 'notify' is not defined
11:07:47 [INFO] 🫀 扫描心跳 第16轮开始
11:07:48 [WARNING] ⚠️  科创50ETF华夏(588000) 扫描异常: name 'notify' is not defined
11:08:08 [INFO] 🫀 扫描心跳 第17轮开始
11:08:09 [WARNING] ⚠️  科创50ETF华夏(588000) 扫描异常: name 'notify' is not defined
11:08:14 [INFO] 
📊 护城河防御面板 第17轮
──────────────────────────────────────────────────────────────────────
科创50ETF华夏(588000)    1.88      1.86    3.3%    多14/空46  强可T|SELL_HIGH
特变电工(600089)       23.48     23.61    2.7%     多9/空32  停手:买卖都不够强
中国巨石(600176)       54.60     54.55   11.4%    多12/空27  停手:买卖都不够强
双良节能(600481)        4.95      4.95    3.1%    多14/空37  可T观察    
五洲新春(603667)       66.96     66.74    2.8%   多-10/空36  可T观察    
拓维信息(002261)       29.42     29.59    2.0%    多-1/空18  停手:买卖都不够强
陕西斯瑞新材股份(688102)   41.75     41.70    6.5%     多0/空29  停手:买卖都不够强
英维克(002837)        74.39     74.25    4.7%    多15/空25  停手:买卖都不够强
11:08:29 [INFO] 🫀 扫描心跳 第18轮开始
11:08:30 [WARNING] ⚠️  科创50ETF华夏(588000) 扫描异常: name 'notify' is not defined
11:08:32 [INFO] 已停止盯盘
11:09:17 [INFO] 早盘集合竞价结论：回避
市场评分：27.2 / 100 | 偏向：risk_off | 风险：risk_off
竞价：强1 / 弱2 / 缺0 | 均分 1.0
策略结论：主做600089(600089) | 观察暂无 | 关注600176(600176) | 回避002837(002837)
1. 主做：600089(600089)
2. 观察：暂无
3. 关注：600176(600176)
4. 回避：002837(002837)
执行顺序：先1后2，再3，最后4
升级条件：若 9:35 后上涨家数回到高于下跌家数，且市场评分回到 55 上方，再把关注升为观察。
开盘后跟踪：开盘后只看核心标的承接，不追高，等量能和情绪同时转强再说。
热门关注：安徽凤凰、纬达光电、万达轴承
11:09:18 [INFO] ✅ 集合竞价总览已推送飞书
11:09:19 [INFO] ✅ 集合竞价详细结果已推送飞书
11:09:20 [INFO] 🔔 已触发急促报警
11:09:20 [INFO] ========= 做T终极护城河防御版 (V1.8 确认型收敛版) 启动 =========
11:09:20 [INFO] 飞书推送: ✓ 已启用
11:09:20 [INFO] 飞书关键词: 做T猎手预警
11:09:20 [INFO] 飞书Webhook: https://open.feishu.cn/open-apis/bot/v2/hook/e8018470-e...
11:09:20 [INFO] ══════════════════════════════════════════════════════════════════════
11:09:20 [INFO] 【2026-06-12 加仓策略执行指南】
11:09:20 [INFO]   1️⃣ 中国巨石 600176 — ❌ 不追 (已涨5.62%, 资金不足)
11:09:20 [INFO]   2️⃣ 科创50ETF 588000 — ⚡ 分批加仓 (先加¥15,000)
11:09:20 [INFO]      └─ 第一批: ¥15,000 (约8,200份)
11:09:20 [INFO]      └─ 第二批: ¥15,000 (等待盘中回落)
11:09:20 [INFO]   3️⃣ 中信银行 601998 — ✅ 按计划加 (¥15,000, 约1,900股)
11:09:20 [INFO]   4️⃣ 特变电工 600089 — ⚡ 加仓 (¥25,000, 约1,090股)
11:09:20 [INFO] ══════════════════════════════════════════════════════════════════════
11:09:20 [INFO] 🔊 系统高级报警音效已成功【全自动挂载】！准备执行听声辨位！
11:09:21 [INFO] ✅ 启动自检飞书消息已成功送达
11:09:23 [INFO] 🔔 已触发急促报警
11:09:23 [INFO] ⏱ 采用顺序轮询模式：每轮扫描结束后再等待 15 秒（V1.8 确认型收敛）
11:09:23 [INFO] 🫀 扫描心跳 第1轮开始
11:09:24 [INFO] ✅ 飞书消息已成功送达: 科创50ETF华夏(588000) SELL_HIGH - 加急通知已发送
11:09:26 [INFO] 🔔 已触发急促报警
11:09:32 [INFO] 
📊 护城河防御面板 第1轮
──────────────────────────────────────────────────────────────────────
科创50ETF华夏(588000)    1.88      1.86    3.4%    多10/空44  可T观察|SELL_HIGH
特变电工(600089)       23.45     23.60    2.8%     多5/空22  停手:买卖都不够强
中国巨石(600176)       54.60     54.55   11.4%    多12/空27  停手:买卖都不够强
双良节能(600481)        4.95      4.95    3.1%    多-6/空37  可T观察    
五洲新春(603667)       66.89     66.76    2.8%   多-22/空36  可T观察    
拓维信息(002261)       29.39     29.57    2.0%    多12/空14  停手:买卖都不够强
陕西斯瑞新材股份(688102)   41.68     41.70    6.5%     多12/空4  停手:买卖都不够强
英维克(002837)        74.62     74.27    4.7%     多4/空37  可T观察    
11:09:47 [INFO] 🫀 扫描心跳 第2轮开始
11:10:08 [INFO] 🫀 扫描心跳 第3轮开始
11:10:29 [INFO] 🫀 扫描心跳 第4轮开始
11:10:50 [INFO] 🫀 扫描心跳 第5轮开始
11:10:56 [INFO] 
📊 护城河防御面板 第5轮
──────────────────────────────────────────────────────────────────────
科创50ETF华夏(588000)    1.88      1.86    3.4%    多10/空36  可T观察    
特变电工(600089)       23.45     23.60    2.8%     多5/空22  停手:买卖都不够强
中国巨石(600176)       54.60     54.55   11.4%    多12/空27  停手:买卖都不够强
双良节能(600481)        4.95      4.95    3.1%    多-6/空37  可T观察    
五洲新春(603667)       66.89     66.76    2.8%   多-22/空36  可T观察    
拓维信息(002261)       29.39     29.57    2.0%    多12/空14  停手:买卖都不够强
陕西斯瑞新材股份(688102)   41.68     41.70    6.5%     多12/空4  停手:买卖都不够强
英维克(002837)        74.62     74.27    4.7%     多4/空37  可T观察    
11:11:11 [INFO] 🫀 扫描心跳 第6轮开始
11:11:32 [INFO] 🫀 扫描心跳 第7轮开始
11:11:53 [INFO] 🫀 扫描心跳 第8轮开始
11:12:15 [INFO] 🫀 扫描心跳 第9轮开始
11:12:21 [INFO] 
📊 护城河防御面板 第9轮
──────────────────────────────────────────────────────────────────────
科创50ETF华夏(588000)    1.88      1.86    3.4%    多10/空36  可T观察    
特变电工(600089)       23.45     23.60    2.8%     多5/空22  停手:买卖都不够强
中国巨石(600176)       54.60     54.55   11.4%    多12/空27  停手:买卖都不够强
双良节能(600481)        4.95      4.95    3.1%    多-6/空37  可T观察    
五洲新春(603667)       66.89     66.76    2.8%   多-22/空36  可T观察    
拓维信息(002261)       29.39     29.57    2.0%    多12/空14  停手:买卖都不够强
陕西斯瑞新材股份(688102)   41.68     41.70    6.5%     多12/空4  停手:买卖都不够强
英维克(002837)        74.62     74.27    4.7%     多4/空37  可T观察    
11:12:36 [INFO] 🫀 扫描心跳 第10轮开始
11:13:00 [INFO] 🫀 扫描心跳 第11轮开始
11:13:21 [INFO] 🫀 扫描心跳 第12轮开始
11:13:42 [INFO] 🫀 扫描心跳 第13轮开始
11:13:48 [INFO] 
📊 护城河防御面板 第13轮
──────────────────────────────────────────────────────────────────────
科创50ETF华夏(588000)    1.88      1.86    3.4%    多29/空26  可T观察    
特变电工(600089)       23.48     23.59    2.9%    多12/空18  停手:买卖都不够强
中国巨石(600176)       54.60     54.56   11.4%    多12/空27  停手:买卖都不够强
双良节能(600481)        4.95      4.95    3.1%    多-6/空37  可T观察    
五洲新春(603667)       66.97     66.77    2.8%    多-4/空36  可T观察    
拓维信息(002261)       29.49     29.57    2.0%    多12/空12  停手:买卖都不够强
陕西斯瑞新材股份(688102)   41.58     41.70    6.5%     多30/空4  可T观察    
英维克(002837)        74.58     74.28    4.7%     多0/空29  停手:买卖都不够强
11:14:03 [INFO] 🫀 扫描心跳 第14轮开始
11:14:25 [INFO] 🫀 扫描心跳 第15轮开始
11:14:46 [INFO] 🫀 扫描心跳 第16轮开始
11:15:07 [INFO] 🫀 扫描心跳 第17轮开始
11:15:13 [INFO] 
📊 护城河防御面板 第17轮
──────────────────────────────────────────────────────────────────────
科创50ETF华夏(588000)    1.88      1.86    3.4%    多29/空26  可T观察    
特变电工(600089)       23.48     23.59    2.9%    多12/空18  停手:买卖都不够强
中国巨石(600176)       54.60     54.56   11.4%    多12/空27  停手:买卖都不够强
双良节能(600481)        4.95      4.95    3.1%    多-6/空37  可T观察    
五洲新春(603667)       66.97     66.77    2.8%    多-4/空36  可T观察    
拓维信息(002261)       29.49     29.57    2.0%    多12/空12  停手:买卖都不够强
陕西斯瑞新材股份(688102)   41.58     41.70    6.5%     多30/空4  可T观察    
英维克(002837)        74.58     74.28    4.7%     多0/空29  停手:买卖都不够强
11:15:28 [INFO] 🫀 扫描心跳 第18轮开始
11:15:49 [INFO] 🫀 扫描心跳 第19轮开始
11:16:13 [INFO] 🫀 扫描心跳 第20轮开始
11:16:34 [INFO] 🫀 扫描心跳 第21轮开始
11:16:40 [INFO] 
📊 护城河防御面板 第21轮
──────────────────────────────────────────────────────────────────────
科创50ETF华夏(588000)    1.88      1.86    3.5%    多10/空15  停手:买卖都不够强
特变电工(600089)       23.41     23.58    3.0%     多3/空22  停手:买卖都不够强
中国巨石(600176)       54.60     54.56   11.4%    多12/空27  停手:买卖都不够强
双良节能(600481)        4.94      4.95    3.1%    多-9/空22  停手:买卖都不够强
五洲新春(603667)       66.82     66.77    2.8%   多-14/空36  可T观察    
拓维信息(002261)       29.40     29.56    2.0%    多12/空14  停手:买卖都不够强
陕西斯瑞新材股份(688102)   41.44     41.69    6.5%     多12/空4  停手:买卖都不够强
英维克(002837)        74.50     74.30    4.7%     多0/空29  停手:买卖都不够强
11:16:55 [INFO] 🫀 扫描心跳 第22轮开始
11:17:16 [INFO] 🫀 扫描心跳 第23轮开始
11:17:38 [INFO] 🫀 扫描心跳 第24轮开始
11:18:00 [INFO] 🫀 扫描心跳 第25轮开始
11:18:06 [INFO] 
📊 护城河防御面板 第25轮
──────────────────────────────────────────────────────────────────────
科创50ETF华夏(588000)    1.88      1.86    3.5%    多10/空15  停手:买卖都不够强
特变电工(600089)       23.41     23.58    3.0%     多3/空22  停手:买卖都不够强
中国巨石(600176)       54.60     54.56   11.4%    多12/空27  停手:买卖都不够强
双良节能(600481)        4.94      4.95    3.1%    多-9/空22  停手:买卖都不够强
五洲新春(603667)       66.82     66.77    2.8%   多-14/空36  可T观察    
拓维信息(002261)       29.40     29.56    2.0%    多12/空14  停手:买卖都不够强
陕西斯瑞新材股份(688102)   41.44     41.69    6.5%     多12/空4  停手:买卖都不够强
英维克(002837)        74.50     74.30    4.7%     多0/空29  停手:买卖都不够强
11:18:21 [INFO] 🫀 扫描心跳 第26轮开始
11:18:43 [INFO] 🫀 扫描心跳 第27轮开始
11:19:04 [INFO] 🫀 扫描心跳 第28轮开始
11:19:27 [INFO] 🫀 扫描心跳 第29轮开始
11:19:33 [INFO] 
📊 护城河防御面板 第29轮
──────────────────────────────────────────────────────────────────────
科创50ETF华夏(588000)    1.87      1.87    3.5%    多30/空11  停手:ETF波动不足
特变电工(600089)       23.41     23.57    3.0%    多15/空18  停手:买卖都不够强
中国巨石(600176)       54.60     54.56   11.4%    多12/空27  停手:买卖都不够强
双良节能(600481)        4.92      4.95    3.1%     多1/空22  停手:买卖都不够强
五洲新春(603667)       66.43     66.76    2.8%     多1/空21  停手:买卖都不够强
拓维信息(002261)       29.31     29.54    2.1%     多26/空4  停手:买卖都不够强
陕西斯瑞新材股份(688102)   41.10     41.67    6.5%     多20/空4  停手:买卖都不够强
英维克(002837)        74.22     74.29    4.7%     多12/空4  停手:买卖都不够强
11:19:48 [INFO] 🫀 扫描心跳 第30轮开始
11:20:10 [INFO] 🫀 扫描心跳 第31轮开始
11:20:31 [INFO] 🫀 扫描心跳 第32轮开始
11:20:52 [INFO] 🫀 扫描心跳 第33轮开始
11:20:59 [INFO] 
📊 护城河防御面板 第33轮
──────────────────────────────────────────────────────────────────────
科创50ETF华夏(588000)    1.87      1.87    3.5%    多30/空11  停手:ETF波动不足
特变电工(600089)       23.41     23.57    3.0%    多15/空18  停手:买卖都不够强
中国巨石(600176)       54.60     54.56   11.4%    多12/空27  停手:买卖都不够强
双良节能(600481)        4.92      4.95    3.1%     多1/空22  停手:买卖都不够强
五洲新春(603667)       66.43     66.76    2.8%     多1/空21  停手:买卖都不够强
拓维信息(002261)       29.31     29.54    2.1%     多26/空4  停手:买卖都不够强
陕西斯瑞新材股份(688102)   41.10     41.67    6.5%     多20/空4  停手:买卖都不够强
英维克(002837)        74.22     74.29    4.7%     多12/空4  停手:买卖都不够强
11:21:14 [INFO] 🫀 扫描心跳 第34轮开始
11:21:35 [INFO] 🫀 扫描心跳 第35轮开始
11:21:56 [INFO] 🫀 扫描心跳 第36轮开始
11:22:18 [INFO] 🫀 扫描心跳 第37轮开始
11:22:27 [INFO] 
📊 护城河防御面板 第37轮
──────────────────────────────────────────────────────────────────────
科创50ETF华夏(588000)    1.87      1.87    3.5%     多30/空7  可T观察    
特变电工(600089)       23.44     23.57    3.0%    多-1/空18  停手:买卖都不够强
中国巨石(600176)       54.60     54.56   11.4%    多12/空27  停手:买卖都不够强
双良节能(600481)        4.92      4.95    3.1%    多-5/空22  停手:买卖都不够强
五洲新春(603667)       66.65     66.75    2.8%     多4/空17  停手:买卖都不够强
拓维信息(002261)       29.34     29.53    2.1%     多32/空0  可T观察    
陕西斯瑞新材股份(688102)   41.17     41.64    6.5%     多44/空0  可T观察    
英维克(002837)        74.02     74.27    4.7%     多22/空0  停手:买卖都不够强
11:22:42 [INFO] 🫀 扫描心跳 第38轮开始
11:23:03 [INFO] 🫀 扫描心跳 第39轮开始
11:23:24 [INFO] 🫀 扫描心跳 第40轮开始
11:23:46 [INFO] 🫀 扫描心跳 第41轮开始
11:23:52 [INFO] 
📊 护城河防御面板 第41轮
──────────────────────────────────────────────────────────────────────
科创50ETF华夏(588000)    1.87      1.87    3.5%     多30/空7  可T观察    
特变电工(600089)       23.44     23.57    3.0%    多-1/空18  停手:买卖都不够强
中国巨石(600176)       54.60     54.56   11.4%    多12/空27  停手:买卖都不够强
双良节能(600481)        4.92      4.95    3.1%    多-5/空22  停手:买卖都不够强
五洲新春(603667)       66.65     66.75    2.8%     多4/空17  停手:买卖都不够强
拓维信息(002261)       29.34     29.53    2.1%     多32/空0  可T观察    
陕西斯瑞新材股份(688102)   41.17     41.64    6.5%     多44/空0  可T观察    
英维克(002837)        74.02     74.27    4.7%     多22/空0  停手:买卖都不够强
11:24:07 [INFO] 🫀 扫描心跳 第42轮开始
11:24:29 [INFO] 🫀 扫描心跳 第43轮开始
11:24:50 [INFO] 🫀 扫描心跳 第44轮开始
11:25:11 [INFO] 🫀 扫描心跳 第45轮开始
11:25:17 [INFO] 
📊 护城河防御面板 第45轮
──────────────────────────────────────────────────────────────────────
科创50ETF华夏(588000)    1.87      1.87    3.5%     多30/空7  可T观察    
特变电工(600089)       23.44     23.57    3.0%    多-1/空18  停手:买卖都不够强
中国巨石(600176)       54.60     54.56   11.4%    多12/空27  停手:买卖都不够强
双良节能(600481)        4.92      4.95    3.1%    多-5/空22  停手:买卖都不够强
五洲新春(603667)       66.65     66.75    2.8%     多4/空17  停手:买卖都不够强
拓维信息(002261)       29.34     29.53    2.1%     多32/空0  可T观察    
陕西斯瑞新材股份(688102)   41.17     41.64    6.5%     多44/空0  可T观察    
英维克(002837)        74.02     74.27    4.7%     多22/空0  停手:买卖都不够强
11:25:32 [INFO] 🫀 扫描心跳 第46轮开始
11:25:55 [INFO] 🫀 扫描心跳 第47轮开始
11:26:16 [INFO] 🫀 扫描心跳 第48轮开始
11:26:39 [INFO] 🫀 扫描心跳 第49轮开始
11:26:45 [INFO] 
📊 护城河防御面板 第49轮
──────────────────────────────────────────────────────────────────────
科创50ETF华夏(588000)    1.87      1.87    3.5%     多30/空7  可T观察    
特变电工(600089)       23.42     23.56    3.0%     多5/空18  停手:买卖都不够强
中国巨石(600176)       54.60     54.56   11.4%     多9/空27  停手:买卖都不够强
双良节能(600481)        4.92      4.95    3.1%    多-1/空22  停手:买卖都不够强
五洲新春(603667)       66.64     66.74    2.8%     多8/空17  停手:买卖都不够强
拓维信息(002261)       29.35     29.53    2.1%     多16/空0  停手:买卖都不够强
陕西斯瑞新材股份(688102)   41.15     41.63    6.5%     多32/空0  可T观察    
英维克(002837)        74.07     74.27    4.7%     多26/空0  停手:买卖都不够强
11:27:00 [INFO] 🫀 扫描心跳 第50轮开始
11:27:21 [INFO] 🫀 扫描心跳 第51轮开始
11:27:42 [INFO] 🫀 扫描心跳 第52轮开始
11:28:04 [INFO] 🫀 扫描心跳 第53轮开始
11:28:09 [INFO] 
📊 护城河防御面板 第53轮
──────────────────────────────────────────────────────────────────────
科创50ETF华夏(588000)    1.87      1.87    3.5%     多30/空7  可T观察    
特变电工(600089)       23.42     23.56    3.0%     多5/空18  停手:买卖都不够强
中国巨石(600176)       54.60     54.56   11.4%     多9/空27  停手:买卖都不够强
双良节能(600481)        4.92      4.95    3.1%    多-1/空22  停手:买卖都不够强
五洲新春(603667)       66.64     66.74    2.8%     多8/空17  停手:买卖都不够强
拓维信息(002261)       29.35     29.53    2.1%     多16/空0  停手:买卖都不够强
陕西斯瑞新材股份(688102)   41.15     41.63    6.5%     多32/空0  可T观察    
英维克(002837)        74.07     74.27    4.7%     多26/空0  停手:买卖都不够强
11:28:24 [INFO] 🫀 扫描心跳 第54轮开始
11:28:46 [INFO] 🫀 扫描心跳 第55轮开始
11:28:56 [INFO] 已停止盯盘
12:00:05 [INFO] 早盘集合竞价结论：回避
市场评分：29.2 / 100 | 偏向：risk_off | 风险：risk_off
竞价：强0 / 弱0 / 缺0 | 均分 10.0
策略结论：主做600089(600089) | 观察暂无 | 关注600176(600176) | 回避002837(002837)
1. 主做：600089(600089)
2. 观察：暂无
3. 关注：600176(600176)
4. 回避：002837(002837)
执行顺序：先1后2，再3，最后4
升级条件：若 9:35 后上涨家数回到高于下跌家数，且市场评分回到 55 上方，再把关注升为观察。
开盘后跟踪：开盘后只看核心标的承接，不追高，等量能和情绪同时转强再说。
热门关注：安徽凤凰、纬达光电、万达轴承
12:00:08 [WARNING] ⚠️  集合竞价总览飞书推送失败: {'code': 11232, 'data': {}, 'msg': 'frequency limited psm[lark.oapi.app_platform_runtime]appID[1500]'}
12:00:09 [INFO] ✅ 集合竞价详细结果已推送飞书
12:00:11 [INFO] 🔔 已触发急促报警
12:00:11 [INFO] ========= 做T终极护城河防御版 (V1.8 确认型收敛版) 启动 =========
12:00:11 [INFO] 飞书推送: ✓ 已启用
12:00:11 [INFO] 飞书关键词: 做T猎手预警
12:00:11 [INFO] 飞书Webhook: https://open.feishu.cn/open-apis/bot/v2/hook/e8018470-e...
12:00:11 [INFO] ══════════════════════════════════════════════════════════════════════
12:00:11 [INFO] 【2026-06-12 加仓策略执行指南】
12:00:11 [INFO]   1️⃣ 中国巨石 600176 — ❌ 不追 (已涨5.62%, 资金不足)
12:00:11 [INFO]   2️⃣ 科创50ETF 588000 — ⚡ 分批加仓 (先加¥15,000)
12:00:11 [INFO]      └─ 第一批: ¥15,000 (约8,200份)
12:00:11 [INFO]      └─ 第二批: ¥15,000 (等待盘中回落)
12:00:11 [INFO]   3️⃣ 中信银行 601998 — ✅ 按计划加 (¥15,000, 约1,900股)
12:00:11 [INFO]   4️⃣ 特变电工 600089 — ⚡ 加仓 (¥25,000, 约1,090股)
12:00:11 [INFO] ══════════════════════════════════════════════════════════════════════
12:00:11 [INFO] 🔊 系统高级报警音效已成功【全自动挂载】！准备执行听声辨位！
12:00:11 [INFO] 🧹 清理过期分钟线缓存 8 个
12:00:12 [INFO] ✅ 启动自检飞书消息已成功送达
12:00:13 [INFO] 🔔 已触发急促报警
12:00:13 [INFO] ⏱ 采用顺序轮询模式：每轮扫描结束后再等待 15 秒（V1.8 确认型收敛）
12:00:13 [INFO] ⏸ 非交易时段，进入低频保活
12:10:13 [INFO] ⏸ 非交易时段，进入低频保活
12:20:13 [INFO] ⏸ 非交易时段，进入低频保活
12:30:14 [INFO] ⏸ 非交易时段，进入低频保活
12:40:14 [INFO] ⏸ 非交易时段，进入低频保活
12:50:14 [INFO] ⏸ 非交易时段，进入低频保活
13:00:14 [INFO] 🫀 扫描心跳 第1轮开始
13:01:59 [INFO] 
📊 护城河防御面板 第1轮
──────────────────────────────────────────────────────────────────────
科创50ETF华夏(588000)    1.88      1.87    3.5%     多4/空19  停手:买卖都不够强
特变电工(600089)       23.38     23.55    3.1%    多26/空14  停手:买卖都不够强
中国巨石(600176)       54.60     54.56   11.4%    多15/空23  停手:买卖都不够强
双良节能(600481)        4.92      4.94    3.1%     多8/空14  停手:买卖都不够强
五洲新春(603667)       66.31     66.73    2.8%     多20/空4  停手:买卖都不够强
拓维信息(002261)       29.33     29.50    2.2%     多14/空0  停手:买卖都不够强
陕西斯瑞新材股份(688102)   41.06     41.57    6.5%     多16/空0  停手:买卖都不够强
英维克(002837)        74.20     74.24    4.7%      多8/空0  停手:买卖都不够强
13:02:14 [INFO] 🫀 扫描心跳 第2轮开始
13:02:34 [INFO] 🫀 扫描心跳 第3轮开始
13:02:55 [INFO] 🫀 扫描心跳 第4轮开始
13:03:16 [INFO] 🫀 扫描心跳 第5轮开始
13:03:22 [INFO] 
📊 护城河防御面板 第5轮
──────────────────────────────────────────────────────────────────────
科创50ETF华夏(588000)    1.88      1.87    3.5%     多4/空19  停手:买卖都不够强
特变电工(600089)       23.38     23.55    3.1%    多26/空14  停手:买卖都不够强
中国巨石(600176)       54.60     54.56   11.4%    多15/空23  停手:买卖都不够强
双良节能(600481)        4.92      4.94    3.1%     多8/空14  停手:买卖都不够强
五洲新春(603667)       66.31     66.73    2.8%     多20/空4  停手:买卖都不够强
拓维信息(002261)       29.33     29.50    2.2%     多14/空0  停手:买卖都不够强
陕西斯瑞新材股份(688102)   41.06     41.57    6.5%     多16/空0  停手:买卖都不够强
英维克(002837)        74.20     74.24    4.7%      多8/空0  停手:买卖都不够强
13:03:37 [INFO] 🫀 扫描心跳 第6轮开始
13:03:58 [INFO] 🫀 扫描心跳 第7轮开始
13:04:19 [INFO] 🫀 扫描心跳 第8轮开始
13:04:40 [INFO] 🫀 扫描心跳 第9轮开始
13:04:47 [INFO] 
📊 护城河防御面板 第9轮
──────────────────────────────────────────────────────────────────────
科创50ETF华夏(588000)    1.88      1.87    3.5%     多4/空19  停手:买卖都不够强
特变电工(600089)       23.38     23.55    3.1%    多26/空14  停手:买卖都不够强
中国巨石(600176)       54.60     54.56   11.4%    多15/空23  停手:买卖都不够强
双良节能(600481)        4.92      4.94    3.1%     多8/空14  停手:买卖都不够强
五洲新春(603667)       66.31     66.73    2.8%     多20/空4  停手:买卖都不够强
拓维信息(002261)       29.33     29.50    2.2%     多14/空0  停手:买卖都不够强
陕西斯瑞新材股份(688102)   41.06     41.57    6.5%     多16/空0  停手:买卖都不够强
英维克(002837)        74.20     74.24    4.7%      多8/空0  停手:买卖都不够强
13:05:02 [INFO] 🫀 扫描心跳 第10轮开始
13:05:24 [INFO] 🫀 扫描心跳 第11轮开始
13:05:45 [INFO] 🫀 扫描心跳 第12轮开始
13:06:06 [INFO] 🫀 扫描心跳 第13轮开始
13:06:12 [INFO] 
📊 护城河防御面板 第13轮
──────────────────────────────────────────────────────────────────────
科创50ETF华夏(588000)    1.88      1.87    3.5%     多4/空29  停手:买卖都不够强
特变电工(600089)       23.33     23.54    3.3%     多46/空4  强可T     
中国巨石(600176)       54.60     54.57   11.4%    多15/空23  停手:买卖都不够强
双良节能(600481)        4.93      4.94    3.1%     多10/空0  停手:买卖都不够强
五洲新春(603667)       66.14     66.70    2.8%     多22/空4  停手:买卖都不够强
拓维信息(002261)       29.30     29.50    2.2%    多18/空14  停手:买卖都不够强
陕西斯瑞新材股份(688102)   40.90     41.55    6.5%     多44/空0  可T观察    
英维克(002837)        73.75     74.22    4.7%      多4/空4  停手:买卖都不够强
13:06:27 [INFO] 🫀 扫描心跳 第14轮开始
13:06:48 [INFO] 🫀 扫描心跳 第15轮开始
13:07:09 [INFO] 🫀 扫描心跳 第16轮开始
13:07:30 [INFO] 🫀 扫描心跳 第17轮开始
13:07:36 [INFO] 
📊 护城河防御面板 第17轮
──────────────────────────────────────────────────────────────────────
科创50ETF华夏(588000)    1.88      1.87    3.5%     多4/空29  停手:买卖都不够强
特变电工(600089)       23.33     23.54    3.3%     多46/空4  强可T     
中国巨石(600176)       54.60     54.57   11.4%    多15/空23  停手:买卖都不够强
双良节能(600481)        4.93      4.94    3.1%     多10/空0  停手:买卖都不够强
五洲新春(603667)       66.14     66.70    2.8%     多22/空4  停手:买卖都不够强
拓维信息(002261)       29.30     29.50    2.2%    多18/空14  停手:买卖都不够强
陕西斯瑞新材股份(688102)   40.90     41.55    6.5%     多44/空0  可T观察    
英维克(002837)        73.75     74.22    4.7%      多4/空4  停手:买卖都不够强
13:07:51 [INFO] 🫀 扫描心跳 第18轮开始
13:08:12 [INFO] 🫀 扫描心跳 第19轮开始
13:08:35 [INFO] 🫀 扫描心跳 第20轮开始
13:08:56 [INFO] 🫀 扫描心跳 第21轮开始
13:09:02 [INFO] 
📊 护城河防御面板 第21轮
──────────────────────────────────────────────────────────────────────
科创50ETF华夏(588000)    1.88      1.87    3.5%     多0/空33  停手:买卖都不够强
特变电工(600089)       23.31     23.53    3.4%     多52/空4  强可T     
中国巨石(600176)       54.37     54.56   11.4%     多20/空8  停手:买卖都不够强
双良节能(600481)        4.91      4.94    3.1%     多18/空4  停手:买卖都不够强
五洲新春(603667)       66.02     66.68    2.8%     多22/空4  停手:买卖都不够强
拓维信息(002261)       29.26     29.49    2.3%     多26/空4  停手:买卖都不够强
陕西斯瑞新材股份(688102)   41.21     41.54    6.5%     多20/空0  停手:买卖都不够强
英维克(002837)        73.82     74.21    4.7%      多4/空4  停手:买卖都不够强
13:09:17 [INFO] 🫀 扫描心跳 第22轮开始
13:09:38 [INFO] 🫀 扫描心跳 第23轮开始
13:09:59 [INFO] 🫀 扫描心跳 第24轮开始
13:10:20 [INFO] 🫀 扫描心跳 第25轮开始
13:10:26 [INFO] 
📊 护城河防御面板 第25轮
──────────────────────────────────────────────────────────────────────
科创50ETF华夏(588000)    1.88      1.87    3.5%     多0/空33  停手:买卖都不够强
特变电工(600089)       23.31     23.53    3.4%     多52/空4  强可T     
中国巨石(600176)       54.37     54.56   11.4%     多20/空8  停手:买卖都不够强
双良节能(600481)        4.91      4.94    3.1%     多18/空4  停手:买卖都不够强
五洲新春(603667)       66.02     66.68    2.8%     多22/空4  停手:买卖都不够强
拓维信息(002261)       29.26     29.49    2.3%     多26/空4  停手:买卖都不够强
陕西斯瑞新材股份(688102)   41.21     41.54    6.5%     多20/空0  停手:买卖都不够强
英维克(002837)        73.82     74.21    4.7%      多4/空4  停手:买卖都不够强
13:10:41 [INFO] 🫀 扫描心跳 第26轮开始
13:11:02 [INFO] 🫀 扫描心跳 第27轮开始
13:11:23 [INFO] 🫀 扫描心跳 第28轮开始
13:11:24 [INFO] ✅ 飞书消息已成功送达: 科创50ETF华夏(588000) SELL_HIGH - 加急通知已发送
13:11:26 [INFO] 🔔 已触发急促报警
13:11:48 [INFO] 🫀 扫描心跳 第29轮开始
13:11:54 [INFO] 
📊 护城河防御面板 第29轮
──────────────────────────────────────────────────────────────────────
科创50ETF华夏(588000)    1.89      1.87    3.5%     多4/空38  可T观察    
特变电工(600089)       23.30     23.52    3.6%     多52/空0  强可T     
中国巨石(600176)       54.55     54.55   11.4%     多56/空4  强可T     
双良节能(600481)        4.92      4.94    3.1%     多10/空0  停手:买卖都不够强
五洲新春(603667)       66.19     66.66    2.8%     多24/空0  停手:买卖都不够强
拓维信息(002261)       29.33     29.48    2.4%     多14/空0  停手:买卖都不够强
陕西斯瑞新材股份(688102)   41.29     41.53    6.5%     多8/空27  停手:买卖都不够强
英维克(002837)        74.28     74.21    4.7%     多4/空42  可T观察    
13:12:09 [INFO] 🫀 扫描心跳 第30轮开始
13:12:30 [INFO] 🫀 扫描心跳 第31轮开始
13:12:50 [INFO] 🫀 扫描心跳 第32轮开始
13:13:12 [INFO] 🫀 扫描心跳 第33轮开始
13:13:17 [INFO] 
📊 护城河防御面板 第33轮
──────────────────────────────────────────────────────────────────────
科创50ETF华夏(588000)    1.89      1.87    3.5%     多4/空38  可T观察    
特变电工(600089)       23.30     23.52    3.6%     多52/空0  强可T     
中国巨石(600176)       54.55     54.55   11.4%     多56/空4  强可T     
双良节能(600481)        4.92      4.94    3.1%     多10/空0  停手:买卖都不够强
五洲新春(603667)       66.19     66.66    2.8%     多24/空0  停手:买卖都不够强
拓维信息(002261)       29.33     29.48    2.4%     多14/空0  停手:买卖都不够强
陕西斯瑞新材股份(688102)   41.29     41.53    6.5%     多8/空27  停手:买卖都不够强
英维克(002837)        74.28     74.21    4.7%     多4/空42  可T观察    
13:13:32 [INFO] 🫀 扫描心跳 第34轮开始
13:13:53 [INFO] 🫀 扫描心跳 第35轮开始
13:14:14 [INFO] 🫀 扫描心跳 第36轮开始
13:14:35 [INFO] 🫀 扫描心跳 第37轮开始
13:14:42 [INFO] 
📊 护城河防御面板 第37轮
──────────────────────────────────────────────────────────────────────
科创50ETF华夏(588000)    1.89      1.87    3.8%     多4/空38  可T观察    
特变电工(600089)       23.33     23.51    3.6%     多14/空0  停手:买卖都不够强
中国巨石(600176)       54.60     54.56   11.4%     多4/空34  停手:买卖都不够强
双良节能(600481)        4.93      4.94    3.1%     多10/空0  停手:买卖都不够强
五洲新春(603667)       66.10     66.64    2.8%    多22/空10  停手:买卖都不够强
拓维信息(002261)       29.36     29.48    2.4%     多14/空0  停手:买卖都不够强
陕西斯瑞新材股份(688102)   41.46     41.53    6.5%     多8/空12  停手:买卖都不够强
英维克(002837)        74.18     74.21    4.7%     多8/空25  停手:买卖都不够强
13:14:57 [INFO] 🫀 扫描心跳 第38轮开始
13:15:18 [INFO] 🫀 扫描心跳 第39轮开始
13:15:39 [INFO] 🫀 扫描心跳 第40轮开始
13:16:00 [INFO] 🫀 扫描心跳 第41轮开始
13:16:06 [INFO] 
📊 护城河防御面板 第41轮
──────────────────────────────────────────────────────────────────────
科创50ETF华夏(588000)    1.89      1.87    3.8%     多4/空38  可T观察    
特变电工(600089)       23.33     23.51    3.6%     多14/空0  停手:买卖都不够强
中国巨石(600176)       54.60     54.56   11.4%     多4/空34  停手:买卖都不够强
双良节能(600481)        4.93      4.94    3.1%     多10/空0  停手:买卖都不够强
五洲新春(603667)       66.10     66.64    2.8%    多22/空10  停手:买卖都不够强
拓维信息(002261)       29.36     29.48    2.4%     多14/空0  停手:买卖都不够强
陕西斯瑞新材股份(688102)   41.46     41.53    6.5%     多8/空12  停手:买卖都不够强
英维克(002837)        74.18     74.21    4.7%     多8/空25  停手:买卖都不够强
13:16:21 [INFO] 🫀 扫描心跳 第42轮开始
13:16:42 [INFO] 🫀 扫描心跳 第43轮开始
13:17:03 [INFO] 🫀 扫描心跳 第44轮开始
13:17:23 [INFO] 🫀 扫描心跳 第45轮开始
13:17:30 [INFO] 
📊 护城河防御面板 第45轮
──────────────────────────────────────────────────────────────────────
科创50ETF华夏(588000)    1.89      1.87    3.8%     多4/空38  可T观察    
特变电工(600089)       23.33     23.51    3.6%     多14/空0  停手:买卖都不够强
中国巨石(600176)       54.60     54.56   11.4%     多4/空34  停手:买卖都不够强
双良节能(600481)        4.93      4.94    3.1%     多10/空0  停手:买卖都不够强
五洲新春(603667)       66.10     66.64    2.8%    多22/空10  停手:买卖都不够强
拓维信息(002261)       29.36     29.48    2.4%     多14/空0  停手:买卖都不够强
陕西斯瑞新材股份(688102)   41.46     41.53    6.5%     多8/空12  停手:买卖都不够强
英维克(002837)        74.18     74.21    4.7%     多8/空25  停手:买卖都不够强
13:25:09 [INFO] 已停止盯盘
13:25:41 [INFO] 早盘集合竞价结论：回避
市场评分：29.2 / 100 | 偏向：risk_off | 风险：risk_off
竞价：强0 / 弱0 / 缺0 | 均分 10.0
策略结论：主做600089(600089) | 观察暂无 | 关注600176(600176) | 回避002837(002837)
1. 主做：600089(600089)
2. 观察：暂无
3. 关注：600176(600176)
4. 回避：002837(002837)
执行顺序：先1后2，再3，最后4
升级条件：若 9:35 后上涨家数回到高于下跌家数，且市场评分回到 55 上方，再把关注升为观察。
开盘后跟踪：开盘后只看核心标的承接，不追高，等量能和情绪同时转强再说。
热门关注：安徽凤凰、纬达光电、万达轴承
13:25:41 [INFO] ✅ 集合竞价总览已推送飞书
13:25:42 [INFO] ✅ 集合竞价详细结果已推送飞书
13:25:44 [INFO] 🔔 已触发急促报警
13:25:44 [INFO] ========= 做T终极护城河防御版 (V1.8 确认型收敛版) 启动 =========
13:25:44 [INFO] 飞书推送: ✓ 已启用
13:25:44 [INFO] 飞书关键词: 做T猎手预警
13:25:44 [INFO] 飞书Webhook: https://open.feishu.cn/open-apis/bot/v2/hook/e8018470-e...
13:25:44 [INFO] ══════════════════════════════════════════════════════════════════════
13:25:44 [INFO] 【2026-06-12 加仓策略执行指南】
13:25:44 [INFO]   1️⃣ 中国巨石 600176 — ❌ 不追 (已涨5.62%, 资金不足)
13:25:44 [INFO]   2️⃣ 科创50ETF 588000 — ⚡ 分批加仓 (先加¥15,000)
13:25:44 [INFO]      └─ 第一批: ¥15,000 (约8,200份)
13:25:44 [INFO]      └─ 第二批: ¥15,000 (等待盘中回落)
13:25:44 [INFO]   3️⃣ 中信银行 601998 — ✅ 按计划加 (¥15,000, 约1,900股)
13:25:44 [INFO]   4️⃣ 特变电工 600089 — ⚡ 加仓 (¥25,000, 约1,090股)
13:25:44 [INFO] ══════════════════════════════════════════════════════════════════════
13:25:44 [INFO] 🔊 系统高级报警音效已成功【全自动挂载】！准备执行听声辨位！
13:25:45 [INFO] ✅ 启动自检飞书消息已成功送达
13:25:46 [INFO] 🔔 已触发急促报警
13:25:46 [INFO] ⏱ 采用顺序轮询模式：每轮扫描结束后再等待 15 秒（V1.8 确认型收敛）
13:25:46 [INFO] 🫀 扫描心跳 第1轮开始
13:25:48 [INFO] ✅ 飞书消息已成功送达: 科创50ETF华夏(588000) SELL_HIGH - 加急通知已发送
13:25:50 [INFO] 🔔 已触发急促报警
13:25:56 [INFO] 
📊 护城河防御面板 第1轮
──────────────────────────────────────────────────────────────────────
科创50ETF华夏(588000)    1.90      1.87    4.4%     多4/空46  强可T|SELL_HIGH
特变电工(600089)       23.35     23.49    3.6%    多12/空14  停手:买卖都不够强
中国巨石(600176)       54.60     54.56   11.4%     多0/空33  停手:买卖都不够强
双良节能(600481)        4.93      4.94    3.1%     多8/空14  停手:买卖都不够强
五洲新春(603667)       66.33     66.58    2.8%     多8/空27  停手:买卖都不够强
拓维信息(002261)       29.48     29.47    2.4%     多4/空42  可T观察    
陕西斯瑞新材股份(688102)   41.49     41.52    6.5%      多8/空0  停手:买卖都不够强
英维克(002837)        74.20     74.20    4.7%     多8/空10  停手:买卖都不够强
13:26:11 [INFO] 🫀 扫描心跳 第2轮开始
13:26:32 [INFO] 🫀 扫描心跳 第3轮开始
13:26:53 [INFO] 🫀 扫描心跳 第4轮开始
13:27:14 [INFO] 🫀 扫描心跳 第5轮开始
13:27:20 [INFO] 
📊 护城河防御面板 第5轮
──────────────────────────────────────────────────────────────────────
科创50ETF华夏(588000)    1.90      1.87    4.4%     多4/空38  可T观察    
特变电工(600089)       23.35     23.49    3.6%    多12/空14  停手:买卖都不够强
中国巨石(600176)       54.60     54.56   11.4%     多0/空33  停手:买卖都不够强
双良节能(600481)        4.93      4.94    3.1%     多8/空14  停手:买卖都不够强
五洲新春(603667)       66.33     66.58    2.8%     多8/空27  停手:买卖都不够强
拓维信息(002261)       29.48     29.47    2.4%     多4/空42  可T观察    
陕西斯瑞新材股份(688102)   41.49     41.52    6.5%      多8/空0  停手:买卖都不够强
英维克(002837)        74.20     74.20    4.7%     多8/空10  停手:买卖都不够强
13:27:35 [INFO] 🫀 扫描心跳 第6轮开始
13:27:55 [INFO] 🫀 扫描心跳 第7轮开始
13:28:16 [INFO] 🫀 扫描心跳 第8轮开始
13:28:37 [INFO] 🫀 扫描心跳 第9轮开始
13:28:43 [INFO] 
📊 护城河防御面板 第9轮
──────────────────────────────────────────────────────────────────────
科创50ETF华夏(588000)    1.90      1.87    4.4%     多4/空38  可T观察    
特变电工(600089)       23.35     23.49    3.6%    多12/空14  停手:买卖都不够强
中国巨石(600176)       54.60     54.56   11.4%     多0/空33  停手:买卖都不够强
双良节能(600481)        4.93      4.94    3.1%     多8/空14  停手:买卖都不够强
五洲新春(603667)       66.33     66.58    2.8%     多8/空27  停手:买卖都不够强
拓维信息(002261)       29.48     29.47    2.4%     多4/空42  可T观察    
陕西斯瑞新材股份(688102)   41.49     41.52    6.5%      多8/空0  停手:买卖都不够强
英维克(002837)        74.20     74.20    4.7%     多8/空10  停手:买卖都不够强
13:28:58 [INFO] 🫀 扫描心跳 第10轮开始
13:29:06 [INFO] ✅ 飞书消息已成功送达: 英维克(002837) SELL_HIGH - 加急通知已发送
13:29:07 [INFO] 🔔 已触发急促报警
13:29:22 [INFO] 🫀 扫描心跳 第11轮开始
13:29:43 [INFO] 🫀 扫描心跳 第12轮开始
13:30:04 [INFO] 🫀 扫描心跳 第13轮开始
13:30:10 [INFO] 
📊 护城河防御面板 第13轮
──────────────────────────────────────────────────────────────────────
科创50ETF华夏(588000)    1.91      1.87    4.6%     多4/空53  强可T     
特变电工(600089)       23.32     23.49    3.6%    多12/空14  停手:买卖都不够强
中国巨石(600176)       54.60     54.56   11.4%     多0/空33  停手:买卖都不够强
双良节能(600481)        4.98      4.94    3.1%     多4/空42  可T观察    
五洲新春(603667)       66.09     66.56    2.8%    多14/空14  停手:买卖都不够强
拓维信息(002261)       29.39     29.47    2.4%      多8/空4  停手:买卖都不够强
陕西斯瑞新材股份(688102)   41.48     41.51    6.5%      多8/空0  停手:买卖都不够强
英维克(002837)        74.40     74.20    4.7%     多4/空34  停手:买卖都不够强
13:30:25 [INFO] 🫀 扫描心跳 第14轮开始
13:30:45 [INFO] 🫀 扫描心跳 第15轮开始
13:31:06 [INFO] 🫀 扫描心跳 第16轮开始
13:31:27 [INFO] 🫀 扫描心跳 第17轮开始
13:31:33 [INFO] 
📊 护城河防御面板 第17轮
──────────────────────────────────────────────────────────────────────
科创50ETF华夏(588000)    1.91      1.87    4.6%     多4/空53  强可T     
特变电工(600089)       23.32     23.49    3.6%    多12/空14  停手:买卖都不够强
中国巨石(600176)       54.60     54.56   11.4%     多0/空33  停手:买卖都不够强
双良节能(600481)        4.98      4.94    3.1%     多4/空42  可T观察    
五洲新春(603667)       66.09     66.56    2.8%    多14/空14  停手:买卖都不够强
拓维信息(002261)       29.39     29.47    2.4%      多8/空4  停手:买卖都不够强
陕西斯瑞新材股份(688102)   41.48     41.51    6.5%      多8/空0  停手:买卖都不够强
英维克(002837)        74.40     74.20    4.7%     多4/空34  停手:买卖都不够强
13:31:48 [INFO] 🫀 扫描心跳 第18轮开始
13:32:09 [INFO] 🫀 扫描心跳 第19轮开始
13:32:13 [INFO] ✅ 飞书消息已成功送达: 双良节能(600481) SELL_HIGH - 加急通知已发送
13:32:15 [INFO] 🔔 已触发急促报警
13:32:34 [INFO] 🫀 扫描心跳 第20轮开始
13:32:54 [INFO] 🫀 扫描心跳 第21轮开始
13:33:00 [INFO] 
📊 护城河防御面板 第21轮
──────────────────────────────────────────────────────────────────────
科创50ETF华夏(588000)    1.91      1.88    5.0%     多4/空63  强可T     
特变电工(600089)       23.34     23.48    3.6%     多14/空0  停手:买卖都不够强
中国巨石(600176)       54.60     54.56   11.4%     多0/空33  停手:买卖都不够强
双良节能(600481)        5.09      4.95    4.3%     多4/空49  强可T     
五洲新春(603667)       66.35     66.55    2.8%     多8/空12  停手:买卖都不够强
拓维信息(002261)       29.42     29.47    2.4%      多8/空4  停手:买卖都不够强
陕西斯瑞新材股份(688102)   41.49     41.51    6.5%     多8/空10  停手:买卖都不够强
英维克(002837)        74.41     74.21    4.7%     多4/空34  停手:买卖都不够强
13:33:15 [INFO] 🫀 扫描心跳 第22轮开始
13:33:36 [INFO] 🫀 扫描心跳 第23轮开始
13:33:57 [INFO] 🫀 扫描心跳 第24轮开始
13:34:18 [INFO] 🫀 扫描心跳 第25轮开始
13:34:23 [INFO] 
📊 护城河防御面板 第25轮
──────────────────────────────────────────────────────────────────────
科创50ETF华夏(588000)    1.91      1.88    5.0%     多4/空63  强可T     
特变电工(600089)       23.34     23.48    3.6%     多14/空0  停手:买卖都不够强
中国巨石(600176)       54.60     54.56   11.4%     多0/空33  停手:买卖都不够强
双良节能(600481)        5.09      4.95    4.3%     多4/空49  强可T     
五洲新春(603667)       66.35     66.55    2.8%     多8/空12  停手:买卖都不够强
拓维信息(002261)       29.42     29.47    2.4%      多8/空4  停手:买卖都不够强
陕西斯瑞新材股份(688102)   41.49     41.51    6.5%     多8/空10  停手:买卖都不够强
英维克(002837)        74.41     74.21    4.7%     多4/空34  停手:买卖都不够强
13:34:38 [INFO] 🫀 扫描心跳 第26轮开始
13:34:59 [INFO] 🫀 扫描心跳 第27轮开始
13:35:20 [INFO] 🫀 扫描心跳 第28轮开始
13:35:43 [INFO] 🫀 扫描心跳 第29轮开始
13:35:48 [INFO] 
📊 护城河防御面板 第29轮
──────────────────────────────────────────────────────────────────────
科创50ETF华夏(588000)    1.92      1.88    5.3%     多4/空53  强可T     
特变电工(600089)       23.37     23.48    3.6%    多14/空12  停手:买卖都不够强
中国巨石(600176)       54.60     54.56   11.4%     多0/空23  停手:买卖都不够强
双良节能(600481)        5.06      4.95    4.3%     多0/空36  停手:高位但无明确优势
五洲新春(603667)       66.48     66.55    2.8%     多8/空27  停手:买卖都不够强
拓维信息(002261)       29.50     29.47    2.4%     多4/空27  停手:买卖都不够强
陕西斯瑞新材股份(688102)   41.58     41.52    6.5%     多4/空37  可T观察    
英维克(002837)        74.47     74.22    4.7%     多4/空19  停手:买卖都不够强
13:36:03 [INFO] 🫀 扫描心跳 第30轮开始
13:36:24 [INFO] 🫀 扫描心跳 第31轮开始
13:36:45 [INFO] 🫀 扫描心跳 第32轮开始
13:37:06 [INFO] 🫀 扫描心跳 第33轮开始
13:37:12 [INFO] 
📊 护城河防御面板 第33轮
──────────────────────────────────────────────────────────────────────
科创50ETF华夏(588000)    1.92      1.88    5.3%     多4/空53  强可T     
特变电工(600089)       23.37     23.48    3.6%    多14/空12  停手:买卖都不够强
中国巨石(600176)       54.60     54.56   11.4%     多0/空23  停手:买卖都不够强
双良节能(600481)        5.06      4.95    4.3%     多0/空36  停手:高位但无明确优势
五洲新春(603667)       66.48     66.55    2.8%     多8/空27  停手:买卖都不够强
拓维信息(002261)       29.50     29.47    2.4%     多4/空27  停手:买卖都不够强
陕西斯瑞新材股份(688102)   41.58     41.52    6.5%     多4/空37  可T观察    
英维克(002837)        74.47     74.22    4.7%     多4/空19  停手:买卖都不够强
13:37:27 [INFO] 🫀 扫描心跳 第34轮开始
13:37:47 [INFO] 🫀 扫描心跳 第35轮开始
13:38:08 [INFO] 🫀 扫描心跳 第36轮开始
13:38:29 [INFO] 🫀 扫描心跳 第37轮开始
13:38:36 [INFO] ✅ 飞书消息已成功送达: 陕西斯瑞新材股份(688102) SELL_HIGH - 加急通知已发送
13:38:38 [INFO] 🔔 已触发急促报警
13:38:39 [INFO] 
📊 护城河防御面板 第37轮
──────────────────────────────────────────────────────────────────────
科创50ETF华夏(588000)    1.92      1.88    5.5%     多4/空63  强可T     
特变电工(600089)       23.42     23.48    3.6%    多14/空27  停手:买卖都不够强
中国巨石(600176)       54.60     54.57   11.4%     多0/空23  停手:买卖都不够强
双良节能(600481)        5.04      4.95    4.3%    多12/空32  停手:买卖都不够强
五洲新春(603667)       66.34     66.55    2.8%     多4/空14  停手:买卖都不够强
拓维信息(002261)       29.56     29.47    2.4%     多4/空42  可T观察    
陕西斯瑞新材股份(688102)   42.60     41.53    7.3%     多4/空57  强可T|SELL_HIGH
英维克(002837)        74.38     74.22    4.7%     多0/空21  停手:买卖都不够强
13:38:54 [INFO] 🫀 扫描心跳 第38轮开始
13:39:15 [INFO] 🫀 扫描心跳 第39轮开始
13:39:35 [INFO] 🫀 扫描心跳 第40轮开始
13:39:56 [INFO] 🫀 扫描心跳 第41轮开始
13:40:02 [INFO] 
📊 护城河防御面板 第41轮
──────────────────────────────────────────────────────────────────────
科创50ETF华夏(588000)    1.92      1.88    5.5%     多4/空63  强可T     
特变电工(600089)       23.42     23.48    3.6%    多14/空27  停手:买卖都不够强
中国巨石(600176)       54.60     54.57   11.4%     多0/空23  停手:买卖都不够强
双良节能(600481)        5.04      4.95    4.3%    多12/空32  停手:买卖都不够强
五洲新春(603667)       66.34     66.55    2.8%     多4/空14  停手:买卖都不够强
拓维信息(002261)       29.56     29.47    2.4%     多4/空42  可T观察    
陕西斯瑞新材股份(688102)   42.60     41.53    7.3%     多4/空49  强可T     
英维克(002837)        74.38     74.22    4.7%     多0/空21  停手:买卖都不够强
13:40:17 [INFO] 🫀 扫描心跳 第42轮开始
13:40:38 [INFO] 🫀 扫描心跳 第43轮开始
13:40:59 [INFO] 🫀 扫描心跳 第44轮开始
13:41:20 [INFO] 🫀 扫描心跳 第45轮开始
13:41:25 [INFO] 
📊 护城河防御面板 第45轮
──────────────────────────────────────────────────────────────────────
科创50ETF华夏(588000)    1.92      1.88    5.5%     多4/空63  强可T     
特变电工(600089)       23.42     23.48    3.6%    多14/空27  停手:买卖都不够强
中国巨石(600176)       54.60     54.57   11.4%     多0/空23  停手:买卖都不够强
双良节能(600481)        5.04      4.95    4.3%    多12/空32  停手:买卖都不够强
五洲新春(603667)       66.34     66.55    2.8%     多4/空14  停手:买卖都不够强
拓维信息(002261)       29.56     29.47    2.4%     多4/空42  可T观察    
陕西斯瑞新材股份(688102)   42.60     41.53    7.3%     多4/空49  强可T     
英维克(002837)        74.38     74.22    4.7%     多0/空21  停手:买卖都不够强
13:41:40 [INFO] 🫀 扫描心跳 第46轮开始
13:42:03 [INFO] 🫀 扫描心跳 第47轮开始
13:42:23 [INFO] 🫀 扫描心跳 第48轮开始
13:42:44 [INFO] 🫀 扫描心跳 第49轮开始
13:42:50 [INFO] 
📊 护城河防御面板 第49轮
──────────────────────────────────────────────────────────────────────
科创50ETF华夏(588000)    1.93      1.88    6.0%     多0/空36  可T观察    
特变电工(600089)       23.41     23.47    3.6%    多12/空14  停手:买卖都不够强
中国巨石(600176)       54.60     54.57   11.4%     多0/空23  停手:买卖都不够强
双良节能(600481)        5.05      4.96    4.3%     多0/空22  停手:买卖都不够强
五洲新春(603667)       66.34     66.54    2.8%     多4/空14  停手:买卖都不够强
拓维信息(002261)       29.51     29.47    2.4%     多0/空29  停手:买卖都不够强
陕西斯瑞新材股份(688102)   42.34     41.56    7.0%     多0/空59  强可T     
英维克(002837)        74.21     74.22    4.7%    多12/空-4  停手:买卖都不够强
13:43:05 [INFO] 🫀 扫描心跳 第50轮开始
13:43:26 [INFO] 🫀 扫描心跳 第51轮开始
13:43:47 [INFO] 🫀 扫描心跳 第52轮开始
13:44:08 [INFO] 🫀 扫描心跳 第53轮开始
13:44:14 [INFO] 
📊 护城河防御面板 第53轮
──────────────────────────────────────────────────────────────────────
科创50ETF华夏(588000)    1.93      1.88    6.0%     多0/空36  可T观察    
特变电工(600089)       23.41     23.47    3.6%    多12/空14  停手:买卖都不够强
中国巨石(600176)       54.60     54.57   11.4%     多0/空23  停手:买卖都不够强
双良节能(600481)        5.05      4.96    4.3%     多0/空22  停手:买卖都不够强
五洲新春(603667)       66.34     66.54    2.8%     多4/空14  停手:买卖都不够强
拓维信息(002261)       29.51     29.47    2.4%     多0/空29  停手:买卖都不够强
陕西斯瑞新材股份(688102)   42.34     41.56    7.0%     多0/空59  强可T     
英维克(002837)        74.21     74.22    4.7%    多12/空-4  停手:买卖都不够强
13:44:29 [INFO] 🫀 扫描心跳 第54轮开始
13:44:49 [INFO] 🫀 扫描心跳 第55轮开始
13:45:11 [INFO] 🫀 扫描心跳 第56轮开始
13:45:32 [INFO] 🫀 扫描心跳 第57轮开始
13:45:38 [INFO] 
📊 护城河防御面板 第57轮
──────────────────────────────────────────────────────────────────────
科创50ETF华夏(588000)    1.92      1.88    6.0%     多0/空26  停手:买卖都不够强
特变电工(600089)       23.43     23.47    3.6%     多14/空0  停手:买卖都不够强
中国巨石(600176)       54.60     54.57   11.4%    多16/空23  停手:买卖都不够强
双良节能(600481)        5.04      4.96    4.3%     多0/空22  停手:买卖都不够强
五洲新春(603667)       66.23     66.53    2.8%      多4/空4  停手:买卖都不够强
拓维信息(002261)       29.50     29.47    2.4%    多12/空19  停手:买卖都不够强
陕西斯瑞新材股份(688102)   42.21     41.58    7.4%     多0/空36  停手:高位但无明确优势
英维克(002837)        74.31     74.22    4.7%     多20/空7  停手:买卖都不够强
13:45:53 [INFO] 🫀 扫描心跳 第58轮开始
13:46:14 [INFO] 🫀 扫描心跳 第59轮开始
13:46:35 [INFO] 🫀 扫描心跳 第60轮开始
13:46:56 [INFO] 🫀 扫描心跳 第61轮开始
13:47:01 [INFO] 
📊 护城河防御面板 第61轮
──────────────────────────────────────────────────────────────────────
科创50ETF华夏(588000)    1.92      1.88    6.0%     多0/空26  停手:买卖都不够强
特变电工(600089)       23.43     23.47    3.6%     多14/空0  停手:买卖都不够强
中国巨石(600176)       54.60     54.57   11.4%    多16/空23  停手:买卖都不够强
双良节能(600481)        5.04      4.96    4.3%     多0/空22  停手:买卖都不够强
五洲新春(603667)       66.23     66.53    2.8%      多4/空4  停手:买卖都不够强
拓维信息(002261)       29.50     29.47    2.4%    多12/空19  停手:买卖都不够强
陕西斯瑞新材股份(688102)   42.21     41.58    7.4%     多0/空36  停手:高位但无明确优势
英维克(002837)        74.31     74.22    4.7%     多20/空7  停手:买卖都不够强
13:47:16 [INFO] 🫀 扫描心跳 第62轮开始
13:47:37 [INFO] 🫀 扫描心跳 第63轮开始
13:47:58 [INFO] 🫀 扫描心跳 第64轮开始
13:48:21 [INFO] 🫀 扫描心跳 第65轮开始
13:48:27 [INFO] 
📊 护城河防御面板 第65轮
──────────────────────────────────────────────────────────────────────
科创50ETF华夏(588000)    1.92      1.88    6.0%     多0/空30  停手:买卖都不够强
特变电工(600089)       23.41     23.47    3.6%    多12/空14  停手:买卖都不够强
中国巨石(600176)       54.60     54.57   11.4%    多16/空23  停手:买卖都不够强
双良节能(600481)        5.01      4.96    4.3%    多12/空26  停手:买卖都不够强
五洲新春(603667)       66.17     66.52    2.8%     多40/空4  可T观察    
拓维信息(002261)       29.42     29.47    2.4%     多14/空4  停手:买卖都不够强
陕西斯瑞新材股份(688102)   42.11     41.60    7.4%    多12/空22  停手:买卖都不够强
英维克(002837)        74.27     74.22    4.7%     多20/空7  停手:买卖都不够强
13:48:42 [INFO] 🫀 扫描心跳 第66轮开始
13:49:02 [INFO] 🫀 扫描心跳 第67轮开始
13:49:23 [INFO] 🫀 扫描心跳 第68轮开始
13:49:44 [INFO] 🫀 扫描心跳 第69轮开始
13:49:50 [INFO] 
📊 护城河防御面板 第69轮
──────────────────────────────────────────────────────────────────────
科创50ETF华夏(588000)    1.92      1.88    6.0%     多0/空30  停手:买卖都不够强
特变电工(600089)       23.41     23.47    3.6%    多12/空14  停手:买卖都不够强
中国巨石(600176)       54.60     54.57   11.4%    多16/空23  停手:买卖都不够强
双良节能(600481)        5.01      4.96    4.3%    多12/空26  停手:买卖都不够强
五洲新春(603667)       66.17     66.52    2.8%     多40/空4  可T观察    
拓维信息(002261)       29.42     29.47    2.4%     多14/空4  停手:买卖都不够强
陕西斯瑞新材股份(688102)   42.11     41.60    7.4%    多12/空22  停手:买卖都不够强
英维克(002837)        74.27     74.22    4.7%     多20/空7  停手:买卖都不够强
13:50:05 [INFO] 🫀 扫描心跳 第70轮开始
13:50:26 [INFO] 🫀 扫描心跳 第71轮开始
13:50:46 [INFO] 🫀 扫描心跳 第72轮开始
13:51:07 [INFO] 🫀 扫描心跳 第73轮开始
13:51:14 [INFO] 
📊 护城河防御面板 第73轮
──────────────────────────────────────────────────────────────────────
科创50ETF华夏(588000)    1.92      1.88    6.0%    多20/空26  停手:买卖都不够强
特变电工(600089)       23.39     23.47    3.6%     多18/空4  停手:买卖都不够强
中国巨石(600176)       54.60     54.57   11.4%    多16/空23  停手:买卖都不够强
双良节能(600481)        5.02      4.96    4.3%    多16/空26  停手:买卖都不够强
五洲新春(603667)       66.20     66.51    2.8%     多24/空4  停手:买卖都不够强
拓维信息(002261)       29.45     29.47    2.4%     多36/空0  可T观察    
陕西斯瑞新材股份(688102)   42.02     41.61    7.4%    多12/空22  停手:买卖都不够强
英维克(002837)        74.62     74.23    4.7%     多4/空34  停手:买卖都不够强
13:51:29 [INFO] 🫀 扫描心跳 第74轮开始
13:51:50 [INFO] 🫀 扫描心跳 第75轮开始
13:52:11 [INFO] 🫀 扫描心跳 第76轮开始
13:52:32 [INFO] 🫀 扫描心跳 第77轮开始
13:52:38 [INFO] 
📊 护城河防御面板 第77轮
──────────────────────────────────────────────────────────────────────
科创50ETF华夏(588000)    1.92      1.88    6.0%    多20/空26  停手:买卖都不够强
特变电工(600089)       23.39     23.47    3.6%     多18/空4  停手:买卖都不够强
中国巨石(600176)       54.60     54.57   11.4%    多16/空23  停手:买卖都不够强
双良节能(600481)        5.02      4.96    4.3%    多16/空26  停手:买卖都不够强
五洲新春(603667)       66.20     66.51    2.8%     多24/空4  停手:买卖都不够强
拓维信息(002261)       29.45     29.47    2.4%     多36/空0  可T观察    
陕西斯瑞新材股份(688102)   42.02     41.61    7.4%    多12/空22  停手:买卖都不够强
英维克(002837)        74.62     74.23    4.7%     多4/空34  停手:买卖都不够强
13:52:53 [INFO] 🫀 扫描心跳 第78轮开始
13:53:13 [INFO] 🫀 扫描心跳 第79轮开始
13:53:34 [INFO] 🫀 扫描心跳 第80轮开始
13:53:55 [INFO] 🫀 扫描心跳 第81轮开始
13:54:01 [INFO] 
📊 护城河防御面板 第81轮
──────────────────────────────────────────────────────────────────────
科创50ETF华夏(588000)    1.92      1.88    6.0%    多20/空26  停手:买卖都不够强
特变电工(600089)       23.39     23.47    3.6%     多18/空4  停手:买卖都不够强
中国巨石(600176)       54.60     54.57   11.4%    多16/空23  停手:买卖都不够强
双良节能(600481)        5.02      4.96    4.3%    多16/空26  停手:买卖都不够强
五洲新春(603667)       66.20     66.51    2.8%     多24/空4  停手:买卖都不够强
拓维信息(002261)       29.45     29.47    2.4%     多36/空0  可T观察    
陕西斯瑞新材股份(688102)   42.02     41.61    7.4%    多12/空22  停手:买卖都不够强
英维克(002837)        74.62     74.23    4.7%     多4/空34  停手:买卖都不够强
13:54:16 [INFO] 🫀 扫描心跳 第82轮开始
13:54:38 [INFO] 🫀 扫描心跳 第83轮开始
13:54:59 [INFO] 🫀 扫描心跳 第84轮开始
13:55:20 [INFO] 🫀 扫描心跳 第85轮开始
13:55:26 [INFO] 
📊 护城河防御面板 第85轮
──────────────────────────────────────────────────────────────────────
科创50ETF华夏(588000)    1.92      1.89    6.0%     多0/空26  停手:买卖都不够强
特变电工(600089)       23.33     23.46    3.6%     多26/空4  停手:买卖都不够强
中国巨石(600176)       54.60     54.57   11.4%    多16/空23  停手:买卖都不够强
双良节能(600481)        5.01      4.97    4.3%     多8/空26  停手:买卖都不够强
五洲新春(603667)       66.15     66.50    2.8%     多14/空4  停手:买卖都不够强
拓维信息(002261)       29.38     29.47    2.4%     多18/空4  停手:买卖都不够强
陕西斯瑞新材股份(688102)   41.90     41.62    7.4%    多16/空11  停手:买卖都不够强
英维克(002837)        74.40     74.24    4.7%     多0/空21  停手:买卖都不够强
13:55:41 [INFO] 🫀 扫描心跳 第86轮开始
13:56:05 [INFO] 🫀 扫描心跳 第87轮开始
13:56:26 [INFO] 🫀 扫描心跳 第88轮开始
13:56:47 [INFO] 🫀 扫描心跳 第89轮开始
13:56:53 [INFO] 
📊 护城河防御面板 第89轮
──────────────────────────────────────────────────────────────────────
科创50ETF华夏(588000)    1.92      1.89    6.0%     多0/空26  停手:买卖都不够强
特变电工(600089)       23.33     23.46    3.6%     多26/空4  停手:买卖都不够强
中国巨石(600176)       54.60     54.57   11.4%    多16/空23  停手:买卖都不够强
双良节能(600481)        5.01      4.97    4.3%     多8/空26  停手:买卖都不够强
五洲新春(603667)       66.15     66.50    2.8%     多14/空4  停手:买卖都不够强
拓维信息(002261)       29.38     29.47    2.4%     多18/空4  停手:买卖都不够强
陕西斯瑞新材股份(688102)   41.90     41.62    7.4%    多16/空11  停手:买卖都不够强
英维克(002837)        74.40     74.24    4.7%     多0/空21  停手:买卖都不够强
13:57:08 [INFO] 🫀 扫描心跳 第90轮开始
13:57:28 [INFO] 🫀 扫描心跳 第91轮开始
13:57:51 [INFO] 🫀 扫描心跳 第92轮开始
13:58:11 [INFO] 🫀 扫描心跳 第93轮开始
13:58:17 [INFO] 
📊 护城河防御面板 第93轮
──────────────────────────────────────────────────────────────────────
科创50ETF华夏(588000)    1.92      1.89    6.0%    多30/空26  可T观察    
特变电工(600089)       23.31     23.46    3.6%     多52/空4  强可T     
中国巨石(600176)       54.60     54.57   11.4%    多16/空23  停手:买卖都不够强
双良节能(600481)        5.01      4.97    4.3%    多16/空26  停手:买卖都不够强
五洲新春(603667)       66.11     66.49    2.8%     多44/空0  可T观察    
拓维信息(002261)       29.36     29.46    2.4%     多44/空4  可T观察    
陕西斯瑞新材股份(688102)   41.75     41.62    7.4%    多18/空11  停手:买卖都不够强
英维克(002837)        74.40     74.24    4.7%    多12/空21  停手:买卖都不够强
13:58:32 [INFO] 🫀 扫描心跳 第94轮开始
13:58:53 [INFO] 🫀 扫描心跳 第95轮开始
13:59:14 [INFO] 🫀 扫描心跳 第96轮开始
13:59:35 [INFO] 🫀 扫描心跳 第97轮开始
13:59:41 [INFO] 
📊 护城河防御面板 第97轮
──────────────────────────────────────────────────────────────────────
科创50ETF华夏(588000)    1.92      1.89    6.0%    多30/空26  可T观察    
特变电工(600089)       23.31     23.46    3.6%     多52/空4  强可T     
中国巨石(600176)       54.60     54.57   11.4%    多16/空23  停手:买卖都不够强
双良节能(600481)        5.01      4.97    4.3%    多16/空26  停手:买卖都不够强
五洲新春(603667)       66.11     66.49    2.8%     多44/空0  可T观察    
拓维信息(002261)       29.36     29.46    2.4%     多44/空4  可T观察    
陕西斯瑞新材股份(688102)   41.75     41.62    7.4%    多18/空11  停手:买卖都不够强
英维克(002837)        74.40     74.24    4.7%    多12/空21  停手:买卖都不够强
13:59:56 [INFO] 🫀 扫描心跳 第98轮开始
14:00:16 [INFO] 🫀 扫描心跳 第99轮开始
14:00:37 [INFO] 🫀 扫描心跳 第100轮开始
14:01:00 [INFO] 🫀 扫描心跳 第101轮开始
14:01:05 [INFO] 
📊 护城河防御面板 第101轮
──────────────────────────────────────────────────────────────────────
科创50ETF华夏(588000)    1.92      1.89    6.0%    多31/空56  强可T     
特变电工(600089)       23.32     23.46    3.6%    多45/空15  强可T     
中国巨石(600176)       54.60     54.57   11.4%    多33/空38  停手:震荡贴均且分差不大
双良节能(600481)        5.02      4.97    4.3%    多37/空37  可T观察    
五洲新春(603667)       66.32     66.48    2.8%    多23/空27  停手:买卖都不够强
拓维信息(002261)       29.42     29.46    2.4%    多41/空15  可T观察    
陕西斯瑞新材股份(688102)   42.07     41.63    7.4%    多34/空52  强可T     
英维克(002837)        74.60     74.25    4.7%    多19/空49  强可T     
14:01:20 [INFO] 🫀 扫描心跳 第102轮开始
14:01:41 [INFO] 🫀 扫描心跳 第103轮开始
14:02:02 [INFO] 🫀 扫描心跳 第104轮开始
14:02:23 [INFO] 🫀 扫描心跳 第105轮开始
14:02:28 [INFO] 
📊 护城河防御面板 第105轮
──────────────────────────────────────────────────────────────────────
科创50ETF华夏(588000)    1.92      1.89    6.0%    多31/空56  强可T     
特变电工(600089)       23.32     23.46    3.6%    多45/空15  强可T     
中国巨石(600176)       54.60     54.57   11.4%    多33/空38  停手:震荡贴均且分差不大
双良节能(600481)        5.02      4.97    4.3%    多37/空37  可T观察    
五洲新春(603667)       66.32     66.48    2.8%    多23/空27  停手:买卖都不够强
拓维信息(002261)       29.42     29.46    2.4%    多41/空15  可T观察    
陕西斯瑞新材股份(688102)   42.07     41.63    7.4%    多34/空52  强可T     
英维克(002837)        74.60     74.25    4.7%    多19/空49  强可T     
14:02:43 [INFO] 🫀 扫描心跳 第106轮开始
14:03:04 [INFO] 🫀 扫描心跳 第107轮开始
14:03:25 [INFO] 🫀 扫描心跳 第108轮开始
14:03:46 [INFO] 🫀 扫描心跳 第109轮开始
14:03:53 [INFO] 
📊 护城河防御面板 第109轮
──────────────────────────────────────────────────────────────────────
科创50ETF华夏(588000)    1.93      1.89    6.0%    多31/空53  强可T     
特变电工(600089)       23.31     23.45    3.6%    多51/空19  强可T     
中国巨石(600176)       54.60     54.57   11.4%    多33/空38  停手:震荡贴均且分差不大
双良节能(600481)        5.08      4.97    4.3%    多19/空49  强可T     
五洲新春(603667)       66.21     66.48    2.8%    多23/空29  停手:买卖都不够强
拓维信息(002261)       29.39     29.46    2.4%    多41/空15  可T观察    
陕西斯瑞新材股份(688102)   41.96     41.64    7.4%    多30/空26  可T观察    
英维克(002837)        74.30     74.25    4.7%    多15/空26  停手:买卖都不够强
14:04:08 [INFO] 🫀 扫描心跳 第110轮开始
14:04:29 [INFO] 🫀 扫描心跳 第111轮开始
14:04:50 [INFO] 🫀 扫描心跳 第112轮开始
14:05:11 [INFO] 🫀 扫描心跳 第113轮开始
14:05:17 [INFO] 
📊 护城河防御面板 第113轮
──────────────────────────────────────────────────────────────────────
科创50ETF华夏(588000)    1.93      1.89    6.0%    多31/空53  强可T     
特变电工(600089)       23.31     23.45    3.6%    多51/空19  强可T     
中国巨石(600176)       54.60     54.57   11.4%    多33/空38  停手:震荡贴均且分差不大
双良节能(600481)        5.08      4.97    4.3%    多19/空49  强可T     
五洲新春(603667)       66.21     66.48    2.8%    多23/空29  停手:买卖都不够强
拓维信息(002261)       29.39     29.46    2.4%    多41/空15  可T观察    
陕西斯瑞新材股份(688102)   41.96     41.64    7.4%    多30/空26  可T观察    
英维克(002837)        74.30     74.25    4.7%    多15/空26  停手:买卖都不够强
14:05:32 [INFO] 🫀 扫描心跳 第114轮开始
14:05:53 [INFO] 🫀 扫描心跳 第115轮开始
14:06:13 [INFO] 🫀 扫描心跳 第116轮开始
14:06:34 [INFO] 🫀 扫描心跳 第117轮开始
14:06:40 [INFO] 
📊 护城河防御面板 第117轮
──────────────────────────────────────────────────────────────────────
科创50ETF华夏(588000)    1.93      1.89    6.0%    多31/空53  强可T     
特变电工(600089)       23.31     23.45    3.6%    多51/空19  强可T     
中国巨石(600176)       54.60     54.57   11.4%    多33/空38  停手:震荡贴均且分差不大
双良节能(600481)        5.08      4.97    4.3%    多19/空49  强可T     
五洲新春(603667)       66.21     66.48    2.8%    多23/空29  停手:买卖都不够强
拓维信息(002261)       29.39     29.46    2.4%    多41/空15  可T观察    
陕西斯瑞新材股份(688102)   41.96     41.64    7.4%    多30/空26  可T观察    
英维克(002837)        74.30     74.25    4.7%    多15/空26  停手:买卖都不够强
14:06:55 [INFO] 🫀 扫描心跳 第118轮开始
14:07:18 [INFO] 🫀 扫描心跳 第119轮开始
14:07:39 [INFO] 🫀 扫描心跳 第120轮开始
14:08:00 [INFO] 🫀 扫描心跳 第121轮开始
14:08:05 [INFO] 
📊 护城河防御面板 第121轮
──────────────────────────────────────────────────────────────────────
科创50ETF华夏(588000)    1.92      1.89    6.0%    多15/空45  强可T     
特变电工(600089)       23.34     23.45    3.6%    多29/空15  可T观察    
中国巨石(600176)       54.60     54.57   11.4%    多33/空38  停手:震荡贴均且分差不大
双良节能(600481)        5.06      4.98    4.3%    多15/空51  强可T     
五洲新春(603667)       66.11     66.47    2.8%    多37/空19  可T观察    
拓维信息(002261)       29.40     29.46    2.4%    多25/空15  停手:买卖都不够强
陕西斯瑞新材股份(688102)   41.93     41.65    7.4%    多27/空26  停手:买卖都不够强
英维克(002837)        74.10     74.25    4.7%    多37/空11  可T观察    
14:08:20 [INFO] 🫀 扫描心跳 第122轮开始
14:08:41 [INFO] 🫀 扫描心跳 第123轮开始
14:09:02 [INFO] 🫀 扫描心跳 第124轮开始
14:09:23 [INFO] 🫀 扫描心跳 第125轮开始
14:09:29 [INFO] 
📊 护城河防御面板 第125轮
──────────────────────────────────────────────────────────────────────
科创50ETF华夏(588000)    1.92      1.89    6.0%    多15/空45  强可T     
特变电工(600089)       23.34     23.45    3.6%    多29/空15  可T观察    
中国巨石(600176)       54.60     54.57   11.4%    多33/空38  停手:震荡贴均且分差不大
双良节能(600481)        5.06      4.98    4.3%    多15/空51  强可T     
五洲新春(603667)       66.11     66.47    2.8%    多37/空19  可T观察    
拓维信息(002261)       29.40     29.46    2.4%    多25/空15  停手:买卖都不够强
陕西斯瑞新材股份(688102)   41.93     41.65    7.4%    多27/空26  停手:买卖都不够强
英维克(002837)        74.10     74.25    4.7%    多37/空11  可T观察    
14:09:44 [INFO] 🫀 扫描心跳 第126轮开始
14:10:05 [INFO] 🫀 扫描心跳 第127轮开始
14:10:27 [INFO] 🫀 扫描心跳 第128轮开始
14:10:48 [INFO] 🫀 扫描心跳 第129轮开始
14:10:54 [INFO] 
📊 护城河防御面板 第129轮
──────────────────────────────────────────────────────────────────────
科创50ETF华夏(588000)    1.92      1.89    6.0%    多34/空41  可T观察    
特变电工(600089)       23.37     23.45    3.6%    多29/空15  可T观察    
中国巨石(600176)       54.60     54.57   11.4%    多30/空38  停手:震荡贴均且分差不大
双良节能(600481)        5.06      4.98    4.3%    多15/空51  强可T     
五洲新春(603667)       66.12     66.46    2.8%    多37/空19  可T观察    
拓维信息(002261)       29.42     29.46    2.4%    多25/空25  停手:买卖都不够强
陕西斯瑞新材股份(688102)   41.82     41.65    7.4%    多45/空26  强可T     
英维克(002837)        74.19     74.25    4.7%     多43/空7  可T观察    
14:11:09 [INFO] 🫀 扫描心跳 第130轮开始
14:11:30 [INFO] 🫀 扫描心跳 第131轮开始
14:11:51 [INFO] 🫀 扫描心跳 第132轮开始
14:12:12 [INFO] 🫀 扫描心跳 第133轮开始
14:12:18 [INFO] 
📊 护城河防御面板 第133轮
──────────────────────────────────────────────────────────────────────
科创50ETF华夏(588000)    1.92      1.89    6.0%    多34/空41  可T观察    
特变电工(600089)       23.37     23.45    3.6%    多29/空15  可T观察    
中国巨石(600176)       54.60     54.57   11.4%    多30/空38  停手:震荡贴均且分差不大
双良节能(600481)        5.06      4.98    4.3%    多15/空51  强可T     
五洲新春(603667)       66.12     66.46    2.8%    多37/空19  可T观察    
拓维信息(002261)       29.42     29.46    2.4%    多25/空25  停手:买卖都不够强
陕西斯瑞新材股份(688102)   41.82     41.65    7.4%    多45/空26  强可T     
英维克(002837)        74.19     74.25    4.7%     多43/空7  可T观察    
14:12:33 [INFO] 🫀 扫描心跳 第134轮开始
14:12:54 [INFO] 🫀 扫描心跳 第135轮开始
14:13:15 [INFO] 🫀 扫描心跳 第136轮开始
14:13:37 [INFO] 🫀 扫描心跳 第137轮开始
14:13:43 [INFO] 
📊 护城河防御面板 第137轮
──────────────────────────────────────────────────────────────────────
科创50ETF华夏(588000)    1.92      1.89    6.0%    多15/空41  可T观察    
特变电工(600089)       23.32     23.44    3.6%    多27/空19  停手:买卖都不够强
中国巨石(600176)       54.60     54.57   11.4%    多30/空38  停手:震荡贴均且分差不大
双良节能(600481)        5.04      4.98    4.3%    多27/空41  可T观察    
五洲新春(603667)       66.16     66.45    2.8%    多41/空15  可T观察    
拓维信息(002261)       29.39     29.46    2.4%    多25/空15  停手:买卖都不够强
陕西斯瑞新材股份(688102)   41.80     41.66    7.4%    多30/空26  可T观察    
英维克(002837)        74.13     74.25    4.7%    多39/空11  可T观察    
14:13:58 [INFO] 🫀 扫描心跳 第138轮开始
14:14:19 [INFO] 🫀 扫描心跳 第139轮开始
14:14:40 [INFO] 🫀 扫描心跳 第140轮开始
14:15:01 [INFO] 🫀 扫描心跳 第141轮开始
14:15:06 [INFO] 
📊 护城河防御面板 第141轮
──────────────────────────────────────────────────────────────────────
科创50ETF华夏(588000)    1.92      1.89    6.0%    多15/空41  可T观察    
特变电工(600089)       23.32     23.44    3.6%    多27/空19  停手:买卖都不够强
中国巨石(600176)       54.60     54.57   11.4%    多30/空38  停手:震荡贴均且分差不大
双良节能(600481)        5.04      4.98    4.3%    多27/空41  可T观察    
五洲新春(603667)       66.16     66.45    2.8%    多41/空15  可T观察    
拓维信息(002261)       29.39     29.46    2.4%    多25/空15  停手:买卖都不够强
陕西斯瑞新材股份(688102)   41.80     41.66    7.4%    多30/空26  可T观察    
英维克(002837)        74.13     74.25    4.7%    多39/空11  可T观察    
14:15:21 [INFO] 🫀 扫描心跳 第142轮开始
14:15:42 [INFO] 🫀 扫描心跳 第143轮开始
14:16:03 [INFO] 🫀 扫描心跳 第144轮开始
14:16:24 [INFO] 🫀 扫描心跳 第145轮开始
14:16:31 [INFO] 
📊 护城河防御面板 第145轮
──────────────────────────────────────────────────────────────────────
科创50ETF华夏(588000)    1.92      1.89    6.0%    多31/空41  可T观察    
特变电工(600089)       23.33     23.44    3.6%    多42/空15  可T观察    
中国巨石(600176)       54.60     54.58   11.4%    多30/空38  停手:震荡贴均且分差不大
双良节能(600481)        5.04      4.98    4.3%    多27/空41  可T观察    
五洲新春(603667)       66.33     66.45    2.8%    多23/空27  停手:买卖都不够强
拓维信息(002261)       29.43     29.45    2.4%    多25/空15  停手:买卖都不够强
陕西斯瑞新材股份(688102)   41.85     41.66    7.4%    多37/空22  可T观察    
英维克(002837)        74.18     74.24    4.7%     多39/空7  可T观察    
14:16:46 [INFO] 🫀 扫描心跳 第146轮开始
14:17:08 [INFO] 🫀 扫描心跳 第147轮开始
14:17:29 [INFO] 🫀 扫描心跳 第148轮开始
14:17:50 [INFO] 🫀 扫描心跳 第149轮开始
14:17:56 [INFO] 
📊 护城河防御面板 第149轮
──────────────────────────────────────────────────────────────────────
科创50ETF华夏(588000)    1.92      1.89    6.0%    多31/空41  可T观察    
特变电工(600089)       23.33     23.44    3.6%    多42/空15  可T观察    
中国巨石(600176)       54.60     54.58   11.4%    多30/空38  停手:震荡贴均且分差不大
双良节能(600481)        5.04      4.98    4.3%    多27/空41  可T观察    
五洲新春(603667)       66.33     66.45    2.8%    多23/空27  停手:买卖都不够强
拓维信息(002261)       29.43     29.45    2.4%    多25/空15  停手:买卖都不够强
陕西斯瑞新材股份(688102)   41.85     41.66    7.4%    多37/空22  可T观察    
英维克(002837)        74.18     74.24    4.7%     多39/空7  可T观察    
14:18:11 [INFO] 🫀 扫描心跳 第150轮开始
14:18:32 [INFO] 🫀 扫描心跳 第151轮开始
14:18:53 [INFO] 🫀 扫描心跳 第152轮开始
14:19:13 [INFO] 🫀 扫描心跳 第153轮开始
14:19:19 [INFO] 
📊 护城河防御面板 第153轮
──────────────────────────────────────────────────────────────────────
科创50ETF华夏(588000)    1.92      1.89    6.0%    多31/空41  可T观察    
特变电工(600089)       23.33     23.44    3.6%    多42/空15  可T观察    
中国巨石(600176)       54.60     54.58   11.4%    多30/空38  停手:震荡贴均且分差不大
双良节能(600481)        5.04      4.98    4.3%    多27/空41  可T观察    
五洲新春(603667)       66.33     66.45    2.8%    多23/空27  停手:买卖都不够强
拓维信息(002261)       29.43     29.45    2.4%    多25/空15  停手:买卖都不够强
陕西斯瑞新材股份(688102)   41.85     41.66    7.4%    多37/空22  可T观察    
英维克(002837)        74.18     74.24    4.7%     多39/空7  可T观察    
14:19:34 [INFO] 🫀 扫描心跳 第154轮开始
14:19:57 [INFO] 🫀 扫描心跳 第155轮开始
14:20:17 [INFO] 🫀 扫描心跳 第156轮开始
14:20:38 [INFO] 🫀 扫描心跳 第157轮开始
14:20:44 [INFO] 
📊 护城河防御面板 第157轮
──────────────────────────────────────────────────────────────────────
科创50ETF华夏(588000)    1.92      1.89    6.0%    多15/空41  可T观察    
特变电工(600089)       23.33     23.44    3.6%    多29/空25  可T观察    
中国巨石(600176)       54.60     54.58   11.4%    多30/空38  停手:震荡贴均且分差不大
双良节能(600481)        5.05      4.98    4.3%    多37/空37  可T观察    
五洲新春(603667)       66.10     66.44    2.8%    多23/空29  停手:买卖都不够强
拓维信息(002261)       29.44     29.45    2.4%    多23/空29  停手:买卖都不够强
陕西斯瑞新材股份(688102)   41.92     41.67    7.4%    多19/空22  停手:买卖都不够强
英维克(002837)        74.16     74.24    4.7%    多19/空21  停手:买卖都不够强
14:20:59 [INFO] 🫀 扫描心跳 第158轮开始
14:21:20 [INFO] 🫀 扫描心跳 第159轮开始
14:21:41 [INFO] 🫀 扫描心跳 第160轮开始
14:22:02 [INFO] 🫀 扫描心跳 第161轮开始
14:22:08 [INFO] 
📊 护城河防御面板 第161轮
──────────────────────────────────────────────────────────────────────
科创50ETF华夏(588000)    1.92      1.89    6.0%    多15/空41  可T观察    
特变电工(600089)       23.33     23.44    3.6%    多29/空25  可T观察    
中国巨石(600176)       54.60     54.58   11.4%    多30/空38  停手:震荡贴均且分差不大
双良节能(600481)        5.05      4.98    4.3%    多37/空37  可T观察    
五洲新春(603667)       66.10     66.44    2.8%    多23/空29  停手:买卖都不够强
拓维信息(002261)       29.44     29.45    2.4%    多23/空29  停手:买卖都不够强
陕西斯瑞新材股份(688102)   41.92     41.67    7.4%    多19/空22  停手:买卖都不够强
英维克(002837)        74.16     74.24    4.7%    多19/空21  停手:买卖都不够强
14:22:23 [INFO] 🫀 扫描心跳 第162轮开始
14:22:44 [INFO] 🫀 扫描心跳 第163轮开始
14:23:06 [INFO] 🫀 扫描心跳 第164轮开始
14:23:27 [INFO] 🫀 扫描心跳 第165轮开始
14:23:33 [INFO] 
📊 护城河防御面板 第165轮
──────────────────────────────────────────────────────────────────────
科创50ETF华夏(588000)    1.92      1.89    6.0%    多15/空41  可T观察    
特变电工(600089)       23.33     23.44    3.6%    多27/空29  停手:买卖都不够强
中国巨石(600176)       54.60     54.58   11.4%    多30/空38  停手:震荡贴均且分差不大
双良节能(600481)        5.04      4.99    4.3%    多33/空41  可T观察    
五洲新春(603667)       66.17     66.43    2.8%    多23/空29  停手:买卖都不够强
拓维信息(002261)       29.43     29.45    2.4%    多23/空29  停手:买卖都不够强
陕西斯瑞新材股份(688102)   41.92     41.67    7.4%    多19/空22  停手:买卖都不够强
英维克(002837)        74.11     74.24    4.7%    多19/空11  停手:买卖都不够强
14:23:48 [INFO] 🫀 扫描心跳 第166轮开始
14:24:09 [INFO] 🫀 扫描心跳 第167轮开始
14:24:30 [INFO] 🫀 扫描心跳 第168轮开始
14:24:51 [INFO] 🫀 扫描心跳 第169轮开始
14:24:56 [INFO] 
📊 护城河防御面板 第169轮
──────────────────────────────────────────────────────────────────────
科创50ETF华夏(588000)    1.92      1.89    6.0%    多15/空41  可T观察    
特变电工(600089)       23.33     23.44    3.6%    多27/空29  停手:买卖都不够强
中国巨石(600176)       54.60     54.58   11.4%    多30/空38  停手:震荡贴均且分差不大
双良节能(600481)        5.04      4.99    4.3%    多33/空41  可T观察    
五洲新春(603667)       66.17     66.43    2.8%    多23/空29  停手:买卖都不够强
拓维信息(002261)       29.43     29.45    2.4%    多23/空29  停手:买卖都不够强
陕西斯瑞新材股份(688102)   41.92     41.67    7.4%    多19/空22  停手:买卖都不够强
英维克(002837)        74.11     74.24    4.7%    多19/空11  停手:买卖都不够强
14:25:11 [INFO] 🫀 扫描心跳 第170轮开始
14:25:32 [INFO] 🫀 扫描心跳 第171轮开始
14:25:53 [INFO] 🫀 扫描心跳 第172轮开始
14:26:22 [INFO] 🫀 扫描心跳 第173轮开始
14:26:27 [INFO] 
📊 护城河防御面板 第173轮
──────────────────────────────────────────────────────────────────────
科创50ETF华夏(588000)    1.92      1.89    6.0%    多36/空49  强可T     
特变电工(600089)       23.32     23.43    3.6%    多12/空36  可T观察    
中国巨石(600176)       54.60     54.58   11.4%    多24/空42  停手:高位但无明确优势
双良节能(600481)        5.04      4.99    4.3%    多-7/空58  强可T     
五洲新春(603667)       66.18     66.43    2.8%    多22/空36  可T观察    
拓维信息(002261)       29.43     29.45    2.4%    多23/空29  停手:买卖都不够强
陕西斯瑞新材股份(688102)   41.91     41.68    7.4%    多15/空36  可T观察    
英维克(002837)        74.11     74.24    4.7%     多43/空7  可T观察    
14:26:42 [INFO] 🫀 扫描心跳 第174轮开始
14:27:03 [INFO] 🫀 扫描心跳 第175轮开始
14:27:24 [INFO] 🫀 扫描心跳 第176轮开始
14:27:45 [INFO] 🫀 扫描心跳 第177轮开始
14:27:51 [INFO] 
📊 护城河防御面板 第177轮
──────────────────────────────────────────────────────────────────────
科创50ETF华夏(588000)    1.92      1.89    6.0%    多36/空49  强可T     
特变电工(600089)       23.32     23.43    3.6%    多12/空36  可T观察    
中国巨石(600176)       54.60     54.58   11.4%    多24/空42  停手:高位但无明确优势
双良节能(600481)        5.04      4.99    4.3%    多-7/空58  强可T     
五洲新春(603667)       66.18     66.43    2.8%    多22/空36  可T观察    
拓维信息(002261)       29.43     29.45    2.4%    多23/空29  停手:买卖都不够强
陕西斯瑞新材股份(688102)   41.91     41.68    7.4%    多15/空36  可T观察    
英维克(002837)        74.11     74.24    4.7%     多43/空7  可T观察    
14:28:06 [INFO] 🫀 扫描心跳 第178轮开始
14:28:27 [INFO] 🫀 扫描心跳 第179轮开始
14:28:48 [INFO] 🫀 扫描心跳 第180轮开始
14:29:08 [INFO] 🫀 扫描心跳 第181轮开始
14:29:15 [INFO] 
📊 护城河防御面板 第181轮
──────────────────────────────────────────────────────────────────────
科创50ETF华夏(588000)    1.92      1.90    6.0%    多33/空45  强可T     
特变电工(600089)       23.30     23.43    3.6%    多34/空36  可T观察    
中国巨石(600176)       54.60     54.58   11.4%    多24/空42  停手:高位但无明确优势
双良节能(600481)        5.03      4.99    4.3%    多13/空58  强可T     
五洲新春(603667)       66.10     66.42    2.8%    多22/空36  可T观察    
拓维信息(002261)       29.43     29.45    2.4%    多51/空15  强可T     
陕西斯瑞新材股份(688102)   41.91     41.69    7.4%    多19/空32  停手:买卖都不够强
英维克(002837)        74.17     74.24    4.7%    多23/空15  停手:买卖都不够强
14:29:30 [INFO] 🫀 扫描心跳 第182轮开始
14:29:51 [INFO] 🫀 扫描心跳 第183轮开始
14:30:12 [INFO] 🫀 扫描心跳 第184轮开始
14:30:33 [INFO] 🫀 扫描心跳 第185轮开始
14:30:39 [INFO] 
📊 护城河防御面板 第185轮
──────────────────────────────────────────────────────────────────────
科创50ETF华夏(588000)    1.92      1.90    6.0%    多33/空45  强可T     
特变电工(600089)       23.30     23.43    3.6%    多34/空36  可T观察    
中国巨石(600176)       54.60     54.58   11.4%    多24/空42  停手:高位但无明确优势
双良节能(600481)        5.03      4.99    4.3%    多13/空58  强可T     
五洲新春(603667)       66.10     66.42    2.8%    多22/空36  可T观察    
拓维信息(002261)       29.43     29.45    2.4%    多51/空15  强可T     
陕西斯瑞新材股份(688102)   41.91     41.69    7.4%    多19/空32  停手:买卖都不够强
英维克(002837)        74.17     74.24    4.7%    多23/空15  停手:买卖都不够强
14:30:54 [INFO] 🫀 扫描心跳 第186轮开始
14:31:15 [INFO] 🫀 扫描心跳 第187轮开始
14:31:36 [INFO] 🫀 扫描心跳 第188轮开始
14:31:56 [INFO] 🫀 扫描心跳 第189轮开始
14:32:02 [INFO] 
📊 护城河防御面板 第189轮
──────────────────────────────────────────────────────────────────────
科创50ETF华夏(588000)    1.92      1.90    6.0%    多33/空45  强可T     
特变电工(600089)       23.30     23.43    3.6%    多34/空36  可T观察    
中国巨石(600176)       54.60     54.58   11.4%    多24/空42  停手:高位但无明确优势
双良节能(600481)        5.03      4.99    4.3%    多13/空58  强可T     
五洲新春(603667)       66.10     66.42    2.8%    多22/空36  可T观察    
拓维信息(002261)       29.43     29.45    2.4%    多51/空15  强可T     
陕西斯瑞新材股份(688102)   41.91     41.69    7.4%    多19/空32  停手:买卖都不够强
英维克(002837)        74.17     74.24    4.7%    多23/空15  停手:买卖都不够强
14:32:17 [INFO] 🫀 扫描心跳 第190轮开始
14:32:19 [INFO] ✅ 飞书消息已成功送达: 科创50ETF华夏(588000) SELL_HIGH - 加急通知已发送
14:32:21 [INFO] 🔔 已触发急促报警
14:32:23 [INFO] ✅ 飞书消息已成功送达: 特变电工(600089) SELL_HIGH - 加急通知已发送
14:32:24 [INFO] 🔔 已触发急促报警
14:32:27 [INFO] ✅ 飞书消息已成功送达: 双良节能(600481) SELL_HIGH - 加急通知已发送
14:32:28 [INFO] 🔔 已触发急促报警
14:32:31 [INFO] ✅ 飞书消息已成功送达: 拓维信息(002261) SELL_HIGH - 加急通知已发送
14:32:33 [INFO] 🔔 已触发急促报警
14:32:36 [INFO] ✅ 飞书消息已成功送达: 英维克(002837) SELL_HIGH - 加急通知已发送
14:32:37 [INFO] 🔔 已触发急促报警
14:32:52 [INFO] 🫀 扫描心跳 第191轮开始
14:33:13 [INFO] 🫀 扫描心跳 第192轮开始
14:33:34 [INFO] 🫀 扫描心跳 第193轮开始
14:33:40 [INFO] 
📊 护城河防御面板 第193轮
──────────────────────────────────────────────────────────────────────
科创50ETF华夏(588000)    1.92      1.90    6.0%    多21/空53  强可T     
特变电工(600089)       23.37     23.43    3.6%    多14/空51  强可T     
中国巨石(600176)       54.60     54.58   11.4%    多24/空42  停手:高位但无明确优势
双良节能(600481)        5.05      4.99    4.3%    多12/空54  强可T     
五洲新春(603667)       66.25     66.42    2.8%     多8/空32  停手:买卖都不够强
拓维信息(002261)       29.51     29.45    2.4%    多19/空49  强可T     
陕西斯瑞新材股份(688102)   41.94     41.69    7.4%    多19/空22  停手:买卖都不够强
英维克(002837)        74.26     74.24    4.7%    多19/空47  强可T     
14:33:55 [INFO] 🫀 扫描心跳 第194轮开始
14:34:16 [INFO] 🫀 扫描心跳 第195轮开始
14:34:36 [INFO] 🫀 扫描心跳 第196轮开始
14:34:57 [INFO] 🫀 扫描心跳 第197轮开始
14:35:03 [INFO] 
📊 护城河防御面板 第197轮
──────────────────────────────────────────────────────────────────────
科创50ETF华夏(588000)    1.92      1.90    6.0%    多21/空53  强可T     
特变电工(600089)       23.37     23.43    3.6%    多14/空51  强可T     
中国巨石(600176)       54.60     54.58   11.4%    多24/空42  停手:高位但无明确优势
双良节能(600481)        5.05      4.99    4.3%    多12/空54  强可T     
五洲新春(603667)       66.25     66.42    2.8%     多8/空32  停手:买卖都不够强
拓维信息(002261)       29.51     29.45    2.4%    多19/空49  强可T     
陕西斯瑞新材股份(688102)   41.94     41.69    7.4%    多19/空22  停手:买卖都不够强
英维克(002837)        74.26     74.24    4.7%    多19/空47  强可T     
14:35:18 [INFO] 🫀 扫描心跳 第198轮开始
14:35:39 [INFO] 🫀 扫描心跳 第199轮开始
14:36:01 [INFO] 🫀 扫描心跳 第200轮开始
14:36:22 [INFO] 🫀 扫描心跳 第201轮开始
14:36:28 [INFO] 
📊 护城河防御面板 第201轮
──────────────────────────────────────────────────────────────────────
科创50ETF华夏(588000)    1.92      1.90    6.0%    多21/空53  强可T     
特变电工(600089)       23.38     23.43    3.6%    多14/空51  强可T     
中国巨石(600176)       54.60     54.58   11.4%    多24/空42  停手:高位但无明确优势
双良节能(600481)        5.04      4.99    4.3%    多15/空54  强可T     
五洲新春(603667)       66.18     66.41    2.8%     多8/空46  强可T     
拓维信息(002261)       29.52     29.46    2.4%    多19/空44  可T观察    
陕西斯瑞新材股份(688102)   41.96     41.70    7.4%    多19/空49  强可T     
英维克(002837)        74.48     74.24    4.7%    多19/空49  强可T     
14:36:43 [INFO] 🫀 扫描心跳 第202轮开始
14:37:04 [INFO] 🫀 扫描心跳 第203轮开始
14:37:24 [INFO] 🫀 扫描心跳 第204轮开始
14:37:46 [INFO] 🫀 扫描心跳 第205轮开始
14:37:52 [INFO] 
📊 护城河防御面板 第205轮
──────────────────────────────────────────────────────────────────────
科创50ETF华夏(588000)    1.92      1.90    6.0%    多21/空53  强可T     
特变电工(600089)       23.38     23.43    3.6%    多14/空51  强可T     
中国巨石(600176)       54.60     54.58   11.4%    多24/空42  停手:高位但无明确优势
双良节能(600481)        5.04      4.99    4.3%    多15/空54  强可T     
五洲新春(603667)       66.18     66.41    2.8%     多8/空46  强可T     
拓维信息(002261)       29.52     29.46    2.4%    多19/空44  可T观察    
陕西斯瑞新材股份(688102)   41.96     41.70    7.4%    多19/空49  强可T     
英维克(002837)        74.48     74.24    4.7%    多19/空49  强可T     
14:38:07 [INFO] 🫀 扫描心跳 第206轮开始
14:38:29 [INFO] 🫀 扫描心跳 第207轮开始
14:38:51 [INFO] 🫀 扫描心跳 第208轮开始
14:39:13 [INFO] 🫀 扫描心跳 第209轮开始
14:39:19 [INFO] 
📊 护城河防御面板 第209轮
──────────────────────────────────────────────────────────────────────
科创50ETF华夏(588000)    1.93      1.90    6.0%    多21/空53  强可T     
特变电工(600089)       23.38     23.42    3.6%    多14/空61  强可T     
中国巨石(600176)       54.60     54.58   11.4%    多24/空42  停手:高位但无明确优势
双良节能(600481)        5.03      4.99    4.3%     多1/空43  可T观察    
五洲新春(603667)       66.15     66.41    2.8%     多8/空36  可T观察    
拓维信息(002261)       29.50     29.46    2.4%    多15/空36  可T观察    
陕西斯瑞新材股份(688102)   41.95     41.70    7.4%    多15/空44  可T观察    
英维克(002837)        74.46     74.25    4.7%    多15/空36  可T观察    
14:39:34 [INFO] 🫀 扫描心跳 第210轮开始
14:39:55 [INFO] 🫀 扫描心跳 第211轮开始
14:40:16 [INFO] 🫀 扫描心跳 第212轮开始
14:40:37 [INFO] 🫀 扫描心跳 第213轮开始
14:40:43 [INFO] 
📊 护城河防御面板 第213轮
──────────────────────────────────────────────────────────────────────
科创50ETF华夏(588000)    1.93      1.90    6.0%    多21/空53  强可T     
特变电工(600089)       23.38     23.42    3.6%    多14/空61  强可T     
中国巨石(600176)       54.60     54.58   11.4%    多24/空42  停手:高位但无明确优势
双良节能(600481)        5.03      4.99    4.3%     多1/空43  可T观察    
五洲新春(603667)       66.15     66.41    2.8%     多8/空36  可T观察    
拓维信息(002261)       29.50     29.46    2.4%    多15/空36  可T观察    
陕西斯瑞新材股份(688102)   41.95     41.70    7.4%    多15/空44  可T观察    
英维克(002837)        74.46     74.25    4.7%    多15/空36  可T观察    
14:40:58 [INFO] 🫀 扫描心跳 第214轮开始
14:41:19 [INFO] 🫀 扫描心跳 第215轮开始
14:41:40 [INFO] 🫀 扫描心跳 第216轮开始
14:42:01 [INFO] 🫀 扫描心跳 第217轮开始
14:42:07 [INFO] 
📊 护城河防御面板 第217轮
──────────────────────────────────────────────────────────────────────
科创50ETF华夏(588000)    1.93      1.90    6.0%    多21/空78  强可T     
特变电工(600089)       23.40     23.42    3.6%    多14/空36  可T观察    
中国巨石(600176)       54.60     54.58   11.4%    多24/空42  停手:高位但无明确优势
双良节能(600481)        5.05      4.99    4.3%    多-3/空66  强可T     
五洲新春(603667)       66.17     66.40    2.8%    多32/空36  可T观察    
拓维信息(002261)       29.55     29.46    2.4%    多15/空36  可T观察    
陕西斯瑞新材股份(688102)   41.90     41.71    7.4%    多27/空34  停手:买卖都不够强
英维克(002837)        74.55     74.25    4.7%    多15/空36  可T观察    
14:42:22 [INFO] 🫀 扫描心跳 第218轮开始
14:42:43 [INFO] 🫀 扫描心跳 第219轮开始
14:43:04 [INFO] 🫀 扫描心跳 第220轮开始
14:43:25 [INFO] 🫀 扫描心跳 第221轮开始
14:43:31 [INFO] 
📊 护城河防御面板 第221轮
──────────────────────────────────────────────────────────────────────
科创50ETF华夏(588000)    1.93      1.90    6.0%    多21/空78  强可T     
特变电工(600089)       23.40     23.42    3.6%    多14/空36  可T观察    
中国巨石(600176)       54.60     54.58   11.4%    多24/空42  停手:高位但无明确优势
双良节能(600481)        5.05      4.99    4.3%    多-3/空66  强可T     
五洲新春(603667)       66.17     66.40    2.8%    多32/空36  可T观察    
拓维信息(002261)       29.55     29.46    2.4%    多15/空36  可T观察    
陕西斯瑞新材股份(688102)   41.90     41.71    7.4%    多27/空34  停手:买卖都不够强
英维克(002837)        74.55     74.25    4.7%    多15/空36  可T观察    
14:43:46 [INFO] 🫀 扫描心跳 第222轮开始
14:44:07 [INFO] 🫀 扫描心跳 第223轮开始
14:44:28 [INFO] 🫀 扫描心跳 第224轮开始
14:44:49 [INFO] 🫀 扫描心跳 第225轮开始
14:44:55 [INFO] 
📊 护城河防御面板 第225轮
──────────────────────────────────────────────────────────────────────
科创50ETF华夏(588000)    1.93      1.90    6.1%    多21/空68  强可T     
特变电工(600089)       23.40     23.42    3.6%    多14/空36  可T观察    
中国巨石(600176)       54.60     54.58   11.4%    多24/空42  停手:高位但无明确优势
双良节能(600481)        5.05      4.99    4.3%    多-3/空66  强可T     
五洲新春(603667)       66.17     66.40    2.8%    多32/空36  可T观察    
拓维信息(002261)       29.55     29.46    2.4%    多15/空36  可T观察    
陕西斯瑞新材股份(688102)   41.90     41.71    7.4%    多27/空34  停手:买卖都不够强
英维克(002837)        74.55     74.25    4.7%    多15/空36  可T观察    
14:45:10 [INFO] 🫀 扫描心跳 第226轮开始
14:45:32 [INFO] 🫀 扫描心跳 第227轮开始
14:45:53 [INFO] 🫀 扫描心跳 第228轮开始
14:46:14 [INFO] 🫀 扫描心跳 第229轮开始
14:46:20 [INFO] 
📊 护城河防御面板 第229轮
──────────────────────────────────────────────────────────────────────
科创50ETF华夏(588000)    1.93      1.90    6.1%    多21/空68  强可T     
特变电工(600089)       23.44     23.42    3.6%   多-14/空36  可T观察    
中国巨石(600176)       54.60     54.58   11.4%     多9/空27  停手:买卖都不够强
双良节能(600481)        5.05      5.00    4.3%   多-18/空51  强可T     
五洲新春(603667)       66.28     66.39    2.8%    多-7/空29  停手:买卖都不够强
拓维信息(002261)       29.58     29.46    2.4%     多4/空19  停手:买卖都不够强
陕西斯瑞新材股份(688102)   41.89     41.71    7.4%    多12/空19  停手:买卖都不够强
英维克(002837)        74.64     74.26    4.7%     多4/空32  停手:买卖都不够强
14:46:35 [INFO] 🫀 扫描心跳 第230轮开始
14:46:56 [INFO] 🫀 扫描心跳 第231轮开始
14:47:17 [INFO] 🫀 扫描心跳 第232轮开始
14:47:38 [INFO] 🫀 扫描心跳 第233轮开始
14:47:43 [INFO] 
📊 护城河防御面板 第233轮
──────────────────────────────────────────────────────────────────────
科创50ETF华夏(588000)    1.93      1.90    6.1%    多21/空68  强可T     
特变电工(600089)       23.44     23.42    3.6%   多-14/空36  可T观察    
中国巨石(600176)       54.60     54.58   11.4%     多9/空27  停手:买卖都不够强
双良节能(600481)        5.05      5.00    4.3%   多-18/空51  强可T     
五洲新春(603667)       66.28     66.39    2.8%    多-7/空29  停手:买卖都不够强
拓维信息(002261)       29.58     29.46    2.4%     多4/空19  停手:买卖都不够强
陕西斯瑞新材股份(688102)   41.89     41.71    7.4%    多12/空19  停手:买卖都不够强
英维克(002837)        74.64     74.26    4.7%     多4/空32  停手:买卖都不够强
14:47:58 [INFO] 🫀 扫描心跳 第234轮开始
14:48:20 [INFO] 🫀 扫描心跳 第235轮开始
14:48:42 [INFO] 🫀 扫描心跳 第236轮开始
14:49:03 [INFO] 🫀 扫描心跳 第237轮开始
14:49:09 [INFO] 
📊 护城河防御面板 第237轮
──────────────────────────────────────────────────────────────────────
科创50ETF华夏(588000)    1.94      1.90    6.3%     多2/空63  强可T     
特变电工(600089)       23.44     23.42    3.6%   多-14/空34  停手:买卖都不够强
中国巨石(600176)       54.60     54.58   11.4%     多9/空27  停手:买卖都不够强
双良节能(600481)        5.05      5.00    4.3%   多-18/空51  强可T     
五洲新春(603667)       66.30     66.39    2.8%    多-7/空42  可T观察    
拓维信息(002261)       29.57     29.46    2.4%     多0/空21  停手:买卖都不够强
陕西斯瑞新材股份(688102)   41.89     41.71    7.4%    多16/空19  停手:买卖都不够强
英维克(002837)        74.62     74.27    4.7%     多0/空21  停手:买卖都不够强
14:49:24 [INFO] 🫀 扫描心跳 第238轮开始
14:49:45 [INFO] 🫀 扫描心跳 第239轮开始
14:50:06 [INFO] 🫀 扫描心跳 第240轮开始
14:50:27 [INFO] 🫀 扫描心跳 第241轮开始
14:50:32 [INFO] 
📊 护城河防御面板 第241轮
──────────────────────────────────────────────────────────────────────
科创50ETF华夏(588000)    1.94      1.90    6.3%     多2/空63  强可T     
特变电工(600089)       23.44     23.42    3.6%   多-14/空34  停手:买卖都不够强
中国巨石(600176)       54.60     54.58   11.4%     多9/空27  停手:买卖都不够强
双良节能(600481)        5.05      5.00    4.3%   多-18/空51  强可T     
五洲新春(603667)       66.30     66.39    2.8%    多-7/空42  可T观察    
拓维信息(002261)       29.57     29.46    2.4%     多0/空21  停手:买卖都不够强
陕西斯瑞新材股份(688102)   41.89     41.71    7.4%    多16/空19  停手:买卖都不够强
英维克(002837)        74.62     74.27    4.7%     多0/空21  停手:买卖都不够强
14:50:47 [INFO] 🫀 扫描心跳 第242轮开始
14:51:08 [INFO] 🫀 扫描心跳 第243轮开始
14:51:29 [INFO] 🫀 扫描心跳 第244轮开始
14:51:51 [INFO] 🫀 扫描心跳 第245轮开始
14:51:57 [INFO] 
📊 护城河防御面板 第245轮
──────────────────────────────────────────────────────────────────────
科创50ETF华夏(588000)    1.94      1.90    6.4%     多2/空36  可T观察    
特变电工(600089)       23.46     23.42    3.6%   多-22/空50  强可T     
中国巨石(600176)       54.60     54.58   11.4%     多9/空27  停手:买卖都不够强
双良节能(600481)        5.04      5.00    4.3%   多-22/空53  强可T     
五洲新春(603667)       66.37     66.39    2.8%    多-7/空39  可T观察    
拓维信息(002261)       29.57     29.47    2.4%     多0/空11  停手:买卖都不够强
陕西斯瑞新材股份(688102)   41.86     41.72    7.4%     多0/空19  停手:买卖都不够强
英维克(002837)        74.62     74.28    4.7%     多0/空11  停手:买卖都不够强
14:52:12 [INFO] 🫀 扫描心跳 第246轮开始
14:52:33 [INFO] 🫀 扫描心跳 第247轮开始
14:52:54 [INFO] 🫀 扫描心跳 第248轮开始
14:53:15 [INFO] 🫀 扫描心跳 第249轮开始
14:53:21 [INFO] 
📊 护城河防御面板 第249轮
──────────────────────────────────────────────────────────────────────
科创50ETF华夏(588000)    1.94      1.90    6.4%     多2/空36  可T观察    
特变电工(600089)       23.46     23.42    3.6%   多-22/空50  强可T     
中国巨石(600176)       54.60     54.58   11.4%     多9/空27  停手:买卖都不够强
双良节能(600481)        5.04      5.00    4.3%   多-22/空53  强可T     
五洲新春(603667)       66.37     66.39    2.8%    多-7/空39  可T观察    
拓维信息(002261)       29.57     29.47    2.4%     多0/空11  停手:买卖都不够强
陕西斯瑞新材股份(688102)   41.86     41.72    7.4%     多0/空19  停手:买卖都不够强
英维克(002837)        74.62     74.28    4.7%     多0/空11  停手:买卖都不够强
14:53:36 [INFO] 🫀 扫描心跳 第250轮开始
14:53:56 [INFO] 🫀 扫描心跳 第251轮开始
14:54:17 [INFO] 🫀 扫描心跳 第252轮开始
14:54:38 [INFO] 🫀 扫描心跳 第253轮开始
14:54:44 [INFO] ✅ 飞书消息已成功送达: 五洲新春(603667) SELL_HIGH - 加急通知已发送
14:54:45 [INFO] 🔔 已触发急促报警
14:54:48 [INFO] 
📊 护城河防御面板 第253轮
──────────────────────────────────────────────────────────────────────
科创50ETF华夏(588000)    1.94      1.90    6.4%     多2/空36  可T观察    
特变电工(600089)       23.45     23.42    3.6%   多-22/空38  可T观察    
中国巨石(600176)       54.60     54.58   11.4%     多9/空27  停手:买卖都不够强
双良节能(600481)        5.04      5.00    4.3%    多-2/空39  可T观察    
五洲新春(603667)       66.47     66.39    2.8%   多-18/空59  强可T|SELL_HIGH
拓维信息(002261)       29.56     29.47    2.4%     多0/空11  停手:买卖都不够强
陕西斯瑞新材股份(688102)   41.83     41.72    7.4%    多18/空19  停手:买卖都不够强
英维克(002837)        74.64     74.28    4.7%     多0/空11  停手:买卖都不够强
14:55:03 [INFO] 
════════════════════ 【尾盘做T盈亏清算】 ════════════════════
💰 今日预估做T总净利润: 0.00 元

════════════════════ 【动作分类汇总】 ════════════════════
低吸 BUY_LOW=0次/0股 | 加仓 ADD_POS=0次/0股
高抛 SELL_HIGH=0次/0股 | 减仓 PANIC_SELL=0次/0股
════════════════════ 【ETF复盘小结】 ════════════════════
暂无ETF复盘数据
════════════════════ 【普通股复盘小结】 ════════════════════
暂无普通股复盘数据
════════════════════ 【误判因子排行】 ════════════════════
买点偏早: 暂无
卖点偏早: 暂无
漏买: 暂无
漏卖: 暂无
════════════════════ 【误判因子细分】 ════════════════════
买点偏早因子: 暂无
卖点偏早因子: 暂无
漏买因子: 暂无
漏卖因子: 暂无
════════════════════ 【四类动作误判因子】 ════════════════════
低吸 BUY_LOW 偏早: 暂无
低吸 BUY_LOW 未占优: 暂无
加仓 ADD_POS 偏早: 暂无
加仓 ADD_POS 未占优: 暂无
高抛 SELL_HIGH 偏早: 暂无
高抛 SELL_HIGH 未占优: 暂无
跳水 PANIC_SELL 偏早: 暂无
跳水 PANIC_SELL 未占优: 暂无
════════════════════ 【策略最高分复盘数据(喂给AI)】 ════════════════════
════════════════════ 【复盘阅读顺序】 ════════════════════
1. sys日志 -> 2. data_quality -> 3. decision_trace
4. shadow_signals -> 5. signal_outcome -> 6. ai_review
════════════════════ 【信号结果追踪汇总】 ════════════════════
正确=0 | 买早=0 | 卖早=0 | 买验证中=0 | 卖验证中=0 | 待定=0
动作分布 BUY_LOW=0 | ADD_POS=0 | SELL_HIGH=0 | PANIC_SELL=0
5分钟胜率=0.0% (0/0) | 15分钟胜率=0.0% (0/0)
一眼摘要：最高频结果=correct(0) | 主要风险=无明显偏差(0) | 影子机会=0
════════════════════════════════════════════════════════════
14:55:03 [WARNING] ⚠️  尾盘复盘飞书推送失败: name 'overview_text' is not defined
14:55:03 [INFO] 🫀 扫描心跳 第254轮开始
14:55:24 [INFO] 🫀 扫描心跳 第255轮开始
14:55:45 [INFO] 🫀 扫描心跳 第256轮开始
14:56:06 [INFO] 🫀 扫描心跳 第257轮开始
14:56:14 [INFO] 
📊 护城河防御面板 第257轮
──────────────────────────────────────────────────────────────────────
科创50ETF华夏(588000)    1.94      1.90    6.4%    多-6/空40  可T观察    
特变电工(600089)       23.45     23.42    3.6%     多0/空21  停手:买卖都不够强
中国巨石(600176)       54.60     54.58   11.4%    多15/空23  停手:买卖都不够强
双良节能(600481)        5.04      5.00    4.3%    多20/空22  停手:买卖都不够强
五洲新春(603667)       66.47     66.39    2.8%     多4/空34  停手:买卖都不够强
拓维信息(002261)       29.56     29.47    2.4%     多0/空11  停手:买卖都不够强
陕西斯瑞新材股份(688102)   41.83     41.72    7.4%    多18/空19  停手:买卖都不够强
英维克(002837)        74.64     74.28    4.7%     多0/空11  停手:买卖都不够强
14:56:29 [INFO] 🫀 扫描心跳 第258轮开始
14:56:50 [INFO] 🫀 扫描心跳 第259轮开始
14:57:11 [INFO] 🫀 扫描心跳 第260轮开始
14:57:32 [INFO] 🫀 扫描心跳 第261轮开始
14:57:38 [INFO] 
📊 护城河防御面板 第261轮
──────────────────────────────────────────────────────────────────────
科创50ETF华夏(588000)    1.94      1.90    6.4%    多-6/空57  强可T     
特变电工(600089)       23.45     23.42    3.6%     多0/空21  停手:买卖都不够强
中国巨石(600176)       54.60     54.58   11.4%    多15/空23  停手:买卖都不够强
双良节能(600481)        5.04      5.00    4.3%    多20/空22  停手:买卖都不够强
五洲新春(603667)       66.47     66.39    2.8%     多4/空34  停手:买卖都不够强
拓维信息(002261)       29.56     29.47    2.4%     多0/空11  停手:买卖都不够强
陕西斯瑞新材股份(688102)   41.83     41.72    7.4%    多18/空19  停手:买卖都不够强
英维克(002837)        74.64     74.28    4.7%     多0/空11  停手:买卖都不够强
14:57:53 [INFO] 🫀 扫描心跳 第262轮开始
14:58:15 [INFO] 🫀 扫描心跳 第263轮开始
14:58:37 [INFO] 🫀 扫描心跳 第264轮开始
14:58:58 [INFO] 🫀 扫描心跳 第265轮开始
14:59:04 [INFO] 
📊 护城河防御面板 第265轮
──────────────────────────────────────────────────────────────────────
科创50ETF华夏(588000)    1.94      1.90    6.4%    多-6/空57  强可T     
特变电工(600089)       23.44     23.43    3.6%     多4/空11  停手:买卖都不够强
中国巨石(600176)       54.60     54.58   11.4%    多15/空23  停手:买卖都不够强
双良节能(600481)        5.04      5.00    4.3%     多17/空7  停手:买卖都不够强
五洲新春(603667)       66.52     66.40    2.8%     多0/空21  停手:买卖都不够强
拓维信息(002261)       29.52     29.47    2.4%    多18/空11  停手:买卖都不够强
陕西斯瑞新材股份(688102)   41.83     41.72    7.4%    多34/空15  可T观察    
英维克(002837)        74.62     74.29    4.7%     多0/空11  停手:买卖都不够强
14:59:19 [INFO] 🫀 扫描心跳 第266轮开始
14:59:41 [INFO] 🫀 扫描心跳 第267轮开始
15:00:02 [INFO] ⏸ 非交易时段，进入低频保活
15:10:02 [INFO] ⏸ 非交易时段，进入低频保活
15:20:02 [INFO] ⏸ 非交易时段，进入低频保活
15:30:03 [INFO] ⏸ 非交易时段，进入低频保活
15:40:03 [INFO] ⏸ 非交易时段，进入低频保活
15:50:03 [INFO] ⏸ 非交易时段，进入低频保活
16:00:03 [INFO] ⏸ 非交易时段，进入低频保活
16:10:03 [INFO] ⏸ 非交易时段，进入低频保活
16:20:03 [INFO] ⏸ 非交易时段，进入低频保活
16:30:03 [INFO] ⏸ 非交易时段，进入低频保活
16:40:03 [INFO] ⏸ 非交易时段，进入低频保活
17:35:50 [INFO] ⏸ 非交易时段，进入低频保活
