08:50:31 [INFO] 早盘集合竞价结论：回避
市场评分：29.2 / 100 | 偏向：risk_off | 风险：risk_off
竞价：强0 / 弱0 / 缺0 | 均分 10.0
策略结论：主做科泰电源(300153) | 观察中文在线(300364) | 关注暂无 | 回避华工科技(000988)、金风科技(002202)
1. 主做：科泰电源(300153)
2. 观察：中文在线(300364)
3. 关注：暂无
4. 回避：华工科技(000988)、金风科技(002202)
执行顺序：先1后2，再3，最后4
升级条件：若 9:35 后上涨家数回到高于下跌家数，且市场评分回到 55 上方，再把关注升为观察。
开盘后跟踪：开盘后只看核心标的承接，不追高，等量能和情绪同时转强再说。
热门关注：安徽凤凰、纬达光电、万达轴承
08:50:32 [INFO] ✅ 集合竞价总览已推送飞书
08:50:33 [INFO] ✅ 集合竞价详细结果已推送飞书
08:50:35 [INFO] 🔔 已触发急促报警
08:50:35 [INFO] ========= 做T终极护城河防御版 (V1.26 正T/反T模式切换版) 启动 =========
08:50:35 [INFO] 飞书推送: ✓ 已启用
08:50:35 [INFO] 飞书关键词: 做T猎手预警
08:50:35 [INFO] 飞书Webhook: https://open.feishu.cn/open-apis/bot/v2/hook/e8018470-e...
08:50:35 [INFO] ══════════════════════════════════════════════════════════════════════
08:50:35 [INFO] 【2026-06-12 加仓策略执行指南】
08:50:35 [INFO]   1️⃣ 中国巨石 600176 — ❌ 不追 (已涨5.62%, 资金不足)
08:50:35 [INFO]   2️⃣ 科创50ETF 588000 — ⚡ 分批加仓 (先加¥15,000)
08:50:35 [INFO]      └─ 第一批: ¥15,000 (约8,200份)
08:50:35 [INFO]      └─ 第二批: ¥15,000 (等待盘中回落)
08:50:35 [INFO]   3️⃣ 中信银行 601998 — ✅ 按计划加 (¥15,000, 约1,900股)
08:50:35 [INFO]   4️⃣ 特变电工 600089 — ⚡ 加仓 (¥25,000, 约1,090股)
08:50:35 [INFO] ══════════════════════════════════════════════════════════════════════
08:50:35 [INFO] 🔊 系统高级报警音效已成功【全自动挂载】！准备执行听声辨位！
08:50:35 [INFO] 🧹 清理过期分钟线缓存 8 个
08:50:36 [INFO] ✅ 启动自检飞书消息已成功送达
08:50:37 [INFO] 🔔 已触发急促报警
08:50:37 [INFO] ⏱ 采用顺序轮询模式：每轮扫描结束后再等待 15 秒（V1.8 确认型收敛）
08:50:37 [INFO] ⏸ 非交易时段，进入低频保活
09:00:37 [INFO] ⏸ 非交易时段，进入低频保活
09:10:37 [INFO] ⏸ 非交易时段，进入低频保活
09:16:28 [INFO] 早盘集合竞价结论：回避
市场评分：38.5 / 100 | 偏向：neutral | 风险：neutral
竞价：强0 / 弱0 / 缺8 | 均分 0.0
策略结论：主做科泰电源(300153) | 观察中文在线(300364) | 关注暂无 | 回避华工科技(000988)、金风科技(002202)
1. 主做：科泰电源(300153)
2. 观察：中文在线(300364)
3. 关注：暂无
4. 回避：华工科技(000988)、金风科技(002202)
执行顺序：先1后2，再3，最后4
升级条件：若 9:35 后上涨家数回到高于下跌家数，且市场评分回到 55 上方，再把关注升为观察。
开盘后跟踪：开盘后只看核心标的承接，不追高，等量能和情绪同时转强再说。
热门关注：安徽凤凰、纬达光电、万达轴承
09:16:29 [INFO] ✅ 集合竞价监控已推送飞书
09:16:29 [INFO] 📡 盘前集合竞价监控已刷新
09:18:04 [INFO] 早盘集合竞价结论：回避
市场评分：38.5 / 100 | 偏向：neutral | 风险：neutral
竞价：强0 / 弱0 / 缺8 | 均分 0.0
策略结论：主做科泰电源(300153) | 观察中文在线(300364) | 关注暂无 | 回避华工科技(000988)、金风科技(002202)
1. 主做：科泰电源(300153)
2. 观察：中文在线(300364)
3. 关注：暂无
4. 回避：华工科技(000988)、金风科技(002202)
执行顺序：先1后2，再3，最后4
升级条件：若 9:35 后上涨家数回到高于下跌家数，且市场评分回到 55 上方，再把关注升为观察。
开盘后跟踪：开盘后只看核心标的承接，不追高，等量能和情绪同时转强再说。
热门关注：安徽凤凰、纬达光电、万达轴承
09:18:46 [INFO] 早盘集合竞价结论：回避
市场评分：36.5 / 100 | 偏向：risk_off | 风险：unknown
竞价：强0 / 弱0 / 缺8 | 均分 0.0
策略结论：主做科泰电源(300153) | 观察中文在线(300364) | 关注暂无 | 回避华工科技(000988)、金风科技(002202)
1. 主做：科泰电源(300153)
2. 观察：中文在线(300364)
3. 关注：暂无
4. 回避：华工科技(000988)、金风科技(002202)
执行顺序：先1后2，再3，最后4
升级条件：若 9:35 后上涨家数回到高于下跌家数，且市场评分回到 55 上方，再把关注升为观察。
开盘后跟踪：开盘后只看核心标的承接，不追高，等量能和情绪同时转强再说。
热门关注：暂无
09:18:48 [INFO] ✅ 集合竞价监控已推送飞书
09:18:48 [INFO] 📡 盘前集合竞价监控已刷新
09:23:42 [INFO] 早盘集合竞价结论：回避
市场评分：38.5 / 100 | 偏向：neutral | 风险：neutral
竞价：强0 / 弱0 / 缺8 | 均分 0.0
策略结论：主做科泰电源(300153) | 观察中文在线(300364) | 关注暂无 | 回避华工科技(000988)、金风科技(002202)
1. 主做：科泰电源(300153)
2. 观察：中文在线(300364)
3. 关注：暂无
4. 回避：华工科技(000988)、金风科技(002202)
执行顺序：先1后2，再3，最后4
升级条件：若 9:35 后上涨家数回到高于下跌家数，且市场评分回到 55 上方，再把关注升为观察。
开盘后跟踪：开盘后只看核心标的承接，不追高，等量能和情绪同时转强再说。
热门关注：安徽凤凰、纬达光电、万达轴承
09:23:42 [INFO] 📡 盘前集合竞价监控已刷新
09:25:22 [INFO] 早盘集合竞价结论：回避
市场评分：26.8 / 100 | 偏向：risk_off | 风险：risk_off
竞价：强0 / 弱0 / 缺0 | 均分 -4.4
策略结论：主做科泰电源(300153) | 观察中文在线(300364) | 关注暂无 | 回避华工科技(000988)、金风科技(002202)
1. 主做：科泰电源(300153)
2. 观察：中文在线(300364)
3. 关注：暂无
4. 回避：华工科技(000988)、金风科技(002202)
执行顺序：先1后2，再3，最后4
升级条件：若 9:35 后上涨家数回到高于下跌家数，且市场评分回到 55 上方，再把关注升为观察。
开盘后跟踪：开盘后只看核心标的承接，不追高，等量能和情绪同时转强再说。
热门关注：安徽凤凰、纬达光电、万达轴承
09:25:23 [INFO] ✅ 集合竞价监控已推送飞书
09:30:08 [INFO] 🫀 扫描心跳 第1轮开始
09:30:15 [INFO] 
📊 护城河防御面板 第1轮
──────────────────────────────────────────────────────────────────────
科泰电源(300153)       21.96     21.94    0.3%      多0/空0  无波待涨    
中文在线(300364)       23.71     23.66    0.6%      多0/空0  无波待涨    
科创半导体ETF华夏(588170)    1.20      1.20    0.5%      多0/空0  无波待涨    
双良节能(600481)        4.16      4.16    0.2%      多0/空0  无波待涨    
杉杉股份(600884)       12.02     12.03    0.2%      多0/空0  无波待涨    
五洲新春(603667)       58.88     58.81    0.3%      多0/空0  无波待涨    
华工科技(000988)      153.89    153.37    1.1%      多0/空0  无波待涨    
金风科技(002202)       19.88     19.92    0.6%      多0/空0  无波待涨    
09:30:30 [INFO] 🫀 扫描心跳 第2轮开始
09:30:49 [INFO] 🫀 扫描心跳 第3轮开始
09:31:09 [INFO] 🫀 扫描心跳 第4轮开始
09:31:28 [INFO] 🫀 扫描心跳 第5轮开始
09:31:32 [INFO] 
📊 护城河防御面板 第5轮
──────────────────────────────────────────────────────────────────────
科泰电源(300153)       21.96     21.94    0.3%      多0/空0  无波待涨    
中文在线(300364)       23.71     23.66    0.6%      多0/空0  无波待涨    
科创半导体ETF华夏(588170)    1.20      1.20    0.5%      多0/空0  无波待涨    
双良节能(600481)        4.16      4.16    0.2%      多0/空0  无波待涨    
杉杉股份(600884)       12.02     12.03    0.2%      多0/空0  无波待涨    
五洲新春(603667)       58.88     58.81    0.3%      多0/空0  无波待涨    
华工科技(000988)      153.89    153.37    1.1%      多0/空0  无波待涨    
金风科技(002202)       19.88     19.92    0.6%      多0/空0  无波待涨    
09:31:47 [INFO] 🫀 扫描心跳 第6轮开始
09:32:06 [INFO] 🫀 扫描心跳 第7轮开始
09:32:26 [INFO] 🫀 扫描心跳 第8轮开始
09:32:45 [INFO] 🫀 扫描心跳 第9轮开始
09:32:49 [INFO] 
📊 护城河防御面板 第9轮
──────────────────────────────────────────────────────────────────────
科泰电源(300153)       21.96     21.94    0.3%      多0/空0  无波待涨    
中文在线(300364)       23.71     23.66    0.6%      多0/空0  无波待涨    
科创半导体ETF华夏(588170)    1.20      1.20    0.5%      多0/空0  无波待涨    
双良节能(600481)        4.16      4.16    0.2%      多0/空0  无波待涨    
杉杉股份(600884)       12.02     12.03    0.2%      多0/空0  无波待涨    
五洲新春(603667)       58.88     58.81    0.3%      多0/空0  无波待涨    
华工科技(000988)      153.89    153.37    1.1%      多0/空0  无波待涨    
金风科技(002202)       19.88     19.92    0.6%      多0/空0  无波待涨    
09:33:04 [INFO] 🫀 扫描心跳 第10轮开始
09:33:24 [INFO] 🫀 扫描心跳 第11轮开始
09:34:05 [INFO] 🫀 扫描心跳 第12轮开始
09:34:08 [INFO] 📉 300153 卖出信号得分62分，低于10:00前阈值75分，静默处理（不推送飞书）
09:34:11 [INFO] 📊 动态份数 300364: 状态=normal 信号强度68/阈值49, 建议交易100股/份 (33%)
09:34:11 [INFO] 📉 300364 卖出信号得分68分，低于10:00前阈值75分，静默处理（不推送飞书）
09:34:21 [INFO] 📉 603667 卖出信号得分65分，低于10:00前阈值75分，静默处理（不推送飞书）
09:34:24 [INFO] 📉 000988 卖出信号得分65分，低于10:00前阈值75分，静默处理（不推送飞书）
09:34:28 [INFO] ✅ 飞书消息已成功送达: 金风科技(002202) SELL_HIGH - 加急通知已发送
09:34:29 [INFO] 🔔 已触发急促报警
09:34:44 [INFO] 🫀 扫描心跳 第13轮开始
09:35:10 [INFO] 
📊 护城河防御面板 第13轮
──────────────────────────────────────────────────────────────────────
科泰电源(300153)       21.80     21.91    1.1%     多2/空37  停手:价格低于均价，14:30前禁止买入
中文在线(300364)       23.15     23.40    2.2%    多43/空43  停手:价格低于均价，14:30前禁止买入
科创半导体ETF华夏(588170)    1.21      1.21    2.3%     多10/空4  停手:买卖都不够强
双良节能(600481)        4.18      4.18    1.2%    多-7/空46  无波待涨    
杉杉股份(600884)       11.83     11.86    1.9%    多25/空10  停手:买卖都不够强
五洲新春(603667)       57.78     58.19    1.7%    多38/空32  停手:价格低于均价，14:30前禁止买入
华工科技(000988)      150.20    151.37    2.4%    多10/空32  停手:买卖都不够强
金风科技(002202)       19.30     19.37    3.9%    多30/空32  停手:价格低于均价，14:30前禁止买入
09:35:25 [INFO] 🫀 扫描心跳 第14轮开始
09:36:03 [INFO] 🫀 扫描心跳 第15轮开始
09:36:41 [INFO] 🫀 扫描心跳 第16轮开始
09:37:20 [INFO] 🫀 扫描心跳 第17轮开始
09:37:31 [INFO] 📊 动态份数 600481: 状态=normal 信号强度67/阈值51, 建议交易200股/份 (40%)
09:37:31 [INFO] 📉 600481 卖出信号得分67分，低于10:00前阈值75分，静默处理（不推送飞书）
09:37:43 [INFO] 
📊 护城河防御面板 第17轮
──────────────────────────────────────────────────────────────────────
科泰电源(300153)       21.77     21.77    1.9%    多13/空17  停手:买卖都不够强
中文在线(300364)       23.25     23.29    2.3%    多32/空22  停手:价格低于均价，14:30前禁止买入
科创半导体ETF华夏(588170)    1.23      1.22    2.7%   多-10/空16  停手:买卖都不够强
双良节能(600481)        4.12      4.15    1.9%     多9/空67  停手:价格低于均价，14:30前禁止买入|SELL_HIGH
杉杉股份(600884)       11.90     11.87    1.9%    多-1/空-2  停手:买卖都不够强
五洲新春(603667)       58.20     58.05    1.8%     多4/空20  停手:买卖都不够强
华工科技(000988)      150.12    149.99    3.6%    多16/空75  强可T     
金风科技(002202)       19.08     19.14    5.7%    多44/空44  停手:价格低于均价，14:30前禁止买入
09:37:58 [INFO] 🫀 扫描心跳 第18轮开始
09:38:35 [INFO] 🫀 扫描心跳 第19轮开始
09:39:14 [INFO] 🫀 扫描心跳 第20轮开始
09:39:52 [INFO] 🫀 扫描心跳 第21轮开始
09:40:18 [INFO] 
📊 护城河防御面板 第21轮
──────────────────────────────────────────────────────────────────────
科泰电源(300153)       21.55     21.69    2.3%     多4/空21  停手:买卖都不够强
中文在线(300364)       22.97     23.18    3.0%    多12/空24  停手:买卖都不够强
科创半导体ETF华夏(588170)    1.22      1.22    3.1%     多8/空11  停手:买卖都不够强
双良节能(600481)        4.08      4.12    2.9%     多7/空47  停手:价格低于均价，14:30前禁止买入
杉杉股份(600884)       11.83     11.86    1.9%    多34/空-1  停手:价格低于均价，14:30前禁止买入
五洲新春(603667)       56.88     57.64    3.3%    多25/空24  停手:买卖都不够强
华工科技(000988)      146.13    148.79    5.2%    多29/空29  停手:价格低于均价，14:30前禁止买入
金风科技(002202)       18.95     19.09    5.7%     多7/空21  停手:买卖都不够强
09:40:33 [INFO] 🫀 扫描心跳 第22轮开始
09:41:11 [INFO] 🫀 扫描心跳 第23轮开始
09:41:49 [INFO] 🫀 扫描心跳 第24轮开始
09:42:27 [INFO] 🫀 扫描心跳 第25轮开始
09:42:51 [INFO] 
📊 护城河防御面板 第25轮
──────────────────────────────────────────────────────────────────────
科泰电源(300153)       21.55     21.69    2.3%     多4/空21  停手:买卖都不够强
中文在线(300364)       22.97     23.18    3.0%    多12/空24  停手:买卖都不够强
科创半导体ETF华夏(588170)    1.22      1.22    3.1%     多8/空11  停手:买卖都不够强
双良节能(600481)        4.08      4.12    2.9%     多7/空47  停手:价格低于均价，14:30前禁止买入
杉杉股份(600884)       11.83     11.86    1.9%    多34/空-1  停手:价格低于均价，14:30前禁止买入
五洲新春(603667)       56.88     57.64    3.3%    多25/空24  停手:买卖都不够强
华工科技(000988)      146.13    148.79    5.2%    多29/空29  停手:价格低于均价，14:30前禁止买入
金风科技(002202)       18.95     19.09    5.7%     多7/空21  停手:买卖都不够强
09:43:06 [INFO] 🫀 扫描心跳 第26轮开始
09:43:46 [INFO] 🫀 扫描心跳 第27轮开始
09:44:29 [INFO] 🫀 扫描心跳 第28轮开始
09:45:06 [INFO] 🫀 扫描心跳 第29轮开始
09:45:29 [INFO] 
📊 护城河防御面板 第29轮
──────────────────────────────────────────────────────────────────────
科泰电源(300153)       21.39     21.52    3.7%     多21/空2  停手:买卖都不够强
中文在线(300364)       22.90     23.04    3.8%     多19/空5  停手:买卖都不够强
科创半导体ETF华夏(588170)    1.23      1.22    3.1%   多-10/空20  停手:买卖都不够强
双良节能(600481)        4.08      4.10    3.4%    多51/空23  停手:价格低于均价，14:30前禁止买入
杉杉股份(600884)       11.87     11.85    2.0%    多-4/空-5  停手:买卖都不够强
五洲新春(603667)       57.49     57.42    3.5%     多4/空17  停手:买卖都不够强
华工科技(000988)      145.79    147.08    7.1%     多27/空7  停手:买卖都不够强
金风科技(002202)       18.79     19.00    6.4%    多17/空21  停手:买卖都不够强
09:45:44 [INFO] 🫀 扫描心跳 第30轮开始
09:46:21 [INFO] 🫀 扫描心跳 第31轮开始
09:46:30 [INFO] 📉 588170 买入信号得分38分，低于10:00前阈值68分，静默处理（不推送飞书）
09:47:02 [INFO] 🫀 扫描心跳 第32轮开始
09:47:40 [INFO] 🫀 扫描心跳 第33轮开始
09:48:02 [INFO] 
📊 护城河防御面板 第33轮
──────────────────────────────────────────────────────────────────────
科泰电源(300153)       21.38     21.51    3.7%    多24/空21  停手:买卖都不够强
中文在线(300364)       22.67     22.95    4.4%    多53/空29  停手:价格低于均价，14:30前禁止买入
科创半导体ETF华夏(588170)    1.21      1.22    3.1%    多38/空-2  停手:价格低于均价，14:30前禁止买入
双良节能(600481)        4.10      4.10    3.4%    多-4/空27  停手:买卖都不够强
杉杉股份(600884)       11.90     11.87    2.0%   多-18/空-5  停手:买卖都不够强
五洲新春(603667)       57.04     57.31    3.5%    多24/空17  停手:买卖都不够强
华工科技(000988)      143.71    146.20    7.1%    多40/空29  停手:价格低于均价，14:30前禁止买入
金风科技(002202)       18.78     18.94    6.5%    多63/空17  停手:价格低于均价，14:30前禁止买入
09:48:17 [INFO] 🫀 扫描心跳 第34轮开始
09:48:56 [INFO] 🫀 扫描心跳 第35轮开始
09:49:34 [INFO] 🫀 扫描心跳 第36轮开始
09:50:15 [INFO] 🫀 扫描心跳 第37轮开始
09:50:38 [INFO] 
📊 护城河防御面板 第37轮
──────────────────────────────────────────────────────────────────────
科泰电源(300153)       21.35     21.48    3.7%    多24/空17  停手:买卖都不够强
中文在线(300364)       22.52     22.87    5.1%    多55/空29  停手:价格低于均价，14:30前禁止买入
科创半导体ETF华夏(588170)    1.22      1.22    3.1%     多4/空-2  停手:买卖都不够强
双良节能(600481)        4.09      4.10    3.4%    多50/空20  停手:价格低于均价，14:30前禁止买入
杉杉股份(600884)       11.89     11.87    2.0%   多-18/空-5  停手:买卖都不够强
五洲新春(603667)       57.10     57.27    3.5%    多-6/空17  停手:买卖都不够强
华工科技(000988)      144.00    145.51    7.7%    多61/空10  停手:价格低于均价，14:30前禁止买入
金风科技(002202)       18.80     18.91    6.5%     多24/空2  停手:买卖都不够强
09:50:53 [INFO] 🫀 扫描心跳 第38轮开始
09:51:31 [INFO] 🫀 扫描心跳 第39轮开始
09:52:09 [INFO] 🫀 扫描心跳 第40轮开始
09:52:50 [INFO] 🫀 扫描心跳 第41轮开始
09:53:13 [INFO] 
📊 护城河防御面板 第41轮
──────────────────────────────────────────────────────────────────────
科泰电源(300153)       21.42     21.45    3.7%     多10/空2  停手:买卖都不够强
中文在线(300364)       22.75     22.82    5.0%     多20/空2  停手:买卖都不够强
科创半导体ETF华夏(588170)    1.24      1.22    3.5%   多-13/空40  停手:买卖都不够强
双良节能(600481)        4.10      4.10    3.4%   多-20/空27  停手:买卖都不够强
杉杉股份(600884)       11.95     11.88    2.0%   多-18/空22  停手:买卖都不够强
五洲新春(603667)       57.74     57.33    3.5%   多-18/空-8  停手:买卖都不够强
华工科技(000988)      147.25    145.77    7.7%   多-20/空55  可T观察    
金风科技(002202)       18.88     18.89    6.5%      多6/空2  停手:买卖都不够强
09:53:28 [INFO] 🫀 扫描心跳 第42轮开始
09:54:13 [INFO] 🫀 扫描心跳 第43轮开始
09:54:53 [INFO] 🫀 扫描心跳 第44轮开始
09:55:02 [INFO] 📊 动态份数 588170: 状态=normal 信号强度48/阈值38, 建议交易1200股/份 (24%)
09:55:02 [INFO] 📉 588170 卖出信号得分48分，低于10:00前阈值75分，静默处理（不推送飞书）
09:55:31 [INFO] 🫀 扫描心跳 第45轮开始
09:55:53 [INFO] 
📊 护城河防御面板 第45轮
──────────────────────────────────────────────────────────────────────
科泰电源(300153)       21.42     21.45    3.7%     多10/空2  停手:买卖都不够强
中文在线(300364)       22.75     22.82    5.0%     多20/空2  停手:买卖都不够强
科创半导体ETF华夏(588170)    1.24      1.22    3.5%   多-13/空38  停手:买卖都不够强
双良节能(600481)        4.10      4.10    3.4%   多-75/空62  可T观察    
杉杉股份(600884)       11.95     11.88    2.0%   多-18/空22  停手:买卖都不够强
五洲新春(603667)       57.74     57.33    3.5%    多-40/空9  停手:买卖都不够强
华工科技(000988)      147.25    145.77    7.7%   多-20/空55  可T观察    
金风科技(002202)       18.88     18.89    6.5%   多-49/空29  停手:买卖都不够强
09:56:08 [INFO] 🫀 扫描心跳 第46轮开始
09:56:48 [INFO] 🫀 扫描心跳 第47轮开始
09:57:25 [INFO] 🫀 扫描心跳 第48轮开始
09:58:02 [INFO] 🫀 扫描心跳 第49轮开始
09:58:25 [INFO] 
📊 护城河防御面板 第49轮
──────────────────────────────────────────────────────────────────────
科泰电源(300153)       21.53     21.46    3.7%   多-18/空32  停手:买卖都不够强
中文在线(300364)       22.86     22.83    5.0%   多-20/空43  弱机会     
科创半导体ETF华夏(588170)    1.23      1.22    4.3%   多-15/空30  停手:买卖都不够强
双良节能(600481)        4.12      4.10    3.4%   多-73/空87  强可T     
杉杉股份(600884)       11.96     11.90    2.0%   多-18/空35  弱机会     
五洲新春(603667)       58.06     57.49    3.5%   多-40/空94  强可T     
华工科技(000988)      148.15    146.32    7.7%    多-18/空2  停手:买卖都不够强
金风科技(002202)       18.95     18.91    6.5%   多-71/空69  强可T     
09:58:40 [INFO] 🫀 扫描心跳 第50轮开始
09:59:18 [INFO] 🫀 扫描心跳 第51轮开始
09:59:59 [INFO] 🫀 扫描心跳 第52轮开始
10:00:41 [INFO] 🫀 扫描心跳 第53轮开始
10:01:05 [INFO] 
📊 护城河防御面板 第53轮
──────────────────────────────────────────────────────────────────────
科泰电源(300153)       21.55     21.47    3.7%     多0/空55  可T观察    
中文在线(300364)       22.86     22.84    5.0%     多2/空68  强可T     
科创半导体ETF华夏(588170)    1.23      1.22    4.3%    多23/空75  强可T     
双良节能(600481)        4.13      4.11    3.4%  多-55/空102  强可T     
杉杉股份(600884)       11.95     11.90    2.0%     多0/空20  停手:买卖都不够强
五洲新春(603667)       57.95     57.58    3.5%   多-24/空74  强可T     
华工科技(000988)      147.80    146.56    7.7%      多8/空2  停手:买卖都不够强
金风科技(002202)       19.17     18.94    6.5%  多-55/空101  强可T     
10:01:20 [INFO] 🫀 扫描心跳 第54轮开始
10:01:58 [INFO] 🫀 扫描心跳 第55轮开始
10:02:36 [INFO] 🫀 扫描心跳 第56轮开始
10:03:15 [INFO] 🫀 扫描心跳 第57轮开始
10:03:38 [INFO] 
📊 护城河防御面板 第57轮
──────────────────────────────────────────────────────────────────────
科泰电源(300153)       21.47     21.47    3.7%     多5/空65  强可T     
中文在线(300364)       22.72     22.81    5.0%    多43/空53  停手:价格低于均价，14:30前禁止买入
科创半导体ETF华夏(588170)    1.23      1.22    4.3%    多28/空32  弱机会     
双良节能(600481)        4.12      4.11    3.4%  多-57/空118  强可T     
杉杉股份(600884)       11.92     11.90    2.0%    多-2/空39  弱机会     
五洲新春(603667)       57.45     57.56    3.5%     多8/空63  停手:价格低于均价，14:30前禁止买入
华工科技(000988)      148.19    146.73    7.7%     多0/空50  可T观察    
金风科技(002202)       19.01     18.95    6.5%   多-55/空84  强可T     
10:03:53 [INFO] 🫀 扫描心跳 第58轮开始
10:04:31 [INFO] 🫀 扫描心跳 第59轮开始
10:04:55 [INFO] ✅ 飞书消息已成功送达: 金风科技(002202) SELL_HIGH - 加急通知已发送
10:04:56 [INFO] 🔔 已触发急促报警
10:05:11 [INFO] 🫀 扫描心跳 第60轮开始
10:05:49 [INFO] 🫀 扫描心跳 第61轮开始
10:06:13 [INFO] 
📊 护城河防御面板 第61轮
──────────────────────────────────────────────────────────────────────
科泰电源(300153)       21.47     21.46    3.7%     多5/空32  停手:买卖都不够强
中文在线(300364)       22.74     22.80    5.0%    多34/空25  停手:价格低于均价，14:30前禁止买入
科创半导体ETF华夏(588170)    1.23      1.23    4.3%     多20/空9  停手:买卖都不够强
双良节能(600481)        4.12      4.11    3.4%   多-55/空77  强可T     
杉杉股份(600884)       11.91     11.91    2.0%    多-2/空14  停手:买卖都不够强
五洲新春(603667)       57.89     57.60    3.5%   多-22/空64  可T观察    
华工科技(000988)      148.83    147.11    7.7%     多-2/空2  停手:买卖都不够强
金风科技(002202)       19.12     18.96    6.5%   多-55/空84  停手:无可卖仓且买点不强
10:06:28 [INFO] 🫀 扫描心跳 第62轮开始
10:07:05 [INFO] 🫀 扫描心跳 第63轮开始
10:07:42 [INFO] 🫀 扫描心跳 第64轮开始
10:08:19 [INFO] 🫀 扫描心跳 第65轮开始
10:08:41 [INFO] 
📊 护城河防御面板 第65轮
──────────────────────────────────────────────────────────────────────
科泰电源(300153)       21.47     21.46    3.7%     多5/空32  停手:买卖都不够强
中文在线(300364)       22.74     22.80    5.0%    多34/空25  停手:价格低于均价，14:30前禁止买入
科创半导体ETF华夏(588170)    1.23      1.23    4.3%    多20/空17  停手:买卖都不够强
双良节能(600481)        4.12      4.11    3.4%   多-55/空77  强可T     
杉杉股份(600884)       11.91     11.91    2.0%    多-2/空14  停手:买卖都不够强
五洲新春(603667)       57.89     57.60    3.5%   多-22/空64  可T观察    
华工科技(000988)      148.83    147.11    7.7%     多-2/空2  停手:买卖都不够强
金风科技(002202)       19.12     18.96    6.5%   多-55/空84  停手:无可卖仓且买点不强
10:08:56 [INFO] 🫀 扫描心跳 第66轮开始
10:09:07 [INFO] ✅ 飞书消息已成功送达: 科创半导体ETF华夏(588170) BUY_LOW - 加急通知已发送
10:09:08 [INFO] 🔔 已触发急促报警
10:09:11 [INFO] 📊 动态份数 600481: 状态=normal 信号强度84/阈值80, 建议交易100股/份 (20%)
10:09:12 [INFO] ✅ 飞书消息已成功送达: 双良节能(600481) SELL_HIGH - 加急通知已发送
10:09:14 [INFO] 🔔 已触发急促报警
10:09:47 [INFO] 🫀 扫描心跳 第67轮开始
10:10:24 [INFO] 🫀 扫描心跳 第68轮开始
10:11:07 [INFO] 🫀 扫描心跳 第69轮开始
10:11:34 [INFO] 
📊 护城河防御面板 第69轮
──────────────────────────────────────────────────────────────────────
科泰电源(300153)       21.37     21.45    3.7%    多49/空54  停手:价格低于均价，14:30前禁止买入
中文在线(300364)       22.61     22.78    5.0%    多65/空57  停手:价格低于均价，14:30前禁止买入
科创半导体ETF华夏(588170)    1.22      1.22    4.3%    多55/空17  停手:价格低于均价，14:30前禁止买入
双良节能(600481)        4.12      4.11    3.4%   多-55/空84  停手:无可卖仓且买点不强
杉杉股份(600884)       11.86     11.90    2.0%    多29/空14  停手:价格低于均价，14:30前禁止买入
五洲新春(603667)       57.57     57.58    3.5%    多17/空53  停手:价格低于均价，14:30前禁止买入
华工科技(000988)      148.76    147.29    7.7%      多6/空2  停手:买卖都不够强
金风科技(002202)       19.03     18.97    6.5%   多-57/空88  停手:无可卖仓且买点不强
10:11:49 [INFO] 🫀 扫描心跳 第70轮开始
10:12:32 [INFO] 🫀 扫描心跳 第71轮开始
10:13:17 [INFO] 🫀 扫描心跳 第72轮开始
10:14:00 [INFO] 🫀 扫描心跳 第73轮开始
10:14:27 [INFO] 
📊 护城河防御面板 第73轮
──────────────────────────────────────────────────────────────────────
科泰电源(300153)       21.34     21.43    3.7%    多70/空25  停手:价格低于均价，14:30前禁止买入
中文在线(300364)       22.52     22.74    5.4%    多68/空43  停手:价格低于均价，14:30前禁止买入
科创半导体ETF华夏(588170)    1.22      1.22    4.3%    多49/空-4  停手:价格低于均价，14:30前禁止买入
双良节能(600481)        4.12      4.11    3.4%   多-55/空69  停手:无可卖仓且买点不强
杉杉股份(600884)       11.81     11.89    2.0%    多38/空14  停手:价格低于均价，14:30前禁止买入
五洲新春(603667)       57.41     57.57    3.5%    多24/空53  停手:价格低于均价，14:30前禁止买入
华工科技(000988)      149.80    147.47    7.7%      多0/空2  停手:买卖都不够强
金风科技(002202)       18.90     18.97    6.5%    多-6/空73  停手:无可卖仓且买点不强
10:14:42 [INFO] 🫀 扫描心跳 第74轮开始
10:15:25 [INFO] 🫀 扫描心跳 第75轮开始
10:16:22 [INFO] 🫀 扫描心跳 第76轮开始
10:17:06 [INFO] 🫀 扫描心跳 第77轮开始
10:17:34 [INFO] 
📊 护城河防御面板 第77轮
──────────────────────────────────────────────────────────────────────
科泰电源(300153)       21.48     21.44    3.7%     多6/空55  可T观察    
中文在线(300364)       22.61     22.72    5.4%    多32/空43  停手:价格低于均价，14:30前禁止买入
科创半导体ETF华夏(588170)    1.22      1.22    4.3%    多70/空21  停手:价格低于均价，14:30前禁止买入
双良节能(600481)        4.12      4.11    3.4%   多-57/空98  停手:无可卖仓且买点不强
杉杉股份(600884)       11.83     11.88    2.0%    多74/空-5  停手:价格低于均价，14:30前禁止买入
五洲新春(603667)       57.71     57.58    3.5%   多-22/空49  可T观察    
华工科技(000988)      150.79    147.79    7.7%     多0/空23  停手:买卖都不够强
金风科技(002202)       19.05     18.97    6.5%   多-49/空59  停手:无可卖仓且买点不强
10:17:49 [INFO] 🫀 扫描心跳 第78轮开始
10:18:31 [INFO] 🫀 扫描心跳 第79轮开始
10:19:19 [INFO] 🫀 扫描心跳 第80轮开始
10:19:39 [INFO] 📊 动态份数 603667: 状态=normal 信号强度111/阈值80, 建议交易100股/份 (50%)
10:19:40 [INFO] ✅ 飞书消息已成功送达: 五洲新春(603667) SELL_HIGH - 加急通知已发送
10:19:42 [INFO] 🔔 已触发急促报警
10:20:04 [INFO] 🫀 扫描心跳 第81轮开始
10:20:16 [INFO] 📊 动态份数 588170: 状态=normal 信号强度95/阈值38, 建议交易1600股/份 (32%)
10:20:17 [INFO] ✅ 飞书消息已成功送达: 科创半导体ETF华夏(588170) SELL_HIGH - 加急通知已发送
10:20:19 [INFO] 🔔 已触发急促报警
10:20:36 [INFO] 
📊 护城河防御面板 第81轮
──────────────────────────────────────────────────────────────────────
科泰电源(300153)       21.58     21.46    3.7%     多6/空80  强可T     
中文在线(300364)       22.78     22.72    5.4%     多7/空70  强可T     
科创半导体ETF华夏(588170)    1.23      1.22    4.3%     多5/空95  强可T|SELL_HIGH
双良节能(600481)        4.14      4.11    3.4%   多-55/空91  停手:无可卖仓且买点不强
杉杉股份(600884)       11.90     11.88    2.0%    多22/空25  停手:买卖都不够强
五洲新春(603667)       58.16     57.63    3.5%  多-22/空111  停手:无可卖仓且买点不强
华工科技(000988)      153.00    148.35    7.7%     多0/空23  停手:买卖都不够强
金风科技(002202)       19.16     18.98    6.5%  多-49/空107  停手:无可卖仓且买点不强
10:20:51 [INFO] 🫀 扫描心跳 第82轮开始
10:21:33 [INFO] 🫀 扫描心跳 第83轮开始
10:22:15 [INFO] 🫀 扫描心跳 第84轮开始
10:22:58 [INFO] 🫀 扫描心跳 第85轮开始
10:23:23 [INFO] ✅ 飞书消息已成功送达: 华工科技(000988) SELL_HIGH - 加急通知已发送
10:23:25 [INFO] 🔔 已触发急促报警
10:23:28 [INFO] 
📊 护城河防御面板 第85轮
──────────────────────────────────────────────────────────────────────
科泰电源(300153)       21.58     21.46    3.7%     多6/空80  强可T     
中文在线(300364)       22.78     22.72    5.4%     多7/空70  强可T     
科创半导体ETF华夏(588170)    1.23      1.22    4.3%     多5/空77  强可T     
双良节能(600481)        4.14      4.11    3.4%   多-55/空91  停手:无可卖仓且买点不强
杉杉股份(600884)       11.90     11.88    2.0%    多22/空25  停手:买卖都不够强
五洲新春(603667)       58.38     57.73    3.5%  多-24/空124  停手:无可卖仓且买点不强
华工科技(000988)      153.15    148.90    7.7%   多-2/空141  强可T|SELL_HIGH
金风科技(002202)       19.16     19.00    6.5%  多-49/空114  停手:无可卖仓且买点不强
10:23:43 [INFO] 🫀 扫描心跳 第86轮开始
10:24:07 [INFO] ✅ 飞书消息已成功送达: 杉杉股份(600884) SELL_HIGH - 加急通知已发送
10:24:08 [INFO] 🔔 已触发急促报警
10:24:39 [INFO] 🫀 扫描心跳 第87轮开始
10:25:24 [INFO] 🫀 扫描心跳 第88轮开始
10:26:05 [INFO] 🫀 扫描心跳 第89轮开始
10:26:33 [INFO] 
📊 护城河防御面板 第89轮
──────────────────────────────────────────────────────────────────────
科泰电源(300153)       21.48     21.46    3.7%    多12/空69  强可T     
中文在线(300364)       22.69     22.72    5.4%    多32/空57  停手:价格低于均价，14:30前禁止买入
科创半导体ETF华夏(588170)    1.22      1.22    4.3%    多25/空19  停手:买卖都不够强
双良节能(600481)        4.12      4.12    3.4%     多3/空71  停手:无可卖仓且买点不强
杉杉股份(600884)       11.89     11.88    2.0%     多0/空81  强可T     
五洲新春(603667)       57.88     57.76    3.5%    多21/空47  停手:无可卖仓且买点不强
华工科技(000988)      151.04    149.07    7.7%    多11/空62  停手:无可卖仓且买点不强
金风科技(002202)       19.05     19.00    6.5%   多-36/空88  停手:无可卖仓且买点不强
10:26:48 [INFO] 🫀 扫描心跳 第90轮开始
10:27:41 [INFO] 🫀 扫描心跳 第91轮开始
10:28:24 [INFO] 🫀 扫描心跳 第92轮开始
10:29:02 [INFO] 🫀 扫描心跳 第93轮开始
10:29:24 [INFO] 
📊 护城河防御面板 第93轮
──────────────────────────────────────────────────────────────────────
科泰电源(300153)       21.28     21.45    3.7%    多79/空49  停手:价格低于均价，14:30前禁止买入
中文在线(300364)       22.52     22.71    5.4%    多51/空47  停手:价格低于均价，14:30前禁止买入
科创半导体ETF华夏(588170)    1.21      1.22    4.3%    多66/空14  停手:价格低于均价，14:30前禁止买入
双良节能(600481)        4.12      4.12    3.4%    多13/空61  停手:无可卖仓且买点不强
杉杉股份(600884)       11.87     11.88    2.0%    多25/空70  停手:价格低于均价，14:30前禁止买入
五洲新春(603667)       57.88     57.76    3.5%    多21/空47  停手:无可卖仓且买点不强
华工科技(000988)      151.04    149.07    7.7%    多11/空62  停手:无可卖仓且买点不强
金风科技(002202)       19.05     19.00    6.5%   多-36/空88  停手:无可卖仓且买点不强
10:29:39 [INFO] 🫀 扫描心跳 第94轮开始
10:30:17 [INFO] 🫀 扫描心跳 第95轮开始
10:30:56 [INFO] 🫀 扫描心跳 第96轮开始
10:31:38 [INFO] 🫀 扫描心跳 第97轮开始
10:32:05 [INFO] 
📊 护城河防御面板 第97轮
──────────────────────────────────────────────────────────────────────
科泰电源(300153)       21.25     21.43    3.9%   多123/空29  停手:价格低于均价，14:30前禁止买入
中文在线(300364)       22.57     22.69    5.4%    多61/空25  停手:价格低于均价，14:30前禁止买入
科创半导体ETF华夏(588170)    1.22      1.22    4.3%   多90/空-10  停手:价格低于均价，14:30前禁止买入
双良节能(600481)        4.12      4.12    3.4%    多37/空42  停手:震荡贴均且分差不大
杉杉股份(600884)       11.90     11.88    2.0%     多0/空59  可T观察    
五洲新春(603667)       58.06     57.78    3.5%    多-2/空36  停手:无可卖仓且买点不强
华工科技(000988)      150.88    149.21    7.7%    多21/空66  停手:无可卖仓且买点不强
金风科技(002202)       19.01     19.00    6.5%   多-42/空78  停手:无可卖仓且买点不强
10:32:20 [INFO] 🫀 扫描心跳 第98轮开始
10:33:09 [INFO] 🫀 扫描心跳 第99轮开始
10:33:52 [INFO] 🫀 扫描心跳 第100轮开始
10:34:30 [INFO] 🫀 扫描心跳 第101轮开始
10:34:57 [INFO] 
📊 护城河防御面板 第101轮
──────────────────────────────────────────────────────────────────────
科泰电源(300153)       21.28     21.42    3.9%    多68/空33  停手:价格低于均价，14:30前禁止买入
中文在线(300364)       22.57     22.69    5.4%    多44/空51  停手:价格低于均价，14:30前禁止买入
科创半导体ETF华夏(588170)    1.21      1.22    4.3%    多75/空17  停手:价格低于均价，14:30前禁止买入
双良节能(600481)        4.12      4.12    3.4%    多29/空50  可T观察    
杉杉股份(600884)       11.87     11.88    2.0%    多27/空77  停手:价格低于均价，14:30前禁止买入
五洲新春(603667)       58.35     57.83    3.5%     多0/空47  停手:无可卖仓且买点不强
华工科技(000988)      151.95    149.47    7.7%     多14/空2  停手:无可卖仓且买点不强
金风科技(002202)       19.01     19.00    6.5%   多-41/空63  停手:无可卖仓且买点不强
10:35:12 [INFO] 🫀 扫描心跳 第102轮开始
10:35:52 [INFO] 🫀 扫描心跳 第103轮开始
10:36:31 [INFO] 🫀 扫描心跳 第104轮开始
10:38:11 [INFO] 🫀 扫描心跳 第105轮开始
10:40:00 [INFO] 
📊 护城河防御面板 第105轮
──────────────────────────────────────────────────────────────────────
科泰电源(300153)       21.15     21.39    4.2%    多98/空52  停手:价格低于均价，14:30前禁止买入
中文在线(300364)       22.36     22.66    5.8%    多80/空52  停手:价格低于均价，14:30前禁止买入
科创半导体ETF华夏(588170)    1.20      1.22    4.3%   多108/空-2  停手:价格低于均价，14:30前禁止买入
双良节能(600481)        4.11      4.12    3.4%    多64/空54  停手:价格低于均价，14:30前禁止买入
杉杉股份(600884)       11.87     11.88    2.0%    多74/空16  停手:价格低于均价，14:30前禁止买入
五洲新春(603667)       57.96     57.83    3.5%    多21/空51  停手:无可卖仓且买点不强
华工科技(000988)      150.53    149.55    7.7%    多41/空59  可T观察    
金风科技(002202)       18.90     19.00    6.5%    多15/空63  停手:无可卖仓且买点不强
10:40:15 [INFO] 🫀 扫描心跳 第106轮开始
10:42:10 [INFO] 🫀 扫描心跳 第107轮开始
10:44:00 [INFO] 🫀 扫描心跳 第108轮开始
10:45:46 [INFO] 🫀 扫描心跳 第109轮开始
10:47:18 [INFO] 
📊 护城河防御面板 第109轮
──────────────────────────────────────────────────────────────────────
科泰电源(300153)       21.17     21.37    4.2%    多67/空33  停手:价格低于均价，14:30前禁止买入
中文在线(300364)       22.38     22.63    5.7%    多73/空37  停手:价格低于均价，14:30前禁止买入
科创半导体ETF华夏(588170)    1.20      1.22    4.3%     多92/空2  停手:价格低于均价，14:30前禁止买入
双良节能(600481)        4.10      4.11    3.4%    多50/空39  停手:价格低于均价，14:30前禁止买入
杉杉股份(600884)       11.87     11.88    2.0%    多22/空15  停手:买卖都不够强
五洲新春(603667)       57.69     57.84    3.5%    多55/空36  停手:价格低于均价，14:30前禁止买入
华工科技(000988)      149.79    149.62    7.7%    多24/空36  停手:无可卖仓且买点不强
金风科技(002202)       18.83     18.98    6.5%    多22/空48  停手:无可卖仓且买点不强
10:47:33 [INFO] 🫀 扫描心跳 第110轮开始
10:49:29 [INFO] 🫀 扫描心跳 第111轮开始
10:51:16 [INFO] 🫀 扫描心跳 第112轮开始
10:52:57 [INFO] 🫀 扫描心跳 第113轮开始
10:54:39 [INFO] 
📊 护城河防御面板 第113轮
──────────────────────────────────────────────────────────────────────
科泰电源(300153)       21.09     21.33    5.0%    多57/空18  停手:价格低于均价，14:30前禁止买入
中文在线(300364)       22.31     22.58    6.3%    多67/空18  停手:价格低于均价，14:30前禁止买入
科创半导体ETF华夏(588170)    1.19      1.21    5.2%  多100/空-17  停手:价格低于均价，14:30前禁止买入
双良节能(600481)        4.09      4.11    3.4%    多67/空20  停手:价格低于均价，14:30前禁止买入
杉杉股份(600884)       11.95     11.88    2.0%   多-31/空93  强可T     
五洲新春(603667)       57.59     57.81    3.5%     多49/空2  停手:价格低于均价，14:30前禁止买入
华工科技(000988)      148.50    149.51    7.7%    多65/空10  停手:价格低于均价，14:30前禁止买入
金风科技(002202)       18.81     18.96    6.5%     多66/空2  停手:价格低于均价，14:30前禁止买入
10:54:54 [INFO] 🫀 扫描心跳 第114轮开始
10:56:57 [INFO] 🫀 扫描心跳 第115轮开始
10:59:29 [INFO] 🫀 扫描心跳 第116轮开始
11:01:40 [INFO] 🫀 扫描心跳 第117轮开始
11:05:47 [INFO] 
📊 护城河防御面板 第117轮
──────────────────────────────────────────────────────────────────────
科泰电源(300153)       21.12     21.30    5.0%    多33/空47  停手:价格低于均价，14:30前禁止买入
中文在线(300364)       22.27     22.54    6.3%    多86/空18  停手:价格低于均价，14:30前禁止买入
科创半导体ETF华夏(588170)    1.17      1.21    6.8%   多104/空-2  停手:价格低于均价，14:30前禁止买入
双良节能(600481)        4.09      4.11    3.4%    多48/空30  停手:价格低于均价，14:30前禁止买入
杉杉股份(600884)       12.01     11.90    2.2%   多-11/空72  强可T     
五洲新春(603667)       57.45     57.79    3.5%    多30/空38  停手:价格低于均价，14:30前禁止买入
华工科技(000988)      147.60    149.23    7.7%    多34/空25  停手:价格低于均价，14:30前禁止买入
金风科技(002202)       18.77     18.93    6.6%    多75/空10  停手:价格低于均价，14:30前禁止买入
11:06:03 [INFO] 🫀 扫描心跳 第118轮开始
11:08:02 [INFO] 🫀 扫描心跳 第119轮开始
11:09:52 [INFO] 🫀 扫描心跳 第120轮开始
11:11:34 [INFO] 🫀 扫描心跳 第121轮开始
11:13:00 [INFO] 
📊 护城河防御面板 第121轮
──────────────────────────────────────────────────────────────────────
科泰电源(300153)       21.09     21.28    5.0%    多43/空47  停手:价格低于均价，14:30前禁止买入
中文在线(300364)       22.36     22.51    6.3%    多43/空30  停手:价格低于均价，14:30前禁止买入
科创半导体ETF华夏(588170)    1.15      1.20    8.3%    多119/空2  停手:价格低于均价，14:30前禁止买入
双良节能(600481)        4.09      4.11    3.4%    多34/空57  停手:价格低于均价，14:30前禁止买入
杉杉股份(600884)       12.04     11.91    2.2%   多-11/空61  可T观察    
五洲新春(603667)       57.04     57.74    3.5%    多58/空38  停手:价格低于均价，14:30前禁止买入
华工科技(000988)      146.20    148.99    7.7%    多73/空29  停手:价格低于均价，14:30前禁止买入
金风科技(002202)       18.54     18.91    7.9%    多73/空29  停手:价格低于均价，14:30前禁止买入
11:13:15 [INFO] 🫀 扫描心跳 第122轮开始
11:14:59 [INFO] 🫀 扫描心跳 第123轮开始
11:16:45 [INFO] 🫀 扫描心跳 第124轮开始
11:18:27 [INFO] 🫀 扫描心跳 第125轮开始
11:19:56 [INFO] 
📊 护城河防御面板 第125轮
──────────────────────────────────────────────────────────────────────
科泰电源(300153)       21.04     21.25    5.0%   多115/空18  停手:价格低于均价，14:30前禁止买入
中文在线(300364)       22.28     22.49    6.6%    多82/空18  停手:价格低于均价，14:30前禁止买入
科创半导体ETF华夏(588170)    1.16      1.20    9.2%   多26/空-17  停手:买卖都不够强
双良节能(600481)        4.08      4.11    3.4%    多74/空47  停手:价格低于均价，14:30前禁止买入
杉杉股份(600884)       12.02     11.92    2.2%     多9/空47  可T观察    
五洲新春(603667)       57.18     57.69    3.5%    多47/空48  停手:价格低于均价，14:30前禁止买入
华工科技(000988)      147.71    148.82    7.7%    多18/空17  停手:无可卖仓且买点不强
金风科技(002202)       18.67     18.89    7.9%    多39/空25  停手:价格低于均价，14:30前禁止买入
11:20:11 [INFO] 🫀 扫描心跳 第126轮开始
11:21:12 [INFO] 📊 动态份数 600884: 状态=normal 信号强度116/阈值80, 建议交易100股/份 (50%)
11:21:15 [INFO] ✅ 飞书消息已成功送达: 杉杉股份(600884) SELL_HIGH - 加急通知已发送
11:21:22 [INFO] 🔔 已触发急促报警
11:22:08 [INFO] 🫀 扫描心跳 第127轮开始
11:23:50 [INFO] 🫀 扫描心跳 第128轮开始
11:25:43 [INFO] 🫀 扫描心跳 第129轮开始
11:27:26 [INFO] 
📊 护城河防御面板 第129轮
──────────────────────────────────────────────────────────────────────
科泰电源(300153)       21.01     21.23    5.0%    多84/空18  停手:价格低于均价，14:30前禁止买入
中文在线(300364)       22.23     22.46    6.7%   多118/空18  停手:价格低于均价，14:30前禁止买入
科创半导体ETF华夏(588170)    1.15      1.19    9.2%   多91/空-17  停手:价格低于均价，14:30前禁止买入
双良节能(600481)        4.08      4.10    3.4%    多56/空47  停手:价格低于均价，14:30前禁止买入
杉杉股份(600884)       12.01     11.93    2.2%   多22/空101  停手:无可卖仓且买点不强
五洲新春(603667)       57.17     57.63    3.5%    多52/空25  停手:价格低于均价，14:30前禁止买入
华工科技(000988)      147.75    148.65    7.7%    多18/空25  停手:无可卖仓且买点不强
金风科技(002202)       18.63     18.86    7.9%    多33/空20  停手:价格低于均价，14:30前禁止买入
11:27:41 [INFO] 🫀 扫描心跳 第130轮开始
11:28:14 [INFO] 📉 588170 买入信号得分56分，低于10:00后阈值68分，静默处理（不推送飞书）
11:29:22 [INFO] 🫀 扫描心跳 第131轮开始
11:30:47 [INFO] ✅ 飞书消息已成功送达: 金风科技(002202) BUY_LOW - 加急通知已发送
11:30:53 [INFO] 🔔 已触发急促报警
11:31:08 [INFO] ⏸ 非交易时段，进入低频保活
13:32:54 [INFO] 🫀 扫描心跳 第132轮开始
13:33:17 [INFO] 📊 动态份数 588170: 状态=normal 信号强度98/阈值38, 建议交易2000股/份 (40%)
13:33:18 [WARNING] ⚠️  飞书推送第1次发送异常，准备重试: HTTPSConnectionPool(host='open.feishu.cn', port=443): Max retries exceeded with url: /open-apis/bot/
13:34:14 [INFO] 🫀 扫描心跳 第133轮开始
13:34:38 [INFO] 
📊 护城河防御面板 第133轮
──────────────────────────────────────────────────────────────────────
科泰电源(300153)       22.04     21.36    5.1%   多-9/空-22  停手:买卖都不够强
中文在线(300364)       22.91     22.54    6.7%    多-9/空13  停手:买卖都不够强
科创半导体ETF华夏(588170)    1.22      1.19    9.2%    多13/空80  强可T     
双良节能(600481)        4.16      4.11    3.4%    多-9/空77  停手:无可卖仓且买点不强
杉杉股份(600884)       12.17     12.01    3.3%    多-3/空91  停手:无可卖仓且买点不强
五洲新春(603667)       59.13     57.99    4.5%    多-9/空76  停手:无可卖仓且买点不强
华工科技(000988)      159.62    151.36   11.8%    多9/空-22  停手:无可卖仓且买点不强
金风科技(002202)       19.27     18.94    7.9%    多-9/空10  停手:无可卖仓且买点不强
13:34:53 [INFO] 🫀 扫描心跳 第134轮开始
13:35:29 [INFO] 🫀 扫描心跳 第135轮开始
13:36:04 [INFO] 🫀 扫描心跳 第136轮开始
13:36:10 [INFO] 📊 动态份数 300364: 状态=normal 信号强度62/阈值53, 建议交易100股/份 (33%)
13:36:10 [INFO] 📉 300364 卖出信号得分62分，低于10:00后阈值65分，静默处理（不推送飞书）
13:36:40 [INFO] 🫀 扫描心跳 第137轮开始
13:37:03 [INFO] 
📊 护城河防御面板 第137轮
──────────────────────────────────────────────────────────────────────
科泰电源(300153)       21.89     21.38    5.0%    多-1/空10  停手:买卖都不够强
中文在线(300364)       22.80     22.55    6.7%   多-14/空54  停手:无可卖仓且买点不强
科创半导体ETF华夏(588170)    1.22      1.19    9.2%    多29/空58  可T观察    
双良节能(600481)        4.15      4.11    3.4%   多-11/空75  停手:无可卖仓且买点不强
杉杉股份(600884)       12.13     12.01    3.3%    多15/空74  停手:无可卖仓且买点不强
五洲新春(603667)       58.62     58.01    4.5%     多4/空10  停手:无可卖仓且买点不强
华工科技(000988)      158.48    151.58   11.8%    多-6/空10  停手:无可卖仓且买点不强
金风科技(002202)       19.12     18.94    7.9%    多-1/空10  停手:无可卖仓且买点不强
13:37:18 [INFO] 🫀 扫描心跳 第138轮开始
13:38:00 [INFO] 🫀 扫描心跳 第139轮开始
13:38:44 [INFO] 🫀 扫描心跳 第140轮开始
13:39:24 [INFO] 🫀 扫描心跳 第141轮开始
13:39:49 [INFO] 
📊 护城河防御面板 第141轮
──────────────────────────────────────────────────────────────────────
科泰电源(300153)       21.77     21.39    5.0%    多-1/空10  停手:买卖都不够强
中文在线(300364)       22.64     22.55    6.7%     多5/空39  停手:无可卖仓且买点不强
科创半导体ETF华夏(588170)    1.22      1.19    9.2%    多29/空58  可T观察    
双良节能(600481)        4.15      4.11    3.4%   多-11/空75  停手:无可卖仓且买点不强
杉杉股份(600884)       12.13     12.01    3.3%    多15/空74  停手:无可卖仓且买点不强
五洲新春(603667)       58.62     58.01    4.5%     多4/空10  停手:无可卖仓且买点不强
华工科技(000988)      158.48    151.58   11.8%    多-6/空10  停手:无可卖仓且买点不强
金风科技(002202)       19.12     18.94    7.9%    多-1/空10  停手:无可卖仓且买点不强
13:40:04 [INFO] 🫀 扫描心跳 第142轮开始
13:40:44 [INFO] 🫀 扫描心跳 第143轮开始
13:41:23 [INFO] 🫀 扫描心跳 第144轮开始
13:41:31 [INFO] 📊 动态份数 588170: 状态=normal 信号强度62/阈值38, 建议交易2000股/份 (40%)
13:41:31 [INFO] 📉 588170 卖出信号得分62分，低于10:00后阈值65分，静默处理（不推送飞书）
13:42:00 [INFO] 🫀 扫描心跳 第145轮开始
13:42:24 [INFO] 
📊 护城河防御面板 第145轮
──────────────────────────────────────────────────────────────────────
科泰电源(300153)       21.77     21.39    5.0%    多-1/空10  停手:买卖都不够强
中文在线(300364)       22.64     22.55    6.7%     多5/空39  停手:无可卖仓且买点不强
科创半导体ETF华夏(588170)    1.21      1.19    9.2%    多26/空62  停手:当日轮次已满
双良节能(600481)        4.13      4.11    3.4%     多4/空54  停手:无可卖仓且买点不强
杉杉股份(600884)       12.12     12.02    3.3%    多15/空74  停手:无可卖仓且买点不强
五洲新春(603667)       58.50     58.04    4.5%     多4/空10  停手:无可卖仓且买点不强
华工科技(000988)      159.11    151.86   11.8%     多5/空35  停手:无可卖仓且买点不强
金风科技(002202)       19.05     18.95    7.9%     多7/空55  停手:无可卖仓且买点不强
13:42:39 [INFO] 🫀 扫描心跳 第146轮开始
13:43:19 [INFO] 🫀 扫描心跳 第147轮开始
13:44:00 [INFO] 🫀 扫描心跳 第148轮开始
13:44:39 [INFO] 🫀 扫描心跳 第149轮开始
13:45:02 [INFO] 
📊 护城河防御面板 第149轮
──────────────────────────────────────────────────────────────────────
科泰电源(300153)       21.68     21.40    5.0%    多-1/空10  停手:买卖都不够强
中文在线(300364)       22.59     22.55    6.7%     多5/空39  停手:无可卖仓且买点不强
科创半导体ETF华夏(588170)    1.20      1.19    9.2%    多61/空17  停手:当日轮次已满
双良节能(600481)        4.13      4.11    3.4%    多12/空54  停手:无可卖仓且买点不强
杉杉股份(600884)       12.14     12.02    3.3%   多21/空120  停手:无可卖仓且买点不强
五洲新春(603667)       58.40     58.05    4.5%    多32/空44  弱机会     
华工科技(000988)      157.58    152.04   11.8%    多12/空10  停手:无可卖仓且买点不强
金风科技(002202)       19.00     18.95    7.9%    多27/空47  停手:无可卖仓且买点不强
13:45:17 [INFO] 🫀 扫描心跳 第150轮开始
13:46:00 [INFO] 🫀 扫描心跳 第151轮开始
13:46:39 [INFO] 🫀 扫描心跳 第152轮开始
13:47:19 [INFO] 🫀 扫描心跳 第153轮开始
13:47:42 [INFO] 
📊 护城河防御面板 第153轮
──────────────────────────────────────────────────────────────────────
科泰电源(300153)       21.70     21.41    5.0%    多11/空10  停手:买卖都不够强
中文在线(300364)       22.61     22.56    6.7%     多4/空20  停手:无可卖仓且买点不强
科创半导体ETF华夏(588170)    1.20      1.20    9.2%     多8/空-6  停手:买卖都不够强
双良节能(600481)        4.14      4.11    3.4%   多-17/空54  停手:无可卖仓且买点不强
杉杉股份(600884)       12.12     12.02    3.3%    多28/空59  可T观察    
五洲新春(603667)       58.23     58.06    4.5%     多3/空44  停手:无可卖仓且买点不强
华工科技(000988)      157.78    152.21   11.8%    多26/空10  停手:无可卖仓且买点不强
金风科技(002202)       19.08     18.95    7.9%     多3/空51  停手:无可卖仓且买点不强
13:47:57 [INFO] 🫀 扫描心跳 第154轮开始
13:48:38 [INFO] 🫀 扫描心跳 第155轮开始
13:49:17 [INFO] 🫀 扫描心跳 第156轮开始
13:49:56 [INFO] 🫀 扫描心跳 第157轮开始
13:50:23 [INFO] 
📊 护城河防御面板 第157轮
──────────────────────────────────────────────────────────────────────
科泰电源(300153)       21.56     21.42    5.0%     多1/空52  可T观察    
中文在线(300364)       22.53     22.56    6.7%    多59/空29  停手:价格低于均价，14:30前禁止买入
科创半导体ETF华夏(588170)    1.19      1.19    9.2%    多60/空-6  停手:当日轮次已满
双良节能(600481)        4.13      4.11    3.4%   多-11/空54  停手:无可卖仓且买点不强
杉杉股份(600884)       12.11     12.03    3.3%    多33/空44  弱机会     
五洲新春(603667)       58.20     58.06    4.5%    多13/空25  停手:无可卖仓且买点不强
华工科技(000988)      156.77    152.38   11.8%    多26/空10  停手:无可卖仓且买点不强
金风科技(002202)       19.02     18.95    7.9%    多15/空43  停手:无可卖仓且买点不强
13:50:38 [INFO] 🫀 扫描心跳 第158轮开始
13:51:17 [INFO] 🫀 扫描心跳 第159轮开始
13:51:57 [INFO] 🫀 扫描心跳 第160轮开始
13:52:36 [INFO] 🫀 扫描心跳 第161轮开始
13:53:00 [INFO] 
📊 护城河防御面板 第161轮
──────────────────────────────────────────────────────────────────────
科泰电源(300153)       21.49     21.42    5.0%    多-2/空52  可T观察    
中文在线(300364)       22.45     22.55    6.7%    多47/空29  停手:价格低于均价，14:30前禁止买入
科创半导体ETF华夏(588170)    1.19      1.19    9.2%    多60/空-6  停手:当日轮次已满
双良节能(600481)        4.13      4.11    3.4%   多-11/空54  停手:无可卖仓且买点不强
杉杉股份(600884)       12.11     12.03    3.3%    多33/空44  弱机会     
五洲新春(603667)       58.20     58.06    4.5%    多13/空25  停手:无可卖仓且买点不强
华工科技(000988)      156.77    152.38   11.8%    多26/空10  停手:无可卖仓且买点不强
金风科技(002202)       19.02     18.95    7.9%    多15/空43  停手:无可卖仓且买点不强
13:53:15 [INFO] 🫀 扫描心跳 第162轮开始
13:53:57 [INFO] 🫀 扫描心跳 第163轮开始
13:54:35 [INFO] 🫀 扫描心跳 第164轮开始
13:55:14 [INFO] 🫀 扫描心跳 第165轮开始
13:55:43 [INFO] 
📊 护城河防御面板 第165轮
──────────────────────────────────────────────────────────────────────
科泰电源(300153)       21.49     21.42    5.0%    多-2/空52  可T观察    
中文在线(300364)       22.45     22.55    6.7%    多47/空29  停手:价格低于均价，14:30前禁止买入
科创半导体ETF华夏(588170)    1.18      1.19    9.2%     多82/空2  停手:当日轮次已满
双良节能(600481)        4.13      4.11    3.4%     多6/空54  停手:无可卖仓且买点不强
杉杉股份(600884)       12.09     12.03    3.3%    多35/空59  可T观察    
五洲新春(603667)       57.80     58.05    4.5%    多71/空29  停手:价格低于均价，14:30前禁止买入
华工科技(000988)      156.16    152.49   11.8%     多6/空10  停手:无可卖仓且买点不强
金风科技(002202)       18.98     18.95    7.9%   多-10/空55  停手:无可卖仓且买点不强
13:55:58 [INFO] 🫀 扫描心跳 第166轮开始
13:56:36 [INFO] 🫀 扫描心跳 第167轮开始
13:56:46 [INFO] 📉 588170 买入信号得分55分，低于10:00后阈值68分，静默处理（不推送飞书）
13:57:18 [INFO] 🫀 扫描心跳 第168轮开始
13:57:59 [INFO] 🫀 扫描心跳 第169轮开始
13:58:23 [INFO] 
📊 护城河防御面板 第169轮
──────────────────────────────────────────────────────────────────────
科泰电源(300153)       21.54     21.42    5.0%    多-1/空25  停手:买卖都不够强
中文在线(300364)       22.49     22.55    6.7%    多49/空10  停手:价格低于均价，14:30前禁止买入
科创半导体ETF华夏(588170)    1.19      1.19    9.2%   多35/空-17  停手:当日轮次已满
双良节能(600481)        4.14      4.12    3.4%     多3/空35  停手:无可卖仓且买点不强
杉杉股份(600884)       12.10     12.03    3.3%    多32/空40  弱机会     
五洲新春(603667)       57.91     58.05    4.5%    多47/空10  停手:价格低于均价，14:30前禁止买入
华工科技(000988)      156.80    152.59   11.8%    多-1/空40  停手:无可卖仓且买点不强
金风科技(002202)       18.97     18.95    7.9%    多-4/空28  停手:无可卖仓且买点不强
13:58:38 [INFO] 🫀 扫描心跳 第170轮开始
13:59:17 [INFO] 🫀 扫描心跳 第171轮开始
13:59:20 [INFO] 📊 动态份数 300153: 状态=normal 信号强度70/阈值55, 建议交易100股/份 (50%)
13:59:21 [INFO] ✅ 飞书消息已成功送达: 科泰电源(300153) SELL_HIGH - 加急通知已发送
13:59:23 [INFO] 🔔 已触发急促报警
14:00:01 [INFO] 🫀 扫描心跳 第172轮开始
14:00:41 [INFO] 🫀 扫描心跳 第173轮开始
14:01:05 [INFO] 
📊 护城河防御面板 第173轮
──────────────────────────────────────────────────────────────────────
科泰电源(300153)       21.54     21.43    5.0%    多17/空62  停手:无可卖仓且买点不强
中文在线(300364)       22.49     22.55    6.7%    多49/空58  停手:价格低于均价，14:30前禁止买入
科创半导体ETF华夏(588170)    1.19      1.19    9.2%    多67/空13  停手:当日轮次已满
双良节能(600481)        4.13      4.12    3.4%    多65/空89  强可T     
杉杉股份(600884)       12.12     12.03    3.3%    多15/空55  停手:无可卖仓且买点不强
五洲新春(603667)       57.90     58.05    4.5%    多65/空40  停手:价格低于均价，14:30前禁止买入
华工科技(000988)      156.50    152.74   11.8%    多29/空18  弱机会     
金风科技(002202)       18.99     18.96    7.9%    多15/空91  停手:无可卖仓且买点不强
14:01:20 [INFO] 🫀 扫描心跳 第174轮开始
14:01:58 [INFO] 🫀 扫描心跳 第175轮开始
14:02:37 [INFO] 🫀 扫描心跳 第176轮开始
14:03:18 [INFO] 🫀 扫描心跳 第177轮开始
14:03:56 [INFO] 
📊 护城河防御面板 第177轮
──────────────────────────────────────────────────────────────────────
科泰电源(300153)       21.58     21.43    5.0%     多6/空57  停手:无可卖仓且买点不强
中文在线(300364)       22.46     22.55    6.7%    多17/空88  停手:无可卖仓且买点不强
科创半导体ETF华夏(588170)    1.19      1.19    9.2%    多83/空21  停手:当日轮次已满
双良节能(600481)        4.14      4.12    3.4%    多16/空79  停手:无可卖仓且买点不强
杉杉股份(600884)       12.12     12.03    3.3%    多13/空69  停手:无可卖仓且买点不强
五洲新春(603667)       58.07     58.05    4.5%     多9/空40  停手:无可卖仓且买点不强
华工科技(000988)      156.77    152.83   11.8%    多28/空55  可T观察    
金风科技(002202)       18.99     18.96    7.9%    多15/空66  停手:无可卖仓且买点不强
14:04:11 [INFO] 🫀 扫描心跳 第178轮开始
14:04:51 [INFO] 🫀 扫描心跳 第179轮开始
14:05:01 [INFO] ✅ 飞书消息已成功送达: 科创半导体ETF华夏(588170) BUY_LOW - 加急通知已发送
14:05:02 [INFO] 🔔 已触发急促报警
14:05:36 [INFO] 🫀 扫描心跳 第180轮开始
14:06:16 [INFO] 🫀 扫描心跳 第181轮开始
14:06:41 [INFO] 
📊 护城河防御面板 第181轮
──────────────────────────────────────────────────────────────────────
科泰电源(300153)       21.63     21.44    5.0%      多6/空2  停手:无可卖仓且买点不强
中文在线(300364)       22.54     22.55    6.7%   多-16/空74  停手:无可卖仓且买点不强
科创半导体ETF华夏(588170)    1.19      1.19    9.2%    多83/空27  停手:当日轮次已满
双良节能(600481)        4.14      4.12    3.4%    多16/空79  停手:无可卖仓且买点不强
杉杉股份(600884)       12.12     12.03    3.3%    多13/空69  停手:无可卖仓且买点不强
五洲新春(603667)       58.07     58.05    4.5%     多9/空40  停手:无可卖仓且买点不强
华工科技(000988)      156.77    152.83   11.8%    多28/空55  可T观察    
金风科技(002202)       18.99     18.96    7.9%    多15/空66  停手:无可卖仓且买点不强
14:06:56 [INFO] 🫀 扫描心跳 第182轮开始
14:07:43 [INFO] 🫀 扫描心跳 第183轮开始
14:08:22 [INFO] 🫀 扫描心跳 第184轮开始
14:09:01 [INFO] 🫀 扫描心跳 第185轮开始
14:09:27 [INFO] 
📊 护城河防御面板 第185轮
──────────────────────────────────────────────────────────────────────
科泰电源(300153)       21.63     21.44    5.0%      多6/空2  停手:无可卖仓且买点不强
中文在线(300364)       22.54     22.55    6.7%   多-16/空74  停手:无可卖仓且买点不强
科创半导体ETF华夏(588170)    1.19      1.19    9.2%    多22/空14  停手:买卖都不够强
双良节能(600481)        4.16      4.12    3.4%    多12/空77  停手:无可卖仓且买点不强
杉杉股份(600884)       12.14     12.04    3.3%   多15/空147  停手:无可卖仓且买点不强
五洲新春(603667)       58.28     58.05    4.5%     多9/空52  停手:无可卖仓且买点不强
华工科技(000988)      157.77    152.98   11.8%      多5/空5  停手:无可卖仓且买点不强
金风科技(002202)       19.06     18.96    7.9%    多12/空63  停手:无可卖仓且买点不强
14:09:42 [INFO] 🫀 扫描心跳 第186轮开始
14:10:23 [INFO] 🫀 扫描心跳 第187轮开始
14:11:05 [INFO] 🫀 扫描心跳 第188轮开始
14:11:42 [INFO] 🫀 扫描心跳 第189轮开始
14:12:07 [INFO] 
📊 护城河防御面板 第189轮
──────────────────────────────────────────────────────────────────────
科泰电源(300153)       21.63     21.45    5.0%      多4/空2  停手:无可卖仓且买点不强
中文在线(300364)       22.50     22.55    6.7%   多-10/空88  停手:无可卖仓且买点不强
科创半导体ETF华夏(588170)    1.19      1.19    9.2%    多37/空27  停手:当日轮次已满
双良节能(600481)        4.16      4.12    3.4%    多12/空77  停手:无可卖仓且买点不强
杉杉股份(600884)       12.14     12.04    3.3%   多15/空145  停手:无可卖仓且买点不强
五洲新春(603667)       58.19     58.06    4.5%     多9/空65  停手:无可卖仓且买点不强
华工科技(000988)      157.20    153.09   11.8%     多9/空47  停手:无可卖仓且买点不强
金风科技(002202)       19.07     18.96    7.9%    多10/空95  停手:无可卖仓且买点不强
14:12:22 [INFO] 🫀 扫描心跳 第190轮开始
14:13:00 [INFO] 🫀 扫描心跳 第191轮开始
14:13:46 [INFO] 🫀 扫描心跳 第192轮开始
14:14:28 [INFO] 🫀 扫描心跳 第193轮开始
14:14:53 [INFO] 
📊 护城河防御面板 第193轮
──────────────────────────────────────────────────────────────────────
科泰电源(300153)       21.63     21.45    5.0%     多19/空2  停手:无可卖仓且买点不强
中文在线(300364)       22.62     22.55    6.7%  多-46/空101  停手:无可卖仓且买点不强
科创半导体ETF华夏(588170)    1.19      1.19    9.2%    多22/空14  停手:买卖都不够强
双良节能(600481)        4.17      4.12    3.4%     多6/空77  停手:无可卖仓且买点不强
杉杉股份(600884)       12.15     12.04    3.3%   多12/空161  停手:无可卖仓且买点不强
五洲新春(603667)       58.47     58.07    4.5%     多6/空10  停手:无可卖仓且买点不强
华工科技(000988)      157.96    153.24   11.8%     多5/空-3  停手:无可卖仓且买点不强
金风科技(002202)       19.08     18.96    7.9%    多12/空61  停手:无可卖仓且买点不强
14:15:08 [INFO] 🫀 扫描心跳 第194轮开始
14:15:47 [INFO] 🫀 扫描心跳 第195轮开始
14:16:25 [INFO] 🫀 扫描心跳 第196轮开始
14:17:04 [INFO] 🫀 扫描心跳 第197轮开始
14:17:45 [INFO] 
📊 护城河防御面板 第197轮
──────────────────────────────────────────────────────────────────────
科泰电源(300153)       21.71     21.46    5.0%      多0/空2  停手:无可卖仓且买点不强
中文在线(300364)       22.67     22.55    6.7%   多-49/空96  停手:无可卖仓且买点不强
科创半导体ETF华夏(588170)    1.19      1.19    9.2%    多18/空37  停手:ETF波动不足
双良节能(600481)        4.18      4.12    3.4%    多6/空146  停手:无可卖仓且买点不强
杉杉股份(600884)       12.16     12.05    3.3%   多10/空165  停手:无可卖仓且买点不强
五洲新春(603667)       58.37     58.07    4.5%     多3/空50  停手:无可卖仓且买点不强
华工科技(000988)      157.75    153.34   11.8%     多0/空47  停手:无可卖仓且买点不强
金风科技(002202)       19.10     18.97    7.9%    多12/空10  停手:无可卖仓且买点不强
14:18:00 [INFO] 🫀 扫描心跳 第198轮开始
14:18:41 [INFO] 🫀 扫描心跳 第199轮开始
14:19:20 [INFO] 🫀 扫描心跳 第200轮开始
14:20:02 [INFO] 🫀 扫描心跳 第201轮开始
14:20:26 [INFO] 
📊 护城河防御面板 第201轮
──────────────────────────────────────────────────────────────────────
科泰电源(300153)       21.65     21.46    5.0%     多-2/空2  停手:无可卖仓且买点不强
中文在线(300364)       22.62     22.56    6.7%  多-25/空103  停手:无可卖仓且买点不强
科创半导体ETF华夏(588170)    1.19      1.19    9.2%    多18/空37  停手:ETF波动不足
双良节能(600481)        4.18      4.12    3.4%    多6/空146  停手:无可卖仓且买点不强
杉杉股份(600884)       12.16     12.05    3.3%   多10/空165  停手:无可卖仓且买点不强
五洲新春(603667)       58.37     58.07    4.5%     多3/空50  停手:无可卖仓且买点不强
华工科技(000988)      157.75    153.34   11.8%     多0/空47  停手:无可卖仓且买点不强
金风科技(002202)       19.10     18.97    7.9%    多12/空10  停手:无可卖仓且买点不强
14:20:41 [INFO] 🫀 扫描心跳 第202轮开始
14:21:23 [INFO] 🫀 扫描心跳 第203轮开始
14:22:02 [INFO] 🫀 扫描心跳 第204轮开始
14:22:41 [INFO] 🫀 扫描心跳 第205轮开始
14:23:05 [INFO] 
📊 护城河防御面板 第205轮
──────────────────────────────────────────────────────────────────────
科泰电源(300153)       21.65     21.46    5.0%     多-2/空2  停手:无可卖仓且买点不强
中文在线(300364)       22.62     22.56    6.7%  多-25/空103  停手:无可卖仓且买点不强
科创半导体ETF华夏(588170)    1.19      1.19    9.2%    多53/空31  停手:当日轮次已满
双良节能(600481)        4.17      4.12    3.4%    多10/空90  停手:无可卖仓且买点不强
杉杉股份(600884)       12.15     12.05    3.3%   多12/空168  停手:无可卖仓且买点不强
五洲新春(603667)       58.20     58.08    4.5%     多7/空69  停手:无可卖仓且买点不强
华工科技(000988)      157.59    153.47   11.8%    多15/空65  停手:无可卖仓且买点不强
金风科技(002202)       19.07     18.97    7.9%    多20/空80  停手:无可卖仓且买点不强
14:23:20 [INFO] 🫀 扫描心跳 第206轮开始
14:24:02 [INFO] 🫀 扫描心跳 第207轮开始
14:24:43 [INFO] 🫀 扫描心跳 第208轮开始
14:25:22 [INFO] 🫀 扫描心跳 第209轮开始
14:25:45 [INFO] 
📊 护城河防御面板 第209轮
──────────────────────────────────────────────────────────────────────
科泰电源(300153)       21.59     21.47    5.0%    多12/空51  停手:无可卖仓且买点不强
中文在线(300364)       22.55     22.56    6.7%   多-30/空78  停手:无可卖仓且买点不强
科创半导体ETF华夏(588170)    1.19      1.19    9.2%   多100/空21  停手:当日轮次已满
双良节能(600481)        4.17      4.12    3.4%    多20/空69  停手:无可卖仓且买点不强
杉杉股份(600884)       12.12     12.05    3.3%    多28/空74  强可T     
五洲新春(603667)       58.20     58.08    4.5%    多29/空40  弱机会     
华工科技(000988)      156.56    153.54   11.8%    多32/空59  可T观察    
金风科技(002202)       19.07     18.97    7.9%    多20/空47  停手:无可卖仓且买点不强
14:26:00 [INFO] 🫀 扫描心跳 第210轮开始
14:26:41 [INFO] 🫀 扫描心跳 第211轮开始
14:27:21 [INFO] 🫀 扫描心跳 第212轮开始
14:28:03 [INFO] 🫀 扫描心跳 第213轮开始
14:28:27 [INFO] 
📊 护城河防御面板 第213轮
──────────────────────────────────────────────────────────────────────
科泰电源(300153)       21.70     21.47    5.0%      多0/空2  停手:无可卖仓且买点不强
中文在线(300364)       22.66     22.56    6.7%   多-49/空49  停手:无可卖仓且买点不强
科创半导体ETF华夏(588170)    1.19      1.19    9.2%    多22/空14  停手:买卖都不够强
双良节能(600481)        4.19      4.12    3.4%     多6/空86  停手:无可卖仓且买点不强
杉杉股份(600884)       12.15     12.05    3.3%   多26/空139  停手:无可卖仓且买点不强
五洲新春(603667)       58.27     58.08    4.5%    多26/空55  停手:无可卖仓且买点不强
华工科技(000988)      157.45    153.62   11.8%    多19/空-3  停手:无可卖仓且买点不强
金风科技(002202)       19.10     18.98    7.9%    多29/空10  弱机会     
14:28:42 [INFO] 🫀 扫描心跳 第214轮开始
14:29:21 [INFO] 🫀 扫描心跳 第215轮开始
14:30:04 [INFO] 🫀 扫描心跳 第216轮开始
14:30:43 [INFO] 🫀 扫描心跳 第217轮开始
14:30:52 [INFO] 📊 动态份数 588170: 状态=normal 信号强度38/阈值38, 建议交易600股/份 (12%)
14:30:52 [INFO] 📉 588170 卖出信号得分38分，低于10:00后阈值65分，静默处理（不推送飞书）
14:31:09 [INFO] 
📊 护城河防御面板 第217轮
──────────────────────────────────────────────────────────────────────
科泰电源(300153)       21.72     21.48    5.0%      多0/空2  停手:无可卖仓且买点不强
中文在线(300364)       22.66     22.56    6.7%  多-51/空118  停手:无可卖仓且买点不强
科创半导体ETF华夏(588170)    1.20      1.19    9.2%     多2/空38  停手:当日轮次已满|SELL_HIGH
双良节能(600481)        4.19      4.13    3.4%     多6/空96  停手:无可卖仓且买点不强
杉杉股份(600884)       12.13     12.05    3.3%    多13/空74  停手:无可卖仓且买点不强
五洲新春(603667)       58.38     58.09    4.5%     多3/空55  停手:无可卖仓且买点不强
华工科技(000988)      157.29    153.72   11.8%    多28/空55  可T观察    
金风科技(002202)       19.14     18.98    7.9%    多6/空-30  停手:无可卖仓且买点不强
14:31:24 [INFO] 🫀 扫描心跳 第218轮开始
14:32:05 [INFO] 🫀 扫描心跳 第219轮开始
14:32:44 [INFO] 🫀 扫描心跳 第220轮开始
14:33:25 [INFO] 🫀 扫描心跳 第221轮开始
14:34:05 [INFO] 
📊 护城河防御面板 第221轮
──────────────────────────────────────────────────────────────────────
科泰电源(300153)       21.79     21.49    5.0%      多0/空2  停手:无可卖仓且买点不强
中文在线(300364)       22.77     22.57    6.7%     多6/空77  停手:无可卖仓且买点不强
科创半导体ETF华夏(588170)    1.20      1.19    9.2%     多2/空20  停手:无可卖仓且买点不强
双良节能(600481)        4.19      4.13    3.4%     多6/空96  停手:无可卖仓且买点不强
杉杉股份(600884)       12.13     12.05    3.3%    多13/空74  停手:无可卖仓且买点不强
五洲新春(603667)       58.38     58.09    4.5%     多3/空55  停手:无可卖仓且买点不强
华工科技(000988)      157.29    153.72   11.8%    多28/空55  可T观察    
金风科技(002202)       19.14     18.98    7.9%    多6/空-30  停手:无可卖仓且买点不强
14:34:20 [INFO] 🫀 扫描心跳 第222轮开始
14:35:02 [INFO] 🫀 扫描心跳 第223轮开始
14:35:42 [INFO] 🫀 扫描心跳 第224轮开始
14:36:25 [INFO] 🫀 扫描心跳 第225轮开始
14:36:49 [INFO] 
📊 护城河防御面板 第225轮
──────────────────────────────────────────────────────────────────────
科泰电源(300153)       21.79     21.49    5.0%      多0/空2  停手:无可卖仓且买点不强
中文在线(300364)       22.77     22.57    6.7%     多6/空85  停手:无可卖仓且买点不强
科创半导体ETF华夏(588170)    1.21      1.19    9.2%     多2/空98  停手:无可卖仓且买点不强
双良节能(600481)        4.18      4.13    3.4%    多4/空153  停手:无可卖仓且买点不强
杉杉股份(600884)       12.14     12.06    3.3%   多30/空120  强可T     
五洲新春(603667)       58.72     58.10    4.5%    多6/空-22  停手:无可卖仓且买点不强
华工科技(000988)      158.02    153.81   11.8%     多2/空-3  停手:无可卖仓且买点不强
金风科技(002202)       19.19     18.98    7.9%    多6/空-30  停手:无可卖仓且买点不强
14:37:04 [INFO] 🫀 扫描心跳 第226轮开始
14:37:44 [INFO] 🫀 扫描心跳 第227轮开始
14:38:25 [INFO] 🫀 扫描心跳 第228轮开始
14:39:04 [INFO] 🫀 扫描心跳 第229轮开始
14:39:28 [INFO] 
📊 护城河防御面板 第229轮
──────────────────────────────────────────────────────────────────────
科泰电源(300153)       21.84     21.50    5.0%      多0/空2  停手:无可卖仓且买点不强
中文在线(300364)       22.74     22.57    6.7%     多4/空72  停手:无可卖仓且买点不强
科创半导体ETF华夏(588170)    1.21      1.19    9.2%     多2/空72  停手:无可卖仓且买点不强
双良节能(600481)        4.19      4.13    3.4%    多20/空78  停手:无可卖仓且买点不强
杉杉股份(600884)       12.16     12.06    3.3%    多9/空139  停手:无可卖仓且买点不强
五洲新春(603667)       58.68     58.12    4.5%     多6/空10  停手:无可卖仓且买点不强
华工科技(000988)      158.06    153.93   11.8%     多0/空37  停手:无可卖仓且买点不强
金风科技(002202)       19.19     18.99    7.9%     多4/空10  停手:无可卖仓且买点不强
14:39:43 [INFO] 🫀 扫描心跳 第230轮开始
14:40:23 [INFO] 🫀 扫描心跳 第231轮开始
14:41:03 [INFO] 🫀 扫描心跳 第232轮开始
14:41:46 [INFO] 🫀 扫描心跳 第233轮开始
14:42:10 [INFO] 
📊 护城河防御面板 第233轮
──────────────────────────────────────────────────────────────────────
科泰电源(300153)       21.87     21.50    5.0%     多-2/空2  停手:无可卖仓且买点不强
中文在线(300364)       22.76     22.57    6.7%     多4/空57  停手:无可卖仓且买点不强
科创半导体ETF华夏(588170)    1.22      1.19    9.2%     多0/空60  停手:无可卖仓且买点不强
双良节能(600481)        4.19      4.13    3.4%    多26/空74  停手:无可卖仓且买点不强
杉杉股份(600884)       12.16     12.06    3.3%    多7/空153  停手:无可卖仓且买点不强
五洲新春(603667)       58.83     58.14    4.5%     多6/空10  停手:无可卖仓且买点不强
华工科技(000988)      158.08    154.01   11.8%     多0/空47  停手:无可卖仓且买点不强
金风科技(002202)       19.27     18.99    7.9%     多6/空10  停手:无可卖仓且买点不强
14:42:25 [INFO] 🫀 扫描心跳 第234轮开始
14:43:03 [INFO] 🫀 扫描心跳 第235轮开始
14:43:42 [INFO] 🫀 扫描心跳 第236轮开始
14:44:21 [INFO] 🫀 扫描心跳 第237轮开始
14:44:48 [INFO] 
📊 护城河防御面板 第237轮
──────────────────────────────────────────────────────────────────────
科泰电源(300153)       21.83     21.51    5.0%     多-2/空2  停手:无可卖仓且买点不强
中文在线(300364)       22.68     22.58    6.7%    多27/空62  停手:无可卖仓且买点不强
科创半导体ETF华夏(588170)    1.21      1.19    9.2%     多9/空68  停手:无可卖仓且买点不强
双良节能(600481)        4.18      4.13    3.4%   多14/空153  停手:无可卖仓且买点不强
杉杉股份(600884)       12.16     12.06    3.3%   多13/空138  停手:无可卖仓且买点不强
五洲新春(603667)       58.56     58.15    4.5%     多5/空10  停手:无可卖仓且买点不强
华工科技(000988)      158.58    154.10   11.8%      多2/空5  停手:无可卖仓且买点不强
金风科技(002202)       19.12     19.00    7.9%     多1/空10  停手:无可卖仓且买点不强
14:45:03 [INFO] 🫀 扫描心跳 第238轮开始
14:45:46 [INFO] 🫀 扫描心跳 第239轮开始
14:46:24 [INFO] 🫀 扫描心跳 第240轮开始
14:47:05 [INFO] 🫀 扫描心跳 第241轮开始
14:47:31 [INFO] 
📊 护城河防御面板 第241轮
──────────────────────────────────────────────────────────────────────
科泰电源(300153)       21.84     21.52    5.0%      多4/空2  停手:无可卖仓且买点不强
中文在线(300364)       22.74     22.58    6.7%    多-1/空32  停手:无可卖仓且买点不强
科创半导体ETF华夏(588170)    1.21      1.19    9.2%     多9/空68  停手:无可卖仓且买点不强
双良节能(600481)        4.18      4.13    3.4%   多14/空153  停手:无可卖仓且买点不强
杉杉股份(600884)       12.16     12.06    3.3%   多13/空138  停手:无可卖仓且买点不强
五洲新春(603667)       58.56     58.15    4.5%     多5/空10  停手:无可卖仓且买点不强
华工科技(000988)      158.58    154.10   11.8%      多2/空5  停手:无可卖仓且买点不强
金风科技(002202)       19.12     19.00    7.9%     多1/空10  停手:无可卖仓且买点不强
14:47:46 [INFO] 🫀 扫描心跳 第242轮开始
14:48:28 [INFO] 🫀 扫描心跳 第243轮开始
14:49:09 [INFO] 🫀 扫描心跳 第244轮开始
14:49:47 [INFO] 🫀 扫描心跳 第245轮开始
14:50:11 [INFO] 
📊 护城河防御面板 第245轮
──────────────────────────────────────────────────────────────────────
科泰电源(300153)       21.84     21.52    5.0%      多4/空2  停手:无可卖仓且买点不强
中文在线(300364)       22.74     22.58    6.7%    多-1/空32  停手:无可卖仓且买点不强
科创半导体ETF华夏(588170)    1.21      1.20    9.2%    多-6/空43  停手:无可卖仓且买点不强
双良节能(600481)        4.17      4.13    3.4%    多-5/空69  停手:无可卖仓且买点不强
杉杉股份(600884)       12.16     12.07    3.3%   多18/空109  停手:无可卖仓且买点不强
五洲新春(603667)       58.69     58.16    4.5%    多-7/空10  停手:无可卖仓且买点不强
华工科技(000988)      159.29    154.23   11.8%   多-4/空101  停手:无可卖仓且买点不强
金风科技(002202)       19.15     19.00    7.9%    多17/空10  停手:无可卖仓且买点不强
14:50:26 [INFO] 🫀 扫描心跳 第246轮开始
14:51:12 [INFO] 🫀 扫描心跳 第247轮开始
14:51:53 [INFO] 🫀 扫描心跳 第248轮开始
14:52:32 [INFO] 🫀 扫描心跳 第249轮开始
14:52:57 [INFO] 
📊 护城河防御面板 第249轮
──────────────────────────────────────────────────────────────────────
科泰电源(300153)       21.88     21.53    5.0%    多-11/空2  停手:无可卖仓且买点不强
中文在线(300364)       22.79     22.59    6.7%   多-15/空55  停手:无可卖仓且买点不强
科创半导体ETF华夏(588170)    1.22      1.20    9.2%    多-6/空68  停手:无可卖仓且买点不强
双良节能(600481)        4.18      4.13    3.4%    多3/空119  停手:无可卖仓且买点不强
杉杉股份(600884)       12.15     12.07    3.3%   多-2/空113  停手:无可卖仓且买点不强
五洲新春(603667)       58.69     58.17    4.5%   多-17/空10  停手:无可卖仓且买点不强
华工科技(000988)      159.97    154.35   12.1%     多8/空68  停手:无可卖仓且买点不强
金风科技(002202)       19.16     19.00    7.9%     多3/空10  停手:无可卖仓且买点不强
14:53:12 [INFO] 🫀 扫描心跳 第250轮开始
14:53:53 [INFO] 🫀 扫描心跳 第251轮开始
14:54:33 [INFO] 🫀 扫描心跳 第252轮开始
14:55:15 [INFO] 
════════════════════ 【尾盘做T盈亏清算】 ════════════════════
💰 今日预估做T总净利润: 0.00 元

════════════════════ 【动作分类汇总】 ════════════════════
低吸 BUY_LOW=0次/0股 | 加仓 ADD_POS=0次/0股
高抛 SELL_HIGH=0次/0股 | 减仓 PANIC_SELL=0次/0股
════════════════════ 【ETF复盘小结】 ════════════════════
ETF 1票 | 有信号 1
科创半导体ETF华夏(588170) 0/0 | 1.22 | VWAP1.20 | +1.75%
════════════════════ 【普通股复盘小结】 ════════════════════
普通股 7票 | 有信号 7
科泰电源(300153) 0/0 | 21.92 | VWAP21.54 | +1.78%
中文在线(300364) 0/0 | 22.82 | VWAP22.59 | +1.01%
双良节能(600481) 0/0 | 4.19 | VWAP4.13 | +1.35%
杉杉股份(600884) 0/0 | 12.16 | VWAP12.07 | +0.74%
五洲新春(603667) 0/0 | 59.11 | VWAP58.20 | +1.57%
华工科技(000988) 0/0 | 159.48 | VWAP154.45 | +3.26%
金风科技(002202) 0/0 | 19.16 | VWAP19.01 | +0.81%
════════════════════ 【误判因子排行】 ════════════════════
买点偏早: 暂无
卖点偏早: 暂无
漏买: 暂无
漏卖: 暂无
════════════════════ 【误判因子细分】 ════════════════════
买点偏早因子: 暂无
卖点偏早因子: 暂无
漏买因子: 暂无
漏卖因子: 暂无
════════════════════ 【四类动作误判因子】 ════════════════════
低吸 BUY_LOW 偏早: 暂无
低吸 BUY_LOW 未占优: 暂无
加仓 ADD_POS 偏早: 暂无
加仓 ADD_POS 未占优: 暂无
高抛 SELL_HIGH 偏早: 暂无
高抛 SELL_HIGH 未占优: 暂无
跳水 PANIC_SELL 偏早: 暂无
跳水 PANIC_SELL 未占优: 暂无
════════════════════ 【策略最高分复盘数据(喂给AI)】 ════════════════════
科泰电源(300153): 多=123 空=80 振=5.05% 偏=+1.78% 买=0/0 卖=0/0
中文在线(300364): 多=118 空=118 振=6.72% 偏=+1.01% 买=0/0 卖=0/0
科创半导体ETF华夏(588170): 多=119 空=98 振=9.21% 偏=+1.75% 买=0/0 卖=0/0
双良节能(600481): 多=96 空=153 振=3.45% 偏=+1.35% 买=0/0 卖=0/0
杉杉股份(600884): 多=74 空=168 振=3.30% 偏=+0.74% 买=0/0 卖=0/0
五洲新春(603667): 多=101 空=124 振=4.49% 偏=+1.57% 买=0/0 卖=0/0
华工科技(000988): 多=73 空=141 振=12.11% 偏=+3.26% 买=0/0 卖=0/0
金风科技(002202): 多=83 空=114 振=7.93% 偏=+0.81% 买=0/0 卖=0/0
════════════════════ 【复盘阅读顺序】 ════════════════════
1. sys日志 -> 2. data_quality -> 3. decision_trace
4. shadow_signals -> 5. signal_outcome -> 6. ai_review
════════════════════ 【信号结果追踪汇总】 ════════════════════
正确=0 | 买早=0 | 卖早=0 | 买验证中=0 | 卖验证中=0 | 待定=0
动作分布 BUY_LOW=0 | ADD_POS=0 | SELL_HIGH=0 | PANIC_SELL=0
5分钟胜率=0.0% (0/0) | 15分钟胜率=0.0% (0/0)
一眼摘要：最高频结果=correct(0) | 主要风险=无明显偏差(0) | 影子机会=0
════════════════════════════════════════════════════════════
14:55:15 [WARNING] ⚠️  尾盘复盘飞书推送失败: name 'overview_text' is not defined
14:55:15 [INFO] 🫀 扫描心跳 第253轮开始
14:55:40 [INFO] 
📊 护城河防御面板 第253轮
──────────────────────────────────────────────────────────────────────
科泰电源(300153)       21.92     21.54    5.0%     多6/空68  停手:无可卖仓且买点不强
中文在线(300364)       22.82     22.59    6.7%   多-17/空87  停手:无可卖仓且买点不强
科创半导体ETF华夏(588170)    1.22      1.20    9.2%     多9/空58  停手:无可卖仓且买点不强
双良节能(600481)        4.19      4.13    3.4%   多-15/空59  停手:无可卖仓且买点不强
杉杉股份(600884)       12.16     12.07    3.3%   多18/空109  停手:无可卖仓且买点不强
五洲新春(603667)       59.11     58.20    4.5%   多-15/空84  停手:无可卖仓且买点不强
华工科技(000988)      159.48    154.45   12.1%    多-6/空68  停手:无可卖仓且买点不强
金风科技(002202)       19.16     19.01    7.9%     多3/空10  停手:无可卖仓且买点不强
14:55:55 [INFO] 🫀 扫描心跳 第254轮开始
14:56:36 [INFO] 🫀 扫描心跳 第255轮开始
14:57:24 [INFO] 🫀 扫描心跳 第256轮开始
14:58:05 [INFO] 🫀 扫描心跳 第257轮开始
14:58:33 [INFO] 
📊 护城河防御面板 第257轮
──────────────────────────────────────────────────────────────────────
科泰电源(300153)       21.93     21.55    5.0%   多-11/空45  停手:无可卖仓且买点不强
中文在线(300364)       22.80     22.60    6.7%    多-2/空32  停手:无可卖仓且买点不强
科创半导体ETF华夏(588170)    1.22      1.20    9.2%     多9/空58  停手:无可卖仓且买点不强
双良节能(600481)        4.21      4.14    3.7%   多-15/空33  停手:无可卖仓且买点不强
杉杉股份(600884)       12.18     12.07    3.3%    多-3/空76  停手:无可卖仓且买点不强
五洲新春(603667)       59.15     58.22    4.5%   多-17/空59  停手:无可卖仓且买点不强
华工科技(000988)      159.84    154.59   12.1%     多0/空68  停手:无可卖仓且买点不强
金风科技(002202)       19.18     19.01    7.9%     多3/空10  停手:无可卖仓且买点不强
14:58:48 [INFO] 🫀 扫描心跳 第258轮开始
14:59:28 [INFO] 🫀 扫描心跳 第259轮开始
15:00:08 [INFO] ⏸ 非交易时段，进入低频保活
