08:22:52 [INFO] 早盘集合竞价结论：回避
市场评分：31.8 / 100 | 偏向：risk_off | 风险：risk_off
竞价：强0 / 弱0 / 缺0 | 均分 10.0
策略结论：主做特变电工(600089) | 观察暂无 | 关注华工科技(000988) | 回避江丰电子(300666)
1. 主做：特变电工(600089)
2. 观察：暂无
3. 关注：华工科技(000988)
4. 回避：江丰电子(300666)
执行顺序：先1后2，再3，最后4
升级条件：若 9:35 后上涨家数回到高于下跌家数，且市场评分回到 55 上方，再把关注升为观察。
开盘后跟踪：开盘后只看核心标的承接，不追高，等量能和情绪同时转强再说。
热门关注：安徽凤凰、纬达光电、万达轴承
08:22:53 [INFO] ✅ 集合竞价总览已推送飞书
08:22:53 [INFO] ✅ 集合竞价详细结果已推送飞书
08:22:55 [INFO] 🔔 已触发急促报警
08:22:55 [INFO] ========= 做T终极护城河防御版 (V1.8 确认型收敛版) 启动 =========
08:22:55 [INFO] 飞书推送: ✓ 已启用
08:22:55 [INFO] 飞书关键词: 做T猎手预警
08:22:55 [INFO] 飞书Webhook: https://open.feishu.cn/open-apis/bot/v2/hook/e8018470-e...
08:22:55 [INFO] ══════════════════════════════════════════════════════════════════════
08:22:55 [INFO] 【2026-06-12 加仓策略执行指南】
08:22:55 [INFO]   1️⃣ 中国巨石 600176 — ❌ 不追 (已涨5.62%, 资金不足)
08:22:55 [INFO]   2️⃣ 科创50ETF 588000 — ⚡ 分批加仓 (先加¥15,000)
08:22:55 [INFO]      └─ 第一批: ¥15,000 (约8,200份)
08:22:55 [INFO]      └─ 第二批: ¥15,000 (等待盘中回落)
08:22:55 [INFO]   3️⃣ 中信银行 601998 — ✅ 按计划加 (¥15,000, 约1,900股)
08:22:55 [INFO]   4️⃣ 特变电工 600089 — ⚡ 加仓 (¥25,000, 约1,090股)
08:22:55 [INFO] ══════════════════════════════════════════════════════════════════════
08:22:55 [INFO] 🔊 系统高级报警音效已成功【全自动挂载】！准备执行听声辨位！
08:22:55 [INFO] 🧹 清理过期分钟线缓存 8 个
08:22:55 [INFO] ✅ 启动自检飞书消息已成功送达
08:22:57 [INFO] 🔔 已触发急促报警
08:22:57 [INFO] ⏱ 采用顺序轮询模式：每轮扫描结束后再等待 15 秒（V1.8 确认型收敛）
08:22:57 [INFO] ⏸ 非交易时段，进入低频保活
08:32:57 [INFO] ⏸ 非交易时段，进入低频保活
08:42:57 [INFO] ⏸ 非交易时段，进入低频保活
08:52:57 [INFO] ⏸ 非交易时段，进入低频保活
09:02:57 [INFO] ⏸ 非交易时段，进入低频保活
09:14:23 [INFO] ⏸ 非交易时段，进入低频保活
09:15:52 [INFO] 早盘集合竞价结论：回避
市场评分：41.1 / 100 | 偏向：neutral | 风险：neutral
竞价：强0 / 弱0 / 缺5 | 均分 0.0
策略结论：主做特变电工(600089) | 观察暂无 | 关注华工科技(000988) | 回避江丰电子(300666)
1. 主做：特变电工(600089)
2. 观察：暂无
3. 关注：华工科技(000988)
4. 回避：江丰电子(300666)
执行顺序：先1后2，再3，最后4
升级条件：若 9:35 后上涨家数回到高于下跌家数，且市场评分回到 55 上方，再把关注升为观察。
开盘后跟踪：开盘后只看核心标的承接，不追高，等量能和情绪同时转强再说。
热门关注：安徽凤凰、纬达光电、万达轴承
09:15:53 [INFO] ✅ 集合竞价监控已推送飞书
09:16:18 [INFO] 早盘集合竞价结论：回避
市场评分：39.1 / 100 | 偏向：neutral | 风险：unknown
竞价：强0 / 弱0 / 缺5 | 均分 0.0
策略结论：主做特变电工(600089) | 观察暂无 | 关注华工科技(000988) | 回避江丰电子(300666)
1. 主做：特变电工(600089)
2. 观察：暂无
3. 关注：华工科技(000988)
4. 回避：江丰电子(300666)
执行顺序：先1后2，再3，最后4
升级条件：若 9:35 后上涨家数回到高于下跌家数，且市场评分回到 55 上方，再把关注升为观察。
开盘后跟踪：开盘后只看核心标的承接，不追高，等量能和情绪同时转强再说。
热门关注：暂无
09:16:40 [INFO] 早盘集合竞价结论：回避
市场评分：39.1 / 100 | 偏向：neutral | 风险：unknown
竞价：强0 / 弱0 / 缺5 | 均分 0.0
策略结论：主做特变电工(600089) | 观察暂无 | 关注华工科技(000988) | 回避江丰电子(300666)
1. 主做：特变电工(600089)
2. 观察：暂无
3. 关注：华工科技(000988)
4. 回避：江丰电子(300666)
执行顺序：先1后2，再3，最后4
升级条件：若 9:35 后上涨家数回到高于下跌家数，且市场评分回到 55 上方，再把关注升为观察。
开盘后跟踪：开盘后只看核心标的承接，不追高，等量能和情绪同时转强再说。
热门关注：暂无
09:16:41 [INFO] ✅ 集合竞价监控已推送飞书
09:16:41 [INFO] 📡 盘前集合竞价监控已刷新
09:17:10 [INFO] 早盘集合竞价结论：回避
市场评分：39.1 / 100 | 偏向：neutral | 风险：unknown
竞价：强0 / 弱0 / 缺5 | 均分 0.0
策略结论：主做特变电工(600089) | 观察暂无 | 关注华工科技(000988) | 回避江丰电子(300666)
1. 主做：特变电工(600089)
2. 观察：暂无
3. 关注：华工科技(000988)
4. 回避：江丰电子(300666)
执行顺序：先1后2，再3，最后4
升级条件：若 9:35 后上涨家数回到高于下跌家数，且市场评分回到 55 上方，再把关注升为观察。
开盘后跟踪：开盘后只看核心标的承接，不追高，等量能和情绪同时转强再说。
热门关注：暂无
09:17:33 [INFO] 早盘集合竞价结论：回避
市场评分：39.1 / 100 | 偏向：neutral | 风险：unknown
竞价：强0 / 弱0 / 缺5 | 均分 0.0
策略结论：主做特变电工(600089) | 观察暂无 | 关注华工科技(000988) | 回避江丰电子(300666)
1. 主做：特变电工(600089)
2. 观察：暂无
3. 关注：华工科技(000988)
4. 回避：江丰电子(300666)
执行顺序：先1后2，再3，最后4
升级条件：若 9:35 后上涨家数回到高于下跌家数，且市场评分回到 55 上方，再把关注升为观察。
开盘后跟踪：开盘后只看核心标的承接，不追高，等量能和情绪同时转强再说。
热门关注：暂无
09:17:55 [INFO] 早盘集合竞价结论：回避
市场评分：39.1 / 100 | 偏向：neutral | 风险：unknown
竞价：强0 / 弱0 / 缺5 | 均分 0.0
策略结论：主做特变电工(600089) | 观察暂无 | 关注华工科技(000988) | 回避江丰电子(300666)
1. 主做：特变电工(600089)
2. 观察：暂无
3. 关注：华工科技(000988)
4. 回避：江丰电子(300666)
执行顺序：先1后2，再3，最后4
升级条件：若 9:35 后上涨家数回到高于下跌家数，且市场评分回到 55 上方，再把关注升为观察。
开盘后跟踪：开盘后只看核心标的承接，不追高，等量能和情绪同时转强再说。
热门关注：暂无
09:18:17 [INFO] 早盘集合竞价结论：回避
市场评分：39.1 / 100 | 偏向：neutral | 风险：unknown
竞价：强0 / 弱0 / 缺5 | 均分 0.0
策略结论：主做特变电工(600089) | 观察暂无 | 关注华工科技(000988) | 回避江丰电子(300666)
1. 主做：特变电工(600089)
2. 观察：暂无
3. 关注：华工科技(000988)
4. 回避：江丰电子(300666)
执行顺序：先1后2，再3，最后4
升级条件：若 9:35 后上涨家数回到高于下跌家数，且市场评分回到 55 上方，再把关注升为观察。
开盘后跟踪：开盘后只看核心标的承接，不追高，等量能和情绪同时转强再说。
热门关注：暂无
09:18:39 [INFO] 早盘集合竞价结论：回避
市场评分：39.1 / 100 | 偏向：neutral | 风险：unknown
竞价：强0 / 弱0 / 缺5 | 均分 0.0
策略结论：主做特变电工(600089) | 观察暂无 | 关注华工科技(000988) | 回避江丰电子(300666)
1. 主做：特变电工(600089)
2. 观察：暂无
3. 关注：华工科技(000988)
4. 回避：江丰电子(300666)
执行顺序：先1后2，再3，最后4
升级条件：若 9:35 后上涨家数回到高于下跌家数，且市场评分回到 55 上方，再把关注升为观察。
开盘后跟踪：开盘后只看核心标的承接，不追高，等量能和情绪同时转强再说。
热门关注：暂无
09:19:01 [INFO] 早盘集合竞价结论：回避
市场评分：39.1 / 100 | 偏向：neutral | 风险：unknown
竞价：强0 / 弱0 / 缺5 | 均分 0.0
策略结论：主做特变电工(600089) | 观察暂无 | 关注华工科技(000988) | 回避江丰电子(300666)
1. 主做：特变电工(600089)
2. 观察：暂无
3. 关注：华工科技(000988)
4. 回避：江丰电子(300666)
执行顺序：先1后2，再3，最后4
升级条件：若 9:35 后上涨家数回到高于下跌家数，且市场评分回到 55 上方，再把关注升为观察。
开盘后跟踪：开盘后只看核心标的承接，不追高，等量能和情绪同时转强再说。
热门关注：暂无
09:19:01 [INFO] ✅ 集合竞价监控已推送飞书
09:19:01 [INFO] 📡 盘前集合竞价监控已刷新
09:19:23 [INFO] 早盘集合竞价结论：回避
市场评分：39.1 / 100 | 偏向：neutral | 风险：unknown
竞价：强0 / 弱0 / 缺5 | 均分 0.0
策略结论：主做特变电工(600089) | 观察暂无 | 关注华工科技(000988) | 回避江丰电子(300666)
1. 主做：特变电工(600089)
2. 观察：暂无
3. 关注：华工科技(000988)
4. 回避：江丰电子(300666)
执行顺序：先1后2，再3，最后4
升级条件：若 9:35 后上涨家数回到高于下跌家数，且市场评分回到 55 上方，再把关注升为观察。
开盘后跟踪：开盘后只看核心标的承接，不追高，等量能和情绪同时转强再说。
热门关注：暂无
09:19:46 [INFO] 早盘集合竞价结论：回避
市场评分：39.1 / 100 | 偏向：neutral | 风险：unknown
竞价：强0 / 弱0 / 缺5 | 均分 0.0
策略结论：主做特变电工(600089) | 观察暂无 | 关注华工科技(000988) | 回避江丰电子(300666)
1. 主做：特变电工(600089)
2. 观察：暂无
3. 关注：华工科技(000988)
4. 回避：江丰电子(300666)
执行顺序：先1后2，再3，最后4
升级条件：若 9:35 后上涨家数回到高于下跌家数，且市场评分回到 55 上方，再把关注升为观察。
开盘后跟踪：开盘后只看核心标的承接，不追高，等量能和情绪同时转强再说。
热门关注：暂无
09:20:08 [INFO] 早盘集合竞价结论：回避
市场评分：39.1 / 100 | 偏向：neutral | 风险：unknown
竞价：强0 / 弱0 / 缺5 | 均分 0.0
策略结论：主做特变电工(600089) | 观察暂无 | 关注华工科技(000988) | 回避江丰电子(300666)
1. 主做：特变电工(600089)
2. 观察：暂无
3. 关注：华工科技(000988)
4. 回避：江丰电子(300666)
执行顺序：先1后2，再3，最后4
升级条件：若 9:35 后上涨家数回到高于下跌家数，且市场评分回到 55 上方，再把关注升为观察。
开盘后跟踪：开盘后只看核心标的承接，不追高，等量能和情绪同时转强再说。
热门关注：暂无
09:20:30 [INFO] 早盘集合竞价结论：回避
市场评分：39.1 / 100 | 偏向：neutral | 风险：unknown
竞价：强0 / 弱0 / 缺5 | 均分 0.0
策略结论：主做特变电工(600089) | 观察暂无 | 关注华工科技(000988) | 回避江丰电子(300666)
1. 主做：特变电工(600089)
2. 观察：暂无
3. 关注：华工科技(000988)
4. 回避：江丰电子(300666)
执行顺序：先1后2，再3，最后4
升级条件：若 9:35 后上涨家数回到高于下跌家数，且市场评分回到 55 上方，再把关注升为观察。
开盘后跟踪：开盘后只看核心标的承接，不追高，等量能和情绪同时转强再说。
热门关注：暂无
09:20:53 [INFO] 早盘集合竞价结论：回避
市场评分：39.1 / 100 | 偏向：neutral | 风险：unknown
竞价：强0 / 弱0 / 缺5 | 均分 0.0
策略结论：主做特变电工(600089) | 观察暂无 | 关注华工科技(000988) | 回避江丰电子(300666)
1. 主做：特变电工(600089)
2. 观察：暂无
3. 关注：华工科技(000988)
4. 回避：江丰电子(300666)
执行顺序：先1后2，再3，最后4
升级条件：若 9:35 后上涨家数回到高于下跌家数，且市场评分回到 55 上方，再把关注升为观察。
开盘后跟踪：开盘后只看核心标的承接，不追高，等量能和情绪同时转强再说。
热门关注：暂无
09:21:36 [INFO] 早盘集合竞价结论：回避
市场评分：41.1 / 100 | 偏向：neutral | 风险：neutral
竞价：强0 / 弱0 / 缺5 | 均分 0.0
策略结论：主做特变电工(600089) | 观察暂无 | 关注华工科技(000988) | 回避江丰电子(300666)
1. 主做：特变电工(600089)
2. 观察：暂无
3. 关注：华工科技(000988)
4. 回避：江丰电子(300666)
执行顺序：先1后2，再3，最后4
升级条件：若 9:35 后上涨家数回到高于下跌家数，且市场评分回到 55 上方，再把关注升为观察。
开盘后跟踪：开盘后只看核心标的承接，不追高，等量能和情绪同时转强再说。
热门关注：安徽凤凰、纬达光电、万达轴承
09:21:37 [INFO] ✅ 集合竞价监控已推送飞书
09:21:37 [INFO] 📡 盘前集合竞价监控已刷新
09:21:59 [INFO] 早盘集合竞价结论：回避
市场评分：39.1 / 100 | 偏向：neutral | 风险：unknown
竞价：强0 / 弱0 / 缺5 | 均分 0.0
策略结论：主做特变电工(600089) | 观察暂无 | 关注华工科技(000988) | 回避江丰电子(300666)
1. 主做：特变电工(600089)
2. 观察：暂无
3. 关注：华工科技(000988)
4. 回避：江丰电子(300666)
执行顺序：先1后2，再3，最后4
升级条件：若 9:35 后上涨家数回到高于下跌家数，且市场评分回到 55 上方，再把关注升为观察。
开盘后跟踪：开盘后只看核心标的承接，不追高，等量能和情绪同时转强再说。
热门关注：暂无
09:22:22 [INFO] 早盘集合竞价结论：回避
市场评分：39.1 / 100 | 偏向：neutral | 风险：unknown
竞价：强0 / 弱0 / 缺5 | 均分 0.0
策略结论：主做特变电工(600089) | 观察暂无 | 关注华工科技(000988) | 回避江丰电子(300666)
1. 主做：特变电工(600089)
2. 观察：暂无
3. 关注：华工科技(000988)
4. 回避：江丰电子(300666)
执行顺序：先1后2，再3，最后4
升级条件：若 9:35 后上涨家数回到高于下跌家数，且市场评分回到 55 上方，再把关注升为观察。
开盘后跟踪：开盘后只看核心标的承接，不追高，等量能和情绪同时转强再说。
热门关注：暂无
09:22:23 [INFO] ✅ 集合竞价监控已推送飞书
09:22:44 [INFO] 早盘集合竞价结论：回避
市场评分：39.1 / 100 | 偏向：neutral | 风险：unknown
竞价：强0 / 弱0 / 缺5 | 均分 0.0
策略结论：主做特变电工(600089) | 观察暂无 | 关注华工科技(000988) | 回避江丰电子(300666)
1. 主做：特变电工(600089)
2. 观察：暂无
3. 关注：华工科技(000988)
4. 回避：江丰电子(300666)
执行顺序：先1后2，再3，最后4
升级条件：若 9:35 后上涨家数回到高于下跌家数，且市场评分回到 55 上方，再把关注升为观察。
开盘后跟踪：开盘后只看核心标的承接，不追高，等量能和情绪同时转强再说。
热门关注：暂无
09:23:06 [INFO] 早盘集合竞价结论：回避
市场评分：39.1 / 100 | 偏向：neutral | 风险：unknown
竞价：强0 / 弱0 / 缺5 | 均分 0.0
策略结论：主做特变电工(600089) | 观察暂无 | 关注华工科技(000988) | 回避江丰电子(300666)
1. 主做：特变电工(600089)
2. 观察：暂无
3. 关注：华工科技(000988)
4. 回避：江丰电子(300666)
执行顺序：先1后2，再3，最后4
升级条件：若 9:35 后上涨家数回到高于下跌家数，且市场评分回到 55 上方，再把关注升为观察。
开盘后跟踪：开盘后只看核心标的承接，不追高，等量能和情绪同时转强再说。
热门关注：暂无
09:23:28 [INFO] 早盘集合竞价结论：回避
市场评分：39.1 / 100 | 偏向：neutral | 风险：unknown
竞价：强0 / 弱0 / 缺5 | 均分 0.0
策略结论：主做特变电工(600089) | 观察暂无 | 关注华工科技(000988) | 回避江丰电子(300666)
1. 主做：特变电工(600089)
2. 观察：暂无
3. 关注：华工科技(000988)
4. 回避：江丰电子(300666)
执行顺序：先1后2，再3，最后4
升级条件：若 9:35 后上涨家数回到高于下跌家数，且市场评分回到 55 上方，再把关注升为观察。
开盘后跟踪：开盘后只看核心标的承接，不追高，等量能和情绪同时转强再说。
热门关注：暂无
09:23:51 [INFO] 早盘集合竞价结论：回避
市场评分：39.1 / 100 | 偏向：neutral | 风险：unknown
竞价：强0 / 弱0 / 缺5 | 均分 0.0
策略结论：主做特变电工(600089) | 观察暂无 | 关注华工科技(000988) | 回避江丰电子(300666)
1. 主做：特变电工(600089)
2. 观察：暂无
3. 关注：华工科技(000988)
4. 回避：江丰电子(300666)
执行顺序：先1后2，再3，最后4
升级条件：若 9:35 后上涨家数回到高于下跌家数，且市场评分回到 55 上方，再把关注升为观察。
开盘后跟踪：开盘后只看核心标的承接，不追高，等量能和情绪同时转强再说。
热门关注：暂无
09:23:51 [INFO] 📡 盘前集合竞价监控已刷新
09:24:12 [INFO] 早盘集合竞价结论：回避
市场评分：39.1 / 100 | 偏向：neutral | 风险：unknown
竞价：强0 / 弱0 / 缺5 | 均分 0.0
策略结论：主做特变电工(600089) | 观察暂无 | 关注华工科技(000988) | 回避江丰电子(300666)
1. 主做：特变电工(600089)
2. 观察：暂无
3. 关注：华工科技(000988)
4. 回避：江丰电子(300666)
执行顺序：先1后2，再3，最后4
升级条件：若 9:35 后上涨家数回到高于下跌家数，且市场评分回到 55 上方，再把关注升为观察。
开盘后跟踪：开盘后只看核心标的承接，不追高，等量能和情绪同时转强再说。
热门关注：暂无
09:24:35 [INFO] 早盘集合竞价结论：回避
市场评分：39.1 / 100 | 偏向：neutral | 风险：unknown
竞价：强0 / 弱0 / 缺5 | 均分 0.0
策略结论：主做特变电工(600089) | 观察暂无 | 关注华工科技(000988) | 回避江丰电子(300666)
1. 主做：特变电工(600089)
2. 观察：暂无
3. 关注：华工科技(000988)
4. 回避：江丰电子(300666)
执行顺序：先1后2，再3，最后4
升级条件：若 9:35 后上涨家数回到高于下跌家数，且市场评分回到 55 上方，再把关注升为观察。
开盘后跟踪：开盘后只看核心标的承接，不追高，等量能和情绪同时转强再说。
热门关注：暂无
09:24:57 [INFO] 早盘集合竞价结论：回避
市场评分：39.1 / 100 | 偏向：neutral | 风险：unknown
竞价：强0 / 弱0 / 缺5 | 均分 0.0
策略结论：主做特变电工(600089) | 观察暂无 | 关注华工科技(000988) | 回避江丰电子(300666)
1. 主做：特变电工(600089)
2. 观察：暂无
3. 关注：华工科技(000988)
4. 回避：江丰电子(300666)
执行顺序：先1后2，再3，最后4
升级条件：若 9:35 后上涨家数回到高于下跌家数，且市场评分回到 55 上方，再把关注升为观察。
开盘后跟踪：开盘后只看核心标的承接，不追高，等量能和情绪同时转强再说。
热门关注：暂无
09:30:12 [INFO] 🫀 扫描心跳 第1轮开始
09:30:16 [INFO] 
📊 护城河防御面板 第1轮
──────────────────────────────────────────────────────────────────────
科创半导体ETF华夏(588170)    1.17      1.17    0.1%      多0/空0  无波待涨    
特变电工(600089)       21.34     21.34    0.0%      多0/空0  无波待涨    
华工科技(000988)      150.02    149.77    0.6%      多0/空0  无波待涨    
拓维信息(002261)       29.59     29.58    0.2%      多0/空0  无波待涨    
江丰电子(300666)      317.98    320.57    2.5%      多0/空0  无信号     
09:30:31 [INFO] 🫀 扫描心跳 第2轮开始
09:30:48 [INFO] 🫀 扫描心跳 第3轮开始
09:31:06 [INFO] 🫀 扫描心跳 第4轮开始
09:31:23 [INFO] 🫀 扫描心跳 第5轮开始
09:31:26 [INFO] 
📊 护城河防御面板 第5轮
──────────────────────────────────────────────────────────────────────
科创半导体ETF华夏(588170)    1.17      1.17    0.1%      多0/空0  无波待涨    
特变电工(600089)       21.34     21.34    0.0%      多0/空0  无波待涨    
华工科技(000988)      150.02    149.77    0.6%      多0/空0  无波待涨    
拓维信息(002261)       29.59     29.58    0.2%      多0/空0  无波待涨    
江丰电子(300666)      317.98    320.57    2.5%      多0/空0  无信号     
09:31:41 [INFO] 🫀 扫描心跳 第6轮开始
09:31:59 [INFO] 🫀 扫描心跳 第7轮开始
09:32:16 [INFO] 🫀 扫描心跳 第8轮开始
09:32:34 [INFO] 🫀 扫描心跳 第9轮开始
09:32:37 [INFO] 
📊 护城河防御面板 第9轮
──────────────────────────────────────────────────────────────────────
科创半导体ETF华夏(588170)    1.17      1.17    0.1%      多0/空0  无波待涨    
特变电工(600089)       21.34     21.34    0.0%      多0/空0  无波待涨    
华工科技(000988)      150.02    149.77    0.6%      多0/空0  无波待涨    
拓维信息(002261)       29.59     29.58    0.2%      多0/空0  无波待涨    
江丰电子(300666)      317.98    320.57    2.5%      多0/空0  无信号     
09:32:52 [INFO] 🫀 扫描心跳 第10轮开始
09:33:09 [INFO] 🫀 扫描心跳 第11轮开始
09:33:27 [INFO] 🫀 扫描心跳 第12轮开始
09:33:46 [INFO] 🫀 扫描心跳 第13轮开始
09:33:48 [INFO] 
📊 护城河防御面板 第13轮
──────────────────────────────────────────────────────────────────────
科创半导体ETF华夏(588170)    1.18      1.17    1.5%      多0/空0  无波待涨    
特变电工(600089)       21.16     21.18    0.9%      多0/空0  无波待涨    
华工科技(000988)      151.02    150.98    1.4%      多0/空0  无波待涨    
拓维信息(002261)       30.12     29.96    2.0%      多0/空0  无信号     
江丰电子(300666)      322.19    322.68    2.2%      多0/空0  无信号     
09:34:03 [INFO] 🫀 扫描心跳 第14轮开始
09:34:21 [INFO] 🫀 扫描心跳 第15轮开始
09:34:39 [INFO] 🫀 扫描心跳 第16轮开始
09:34:56 [INFO] 🫀 扫描心跳 第17轮开始
09:34:59 [INFO] 
📊 护城河防御面板 第17轮
──────────────────────────────────────────────────────────────────────
科创半导体ETF华夏(588170)    1.18      1.17    1.5%      多0/空0  无波待涨    
特变电工(600089)       21.16     21.18    0.9%      多0/空0  无波待涨    
华工科技(000988)      151.02    150.98    1.4%      多0/空0  无波待涨    
拓维信息(002261)       30.12     29.96    2.0%      多0/空0  无信号     
江丰电子(300666)      322.19    322.68    2.2%      多0/空0  无信号     
09:35:14 [INFO] 🫀 扫描心跳 第18轮开始
09:35:31 [INFO] 🫀 扫描心跳 第19轮开始
09:35:49 [INFO] 🫀 扫描心跳 第20轮开始
09:36:07 [INFO] 🫀 扫描心跳 第21轮开始
09:36:09 [INFO] 
📊 护城河防御面板 第21轮
──────────────────────────────────────────────────────────────────────
科创半导体ETF华夏(588170)    1.18      1.17    1.5%      多0/空0  无波待涨    
特变电工(600089)       21.16     21.18    0.9%      多0/空0  无波待涨    
华工科技(000988)      151.02    150.98    1.4%      多0/空0  无波待涨    
拓维信息(002261)       30.12     29.96    2.0%      多0/空0  无信号     
江丰电子(300666)      322.19    322.68    2.2%      多0/空0  无信号     
09:36:24 [INFO] 🫀 扫描心跳 第22轮开始
09:36:42 [INFO] 🫀 扫描心跳 第23轮开始
09:37:01 [INFO] 🫀 扫描心跳 第24轮开始
09:37:18 [INFO] 🫀 扫描心跳 第25轮开始
09:37:21 [INFO] 
📊 护城河防御面板 第25轮
──────────────────────────────────────────────────────────────────────
科创半导体ETF华夏(588170)    1.17      1.17    1.5%      多0/空0  无波待涨    
特变电工(600089)       21.16     21.16    1.1%      多0/空0  无波待涨    
华工科技(000988)      150.20    150.47    1.4%      多0/空0  无波待涨    
拓维信息(002261)       29.85     29.94    1.9%      多0/空0  无信号     
江丰电子(300666)      320.19    321.09    2.2%      多0/空0  无信号     
09:37:36 [INFO] 🫀 扫描心跳 第26轮开始
09:37:53 [INFO] 🫀 扫描心跳 第27轮开始
09:38:11 [INFO] 🫀 扫描心跳 第28轮开始
09:38:29 [INFO] 🫀 扫描心跳 第29轮开始
09:38:31 [INFO] 
📊 护城河防御面板 第29轮
──────────────────────────────────────────────────────────────────────
科创半导体ETF华夏(588170)    1.17      1.17    1.5%      多0/空0  无波待涨    
特变电工(600089)       21.16     21.16    1.1%      多0/空0  无波待涨    
华工科技(000988)      150.20    150.47    1.4%      多0/空0  无波待涨    
拓维信息(002261)       29.85     29.94    1.9%      多0/空0  无信号     
江丰电子(300666)      320.19    321.09    2.2%      多0/空0  无信号     
09:38:46 [INFO] 🫀 扫描心跳 第30轮开始
09:39:04 [INFO] 🫀 扫描心跳 第31轮开始
09:39:22 [INFO] 🫀 扫描心跳 第32轮开始
09:39:39 [INFO] 🫀 扫描心跳 第33轮开始
09:39:42 [INFO] 
📊 护城河防御面板 第33轮
──────────────────────────────────────────────────────────────────────
科创半导体ETF华夏(588170)    1.17      1.17    1.5%      多0/空0  无波待涨    
特变电工(600089)       21.16     21.16    1.1%      多0/空0  无波待涨    
华工科技(000988)      150.20    150.47    1.4%      多0/空0  无波待涨    
拓维信息(002261)       29.85     29.94    1.9%      多0/空0  无信号     
江丰电子(300666)      320.19    321.09    2.2%      多0/空0  无信号     
09:39:57 [INFO] 🫀 扫描心跳 第34轮开始
09:40:15 [INFO] 🫀 扫描心跳 第35轮开始
09:40:33 [INFO] 🫀 扫描心跳 第36轮开始
09:40:51 [INFO] 🫀 扫描心跳 第37轮开始
09:40:53 [INFO] 
📊 护城河防御面板 第37轮
──────────────────────────────────────────────────────────────────────
科创半导体ETF华夏(588170)    1.19      1.18    2.3%      多0/空0  无信号     
特变电工(600089)       21.16     21.15    1.1%      多0/空0  无波待涨    
华工科技(000988)      151.17    150.72    1.4%      多0/空0  无波待涨    
拓维信息(002261)       29.67     29.88    1.9%      多0/空0  无信号     
江丰电子(300666)      327.48    323.07    2.7%      多0/空0  无信号     
09:41:08 [INFO] 🫀 扫描心跳 第38轮开始
09:41:26 [INFO] 🫀 扫描心跳 第39轮开始
09:41:44 [INFO] 🫀 扫描心跳 第40轮开始
09:42:01 [INFO] 🫀 扫描心跳 第41轮开始
09:42:04 [INFO] 
📊 护城河防御面板 第41轮
──────────────────────────────────────────────────────────────────────
科创半导体ETF华夏(588170)    1.19      1.18    2.3%      多0/空0  无信号     
特变电工(600089)       21.16     21.15    1.1%      多0/空0  无波待涨    
华工科技(000988)      151.17    150.72    1.4%      多0/空0  无波待涨    
拓维信息(002261)       29.67     29.88    1.9%      多0/空0  无信号     
江丰电子(300666)      327.48    323.07    2.7%      多0/空0  无信号     
09:42:19 [INFO] 🫀 扫描心跳 第42轮开始
09:42:37 [INFO] 🫀 扫描心跳 第43轮开始
09:42:54 [INFO] 🫀 扫描心跳 第44轮开始
09:43:12 [INFO] 🫀 扫描心跳 第45轮开始
09:43:14 [INFO] 📊 动态份数 588170: 状态=normal 信号强度82/阈值38, 建议交易7500股/份 (25%)
09:43:15 [INFO] ✅ 飞书消息已成功送达: 科创半导体ETF华夏(588170) SELL_HIGH - 加急通知已发送
09:43:17 [INFO] 🔔 已触发急促报警
09:43:29 [INFO] ✅ 飞书消息已成功送达: 江丰电子(300666) SELL_HIGH - 加急通知已发送
09:43:31 [INFO] 🔔 已触发急促报警
09:43:31 [INFO] 
📊 护城河防御面板 第45轮
──────────────────────────────────────────────────────────────────────
科创半导体ETF华夏(588170)    1.20      1.19    3.0%   多-10/空82  强可T|SELL_HIGH
特变电工(600089)       21.18     21.17    1.1%   多-18/空45  停手:日内波动过低
华工科技(000988)      151.60    151.06    1.8%   多-18/空44  停手:高位但无明确优势
拓维信息(002261)       29.91     29.88    1.9%     多0/空30  停手:买卖都不够强
江丰电子(300666)      329.75    325.38    3.4%   多-18/空95  强可T|SELL_HIGH
09:43:46 [INFO] 🫀 扫描心跳 第46轮开始
09:44:13 [INFO] 🫀 扫描心跳 第47轮开始
09:44:40 [INFO] 🫀 扫描心跳 第48轮开始
09:45:07 [INFO] 🫀 扫描心跳 第49轮开始
09:45:19 [INFO] 
📊 护城河防御面板 第49轮
──────────────────────────────────────────────────────────────────────
科创半导体ETF华夏(588170)    1.20      1.19    3.0%   多-10/空74  强可T     
特变电工(600089)       21.18     21.17    1.1%   多-18/空45  停手:日内波动过低
华工科技(000988)      151.60    151.06    1.8%   多-18/空44  停手:高位但无明确优势
拓维信息(002261)       29.91     29.88    1.9%     多0/空30  停手:买卖都不够强
江丰电子(300666)      329.75    325.38    3.4%   多-18/空95  强可T     
09:45:34 [INFO] 🫀 扫描心跳 第50轮开始
09:46:17 [INFO] 🫀 扫描心跳 第51轮开始
09:46:26 [INFO] 📉 000988 卖出信号得分51分，低于10:00前阈值75分，静默处理（不推送飞书）
09:46:46 [INFO] 🫀 扫描心跳 第52轮开始
09:47:13 [INFO] 🫀 扫描心跳 第53轮开始
09:47:25 [INFO] 
📊 护城河防御面板 第53轮
──────────────────────────────────────────────────────────────────────
科创半导体ETF华夏(588170)    1.20      1.19    3.2%   多-10/空72  强可T     
特变电工(600089)       21.15     21.17    1.1%    多16/空44  停手:日内波动过低
华工科技(000988)      151.65    151.18    1.8%   多-21/空43  停手:高位但无明确优势
拓维信息(002261)       29.81     29.88    1.9%    多10/空34  停手:买卖都不够强
江丰电子(300666)      333.84    327.52    4.7%   多-18/空80  强可T     
09:47:40 [INFO] 🫀 扫描心跳 第54轮开始
09:48:07 [INFO] 🫀 扫描心跳 第55轮开始
09:48:35 [INFO] 🫀 扫描心跳 第56轮开始
09:49:02 [INFO] 🫀 扫描心跳 第57轮开始
09:49:14 [INFO] 
📊 护城河防御面板 第57轮
──────────────────────────────────────────────────────────────────────
科创半导体ETF华夏(588170)    1.20      1.19    3.2%   多-10/空72  强可T     
特变电工(600089)       21.15     21.17    1.1%    多16/空44  停手:日内波动过低
华工科技(000988)      151.65    151.18    1.8%   多-21/空43  停手:高位但无明确优势
拓维信息(002261)       29.81     29.88    1.9%    多10/空34  停手:买卖都不够强
江丰电子(300666)      333.84    327.52    4.7%   多-18/空80  强可T     
09:49:29 [INFO] 🫀 扫描心跳 第58轮开始
09:49:57 [INFO] 🫀 扫描心跳 第59轮开始
09:50:25 [INFO] 🫀 扫描心跳 第60轮开始
09:50:52 [INFO] 🫀 扫描心跳 第61轮开始
09:51:04 [INFO] 
📊 护城河防御面板 第61轮
──────────────────────────────────────────────────────────────────────
科创半导体ETF华夏(588170)    1.20      1.19    3.2%   多-14/空84  强可T     
特变电工(600089)       21.13     21.16    1.1%    多24/空44  停手:日内波动过低
华工科技(000988)      151.00    151.16    1.8%    多13/空29  停手:买卖都不够强
拓维信息(002261)       29.85     29.89    1.9%    多18/空34  停手:买卖都不够强
江丰电子(300666)      331.18    328.86    4.7%   多-20/空67  强可T     
09:51:19 [INFO] 🫀 扫描心跳 第62轮开始
09:51:22 [INFO] 📊 动态份数 588170: 状态=normal 信号强度84/阈值38, 建议交易9700股/份 (32%)
09:51:23 [INFO] ✅ 飞书消息已成功送达: 科创半导体ETF华夏(588170) SELL_HIGH - 加急通知已发送
09:51:25 [INFO] 🔔 已触发急促报警
09:51:51 [INFO] 🫀 扫描心跳 第63轮开始
09:52:33 [INFO] 🫀 扫描心跳 第64轮开始
09:53:01 [INFO] 🫀 扫描心跳 第65轮开始
09:53:14 [INFO] 
📊 护城河防御面板 第65轮
──────────────────────────────────────────────────────────────────────
科创半导体ETF华夏(588170)    1.20      1.19    3.2%     多4/空76  强可T     
特变电工(600089)       21.05     21.14    1.4%    多40/空34  停手:日内波动过低
华工科技(000988)      150.80    150.97    1.8%    多49/空14  停手:价格低于均价，14:30前禁止买入
拓维信息(002261)       29.86     29.90    1.9%    多10/空34  停手:买卖都不够强
江丰电子(300666)      331.31    328.89    4.7%   多-18/空42  弱机会     
09:53:29 [INFO] 🫀 扫描心跳 第66轮开始
09:53:56 [INFO] 🫀 扫描心跳 第67轮开始
09:54:23 [INFO] 🫀 扫描心跳 第68轮开始
09:54:50 [INFO] 🫀 扫描心跳 第69轮开始
09:55:02 [INFO] 
📊 护城河防御面板 第69轮
──────────────────────────────────────────────────────────────────────
科创半导体ETF华夏(588170)    1.20      1.19    3.2%     多4/空76  强可T     
特变电工(600089)       21.05     21.14    1.4%    多40/空34  停手:日内波动过低
华工科技(000988)      150.80    150.97    1.8%    多49/空14  停手:价格低于均价，14:30前禁止买入
拓维信息(002261)       29.86     29.90    1.9%    多10/空34  停手:买卖都不够强
江丰电子(300666)      331.31    328.89    4.7%   多-18/空42  弱机会     
09:55:17 [INFO] 🫀 扫描心跳 第70轮开始
09:55:44 [INFO] 🫀 扫描心跳 第71轮开始
09:56:12 [INFO] 🫀 扫描心跳 第72轮开始
09:56:39 [INFO] 🫀 扫描心跳 第73轮开始
09:56:51 [INFO] 
📊 护城河防御面板 第73轮
──────────────────────────────────────────────────────────────────────
科创半导体ETF华夏(588170)    1.20      1.19    3.4%     多2/空52  可T观察    
特变电工(600089)       21.01     21.12    1.7%    多46/空34  停手:价格低于均价，14:30前禁止买入
华工科技(000988)      150.90    150.96    1.8%    多27/空14  停手:买卖都不够强
拓维信息(002261)       29.83     29.89    1.9%   多-12/空34  停手:买卖都不够强
江丰电子(300666)      333.03    329.56    4.7%   多-18/空37  停手:高位但无明确优势
09:57:06 [INFO] 🫀 扫描心跳 第74轮开始
09:57:33 [INFO] 🫀 扫描心跳 第75轮开始
09:58:15 [INFO] 🫀 扫描心跳 第76轮开始
09:58:42 [INFO] 🫀 扫描心跳 第77轮开始
09:58:54 [INFO] 
📊 护城河防御面板 第77轮
──────────────────────────────────────────────────────────────────────
科创半导体ETF华夏(588170)    1.20      1.19    3.4%     多2/空52  可T观察    
特变电工(600089)       21.01     21.12    1.7%    多46/空34  停手:价格低于均价，14:30前禁止买入
华工科技(000988)      150.90    150.96    1.8%    多27/空14  停手:买卖都不够强
拓维信息(002261)       29.83     29.89    1.9%   多-12/空34  停手:买卖都不够强
江丰电子(300666)      333.03    329.56    4.7%   多-18/空37  停手:高位但无明确优势
09:59:09 [INFO] 🫀 扫描心跳 第78轮开始
09:59:38 [INFO] 🫀 扫描心跳 第79轮开始
09:59:40 [INFO] 📊 动态份数 588170: 状态=normal 信号强度89/阈值38, 建议交易12000股/份 (40%)
09:59:42 [INFO] ✅ 飞书消息已成功送达: 科创半导体ETF华夏(588170) SELL_HIGH - 加急通知已发送
09:59:43 [INFO] 🔔 已触发急促报警
10:00:09 [INFO] 🫀 扫描心跳 第80轮开始
10:00:36 [INFO] 🫀 扫描心跳 第81轮开始
10:00:48 [INFO] 
📊 护城河防御面板 第81轮
──────────────────────────────────────────────────────────────────────
科创半导体ETF华夏(588170)    1.20      1.20    3.4%     多3/空89  强可T     
特变电工(600089)       20.94     21.08    2.0%   多106/空49  停手:价格低于均价，14:30前禁止买入
华工科技(000988)      150.35    150.88    1.8%    多47/空48  停手:价格低于均价，14:30前禁止买入
拓维信息(002261)       29.76     29.87    1.9%    多46/空49  停手:价格低于均价，14:30前禁止买入
江丰电子(300666)      331.64    330.05    4.7%    多-2/空72  强可T     
10:01:03 [INFO] 🫀 扫描心跳 第82轮开始
10:01:30 [INFO] 🫀 扫描心跳 第83轮开始
10:01:57 [INFO] 🫀 扫描心跳 第84轮开始
10:02:24 [INFO] 🫀 扫描心跳 第85轮开始
10:02:37 [INFO] 
📊 护城河防御面板 第85轮
──────────────────────────────────────────────────────────────────────
科创半导体ETF华夏(588170)    1.21      1.20    4.3%     多3/空84  强可T     
特变电工(600089)       20.98     21.05    2.3%    多38/空30  停手:价格低于均价，14:30前禁止买入
华工科技(000988)      150.42    150.83    1.8%    多37/空48  停手:价格低于均价，14:30前禁止买入
拓维信息(002261)       29.65     29.84    1.9%    多34/空49  停手:价格低于均价，14:30前禁止买入
江丰电子(300666)      330.53    330.40    4.7%     多7/空52  可T观察    
10:02:52 [INFO] 🫀 扫描心跳 第86轮开始
10:03:19 [INFO] 🫀 扫描心跳 第87轮开始
10:03:46 [INFO] 🫀 扫描心跳 第88轮开始
10:04:13 [INFO] 🫀 扫描心跳 第89轮开始
10:04:26 [INFO] 
📊 护城河防御面板 第89轮
──────────────────────────────────────────────────────────────────────
科创半导体ETF华夏(588170)    1.21      1.20    4.3%     多3/空84  强可T     
特变电工(600089)       20.98     21.05    2.3%    多38/空30  停手:价格低于均价，14:30前禁止买入
华工科技(000988)      150.42    150.83    1.8%    多37/空48  停手:价格低于均价，14:30前禁止买入
拓维信息(002261)       29.65     29.84    1.9%    多34/空49  停手:价格低于均价，14:30前禁止买入
江丰电子(300666)      330.53    330.40    4.7%     多7/空52  可T观察    
10:04:41 [INFO] 🫀 扫描心跳 第90轮开始
10:05:09 [INFO] 🫀 扫描心跳 第91轮开始
10:05:35 [INFO] 🫀 扫描心跳 第92轮开始
10:06:05 [INFO] 🫀 扫描心跳 第93轮开始
10:06:18 [INFO] 
📊 护城河防御面板 第93轮
──────────────────────────────────────────────────────────────────────
科创半导体ETF华夏(588170)    1.22      1.20    4.6%     多5/空87  强可T     
特变电工(600089)       20.96     21.03    2.3%    多24/空30  停手:买卖都不够强
华工科技(000988)      150.30    150.74    1.8%    多61/空44  停手:价格低于均价，14:30前禁止买入
拓维信息(002261)       29.60     29.81    1.9%    多83/空49  停手:价格低于均价，14:30前禁止买入
江丰电子(300666)      335.56    330.93    5.2%     多0/空84  强可T     
10:06:33 [INFO] 🫀 扫描心跳 第94轮开始
10:07:01 [INFO] 🫀 扫描心跳 第95轮开始
10:07:28 [INFO] 🫀 扫描心跳 第96轮开始
10:07:54 [INFO] 🫀 扫描心跳 第97轮开始
10:07:57 [INFO] 📊 动态份数 588170: 状态=normal 信号强度87/阈值38, 建议交易12000股/份 (40%)
10:07:58 [INFO] ✅ 飞书消息已成功送达: 科创半导体ETF华夏(588170) SELL_HIGH - 加急通知已发送
10:07:59 [INFO] 🔔 已触发急促报警
10:08:09 [INFO] 
📊 护城河防御面板 第97轮
──────────────────────────────────────────────────────────────────────
科创半导体ETF华夏(588170)    1.22      1.20    4.6%     多5/空87  强可T|SELL_HIGH
特变电工(600089)       20.96     21.03    2.3%    多24/空30  停手:买卖都不够强
华工科技(000988)      150.30    150.74    1.8%    多61/空44  停手:价格低于均价，14:30前禁止买入
拓维信息(002261)       29.60     29.81    1.9%    多83/空49  停手:价格低于均价，14:30前禁止买入
江丰电子(300666)      335.56    330.93    5.2%     多0/空84  强可T     
10:08:24 [INFO] 🫀 扫描心跳 第98轮开始
10:08:52 [INFO] 🫀 扫描心跳 第99轮开始
10:09:02 [INFO] 📉 002261 卖出信号得分49分，低于10:00后阈值65分，静默处理（不推送飞书）
10:09:20 [INFO] 🫀 扫描心跳 第100轮开始
10:09:48 [INFO] 🫀 扫描心跳 第101轮开始
10:10:16 [INFO] 
📊 护城河防御面板 第101轮
──────────────────────────────────────────────────────────────────────
科创半导体ETF华夏(588170)    1.22      1.20    4.7%    多3/空126  停手:当日轮次已满
特变电工(600089)       20.89     21.01    2.3%    多44/空59  停手:价格低于均价，14:30前禁止买入
华工科技(000988)      149.82    150.65    1.8%    多55/空48  停手:价格低于均价，14:30前禁止买入
拓维信息(002261)       29.60     29.80    1.9%    多24/空41  停手:价格低于均价，14:30前禁止买入
江丰电子(300666)      331.33    331.09    5.2%    多-2/空56  可T观察    
10:10:31 [INFO] 🫀 扫描心跳 第102轮开始
10:10:58 [INFO] 🫀 扫描心跳 第103轮开始
10:11:24 [INFO] 🫀 扫描心跳 第104轮开始
10:11:51 [INFO] 🫀 扫描心跳 第105轮开始
10:12:03 [INFO] 
📊 护城河防御面板 第105轮
──────────────────────────────────────────────────────────────────────
科创半导体ETF华夏(588170)    1.22      1.20    4.7%    多3/空126  停手:当日轮次已满
特变电工(600089)       20.89     21.01    2.3%    多44/空59  停手:价格低于均价，14:30前禁止买入
华工科技(000988)      149.82    150.65    1.8%    多55/空48  停手:价格低于均价，14:30前禁止买入
拓维信息(002261)       29.60     29.80    1.9%    多24/空41  停手:价格低于均价，14:30前禁止买入
江丰电子(300666)      331.33    331.09    5.2%    多-2/空56  可T观察    
10:12:18 [INFO] 🫀 扫描心跳 第106轮开始
10:12:26 [INFO] ✅ 飞书消息已成功送达: 特变电工(600089) BUY_LOW - 加急通知已发送
10:12:27 [INFO] 🔔 已触发急促报警
10:12:35 [INFO] ✅ 飞书消息已成功送达: 拓维信息(002261) BUY_LOW - 加急通知已发送
10:12:36 [INFO] 🔔 已触发急促报警
10:12:54 [INFO] 🫀 扫描心跳 第107轮开始
10:13:21 [INFO] 🫀 扫描心跳 第108轮开始
10:13:51 [INFO] 🫀 扫描心跳 第109轮开始
10:14:03 [INFO] 
📊 护城河防御面板 第109轮
──────────────────────────────────────────────────────────────────────
科创半导体ETF华夏(588170)    1.21      1.20    4.7%    多15/空82  停手:当日轮次已满
特变电工(600089)       20.88     20.99    2.3%    多80/空30  停手:价格低于均价，14:30前禁止买入
华工科技(000988)      149.44    150.49    1.8%    多85/空48  停手:价格低于均价，14:30前禁止买入
拓维信息(002261)       29.61     29.77    1.9%    多98/空30  停手:价格低于均价，14:30前禁止买入
江丰电子(300666)      329.51    330.86    5.2%    多21/空41  停手:价格低于均价，14:30前禁止买入
10:14:18 [INFO] 🫀 扫描心跳 第110轮开始
10:14:45 [INFO] 🫀 扫描心跳 第111轮开始
10:15:13 [INFO] 🫀 扫描心跳 第112轮开始
10:15:40 [INFO] 🫀 扫描心跳 第113轮开始
10:15:54 [INFO] 
📊 护城河防御面板 第113轮
──────────────────────────────────────────────────────────────────────
科创半导体ETF华夏(588170)    1.21      1.20    4.7%     多3/空82  停手:当日轮次已满
特变电工(600089)       20.84     20.97    2.4%    多92/空59  停手:价格低于均价，14:30前禁止买入
华工科技(000988)      149.70    150.46    1.8%    多55/空48  停手:价格低于均价，14:30前禁止买入
拓维信息(002261)       29.57     29.75    1.9%    多56/空49  停手:价格低于均价，14:30前禁止买入
江丰电子(300666)      328.88    330.82    5.2%    多48/空41  停手:价格低于均价，14:30前禁止买入
10:16:09 [INFO] 🫀 扫描心跳 第114轮开始
10:16:26 [INFO] 📊 动态份数 588170: 状态=normal 信号强度82/阈值38, 建议交易12000股/份 (40%)
10:16:27 [INFO] ✅ 飞书消息已成功送达: 科创半导体ETF华夏(588170) SELL_HIGH - 加急通知已发送
10:16:29 [INFO] 🔔 已触发急促报警
10:16:56 [INFO] 🫀 扫描心跳 第115轮开始
10:17:25 [INFO] 🫀 扫描心跳 第116轮开始
10:17:52 [INFO] 🫀 扫描心跳 第117轮开始
10:18:04 [INFO] 
📊 护城河防御面板 第117轮
──────────────────────────────────────────────────────────────────────
科创半导体ETF华夏(588170)    1.21      1.20    4.7%    多11/空82  停手:无可卖仓且买点不强
特变电工(600089)       20.84     20.97    2.4%    多77/空76  停手:价格低于均价，14:30前禁止买入
华工科技(000988)      149.70    150.46    1.8%    多55/空48  停手:价格低于均价，14:30前禁止买入
拓维信息(002261)       29.57     29.75    1.9%    多63/空89  停手:价格低于均价，14:30前禁止买入
江丰电子(300666)      328.88    330.82    5.2%    多50/空41  停手:价格低于均价，14:30前禁止买入
10:18:19 [INFO] 🫀 扫描心跳 第118轮开始
10:18:46 [INFO] 🫀 扫描心跳 第119轮开始
10:19:15 [INFO] 🫀 扫描心跳 第120轮开始
10:19:43 [INFO] 🫀 扫描心跳 第121轮开始
10:19:55 [INFO] 
📊 护城河防御面板 第121轮
──────────────────────────────────────────────────────────────────────
科创半导体ETF华夏(588170)    1.21      1.21    4.7%    多23/空90  停手:无可卖仓且买点不强
特变电工(600089)       20.82     20.96    2.5%    多73/空76  停手:价格低于均价，14:30前禁止买入
华工科技(000988)      150.00    150.43    1.8%    多63/空39  停手:价格低于均价，14:30前禁止买入
拓维信息(002261)       29.56     29.74    1.9%   多109/空89  停手:价格低于均价，14:30前禁止买入
江丰电子(300666)      327.60    330.63    5.2%    多43/空41  停手:价格低于均价，14:30前禁止买入
10:20:10 [INFO] 🫀 扫描心跳 第122轮开始
10:20:38 [INFO] 🫀 扫描心跳 第123轮开始
10:21:05 [INFO] 🫀 扫描心跳 第124轮开始
10:21:33 [INFO] 🫀 扫描心跳 第125轮开始
10:21:44 [INFO] 
📊 护城河防御面板 第125轮
──────────────────────────────────────────────────────────────────────
科创半导体ETF华夏(588170)    1.21      1.21    4.7%    多23/空90  停手:无可卖仓且买点不强
特变电工(600089)       20.82     20.96    2.5%    多73/空76  停手:价格低于均价，14:30前禁止买入
华工科技(000988)      150.00    150.43    1.8%    多63/空39  停手:价格低于均价，14:30前禁止买入
拓维信息(002261)       29.56     29.74    1.9%   多109/空89  停手:价格低于均价，14:30前禁止买入
江丰电子(300666)      327.60    330.63    5.2%    多43/空41  停手:价格低于均价，14:30前禁止买入
10:21:59 [INFO] 🫀 扫描心跳 第126轮开始
10:22:27 [INFO] 🫀 扫描心跳 第127轮开始
10:22:53 [INFO] 🫀 扫描心跳 第128轮开始
10:23:21 [INFO] 🫀 扫描心跳 第129轮开始
10:23:33 [INFO] 
📊 护城河防御面板 第129轮
──────────────────────────────────────────────────────────────────────
科创半导体ETF华夏(588170)    1.22      1.21    4.7%    多29/空97  停手:当日轮次已满
特变电工(600089)       20.83     20.94    2.6%    多97/空47  停手:价格低于均价，14:30前禁止买入
华工科技(000988)      150.26    150.40    1.8%    多61/空29  停手:价格低于均价，14:30前禁止买入
拓维信息(002261)       29.46     29.70    2.3%   多122/空89  停手:价格低于均价，14:30前禁止买入
江丰电子(300666)      327.84    330.26    5.2%    多88/空22  停手:价格低于均价，14:30前禁止买入
10:23:48 [INFO] 🫀 扫描心跳 第130轮开始
10:24:14 [INFO] 🫀 扫描心跳 第131轮开始
10:24:41 [INFO] 🫀 扫描心跳 第132轮开始
10:25:09 [INFO] 🫀 扫描心跳 第133轮开始
10:25:22 [INFO] 
📊 护城河防御面板 第133轮
──────────────────────────────────────────────────────────────────────
科创半导体ETF华夏(588170)    1.21      1.21    4.7%    多11/空90  停手:无可卖仓且买点不强
特变电工(600089)       20.77     20.92    2.8%    多99/空76  停手:价格低于均价，14:30前禁止买入
华工科技(000988)      149.50    150.36    1.8%    多91/空48  停手:价格低于均价，14:30前禁止买入
拓维信息(002261)       29.34     29.68    2.6%    多87/空89  停手:价格低于均价，14:30前禁止买入
江丰电子(300666)      327.94    330.10    5.2%    多66/空37  停手:价格低于均价，14:30前禁止买入
10:25:37 [INFO] 🫀 扫描心跳 第134轮开始
10:26:03 [INFO] 🫀 扫描心跳 第135轮开始
10:26:30 [INFO] 🫀 扫描心跳 第136轮开始
10:26:57 [INFO] 🫀 扫描心跳 第137轮开始
10:27:11 [INFO] 
📊 护城河防御面板 第137轮
──────────────────────────────────────────────────────────────────────
科创半导体ETF华夏(588170)    1.21      1.21    4.7%    多11/空90  停手:无可卖仓且买点不强
特变电工(600089)       20.77     20.92    2.8%    多99/空76  停手:价格低于均价，14:30前禁止买入
华工科技(000988)      149.50    150.36    1.8%    多91/空48  停手:价格低于均价，14:30前禁止买入
拓维信息(002261)       29.34     29.68    2.6%    多87/空89  停手:价格低于均价，14:30前禁止买入
江丰电子(300666)      327.94    330.10    5.2%    多66/空37  停手:价格低于均价，14:30前禁止买入
10:27:26 [INFO] 🫀 扫描心跳 第138轮开始
10:27:53 [INFO] 🫀 扫描心跳 第139轮开始
10:28:21 [INFO] 🫀 扫描心跳 第140轮开始
10:28:48 [INFO] 🫀 扫描心跳 第141轮开始
10:29:00 [INFO] 
📊 护城河防御面板 第141轮
──────────────────────────────────────────────────────────────────────
科创半导体ETF华夏(588170)    1.22      1.21    4.7%   多32/空113  停手:当日轮次已满
特变电工(600089)       20.74     20.91    2.9%    多85/空62  停手:价格低于均价，14:30前禁止买入
华工科技(000988)      149.60    150.28    1.9%    多87/空29  停手:价格低于均价，14:30前禁止买入
拓维信息(002261)       29.42     29.66    2.6%   多126/空60  停手:价格低于均价，14:30前禁止买入
江丰电子(300666)      330.87    330.03    5.2%    多-1/空37  弱机会     
10:29:15 [INFO] 🫀 扫描心跳 第142轮开始
10:29:42 [INFO] 🫀 扫描心跳 第143轮开始
10:30:09 [INFO] 🫀 扫描心跳 第144轮开始
10:30:37 [INFO] 🫀 扫描心跳 第145轮开始
10:30:48 [INFO] 
📊 护城河防御面板 第145轮
──────────────────────────────────────────────────────────────────────
科创半导体ETF华夏(588170)    1.22      1.21    4.7%   多32/空113  停手:当日轮次已满
特变电工(600089)       20.74     20.91    2.9%    多85/空62  停手:价格低于均价，14:30前禁止买入
华工科技(000988)      149.60    150.28    1.9%    多87/空29  停手:价格低于均价，14:30前禁止买入
拓维信息(002261)       29.42     29.66    2.6%   多126/空60  停手:价格低于均价，14:30前禁止买入
江丰电子(300666)      330.87    330.03    5.2%    多-1/空37  弱机会     
10:31:03 [INFO] 🫀 扫描心跳 第146轮开始
10:31:31 [INFO] 🫀 扫描心跳 第147轮开始
10:31:59 [INFO] 🫀 扫描心跳 第148轮开始
10:32:26 [INFO] 🫀 扫描心跳 第149轮开始
10:32:37 [INFO] 
📊 护城河防御面板 第149轮
──────────────────────────────────────────────────────────────────────
科创半导体ETF华夏(588170)    1.22      1.21    5.0%   多13/空128  停手:无可卖仓且买点不强
特变电工(600089)       20.72     20.89    3.0%    多92/空44  停手:价格低于均价，14:30前禁止买入
华工科技(000988)      150.15    150.28    1.9%    多41/空29  停手:价格低于均价，14:30前禁止买入
拓维信息(002261)       29.51     29.64    2.6%    多55/空55  停手:价格低于均价，14:30前禁止买入
江丰电子(300666)      330.00    330.02    5.2%    多31/空37  停手:震荡贴均且分差不大
10:32:52 [INFO] 🫀 扫描心跳 第150轮开始
10:33:34 [INFO] 🫀 扫描心跳 第151轮开始
10:34:01 [INFO] 🫀 扫描心跳 第152轮开始
10:34:28 [INFO] 🫀 扫描心跳 第153轮开始
10:34:40 [INFO] 
📊 护城河防御面板 第153轮
──────────────────────────────────────────────────────────────────────
科创半导体ETF华夏(588170)    1.22      1.21    5.0%   多13/空128  停手:无可卖仓且买点不强
特变电工(600089)       20.72     20.89    3.0%    多92/空44  停手:价格低于均价，14:30前禁止买入
华工科技(000988)      150.15    150.28    1.9%    多41/空29  停手:价格低于均价，14:30前禁止买入
拓维信息(002261)       29.51     29.64    2.6%    多55/空52  停手:价格低于均价，14:30前禁止买入
江丰电子(300666)      330.00    330.02    5.2%    多31/空37  停手:震荡贴均且分差不大
10:34:55 [INFO] 🫀 扫描心跳 第154轮开始
10:35:23 [INFO] 🫀 扫描心跳 第155轮开始
10:35:51 [INFO] 🫀 扫描心跳 第156轮开始
10:36:19 [INFO] 🫀 扫描心跳 第157轮开始
10:36:32 [INFO] 
📊 护城河防御面板 第157轮
──────────────────────────────────────────────────────────────────────
科创半导体ETF华夏(588170)    1.23      1.21    5.3%   多13/空128  停手:无可卖仓且买点不强
特变电工(600089)       20.75     20.88    3.1%    多69/空44  停手:价格低于均价，14:30前禁止买入
华工科技(000988)      150.76    150.29    1.9%    多17/空56  可T观察    
拓维信息(002261)       29.58     29.63    2.6%    多59/空52  停手:价格低于均价，14:30前禁止买入
江丰电子(300666)      332.16    330.10    5.2%     多8/空64  可T观察    
10:36:47 [INFO] 🫀 扫描心跳 第158轮开始
10:37:14 [INFO] 🫀 扫描心跳 第159轮开始
10:37:41 [INFO] 🫀 扫描心跳 第160轮开始
10:38:08 [INFO] 🫀 扫描心跳 第161轮开始
10:38:17 [INFO] ✅ 飞书消息已成功送达: 华工科技(000988) SELL_HIGH - 加急通知已发送
10:38:19 [INFO] 🔔 已触发急促报警
10:38:26 [INFO] ✅ 飞书消息已成功送达: 江丰电子(300666) SELL_HIGH - 加急通知已发送
10:38:27 [INFO] 🔔 已触发急促报警
10:38:27 [INFO] 
📊 护城河防御面板 第161轮
──────────────────────────────────────────────────────────────────────
科创半导体ETF华夏(588170)    1.24      1.21    6.4%   多13/空124  停手:无可卖仓且买点不强
特变电工(600089)       20.76     20.86    3.1%    多73/空44  停手:价格低于均价，14:30前禁止买入
华工科技(000988)      150.98    150.35    1.9%    多12/空84  强可T|SELL_HIGH
拓维信息(002261)       29.58     29.63    2.6%    多59/空67  停手:价格低于均价，14:30前禁止买入
江丰电子(300666)      334.88    330.46    5.2%    多8/空110  强可T|SELL_HIGH
10:38:42 [INFO] 🫀 扫描心跳 第162轮开始
10:39:09 [INFO] 🫀 扫描心跳 第163轮开始
10:39:36 [INFO] 🫀 扫描心跳 第164轮开始
10:40:02 [INFO] 🫀 扫描心跳 第165轮开始
10:40:17 [INFO] 
📊 护城河防御面板 第165轮
──────────────────────────────────────────────────────────────────────
科创半导体ETF华夏(588170)    1.24      1.21    6.4%   多13/空124  停手:无可卖仓且买点不强
特变电工(600089)       20.76     20.86    3.1%    多73/空44  停手:价格低于均价，14:30前禁止买入
华工科技(000988)      150.98    150.35    1.9%    多12/空84  强可T     
拓维信息(002261)       29.58     29.63    2.6%    多59/空67  停手:价格低于均价，14:30前禁止买入
江丰电子(300666)      334.88    330.46    5.2%    多8/空110  强可T     
10:40:32 [INFO] 🫀 扫描心跳 第166轮开始
10:41:00 [INFO] 🫀 扫描心跳 第167轮开始
10:41:30 [INFO] 🫀 扫描心跳 第168轮开始
10:41:58 [INFO] 🫀 扫描心跳 第169轮开始
10:42:10 [INFO] 
📊 护城河防御面板 第169轮
──────────────────────────────────────────────────────────────────────
科创半导体ETF华夏(588170)    1.24      1.21    6.6%   多13/空135  停手:无可卖仓且买点不强
特变电工(600089)       20.77     20.86    3.1%    多55/空44  停手:价格低于均价，14:30前禁止买入
华工科技(000988)      151.14    150.41    1.9%    多10/空54  可T观察    
拓维信息(002261)       29.60     29.63    2.6%    多57/空47  停手:价格低于均价，14:30前禁止买入
江丰电子(300666)      335.92    330.83    5.6%    多8/空106  强可T     
10:42:25 [INFO] 🫀 扫描心跳 第170轮开始
10:42:52 [INFO] 🫀 扫描心跳 第171轮开始
10:43:19 [INFO] 🫀 扫描心跳 第172轮开始
10:43:45 [INFO] 🫀 扫描心跳 第173轮开始
10:43:58 [INFO] 
📊 护城河防御面板 第173轮
──────────────────────────────────────────────────────────────────────
科创半导体ETF华夏(588170)    1.24      1.21    6.6%   多13/空135  停手:无可卖仓且买点不强
特变电工(600089)       20.77     20.86    3.1%    多55/空44  停手:价格低于均价，14:30前禁止买入
华工科技(000988)      151.14    150.41    1.9%    多10/空54  可T观察    
拓维信息(002261)       29.60     29.63    2.6%    多57/空47  停手:价格低于均价，14:30前禁止买入
江丰电子(300666)      335.92    330.83    5.6%    多8/空106  强可T     
10:44:13 [INFO] 🫀 扫描心跳 第174轮开始
10:44:40 [INFO] 🫀 扫描心跳 第175轮开始
10:45:23 [INFO] 🫀 扫描心跳 第176轮开始
10:45:50 [INFO] 🫀 扫描心跳 第177轮开始
10:46:03 [INFO] 
📊 护城河防御面板 第177轮
──────────────────────────────────────────────────────────────────────
科创半导体ETF华夏(588170)    1.24      1.22    6.6%   多11/空138  停手:无可卖仓且买点不强
特变电工(600089)       20.76     20.85    3.1%    多45/空54  停手:价格低于均价，14:30前禁止买入
华工科技(000988)      151.85    150.48    1.9%    多15/空91  强可T     
拓维信息(002261)       29.46     29.62    2.6%    多52/空71  停手:价格低于均价，14:30前禁止买入
江丰电子(300666)      335.72    331.25    5.6%   多-15/空63  可T观察    
10:46:18 [INFO] 🫀 扫描心跳 第178轮开始
10:46:46 [INFO] 🫀 扫描心跳 第179轮开始
10:47:16 [INFO] 🫀 扫描心跳 第180轮开始
10:47:43 [INFO] 🫀 扫描心跳 第181轮开始
10:47:53 [INFO] 📊 动态份数 002261: 状态=normal 信号强度77/阈值57, 建议交易100股/份 (33%)
10:47:54 [INFO] ✅ 飞书消息已成功送达: 拓维信息(002261) SELL_HIGH - 加急通知已发送
10:47:55 [INFO] 🔔 已触发急促报警
10:47:59 [INFO] 
📊 护城河防御面板 第181轮
──────────────────────────────────────────────────────────────────────
科创半导体ETF华夏(588170)    1.23      1.22    6.6%   多-2/空121  停手:无可卖仓且买点不强
特变电工(600089)       20.74     20.84    3.1%    多65/空28  停手:价格低于均价，14:30前禁止买入
华工科技(000988)      151.85    150.48    1.9%    多15/空91  强可T     
拓维信息(002261)       29.46     29.62    2.6%    多52/空77  停手:价格低于均价，14:30前禁止买入|SELL_HIGH
江丰电子(300666)      335.72    331.25    5.6%    多-9/空63  可T观察    
10:48:14 [INFO] 🫀 扫描心跳 第182轮开始
10:48:42 [INFO] 🫀 扫描心跳 第183轮开始
10:49:09 [INFO] 🫀 扫描心跳 第184轮开始
10:49:36 [INFO] 🫀 扫描心跳 第185轮开始
10:49:47 [INFO] 
📊 护城河防御面板 第185轮
──────────────────────────────────────────────────────────────────────
科创半导体ETF华夏(588170)    1.23      1.22    6.6%   多-2/空121  停手:无可卖仓且买点不强
特变电工(600089)       20.74     20.84    3.1%    多65/空28  停手:价格低于均价，14:30前禁止买入
华工科技(000988)      151.51    150.57    1.9%    多-2/空58  可T观察    
拓维信息(002261)       29.44     29.61    2.6%    多56/空66  停手:价格低于均价，14:30前禁止买入
江丰电子(300666)      333.12    331.39    5.6%     多1/空37  弱机会     
10:50:02 [INFO] 🫀 扫描心跳 第186轮开始
10:50:29 [INFO] 🫀 扫描心跳 第187轮开始
10:51:11 [INFO] 🫀 扫描心跳 第188轮开始
10:51:38 [INFO] 🫀 扫描心跳 第189轮开始
10:51:50 [INFO] 
📊 护城河防御面板 第189轮
──────────────────────────────────────────────────────────────────────
科创半导体ETF华夏(588170)    1.23      1.22    6.6%   多17/空110  停手:无可卖仓且买点不强
特变电工(600089)       20.70     20.83    3.1%    多77/空47  停手:价格低于均价，14:30前禁止买入
华工科技(000988)      151.21    150.61    1.9%    多-2/空48  可T观察    
拓维信息(002261)       29.47     29.60    2.6%    多78/空47  停手:价格低于均价，14:30前禁止买入
江丰电子(300666)      333.19    331.50    5.6%     多1/空41  弱机会     
10:52:05 [INFO] 🫀 扫描心跳 第190轮开始
10:52:32 [INFO] 🫀 扫描心跳 第191轮开始
10:52:58 [INFO] 🫀 扫描心跳 第192轮开始
10:53:25 [INFO] 🫀 扫描心跳 第193轮开始
10:53:37 [INFO] 
📊 护城河防御面板 第193轮
──────────────────────────────────────────────────────────────────────
科创半导体ETF华夏(588170)    1.23      1.22    6.6%   多17/空110  停手:无可卖仓且买点不强
特变电工(600089)       20.70     20.83    3.1%    多77/空47  停手:价格低于均价，14:30前禁止买入
华工科技(000988)      151.21    150.61    1.9%    多-2/空48  可T观察    
拓维信息(002261)       29.47     29.60    2.6%    多78/空47  停手:价格低于均价，14:30前禁止买入
江丰电子(300666)      333.19    331.50    5.6%     多1/空41  弱机会     
10:53:52 [INFO] 🫀 扫描心跳 第194轮开始
10:54:34 [INFO] 🫀 扫描心跳 第195轮开始
10:55:01 [INFO] 🫀 扫描心跳 第196轮开始
10:55:28 [INFO] 🫀 扫描心跳 第197轮开始
10:55:40 [INFO] 
📊 护城河防御面板 第197轮
──────────────────────────────────────────────────────────────────────
科创半导体ETF华夏(588170)    1.23      1.22    6.6%  多-12/空121  停手:无可卖仓且买点不强
特变电工(600089)       20.73     20.83    3.1%    多47/空18  停手:价格低于均价，14:30前禁止买入
华工科技(000988)      151.58    150.70    1.9%    多-2/空37  停手:高位但无明确优势
拓维信息(002261)       29.47     29.59    2.6%    多78/空47  停手:价格低于均价，14:30前禁止买入
江丰电子(300666)      333.98    331.70    5.6%     多7/空53  可T观察    
10:55:55 [INFO] 🫀 扫描心跳 第198轮开始
10:56:22 [INFO] 🫀 扫描心跳 第199轮开始
10:56:48 [INFO] 🫀 扫描心跳 第200轮开始
10:57:15 [INFO] 🫀 扫描心跳 第201轮开始
10:57:26 [INFO] 
📊 护城河防御面板 第201轮
──────────────────────────────────────────────────────────────────────
科创半导体ETF华夏(588170)    1.23      1.22    6.6%  多-12/空121  停手:无可卖仓且买点不强
特变电工(600089)       20.73     20.83    3.1%    多47/空18  停手:价格低于均价，14:30前禁止买入
华工科技(000988)      151.58    150.70    1.9%    多-2/空37  停手:高位但无明确优势
拓维信息(002261)       29.47     29.59    2.6%    多78/空47  停手:价格低于均价，14:30前禁止买入
江丰电子(300666)      333.98    331.70    5.6%     多7/空53  可T观察    
10:57:41 [INFO] 🫀 扫描心跳 第202轮开始
10:58:08 [INFO] 🫀 扫描心跳 第203轮开始
10:58:35 [INFO] 🫀 扫描心跳 第204轮开始
10:59:02 [INFO] 🫀 扫描心跳 第205轮开始
10:59:14 [INFO] 
📊 护城河防御面板 第205轮
──────────────────────────────────────────────────────────────────────
科创半导体ETF华夏(588170)    1.24      1.22    6.6%    多7/空117  停手:无可卖仓且买点不强
特变电工(600089)       20.74     20.82    3.1%    多47/空33  停手:价格低于均价，14:30前禁止买入
华工科技(000988)      151.35    150.73    1.9%     多8/空48  可T观察    
拓维信息(002261)       29.42     29.58    2.6%    多48/空66  停手:价格低于均价，14:30前禁止买入
江丰电子(300666)      335.18    331.92    5.6%    多11/空53  可T观察    
10:59:29 [INFO] 🫀 扫描心跳 第206轮开始
10:59:55 [INFO] 🫀 扫描心跳 第207轮开始
11:00:22 [INFO] 🫀 扫描心跳 第208轮开始
11:00:50 [INFO] 🫀 扫描心跳 第209轮开始
11:01:02 [INFO] 
📊 护城河防御面板 第209轮
──────────────────────────────────────────────────────────────────────
科创半导体ETF华夏(588170)    1.23      1.22    6.6%  多-12/空121  停手:无可卖仓且买点不强
特变电工(600089)       20.70     20.81    3.1%   多115/空47  停手:价格低于均价，14:30前禁止买入
华工科技(000988)      151.35    150.73    1.9%     多8/空48  可T观察    
拓维信息(002261)       29.42     29.58    2.6%    多48/空66  停手:价格低于均价，14:30前禁止买入
江丰电子(300666)      335.18    331.92    5.6%    多11/空53  可T观察    
11:01:17 [INFO] 🫀 扫描心跳 第210轮开始
11:02:00 [INFO] 🫀 扫描心跳 第211轮开始
11:02:27 [INFO] 🫀 扫描心跳 第212轮开始
11:02:53 [INFO] 🫀 扫描心跳 第213轮开始
11:03:05 [INFO] 
📊 护城河防御面板 第213轮
──────────────────────────────────────────────────────────────────────
科创半导体ETF华夏(588170)    1.23      1.22    6.6%  多-12/空121  停手:无可卖仓且买点不强
特变电工(600089)       20.70     20.81    3.1%   多115/空47  停手:价格低于均价，14:30前禁止买入
华工科技(000988)      151.08    150.74    1.9%     多8/空48  可T观察    
拓维信息(002261)       29.36     29.57    2.6%   多106/空66  停手:价格低于均价，14:30前禁止买入
江丰电子(300666)      335.00    332.09    5.6%    多-9/空72  强可T     
11:03:20 [INFO] 🫀 扫描心跳 第214轮开始
11:03:46 [INFO] 🫀 扫描心跳 第215轮开始
11:04:14 [INFO] 🫀 扫描心跳 第216轮开始
11:04:42 [INFO] 🫀 扫描心跳 第217轮开始
11:04:54 [INFO] 
📊 护城河防御面板 第217轮
──────────────────────────────────────────────────────────────────────
科创半导体ETF华夏(588170)    1.23      1.22    6.6%   多17/空106  停手:无可卖仓且买点不强
特变电工(600089)       20.75     20.81    3.1%    多57/空30  停手:价格低于均价，14:30前禁止买入
华工科技(000988)      151.00    150.76    1.9%     多8/空48  可T观察    
拓维信息(002261)       29.42     29.56    2.6%    多44/空43  停手:价格低于均价，14:30前禁止买入
江丰电子(300666)      332.21    332.13    5.6%     多6/空41  弱机会     
11:05:09 [INFO] 🫀 扫描心跳 第218轮开始
11:05:36 [INFO] 🫀 扫描心跳 第219轮开始
11:06:03 [INFO] 🫀 扫描心跳 第220轮开始
11:06:29 [INFO] 🫀 扫描心跳 第221轮开始
11:06:41 [INFO] 
📊 护城河防御面板 第221轮
──────────────────────────────────────────────────────────────────────
科创半导体ETF华夏(588170)    1.23      1.22    6.6%   多17/空106  停手:无可卖仓且买点不强
特变电工(600089)       20.75     20.81    3.1%    多57/空30  停手:价格低于均价，14:30前禁止买入
华工科技(000988)      151.00    150.76    1.9%     多8/空48  可T观察    
拓维信息(002261)       29.42     29.56    2.6%    多44/空43  停手:价格低于均价，14:30前禁止买入
江丰电子(300666)      332.21    332.13    5.6%     多6/空41  弱机会     
11:06:56 [INFO] 🫀 扫描心跳 第222轮开始
11:07:38 [INFO] 🫀 扫描心跳 第223轮开始
11:08:05 [INFO] 🫀 扫描心跳 第224轮开始
11:08:32 [INFO] 🫀 扫描心跳 第225轮开始
11:08:43 [INFO] 
📊 护城河防御面板 第225轮
──────────────────────────────────────────────────────────────────────
科创半导体ETF华夏(588170)    1.22      1.22    6.6%    多9/空118  停手:无可卖仓且买点不强
特变电工(600089)       20.74     20.81    3.1%    多53/空32  停手:价格低于均价，14:30前禁止买入
华工科技(000988)      150.78    150.77    1.9%    多-5/空48  可T观察    
拓维信息(002261)       29.35     29.55    2.6%    多56/空66  停手:价格低于均价，14:30前禁止买入
江丰电子(300666)      331.27    332.11    5.6%    多14/空26  停手:买卖都不够强
11:08:58 [INFO] 🫀 扫描心跳 第226轮开始
11:09:25 [INFO] 🫀 扫描心跳 第227轮开始
11:09:52 [INFO] 🫀 扫描心跳 第228轮开始
11:10:18 [INFO] 🫀 扫描心跳 第229轮开始
11:10:30 [INFO] 
📊 护城河防御面板 第229轮
──────────────────────────────────────────────────────────────────────
科创半导体ETF华夏(588170)    1.22      1.22    6.6%    多9/空118  停手:无可卖仓且买点不强
特变电工(600089)       20.74     20.81    3.1%    多53/空32  停手:价格低于均价，14:30前禁止买入
华工科技(000988)      150.78    150.77    1.9%    多-5/空48  可T观察    
拓维信息(002261)       29.35     29.55    2.6%    多56/空66  停手:价格低于均价，14:30前禁止买入
江丰电子(300666)      331.27    332.11    5.6%    多14/空26  停手:买卖都不够强
11:10:45 [INFO] 🫀 扫描心跳 第230轮开始
11:11:27 [INFO] 🫀 扫描心跳 第231轮开始
11:11:54 [INFO] 🫀 扫描心跳 第232轮开始
11:12:21 [INFO] 🫀 扫描心跳 第233轮开始
11:12:32 [INFO] 
📊 护城河防御面板 第233轮
──────────────────────────────────────────────────────────────────────
科创半导体ETF华夏(588170)    1.22      1.22    6.6%   多20/空118  停手:无可卖仓且买点不强
特变电工(600089)       20.75     20.80    3.1%    多55/空18  停手:价格低于均价，14:30前禁止买入
华工科技(000988)      150.81    150.77    1.9%     多9/空48  可T观察    
拓维信息(002261)       29.33     29.54    2.6%    多72/空66  停手:价格低于均价，14:30前禁止买入
江丰电子(300666)      332.43    332.10    5.6%     多4/空22  停手:买卖都不够强
11:12:47 [INFO] 🫀 扫描心跳 第234轮开始
11:13:13 [INFO] 🫀 扫描心跳 第235轮开始
11:13:40 [INFO] 🫀 扫描心跳 第236轮开始
11:14:07 [INFO] 🫀 扫描心跳 第237轮开始
11:14:20 [INFO] 
📊 护城河防御面板 第237轮
──────────────────────────────────────────────────────────────────────
科创半导体ETF华夏(588170)    1.21      1.22    6.6%    多86/空41  停手:当日轮次已满
特变电工(600089)       20.70     20.80    3.2%    多75/空37  停手:价格低于均价，14:30前禁止买入
华工科技(000988)      150.81    150.77    1.9%     多9/空48  可T观察    
拓维信息(002261)       29.33     29.54    2.6%    多72/空66  停手:价格低于均价，14:30前禁止买入
江丰电子(300666)      332.43    332.10    5.6%     多4/空22  停手:买卖都不够强
13:22:14 [INFO] 🫀 扫描心跳 第238轮开始
13:22:41 [INFO] ✅ 飞书消息已成功送达: 科创半导体ETF华夏(588170) BUY_LOW - 加急通知已发送
13:22:43 [INFO] 🔔 已触发急促报警
13:23:11 [INFO] 🫀 扫描心跳 第239轮开始
13:23:37 [INFO] 🫀 扫描心跳 第240轮开始
13:24:03 [INFO] 🫀 扫描心跳 第241轮开始
13:24:14 [INFO] 
📊 护城河防御面板 第241轮
──────────────────────────────────────────────────────────────────────
科创半导体ETF华夏(588170)    1.20      1.22    6.6%    多67/空18  停手:当日轮次已满
特变电工(600089)       20.62     20.75    3.6%    多73/空18  停手:价格低于均价，14:30前禁止买入
华工科技(000988)      149.30    150.24    2.6%    多45/空30  停手:价格低于均价，14:30前禁止买入
拓维信息(002261)       29.00     29.39    4.0%   多101/空30  停手:价格低于均价，14:30前禁止买入
江丰电子(300666)      325.26    330.42    5.6%    多39/空40  停手:价格低于均价，14:30前禁止买入
13:24:29 [INFO] 🫀 扫描心跳 第242轮开始
13:24:56 [INFO] 🫀 扫描心跳 第243轮开始
13:25:22 [INFO] 🫀 扫描心跳 第244轮开始
13:25:49 [INFO] 🫀 扫描心跳 第245轮开始
13:26:02 [INFO] 
📊 护城河防御面板 第245轮
──────────────────────────────────────────────────────────────────────
科创半导体ETF华夏(588170)    1.21      1.22    6.6%    多33/空42  停手:当日轮次已满
特变电工(600089)       20.63     20.74    3.6%    多45/空18  停手:价格低于均价，14:30前禁止买入
华工科技(000988)      150.10    150.22    2.6%    多19/空27  停手:买卖都不够强
拓维信息(002261)       29.07     29.38    4.0%    多71/空15  停手:价格低于均价，14:30前禁止买入
江丰电子(300666)      327.54    330.27    5.6%    多38/空27  停手:价格低于均价，14:30前禁止买入
13:26:17 [INFO] 🫀 扫描心跳 第246轮开始
13:26:43 [INFO] 🫀 扫描心跳 第247轮开始
13:27:12 [INFO] 🫀 扫描心跳 第248轮开始
13:27:40 [INFO] 🫀 扫描心跳 第249轮开始
13:27:52 [INFO] 
📊 护城河防御面板 第249轮
──────────────────────────────────────────────────────────────────────
科创半导体ETF华夏(588170)    1.21      1.22    6.6%    多33/空42  停手:当日轮次已满
特变电工(600089)       20.63     20.74    3.6%    多45/空18  停手:价格低于均价，14:30前禁止买入
华工科技(000988)      150.10    150.22    2.6%    多19/空27  停手:买卖都不够强
拓维信息(002261)       29.07     29.38    4.0%    多71/空15  停手:价格低于均价，14:30前禁止买入
江丰电子(300666)      327.54    330.27    5.6%    多38/空27  停手:价格低于均价，14:30前禁止买入
13:28:07 [INFO] 🫀 扫描心跳 第250轮开始
13:28:34 [INFO] 🫀 扫描心跳 第251轮开始
13:29:01 [INFO] 🫀 扫描心跳 第252轮开始
13:29:10 [INFO] 📊 动态份数 000988: 状态=normal 信号强度75/阈值41, 建议交易200股/份 (100%)
13:29:11 [INFO] ✅ 飞书消息已成功送达: 华工科技(000988) SELL_HIGH - 加急通知已发送
13:29:12 [INFO] 🔔 已触发急促报警
13:29:35 [INFO] 🫀 扫描心跳 第253轮开始
13:29:46 [INFO] 
📊 护城河防御面板 第253轮
──────────────────────────────────────────────────────────────────────
科创半导体ETF华夏(588170)    1.22      1.22    6.6%    多20/空63  停手:无可卖仓且买点不强
特变电工(600089)       20.64     20.74    3.6%    多45/空18  停手:价格低于均价，14:30前禁止买入
华工科技(000988)      150.39    150.22    2.6%    多-8/空75  停手:无可卖仓且买点不强
拓维信息(002261)       29.10     29.37    4.0%    多66/空42  停手:价格低于均价，14:30前禁止买入
江丰电子(300666)      329.20    330.21    5.6%    多35/空42  停手:价格低于均价，14:30前禁止买入
13:30:01 [INFO] 🫀 扫描心跳 第254轮开始
13:30:29 [INFO] 🫀 扫描心跳 第255轮开始
13:30:56 [INFO] 🫀 扫描心跳 第256轮开始
13:31:23 [INFO] 🫀 扫描心跳 第257轮开始
13:31:35 [INFO] 
📊 护城河防御面板 第257轮
──────────────────────────────────────────────────────────────────────
科创半导体ETF华夏(588170)    1.22      1.22    6.6%    多20/空69  停手:无可卖仓且买点不强
特变电工(600089)       20.64     20.74    3.6%    多45/空18  停手:价格低于均价，14:30前禁止买入
华工科技(000988)      150.39    150.22    2.6%    多-8/空75  停手:无可卖仓且买点不强
拓维信息(002261)       29.10     29.37    4.0%    多66/空42  停手:价格低于均价，14:30前禁止买入
江丰电子(300666)      329.20    330.21    5.6%    多35/空42  停手:价格低于均价，14:30前禁止买入
13:31:50 [INFO] 🫀 扫描心跳 第258轮开始
13:32:17 [INFO] 🫀 扫描心跳 第259轮开始
13:32:22 [INFO] 📊 动态份数 600089: 状态=normal 信号强度53/阈值49, 建议交易200股/份 (17%)
13:32:22 [INFO] 📉 600089 卖出信号得分53分，低于10:00后阈值65分，静默处理（不推送飞书）
13:32:45 [INFO] 🫀 扫描心跳 第260轮开始
13:33:13 [INFO] 🫀 扫描心跳 第261轮开始
13:33:25 [INFO] 
📊 护城河防御面板 第261轮
──────────────────────────────────────────────────────────────────────
科创半导体ETF华夏(588170)    1.22      1.22    6.6%   多-4/空100  停手:无可卖仓且买点不强
特变电工(600089)       20.71     20.74    3.6%    多20/空50  停手:价格低于均价，14:30前禁止买入
华工科技(000988)      151.01    150.24    2.6%    多-8/空59  停手:无可卖仓且买点不强
拓维信息(002261)       29.15     29.36    4.0%    多49/空50  停手:价格低于均价，14:30前禁止买入
江丰电子(300666)      330.65    330.21    5.6%     多3/空42  弱机会     
13:33:40 [INFO] 🫀 扫描心跳 第262轮开始
13:34:08 [INFO] 🫀 扫描心跳 第263轮开始
13:34:36 [INFO] 🫀 扫描心跳 第264轮开始
13:35:04 [INFO] 🫀 扫描心跳 第265轮开始
13:35:16 [INFO] 
📊 护城河防御面板 第265轮
──────────────────────────────────────────────────────────────────────
科创半导体ETF华夏(588170)    1.22      1.22    6.6%   多-4/空100  停手:无可卖仓且买点不强
特变电工(600089)       20.71     20.74    3.6%    多20/空50  停手:价格低于均价，14:30前禁止买入
华工科技(000988)      151.01    150.24    2.6%    多-8/空59  停手:无可卖仓且买点不强
拓维信息(002261)       29.15     29.36    4.0%    多49/空50  停手:价格低于均价，14:30前禁止买入
江丰电子(300666)      330.65    330.21    5.6%     多3/空42  弱机会     
13:35:31 [INFO] 🫀 扫描心跳 第266轮开始
13:36:00 [INFO] 🫀 扫描心跳 第267轮开始
13:36:28 [INFO] 🫀 扫描心跳 第268轮开始
13:36:55 [INFO] 🫀 扫描心跳 第269轮开始
13:37:07 [INFO] 
📊 护城河防御面板 第269轮
──────────────────────────────────────────────────────────────────────
科创半导体ETF华夏(588170)    1.22      1.22    6.6%     多4/空80  停手:无可卖仓且买点不强
特变电工(600089)       20.70     20.74    3.6%    多26/空44  停手:价格低于均价，14:30前禁止买入
华工科技(000988)      151.57    150.29    2.6%    多-5/空63  停手:无可卖仓且买点不强
拓维信息(002261)       29.05     29.35    4.0%    多71/空44  停手:价格低于均价，14:30前禁止买入
江丰电子(300666)      329.59    330.21    5.6%    多41/空40  停手:价格低于均价，14:30前禁止买入
13:37:22 [INFO] 🫀 扫描心跳 第270轮开始
13:37:49 [INFO] 🫀 扫描心跳 第271轮开始
13:38:16 [INFO] 🫀 扫描心跳 第272轮开始
13:38:43 [INFO] 🫀 扫描心跳 第273轮开始
13:38:57 [INFO] 📉 300666 卖出信号得分42分，低于10:00后阈值65分，静默处理（不推送飞书）
13:38:57 [INFO] 
📊 护城河防御面板 第273轮
──────────────────────────────────────────────────────────────────────
科创半导体ETF华夏(588170)    1.22      1.22    6.6%    多-4/空58  停手:无可卖仓且买点不强
特变电工(600089)       20.72     20.74    3.6%    多20/空19  停手:买卖都不够强
华工科技(000988)      154.43    150.40    4.3%   多-15/空80  停手:无可卖仓且买点不强
拓维信息(002261)       29.16     29.35    4.0%    多21/空27  停手:买卖都不够强
江丰电子(300666)      331.82    330.23    5.6%     多3/空42  弱机会|SELL_HIGH
13:39:12 [INFO] 🫀 扫描心跳 第274轮开始
13:39:39 [INFO] 🫀 扫描心跳 第275轮开始
13:40:06 [INFO] 🫀 扫描心跳 第276轮开始
13:40:33 [INFO] 🫀 扫描心跳 第277轮开始
13:40:45 [INFO] 
📊 护城河防御面板 第277轮
──────────────────────────────────────────────────────────────────────
科创半导体ETF华夏(588170)    1.22      1.22    6.6%    多-4/空58  停手:无可卖仓且买点不强
特变电工(600089)       20.72     20.74    3.6%    多20/空19  停手:买卖都不够强
华工科技(000988)      154.43    150.40    4.3%   多-15/空80  停手:无可卖仓且买点不强
拓维信息(002261)       29.16     29.35    4.0%    多21/空27  停手:买卖都不够强
江丰电子(300666)      331.82    330.23    5.6%     多3/空34  停手:无可卖仓且买点不强
13:41:00 [INFO] 🫀 扫描心跳 第278轮开始
13:41:27 [INFO] 🫀 扫描心跳 第279轮开始
13:41:53 [INFO] 🫀 扫描心跳 第280轮开始
13:42:03 [INFO] 📉 002261 卖出信号得分42分，低于10:00后阈值65分，静默处理（不推送飞书）
13:42:21 [INFO] 🫀 扫描心跳 第281轮开始
13:42:33 [INFO] 
📊 护城河防御面板 第281轮
──────────────────────────────────────────────────────────────────────
科创半导体ETF华夏(588170)    1.22      1.22    6.6%    多-4/空68  停手:无可卖仓且买点不强
特变电工(600089)       20.72     20.73    3.6%    多20/空17  停手:买卖都不够强
华工科技(000988)      153.85    150.52    4.1%  多-17/空121  停手:无可卖仓且买点不强
拓维信息(002261)       29.18     29.34    4.0%     多6/空34  停手:无可卖仓且买点不强
江丰电子(300666)      331.51    330.28    5.6%    多-9/空47  停手:无可卖仓且买点不强
13:42:48 [INFO] 🫀 扫描心跳 第282轮开始
13:43:16 [INFO] 🫀 扫描心跳 第283轮开始
13:43:44 [INFO] 🫀 扫描心跳 第284轮开始
13:44:12 [INFO] 🫀 扫描心跳 第285轮开始
13:44:24 [INFO] 
📊 护城河防御面板 第285轮
──────────────────────────────────────────────────────────────────────
科创半导体ETF华夏(588170)    1.22      1.22    6.6%    多-4/空68  停手:无可卖仓且买点不强
特变电工(600089)       20.72     20.73    3.6%    多20/空17  停手:买卖都不够强
华工科技(000988)      153.85    150.52    4.1%  多-17/空121  停手:无可卖仓且买点不强
拓维信息(002261)       29.18     29.34    4.0%     多6/空34  停手:无可卖仓且买点不强
江丰电子(300666)      331.51    330.28    5.6%    多-9/空47  停手:无可卖仓且买点不强
13:44:39 [INFO] 🫀 扫描心跳 第286轮开始
13:45:07 [INFO] 🫀 扫描心跳 第287轮开始
13:45:35 [INFO] 🫀 扫描心跳 第288轮开始
13:46:02 [INFO] 🫀 扫描心跳 第289轮开始
13:46:15 [INFO] 
📊 护城河防御面板 第289轮
──────────────────────────────────────────────────────────────────────
科创半导体ETF华夏(588170)    1.23      1.22    6.6%    多-4/空93  停手:无可卖仓且买点不强
特变电工(600089)       20.70     20.73    3.6%    多40/空21  停手:价格低于均价，14:30前禁止买入
华工科技(000988)      153.92    150.65    4.1%   多-17/空79  停手:无可卖仓且买点不强
拓维信息(002261)       29.10     29.33    4.0%    多50/空36  停手:价格低于均价，14:30前禁止买入
江丰电子(300666)      331.95    330.32    5.6%     多1/空32  停手:无可卖仓且买点不强
13:46:30 [INFO] 🫀 扫描心跳 第290轮开始
13:46:57 [INFO] 🫀 扫描心跳 第291轮开始
13:47:26 [INFO] 🫀 扫描心跳 第292轮开始
13:47:54 [INFO] 🫀 扫描心跳 第293轮开始
13:48:06 [INFO] 
📊 护城河防御面板 第293轮
──────────────────────────────────────────────────────────────────────
科创半导体ETF华夏(588170)    1.23      1.22    6.6%    多-4/空93  停手:无可卖仓且买点不强
特变电工(600089)       20.70     20.73    3.6%    多40/空21  停手:价格低于均价，14:30前禁止买入
华工科技(000988)      153.92    150.65    4.1%   多-17/空79  停手:无可卖仓且买点不强
拓维信息(002261)       29.10     29.33    4.0%    多50/空36  停手:价格低于均价，14:30前禁止买入
江丰电子(300666)      331.95    330.32    5.6%     多1/空32  停手:无可卖仓且买点不强
13:48:21 [INFO] 🫀 扫描心跳 第294轮开始
13:48:49 [INFO] 🫀 扫描心跳 第295轮开始
13:49:16 [INFO] 🫀 扫描心跳 第296轮开始
13:49:43 [INFO] 🫀 扫描心跳 第297轮开始
13:49:54 [INFO] 
📊 护城河防御面板 第297轮
──────────────────────────────────────────────────────────────────────
科创半导体ETF华夏(588170)    1.23      1.22    6.6%    多-6/空91  停手:无可卖仓且买点不强
特变电工(600089)       20.71     20.73    3.6%    多16/空11  停手:买卖都不够强
华工科技(000988)      154.95    150.79    4.6%   多-15/空80  停手:无可卖仓且买点不强
拓维信息(002261)       29.05     29.33    4.0%    多61/空26  停手:价格低于均价，14:30前禁止买入
江丰电子(300666)      332.33    330.38    5.6%     多1/空47  停手:无可卖仓且买点不强
13:50:09 [INFO] 🫀 扫描心跳 第298轮开始
13:50:38 [INFO] 🫀 扫描心跳 第299轮开始
13:51:05 [INFO] 🫀 扫描心跳 第300轮开始
13:51:48 [INFO] 🫀 扫描心跳 第301轮开始
13:52:02 [INFO] 
📊 护城河防御面板 第301轮
──────────────────────────────────────────────────────────────────────
科创半导体ETF华夏(588170)    1.23      1.22    6.6%     多4/空73  停手:无可卖仓且买点不强
特变电工(600089)       20.69     20.73    3.6%    多32/空26  停手:价格低于均价，14:30前禁止买入
华工科技(000988)      154.80    150.93    4.8%   多-17/空93  停手:无可卖仓且买点不强
拓维信息(002261)       29.11     29.32    4.0%     多64/空7  停手:价格低于均价，14:30前禁止买入
江丰电子(300666)      330.92    330.42    5.6%    多11/空37  停手:无可卖仓且买点不强
13:52:17 [INFO] 🫀 扫描心跳 第302轮开始
13:52:44 [INFO] 🫀 扫描心跳 第303轮开始
13:53:15 [INFO] 🫀 扫描心跳 第304轮开始
13:53:43 [INFO] 🫀 扫描心跳 第305轮开始
13:53:55 [INFO] 
📊 护城河防御面板 第305轮
──────────────────────────────────────────────────────────────────────
科创半导体ETF华夏(588170)    1.23      1.22    6.6%     多4/空73  停手:无可卖仓且买点不强
特变电工(600089)       20.69     20.73    3.6%    多32/空26  停手:价格低于均价，14:30前禁止买入
华工科技(000988)      154.80    150.93    4.8%   多-17/空93  停手:无可卖仓且买点不强
拓维信息(002261)       29.11     29.32    4.0%     多64/空7  停手:价格低于均价，14:30前禁止买入
江丰电子(300666)      330.92    330.42    5.6%     多3/空37  停手:无可卖仓且买点不强
13:54:10 [INFO] 🫀 扫描心跳 第306轮开始
13:54:37 [INFO] 🫀 扫描心跳 第307轮开始
13:55:05 [INFO] 🫀 扫描心跳 第308轮开始
13:55:33 [INFO] 🫀 扫描心跳 第309轮开始
13:55:45 [INFO] 
📊 护城河防御面板 第309轮
──────────────────────────────────────────────────────────────────────
科创半导体ETF华夏(588170)    1.23      1.22    6.6%     多9/空58  停手:无可卖仓且买点不强
特变电工(600089)       20.70     20.73    3.6%     多42/空7  停手:价格低于均价，14:30前禁止买入
华工科技(000988)      155.32    151.12    4.9%   多-17/空81  停手:无可卖仓且买点不强
拓维信息(002261)       29.09     29.31    4.0%    多48/空22  停手:价格低于均价，14:30前禁止买入
江丰电子(300666)      332.00    330.45    5.6%    多13/空22  停手:无可卖仓且买点不强
13:56:00 [INFO] 🫀 扫描心跳 第310轮开始
13:56:26 [INFO] 🫀 扫描心跳 第311轮开始
13:56:53 [INFO] 🫀 扫描心跳 第312轮开始
13:57:35 [INFO] 🫀 扫描心跳 第313轮开始
13:57:49 [INFO] 
📊 护城河防御面板 第313轮
──────────────────────────────────────────────────────────────────────
科创半导体ETF华夏(588170)    1.23      1.22    6.6%     多9/空58  停手:无可卖仓且买点不强
特变电工(600089)       20.70     20.73    3.6%     多42/空7  停手:价格低于均价，14:30前禁止买入
华工科技(000988)      155.32    151.12    4.9%   多-17/空81  停手:无可卖仓且买点不强
拓维信息(002261)       29.09     29.31    4.0%    多48/空22  停手:价格低于均价，14:30前禁止买入
江丰电子(300666)      332.00    330.45    5.6%    多13/空22  停手:无可卖仓且买点不强
13:58:04 [INFO] 🫀 扫描心跳 第314轮开始
13:58:32 [INFO] 🫀 扫描心跳 第315轮开始
13:59:00 [INFO] 🫀 扫描心跳 第316轮开始
13:59:28 [INFO] 🫀 扫描心跳 第317轮开始
13:59:40 [INFO] 
📊 护城河防御面板 第317轮
──────────────────────────────────────────────────────────────────────
科创半导体ETF华夏(588170)    1.23      1.22    6.6%    多-4/空89  停手:无可卖仓且买点不强
特变电工(600089)       20.67     20.73    3.6%    多40/空26  停手:价格低于均价，14:30前禁止买入
华工科技(000988)      155.00    151.27    5.0%   多-17/空68  停手:无可卖仓且买点不强
拓维信息(002261)       29.02     29.30    4.0%    多69/空26  停手:价格低于均价，14:30前禁止买入
江丰电子(300666)      331.20    330.49    5.6%    多-7/空41  停手:无可卖仓且买点不强
13:59:55 [INFO] 🫀 扫描心跳 第318轮开始
14:00:22 [INFO] 🫀 扫描心跳 第319轮开始
14:00:49 [INFO] 🫀 扫描心跳 第320轮开始
14:01:17 [INFO] 🫀 扫描心跳 第321轮开始
14:01:28 [INFO] 
📊 护城河防御面板 第321轮
──────────────────────────────────────────────────────────────────────
科创半导体ETF华夏(588170)    1.23      1.22    6.6%    多-4/空89  停手:无可卖仓且买点不强
特变电工(600089)       20.67     20.73    3.6%    多40/空26  停手:价格低于均价，14:30前禁止买入
华工科技(000988)      155.00    151.27    5.0%   多-17/空68  停手:无可卖仓且买点不强
拓维信息(002261)       29.02     29.30    4.0%    多69/空26  停手:价格低于均价，14:30前禁止买入
江丰电子(300666)      331.20    330.49    5.6%    多-7/空41  停手:无可卖仓且买点不强
14:01:43 [INFO] 🫀 扫描心跳 第322轮开始
14:02:12 [INFO] 🫀 扫描心跳 第323轮开始
14:02:39 [INFO] 🫀 扫描心跳 第324轮开始
14:03:07 [INFO] 🫀 扫描心跳 第325轮开始
14:03:34 [INFO] 
📊 护城河防御面板 第325轮
──────────────────────────────────────────────────────────────────────
科创半导体ETF华夏(588170)    1.23      1.22    6.6%     多3/空92  停手:无可卖仓且买点不强
特变电工(600089)       20.65     20.73    3.6%    多90/空41  停手:价格低于均价，14:30前禁止买入
华工科技(000988)      154.45    151.37    5.0%    多10/空71  停手:无可卖仓且买点不强
拓维信息(002261)       29.00     29.30    4.0%    多93/空41  停手:价格低于均价，14:30前禁止买入
江丰电子(300666)      330.31    330.49    5.6%    多31/空41  停手:价格低于均价，14:30前禁止买入
14:03:49 [INFO] 🫀 扫描心跳 第326轮开始
14:04:16 [INFO] 🫀 扫描心跳 第327轮开始
14:04:44 [INFO] 🫀 扫描心跳 第328轮开始
14:05:11 [INFO] 🫀 扫描心跳 第329轮开始
14:05:24 [INFO] 
📊 护城河防御面板 第329轮
──────────────────────────────────────────────────────────────────────
科创半导体ETF华夏(588170)    1.22      1.22    6.6%    多15/空89  停手:无可卖仓且买点不强
特变电工(600089)       20.63     20.72    3.6%    多90/空41  停手:价格低于均价，14:30前禁止买入
华工科技(000988)      153.69    151.47    5.0%    多36/空71  强可T     
拓维信息(002261)       28.96     29.29    4.0%   多154/空41  停手:价格低于均价，14:30前禁止买入
江丰电子(300666)      328.17    330.44    5.6%    多29/空41  停手:价格低于均价，14:30前禁止买入
14:05:39 [INFO] 🫀 扫描心跳 第330轮开始
14:06:06 [INFO] 🫀 扫描心跳 第331轮开始
14:06:33 [INFO] 🫀 扫描心跳 第332轮开始
14:07:00 [INFO] 🫀 扫描心跳 第333轮开始
14:07:13 [INFO] 
📊 护城河防御面板 第333轮
──────────────────────────────────────────────────────────────────────
科创半导体ETF华夏(588170)    1.22      1.22    6.6%    多15/空89  停手:无可卖仓且买点不强
特变电工(600089)       20.63     20.72    3.6%    多90/空41  停手:价格低于均价，14:30前禁止买入
华工科技(000988)      153.69    151.47    5.0%    多36/空71  强可T     
拓维信息(002261)       28.96     29.29    4.0%   多154/空41  停手:价格低于均价，14:30前禁止买入
江丰电子(300666)      328.17    330.44    5.6%    多29/空41  停手:价格低于均价，14:30前禁止买入
14:07:28 [INFO] 🫀 扫描心跳 第334轮开始
14:07:56 [INFO] 🫀 扫描心跳 第335轮开始
14:08:23 [INFO] 🫀 扫描心跳 第336轮开始
14:08:52 [INFO] 🫀 扫描心跳 第337轮开始
14:09:04 [INFO] 
📊 护城河防御面板 第337轮
──────────────────────────────────────────────────────────────────────
科创半导体ETF华夏(588170)    1.22      1.22    6.6%    多29/空89  停手:当日轮次已满
特变电工(600089)       20.63     20.72    3.6%   多104/空22  停手:价格低于均价，14:30前禁止买入
华工科技(000988)      153.02    151.53    5.0%    多18/空71  停手:无可卖仓且买点不强
拓维信息(002261)       28.95     29.28    4.0%   多130/空41  停手:价格低于均价，14:30前禁止买入
江丰电子(300666)      327.36    330.38    5.6%    多44/空41  停手:价格低于均价，14:30前禁止买入
14:09:19 [INFO] 🫀 扫描心跳 第338轮开始
14:09:46 [INFO] 🫀 扫描心跳 第339轮开始
14:10:14 [INFO] 🫀 扫描心跳 第340轮开始
14:10:41 [INFO] 🫀 扫描心跳 第341轮开始
14:10:53 [INFO] 
📊 护城河防御面板 第341轮
──────────────────────────────────────────────────────────────────────
科创半导体ETF华夏(588170)    1.22      1.22    6.6%    多29/空89  停手:当日轮次已满
特变电工(600089)       20.63     20.72    3.6%   多104/空22  停手:价格低于均价，14:30前禁止买入
华工科技(000988)      153.02    151.53    5.0%    多18/空71  停手:无可卖仓且买点不强
拓维信息(002261)       28.95     29.28    4.0%   多130/空41  停手:价格低于均价，14:30前禁止买入
江丰电子(300666)      327.36    330.38    5.6%    多44/空41  停手:价格低于均价，14:30前禁止买入
14:11:08 [INFO] 🫀 扫描心跳 第342轮开始
14:11:34 [INFO] 🫀 扫描心跳 第343轮开始
14:12:02 [INFO] 🫀 扫描心跳 第344轮开始
14:12:29 [INFO] 🫀 扫描心跳 第345轮开始
14:12:41 [INFO] 
📊 护城河防御面板 第345轮
──────────────────────────────────────────────────────────────────────
科创半导体ETF华夏(588170)    1.22      1.22    6.6%    多65/空68  停手:当日轮次已满
特变电工(600089)       20.61     20.72    3.6%   多124/空22  停手:价格低于均价，14:30前禁止买入
华工科技(000988)      153.25    151.57    5.0%    多16/空52  停手:无可卖仓且买点不强
拓维信息(002261)       28.88     29.27    4.2%    多98/空41  停手:价格低于均价，14:30前禁止买入
江丰电子(300666)      326.76    330.30    5.6%    多64/空41  停手:价格低于均价，14:30前禁止买入
14:12:56 [INFO] 🫀 扫描心跳 第346轮开始
14:13:23 [INFO] 🫀 扫描心跳 第347轮开始
14:13:50 [INFO] 🫀 扫描心跳 第348轮开始
14:14:17 [INFO] 🫀 扫描心跳 第349轮开始
14:14:29 [INFO] 
📊 护城河防御面板 第349轮
──────────────────────────────────────────────────────────────────────
科创半导体ETF华夏(588170)    1.22      1.22    6.6%    多65/空68  停手:当日轮次已满
特变电工(600089)       20.61     20.72    3.6%   多124/空22  停手:价格低于均价，14:30前禁止买入
华工科技(000988)      153.25    151.57    5.0%    多16/空52  停手:无可卖仓且买点不强
拓维信息(002261)       28.88     29.27    4.2%    多98/空41  停手:价格低于均价，14:30前禁止买入
江丰电子(300666)      326.76    330.30    5.6%    多64/空41  停手:价格低于均价，14:30前禁止买入
14:14:44 [INFO] 🫀 扫描心跳 第350轮开始
14:14:58 [INFO] ✅ 飞书消息已成功送达: 江丰电子(300666) BUY_LOW - 加急通知已发送
14:15:00 [INFO] 🔔 已触发急促报警
14:15:15 [INFO] 🫀 扫描心跳 第351轮开始
14:15:43 [INFO] 🫀 扫描心跳 第352轮开始
14:16:11 [INFO] 🫀 扫描心跳 第353轮开始
14:16:23 [INFO] 
📊 护城河防御面板 第353轮
──────────────────────────────────────────────────────────────────────
科创半导体ETF华夏(588170)    1.22      1.22    6.6%    多30/空79  停手:当日轮次已满
特变电工(600089)       20.62     20.72    3.6%    多76/空22  停手:价格低于均价，14:30前禁止买入
华工科技(000988)      153.37    151.62    5.0%    多13/空52  停手:无可卖仓且买点不强
拓维信息(002261)       28.90     29.26    4.3%   多150/空22  停手:价格低于均价，14:30前禁止买入
江丰电子(300666)      327.67    330.23    5.6%    多71/空30  停手:价格低于均价，14:30前禁止买入
14:16:38 [INFO] 🫀 扫描心跳 第354轮开始
14:17:06 [INFO] 🫀 扫描心跳 第355轮开始
14:17:34 [INFO] 🫀 扫描心跳 第356轮开始
14:18:01 [INFO] 🫀 扫描心跳 第357轮开始
14:18:15 [INFO] 
📊 护城河防御面板 第357轮
──────────────────────────────────────────────────────────────────────
科创半导体ETF华夏(588170)    1.22      1.22    6.6%    多39/空64  停手:当日轮次已满
特变电工(600089)       20.62     20.71    3.6%    多58/空22  停手:价格低于均价，14:30前禁止买入
华工科技(000988)      152.86    151.67    5.0%    多16/空52  停手:无可卖仓且买点不强
拓维信息(002261)       28.91     29.25    4.3%   多116/空22  停手:价格低于均价，14:30前禁止买入
江丰电子(300666)      327.66    330.15    5.6%    多63/空45  停手:价格低于均价，14:30前禁止买入
14:18:30 [INFO] 🫀 扫描心跳 第358轮开始
14:19:01 [INFO] 🫀 扫描心跳 第359轮开始
14:19:29 [INFO] 🫀 扫描心跳 第360轮开始
14:19:56 [INFO] 🫀 扫描心跳 第361轮开始
14:20:08 [INFO] 
📊 护城河防御面板 第361轮
──────────────────────────────────────────────────────────────────────
科创半导体ETF华夏(588170)    1.22      1.22    6.6%    多39/空64  停手:当日轮次已满
特变电工(600089)       20.62     20.71    3.6%    多58/空22  停手:价格低于均价，14:30前禁止买入
华工科技(000988)      152.86    151.67    5.0%    多16/空52  停手:无可卖仓且买点不强
拓维信息(002261)       28.91     29.25    4.3%   多116/空22  停手:价格低于均价，14:30前禁止买入
江丰电子(300666)      327.66    330.15    5.6%    多63/空45  停手:价格低于均价，14:30前禁止买入
14:20:23 [INFO] 🫀 扫描心跳 第362轮开始
14:20:50 [INFO] 🫀 扫描心跳 第363轮开始
14:21:35 [INFO] 🫀 扫描心跳 第364轮开始
14:22:07 [INFO] 🫀 扫描心跳 第365轮开始
14:22:26 [INFO] 
📊 护城河防御面板 第365轮
──────────────────────────────────────────────────────────────────────
科创半导体ETF华夏(588170)    1.22      1.22    6.6%    多14/空85  停手:无可卖仓且买点不强
特变电工(600089)       20.62     20.71    3.6%    多58/空22  停手:价格低于均价，14:30前禁止买入
华工科技(000988)      153.25    151.72    5.0%     多0/空52  停手:无可卖仓且买点不强
拓维信息(002261)       28.90     29.24    4.3%   多106/空37  停手:价格低于均价，14:30前禁止买入
江丰电子(300666)      327.00    330.10    5.6%    多74/空59  停手:价格低于均价，14:30前禁止买入
14:22:41 [INFO] 🫀 扫描心跳 第366轮开始
14:23:12 [INFO] 🫀 扫描心跳 第367轮开始
14:23:46 [INFO] 🫀 扫描心跳 第368轮开始
14:24:13 [INFO] 🫀 扫描心跳 第369轮开始
14:24:26 [INFO] 
📊 护城河防御面板 第369轮
──────────────────────────────────────────────────────────────────────
科创半导体ETF华夏(588170)    1.22      1.22    6.6%    多14/空85  停手:无可卖仓且买点不强
特变电工(600089)       20.62     20.71    3.6%    多58/空22  停手:价格低于均价，14:30前禁止买入
华工科技(000988)      153.25    151.72    5.0%    多-1/空59  停手:无可卖仓且买点不强
拓维信息(002261)       28.91     29.23    4.3%    多78/空22  停手:价格低于均价，14:30前禁止买入
江丰电子(300666)      327.60    330.05    5.6%    多93/空40  停手:价格低于均价，14:30前禁止买入
14:24:41 [INFO] 🫀 扫描心跳 第370轮开始
14:25:09 [INFO] 🫀 扫描心跳 第371轮开始
14:25:36 [INFO] 🫀 扫描心跳 第372轮开始
14:26:03 [INFO] 🫀 扫描心跳 第373轮开始
14:26:14 [INFO] 
📊 护城河防御面板 第373轮
──────────────────────────────────────────────────────────────────────
科创半导体ETF华夏(588170)    1.22      1.22    6.6%    多30/空89  停手:当日轮次已满
特变电工(600089)       20.61     20.71    3.6%    多68/空22  停手:价格低于均价，14:30前禁止买入
华工科技(000988)      153.11    151.76    5.0%    多13/空84  停手:无可卖仓且买点不强
拓维信息(002261)       28.91     29.23    4.3%    多78/空22  停手:价格低于均价，14:30前禁止买入
江丰电子(300666)      327.60    330.05    5.6%    多93/空40  停手:价格低于均价，14:30前禁止买入
14:26:29 [INFO] 🫀 扫描心跳 第374轮开始
14:26:57 [INFO] 🫀 扫描心跳 第375轮开始
14:27:44 [INFO] 🫀 扫描心跳 第376轮开始
14:28:14 [INFO] 🫀 扫描心跳 第377轮开始
14:28:31 [INFO] 
📊 护城河防御面板 第377轮
──────────────────────────────────────────────────────────────────────
科创半导体ETF华夏(588170)    1.22      1.22    6.6%    多30/空68  停手:当日轮次已满
特变电工(600089)       20.61     20.71    3.6%    多70/空22  停手:价格低于均价，14:30前禁止买入
华工科技(000988)      153.01    151.80    5.0%     多9/空58  停手:无可卖仓且买点不强
拓维信息(002261)       28.93     29.23    4.3%    多78/空32  停手:价格低于均价，14:30前禁止买入
江丰电子(300666)      327.80    330.00    5.6%    多77/空30  停手:价格低于均价，14:30前禁止买入
14:28:46 [INFO] 🫀 扫描心跳 第378轮开始
14:29:18 [INFO] 🫀 扫描心跳 第379轮开始
14:29:47 [INFO] 🫀 扫描心跳 第380轮开始
14:30:14 [INFO] 🫀 扫描心跳 第381轮开始
14:30:26 [INFO] 
📊 护城河防御面板 第381轮
──────────────────────────────────────────────────────────────────────
科创半导体ETF华夏(588170)    1.22      1.22    6.6%    多30/空68  停手:当日轮次已满
特变电工(600089)       20.61     20.71    3.6%    多70/空22  停手:价格低于均价，14:30前禁止买入
华工科技(000988)      153.01    151.80    5.0%     多9/空66  停手:无可卖仓且买点不强
拓维信息(002261)       28.93     29.23    4.3%    多78/空32  停手:价格低于均价，14:30前禁止买入
江丰电子(300666)      327.80    330.00    5.6%    多77/空30  停手:价格低于均价，14:30前禁止买入
14:30:41 [INFO] 🫀 扫描心跳 第382轮开始
14:31:10 [INFO] 🫀 扫描心跳 第383轮开始
14:31:39 [INFO] 🫀 扫描心跳 第384轮开始
14:32:06 [INFO] 🫀 扫描心跳 第385轮开始
14:32:19 [INFO] 
📊 护城河防御面板 第385轮
──────────────────────────────────────────────────────────────────────
科创半导体ETF华夏(588170)    1.22      1.22    6.6%    多20/空64  停手:无可卖仓且买点不强
特变电工(600089)       20.64     20.70    3.6%    多53/空59  停手:已达当日买入上限1次
华工科技(000988)      153.25    151.85    5.0%    多31/空67  强可T     
拓维信息(002261)       28.98     29.22    4.3%    多54/空34  停手:已达当日买入上限1次
江丰电子(300666)      328.98    329.95    5.6%    多39/空42  停手:已达当日买入上限1次
14:32:34 [INFO] 🫀 扫描心跳 第386轮开始
14:33:01 [INFO] 🫀 扫描心跳 第387轮开始
14:33:28 [INFO] 🫀 扫描心跳 第388轮开始
14:33:55 [INFO] 🫀 扫描心跳 第389轮开始
14:34:08 [INFO] 
📊 护城河防御面板 第389轮
──────────────────────────────────────────────────────────────────────
科创半导体ETF华夏(588170)    1.22      1.22    6.6%    多20/空64  停手:无可卖仓且买点不强
特变电工(600089)       20.64     20.70    3.6%    多53/空67  停手:已达当日买入上限1次
华工科技(000988)      153.25    151.85    5.0%    多31/空67  强可T     
拓维信息(002261)       29.05     29.22    4.3%    多33/空49  停手:已达当日买入上限1次
江丰电子(300666)      329.56    329.93    5.6%    多39/空57  停手:已达当日买入上限1次
14:34:23 [INFO] 🫀 扫描心跳 第390轮开始
14:34:51 [INFO] 🫀 扫描心跳 第391轮开始
14:35:19 [INFO] 🫀 扫描心跳 第392轮开始
14:35:45 [INFO] 🫀 扫描心跳 第393轮开始
14:35:58 [INFO] 
📊 护城河防御面板 第393轮
──────────────────────────────────────────────────────────────────────
科创半导体ETF华夏(588170)    1.23      1.22    6.6%   多17/空108  停手:无可卖仓且买点不强
特变电工(600089)       20.65     20.70    3.6%    多53/空42  停手:已达当日买入上限1次
华工科技(000988)      153.43    151.89    5.0%   多17/空107  停手:无可卖仓且买点不强
拓维信息(002261)       29.05     29.22    4.3%    多33/空49  停手:已达当日买入上限1次
江丰电子(300666)      329.56    329.93    5.6%    多39/空54  停手:已达当日买入上限1次
14:36:13 [INFO] 🫀 扫描心跳 第394轮开始
14:36:42 [INFO] 🫀 扫描心跳 第395轮开始
14:37:13 [INFO] 🫀 扫描心跳 第396轮开始
14:37:44 [INFO] 🫀 扫描心跳 第397轮开始
14:38:02 [INFO] 
📊 护城河防御面板 第397轮
──────────────────────────────────────────────────────────────────────
科创半导体ETF华夏(588170)    1.23      1.22    6.6%   多17/空100  停手:无可卖仓且买点不强
特变电工(600089)       20.66     20.70    3.6%    多53/空42  停手:已达当日买入上限1次
华工科技(000988)      153.75    151.93    5.0%   多11/空107  停手:无可卖仓且买点不强
拓维信息(002261)       29.06     29.21    4.3%    多33/空34  停手:已达当日买入上限1次
江丰电子(300666)      329.08    329.91    5.6%    多59/空56  停手:已达当日买入上限1次
14:38:17 [INFO] 🫀 扫描心跳 第398轮开始
14:38:48 [INFO] 🫀 扫描心跳 第399轮开始
14:39:34 [INFO] 🫀 扫描心跳 第400轮开始
14:40:05 [INFO] 🫀 扫描心跳 第401轮开始
14:40:20 [INFO] 
📊 护城河防御面板 第401轮
──────────────────────────────────────────────────────────────────────
科创半导体ETF华夏(588170)    1.23      1.22    6.6%   多17/空100  停手:无可卖仓且买点不强
特变电工(600089)       20.66     20.70    3.6%    多53/空42  停手:已达当日买入上限1次
华工科技(000988)      153.75    151.93    5.0%   多11/空107  停手:无可卖仓且买点不强
拓维信息(002261)       29.06     29.21    4.3%    多33/空34  停手:已达当日买入上限1次
江丰电子(300666)      329.08    329.91    5.6%    多59/空56  停手:已达当日买入上限1次
14:40:35 [INFO] 🫀 扫描心跳 第402轮开始
14:41:08 [INFO] 🫀 扫描心跳 第403轮开始
14:41:41 [INFO] 🫀 扫描心跳 第404轮开始
14:42:12 [INFO] 🫀 扫描心跳 第405轮开始
14:42:31 [INFO] 
📊 护城河防御面板 第405轮
──────────────────────────────────────────────────────────────────────
科创半导体ETF华夏(588170)    1.23      1.22    6.6%   多17/空130  停手:无可卖仓且买点不强
特变电工(600089)       20.64     20.70    3.6%    多49/空44  停手:已达当日买入上限1次
华工科技(000988)      154.08    152.00    5.0%   多11/空132  停手:无可卖仓且买点不强
拓维信息(002261)       29.09     29.21    4.3%    多29/空52  停手:已达当日买入上限1次
江丰电子(300666)      329.84    329.92    5.6%    多29/空41  停手:已达当日买入上限1次
14:42:46 [INFO] 🫀 扫描心跳 第406轮开始
14:43:17 [INFO] 🫀 扫描心跳 第407轮开始
14:43:48 [INFO] 🫀 扫描心跳 第408轮开始
14:44:20 [INFO] 🫀 扫描心跳 第409轮开始
14:44:37 [INFO] 
📊 护城河防御面板 第409轮
──────────────────────────────────────────────────────────────────────
科创半导体ETF华夏(588170)    1.23      1.22    6.6%    多15/空99  停手:无可卖仓且买点不强
特变电工(600089)       20.63     20.70    3.6%    多79/空34  停手:已达当日买入上限1次
华工科技(000988)      154.03    152.05    5.0%    多11/空97  停手:无可卖仓且买点不强
拓维信息(002261)       29.02     29.21    4.3%    多67/空59  停手:已达当日买入上限1次
江丰电子(300666)      328.92    329.90    5.6%    多67/空56  停手:已达当日买入上限1次
14:44:52 [INFO] 🫀 扫描心跳 第410轮开始
14:45:22 [INFO] 🫀 扫描心跳 第411轮开始
14:45:52 [INFO] 🫀 扫描心跳 第412轮开始
14:46:23 [INFO] 🫀 扫描心跳 第413轮开始
14:46:40 [INFO] 
📊 护城河防御面板 第413轮
──────────────────────────────────────────────────────────────────────
科创半导体ETF华夏(588170)    1.23      1.22    6.6%    多15/空99  停手:无可卖仓且买点不强
特变电工(600089)       20.63     20.70    3.6%    多79/空34  停手:已达当日买入上限1次
华工科技(000988)      154.03    152.05    5.0%    多11/空97  停手:无可卖仓且买点不强
拓维信息(002261)       29.02     29.21    4.3%    多67/空59  停手:已达当日买入上限1次
江丰电子(300666)      328.92    329.90    5.6%    多67/空56  停手:已达当日买入上限1次
14:46:55 [INFO] 🫀 扫描心跳 第414轮开始
14:47:28 [INFO] 🫀 扫描心跳 第415轮开始
14:47:59 [INFO] 🫀 扫描心跳 第416轮开始
14:48:30 [INFO] 🫀 扫描心跳 第417轮开始
14:48:48 [INFO] 
📊 护城河防御面板 第417轮
──────────────────────────────────────────────────────────────────────
科创半导体ETF华夏(588170)    1.23      1.22    6.6%     多7/空89  停手:无可卖仓且买点不强
特变电工(600089)       20.62     20.70    3.6%    多64/空19  停手:已达当日买入上限1次
华工科技(000988)      153.41    152.09    5.0%    多10/空91  停手:无可卖仓且买点不强
拓维信息(002261)       28.96     29.20    4.3%    多55/空34  停手:已达当日买入上限1次
江丰电子(300666)      328.04    329.85    5.6%    多56/空31  停手:已达当日买入上限1次
14:49:03 [INFO] 🫀 扫描心跳 第418轮开始
14:49:33 [INFO] 🫀 扫描心跳 第419轮开始
14:50:05 [INFO] 🫀 扫描心跳 第420轮开始
14:50:36 [INFO] 🫀 扫描心跳 第421轮开始
14:50:52 [INFO] 
📊 护城河防御面板 第421轮
──────────────────────────────────────────────────────────────────────
科创半导体ETF华夏(588170)    1.23      1.22    6.6%    多-4/空94  停手:无可卖仓且买点不强
特变电工(600089)       20.62     20.70    3.6%    多94/空15  停手:已达当日买入上限1次
华工科技(000988)      153.77    152.13    5.0%    多-6/空76  停手:无可卖仓且买点不强
拓维信息(002261)       28.95     29.20    4.3%   多109/空19  停手:已达当日买入上限1次
江丰电子(300666)      328.90    329.83    5.6%    多42/空18  停手:已达当日买入上限1次
14:51:07 [INFO] 🫀 扫描心跳 第422轮开始
14:51:39 [INFO] 🫀 扫描心跳 第423轮开始
14:52:10 [INFO] 🫀 扫描心跳 第424轮开始
14:52:42 [INFO] 🫀 扫描心跳 第425轮开始
14:52:59 [INFO] 
📊 护城河防御面板 第425轮
──────────────────────────────────────────────────────────────────────
科创半导体ETF华夏(588170)    1.23      1.22    6.6%    多-4/空94  停手:无可卖仓且买点不强
特变电工(600089)       20.62     20.70    3.6%    多94/空15  停手:已达当日买入上限1次
华工科技(000988)      153.77    152.13    5.0%    多-6/空76  停手:无可卖仓且买点不强
拓维信息(002261)       28.95     29.20    4.3%   多109/空19  停手:已达当日买入上限1次
江丰电子(300666)      328.90    329.83    5.6%    多42/空18  停手:已达当日买入上限1次
14:53:14 [INFO] 🫀 扫描心跳 第426轮开始
14:53:48 [INFO] 🫀 扫描心跳 第427轮开始
14:54:22 [INFO] 🫀 扫描心跳 第428轮开始
14:54:54 [INFO] 🫀 扫描心跳 第429轮开始
14:55:11 [INFO] 
📊 护城河防御面板 第429轮
──────────────────────────────────────────────────────────────────────
科创半导体ETF华夏(588170)    1.23      1.22    6.6%    多4/空135  停手:无可卖仓且买点不强
特变电工(600089)       20.61     20.69    3.6%    多66/空15  停手:已达当日买入上限1次
华工科技(000988)      153.70    152.17    5.0%    多-5/空64  停手:无可卖仓且买点不强
拓维信息(002261)       28.90     29.19    4.3%   多123/空34  停手:已达当日买入上限1次
江丰电子(300666)      328.67    329.81    5.6%    多22/空37  停手:无可卖仓且买点不强
14:55:26 [INFO] 
════════════════════ 【尾盘做T盈亏清算】 ════════════════════
💰 今日预估做T总净利润: 0.00 元

════════════════════ 【动作分类汇总】 ════════════════════
低吸 BUY_LOW=0次/0股 | 加仓 ADD_POS=0次/0股
高抛 SELL_HIGH=0次/0股 | 减仓 PANIC_SELL=0次/0股
════════════════════ 【ETF复盘小结】 ════════════════════
ETF 1票 | 有信号 1
科创半导体ETF华夏(588170) 0/0 | 1.23 | VWAP1.22 | +1.01%
════════════════════ 【普通股复盘小结】 ════════════════════
普通股 4票 | 有信号 4
特变电工(600089) 0/0 | 20.61 | VWAP20.69 | -0.40%
华工科技(000988) 0/0 | 153.70 | VWAP152.17 | +1.00%
拓维信息(002261) 0/0 | 28.90 | VWAP29.19 | -1.00%
江丰电子(300666) 0/0 | 328.67 | VWAP329.81 | -0.35%
════════════════════ 【误判因子排行】 ════════════════════
买点偏早: 暂无
卖点偏早: 暂无
漏买: 暂无
漏卖: 暂无
════════════════════ 【误判因子细分】 ════════════════════
买点偏早因子: 暂无
卖点偏早因子: 暂无
漏买因子: 暂无
漏卖因子: 暂无
════════════════════ 【四类动作误判因子】 ════════════════════
低吸 BUY_LOW 偏早: 暂无
低吸 BUY_LOW 未占优: 暂无
加仓 ADD_POS 偏早: 暂无
加仓 ADD_POS 未占优: 暂无
高抛 SELL_HIGH 偏早: 暂无
高抛 SELL_HIGH 未占优: 暂无
跳水 PANIC_SELL 偏早: 暂无
跳水 PANIC_SELL 未占优: 暂无
════════════════════ 【策略最高分复盘数据(喂给AI)】 ════════════════════
科创半导体ETF华夏(588170): 多=86 空=142 振=6.62% 偏=+1.01% 买=0/0 卖=0/0
特变电工(600089): 多=124 空=76 振=3.64% 偏=-0.40% 买=0/0 卖=0/0
华工科技(000988): 多=91 空=132 振=5.02% 偏=+1.00% 买=0/0 卖=0/0
拓维信息(002261): 多=154 空=89 振=4.26% 偏=-1.00% 买=0/0 卖=0/0
江丰电子(300666): 多=93 空=110 振=5.59% 偏=-0.35% 买=0/0 卖=0/0
════════════════════ 【复盘阅读顺序】 ════════════════════
1. sys日志 -> 2. data_quality -> 3. decision_trace
4. shadow_signals -> 5. signal_outcome -> 6. ai_review
════════════════════ 【信号结果追踪汇总】 ════════════════════
正确=0 | 买早=0 | 卖早=0 | 买验证中=0 | 卖验证中=0 | 待定=0
动作分布 BUY_LOW=0 | ADD_POS=0 | SELL_HIGH=0 | PANIC_SELL=0
5分钟胜率=0.0% (0/0) | 15分钟胜率=0.0% (0/0)
一眼摘要：最高频结果=correct(0) | 主要风险=无明显偏差(0) | 影子机会=0
════════════════════════════════════════════════════════════
14:55:26 [WARNING] ⚠️  尾盘复盘飞书推送失败: name 'overview_text' is not defined
14:55:26 [INFO] 🫀 扫描心跳 第430轮开始
14:55:56 [INFO] 🫀 扫描心跳 第431轮开始
14:56:29 [INFO] 🫀 扫描心跳 第432轮开始
14:57:00 [INFO] 🫀 扫描心跳 第433轮开始
14:57:17 [INFO] 
📊 护城河防御面板 第433轮
──────────────────────────────────────────────────────────────────────
科创半导体ETF华夏(588170)    1.23      1.22    6.6%    多4/空118  停手:无可卖仓且买点不强
特变电工(600089)       20.60     20.69    3.6%    多82/空19  停手:已达当日买入上限1次
华工科技(000988)      153.58    152.22    5.0%    多11/空64  停手:无可卖仓且买点不强
拓维信息(002261)       28.82     29.19    4.4%    多95/空34  停手:已达当日买入上限1次
江丰电子(300666)      328.94    329.79    5.6%    多42/空18  停手:已达当日买入上限1次
14:57:32 [INFO] 🫀 扫描心跳 第434轮开始
14:58:02 [INFO] 🫀 扫描心跳 第435轮开始
14:58:32 [INFO] 🫀 扫描心跳 第436轮开始
14:59:03 [INFO] 🫀 扫描心跳 第437轮开始
17:06:52 [INFO] 早盘集合竞价结论：回避
市场评分：40.8 / 100 | 偏向：neutral | 风险：unknown
竞价：强0 / 弱0 / 缺0 | 均分 10.0
策略结论：主做特变电工(600089) | 观察暂无 | 关注华工科技(000988) | 回避江丰电子(300666)
1. 主做：特变电工(600089)
2. 观察：暂无
3. 关注：华工科技(000988)
4. 回避：江丰电子(300666)
执行顺序：先1后2，再3，最后4
升级条件：若 9:35 后上涨家数回到高于下跌家数，且市场评分回到 55 上方，再把关注升为观察。
开盘后跟踪：开盘后只看核心标的承接，不追高，等量能和情绪同时转强再说。
热门关注：暂无
17:06:53 [INFO] ✅ 集合竞价总览已推送飞书
17:06:53 [INFO] ✅ 集合竞价详细结果已推送飞书
17:06:55 [INFO] 🔔 已触发急促报警
17:06:55 [INFO] ========= 做T终极护城河防御版 (V1.8 确认型收敛版) 启动 =========
17:06:55 [INFO] 飞书推送: ✓ 已启用
17:06:55 [INFO] 飞书关键词: 做T猎手预警
17:06:55 [INFO] 飞书Webhook: https://open.feishu.cn/open-apis/bot/v2/hook/e8018470-e...
17:06:55 [INFO] ══════════════════════════════════════════════════════════════════════
17:06:55 [INFO] 【2026-06-12 加仓策略执行指南】
17:06:55 [INFO]   1️⃣ 中国巨石 600176 — ❌ 不追 (已涨5.62%, 资金不足)
17:06:55 [INFO]   2️⃣ 科创50ETF 588000 — ⚡ 分批加仓 (先加¥15,000)
17:06:55 [INFO]      └─ 第一批: ¥15,000 (约8,200份)
17:06:55 [INFO]      └─ 第二批: ¥15,000 (等待盘中回落)
17:06:55 [INFO]   3️⃣ 中信银行 601998 — ✅ 按计划加 (¥15,000, 约1,900股)
17:06:55 [INFO]   4️⃣ 特变电工 600089 — ⚡ 加仓 (¥25,000, 约1,090股)
17:06:55 [INFO] ══════════════════════════════════════════════════════════════════════
17:06:55 [INFO] 🔊 系统高级报警音效已成功【全自动挂载】！准备执行听声辨位！
17:06:55 [INFO] 🧹 清理过期分钟线缓存 5 个
17:06:56 [INFO] ✅ 启动自检飞书消息已成功送达
17:06:57 [INFO] 🔔 已触发急促报警
17:06:57 [INFO] ⏱ 采用顺序轮询模式：每轮扫描结束后再等待 15 秒（V1.8 确认型收敛）
17:06:57 [INFO] ⏸ 非交易时段，进入低频保活
17:16:57 [INFO] ⏸ 非交易时段，进入低频保活
17:26:57 [INFO] ⏸ 非交易时段，进入低频保活
