09:03:48 [INFO] 早盘集合竞价结论：回避
市场评分：42.8 / 100 | 偏向：neutral | 风险：neutral
竞价：强0 / 弱0 / 缺0 | 均分 10.0
策略结论：主做特变电工(600089) | 观察暂无 | 关注华工科技(000988) | 回避江丰电子(300666)
1. 主做：特变电工(600089)
2. 观察：暂无
3. 关注：华工科技(000988)
4. 回避：江丰电子(300666)
执行顺序：先1后2，再3，最后4
升级条件：若 9:35 后上涨家数回到高于下跌家数，且市场评分回到 55 上方，再把关注升为观察。
开盘后跟踪：开盘后只看核心标的承接，不追高，等量能和情绪同时转强再说。
热门关注：安徽凤凰、纬达光电、万达轴承
09:03:49 [INFO] ✅ 集合竞价总览已推送飞书
09:03:50 [INFO] ✅ 集合竞价详细结果已推送飞书
09:03:51 [INFO] 🔔 已触发急促报警
09:03:51 [INFO] ========= 做T终极护城河防御版 (V1.19 弱势震荡修复版) 启动 =========
09:03:51 [INFO] 飞书推送: ✓ 已启用
09:03:51 [INFO] 飞书关键词: 做T猎手预警
09:03:51 [INFO] 飞书Webhook: https://open.feishu.cn/open-apis/bot/v2/hook/e8018470-e...
09:03:51 [INFO] ══════════════════════════════════════════════════════════════════════
09:03:51 [INFO] 【2026-06-12 加仓策略执行指南】
09:03:51 [INFO]   1️⃣ 中国巨石 600176 — ❌ 不追 (已涨5.62%, 资金不足)
09:03:51 [INFO]   2️⃣ 科创50ETF 588000 — ⚡ 分批加仓 (先加¥15,000)
09:03:51 [INFO]      └─ 第一批: ¥15,000 (约8,200份)
09:03:51 [INFO]      └─ 第二批: ¥15,000 (等待盘中回落)
09:03:51 [INFO]   3️⃣ 中信银行 601998 — ✅ 按计划加 (¥15,000, 约1,900股)
09:03:51 [INFO]   4️⃣ 特变电工 600089 — ⚡ 加仓 (¥25,000, 约1,090股)
09:03:51 [INFO] ══════════════════════════════════════════════════════════════════════
09:03:51 [INFO] 🔊 系统高级报警音效已成功【全自动挂载】！准备执行听声辨位！
09:03:52 [INFO] ✅ 启动自检飞书消息已成功送达
09:03:54 [INFO] 🔔 已触发急促报警
09:03:54 [INFO] ⏱ 采用顺序轮询模式：每轮扫描结束后再等待 15 秒（V1.8 确认型收敛）
09:03:54 [INFO] ⏸ 非交易时段，进入低频保活
09:13:54 [INFO] ⏸ 非交易时段，进入低频保活
09:15:55 [INFO] 早盘集合竞价结论：回避
市场评分：41.1 / 100 | 偏向：neutral | 风险：neutral
竞价：强0 / 弱0 / 缺5 | 均分 0.0
策略结论：主做特变电工(600089) | 观察暂无 | 关注华工科技(000988) | 回避江丰电子(300666)
1. 主做：特变电工(600089)
2. 观察：暂无
3. 关注：华工科技(000988)
4. 回避：江丰电子(300666)
执行顺序：先1后2，再3，最后4
升级条件：若 9:35 后上涨家数回到高于下跌家数，且市场评分回到 55 上方，再把关注升为观察。
开盘后跟踪：开盘后只看核心标的承接，不追高，等量能和情绪同时转强再说。
热门关注：安徽凤凰、纬达光电、万达轴承
09:15:56 [INFO] ✅ 集合竞价监控已推送飞书
09:15:56 [INFO] 📡 盘前集合竞价监控已刷新
09:16:17 [INFO] 早盘集合竞价结论：回避
市场评分：39.1 / 100 | 偏向：neutral | 风险：unknown
竞价：强0 / 弱0 / 缺5 | 均分 0.0
策略结论：主做特变电工(600089) | 观察暂无 | 关注华工科技(000988) | 回避江丰电子(300666)
1. 主做：特变电工(600089)
2. 观察：暂无
3. 关注：华工科技(000988)
4. 回避：江丰电子(300666)
执行顺序：先1后2，再3，最后4
升级条件：若 9:35 后上涨家数回到高于下跌家数，且市场评分回到 55 上方，再把关注升为观察。
开盘后跟踪：开盘后只看核心标的承接，不追高，等量能和情绪同时转强再说。
热门关注：暂无
09:16:18 [INFO] ✅ 集合竞价监控已推送飞书
09:16:41 [INFO] 早盘集合竞价结论：回避
市场评分：39.1 / 100 | 偏向：neutral | 风险：unknown
竞价：强0 / 弱0 / 缺5 | 均分 0.0
策略结论：主做特变电工(600089) | 观察暂无 | 关注华工科技(000988) | 回避江丰电子(300666)
1. 主做：特变电工(600089)
2. 观察：暂无
3. 关注：华工科技(000988)
4. 回避：江丰电子(300666)
执行顺序：先1后2，再3，最后4
升级条件：若 9:35 后上涨家数回到高于下跌家数，且市场评分回到 55 上方，再把关注升为观察。
开盘后跟踪：开盘后只看核心标的承接，不追高，等量能和情绪同时转强再说。
热门关注：暂无
09:17:03 [INFO] 早盘集合竞价结论：回避
市场评分：39.1 / 100 | 偏向：neutral | 风险：unknown
竞价：强0 / 弱0 / 缺5 | 均分 0.0
策略结论：主做特变电工(600089) | 观察暂无 | 关注华工科技(000988) | 回避江丰电子(300666)
1. 主做：特变电工(600089)
2. 观察：暂无
3. 关注：华工科技(000988)
4. 回避：江丰电子(300666)
执行顺序：先1后2，再3，最后4
升级条件：若 9:35 后上涨家数回到高于下跌家数，且市场评分回到 55 上方，再把关注升为观察。
开盘后跟踪：开盘后只看核心标的承接，不追高，等量能和情绪同时转强再说。
热门关注：暂无
09:17:26 [INFO] 早盘集合竞价结论：回避
市场评分：39.1 / 100 | 偏向：neutral | 风险：unknown
竞价：强0 / 弱0 / 缺5 | 均分 0.0
策略结论：主做特变电工(600089) | 观察暂无 | 关注华工科技(000988) | 回避江丰电子(300666)
1. 主做：特变电工(600089)
2. 观察：暂无
3. 关注：华工科技(000988)
4. 回避：江丰电子(300666)
执行顺序：先1后2，再3，最后4
升级条件：若 9:35 后上涨家数回到高于下跌家数，且市场评分回到 55 上方，再把关注升为观察。
开盘后跟踪：开盘后只看核心标的承接，不追高，等量能和情绪同时转强再说。
热门关注：暂无
09:17:56 [INFO] 早盘集合竞价结论：回避
市场评分：39.1 / 100 | 偏向：neutral | 风险：unknown
竞价：强0 / 弱0 / 缺5 | 均分 0.0
策略结论：主做特变电工(600089) | 观察暂无 | 关注华工科技(000988) | 回避江丰电子(300666)
1. 主做：特变电工(600089)
2. 观察：暂无
3. 关注：华工科技(000988)
4. 回避：江丰电子(300666)
执行顺序：先1后2，再3，最后4
升级条件：若 9:35 后上涨家数回到高于下跌家数，且市场评分回到 55 上方，再把关注升为观察。
开盘后跟踪：开盘后只看核心标的承接，不追高，等量能和情绪同时转强再说。
热门关注：暂无
09:18:19 [INFO] 早盘集合竞价结论：回避
市场评分：39.1 / 100 | 偏向：neutral | 风险：unknown
竞价：强0 / 弱0 / 缺5 | 均分 0.0
策略结论：主做特变电工(600089) | 观察暂无 | 关注华工科技(000988) | 回避江丰电子(300666)
1. 主做：特变电工(600089)
2. 观察：暂无
3. 关注：华工科技(000988)
4. 回避：江丰电子(300666)
执行顺序：先1后2，再3，最后4
升级条件：若 9:35 后上涨家数回到高于下跌家数，且市场评分回到 55 上方，再把关注升为观察。
开盘后跟踪：开盘后只看核心标的承接，不追高，等量能和情绪同时转强再说。
热门关注：暂无
09:18:19 [INFO] 📡 盘前集合竞价监控已刷新
09:18:41 [INFO] 早盘集合竞价结论：回避
市场评分：39.1 / 100 | 偏向：neutral | 风险：unknown
竞价：强0 / 弱0 / 缺5 | 均分 0.0
策略结论：主做特变电工(600089) | 观察暂无 | 关注华工科技(000988) | 回避江丰电子(300666)
1. 主做：特变电工(600089)
2. 观察：暂无
3. 关注：华工科技(000988)
4. 回避：江丰电子(300666)
执行顺序：先1后2，再3，最后4
升级条件：若 9:35 后上涨家数回到高于下跌家数，且市场评分回到 55 上方，再把关注升为观察。
开盘后跟踪：开盘后只看核心标的承接，不追高，等量能和情绪同时转强再说。
热门关注：暂无
09:18:42 [INFO] ✅ 集合竞价监控已推送飞书
09:19:04 [INFO] 早盘集合竞价结论：回避
市场评分：39.1 / 100 | 偏向：neutral | 风险：unknown
竞价：强0 / 弱0 / 缺5 | 均分 0.0
策略结论：主做特变电工(600089) | 观察暂无 | 关注华工科技(000988) | 回避江丰电子(300666)
1. 主做：特变电工(600089)
2. 观察：暂无
3. 关注：华工科技(000988)
4. 回避：江丰电子(300666)
执行顺序：先1后2，再3，最后4
升级条件：若 9:35 后上涨家数回到高于下跌家数，且市场评分回到 55 上方，再把关注升为观察。
开盘后跟踪：开盘后只看核心标的承接，不追高，等量能和情绪同时转强再说。
热门关注：暂无
09:19:25 [INFO] 早盘集合竞价结论：回避
市场评分：39.1 / 100 | 偏向：neutral | 风险：unknown
竞价：强0 / 弱0 / 缺5 | 均分 0.0
策略结论：主做特变电工(600089) | 观察暂无 | 关注华工科技(000988) | 回避江丰电子(300666)
1. 主做：特变电工(600089)
2. 观察：暂无
3. 关注：华工科技(000988)
4. 回避：江丰电子(300666)
执行顺序：先1后2，再3，最后4
升级条件：若 9:35 后上涨家数回到高于下跌家数，且市场评分回到 55 上方，再把关注升为观察。
开盘后跟踪：开盘后只看核心标的承接，不追高，等量能和情绪同时转强再说。
热门关注：暂无
09:19:47 [INFO] 早盘集合竞价结论：回避
市场评分：39.1 / 100 | 偏向：neutral | 风险：unknown
竞价：强0 / 弱0 / 缺5 | 均分 0.0
策略结论：主做特变电工(600089) | 观察暂无 | 关注华工科技(000988) | 回避江丰电子(300666)
1. 主做：特变电工(600089)
2. 观察：暂无
3. 关注：华工科技(000988)
4. 回避：江丰电子(300666)
执行顺序：先1后2，再3，最后4
升级条件：若 9:35 后上涨家数回到高于下跌家数，且市场评分回到 55 上方，再把关注升为观察。
开盘后跟踪：开盘后只看核心标的承接，不追高，等量能和情绪同时转强再说。
热门关注：暂无
09:20:10 [INFO] 早盘集合竞价结论：回避
市场评分：39.1 / 100 | 偏向：neutral | 风险：unknown
竞价：强0 / 弱0 / 缺5 | 均分 0.0
策略结论：主做特变电工(600089) | 观察暂无 | 关注华工科技(000988) | 回避江丰电子(300666)
1. 主做：特变电工(600089)
2. 观察：暂无
3. 关注：华工科技(000988)
4. 回避：江丰电子(300666)
执行顺序：先1后2，再3，最后4
升级条件：若 9:35 后上涨家数回到高于下跌家数，且市场评分回到 55 上方，再把关注升为观察。
开盘后跟踪：开盘后只看核心标的承接，不追高，等量能和情绪同时转强再说。
热门关注：暂无
09:20:32 [INFO] 早盘集合竞价结论：回避
市场评分：39.1 / 100 | 偏向：neutral | 风险：unknown
竞价：强0 / 弱0 / 缺5 | 均分 0.0
策略结论：主做特变电工(600089) | 观察暂无 | 关注华工科技(000988) | 回避江丰电子(300666)
1. 主做：特变电工(600089)
2. 观察：暂无
3. 关注：华工科技(000988)
4. 回避：江丰电子(300666)
执行顺序：先1后2，再3，最后4
升级条件：若 9:35 后上涨家数回到高于下跌家数，且市场评分回到 55 上方，再把关注升为观察。
开盘后跟踪：开盘后只看核心标的承接，不追高，等量能和情绪同时转强再说。
热门关注：暂无
09:20:32 [INFO] 📡 盘前集合竞价监控已刷新
09:20:54 [INFO] 早盘集合竞价结论：回避
市场评分：39.1 / 100 | 偏向：neutral | 风险：unknown
竞价：强0 / 弱0 / 缺5 | 均分 0.0
策略结论：主做特变电工(600089) | 观察暂无 | 关注华工科技(000988) | 回避江丰电子(300666)
1. 主做：特变电工(600089)
2. 观察：暂无
3. 关注：华工科技(000988)
4. 回避：江丰电子(300666)
执行顺序：先1后2，再3，最后4
升级条件：若 9:35 后上涨家数回到高于下跌家数，且市场评分回到 55 上方，再把关注升为观察。
开盘后跟踪：开盘后只看核心标的承接，不追高，等量能和情绪同时转强再说。
热门关注：暂无
09:20:55 [INFO] ✅ 集合竞价监控已推送飞书
09:21:40 [INFO] 早盘集合竞价结论：回避
市场评分：41.1 / 100 | 偏向：neutral | 风险：neutral
竞价：强0 / 弱0 / 缺5 | 均分 0.0
策略结论：主做特变电工(600089) | 观察暂无 | 关注华工科技(000988) | 回避江丰电子(300666)
1. 主做：特变电工(600089)
2. 观察：暂无
3. 关注：华工科技(000988)
4. 回避：江丰电子(300666)
执行顺序：先1后2，再3，最后4
升级条件：若 9:35 后上涨家数回到高于下跌家数，且市场评分回到 55 上方，再把关注升为观察。
开盘后跟踪：开盘后只看核心标的承接，不追高，等量能和情绪同时转强再说。
热门关注：安徽凤凰、纬达光电、万达轴承
09:22:02 [INFO] 早盘集合竞价结论：回避
市场评分：39.1 / 100 | 偏向：neutral | 风险：unknown
竞价：强0 / 弱0 / 缺5 | 均分 0.0
策略结论：主做特变电工(600089) | 观察暂无 | 关注华工科技(000988) | 回避江丰电子(300666)
1. 主做：特变电工(600089)
2. 观察：暂无
3. 关注：华工科技(000988)
4. 回避：江丰电子(300666)
执行顺序：先1后2，再3，最后4
升级条件：若 9:35 后上涨家数回到高于下跌家数，且市场评分回到 55 上方，再把关注升为观察。
开盘后跟踪：开盘后只看核心标的承接，不追高，等量能和情绪同时转强再说。
热门关注：暂无
09:22:23 [INFO] 早盘集合竞价结论：回避
市场评分：39.1 / 100 | 偏向：neutral | 风险：unknown
竞价：强0 / 弱0 / 缺5 | 均分 0.0
策略结论：主做特变电工(600089) | 观察暂无 | 关注华工科技(000988) | 回避江丰电子(300666)
1. 主做：特变电工(600089)
2. 观察：暂无
3. 关注：华工科技(000988)
4. 回避：江丰电子(300666)
执行顺序：先1后2，再3，最后4
升级条件：若 9:35 后上涨家数回到高于下跌家数，且市场评分回到 55 上方，再把关注升为观察。
开盘后跟踪：开盘后只看核心标的承接，不追高，等量能和情绪同时转强再说。
热门关注：暂无
09:22:45 [INFO] 早盘集合竞价结论：回避
市场评分：39.1 / 100 | 偏向：neutral | 风险：unknown
竞价：强0 / 弱0 / 缺5 | 均分 0.0
策略结论：主做特变电工(600089) | 观察暂无 | 关注华工科技(000988) | 回避江丰电子(300666)
1. 主做：特变电工(600089)
2. 观察：暂无
3. 关注：华工科技(000988)
4. 回避：江丰电子(300666)
执行顺序：先1后2，再3，最后4
升级条件：若 9:35 后上涨家数回到高于下跌家数，且市场评分回到 55 上方，再把关注升为观察。
开盘后跟踪：开盘后只看核心标的承接，不追高，等量能和情绪同时转强再说。
热门关注：暂无
09:22:45 [INFO] 📡 盘前集合竞价监控已刷新
09:23:07 [INFO] 早盘集合竞价结论：回避
市场评分：39.1 / 100 | 偏向：neutral | 风险：unknown
竞价：强0 / 弱0 / 缺5 | 均分 0.0
策略结论：主做特变电工(600089) | 观察暂无 | 关注华工科技(000988) | 回避江丰电子(300666)
1. 主做：特变电工(600089)
2. 观察：暂无
3. 关注：华工科技(000988)
4. 回避：江丰电子(300666)
执行顺序：先1后2，再3，最后4
升级条件：若 9:35 后上涨家数回到高于下跌家数，且市场评分回到 55 上方，再把关注升为观察。
开盘后跟踪：开盘后只看核心标的承接，不追高，等量能和情绪同时转强再说。
热门关注：暂无
09:23:08 [INFO] ✅ 集合竞价监控已推送飞书
09:23:29 [INFO] 早盘集合竞价结论：回避
市场评分：39.1 / 100 | 偏向：neutral | 风险：unknown
竞价：强0 / 弱0 / 缺5 | 均分 0.0
策略结论：主做特变电工(600089) | 观察暂无 | 关注华工科技(000988) | 回避江丰电子(300666)
1. 主做：特变电工(600089)
2. 观察：暂无
3. 关注：华工科技(000988)
4. 回避：江丰电子(300666)
执行顺序：先1后2，再3，最后4
升级条件：若 9:35 后上涨家数回到高于下跌家数，且市场评分回到 55 上方，再把关注升为观察。
开盘后跟踪：开盘后只看核心标的承接，不追高，等量能和情绪同时转强再说。
热门关注：暂无
09:23:51 [INFO] 早盘集合竞价结论：回避
市场评分：39.1 / 100 | 偏向：neutral | 风险：unknown
竞价：强0 / 弱0 / 缺5 | 均分 0.0
策略结论：主做特变电工(600089) | 观察暂无 | 关注华工科技(000988) | 回避江丰电子(300666)
1. 主做：特变电工(600089)
2. 观察：暂无
3. 关注：华工科技(000988)
4. 回避：江丰电子(300666)
执行顺序：先1后2，再3，最后4
升级条件：若 9:35 后上涨家数回到高于下跌家数，且市场评分回到 55 上方，再把关注升为观察。
开盘后跟踪：开盘后只看核心标的承接，不追高，等量能和情绪同时转强再说。
热门关注：暂无
09:24:13 [INFO] 早盘集合竞价结论：回避
市场评分：39.1 / 100 | 偏向：neutral | 风险：unknown
竞价：强0 / 弱0 / 缺5 | 均分 0.0
策略结论：主做特变电工(600089) | 观察暂无 | 关注华工科技(000988) | 回避江丰电子(300666)
1. 主做：特变电工(600089)
2. 观察：暂无
3. 关注：华工科技(000988)
4. 回避：江丰电子(300666)
执行顺序：先1后2，再3，最后4
升级条件：若 9:35 后上涨家数回到高于下跌家数，且市场评分回到 55 上方，再把关注升为观察。
开盘后跟踪：开盘后只看核心标的承接，不追高，等量能和情绪同时转强再说。
热门关注：暂无
09:24:35 [INFO] 早盘集合竞价结论：回避
市场评分：39.1 / 100 | 偏向：neutral | 风险：unknown
竞价：强0 / 弱0 / 缺5 | 均分 0.0
策略结论：主做特变电工(600089) | 观察暂无 | 关注华工科技(000988) | 回避江丰电子(300666)
1. 主做：特变电工(600089)
2. 观察：暂无
3. 关注：华工科技(000988)
4. 回避：江丰电子(300666)
执行顺序：先1后2，再3，最后4
升级条件：若 9:35 后上涨家数回到高于下跌家数，且市场评分回到 55 上方，再把关注升为观察。
开盘后跟踪：开盘后只看核心标的承接，不追高，等量能和情绪同时转强再说。
热门关注：暂无
09:24:58 [INFO] 早盘集合竞价结论：回避
市场评分：39.1 / 100 | 偏向：neutral | 风险：unknown
竞价：强0 / 弱0 / 缺5 | 均分 0.0
策略结论：主做特变电工(600089) | 观察暂无 | 关注华工科技(000988) | 回避江丰电子(300666)
1. 主做：特变电工(600089)
2. 观察：暂无
3. 关注：华工科技(000988)
4. 回避：江丰电子(300666)
执行顺序：先1后2，再3，最后4
升级条件：若 9:35 后上涨家数回到高于下跌家数，且市场评分回到 55 上方，再把关注升为观察。
开盘后跟踪：开盘后只看核心标的承接，不追高，等量能和情绪同时转强再说。
热门关注：暂无
09:24:58 [INFO] 📡 盘前集合竞价监控已刷新
09:30:13 [INFO] 🫀 扫描心跳 第1轮开始
09:30:17 [INFO] 
📊 护城河防御面板 第1轮
──────────────────────────────────────────────────────────────────────
科创半导体ETF华夏(588170)    1.24      1.23    0.3%      多0/空0  无波待涨    
特变电工(600089)       20.59     20.59    0.0%      多0/空0  无波待涨    
华工科技(000988)      154.02    153.77    0.7%      多0/空0  无波待涨    
拓维信息(002261)       29.38     29.44    1.2%      多0/空0  无波待涨    
江丰电子(300666)      330.34    330.02    0.4%      多0/空0  无波待涨    
09:30:32 [INFO] 🫀 扫描心跳 第2轮开始
09:30:49 [INFO] 🫀 扫描心跳 第3轮开始
09:31:07 [INFO] 🫀 扫描心跳 第4轮开始
09:31:24 [INFO] 🫀 扫描心跳 第5轮开始
09:31:27 [INFO] 
📊 护城河防御面板 第5轮
──────────────────────────────────────────────────────────────────────
科创半导体ETF华夏(588170)    1.24      1.23    0.3%      多0/空0  无波待涨    
特变电工(600089)       20.59     20.59    0.0%      多0/空0  无波待涨    
华工科技(000988)      154.02    153.77    0.7%      多0/空0  无波待涨    
拓维信息(002261)       29.38     29.44    1.2%      多0/空0  无波待涨    
江丰电子(300666)      330.34    330.02    0.4%      多0/空0  无波待涨    
09:31:42 [INFO] 🫀 扫描心跳 第6轮开始
09:32:00 [INFO] 🫀 扫描心跳 第7轮开始
09:32:17 [INFO] 🫀 扫描心跳 第8轮开始
09:32:35 [INFO] 🫀 扫描心跳 第9轮开始
09:32:38 [INFO] 
📊 护城河防御面板 第9轮
──────────────────────────────────────────────────────────────────────
科创半导体ETF华夏(588170)    1.24      1.23    0.3%      多0/空0  无波待涨    
特变电工(600089)       20.59     20.59    0.0%      多0/空0  无波待涨    
华工科技(000988)      154.02    153.77    0.7%      多0/空0  无波待涨    
拓维信息(002261)       29.38     29.44    1.2%      多0/空0  无波待涨    
江丰电子(300666)      330.34    330.02    0.4%      多0/空0  无波待涨    
09:32:53 [INFO] 🫀 扫描心跳 第10轮开始
09:33:10 [INFO] 🫀 扫描心跳 第11轮开始
09:33:28 [INFO] 🫀 扫描心跳 第12轮开始
09:33:55 [INFO] 🫀 扫描心跳 第13轮开始
09:34:08 [INFO] 
📊 护城河防御面板 第13轮
──────────────────────────────────────────────────────────────────────
科创半导体ETF华夏(588170)    1.24      1.24    1.5%    多14/空23  停手:买卖都不够强
特变电工(600089)       20.51     20.56    0.9%    多25/空40  停手:日内波动过低
华工科技(000988)      153.00    153.04    0.2%    多-1/空50  停手:价格低于均价，14:30前禁止买入
拓维信息(002261)       29.32     29.40    1.4%    多25/空40  停手:日内波动过低
江丰电子(300666)      330.22    331.16    1.3%     多1/空50  停手:价格低于均价，14:30前禁止买入
09:34:23 [INFO] 🫀 扫描心跳 第14轮开始
09:34:50 [INFO] 🫀 扫描心跳 第15轮开始
09:35:16 [INFO] 🫀 扫描心跳 第16轮开始
09:35:43 [INFO] 🫀 扫描心跳 第17轮开始
09:35:55 [INFO] 
📊 护城河防御面板 第17轮
──────────────────────────────────────────────────────────────────────
科创半导体ETF华夏(588170)    1.24      1.24    1.5%    多14/空23  停手:买卖都不够强
特变电工(600089)       20.51     20.56    0.9%    多25/空40  停手:日内波动过低
华工科技(000988)      153.00    153.04    0.2%    多-1/空50  停手:价格低于均价，14:30前禁止买入
拓维信息(002261)       29.32     29.40    1.4%    多25/空40  停手:日内波动过低
江丰电子(300666)      330.22    331.16    1.3%     多1/空50  停手:价格低于均价，14:30前禁止买入
09:36:10 [INFO] 🫀 扫描心跳 第18轮开始
09:36:36 [INFO] 🫀 扫描心跳 第19轮开始
09:36:46 [INFO] 📊 动态份数 002261: 状态=normal 信号强度56/阈值43, 建议交易200股/份 (33%)
09:36:46 [INFO] 📉 002261 卖出信号得分56分，低于10:00前阈值75分，静默处理（不推送飞书）
09:37:03 [INFO] 🫀 扫描心跳 第20轮开始
09:37:30 [INFO] 🫀 扫描心跳 第21轮开始
09:37:41 [INFO] 
📊 护城河防御面板 第21轮
──────────────────────────────────────────────────────────────────────
科创半导体ETF华夏(588170)    1.24      1.24    1.5%    多24/空15  停手:买卖都不够强
特变电工(600089)       20.54     20.55    1.0%    多11/空32  停手:日内波动过低
华工科技(000988)      152.48    152.66    0.8%     多9/空32  停手:价格低于均价，14:30前禁止买入
拓维信息(002261)       29.88     29.59    1.9%   多-15/空56  可T观察    
江丰电子(300666)      326.41    328.10    2.5%     多1/空37  停手:价格低于均价，14:30前禁止买入
09:37:56 [INFO] 🫀 扫描心跳 第22轮开始
09:38:22 [INFO] 🫀 扫描心跳 第23轮开始
09:38:49 [INFO] 🫀 扫描心跳 第24轮开始
09:39:15 [INFO] 🫀 扫描心跳 第25轮开始
09:39:28 [INFO] 
📊 护城河防御面板 第25轮
──────────────────────────────────────────────────────────────────────
科创半导体ETF华夏(588170)    1.24      1.24    1.5%    多24/空15  停手:买卖都不够强
特变电工(600089)       20.54     20.55    1.0%    多11/空32  停手:日内波动过低
华工科技(000988)      152.48    152.66    0.8%     多9/空32  停手:价格低于均价，14:30前禁止买入
拓维信息(002261)       29.88     29.59    1.9%   多-15/空56  可T观察    
江丰电子(300666)      326.41    328.10    2.5%     多1/空37  停手:价格低于均价，14:30前禁止买入
09:39:43 [INFO] 🫀 扫描心跳 第26轮开始
09:40:10 [INFO] 🫀 扫描心跳 第27轮开始
09:40:15 [INFO] 📊 动态份数 600089: 状态=normal 信号强度57/阈值51, 建议交易300股/份 (25%)
09:40:15 [INFO] 📉 600089 卖出信号得分57分，低于10:00前阈值75分，静默处理（不推送飞书）
09:40:17 [INFO] 📊 动态份数 000988: 状态=normal 信号强度57/阈值51, 建议交易100股/份 (25%)
09:40:17 [INFO] 📉 000988 卖出信号得分57分，低于10:00前阈值75分，静默处理（不推送飞书）
09:40:37 [INFO] 🫀 扫描心跳 第28轮开始
09:41:03 [INFO] 🫀 扫描心跳 第29轮开始
09:41:14 [INFO] 
📊 护城河防御面板 第29轮
──────────────────────────────────────────────────────────────────────
科创半导体ETF华夏(588170)    1.24      1.24    1.5%    多36/空15  停手:价格低于均价，14:30前禁止买入
特变电工(600089)       20.43     20.50    1.3%    多32/空24  停手:价格低于均价，14:30前禁止买入
华工科技(000988)      151.76    152.37    0.9%    多26/空24  停手:价格低于均价，14:30前禁止买入
拓维信息(002261)       29.87     29.73    2.0%    多15/空45  停手:高位但无明确优势
江丰电子(300666)      325.07    327.17    2.6%    多24/空29  停手:买卖都不够强
09:41:29 [INFO] 🫀 扫描心跳 第30轮开始
09:41:57 [INFO] 🫀 扫描心跳 第31轮开始
09:42:23 [INFO] 🫀 扫描心跳 第32轮开始
09:42:49 [INFO] 🫀 扫描心跳 第33轮开始
09:43:01 [INFO] 
📊 护城河防御面板 第33轮
──────────────────────────────────────────────────────────────────────
科创半导体ETF华夏(588170)    1.23      1.24    1.5%     多33/空5  停手:价格低于均价，14:30前禁止买入
特变电工(600089)       20.33     20.44    1.8%    多38/空21  停手:价格低于均价，14:30前禁止买入
华工科技(000988)      151.00    152.13    1.5%    多38/空21  停手:价格低于均价，14:30前禁止买入
拓维信息(002261)       29.54     29.68    2.0%    多16/空33  停手:买卖都不够强
江丰电子(300666)      323.08    326.40    3.2%    多34/空29  停手:价格低于均价，14:30前禁止买入
09:43:16 [INFO] 🫀 扫描心跳 第34轮开始
09:43:43 [INFO] 🫀 扫描心跳 第35轮开始
09:44:10 [INFO] 🫀 扫描心跳 第36轮开始
09:44:37 [INFO] 🫀 扫描心跳 第37轮开始
09:44:49 [INFO] 
📊 护城河防御面板 第37轮
──────────────────────────────────────────────────────────────────────
科创半导体ETF华夏(588170)    1.23      1.24    1.5%     多33/空5  停手:价格低于均价，14:30前禁止买入
特变电工(600089)       20.33     20.44    1.8%    多38/空21  停手:价格低于均价，14:30前禁止买入
华工科技(000988)      151.00    152.13    1.5%    多38/空21  停手:价格低于均价，14:30前禁止买入
拓维信息(002261)       29.54     29.68    2.0%    多16/空33  停手:买卖都不够强
江丰电子(300666)      323.08    326.40    3.2%    多34/空29  停手:价格低于均价，14:30前禁止买入
09:45:04 [INFO] 🫀 扫描心跳 第38轮开始
09:45:32 [INFO] 🫀 扫描心跳 第39轮开始
09:45:58 [INFO] 🫀 扫描心跳 第40轮开始
09:46:26 [INFO] 🫀 扫描心跳 第41轮开始
09:46:53 [INFO] 
📊 护城河防御面板 第41轮
──────────────────────────────────────────────────────────────────────
科创半导体ETF华夏(588170)    1.23      1.24    1.5%     多40/空5  停手:价格低于均价，14:30前禁止买入
特变电工(600089)       20.29     20.39    2.2%    多70/空17  停手:价格低于均价，14:30前禁止买入
华工科技(000988)      150.80    151.68    1.7%    多56/空21  停手:价格低于均价，14:30前禁止买入
拓维信息(002261)       30.34     29.76    3.5%   多-18/空53  可T观察    
江丰电子(300666)      322.55    325.01    3.8%    多16/空25  停手:买卖都不够强
09:47:08 [INFO] 🫀 扫描心跳 第42轮开始
09:47:34 [INFO] 🫀 扫描心跳 第43轮开始
09:48:02 [INFO] 🫀 扫描心跳 第44轮开始
09:48:28 [INFO] 🫀 扫描心跳 第45轮开始
09:48:40 [INFO] 
📊 护城河防御面板 第45轮
──────────────────────────────────────────────────────────────────────
科创半导体ETF华夏(588170)    1.23      1.24    1.5%     多40/空5  停手:价格低于均价，14:30前禁止买入
特变电工(600089)       20.29     20.39    2.2%    多70/空17  停手:价格低于均价，14:30前禁止买入
华工科技(000988)      150.80    151.68    1.7%    多56/空21  停手:价格低于均价，14:30前禁止买入
拓维信息(002261)       30.34     29.76    3.5%   多-18/空53  可T观察    
江丰电子(300666)      322.55    325.01    3.8%    多16/空25  停手:买卖都不够强
09:48:55 [INFO] 🫀 扫描心跳 第46轮开始
09:49:21 [INFO] 🫀 扫描心跳 第47轮开始
09:49:25 [INFO] ✅ 飞书消息已成功送达: 科创半导体ETF华夏(588170) BUY_LOW - 加急通知已发送
09:49:26 [INFO] 🔔 已触发急促报警
09:49:33 [INFO] ✅ 飞书消息已成功送达: 华工科技(000988) BUY_LOW - 加急通知已发送
09:49:35 [INFO] 🔔 已触发急促报警
09:49:55 [INFO] 🫀 扫描心跳 第48轮开始
09:50:23 [INFO] 🫀 扫描心跳 第49轮开始
09:50:34 [INFO] 
📊 护城河防御面板 第49轮
──────────────────────────────────────────────────────────────────────
科创半导体ETF华夏(588170)    1.23      1.24    2.0%     多91/空5  停手:价格低于均价，14:30前禁止买入
特变电工(600089)       20.37     20.38    2.2%      多2/空2  停手:买卖都不够强
华工科技(000988)      150.07    151.48    2.1%    多75/空29  停手:价格低于均价，14:30前禁止买入
拓维信息(002261)       30.40     29.97    4.2%   多-18/空69  强可T     
江丰电子(300666)      321.72    324.68    3.8%    多47/空29  停手:价格低于均价，14:30前禁止买入
09:50:49 [INFO] 🫀 扫描心跳 第50轮开始
09:51:16 [INFO] 🫀 扫描心跳 第51轮开始
09:51:42 [INFO] 🫀 扫描心跳 第52轮开始
09:52:10 [INFO] 🫀 扫描心跳 第53轮开始
09:52:36 [INFO] 
📊 护城河防御面板 第53轮
──────────────────────────────────────────────────────────────────────
科创半导体ETF华夏(588170)    1.23      1.24    2.0%     多91/空5  停手:价格低于均价，14:30前禁止买入
特变电工(600089)       20.37     20.38    2.2%      多2/空2  停手:买卖都不够强
华工科技(000988)      150.07    151.48    2.1%    多75/空29  停手:价格低于均价，14:30前禁止买入
拓维信息(002261)       30.40     29.97    4.2%   多-18/空69  强可T     
江丰电子(300666)      321.72    324.68    3.8%    多47/空29  停手:价格低于均价，14:30前禁止买入
09:52:51 [INFO] 🫀 扫描心跳 第54轮开始
09:53:19 [INFO] 🫀 扫描心跳 第55轮开始
09:53:45 [INFO] 🫀 扫描心跳 第56轮开始
09:54:12 [INFO] 🫀 扫描心跳 第57轮开始
09:54:24 [INFO] 
📊 护城河防御面板 第57轮
──────────────────────────────────────────────────────────────────────
科创半导体ETF华夏(588170)    1.21      1.23    3.6%    多39/空32  停手:价格低于均价，14:30前禁止买入
特变电工(600089)       20.34     20.37    2.2%    多12/空17  停手:买卖都不够强
华工科技(000988)      149.11    151.05    2.7%    多34/空29  停手:价格低于均价，14:30前禁止买入
拓维信息(002261)       30.17     30.01    4.2%    多-5/空54  可T观察    
江丰电子(300666)      315.01    322.87    5.8%    多34/空34  停手:价格低于均价，14:30前禁止买入
09:54:39 [INFO] 🫀 扫描心跳 第58轮开始
09:55:05 [INFO] 🫀 扫描心跳 第59轮开始
09:55:32 [INFO] 🫀 扫描心跳 第60轮开始
09:55:59 [INFO] 🫀 扫描心跳 第61轮开始
09:56:12 [INFO] 
📊 护城河防御面板 第61轮
──────────────────────────────────────────────────────────────────────
科创半导体ETF华夏(588170)    1.21      1.23    3.8%    多43/空30  停手:价格低于均价，14:30前禁止买入
特变电工(600089)       20.43     20.38    2.2%   多-18/空32  停手:买卖都不够强
华工科技(000988)      148.32    150.44    3.3%    多38/空29  停手:价格低于均价，14:30前禁止买入
拓维信息(002261)       30.40     30.11    4.2%   多-20/空54  可T观察    
江丰电子(300666)      313.00    321.14    6.5%    多34/空29  停手:价格低于均价，14:30前禁止买入
09:56:27 [INFO] 🫀 扫描心跳 第62轮开始
09:56:54 [INFO] 🫀 扫描心跳 第63轮开始
09:57:20 [INFO] 🫀 扫描心跳 第64轮开始
09:57:47 [INFO] 🫀 扫描心跳 第65轮开始
09:57:59 [INFO] 
📊 护城河防御面板 第65轮
──────────────────────────────────────────────────────────────────────
科创半导体ETF华夏(588170)    1.21      1.23    3.8%    多43/空36  停手:价格低于均价，14:30前禁止买入
特变电工(600089)       20.43     20.38    2.2%   多-18/空32  停手:买卖都不够强
华工科技(000988)      148.32    150.44    3.3%    多38/空29  停手:价格低于均价，14:30前禁止买入
拓维信息(002261)       30.40     30.11    4.2%   多-20/空54  可T观察    
江丰电子(300666)      313.00    321.14    6.5%    多34/空29  停手:价格低于均价，14:30前禁止买入
09:58:14 [INFO] 🫀 扫描心跳 第66轮开始
09:58:40 [INFO] 🫀 扫描心跳 第67轮开始
09:59:07 [INFO] 🫀 扫描心跳 第68轮开始
09:59:11 [INFO] ✅ 飞书消息已成功送达: 科创半导体ETF华夏(588170) BUY_LOW - 加急通知已发送
09:59:12 [INFO] 🔔 已触发急促报警
09:59:24 [INFO] ✅ 飞书消息已成功送达: 江丰电子(300666) BUY_LOW - 加急通知已发送
09:59:25 [INFO] 🔔 已触发急促报警
09:59:40 [INFO] 🫀 扫描心跳 第69轮开始
09:59:52 [INFO] 
📊 护城河防御面板 第69轮
──────────────────────────────────────────────────────────────────────
科创半导体ETF华夏(588170)    1.21      1.22    4.4%    多96/空37  停手:价格低于均价，14:30前禁止买入
特变电工(600089)       20.43     20.39    2.2%     多0/空57  可T观察    
华工科技(000988)      147.50    149.88    3.9%   多100/空44  停手:价格低于均价，14:30前禁止买入
拓维信息(002261)       30.65     30.19    4.9%     多0/空73  强可T     
江丰电子(300666)      312.47    319.59    6.9%    多92/空49  停手:价格低于均价，14:30前禁止买入
10:00:07 [INFO] 🫀 扫描心跳 第70轮开始
10:00:35 [INFO] 🫀 扫描心跳 第71轮开始
10:01:02 [INFO] 🫀 扫描心跳 第72轮开始
10:01:29 [INFO] 🫀 扫描心跳 第73轮开始
10:01:41 [INFO] 
📊 护城河防御面板 第73轮
──────────────────────────────────────────────────────────────────────
科创半导体ETF华夏(588170)    1.21      1.22    4.4%    多96/空37  停手:价格低于均价，14:30前禁止买入
特变电工(600089)       20.43     20.39    2.2%     多0/空57  可T观察    
华工科技(000988)      147.50    149.88    3.9%   多100/空44  停手:价格低于均价，14:30前禁止买入
拓维信息(002261)       30.65     30.19    4.9%     多0/空73  强可T     
江丰电子(300666)      312.47    319.59    6.9%    多92/空49  停手:价格低于均价，14:30前禁止买入
10:01:56 [INFO] 🫀 扫描心跳 第74轮开始
10:02:24 [INFO] 🫀 扫描心跳 第75轮开始
10:02:52 [INFO] 🫀 扫描心跳 第76轮开始
10:03:19 [INFO] 🫀 扫描心跳 第77轮开始
10:03:45 [INFO] 
📊 护城河防御面板 第77轮
──────────────────────────────────────────────────────────────────────
科创半导体ETF华夏(588170)    1.20      1.22    5.0%    多64/空47  停手:价格低于均价，14:30前禁止买入
特变电工(600089)       20.45     20.40    2.2%     多0/空42  弱机会     
华工科技(000988)      146.00    149.20    5.0%    多72/空44  停手:价格低于均价，14:30前禁止买入
拓维信息(002261)       30.45     30.23    4.9%    多-2/空69  强可T     
江丰电子(300666)      309.06    317.79    8.2%    多64/空44  停手:价格低于均价，14:30前禁止买入
10:04:00 [INFO] 🫀 扫描心跳 第78轮开始
10:04:30 [INFO] 🫀 扫描心跳 第79轮开始
10:04:56 [INFO] 🫀 扫描心跳 第80轮开始
10:05:23 [INFO] 🫀 扫描心跳 第81轮开始
10:05:34 [INFO] 
📊 护城河防御面板 第81轮
──────────────────────────────────────────────────────────────────────
科创半导体ETF华夏(588170)    1.20      1.22    5.0%    多72/空47  停手:价格低于均价，14:30前禁止买入
特变电工(600089)       20.45     20.40    2.2%     多0/空42  弱机会     
华工科技(000988)      146.00    149.20    5.0%    多71/空71  停手:价格低于均价，14:30前禁止买入
拓维信息(002261)       30.45     30.23    4.9%    多-2/空69  强可T     
江丰电子(300666)      309.06    317.79    8.2%    多64/空44  停手:价格低于均价，14:30前禁止买入
10:05:49 [INFO] 🫀 扫描心跳 第82轮开始
10:06:16 [INFO] 🫀 扫描心跳 第83轮开始
10:06:43 [INFO] 🫀 扫描心跳 第84轮开始
10:07:10 [INFO] 🫀 扫描心跳 第85轮开始
10:07:22 [INFO] 
📊 护城河防御面板 第85轮
──────────────────────────────────────────────────────────────────────
科创半导体ETF华夏(588170)    1.20      1.22    5.0%   多111/空32  停手:价格低于均价，14:30前禁止买入
特变电工(600089)       20.42     20.40    2.2%    多-2/空61  可T观察    
华工科技(000988)      145.52    148.64    5.3%   多103/空71  停手:价格低于均价，14:30前禁止买入
拓维信息(002261)       30.51     30.25    4.9%    多20/空59  可T观察    
江丰电子(300666)      308.59    316.35    8.3%    多96/空40  停手:价格低于均价，14:30前禁止买入
10:07:37 [INFO] 🫀 扫描心跳 第86轮开始
10:08:04 [INFO] 🫀 扫描心跳 第87轮开始
10:08:31 [INFO] 🫀 扫描心跳 第88轮开始
10:08:58 [INFO] 🫀 扫描心跳 第89轮开始
10:09:00 [INFO] 📊 动态份数 588170: 状态=normal 信号强度38/阈值38, 建议交易4800股/份 (8%)
10:09:00 [INFO] 📉 588170 卖出信号得分38分，低于10:00后阈值65分，静默处理（不推送飞书）
10:09:26 [INFO] 
📊 护城河防御面板 第89轮
──────────────────────────────────────────────────────────────────────
科创半导体ETF华夏(588170)    1.22      1.22    5.0%    多15/空38  弱机会|SELL_HIGH
特变电工(600089)       20.33     20.40    2.2%    多56/空36  停手:价格低于均价，14:30前禁止买入
华工科技(000988)      147.28    148.36    5.3%    多55/空32  停手:价格低于均价，14:30前禁止买入
拓维信息(002261)       30.47     30.28    4.9%    多13/空44  弱机会     
江丰电子(300666)      314.89    315.91    8.3%    多20/空25  停手:买卖都不够强
10:09:41 [INFO] 🫀 扫描心跳 第90轮开始
10:10:08 [INFO] 🫀 扫描心跳 第91轮开始
10:10:35 [INFO] 🫀 扫描心跳 第92轮开始
10:11:02 [INFO] 🫀 扫描心跳 第93轮开始
10:11:14 [INFO] 
📊 护城河防御面板 第93轮
──────────────────────────────────────────────────────────────────────
科创半导体ETF华夏(588170)    1.22      1.22    5.0%    多15/空20  停手:买卖都不够强
特变电工(600089)       20.33     20.40    2.2%    多56/空36  停手:价格低于均价，14:30前禁止买入
华工科技(000988)      147.28    148.36    5.3%    多55/空29  停手:价格低于均价，14:30前禁止买入
拓维信息(002261)       30.47     30.28    4.9%    多13/空44  弱机会     
江丰电子(300666)      314.89    315.91    8.3%    多20/空25  停手:买卖都不够强
10:11:29 [INFO] 🫀 扫描心跳 第94轮开始
10:11:56 [INFO] 🫀 扫描心跳 第95轮开始
10:12:23 [INFO] 🫀 扫描心跳 第96轮开始
10:12:31 [INFO] 📊 动态份数 000988: 状态=normal 信号强度78/阈值58, 建议交易200股/份 (50%)
10:12:32 [INFO] ✅ 飞书消息已成功送达: 华工科技(000988) SELL_HIGH - 加急通知已发送
10:12:33 [INFO] 🔔 已触发急促报警
10:12:54 [INFO] 🫀 扫描心跳 第97轮开始
10:13:07 [INFO] 
📊 护城河防御面板 第97轮
──────────────────────────────────────────────────────────────────────
科创半导体ETF华夏(588170)    1.21      1.22    5.0%    多84/空19  停手:价格低于均价，14:30前禁止买入
特变电工(600089)       20.29     20.39    2.2%    多75/空36  停手:价格低于均价，14:30前禁止买入
华工科技(000988)      146.20    148.12    5.3%    多41/空73  停手:价格低于均价，14:30前禁止买入
拓维信息(002261)       30.41     30.30    4.9%    多-2/空59  可T观察    
江丰电子(300666)      313.89    315.65    8.3%    多20/空50  停手:价格低于均价，14:30前禁止买入
10:13:22 [INFO] 🫀 扫描心跳 第98轮开始
10:13:48 [INFO] 🫀 扫描心跳 第99轮开始
10:14:16 [INFO] 🫀 扫描心跳 第100轮开始
10:14:58 [INFO] 🫀 扫描心跳 第101轮开始
10:15:10 [INFO] 
📊 护城河防御面板 第101轮
──────────────────────────────────────────────────────────────────────
科创半导体ETF华夏(588170)    1.21      1.22    5.0%    多84/空19  停手:价格低于均价，14:30前禁止买入
特变电工(600089)       20.29     20.39    2.2%    多75/空36  停手:价格低于均价，14:30前禁止买入
华工科技(000988)      146.20    148.12    5.3%    多41/空73  停手:价格低于均价，14:30前禁止买入
拓维信息(002261)       30.41     30.30    4.9%    多-2/空59  可T观察    
江丰电子(300666)      313.89    315.65    8.3%    多20/空50  停手:价格低于均价，14:30前禁止买入
10:15:25 [INFO] 🫀 扫描心跳 第102轮开始
10:15:51 [INFO] 🫀 扫描心跳 第103轮开始
10:16:03 [INFO] 📉 300666 卖出信号得分52分，低于10:00后阈值65分，静默处理（不推送飞书）
10:16:18 [INFO] 🫀 扫描心跳 第104轮开始
10:16:45 [INFO] 🫀 扫描心跳 第105轮开始
10:16:57 [INFO] 
📊 护城河防御面板 第105轮
──────────────────────────────────────────────────────────────────────
科创半导体ETF华夏(588170)    1.23      1.22    5.0%    多20/空62  可T观察    
特变电工(600089)       20.30     20.38    2.2%   多104/空32  停手:价格低于均价，14:30前禁止买入
华工科技(000988)      147.84    148.04    5.3%    多27/空24  停手:买卖都不够强
拓维信息(002261)       30.27     30.30    4.9%    多45/空48  停手:震荡贴均且分差不大
江丰电子(300666)      317.00    315.68    8.3%    多12/空44  停手:已达当日买入上限1次
10:17:12 [INFO] 🫀 扫描心跳 第106轮开始
10:17:14 [INFO] 📊 动态份数 588170: 状态=normal 信号强度62/阈值38, 建议交易19500股/份 (32%)
10:17:14 [INFO] 📉 588170 卖出信号得分62分，低于10:00后阈值65分，静默处理（不推送飞书）
10:17:39 [INFO] 🫀 扫描心跳 第107轮开始
10:18:05 [INFO] 🫀 扫描心跳 第108轮开始
10:18:32 [INFO] 🫀 扫描心跳 第109轮开始
10:18:45 [INFO] 
📊 护城河防御面板 第109轮
──────────────────────────────────────────────────────────────────────
科创半导体ETF华夏(588170)    1.22      1.22    5.0%    多20/空65  强可T     
特变电工(600089)       20.39     20.38    2.2%    多12/空32  停手:买卖都不够强
华工科技(000988)      148.77    148.09    5.3%    多11/空71  停手:已达当日买入上限1次
拓维信息(002261)       30.27     30.30    4.9%    多45/空48  停手:震荡贴均且分差不大
江丰电子(300666)      317.00    315.68    8.3%    多12/空44  停手:已达当日买入上限1次
10:19:00 [INFO] 🫀 扫描心跳 第110轮开始
10:19:27 [INFO] 🫀 扫描心跳 第111轮开始
10:19:53 [INFO] 🫀 扫描心跳 第112轮开始
10:20:35 [INFO] 🫀 扫描心跳 第113轮开始
10:20:47 [INFO] 
📊 护城河防御面板 第113轮
──────────────────────────────────────────────────────────────────────
科创半导体ETF华夏(588170)    1.22      1.22    5.0%    多20/空65  强可T     
特变电工(600089)       20.39     20.38    2.2%    多12/空32  停手:买卖都不够强
华工科技(000988)      148.77    148.09    5.3%    多11/空71  停手:已达当日买入上限1次
拓维信息(002261)       30.28     30.30    4.9%    多40/空48  停手:震荡贴均且分差不大
江丰电子(300666)      319.44    316.07    8.3%    多12/空69  停手:已达当日买入上限1次
10:21:02 [INFO] 🫀 扫描心跳 第114轮开始
10:21:28 [INFO] 🫀 扫描心跳 第115轮开始
10:21:55 [INFO] 🫀 扫描心跳 第116轮开始
10:22:22 [INFO] 🫀 扫描心跳 第117轮开始
10:22:34 [INFO] 
📊 护城河防御面板 第117轮
──────────────────────────────────────────────────────────────────────
科创半导体ETF华夏(588170)    1.23      1.22    5.0%    多20/空50  可T观察    
特变电工(600089)       20.44     20.38    2.2%    多12/空32  停手:买卖都不够强
华工科技(000988)      149.18    148.18    5.3%    多11/空86  停手:已达当日买入上限1次
拓维信息(002261)       30.44     30.31    4.9%    多23/空44  弱机会     
江丰电子(300666)      318.71    316.30    8.3%    多12/空57  停手:已达当日买入上限1次
10:22:49 [INFO] 🫀 扫描心跳 第118轮开始
10:23:16 [INFO] 🫀 扫描心跳 第119轮开始
10:23:43 [INFO] 🫀 扫描心跳 第120轮开始
10:24:10 [INFO] 🫀 扫描心跳 第121轮开始
10:24:22 [INFO] 
📊 护城河防御面板 第121轮
──────────────────────────────────────────────────────────────────────
科创半导体ETF华夏(588170)    1.23      1.22    5.0%    多20/空50  可T观察    
特变电工(600089)       20.44     20.38    2.2%    多12/空32  停手:买卖都不够强
华工科技(000988)      149.18    148.18    5.3%    多11/空86  停手:已达当日买入上限1次
拓维信息(002261)       30.44     30.31    4.9%    多23/空44  弱机会     
江丰电子(300666)      318.71    316.30    8.3%    多12/空57  停手:已达当日买入上限1次
10:24:37 [INFO] 🫀 扫描心跳 第122轮开始
10:25:04 [INFO] 🫀 扫描心跳 第123轮开始
10:25:31 [INFO] 🫀 扫描心跳 第124轮开始
10:26:00 [INFO] 🫀 扫描心跳 第125轮开始
10:26:11 [INFO] 
📊 护城河防御面板 第125轮
──────────────────────────────────────────────────────────────────────
科创半导体ETF华夏(588170)    1.22      1.22    5.0%    多48/空30  可T观察    
特变电工(600089)       20.52     20.39    2.2%     多6/空59  可T观察    
华工科技(000988)      148.43    148.25    5.3%    多16/空84  停手:已达当日买入上限1次
拓维信息(002261)       30.50     30.33    4.9%     多6/空59  可T观察    
江丰电子(300666)      316.52    316.41    8.3%    多17/空57  停手:已达当日买入上限1次
10:26:26 [INFO] 🫀 扫描心跳 第126轮开始
10:26:53 [INFO] 🫀 扫描心跳 第127轮开始
10:27:21 [INFO] 🫀 扫描心跳 第128轮开始
10:27:48 [INFO] 🫀 扫描心跳 第129轮开始
10:28:00 [INFO] 
📊 护城河防御面板 第129轮
──────────────────────────────────────────────────────────────────────
科创半导体ETF华夏(588170)    1.22      1.22    5.0%    多48/空30  可T观察    
特变电工(600089)       20.52     20.39    2.2%     多6/空59  可T观察    
华工科技(000988)      148.43    148.25    5.3%    多16/空84  停手:已达当日买入上限1次
拓维信息(002261)       30.50     30.33    4.9%     多6/空59  可T观察    
江丰电子(300666)      316.52    316.41    8.3%    多17/空57  停手:已达当日买入上限1次
10:28:15 [INFO] 🫀 扫描心跳 第130轮开始
10:28:17 [INFO] 📊 动态份数 588170: 状态=normal 信号强度60/阈值38, 建议交易24000股/份 (40%)
10:28:17 [INFO] 📉 588170 卖出信号得分60分，低于10:00后阈值65分，静默处理（不推送飞书）
10:28:42 [INFO] 🫀 扫描心跳 第131轮开始
10:29:09 [INFO] 🫀 扫描心跳 第132轮开始
10:29:36 [INFO] 🫀 扫描心跳 第133轮开始
10:29:49 [INFO] 
📊 护城河防御面板 第133轮
──────────────────────────────────────────────────────────────────────
科创半导体ETF华夏(588170)    1.23      1.22    5.0%    多10/空60  可T观察    
特变电工(600089)       20.49     20.40    2.2%     多6/空42  弱机会     
华工科技(000988)      148.91    148.30    5.3%     多1/空69  停手:已达当日买入上限1次
拓维信息(002261)       30.49     30.34    4.9%     多6/空54  可T观察    
江丰电子(300666)      319.12    316.67    8.3%     多0/空42  停手:已达当日买入上限1次
10:30:04 [INFO] 🫀 扫描心跳 第134轮开始
10:30:31 [INFO] 🫀 扫描心跳 第135轮开始
10:30:57 [INFO] 🫀 扫描心跳 第136轮开始
10:31:24 [INFO] 🫀 扫描心跳 第137轮开始
10:31:37 [INFO] 
📊 护城河防御面板 第137轮
──────────────────────────────────────────────────────────────────────
科创半导体ETF华夏(588170)    1.23      1.22    5.0%    多18/空60  可T观察    
特变电工(600089)       20.53     20.41    2.2%     多4/空57  可T观察    
华工科技(000988)      150.08    148.42    5.3%     多6/空62  停手:已达当日买入上限1次
拓维信息(002261)       30.49     30.34    4.9%     多6/空54  可T观察    
江丰电子(300666)      319.12    316.67    8.3%     多0/空42  停手:已达当日买入上限1次
10:31:52 [INFO] 🫀 扫描心跳 第138轮开始
10:32:20 [INFO] 🫀 扫描心跳 第139轮开始
10:32:47 [INFO] 🫀 扫描心跳 第140轮开始
10:33:14 [INFO] 🫀 扫描心跳 第141轮开始
10:33:25 [INFO] 
📊 护城河防御面板 第141轮
──────────────────────────────────────────────────────────────────────
科创半导体ETF华夏(588170)    1.23      1.22    5.0%    多18/空60  可T观察    
特变电工(600089)       20.53     20.41    2.2%     多4/空57  可T观察    
华工科技(000988)      150.08    148.42    5.3%     多6/空62  停手:已达当日买入上限1次
拓维信息(002261)       30.44     30.34    4.9%    多-2/空63  可T观察    
江丰电子(300666)      321.57    317.16    8.3%     多7/空57  停手:已达当日买入上限1次
10:33:40 [INFO] 🫀 扫描心跳 第142轮开始
10:34:06 [INFO] 🫀 扫描心跳 第143轮开始
10:34:38 [INFO] 🫀 扫描心跳 第144轮开始
10:35:06 [INFO] 🫀 扫描心跳 第145轮开始
10:35:20 [INFO] 
📊 护城河防御面板 第145轮
──────────────────────────────────────────────────────────────────────
科创半导体ETF华夏(588170)    1.23      1.22    5.0%    多20/空75  强可T     
特变电工(600089)       20.57     20.42    2.2%   多-16/空74  强可T     
华工科技(000988)      150.00    148.53    5.3%     多6/空96  停手:已达当日买入上限1次
拓维信息(002261)       30.49     30.36    4.9%     多1/空58  可T观察    
江丰电子(300666)      323.21    317.50    8.3%     多7/空59  停手:已达当日买入上限1次
10:35:35 [INFO] 🫀 扫描心跳 第146轮开始
10:36:01 [INFO] 🫀 扫描心跳 第147轮开始
10:36:28 [INFO] 🫀 扫描心跳 第148轮开始
10:36:30 [INFO] 📊 动态份数 588170: 状态=normal 信号强度75/阈值38, 建议交易24000股/份 (40%)
10:36:31 [INFO] ✅ 飞书消息已成功送达: 科创半导体ETF华夏(588170) SELL_HIGH - 加急通知已发送
10:36:33 [INFO] 🔔 已触发急促报警
10:36:58 [INFO] 🫀 扫描心跳 第149轮开始
10:37:07 [INFO] 📊 动态份数 002261: 状态=normal 信号强度66/阈值54, 建议交易300股/份 (50%)
10:37:08 [INFO] ✅ 飞书消息已成功送达: 拓维信息(002261) SELL_HIGH - 加急通知已发送
10:37:10 [INFO] 🔔 已触发急促报警
10:37:13 [INFO] 
📊 护城河防御面板 第149轮
──────────────────────────────────────────────────────────────────────
科创半导体ETF华夏(588170)    1.23      1.22    5.0%    多20/空75  停手:当日轮次已满
特变电工(600089)       20.57     20.42    2.2%   多-16/空74  强可T     
华工科技(000988)      150.00    148.53    5.3%     多6/空96  停手:已达当日买入上限1次
拓维信息(002261)       30.49     30.36    4.9%     多1/空66  强可T|SELL_HIGH
江丰电子(300666)      323.21    317.50    8.3%     多7/空59  停手:已达当日买入上限1次
10:37:28 [INFO] 🫀 扫描心跳 第150轮开始
10:37:54 [INFO] 🫀 扫描心跳 第151轮开始
10:38:22 [INFO] 🫀 扫描心跳 第152轮开始
10:38:49 [INFO] 🫀 扫描心跳 第153轮开始
10:39:01 [INFO] 
📊 护城河防御面板 第153轮
──────────────────────────────────────────────────────────────────────
科创半导体ETF华夏(588170)    1.25      1.22    5.0%    多23/空53  停手:当日轮次已满
特变电工(600089)       20.52     20.43    2.2%   多-18/空74  强可T     
华工科技(000988)      150.19    148.66    5.3%     多4/空84  停手:已达当日买入上限1次
拓维信息(002261)       30.35     30.36    4.9%    多59/空58  停手:震荡贴均且分差不大
江丰电子(300666)      325.43    317.97    8.3%     多7/空59  停手:已达当日买入上限1次
10:39:16 [INFO] 🫀 扫描心跳 第154轮开始
10:39:43 [INFO] 🫀 扫描心跳 第155轮开始
10:40:10 [INFO] 🫀 扫描心跳 第156轮开始
10:40:15 [INFO] 📊 动态份数 600089: 状态=normal 信号强度82/阈值55, 建议交易700股/份 (58%)
10:40:16 [INFO] ✅ 飞书消息已成功送达: 特变电工(600089) SELL_HIGH - 加急通知已发送
10:40:18 [INFO] 🔔 已触发急促报警
10:40:43 [INFO] 🫀 扫描心跳 第157轮开始
10:40:58 [INFO] 
📊 护城河防御面板 第157轮
──────────────────────────────────────────────────────────────────────
科创半导体ETF华夏(588170)    1.25      1.22    5.0%    多23/空53  停手:当日轮次已满
特变电工(600089)       20.52     20.43    2.2%   多-18/空74  强可T     
华工科技(000988)      150.19    148.66    5.3%     多4/空84  停手:已达当日买入上限1次
拓维信息(002261)       30.35     30.36    4.9%    多59/空58  停手:震荡贴均且分差不大
江丰电子(300666)      325.43    317.97    8.3%     多7/空59  停手:已达当日买入上限1次
10:41:13 [INFO] 🫀 扫描心跳 第158轮开始
10:41:43 [INFO] 🫀 扫描心跳 第159轮开始
10:42:11 [INFO] 🫀 扫描心跳 第160轮开始
10:42:38 [INFO] 🫀 扫描心跳 第161轮开始
10:42:45 [INFO] 📊 动态份数 000988: 状态=normal 信号强度99/阈值80, 建议交易400股/份 (100%)
10:42:46 [INFO] ✅ 飞书消息已成功送达: 华工科技(000988) SELL_HIGH - 加急通知已发送
10:42:47 [INFO] 🔔 已触发急促报警
10:42:52 [INFO] 
📊 护城河防御面板 第161轮
──────────────────────────────────────────────────────────────────────
科创半导体ETF华夏(588170)    1.25      1.22    5.0%    多13/空91  停手:当日轮次已满
特变电工(600089)       20.59     20.44    2.2%   多-16/空21  停手:买卖都不够强
华工科技(000988)      150.45    148.83    5.3%     多4/空99  停手:已达当日买入上限1次|SELL_HIGH
拓维信息(002261)       30.32     30.36    4.9%    多37/空58  停手:价格低于均价，14:30前禁止买入
江丰电子(300666)      324.15    318.33    8.3%     多5/空57  停手:已达当日买入上限1次
10:43:07 [INFO] 🫀 扫描心跳 第162轮开始
10:43:35 [INFO] 🫀 扫描心跳 第163轮开始
10:44:02 [INFO] 🫀 扫描心跳 第164轮开始
10:44:28 [INFO] 🫀 扫描心跳 第165轮开始
10:44:41 [INFO] 
📊 护城河防御面板 第165轮
──────────────────────────────────────────────────────────────────────
科创半导体ETF华夏(588170)    1.26      1.23    5.5%    多13/空72  停手:当日轮次已满
特变电工(600089)       20.57     20.45    2.2%   多-18/空68  强可T     
华工科技(000988)      150.79    148.95    5.3%     多4/空64  停手:无可卖仓且买点不强
拓维信息(002261)       30.32     30.36    4.9%    多37/空58  停手:价格低于均价，14:30前禁止买入
江丰电子(300666)      324.15    318.33    8.3%     多5/空57  停手:已达当日买入上限1次
10:44:56 [INFO] 🫀 扫描心跳 第166轮开始
10:44:58 [INFO] 📊 动态份数 588170: 状态=normal 信号强度72/阈值38, 建议交易24000股/份 (40%)
10:44:59 [INFO] ✅ 飞书消息已成功送达: 科创半导体ETF华夏(588170) SELL_HIGH - 加急通知已发送
10:45:01 [INFO] 🔔 已触发急促报警
10:45:27 [INFO] 🫀 扫描心跳 第167轮开始
10:45:55 [INFO] 🫀 扫描心跳 第168轮开始
10:46:22 [INFO] 🫀 扫描心跳 第169轮开始
10:46:50 [INFO] 
📊 护城河防御面板 第169轮
──────────────────────────────────────────────────────────────────────
科创半导体ETF华夏(588170)    1.26      1.23    5.5%    多13/空72  停手:无可卖仓且买点不强
特变电工(600089)       20.57     20.45    2.2%   多-18/空68  强可T     
华工科技(000988)      150.79    148.95    5.3%     多4/空64  停手:无可卖仓且买点不强
拓维信息(002261)       30.29     30.35    4.9%    多97/空28  停手:价格低于均价，14:30前禁止买入
江丰电子(300666)      326.62    318.92    8.3%   多-15/空44  停手:已达当日买入上限1次
10:47:05 [INFO] 🫀 扫描心跳 第170轮开始
10:47:32 [INFO] 🫀 扫描心跳 第171轮开始
10:48:00 [INFO] 🫀 扫描心跳 第172轮开始
10:48:27 [INFO] 🫀 扫描心跳 第173轮开始
10:48:39 [INFO] 
📊 护城河防御面板 第173轮
──────────────────────────────────────────────────────────────────────
科创半导体ETF华夏(588170)    1.25      1.23    5.8%    多-4/空79  停手:无可卖仓且买点不强
特变电工(600089)       20.52     20.45    2.2%   多-18/空53  可T观察    
华工科技(000988)      150.30    149.05    5.3%   多-11/空54  停手:无可卖仓且买点不强
拓维信息(002261)       30.04     30.34    4.9%    多55/空63  停手:价格低于均价，14:30前禁止买入
江丰电子(300666)      327.39    319.44    8.3%   多-17/空57  停手:已达当日买入上限1次
10:48:54 [INFO] 🫀 扫描心跳 第174轮开始
10:49:21 [INFO] 🫀 扫描心跳 第175轮开始
10:49:47 [INFO] 🫀 扫描心跳 第176轮开始
10:50:14 [INFO] 🫀 扫描心跳 第177轮开始
10:50:27 [INFO] 
📊 护城河防御面板 第177轮
──────────────────────────────────────────────────────────────────────
科创半导体ETF华夏(588170)    1.25      1.23    5.8%    多-4/空79  停手:无可卖仓且买点不强
特变电工(600089)       20.52     20.45    2.2%   多-18/空53  可T观察    
华工科技(000988)      150.30    149.05    5.3%   多-11/空54  停手:无可卖仓且买点不强
拓维信息(002261)       30.04     30.34    4.9%    多55/空63  停手:价格低于均价，14:30前禁止买入
江丰电子(300666)      327.39    319.44    8.3%   多-17/空57  停手:已达当日买入上限1次
10:50:42 [INFO] 🫀 扫描心跳 第178轮开始
10:51:10 [INFO] 🫀 扫描心跳 第179轮开始
10:51:37 [INFO] 🫀 扫描心跳 第180轮开始
10:52:05 [INFO] 🫀 扫描心跳 第181轮开始
10:52:17 [INFO] 
📊 护城河防御面板 第181轮
──────────────────────────────────────────────────────────────────────
科创半导体ETF华夏(588170)    1.26      1.23    5.8%    多13/空87  停手:无可卖仓且买点不强
特变电工(600089)       20.50     20.45    2.2%   多-18/空53  可T观察    
华工科技(000988)      150.48    149.14    5.3%   多-11/空63  停手:无可卖仓且买点不强
拓维信息(002261)       30.26     30.33    4.9%    多30/空24  停手:价格低于均价，14:30前禁止买入
江丰电子(300666)      328.90    319.86    8.3%   多-15/空44  停手:已达当日买入上限1次
10:52:32 [INFO] 🫀 扫描心跳 第182轮开始
10:53:00 [INFO] 🫀 扫描心跳 第183轮开始
10:53:27 [INFO] 🫀 扫描心跳 第184轮开始
10:53:55 [INFO] 🫀 扫描心跳 第185轮开始
10:54:07 [INFO] 
📊 护城河防御面板 第185轮
──────────────────────────────────────────────────────────────────────
科创半导体ETF华夏(588170)    1.26      1.23    6.1%    多-4/空69  停手:无可卖仓且买点不强
特变电工(600089)       20.48     20.46    2.2%   多-27/空38  弱机会     
华工科技(000988)      149.89    149.19    5.3%    多20/空43  停手:无可卖仓且买点不强
拓维信息(002261)       30.26     30.33    4.9%    多30/空24  停手:价格低于均价，14:30前禁止买入
江丰电子(300666)      328.90    319.86    8.3%   多-15/空44  停手:已达当日买入上限1次
10:54:22 [INFO] 🫀 扫描心跳 第186轮开始
10:54:49 [INFO] 🫀 扫描心跳 第187轮开始
10:55:18 [INFO] 🫀 扫描心跳 第188轮开始
10:55:46 [INFO] 🫀 扫描心跳 第189轮开始
10:55:58 [INFO] 
📊 护城河防御面板 第189轮
──────────────────────────────────────────────────────────────────────
科创半导体ETF华夏(588170)    1.26      1.23    6.1%    多-4/空69  停手:无可卖仓且买点不强
特变电工(600089)       20.48     20.46    2.2%   多-27/空38  弱机会     
华工科技(000988)      149.89    149.19    5.3%    多20/空43  停手:无可卖仓且买点不强
拓维信息(002261)       30.20     30.33    4.9%    多46/空59  停手:价格低于均价，14:30前禁止买入
江丰电子(300666)      328.28    320.25    8.3%     多3/空44  停手:已达当日买入上限1次
10:56:13 [INFO] 🫀 扫描心跳 第190轮开始
10:56:39 [INFO] 🫀 扫描心跳 第191轮开始
10:57:06 [INFO] 🫀 扫描心跳 第192轮开始
10:57:49 [INFO] 🫀 扫描心跳 第193轮开始
10:58:02 [INFO] 
📊 护城河防御面板 第193轮
──────────────────────────────────────────────────────────────────────
科创半导体ETF华夏(588170)    1.25      1.23    6.1%    多11/空77  停手:无可卖仓且买点不强
特变电工(600089)       20.44     20.46    2.2%    多40/空38  停手:震荡贴均且分差不大
华工科技(000988)      149.60    149.24    5.3%    多20/空43  停手:无可卖仓且买点不强
拓维信息(002261)       30.24     30.32    4.9%    多39/空44  停手:价格低于均价，14:30前禁止买入
江丰电子(300666)      328.32    320.58    8.3%     多3/空32  停手:买卖都不够强
10:58:17 [INFO] 🫀 扫描心跳 第194轮开始
10:58:44 [INFO] 🫀 扫描心跳 第195轮开始
10:59:11 [INFO] 🫀 扫描心跳 第196轮开始
10:59:37 [INFO] 🫀 扫描心跳 第197轮开始
10:59:51 [INFO] 
📊 护城河防御面板 第197轮
──────────────────────────────────────────────────────────────────────
科创半导体ETF华夏(588170)    1.25      1.23    6.1%    多11/空77  停手:无可卖仓且买点不强
特变电工(600089)       20.44     20.46    2.2%    多40/空38  停手:震荡贴均且分差不大
华工科技(000988)      149.60    149.24    5.3%    多20/空43  停手:无可卖仓且买点不强
拓维信息(002261)       30.24     30.32    4.9%    多39/空44  停手:价格低于均价，14:30前禁止买入
江丰电子(300666)      328.32    320.58    8.3%     多3/空32  停手:买卖都不够强
11:00:06 [INFO] 🫀 扫描心跳 第198轮开始
11:00:34 [INFO] 🫀 扫描心跳 第199轮开始
11:01:01 [INFO] 🫀 扫描心跳 第200轮开始
11:01:29 [INFO] 🫀 扫描心跳 第201轮开始
11:01:41 [INFO] 
📊 护城河防御面板 第201轮
──────────────────────────────────────────────────────────────────────
科创半导体ETF华夏(588170)    1.25      1.23    6.1%    多11/空77  停手:无可卖仓且买点不强
特变电工(600089)       20.43     20.46    2.2%    多52/空23  停手:价格低于均价，14:30前禁止买入
华工科技(000988)      149.63    149.27    5.3%    多32/空43  停手:已达当日买入上限1次
拓维信息(002261)       30.25     30.32    4.9%    多14/空24  停手:买卖都不够强
江丰电子(300666)      331.39    321.21    8.3%   多-15/空44  停手:高位但无明确优势
11:01:56 [INFO] 🫀 扫描心跳 第202轮开始
11:02:39 [INFO] 🫀 扫描心跳 第203轮开始
11:03:06 [INFO] 🫀 扫描心跳 第204轮开始
11:03:33 [INFO] 🫀 扫描心跳 第205轮开始
11:03:46 [INFO] 
📊 护城河防御面板 第205轮
──────────────────────────────────────────────────────────────────────
科创半导体ETF华夏(588170)    1.25      1.23    6.1%    多11/空77  停手:无可卖仓且买点不强
特变电工(600089)       20.43     20.46    2.2%    多52/空23  停手:价格低于均价，14:30前禁止买入
华工科技(000988)      149.63    149.27    5.3%    多32/空43  停手:已达当日买入上限1次
拓维信息(002261)       30.25     30.32    4.9%    多14/空24  停手:买卖都不够强
江丰电子(300666)      331.39    321.21    8.3%   多-15/空44  停手:高位但无明确优势
11:04:01 [INFO] 🫀 扫描心跳 第206轮开始
11:04:29 [INFO] 🫀 扫描心跳 第207轮开始
11:04:45 [INFO] ✅ 飞书消息已成功送达: 江丰电子(300666) SELL_HIGH - 加急通知已发送
11:04:47 [INFO] 🔔 已触发急促报警
11:05:02 [INFO] 🫀 扫描心跳 第208轮开始
11:05:30 [INFO] 🫀 扫描心跳 第209轮开始
11:05:41 [INFO] 
📊 护城河防御面板 第209轮
──────────────────────────────────────────────────────────────────────
科创半导体ETF华夏(588170)    1.26      1.24    6.1%     多3/空89  停手:无可卖仓且买点不强
特变电工(600089)       20.44     20.46    2.2%    多-1/空38  停手:价格低于均价，14:30前禁止买入
华工科技(000988)      149.58    149.30    5.3%    多13/空43  停手:无可卖仓且买点不强
拓维信息(002261)       30.24     30.31    4.9%    多22/空24  停手:买卖都不够强
江丰电子(300666)      329.71    321.70    8.3%    多-9/空81  停手:已达当日买入上限1次
11:05:56 [INFO] 🫀 扫描心跳 第210轮开始
11:06:23 [INFO] 🫀 扫描心跳 第211轮开始
11:06:50 [INFO] 🫀 扫描心跳 第212轮开始
11:07:17 [INFO] 🫀 扫描心跳 第213轮开始
11:07:30 [INFO] 
📊 护城河防御面板 第213轮
──────────────────────────────────────────────────────────────────────
科创半导体ETF华夏(588170)    1.26      1.24    6.2%     多5/空99  停手:无可卖仓且买点不强
特变电工(600089)       20.43     20.46    2.2%    多22/空38  停手:价格低于均价，14:30前禁止买入
华工科技(000988)      149.69    149.32    5.3%    多17/空39  停手:无可卖仓且买点不强
拓维信息(002261)       30.24     30.31    4.9%    多22/空24  停手:买卖都不够强
江丰电子(300666)      329.71    321.70    8.3%    多-9/空81  停手:已达当日买入上限1次
11:07:45 [INFO] 🫀 扫描心跳 第214轮开始
11:07:54 [INFO] 📊 动态份数 002261: 状态=normal 信号强度75/阈值38, 建议交易600股/份 (100%)
11:07:55 [INFO] ✅ 飞书消息已成功送达: 拓维信息(002261) SELL_HIGH - 加急通知已发送
11:07:57 [INFO] 🔔 已触发急促报警
11:08:15 [INFO] 🫀 扫描心跳 第215轮开始
11:08:42 [INFO] 🫀 扫描心跳 第216轮开始
11:09:10 [INFO] 🫀 扫描心跳 第217轮开始
11:09:22 [INFO] 
📊 护城河防御面板 第217轮
──────────────────────────────────────────────────────────────────────
科创半导体ETF华夏(588170)    1.26      1.24    6.2%     多5/空99  停手:无可卖仓且买点不强
特变电工(600089)       20.43     20.46    2.2%    多22/空38  停手:价格低于均价，14:30前禁止买入
华工科技(000988)      149.69    149.32    5.3%    多17/空39  停手:无可卖仓且买点不强
拓维信息(002261)       30.46     30.32    4.9%   多-27/空75  停手:无可卖仓且买点不强
江丰电子(300666)      334.50    322.23    8.7%    多-7/空69  停手:已达当日买入上限1次
11:09:37 [INFO] 🫀 扫描心跳 第218轮开始
11:10:05 [INFO] 🫀 扫描心跳 第219轮开始
11:10:32 [INFO] 🫀 扫描心跳 第220轮开始
11:10:59 [INFO] 🫀 扫描心跳 第221轮开始
11:11:11 [INFO] 
📊 护城河防御面板 第221轮
──────────────────────────────────────────────────────────────────────
科创半导体ETF华夏(588170)    1.27      1.24    7.0%  多-10/空102  停手:无可卖仓且买点不强
特变电工(600089)       20.48     20.46    2.2%   多-37/空34  停手:买卖都不够强
华工科技(000988)      150.70    149.37    5.3%    多-9/空92  停手:无可卖仓且买点不强
拓维信息(002261)       30.31     30.32    4.9%    多19/空53  停手:无可卖仓且买点不强
江丰电子(300666)      334.14    323.00    8.9%    多-9/空96  停手:已达当日买入上限1次
11:11:26 [INFO] 🫀 扫描心跳 第222轮开始
11:11:54 [INFO] 🫀 扫描心跳 第223轮开始
11:12:22 [INFO] 🫀 扫描心跳 第224轮开始
11:12:51 [INFO] 🫀 扫描心跳 第225轮开始
11:13:03 [INFO] 
📊 护城河防御面板 第225轮
──────────────────────────────────────────────────────────────────────
科创半导体ETF华夏(588170)    1.27      1.24    7.0%  多-10/空102  停手:无可卖仓且买点不强
特变电工(600089)       20.48     20.46    2.2%   多-37/空34  停手:买卖都不够强
华工科技(000988)      150.70    149.37    5.3%    多-9/空92  停手:无可卖仓且买点不强
拓维信息(002261)       30.31     30.32    4.9%    多19/空53  停手:无可卖仓且买点不强
江丰电子(300666)      334.14    323.00    8.9%    多-9/空96  停手:已达当日买入上限1次
11:13:18 [INFO] 🫀 扫描心跳 第226轮开始
11:13:45 [INFO] 🫀 扫描心跳 第227轮开始
11:14:13 [INFO] 🫀 扫描心跳 第228轮开始
11:14:40 [INFO] 🫀 扫描心跳 第229轮开始
11:14:53 [INFO] 
📊 护城河防御面板 第229轮
──────────────────────────────────────────────────────────────────────
科创半导体ETF华夏(588170)    1.28      1.24    7.6%   多-10/空57  停手:无可卖仓且买点不强
特变电工(600089)       20.51     20.46    2.2%   多-37/空46  可T观察    
华工科技(000988)      151.27    149.46    5.3%   多-9/空107  停手:无可卖仓且买点不强
拓维信息(002261)       30.47     30.33    4.9%   多-27/空49  停手:无可卖仓且买点不强
江丰电子(300666)      335.96    323.56    9.2%    多-7/空69  停手:已达当日买入上限1次
11:15:08 [INFO] 🫀 扫描心跳 第230轮开始
11:15:34 [INFO] 🫀 扫描心跳 第231轮开始
11:16:01 [INFO] 🫀 扫描心跳 第232轮开始
11:16:28 [INFO] 🫀 扫描心跳 第233轮开始
11:16:41 [INFO] 
📊 护城河防御面板 第233轮
──────────────────────────────────────────────────────────────────────
科创半导体ETF华夏(588170)    1.28      1.24    7.6%   多-10/空57  停手:无可卖仓且买点不强
特变电工(600089)       20.51     20.46    2.2%   多-37/空46  可T观察    
华工科技(000988)      151.27    149.46    5.3%   多-9/空107  停手:无可卖仓且买点不强
拓维信息(002261)       30.47     30.33    4.9%   多-27/空49  停手:无可卖仓且买点不强
江丰电子(300666)      335.96    323.56    9.2%    多-7/空69  停手:已达当日买入上限1次
11:16:56 [INFO] 🫀 扫描心跳 第234轮开始
11:17:23 [INFO] 🫀 扫描心跳 第235轮开始
11:17:51 [INFO] 🫀 扫描心跳 第236轮开始
11:18:18 [INFO] 🫀 扫描心跳 第237轮开始
11:18:30 [INFO] 
📊 护城河防御面板 第237轮
──────────────────────────────────────────────────────────────────────
科创半导体ETF华夏(588170)    1.28      1.24    8.0%  多-10/空124  停手:无可卖仓且买点不强
特变电工(600089)       20.51     20.46    2.2%   多-19/空56  可T观察    
华工科技(000988)      151.72    149.55    5.3%   多-10/空71  停手:无可卖仓且买点不强
拓维信息(002261)       30.42     30.33    4.9%   多-29/空68  停手:无可卖仓且买点不强
江丰电子(300666)      337.57    324.13    9.7%    多-7/空69  停手:已达当日买入上限1次
11:18:45 [INFO] 🫀 扫描心跳 第238轮开始
11:19:12 [INFO] 🫀 扫描心跳 第239轮开始
11:19:38 [INFO] 🫀 扫描心跳 第240轮开始
11:20:05 [INFO] 🫀 扫描心跳 第241轮开始
11:20:18 [INFO] 
📊 护城河防御面板 第241轮
──────────────────────────────────────────────────────────────────────
科创半导体ETF华夏(588170)    1.29      1.25    8.6%  多-10/空124  停手:无可卖仓且买点不强
特变电工(600089)       20.50     20.46    2.2%    多-6/空48  可T观察    
华工科技(000988)      151.99    149.67    5.3%   多-10/空69  停手:无可卖仓且买点不强
拓维信息(002261)       30.42     30.33    4.9%   多-29/空68  停手:无可卖仓且买点不强
江丰电子(300666)      337.57    324.13    9.7%    多-7/空69  停手:已达当日买入上限1次
11:20:33 [INFO] 🫀 扫描心跳 第242轮开始
11:21:00 [INFO] 🫀 扫描心跳 第243轮开始
11:21:28 [INFO] 🫀 扫描心跳 第244轮开始
11:21:55 [INFO] 🫀 扫描心跳 第245轮开始
11:22:07 [INFO] 
📊 护城河防御面板 第245轮
──────────────────────────────────────────────────────────────────────
科创半导体ETF华夏(588170)    1.29      1.25    8.6%  多-10/空124  停手:无可卖仓且买点不强
特变电工(600089)       20.50     20.46    2.2%    多-6/空48  可T观察    
华工科技(000988)      151.99    149.67    5.3%   多-10/空69  停手:无可卖仓且买点不强
拓维信息(002261)       30.38     30.33    4.9%   多-32/空43  停手:无可卖仓且买点不强
江丰电子(300666)      340.67    324.85   10.7%    多-7/空40  停手:买卖都不够强
11:22:22 [INFO] 🫀 扫描心跳 第246轮开始
11:22:48 [INFO] 🫀 扫描心跳 第247轮开始
11:23:16 [INFO] 🫀 扫描心跳 第248轮开始
11:23:43 [INFO] 🫀 扫描心跳 第249轮开始
11:24:10 [INFO] 
📊 护城河防御面板 第249轮
──────────────────────────────────────────────────────────────────────
科创半导体ETF华夏(588170)    1.30      1.25    8.8%  多-12/空112  停手:无可卖仓且买点不强
特变电工(600089)       20.53     20.46    2.2%   多-19/空46  可T观察    
华工科技(000988)      152.26    149.77    5.3%   多-12/空73  停手:无可卖仓且买点不强
拓维信息(002261)       30.30     30.33    4.9%    多49/空43  停手:震荡贴均且分差不大
江丰电子(300666)      343.82    325.89   11.7%   多-7/空100  停手:已达当日买入上限1次
11:24:25 [INFO] 🫀 扫描心跳 第250轮开始
11:24:52 [INFO] 🫀 扫描心跳 第251轮开始
11:25:18 [INFO] 🫀 扫描心跳 第252轮开始
11:25:45 [INFO] 🫀 扫描心跳 第253轮开始
11:25:57 [INFO] 
📊 护城河防御面板 第253轮
──────────────────────────────────────────────────────────────────────
科创半导体ETF华夏(588170)    1.30      1.25    8.8%  多-12/空112  停手:无可卖仓且买点不强
特变电工(600089)       20.53     20.46    2.2%   多-19/空46  可T观察    
华工科技(000988)      152.26    149.77    5.3%   多-12/空73  停手:无可卖仓且买点不强
拓维信息(002261)       30.30     30.33    4.9%    多49/空43  停手:震荡贴均且分差不大
江丰电子(300666)      343.82    325.89   11.7%   多-7/空100  停手:已达当日买入上限1次
11:26:12 [INFO] 🫀 扫描心跳 第254轮开始
11:26:39 [INFO] 🫀 扫描心跳 第255轮开始
11:26:45 [INFO] 📊 动态份数 600089: 状态=normal 信号强度106/阈值39, 建议交易1200股/份 (100%)
11:26:46 [INFO] ✅ 飞书消息已成功送达: 特变电工(600089) SELL_HIGH - 加急通知已发送
11:26:47 [INFO] 🔔 已触发急促报警
11:27:10 [INFO] 🫀 扫描心跳 第256轮开始
11:27:38 [INFO] 🫀 扫描心跳 第257轮开始
11:27:51 [INFO] 
📊 护城河防御面板 第257轮
──────────────────────────────────────────────────────────────────────
科创半导体ETF华夏(588170)    1.30      1.25    9.6%   多-10/空42  停手:无可卖仓且买点不强
特变电工(600089)       20.64     20.47    2.2%  多-31/空106  停手:无可卖仓且买点不强
华工科技(000988)      152.91    149.88    5.3%   多-10/空91  停手:无可卖仓且买点不强
拓维信息(002261)       30.48     30.34    4.9%   多-27/空63  停手:无可卖仓且买点不强
江丰电子(300666)      346.11    326.84   13.0%   多-9/空122  停手:已达当日买入上限1次
11:28:06 [INFO] 🫀 扫描心跳 第258轮开始
11:28:33 [INFO] 🫀 扫描心跳 第259轮开始
11:29:00 [INFO] 🫀 扫描心跳 第260轮开始
11:29:27 [INFO] 🫀 扫描心跳 第261轮开始
11:29:38 [INFO] 
📊 护城河防御面板 第261轮
──────────────────────────────────────────────────────────────────────
科创半导体ETF华夏(588170)    1.30      1.25    9.6%   多-10/空42  停手:无可卖仓且买点不强
特变电工(600089)       20.64     20.47    2.2%  多-31/空106  停手:无可卖仓且买点不强
华工科技(000988)      152.91    149.88    5.3%   多-10/空91  停手:无可卖仓且买点不强
拓维信息(002261)       30.48     30.34    4.9%   多-27/空63  停手:无可卖仓且买点不强
江丰电子(300666)      346.11    326.84   13.0%   多-9/空122  停手:已达当日买入上限1次
11:29:53 [INFO] 🫀 扫描心跳 第262轮开始
11:30:20 [INFO] ⏸ 非交易时段，进入低频保活
11:40:20 [INFO] ⏸ 非交易时段，进入低频保活
11:50:20 [INFO] ⏸ 非交易时段，进入低频保活
12:00:20 [INFO] ⏸ 非交易时段，进入低频保活
12:44:16 [INFO] ⏸ 非交易时段，进入低频保活
12:54:17 [INFO] ⏸ 非交易时段，进入低频保活
13:00:02 [INFO] 🫀 扫描心跳 第263轮开始
13:00:19 [INFO] 📊 动态份数 300666: 状态=normal 信号强度55/阈值48, 建议交易100股/份 (33%)
13:00:19 [INFO] 📉 300666 卖出信号得分55分，低于10:00后阈值65分，静默处理（不推送飞书）
13:00:34 [INFO] 🫀 扫描心跳 第264轮开始
13:01:02 [INFO] 🫀 扫描心跳 第265轮开始
13:01:14 [INFO] 
📊 护城河防御面板 第265轮
──────────────────────────────────────────────────────────────────────
科创半导体ETF华夏(588170)    1.29      1.25    9.5%     多3/空73  停手:无可卖仓且买点不强
特变电工(600089)       20.60     20.48    2.2%    多10/空54  停手:无可卖仓且买点不强
华工科技(000988)      150.92    150.03    5.3%     多9/空44  停手:无可卖仓且买点不强
拓维信息(002261)       30.35     30.34    4.9%    多21/空44  停手:无可卖仓且买点不强
江丰电子(300666)      335.20    327.71   13.0%    多-5/空47  停手:无可卖仓且买点不强
13:01:29 [INFO] 🫀 扫描心跳 第266轮开始
13:01:56 [INFO] 🫀 扫描心跳 第267轮开始
13:02:38 [INFO] 🫀 扫描心跳 第268轮开始
13:03:04 [INFO] 🫀 扫描心跳 第269轮开始
13:03:17 [INFO] 
📊 护城河防御面板 第269轮
──────────────────────────────────────────────────────────────────────
科创半导体ETF华夏(588170)    1.28      1.25    9.5%    多17/空62  停手:无可卖仓且买点不强
特变电工(600089)       20.51     20.48    2.2%    多21/空44  停手:无可卖仓且买点不强
华工科技(000988)      151.68    150.08    5.3%    多18/空44  停手:无可卖仓且买点不强
拓维信息(002261)       30.48     30.34    4.9%    多-6/空25  停手:无可卖仓且买点不强
江丰电子(300666)      335.20    327.71   13.0%    多-5/空47  停手:无可卖仓且买点不强
13:03:32 [INFO] 🫀 扫描心跳 第270轮开始
13:03:59 [INFO] 🫀 扫描心跳 第271轮开始
13:04:26 [INFO] 🫀 扫描心跳 第272轮开始
13:04:53 [INFO] 🫀 扫描心跳 第273轮开始
13:05:05 [INFO] 
📊 护城河防御面板 第273轮
──────────────────────────────────────────────────────────────────────
科创半导体ETF华夏(588170)    1.28      1.25    9.5%    多17/空62  停手:无可卖仓且买点不强
特变电工(600089)       20.51     20.48    2.2%    多21/空44  停手:无可卖仓且买点不强
华工科技(000988)      151.68    150.08    5.3%    多18/空44  停手:无可卖仓且买点不强
拓维信息(002261)       30.48     30.34    4.9%    多-6/空25  停手:无可卖仓且买点不强
江丰电子(300666)      339.87    328.28   13.0%    多-2/空47  停手:无可卖仓且买点不强
13:05:20 [INFO] 🫀 扫描心跳 第274轮开始
13:05:47 [INFO] 🫀 扫描心跳 第275轮开始
13:06:15 [INFO] 🫀 扫描心跳 第276轮开始
13:06:42 [INFO] 🫀 扫描心跳 第277轮开始
13:06:54 [INFO] 
📊 护城河防御面板 第277轮
──────────────────────────────────────────────────────────────────────
科创半导体ETF华夏(588170)    1.29      1.25    9.5%     多7/空77  停手:无可卖仓且买点不强
特变电工(600089)       20.54     20.48    2.2%    多12/空25  停手:无可卖仓且买点不强
华工科技(000988)      151.45    150.12    5.3%    多-1/空59  停手:无可卖仓且买点不强
拓维信息(002261)       30.52     30.35    4.9%    多-6/空53  停手:无可卖仓且买点不强
江丰电子(300666)      343.04    328.85   13.0%     多3/空47  停手:无可卖仓且买点不强
13:07:09 [INFO] 🫀 扫描心跳 第278轮开始
13:07:36 [INFO] 🫀 扫描心跳 第279轮开始
13:08:03 [INFO] 🫀 扫描心跳 第280轮开始
13:08:30 [INFO] 🫀 扫描心跳 第281轮开始
13:08:42 [INFO] 
📊 护城河防御面板 第281轮
──────────────────────────────────────────────────────────────────────
科创半导体ETF华夏(588170)    1.29      1.25    9.5%     多7/空77  停手:无可卖仓且买点不强
特变电工(600089)       20.54     20.48    2.2%    多12/空25  停手:无可卖仓且买点不强
华工科技(000988)      151.45    150.12    5.3%    多-1/空59  停手:无可卖仓且买点不强
拓维信息(002261)       30.52     30.35    4.9%    多-6/空53  停手:无可卖仓且买点不强
江丰电子(300666)      343.04    328.85   13.0%     多3/空47  停手:无可卖仓且买点不强
13:08:57 [INFO] 🫀 扫描心跳 第282轮开始
13:09:24 [INFO] 🫀 扫描心跳 第283轮开始
13:09:52 [INFO] 🫀 扫描心跳 第284轮开始
13:10:18 [INFO] 🫀 扫描心跳 第285轮开始
13:10:31 [INFO] 
📊 护城河防御面板 第285轮
──────────────────────────────────────────────────────────────────────
科创半导体ETF华夏(588170)    1.28      1.26    9.5%   多-12/空77  停手:无可卖仓且买点不强
特变电工(600089)       20.55     20.48    2.2%    多12/空25  停手:无可卖仓且买点不强
华工科技(000988)      150.85    150.16    5.3%     多9/空44  停手:无可卖仓且买点不强
拓维信息(002261)       30.67     30.36    4.9%   多-9/空106  停手:无可卖仓且买点不强
江丰电子(300666)      338.91    329.29   13.0%   多-17/空51  停手:无可卖仓且买点不强
13:10:46 [INFO] 🫀 扫描心跳 第286轮开始
13:11:12 [INFO] 🫀 扫描心跳 第287轮开始
13:11:39 [INFO] 🫀 扫描心跳 第288轮开始
13:12:05 [INFO] 🫀 扫描心跳 第289轮开始
13:12:16 [INFO] 
📊 护城河防御面板 第289轮
──────────────────────────────────────────────────────────────────────
科创半导体ETF华夏(588170)    1.28      1.26    9.5%   多-12/空77  停手:无可卖仓且买点不强
特变电工(600089)       20.55     20.48    2.2%    多12/空25  停手:无可卖仓且买点不强
华工科技(000988)      150.85    150.16    5.3%     多9/空44  停手:无可卖仓且买点不强
拓维信息(002261)       30.67     30.36    4.9%   多-9/空106  停手:无可卖仓且买点不强
江丰电子(300666)      338.91    329.29   13.0%   多-17/空51  停手:无可卖仓且买点不强
13:12:31 [INFO] 🫀 扫描心跳 第290轮开始
13:13:14 [INFO] 🫀 扫描心跳 第291轮开始
13:13:41 [INFO] 🫀 扫描心跳 第292轮开始
13:14:09 [INFO] 🫀 扫描心跳 第293轮开始
13:14:21 [INFO] 
📊 护城河防御面板 第293轮
──────────────────────────────────────────────────────────────────────
科创半导体ETF华夏(588170)    1.28      1.26    9.5%    多22/空77  停手:无可卖仓且买点不强
特变电工(600089)       20.55     20.48    2.2%    多12/空25  停手:无可卖仓且买点不强
华工科技(000988)      150.78    150.18    5.3%    多21/空44  停手:无可卖仓且买点不强
拓维信息(002261)       30.67     30.37    4.9%   多-11/空94  停手:无可卖仓且买点不强
江丰电子(300666)      340.00    329.82   13.0%     多3/空32  停手:无可卖仓且买点不强
13:14:36 [INFO] 🫀 扫描心跳 第294轮开始
13:15:03 [INFO] 🫀 扫描心跳 第295轮开始
13:15:31 [INFO] 🫀 扫描心跳 第296轮开始
13:15:58 [INFO] 🫀 扫描心跳 第297轮开始
13:16:11 [INFO] 
📊 护城河防御面板 第297轮
──────────────────────────────────────────────────────────────────────
科创半导体ETF华夏(588170)    1.28      1.26    9.5%     多6/空77  停手:无可卖仓且买点不强
特变电工(600089)       20.52     20.49    2.2%    多35/空44  弱机会     
华工科技(000988)      150.62    150.20    5.3%    多28/空44  停手:已达当日买入上限1次
拓维信息(002261)       31.29     30.40    6.8%    多-9/空35  停手:无可卖仓且买点不强
江丰电子(300666)      340.00    329.82   13.0%     多3/空32  停手:无可卖仓且买点不强
13:16:26 [INFO] 🫀 扫描心跳 第298轮开始
13:16:53 [INFO] 🫀 扫描心跳 第299轮开始
13:17:20 [INFO] 🫀 扫描心跳 第300轮开始
13:17:48 [INFO] 🫀 扫描心跳 第301轮开始
13:18:01 [INFO] 
📊 护城河防御面板 第301轮
──────────────────────────────────────────────────────────────────────
科创半导体ETF华夏(588170)    1.28      1.26    9.5%     多6/空77  停手:无可卖仓且买点不强
特变电工(600089)       20.52     20.49    2.2%    多35/空44  弱机会     
华工科技(000988)      150.62    150.20    5.3%    多28/空44  停手:已达当日买入上限1次
拓维信息(002261)       31.29     30.40    6.8%    多-9/空35  停手:无可卖仓且买点不强
江丰电子(300666)      338.76    330.15   13.0%    多-1/空51  停手:无可卖仓且买点不强
13:18:16 [INFO] 🫀 扫描心跳 第302轮开始
13:18:42 [INFO] 🫀 扫描心跳 第303轮开始
13:19:09 [INFO] 🫀 扫描心跳 第304轮开始
13:19:38 [INFO] 🫀 扫描心跳 第305轮开始
13:19:51 [INFO] 
📊 护城河防御面板 第305轮
──────────────────────────────────────────────────────────────────────
科创半导体ETF华夏(588170)    1.28      1.26    9.5%    多13/空58  停手:无可卖仓且买点不强
特变电工(600089)       20.53     20.49    2.2%    多36/空29  弱机会     
华工科技(000988)      150.88    150.23    5.3%    多32/空25  停手:已达当日买入上限1次
拓维信息(002261)       31.14     30.42    6.7%   多-11/空81  停手:无可卖仓且买点不强
江丰电子(300666)      342.20    330.56   13.0%   多-15/空59  停手:无可卖仓且买点不强
13:20:06 [INFO] 🫀 扫描心跳 第306轮开始
13:20:33 [INFO] 🫀 扫描心跳 第307轮开始
13:21:00 [INFO] 🫀 扫描心跳 第308轮开始
13:21:27 [INFO] 🫀 扫描心跳 第309轮开始
13:21:39 [INFO] 
📊 护城河防御面板 第309轮
──────────────────────────────────────────────────────────────────────
科创半导体ETF华夏(588170)    1.28      1.26    9.5%    多13/空58  停手:无可卖仓且买点不强
特变电工(600089)       20.53     20.49    2.2%    多36/空29  弱机会     
华工科技(000988)      150.88    150.23    5.3%    多32/空25  停手:已达当日买入上限1次
拓维信息(002261)       31.14     30.42    6.7%   多-11/空81  停手:无可卖仓且买点不强
江丰电子(300666)      342.20    330.56   13.0%   多-15/空59  停手:无可卖仓且买点不强
13:21:54 [INFO] 🫀 扫描心跳 第310轮开始
13:22:22 [INFO] 🫀 扫描心跳 第311轮开始
13:22:52 [INFO] 🫀 扫描心跳 第312轮开始
13:23:18 [INFO] 🫀 扫描心跳 第313轮开始
13:23:31 [INFO] 
📊 护城河防御面板 第313轮
──────────────────────────────────────────────────────────────────────
科创半导体ETF华夏(588170)    1.28      1.26    9.5%     多5/空58  停手:无可卖仓且买点不强
特变电工(600089)       20.49     20.49    2.2%    多63/空44  可T观察    
华工科技(000988)      150.84    150.24    5.3%    多32/空25  停手:已达当日买入上限1次
拓维信息(002261)       31.02     30.44    6.7%   多-11/空69  停手:无可卖仓且买点不强
江丰电子(300666)      343.20    330.95   13.0%   多-15/空84  停手:无可卖仓且买点不强
13:23:46 [INFO] 🫀 扫描心跳 第314轮开始
13:24:12 [INFO] 🫀 扫描心跳 第315轮开始
13:24:55 [INFO] 🫀 扫描心跳 第316轮开始
13:25:21 [INFO] 🫀 扫描心跳 第317轮开始
13:25:32 [INFO] 
📊 护城河防御面板 第317轮
──────────────────────────────────────────────────────────────────────
科创半导体ETF华夏(588170)    1.28      1.26    9.5%     多5/空58  停手:无可卖仓且买点不强
特变电工(600089)       20.49     20.49    2.2%    多63/空44  可T观察    
华工科技(000988)      150.84    150.24    5.3%    多32/空25  停手:已达当日买入上限1次
拓维信息(002261)       31.02     30.44    6.7%   多-11/空69  停手:无可卖仓且买点不强
江丰电子(300666)      343.20    330.95   13.0%   多-15/空84  停手:无可卖仓且买点不强
13:25:47 [INFO] 🫀 扫描心跳 第318轮开始
13:26:15 [INFO] 🫀 扫描心跳 第319轮开始
13:26:42 [INFO] 🫀 扫描心跳 第320轮开始
13:27:09 [INFO] 🫀 扫描心跳 第321轮开始
13:27:23 [INFO] 
📊 护城河防御面板 第321轮
──────────────────────────────────────────────────────────────────────
科创半导体ETF华夏(588170)    1.28      1.26    9.5%   多-12/空87  停手:无可卖仓且买点不强
特变电工(600089)       20.42     20.49    2.2%    多86/空29  停手:价格低于均价，14:30前禁止买入
华工科技(000988)      150.75    150.26    5.3%    多14/空40  停手:无可卖仓且买点不强
拓维信息(002261)       31.01     30.46    6.7%   多-11/空59  停手:无可卖仓且买点不强
江丰电子(300666)      342.38    331.49   13.0%   多-15/空61  停手:无可卖仓且买点不强
13:27:38 [INFO] 🫀 扫描心跳 第322轮开始
13:28:11 [INFO] 🫀 扫描心跳 第323轮开始
13:28:41 [INFO] 🫀 扫描心跳 第324轮开始
13:29:09 [INFO] 🫀 扫描心跳 第325轮开始
13:29:16 [INFO] ✅ 飞书消息已成功送达: 特变电工(600089) BUY_LOW - 加急通知已发送
13:29:17 [INFO] 🔔 已触发急促报警
13:29:26 [INFO] 
📊 护城河防御面板 第325轮
──────────────────────────────────────────────────────────────────────
科创半导体ETF华夏(588170)    1.28      1.26    9.5%     多0/空77  停手:无可卖仓且买点不强
特变电工(600089)       20.37     20.48    2.2%   多147/空29  停手:价格低于均价，14:30前禁止买入|BUY_LOW
华工科技(000988)      150.15    150.27    5.3%    多65/空29  停手:价格低于均价，14:30前禁止买入
拓维信息(002261)       31.00     30.49    6.7%    多-2/空44  停手:无可卖仓且买点不强
江丰电子(300666)      342.38    331.49   13.0%   多-15/空61  停手:无可卖仓且买点不强
13:29:41 [INFO] 🫀 扫描心跳 第326轮开始
13:30:08 [INFO] 🫀 扫描心跳 第327轮开始
13:30:37 [INFO] 🫀 扫描心跳 第328轮开始
13:31:04 [INFO] 🫀 扫描心跳 第329轮开始
13:31:16 [INFO] 
📊 护城河防御面板 第329轮
──────────────────────────────────────────────────────────────────────
科创半导体ETF华夏(588170)    1.28      1.26    9.5%     多0/空77  停手:无可卖仓且买点不强
特变电工(600089)       20.37     20.48    2.2%   多122/空29  停手:价格低于均价，14:30前禁止买入
华工科技(000988)      150.15    150.27    5.3%    多65/空29  停手:价格低于均价，14:30前禁止买入
拓维信息(002261)       31.00     30.49    6.7%    多-2/空44  停手:无可卖仓且买点不强
江丰电子(300666)      340.45    331.82   13.0%    多-5/空51  停手:无可卖仓且买点不强
13:31:31 [INFO] 🫀 扫描心跳 第330轮开始
13:31:59 [INFO] 🫀 扫描心跳 第331轮开始
13:32:25 [INFO] 🫀 扫描心跳 第332轮开始
13:32:53 [INFO] 🫀 扫描心跳 第333轮开始
13:33:05 [INFO] 
📊 护城河防御面板 第333轮
──────────────────────────────────────────────────────────────────────
科创半导体ETF华夏(588170)    1.27      1.26    9.5%    多26/空77  停手:无可卖仓且买点不强
特变电工(600089)       20.35     20.48    2.2%    多86/空25  停手:价格低于均价，14:30前禁止买入
华工科技(000988)      149.85    150.26    5.3%    多80/空29  停手:价格低于均价，14:30前禁止买入
拓维信息(002261)       30.65     30.49    6.7%     多3/空44  停手:无可卖仓且买点不强
江丰电子(300666)      342.13    332.13   13.0%     多9/空36  停手:无可卖仓且买点不强
13:33:20 [INFO] 🫀 扫描心跳 第334轮开始
13:33:47 [INFO] 🫀 扫描心跳 第335轮开始
13:34:14 [INFO] 🫀 扫描心跳 第336轮开始
13:34:40 [INFO] 🫀 扫描心跳 第337轮开始
13:34:52 [INFO] 
📊 护城河防御面板 第337轮
──────────────────────────────────────────────────────────────────────
科创半导体ETF华夏(588170)    1.27      1.26    9.5%    多26/空77  停手:无可卖仓且买点不强
特变电工(600089)       20.35     20.48    2.2%    多86/空25  停手:价格低于均价，14:30前禁止买入
华工科技(000988)      149.85    150.26    5.3%    多80/空29  停手:价格低于均价，14:30前禁止买入
拓维信息(002261)       30.65     30.49    6.7%     多3/空44  停手:无可卖仓且买点不强
江丰电子(300666)      342.13    332.13   13.0%     多9/空36  停手:无可卖仓且买点不强
13:35:07 [INFO] 🫀 扫描心跳 第338轮开始
13:35:35 [INFO] 🫀 扫描心跳 第339轮开始
13:36:02 [INFO] 🫀 扫描心跳 第340轮开始
13:36:29 [INFO] 🫀 扫描心跳 第341轮开始
13:36:56 [INFO] 
📊 护城河防御面板 第341轮
──────────────────────────────────────────────────────────────────────
科创半导体ETF华夏(588170)    1.28      1.26    9.5%    多16/空58  停手:无可卖仓且买点不强
特变电工(600089)       20.31     20.47    2.2%   多118/空25  停手:价格低于均价，14:30前禁止买入
华工科技(000988)      150.30    150.26    5.3%    多32/空25  停手:震荡贴均且分差不大
拓维信息(002261)       30.78     30.50    6.7%    多-4/空59  停手:无可卖仓且买点不强
江丰电子(300666)      344.86    332.63   13.0%    多-9/空65  停手:无可卖仓且买点不强
13:37:11 [INFO] 🫀 扫描心跳 第342轮开始
13:37:38 [INFO] 🫀 扫描心跳 第343轮开始
13:38:05 [INFO] 🫀 扫描心跳 第344轮开始
13:38:32 [INFO] 🫀 扫描心跳 第345轮开始
13:38:44 [INFO] 
📊 护城河防御面板 第345轮
──────────────────────────────────────────────────────────────────────
科创半导体ETF华夏(588170)    1.28      1.26    9.5%    多16/空58  停手:无可卖仓且买点不强
特变电工(600089)       20.31     20.47    2.2%   多118/空25  停手:价格低于均价，14:30前禁止买入
华工科技(000988)      150.30    150.26    5.3%    多32/空25  停手:震荡贴均且分差不大
拓维信息(002261)       30.78     30.50    6.7%    多-4/空59  停手:无可卖仓且买点不强
江丰电子(300666)      344.86    332.63   13.0%    多-9/空65  停手:无可卖仓且买点不强
13:38:59 [INFO] 🫀 扫描心跳 第346轮开始
13:39:27 [INFO] 🫀 扫描心跳 第347轮开始
13:39:54 [INFO] 🫀 扫描心跳 第348轮开始
13:40:21 [INFO] 🫀 扫描心跳 第349轮开始
13:40:33 [INFO] 
📊 护城河防御面板 第349轮
──────────────────────────────────────────────────────────────────────
科创半导体ETF华夏(588170)    1.28      1.26    9.5%    多14/空73  停手:无可卖仓且买点不强
特变电工(600089)       20.30     20.47    2.2%    多99/空10  停手:价格低于均价，14:30前禁止买入
华工科技(000988)      149.97    150.25    5.3%    多74/空25  停手:价格低于均价，14:30前禁止买入
拓维信息(002261)       30.80     30.52    6.7%    多15/空59  停手:无可卖仓且买点不强
江丰电子(300666)      343.40    332.96   13.0%    多-9/空46  停手:无可卖仓且买点不强
13:40:48 [INFO] 🫀 扫描心跳 第350轮开始
13:41:15 [INFO] 🫀 扫描心跳 第351轮开始
13:41:41 [INFO] 🫀 扫描心跳 第352轮开始
13:42:08 [INFO] 🫀 扫描心跳 第353轮开始
13:42:20 [INFO] 
📊 护城河防御面板 第353轮
──────────────────────────────────────────────────────────────────────
科创半导体ETF华夏(588170)    1.27      1.26    9.5%    多18/空77  停手:无可卖仓且买点不强
特变电工(600089)       20.29     20.46    2.2%   多123/空18  停手:价格低于均价，14:30前禁止买入
华工科技(000988)      150.00    150.25    5.3%    多59/空10  停手:价格低于均价，14:30前禁止买入
拓维信息(002261)       30.77     30.52    6.7%    多15/空44  停手:无可卖仓且买点不强
江丰电子(300666)      343.40    332.96   13.0%    多-9/空46  停手:无可卖仓且买点不强
13:42:35 [INFO] 🫀 扫描心跳 第354轮开始
13:43:02 [INFO] 🫀 扫描心跳 第355轮开始
13:43:29 [INFO] 🫀 扫描心跳 第356轮开始
13:43:56 [INFO] 🫀 扫描心跳 第357轮开始
13:44:09 [INFO] 
📊 护城河防御面板 第357轮
──────────────────────────────────────────────────────────────────────
科创半导体ETF华夏(588170)    1.27      1.26    9.5%    多18/空77  停手:无可卖仓且买点不强
特变电工(600089)       20.29     20.46    2.2%   多123/空18  停手:价格低于均价，14:30前禁止买入
华工科技(000988)      150.00    150.25    5.3%    多59/空10  停手:价格低于均价，14:30前禁止买入
拓维信息(002261)       30.77     30.52    6.7%    多15/空44  停手:无可卖仓且买点不强
江丰电子(300666)      340.51    333.21   13.0%    多10/空51  停手:无可卖仓且买点不强
13:44:24 [INFO] 🫀 扫描心跳 第358轮开始
13:44:51 [INFO] 🫀 扫描心跳 第359轮开始
13:45:18 [INFO] 🫀 扫描心跳 第360轮开始
13:45:45 [INFO] 🫀 扫描心跳 第361轮开始
13:45:58 [INFO] 
📊 护城河防御面板 第361轮
──────────────────────────────────────────────────────────────────────
科创半导体ETF华夏(588170)    1.28      1.26    9.5%    多14/空58  停手:无可卖仓且买点不强
特变电工(600089)       20.28     20.46    2.2%   多144/空43  停手:价格低于均价，14:30前禁止买入
华工科技(000988)      149.91    150.24    5.3%    多74/空10  停手:价格低于均价，14:30前禁止买入
拓维信息(002261)       30.67     30.53    6.7%    多15/空44  停手:无可卖仓且买点不强
江丰电子(300666)      340.00    333.42   13.0%     多7/空51  停手:无可卖仓且买点不强
13:46:13 [INFO] 🫀 扫描心跳 第362轮开始
13:46:39 [INFO] 🫀 扫描心跳 第363轮开始
13:47:07 [INFO] 🫀 扫描心跳 第364轮开始
13:47:33 [INFO] 🫀 扫描心跳 第365轮开始
13:47:45 [INFO] 
📊 护城河防御面板 第365轮
──────────────────────────────────────────────────────────────────────
科创半导体ETF华夏(588170)    1.28      1.26    9.5%    多14/空58  停手:无可卖仓且买点不强
特变电工(600089)       20.28     20.46    2.2%   多144/空43  停手:价格低于均价，14:30前禁止买入
华工科技(000988)      149.91    150.24    5.3%    多74/空10  停手:价格低于均价，14:30前禁止买入
拓维信息(002261)       30.67     30.53    6.7%    多15/空44  停手:无可卖仓且买点不强
江丰电子(300666)      340.00    333.42   13.0%     多7/空51  停手:无可卖仓且买点不强
13:48:00 [INFO] 🫀 扫描心跳 第366轮开始
13:48:27 [INFO] 🫀 扫描心跳 第367轮开始
13:49:09 [INFO] 🫀 扫描心跳 第368轮开始
13:49:37 [INFO] 🫀 扫描心跳 第369轮开始
13:49:48 [INFO] 
📊 护城河防御面板 第369轮
──────────────────────────────────────────────────────────────────────
科创半导体ETF华夏(588170)    1.27      1.26    9.5%    多35/空32  停手:当日轮次已满
特变电工(600089)       20.27     20.45    2.2%   多116/空18  停手:价格低于均价，14:30前禁止买入
华工科技(000988)      149.68    150.23    5.3%    多85/空39  停手:价格低于均价，14:30前禁止买入
拓维信息(002261)       30.75     30.53    6.7%     多0/空25  停手:无可卖仓且买点不强
江丰电子(300666)      338.50    333.65   13.0%    多35/空51  停手:已达当日买入上限1次
13:50:03 [INFO] 🫀 扫描心跳 第370轮开始
13:50:30 [INFO] 🫀 扫描心跳 第371轮开始
13:50:57 [INFO] 🫀 扫描心跳 第372轮开始
13:51:23 [INFO] 🫀 扫描心跳 第373轮开始
13:51:36 [INFO] 
📊 护城河防御面板 第373轮
──────────────────────────────────────────────────────────────────────
科创半导体ETF华夏(588170)    1.27      1.26    9.5%    多35/空32  停手:当日轮次已满
特变电工(600089)       20.27     20.45    2.2%   多116/空18  停手:价格低于均价，14:30前禁止买入
华工科技(000988)      149.68    150.23    5.3%    多85/空39  停手:价格低于均价，14:30前禁止买入
拓维信息(002261)       30.75     30.53    6.7%     多0/空25  停手:无可卖仓且买点不强
江丰电子(300666)      338.50    333.65   13.0%    多35/空51  停手:已达当日买入上限1次
13:51:51 [INFO] 🫀 扫描心跳 第374轮开始
13:52:19 [INFO] 🫀 扫描心跳 第375轮开始
13:52:47 [INFO] 🫀 扫描心跳 第376轮开始
13:53:28 [INFO] 🫀 扫描心跳 第377轮开始
13:53:41 [INFO] 
📊 护城河防御面板 第377轮
──────────────────────────────────────────────────────────────────────
科创半导体ETF华夏(588170)    1.28      1.26    9.5%    多-1/空58  停手:无可卖仓且买点不强
特变电工(600089)       20.23     20.44    2.4%   多143/空30  停手:价格低于均价，14:30前禁止买入
华工科技(000988)      150.12    150.22    5.3%    多16/空10  停手:无可卖仓且买点不强
拓维信息(002261)       30.75     30.54    6.7%     多0/空25  停手:无可卖仓且买点不强
江丰电子(300666)      340.90    333.84   13.0%    多12/空32  停手:无可卖仓且买点不强
13:53:56 [INFO] 🫀 扫描心跳 第378轮开始
13:54:23 [INFO] 🫀 扫描心跳 第379轮开始
13:54:50 [INFO] 🫀 扫描心跳 第380轮开始
13:55:17 [INFO] 🫀 扫描心跳 第381轮开始
13:55:30 [INFO] 
📊 护城河防御面板 第381轮
──────────────────────────────────────────────────────────────────────
科创半导体ETF华夏(588170)    1.28      1.26    9.5%   多-1/空111  停手:无可卖仓且买点不强
特变电工(600089)       20.30     20.44    2.4%    多75/空18  停手:价格低于均价，14:30前禁止买入
华工科技(000988)      150.43    150.22    5.3%   多-12/空-3  停手:无可卖仓且买点不强
拓维信息(002261)       30.84     30.55    6.7%   多-15/空53  停手:无可卖仓且买点不强
江丰电子(300666)      340.90    333.84   13.0%    多12/空32  停手:无可卖仓且买点不强
13:55:45 [INFO] 🫀 扫描心跳 第382轮开始
13:56:14 [INFO] 🫀 扫描心跳 第383轮开始
13:56:41 [INFO] 🫀 扫描心跳 第384轮开始
13:57:08 [INFO] 🫀 扫描心跳 第385轮开始
13:57:20 [INFO] 
📊 护城河防御面板 第385轮
──────────────────────────────────────────────────────────────────────
科创半导体ETF华夏(588170)    1.28      1.26    9.5%   多-1/空111  停手:无可卖仓且买点不强
特变电工(600089)       20.30     20.44    2.4%    多75/空18  停手:价格低于均价，14:30前禁止买入
华工科技(000988)      150.43    150.22    5.3%   多-12/空-3  停手:无可卖仓且买点不强
拓维信息(002261)       30.84     30.55    6.7%   多-15/空53  停手:无可卖仓且买点不强
江丰电子(300666)      341.32    334.03   13.0%    多-6/空68  停手:无可卖仓且买点不强
13:57:35 [INFO] 🫀 扫描心跳 第386轮开始
13:58:02 [INFO] 🫀 扫描心跳 第387轮开始
13:58:29 [INFO] 🫀 扫描心跳 第388轮开始
13:58:57 [INFO] 🫀 扫描心跳 第389轮开始
13:59:09 [INFO] 
📊 护城河防御面板 第389轮
──────────────────────────────────────────────────────────────────────
科创半导体ETF华夏(588170)    1.28      1.27    9.5%    多-7/空70  停手:无可卖仓且买点不强
特变电工(600089)       20.28     20.44    2.4%    多61/空25  停手:价格低于均价，14:30前禁止买入
华工科技(000988)      150.60    150.23    5.3%   多-12/空47  停手:无可卖仓且买点不强
拓维信息(002261)       30.75     30.56    6.7%   多-20/空54  停手:无可卖仓且买点不强
江丰电子(300666)      341.50    334.33   13.0%     多7/空76  停手:无可卖仓且买点不强
13:59:24 [INFO] 🫀 扫描心跳 第390轮开始
13:59:52 [INFO] 🫀 扫描心跳 第391轮开始
14:00:18 [INFO] 🫀 扫描心跳 第392轮开始
14:00:48 [INFO] 🫀 扫描心跳 第393轮开始
14:01:00 [INFO] 
📊 护城河防御面板 第393轮
──────────────────────────────────────────────────────────────────────
科创半导体ETF华夏(588170)    1.28      1.27    9.5%    多-7/空70  停手:无可卖仓且买点不强
特变电工(600089)       20.28     20.44    2.4%    多46/空42  停手:无可卖仓且买点不强
华工科技(000988)      150.60    150.23    5.3%   多-12/空47  停手:无可卖仓且买点不强
拓维信息(002261)       30.75     30.56    6.7%   多-20/空54  停手:无可卖仓且买点不强
江丰电子(300666)      341.50    334.33   13.0%   多15/空104  停手:无可卖仓且买点不强
14:01:15 [INFO] 🫀 扫描心跳 第394轮开始
14:01:42 [INFO] 🫀 扫描心跳 第395轮开始
14:02:26 [INFO] 🫀 扫描心跳 第396轮开始
14:02:54 [INFO] 🫀 扫描心跳 第397轮开始
14:03:06 [INFO] 
📊 护城河防御面板 第397轮
──────────────────────────────────────────────────────────────────────
科创半导体ETF华夏(588170)    1.28      1.27    9.5%   多23/空102  停手:无可卖仓且买点不强
特变电工(600089)       20.27     20.43    2.4%    多97/空76  停手:价格低于均价，14:30前禁止买入
华工科技(000988)      149.95    150.23    5.3%    多85/空62  停手:价格低于均价，14:30前禁止买入
拓维信息(002261)       30.75     30.56    6.7%    多30/空59  可T观察    
江丰电子(300666)      340.21    334.47   13.0%    多37/空94  停手:已达当日买入上限1次
14:03:21 [INFO] 🫀 扫描心跳 第398轮开始
14:03:49 [INFO] 🫀 扫描心跳 第399轮开始
14:04:16 [INFO] 🫀 扫描心跳 第400轮开始
14:04:43 [INFO] 🫀 扫描心跳 第401轮开始
14:04:55 [INFO] 
📊 护城河防御面板 第401轮
──────────────────────────────────────────────────────────────────────
科创半导体ETF华夏(588170)    1.28      1.27    9.5%    多13/空73  停手:无可卖仓且买点不强
特变电工(600089)       20.32     20.43    2.4%    多47/空63  停手:无可卖仓且买点不强
华工科技(000988)      150.65    150.23    5.3%    多31/空48  停手:无可卖仓且买点不强
拓维信息(002261)       30.75     30.56    6.7%    多30/空59  可T观察    
江丰电子(300666)      340.21    334.47   13.0%    多37/空94  停手:已达当日买入上限1次
14:05:10 [INFO] 🫀 扫描心跳 第402轮开始
14:05:37 [INFO] 🫀 扫描心跳 第403轮开始
14:06:04 [INFO] 🫀 扫描心跳 第404轮开始
14:06:31 [INFO] 🫀 扫描心跳 第405轮开始
14:06:44 [INFO] 
📊 护城河防御面板 第405轮
──────────────────────────────────────────────────────────────────────
科创半导体ETF华夏(588170)    1.28      1.27    9.5%    多13/空73  停手:无可卖仓且买点不强
特变电工(600089)       20.32     20.43    2.4%    多47/空63  停手:无可卖仓且买点不强
华工科技(000988)      150.65    150.23    5.3%    多31/空48  停手:无可卖仓且买点不强
拓维信息(002261)       30.81     30.57    6.7%      多9/空0  停手:无可卖仓且买点不强
江丰电子(300666)      339.88    334.63   13.0%    多20/空74  停手:无可卖仓且买点不强
14:06:59 [INFO] 🫀 扫描心跳 第406轮开始
14:07:27 [INFO] 🫀 扫描心跳 第407轮开始
14:08:09 [INFO] 🫀 扫描心跳 第408轮开始
14:08:36 [INFO] 🫀 扫描心跳 第409轮开始
14:08:49 [INFO] 
📊 护城河防御面板 第409轮
──────────────────────────────────────────────────────────────────────
科创半导体ETF华夏(588170)    1.27      1.27    9.5%    多23/空92  停手:无可卖仓且买点不强
特变电工(600089)       20.26     20.42    2.4%   多108/空82  停手:价格低于均价，14:30前禁止买入
华工科技(000988)      150.19    150.23    5.3%    多58/空52  停手:震荡贴均且分差不大
拓维信息(002261)       30.83     30.57    6.7%     多9/空80  停手:无可卖仓且买点不强
江丰电子(300666)      339.97    334.76   13.0%    多42/空75  停手:已达当日买入上限1次
14:09:04 [INFO] 🫀 扫描心跳 第410轮开始
14:09:31 [INFO] 🫀 扫描心跳 第411轮开始
14:09:57 [INFO] 🫀 扫描心跳 第412轮开始
14:10:24 [INFO] 🫀 扫描心跳 第413轮开始
14:10:36 [INFO] 
📊 护城河防御面板 第413轮
──────────────────────────────────────────────────────────────────────
科创半导体ETF华夏(588170)    1.27      1.27    9.5%    多23/空92  停手:无可卖仓且买点不强
特变电工(600089)       20.26     20.42    2.4%   多108/空82  停手:价格低于均价，14:30前禁止买入
华工科技(000988)      150.19    150.23    5.3%    多58/空52  停手:震荡贴均且分差不大
拓维信息(002261)       30.83     30.57    6.7%     多9/空80  停手:无可卖仓且买点不强
江丰电子(300666)      339.97    334.76   13.0%    多42/空75  停手:已达当日买入上限1次
14:10:51 [INFO] 🫀 扫描心跳 第414轮开始
14:11:18 [INFO] 🫀 扫描心跳 第415轮开始
14:11:45 [INFO] 🫀 扫描心跳 第416轮开始
14:12:13 [INFO] 🫀 扫描心跳 第417轮开始
14:12:25 [INFO] 
📊 护城河防御面板 第417轮
──────────────────────────────────────────────────────────────────────
科创半导体ETF华夏(588170)    1.27      1.27    9.5%    多45/空77  停手:当日轮次已满
特变电工(600089)       20.24     20.42    2.4%   多120/空72  停手:价格低于均价，14:30前禁止买入
华工科技(000988)      149.76    150.22    5.3%   多120/空52  停手:价格低于均价，14:30前禁止买入
拓维信息(002261)       30.76     30.58    6.7%    多30/空59  可T观察    
江丰电子(300666)      339.69    334.88   13.0%    多48/空75  停手:已达当日买入上限1次
14:12:40 [INFO] 🫀 扫描心跳 第418轮开始
14:13:09 [INFO] 🫀 扫描心跳 第419轮开始
14:13:36 [INFO] 🫀 扫描心跳 第420轮开始
14:14:18 [INFO] 🫀 扫描心跳 第421轮开始
14:14:30 [INFO] 
📊 护城河防御面板 第421轮
──────────────────────────────────────────────────────────────────────
科创半导体ETF华夏(588170)    1.27      1.27    9.5%    多45/空77  停手:当日轮次已满
特变电工(600089)       20.24     20.42    2.4%   多120/空72  停手:价格低于均价，14:30前禁止买入
华工科技(000988)      149.76    150.22    5.3%   多120/空52  停手:价格低于均价，14:30前禁止买入
拓维信息(002261)       30.76     30.58    6.7%    多30/空59  可T观察    
江丰电子(300666)      339.69    334.88   13.0%    多48/空75  停手:已达当日买入上限1次
14:14:45 [INFO] 🫀 扫描心跳 第422轮开始
14:15:13 [INFO] 🫀 扫描心跳 第423轮开始
14:15:41 [INFO] 🫀 扫描心跳 第424轮开始
14:16:09 [INFO] 🫀 扫描心跳 第425轮开始
14:16:22 [INFO] 
📊 护城河防御面板 第425轮
──────────────────────────────────────────────────────────────────────
科创半导体ETF华夏(588170)    1.27      1.27    9.5%    多67/空32  停手:当日轮次已满
特变电工(600089)       20.25     20.41    2.4%   多162/空53  停手:价格低于均价，14:30前禁止买入
华工科技(000988)      149.31    150.20    5.3%   多156/空52  停手:价格低于均价，14:30前禁止买入
拓维信息(002261)       30.75     30.58    6.7%    多30/空44  弱机会     
江丰电子(300666)      338.67    335.01   13.0%    多57/空94  停手:已达当日买入上限1次
14:16:37 [INFO] 🫀 扫描心跳 第426轮开始
14:17:04 [INFO] 🫀 扫描心跳 第427轮开始
14:17:31 [INFO] 🫀 扫描心跳 第428轮开始
14:17:57 [INFO] 🫀 扫描心跳 第429轮开始
14:18:10 [INFO] 
📊 护城河防御面板 第429轮
──────────────────────────────────────────────────────────────────────
科创半导体ETF华夏(588170)    1.27      1.27    9.5%    多33/空73  停手:当日轮次已满
特变电工(600089)       20.24     20.41    2.4%    多98/空53  停手:价格低于均价，14:30前禁止买入
华工科技(000988)      149.37    150.18    5.3%   多166/空37  停手:价格低于均价，14:30前禁止买入
拓维信息(002261)       30.78     30.59    6.7%    多29/空40  弱机会     
江丰电子(300666)      338.67    335.01   13.0%    多57/空94  停手:已达当日买入上限1次
14:18:25 [INFO] 🫀 扫描心跳 第430轮开始
14:18:52 [INFO] 🫀 扫描心跳 第431轮开始
14:19:20 [INFO] 🫀 扫描心跳 第432轮开始
14:20:02 [INFO] 🫀 扫描心跳 第433轮开始
14:20:13 [INFO] 
📊 护城河防御面板 第433轮
──────────────────────────────────────────────────────────────────────
科创半导体ETF华夏(588170)    1.27      1.27    9.5%    多33/空73  停手:当日轮次已满
特变电工(600089)       20.24     20.41    2.4%    多98/空53  停手:价格低于均价，14:30前禁止买入
华工科技(000988)      149.37    150.18    5.3%   多166/空37  停手:价格低于均价，14:30前禁止买入
拓维信息(002261)       30.78     30.59    6.7%    多29/空40  弱机会     
江丰电子(300666)      338.12    335.10   13.0%    多65/空94  停手:已达当日买入上限1次
14:20:28 [INFO] 🫀 扫描心跳 第434轮开始
14:20:56 [INFO] 🫀 扫描心跳 第435轮开始
14:21:23 [INFO] 🫀 扫描心跳 第436轮开始
14:21:51 [INFO] 🫀 扫描心跳 第437轮开始
14:22:03 [INFO] 
📊 护城河防御面板 第437轮
──────────────────────────────────────────────────────────────────────
科创半导体ETF华夏(588170)    1.28      1.27    9.5%    多14/空73  停手:无可卖仓且买点不强
特变电工(600089)       20.28     20.41    2.4%    多81/空68  停手:价格低于均价，14:30前禁止买入
华工科技(000988)      149.60    150.17    5.3%    多92/空33  停手:价格低于均价，14:30前禁止买入
拓维信息(002261)       30.80     30.59    6.7%     多9/空40  停手:无可卖仓且买点不强
江丰电子(300666)      339.00    335.20   13.0%   多42/空100  停手:已达当日买入上限1次
14:22:18 [INFO] 🫀 扫描心跳 第438轮开始
14:22:44 [INFO] 🫀 扫描心跳 第439轮开始
14:23:11 [INFO] 🫀 扫描心跳 第440轮开始
14:23:39 [INFO] 🫀 扫描心跳 第441轮开始
14:23:50 [INFO] 
📊 护城河防御面板 第441轮
──────────────────────────────────────────────────────────────────────
科创半导体ETF华夏(588170)    1.28      1.27    9.5%    多14/空73  停手:无可卖仓且买点不强
特变电工(600089)       20.28     20.41    2.4%    多81/空68  停手:价格低于均价，14:30前禁止买入
华工科技(000988)      149.60    150.17    5.3%    多92/空33  停手:价格低于均价，14:30前禁止买入
拓维信息(002261)       30.80     30.59    6.7%     多9/空40  停手:无可卖仓且买点不强
江丰电子(300666)      339.00    335.20   13.0%   多42/空100  停手:已达当日买入上限1次
14:24:05 [INFO] 🫀 扫描心跳 第442轮开始
14:24:32 [INFO] 🫀 扫描心跳 第443轮开始
14:25:00 [INFO] 🫀 扫描心跳 第444轮开始
14:25:28 [INFO] 🫀 扫描心跳 第445轮开始
14:25:40 [INFO] 
📊 护城河防御面板 第445轮
──────────────────────────────────────────────────────────────────────
科创半导体ETF华夏(588170)    1.28      1.27    9.5%    多14/空85  停手:无可卖仓且买点不强
特变电工(600089)       20.27     20.40    2.4%   多101/空63  停手:价格低于均价，14:30前禁止买入
华工科技(000988)      149.40    150.16    5.3%   多149/空48  停手:价格低于均价，14:30前禁止买入
拓维信息(002261)       30.80     30.60    6.7%     多9/空40  停手:无可卖仓且买点不强
江丰电子(300666)      339.00    335.32   13.0%    多61/空75  停手:已达当日买入上限1次
14:25:55 [INFO] 🫀 扫描心跳 第446轮开始
14:26:22 [INFO] 🫀 扫描心跳 第447轮开始
14:26:49 [INFO] 🫀 扫描心跳 第448轮开始
14:27:18 [INFO] 🫀 扫描心跳 第449轮开始
14:27:30 [INFO] 
📊 护城河防御面板 第449轮
──────────────────────────────────────────────────────────────────────
科创半导体ETF华夏(588170)    1.28      1.27    9.5%    多14/空85  停手:无可卖仓且买点不强
特变电工(600089)       20.27     20.40    2.4%   多101/空63  停手:价格低于均价，14:30前禁止买入
华工科技(000988)      149.40    150.16    5.3%   多149/空48  停手:价格低于均价，14:30前禁止买入
拓维信息(002261)       30.80     30.60    6.7%     多9/空40  停手:无可卖仓且买点不强
江丰电子(300666)      339.00    335.32   13.0%    多61/空75  停手:已达当日买入上限1次
14:27:45 [INFO] 🫀 扫描心跳 第450轮开始
14:28:13 [INFO] 🫀 扫描心跳 第451轮开始
14:28:40 [INFO] 🫀 扫描心跳 第452轮开始
14:29:07 [INFO] 🫀 扫描心跳 第453轮开始
14:29:19 [INFO] 
📊 护城河防御面板 第453轮
──────────────────────────────────────────────────────────────────────
科创半导体ETF华夏(588170)    1.27      1.27    9.5%   多49/空110  停手:当日轮次已满
特变电工(600089)       20.21     20.40    2.4%   多104/空72  停手:价格低于均价，14:30前禁止买入
华工科技(000988)      148.83    150.13    5.3%   多116/空52  停手:价格低于均价，14:30前禁止买入
拓维信息(002261)       30.78     30.60    6.7%    多13/空54  停手:无可卖仓且买点不强
江丰电子(300666)      337.44    335.36   13.0%    多65/空79  停手:已达当日买入上限1次
14:29:34 [INFO] 🫀 扫描心跳 第454轮开始
14:30:02 [INFO] 🫀 扫描心跳 第455轮开始
14:30:29 [INFO] 🫀 扫描心跳 第456轮开始
14:30:59 [INFO] 🫀 扫描心跳 第457轮开始
14:31:12 [INFO] 
📊 护城河防御面板 第457轮
──────────────────────────────────────────────────────────────────────
科创半导体ETF华夏(588170)    1.28      1.27    9.5%    多53/空85  停手:当日轮次已满
特变电工(600089)       20.22     20.39    2.4%   多105/空57  停手:已达当日买入上限1次
华工科技(000988)      148.85    150.10    5.3%   多184/空60  停手:已达当日买入上限1次
拓维信息(002261)       30.75     30.61    6.7%    多44/空44  弱机会     
江丰电子(300666)      337.44    335.36   13.0%    多57/空59  停手:已达当日买入上限1次
14:31:27 [INFO] 🫀 扫描心跳 第458轮开始
14:31:54 [INFO] 🫀 扫描心跳 第459轮开始
14:32:23 [INFO] 🫀 扫描心跳 第460轮开始
14:32:49 [INFO] 🫀 扫描心跳 第461轮开始
14:33:01 [INFO] 
📊 护城河防御面板 第461轮
──────────────────────────────────────────────────────────────────────
科创半导体ETF华夏(588170)    1.28      1.27    9.5%    多53/空85  停手:当日轮次已满
特变电工(600089)       20.22     20.39    2.4%   多105/空57  停手:已达当日买入上限1次
华工科技(000988)      148.85    150.10    5.3%   多184/空60  停手:已达当日买入上限1次
拓维信息(002261)       30.75     30.61    6.7%    多44/空44  弱机会     
江丰电子(300666)      338.00    335.43   13.0%    多46/空40  停手:已达当日买入上限1次
14:33:16 [INFO] 🫀 扫描心跳 第462轮开始
14:33:42 [INFO] 🫀 扫描心跳 第463轮开始
14:34:09 [INFO] 🫀 扫描心跳 第464轮开始
14:34:36 [INFO] 🫀 扫描心跳 第465轮开始
14:34:48 [INFO] 
📊 护城河防御面板 第465轮
──────────────────────────────────────────────────────────────────────
科创半导体ETF华夏(588170)    1.27      1.27    9.5%    多51/空59  停手:当日轮次已满
特变电工(600089)       20.21     20.39    2.4%   多120/空57  停手:已达当日买入上限1次
华工科技(000988)      148.15    150.06    5.3%   多158/空79  停手:已达当日买入上限1次
拓维信息(002261)       30.68     30.61    6.7%    多52/空59  可T观察    
江丰电子(300666)      337.00    335.46   13.0%    多53/空29  停手:已达当日买入上限1次
14:35:03 [INFO] 🫀 扫描心跳 第466轮开始
14:35:30 [INFO] 🫀 扫描心跳 第467轮开始
14:35:58 [INFO] 🫀 扫描心跳 第468轮开始
14:36:24 [INFO] 🫀 扫描心跳 第469轮开始
14:36:36 [INFO] 
📊 护城河防御面板 第469轮
──────────────────────────────────────────────────────────────────────
科创半导体ETF华夏(588170)    1.27      1.27    9.5%    多51/空59  停手:当日轮次已满
特变电工(600089)       20.21     20.39    2.4%   多120/空57  停手:已达当日买入上限1次
华工科技(000988)      148.15    150.06    5.3%   多158/空79  停手:已达当日买入上限1次
拓维信息(002261)       30.68     30.61    6.7%    多52/空59  可T观察    
江丰电子(300666)      337.00    335.46   13.0%    多53/空29  停手:已达当日买入上限1次
14:36:51 [INFO] 🫀 扫描心跳 第470轮开始
14:37:18 [INFO] 🫀 扫描心跳 第471轮开始
14:37:46 [INFO] 🫀 扫描心跳 第472轮开始
14:38:13 [INFO] 🫀 扫描心跳 第473轮开始
14:38:25 [INFO] 
📊 护城河防御面板 第473轮
──────────────────────────────────────────────────────────────────────
科创半导体ETF华夏(588170)    1.28      1.27    9.5%    多34/空85  停手:无可卖仓且买点不强
特变电工(600089)       20.21     20.39    2.5%   多142/空53  停手:已达当日买入上限1次
华工科技(000988)      148.37    150.03    5.3%   多173/空60  停手:已达当日买入上限1次
拓维信息(002261)       30.51     30.61    6.7%    多62/空44  可T观察    
江丰电子(300666)      337.36    335.50   13.0%    多45/空58  停手:已达当日买入上限1次
14:38:40 [INFO] 🫀 扫描心跳 第474轮开始
14:39:07 [INFO] 🫀 扫描心跳 第475轮开始
14:39:35 [INFO] 🫀 扫描心跳 第476轮开始
14:40:03 [INFO] 🫀 扫描心跳 第477轮开始
14:40:15 [INFO] 
📊 护城河防御面板 第477轮
──────────────────────────────────────────────────────────────────────
科创半导体ETF华夏(588170)    1.28      1.27    9.5%    多34/空85  停手:无可卖仓且买点不强
特变电工(600089)       20.21     20.39    2.5%   多142/空53  停手:已达当日买入上限1次
华工科技(000988)      148.37    150.03    5.3%   多173/空60  停手:已达当日买入上限1次
拓维信息(002261)       30.51     30.61    6.7%    多62/空44  可T观察    
江丰电子(300666)      337.36    335.50   13.0%    多45/空58  停手:已达当日买入上限1次
14:40:30 [INFO] 🫀 扫描心跳 第478轮开始
14:40:58 [INFO] 🫀 扫描心跳 第479轮开始
14:41:25 [INFO] 🫀 扫描心跳 第480轮开始
14:41:52 [INFO] 🫀 扫描心跳 第481轮开始
14:42:03 [INFO] 
📊 护城河防御面板 第481轮
──────────────────────────────────────────────────────────────────────
科创半导体ETF华夏(588170)    1.27      1.27    9.5%    多32/空84  停手:无可卖仓且买点不强
特变电工(600089)       20.18     20.38    2.6%   多100/空72  停手:已达当日买入上限1次
华工科技(000988)      148.57    150.00    5.3%    多76/空55  停手:已达当日买入上限1次
拓维信息(002261)       30.69     30.61    6.7%    多20/空40  停手:无可卖仓且买点不强
江丰电子(300666)      336.28    335.53   13.0%    多45/空47  停手:已达当日买入上限1次
14:42:18 [INFO] 🫀 扫描心跳 第482轮开始
14:42:45 [INFO] 🫀 扫描心跳 第483轮开始
14:43:11 [INFO] 🫀 扫描心跳 第484轮开始
14:43:53 [INFO] 🫀 扫描心跳 第485轮开始
14:44:06 [INFO] 
📊 护城河防御面板 第485轮
──────────────────────────────────────────────────────────────────────
科创半导体ETF华夏(588170)    1.27      1.27    9.5%    多60/空59  停手:当日轮次已满
特变电工(600089)       20.17     20.38    2.7%   多117/空68  停手:已达当日买入上限1次
华工科技(000988)      148.11    149.97    5.3%   多117/空89  停手:已达当日买入上限1次
拓维信息(002261)       30.58     30.61    6.7%    多64/空44  可T观察    
江丰电子(300666)      336.28    335.53   13.0%    多45/空47  停手:已达当日买入上限1次
14:44:21 [INFO] 🫀 扫描心跳 第486轮开始
14:44:48 [INFO] 🫀 扫描心跳 第487轮开始
14:45:14 [INFO] 🫀 扫描心跳 第488轮开始
14:45:41 [INFO] 🫀 扫描心跳 第489轮开始
14:45:55 [INFO] 
📊 护城河防御面板 第489轮
──────────────────────────────────────────────────────────────────────
科创半导体ETF华夏(588170)    1.27      1.27    9.5%    多55/空59  停手:当日轮次已满
特变电工(600089)       20.17     20.38    2.7%   多117/空68  停手:已达当日买入上限1次
华工科技(000988)      148.11    149.97    5.3%   多117/空89  停手:已达当日买入上限1次
拓维信息(002261)       30.58     30.61    6.7%    多64/空44  可T观察    
江丰电子(300666)      335.09    335.52   13.0%    多45/空62  停手:已达当日买入上限1次
14:46:10 [INFO] 🫀 扫描心跳 第490轮开始
14:46:37 [INFO] 🫀 扫描心跳 第491轮开始
14:47:04 [INFO] 🫀 扫描心跳 第492轮开始
14:47:31 [INFO] 🫀 扫描心跳 第493轮开始
14:47:43 [INFO] 
📊 护城河防御面板 第493轮
──────────────────────────────────────────────────────────────────────
科创半导体ETF华夏(588170)    1.27      1.27    9.5%    多98/空14  停手:当日轮次已满
特变电工(600089)       20.14     20.37    2.8%   多111/空42  停手:已达当日买入上限1次
华工科技(000988)      148.20    149.92    5.3%   多132/空45  停手:已达当日买入上限1次
拓维信息(002261)       30.55     30.61    6.7%    多80/空29  强可T     
江丰电子(300666)      333.35    335.48   13.0%    多45/空47  停手:已达当日买入上限1次
14:47:58 [INFO] 🫀 扫描心跳 第494轮开始
14:48:25 [INFO] 🫀 扫描心跳 第495轮开始
14:48:53 [INFO] 🫀 扫描心跳 第496轮开始
14:49:20 [INFO] 🫀 扫描心跳 第497轮开始
14:49:32 [INFO] 
📊 护城河防御面板 第497轮
──────────────────────────────────────────────────────────────────────
科创半导体ETF华夏(588170)    1.27      1.27    9.5%    多98/空14  停手:当日轮次已满
特变电工(600089)       20.14     20.37    2.8%   多111/空42  停手:已达当日买入上限1次
华工科技(000988)      148.20    149.92    5.3%   多132/空45  停手:已达当日买入上限1次
拓维信息(002261)       30.55     30.61    6.7%    多80/空29  强可T     
江丰电子(300666)      333.35    335.48   13.0%    多45/空47  停手:已达当日买入上限1次
14:49:47 [INFO] 🫀 扫描心跳 第498轮开始
14:50:14 [INFO] 🫀 扫描心跳 第499轮开始
14:50:42 [INFO] 🫀 扫描心跳 第500轮开始
14:51:10 [INFO] 🫀 扫描心跳 第501轮开始
14:51:22 [INFO] 
📊 护城河防御面板 第501轮
──────────────────────────────────────────────────────────────────────
科创半导体ETF华夏(588170)    1.26      1.27    9.5%    多94/空-5  停手:当日轮次已满
特变电工(600089)       20.11     20.36    2.9%   多126/空57  停手:已达当日买入上限1次
华工科技(000988)      147.68    149.88    5.3%   多136/空64  停手:已达当日买入上限1次
拓维信息(002261)       30.49     30.60    6.7%    多80/空29  强可T     
江丰电子(300666)      334.32    335.42   13.0%    多45/空28  停手:已达当日买入上限1次
14:51:37 [INFO] 🫀 扫描心跳 第502轮开始
14:52:04 [INFO] 🫀 扫描心跳 第503轮开始
14:52:30 [INFO] 🫀 扫描心跳 第504轮开始
14:52:56 [INFO] 🫀 扫描心跳 第505轮开始
14:53:08 [INFO] 
📊 护城河防御面板 第505轮
──────────────────────────────────────────────────────────────────────
科创半导体ETF华夏(588170)    1.26      1.27    9.5%    多94/空-5  停手:当日轮次已满
特变电工(600089)       20.11     20.36    2.9%   多126/空57  停手:已达当日买入上限1次
华工科技(000988)      147.68    149.88    5.3%   多136/空64  停手:已达当日买入上限1次
拓维信息(002261)       30.49     30.60    6.7%    多80/空29  强可T     
江丰电子(300666)      334.32    335.42   13.0%    多45/空28  停手:已达当日买入上限1次
14:53:23 [INFO] 🫀 扫描心跳 第506轮开始
14:53:51 [INFO] 🫀 扫描心跳 第507轮开始
14:54:19 [INFO] 🫀 扫描心跳 第508轮开始
14:54:46 [INFO] 🫀 扫描心跳 第509轮开始
14:54:58 [INFO] 
📊 护城河防御面板 第509轮
──────────────────────────────────────────────────────────────────────
科创半导体ETF华夏(588170)    1.27      1.27    9.5%    多18/空10  停手:无可卖仓且买点不强
特变电工(600089)       20.07     20.36    3.1%    多74/空57  停手:已达当日买入上限1次
华工科技(000988)      147.89    149.84    5.3%   多104/空25  停手:已达当日买入上限1次
拓维信息(002261)       30.56     30.60    6.7%    多61/空18  可T观察    
江丰电子(300666)      334.09    335.39   13.0%    多11/空43  停手:无可卖仓且买点不强
14:55:13 [INFO] 
════════════════════ 【尾盘做T盈亏清算】 ════════════════════
💰 今日预估做T总净利润: 0.00 元

════════════════════ 【动作分类汇总】 ════════════════════
低吸 BUY_LOW=0次/0股 | 加仓 ADD_POS=0次/0股
高抛 SELL_HIGH=0次/0股 | 减仓 PANIC_SELL=0次/0股
════════════════════ 【ETF复盘小结】 ════════════════════
ETF 1票 | 有信号 1
科创半导体ETF华夏(588170) 0/0 | 1.27 | VWAP1.27 | +0.10%
════════════════════ 【普通股复盘小结】 ════════════════════
普通股 4票 | 有信号 4
特变电工(600089) 0/0 | 20.07 | VWAP20.36 | -1.41%
华工科技(000988) 0/0 | 147.89 | VWAP149.84 | -1.30%
拓维信息(002261) 0/0 | 30.56 | VWAP30.60 | -0.14%
江丰电子(300666) 0/0 | 334.09 | VWAP335.39 | -0.39%
════════════════════ 【误判因子排行】 ════════════════════
买点偏早: 暂无
卖点偏早: 暂无
漏买: 暂无
漏卖: 暂无
════════════════════ 【误判因子细分】 ════════════════════
买点偏早因子: 暂无
卖点偏早因子: 暂无
漏买因子: 暂无
漏卖因子: 暂无
════════════════════ 【四类动作误判因子】 ════════════════════
低吸 BUY_LOW 偏早: 暂无
低吸 BUY_LOW 未占优: 暂无
加仓 ADD_POS 偏早: 暂无
加仓 ADD_POS 未占优: 暂无
高抛 SELL_HIGH 偏早: 暂无
高抛 SELL_HIGH 未占优: 暂无
跳水 PANIC_SELL 偏早: 暂无
跳水 PANIC_SELL 未占优: 暂无
════════════════════ 【策略最高分复盘数据(喂给AI)】 ════════════════════
科创半导体ETF华夏(588170): 多=111 空=124 振=9.57% 偏=+0.10% 买=0/0 卖=0/0
特变电工(600089): 多=162 空=106 振=3.14% 偏=-1.41% 买=0/0 卖=0/0
华工科技(000988): 多=184 空=107 振=5.28% 偏=-1.30% 买=0/0 卖=0/0
拓维信息(002261): 多=97 空=121 振=6.76% 偏=-0.14% 买=0/0 卖=0/0
江丰电子(300666): 多=97 空=122 振=12.96% 偏=-0.39% 买=0/0 卖=0/0
════════════════════ 【复盘阅读顺序】 ════════════════════
1. sys日志 -> 2. data_quality -> 3. decision_trace
4. shadow_signals -> 5. signal_outcome -> 6. ai_review
════════════════════ 【信号结果追踪汇总】 ════════════════════
正确=0 | 买早=0 | 卖早=0 | 买验证中=0 | 卖验证中=0 | 待定=0
动作分布 BUY_LOW=0 | ADD_POS=0 | SELL_HIGH=0 | PANIC_SELL=0
5分钟胜率=0.0% (0/0) | 15分钟胜率=0.0% (0/0)
一眼摘要：最高频结果=correct(0) | 主要风险=无明显偏差(0) | 影子机会=0
════════════════════════════════════════════════════════════
14:55:13 [WARNING] ⚠️  尾盘复盘飞书推送失败: name 'overview_text' is not defined
14:55:13 [INFO] 🫀 扫描心跳 第510轮开始
14:55:40 [INFO] 🫀 扫描心跳 第511轮开始
14:56:07 [INFO] 🫀 扫描心跳 第512轮开始
14:56:34 [INFO] 🫀 扫描心跳 第513轮开始
14:56:47 [INFO] 
📊 护城河防御面板 第513轮
──────────────────────────────────────────────────────────────────────
科创半导体ETF华夏(588170)    1.27      1.27    9.5%    多18/空10  停手:无可卖仓且买点不强
特变电工(600089)       20.05     20.35    3.3%    多45/空63  停手:已达当日买入上限1次
华工科技(000988)      147.60    149.80    5.3%   多100/空74  停手:已达当日买入上限1次
拓维信息(002261)       30.81     30.61    6.7%      多8/空5  停手:无可卖仓且买点不强
江丰电子(300666)      334.09    335.39   13.0%    多11/空43  停手:无可卖仓且买点不强
14:57:02 [INFO] 🫀 扫描心跳 第514轮开始
14:57:29 [INFO] 🫀 扫描心跳 第515轮开始
14:57:56 [INFO] 🫀 扫描心跳 第516轮开始
14:58:22 [INFO] 🫀 扫描心跳 第517轮开始
14:58:34 [INFO] 
📊 护城河防御面板 第517轮
──────────────────────────────────────────────────────────────────────
科创半导体ETF华夏(588170)    1.27      1.27    9.5%    多18/空10  停手:无可卖仓且买点不强
特变电工(600089)       20.05     20.35    3.3%    多45/空63  停手:已达当日买入上限1次
华工科技(000988)      147.60    149.80    5.3%   多100/空74  停手:已达当日买入上限1次
拓维信息(002261)       30.81     30.61    6.7%      多8/空5  停手:无可卖仓且买点不强
江丰电子(300666)      333.86    335.35   13.0%    多39/空28  停手:已达当日买入上限1次
14:58:49 [INFO] 🫀 扫描心跳 第518轮开始
14:59:31 [INFO] 🫀 扫描心跳 第519轮开始
14:59:59 [INFO] 🫀 扫描心跳 第520轮开始
15:00:26 [INFO] ⏸ 非交易时段，进入低频保活
15:10:26 [INFO] ⏸ 非交易时段，进入低频保活
15:20:26 [INFO] ⏸ 非交易时段，进入低频保活
15:30:27 [INFO] ⏸ 非交易时段，进入低频保活
15:40:27 [INFO] ⏸ 非交易时段，进入低频保活
15:50:27 [INFO] ⏸ 非交易时段，进入低频保活
16:00:27 [INFO] ⏸ 非交易时段，进入低频保活
16:10:27 [INFO] ⏸ 非交易时段，进入低频保活
16:20:27 [INFO] ⏸ 非交易时段，进入低频保活
16:30:27 [INFO] ⏸ 非交易时段，进入低频保活
16:40:27 [INFO] ⏸ 非交易时段，进入低频保活
16:50:27 [INFO] ⏸ 非交易时段，进入低频保活
17:00:27 [INFO] ⏸ 非交易时段，进入低频保活
17:10:27 [INFO] ⏸ 非交易时段，进入低频保活
17:20:27 [INFO] ⏸ 非交易时段，进入低频保活
17:30:27 [INFO] ⏸ 非交易时段，进入低频保活
17:40:27 [INFO] ⏸ 非交易时段，进入低频保活
17:50:28 [INFO] ⏸ 非交易时段，进入低频保活
18:00:28 [INFO] ⏸ 非交易时段，进入低频保活
22:35:46 [INFO] ⏸ 非交易时段，进入低频保活
22:45:48 [INFO] ⏸ 非交易时段，进入低频保活
22:55:48 [INFO] ⏸ 非交易时段，进入低频保活
23:05:48 [INFO] ⏸ 非交易时段，进入低频保活
23:15:48 [INFO] ⏸ 非交易时段，进入低频保活
23:25:48 [INFO] ⏸ 非交易时段，进入低频保活
01:28:59 [INFO] ⏸ 非交易时段，进入低频保活
01:39:01 [INFO] ⏸ 非交易时段，进入低频保活
01:49:01 [INFO] ⏸ 非交易时段，进入低频保活
08:38:10 [INFO] ⏸ 非交易时段，进入低频保活
08:48:12 [INFO] ⏸ 非交易时段，进入低频保活
08:58:12 [INFO] ⏸ 非交易时段，进入低频保活
09:08:12 [INFO] ⏸ 非交易时段，进入低频保活
