09:00:34 [INFO] 早盘集合竞价结论：观察
市场评分：54.2 / 100 | 偏向：neutral | 风险：risk_on
竞价：强0 / 弱0 / 缺0 | 均分 10.0
策略结论：主做科泰电源(300153) | 观察中文在线(300364) | 关注暂无 | 回避华工科技(000988)
1. 主做：科泰电源(300153)
2. 观察：中文在线(300364)
3. 关注：暂无
4. 回避：华工科技(000988)
执行顺序：先1后2，再3，最后4
升级条件：若 9:35 后主题集中度继续抬升，且重点标的出现放量承接，再把观察升为主做。
开盘后跟踪：开盘后先看分化，优先等 5~15 分钟确认强弱，再决定是否进。
热门关注：安徽凤凰、纬达光电、万达轴承
09:00:35 [INFO] ✅ 集合竞价总览已推送飞书
09:00:36 [INFO] ✅ 集合竞价详细结果已推送飞书
09:00:37 [INFO] 🔔 已触发急促报警
09:00:37 [INFO] ========= 做T终极护城河防御版 (V1.26 正T/反T模式切换版) 启动 =========
09:00:37 [INFO] 飞书推送: ✓ 已启用
09:00:37 [INFO] 飞书关键词: 做T猎手预警
09:00:37 [INFO] 飞书Webhook: https://open.feishu.cn/open-apis/bot/v2/hook/e8018470-e...
09:00:37 [INFO] ══════════════════════════════════════════════════════════════════════
09:00:37 [INFO] 【2026-06-12 加仓策略执行指南】
09:00:37 [INFO]   1️⃣ 中国巨石 600176 — ❌ 不追 (已涨5.62%, 资金不足)
09:00:37 [INFO]   2️⃣ 科创50ETF 588000 — ⚡ 分批加仓 (先加¥15,000)
09:00:37 [INFO]      └─ 第一批: ¥15,000 (约8,200份)
09:00:37 [INFO]      └─ 第二批: ¥15,000 (等待盘中回落)
09:00:37 [INFO]   3️⃣ 中信银行 601998 — ✅ 按计划加 (¥15,000, 约1,900股)
09:00:37 [INFO]   4️⃣ 特变电工 600089 — ⚡ 加仓 (¥25,000, 约1,090股)
09:00:37 [INFO] ══════════════════════════════════════════════════════════════════════
09:00:37 [INFO] 🔊 系统高级报警音效已成功【全自动挂载】！准备执行听声辨位！
09:00:37 [INFO] 🧹 清理过期分钟线缓存 8 个
09:00:38 [INFO] ✅ 启动自检飞书消息已成功送达
09:00:40 [INFO] 🔔 已触发急促报警
09:00:40 [INFO] ⏱ 采用顺序轮询模式：每轮扫描结束后再等待 15 秒（V1.8 确认型收敛）
09:00:40 [INFO] ⏸ 非交易时段，进入低频保活
09:10:40 [INFO] ⏸ 非交易时段，进入低频保活
09:16:43 [INFO] 早盘集合竞价结论：回避
市场评分：39.2 / 100 | 偏向：neutral | 风险：neutral
竞价：强0 / 弱0 / 缺10 | 均分 0.0
策略结论：主做科泰电源(300153) | 观察中文在线(300364) | 关注暂无 | 回避华工科技(000988)
1. 主做：科泰电源(300153)
2. 观察：中文在线(300364)
3. 关注：暂无
4. 回避：华工科技(000988)
执行顺序：先1后2，再3，最后4
升级条件：若 9:35 后上涨家数回到高于下跌家数，且市场评分回到 55 上方，再把关注升为观察。
开盘后跟踪：开盘后只看核心标的承接，不追高，等量能和情绪同时转强再说。
热门关注：安徽凤凰、纬达光电、万达轴承
09:16:44 [INFO] ✅ 集合竞价监控已推送飞书
09:16:44 [INFO] 📡 盘前集合竞价监控已刷新
09:18:28 [INFO] 早盘集合竞价结论：回避
市场评分：39.2 / 100 | 偏向：neutral | 风险：neutral
竞价：强0 / 弱0 / 缺10 | 均分 0.0
策略结论：主做科泰电源(300153) | 观察中文在线(300364) | 关注暂无 | 回避华工科技(000988)
1. 主做：科泰电源(300153)
2. 观察：中文在线(300364)
3. 关注：暂无
4. 回避：华工科技(000988)
执行顺序：先1后2，再3，最后4
升级条件：若 9:35 后上涨家数回到高于下跌家数，且市场评分回到 55 上方，再把关注升为观察。
开盘后跟踪：开盘后只看核心标的承接，不追高，等量能和情绪同时转强再说。
热门关注：安徽凤凰、纬达光电、万达轴承
09:20:13 [INFO] 早盘集合竞价结论：回避
市场评分：39.2 / 100 | 偏向：neutral | 风险：neutral
竞价：强0 / 弱0 / 缺10 | 均分 0.0
策略结论：主做科泰电源(300153) | 观察中文在线(300364) | 关注暂无 | 回避华工科技(000988)
1. 主做：科泰电源(300153)
2. 观察：中文在线(300364)
3. 关注：暂无
4. 回避：华工科技(000988)
执行顺序：先1后2，再3，最后4
升级条件：若 9:35 后上涨家数回到高于下跌家数，且市场评分回到 55 上方，再把关注升为观察。
开盘后跟踪：开盘后只看核心标的承接，不追高，等量能和情绪同时转强再说。
热门关注：安徽凤凰、纬达光电、万达轴承
09:20:14 [INFO] ✅ 集合竞价监控已推送飞书
09:20:14 [INFO] 📡 盘前集合竞价监控已刷新
09:21:54 [INFO] 早盘集合竞价结论：回避
市场评分：39.2 / 100 | 偏向：neutral | 风险：neutral
竞价：强0 / 弱0 / 缺10 | 均分 0.0
策略结论：主做科泰电源(300153) | 观察中文在线(300364) | 关注暂无 | 回避华工科技(000988)
1. 主做：科泰电源(300153)
2. 观察：中文在线(300364)
3. 关注：暂无
4. 回避：华工科技(000988)
执行顺序：先1后2，再3，最后4
升级条件：若 9:35 后上涨家数回到高于下跌家数，且市场评分回到 55 上方，再把关注升为观察。
开盘后跟踪：开盘后只看核心标的承接，不追高，等量能和情绪同时转强再说。
热门关注：安徽凤凰、纬达光电、万达轴承
09:23:37 [INFO] 早盘集合竞价结论：回避
市场评分：39.2 / 100 | 偏向：neutral | 风险：neutral
竞价：强0 / 弱0 / 缺10 | 均分 0.0
策略结论：主做科泰电源(300153) | 观察中文在线(300364) | 关注暂无 | 回避华工科技(000988)
1. 主做：科泰电源(300153)
2. 观察：中文在线(300364)
3. 关注：暂无
4. 回避：华工科技(000988)
执行顺序：先1后2，再3，最后4
升级条件：若 9:35 后上涨家数回到高于下跌家数，且市场评分回到 55 上方，再把关注升为观察。
开盘后跟踪：开盘后只看核心标的承接，不追高，等量能和情绪同时转强再说。
热门关注：安徽凤凰、纬达光电、万达轴承
09:23:38 [INFO] ✅ 集合竞价监控已推送飞书
09:23:38 [INFO] 📡 盘前集合竞价监控已刷新
09:25:18 [INFO] 早盘集合竞价结论：回避
市场评分：27.9 / 100 | 偏向：risk_off | 风险：risk_off
竞价：强0 / 弱0 / 缺2 | 均分 -1.6
策略结论：主做科泰电源(300153) | 观察中文在线(300364) | 关注暂无 | 回避华工科技(000988)
1. 主做：科泰电源(300153)
2. 观察：中文在线(300364)
3. 关注：暂无
4. 回避：华工科技(000988)
执行顺序：先1后2，再3，最后4
升级条件：若 9:35 后上涨家数回到高于下跌家数，且市场评分回到 55 上方，再把关注升为观察。
开盘后跟踪：开盘后只看核心标的承接，不追高，等量能和情绪同时转强再说。
热门关注：安徽凤凰、纬达光电、万达轴承
09:25:19 [INFO] ✅ 集合竞价监控已推送飞书
09:30:04 [INFO] 🫀 扫描心跳 第1轮开始
09:30:11 [INFO] 
📊 护城河防御面板 第1轮
──────────────────────────────────────────────────────────────────────
科泰电源(300153)       21.03     21.03    0.0%      多0/空0  无波待涨    
中文在线(300364)       22.59     22.59    0.0%      多0/空0  无波待涨    
鼎龙股份(300054)       75.56     75.56    0.0%      多0/空0  无波待涨    
科创半导体ETF华夏(588170)    1.09      1.09    1.5%      多0/空0  无波待涨    
中国巨石(600176)       50.70     50.56    0.7%      多0/空0  无波待涨    
双良节能(600481)        4.10      4.11    0.7%      多0/空0  无波待涨    
五洲新春(603667)       58.02     58.02    0.0%      多0/空0  无波待涨    
华工科技(000988)      135.98    135.68    0.7%      多0/空0  无波待涨    
09:30:26 [INFO] 🫀 扫描心跳 第2轮开始
09:30:56 [INFO] 🫀 扫描心跳 第3轮开始
09:31:16 [INFO] 🫀 扫描心跳 第4轮开始
09:31:35 [INFO] 🫀 扫描心跳 第5轮开始
09:31:39 [INFO] 
📊 护城河防御面板 第5轮
──────────────────────────────────────────────────────────────────────
科泰电源(300153)       21.03     21.03    0.0%      多0/空0  无波待涨    
中文在线(300364)       22.59     22.59    0.0%      多0/空0  无波待涨    
鼎龙股份(300054)       75.56     75.56    0.0%      多0/空0  无波待涨    
科创半导体ETF华夏(588170)    1.09      1.09    1.5%      多0/空0  无波待涨    
中国巨石(600176)       50.70     50.56    0.7%      多0/空0  无波待涨    
双良节能(600481)        4.10      4.11    0.7%      多0/空0  无波待涨    
五洲新春(603667)       58.02     58.02    0.0%      多0/空0  无波待涨    
华工科技(000988)      135.98    135.68    0.7%      多0/空0  无波待涨    
09:31:54 [INFO] 🫀 扫描心跳 第6轮开始
09:32:13 [INFO] 🫀 扫描心跳 第7轮开始
09:32:32 [INFO] 🫀 扫描心跳 第8轮开始
09:32:52 [INFO] 🫀 扫描心跳 第9轮开始
09:32:56 [INFO] 
📊 护城河防御面板 第9轮
──────────────────────────────────────────────────────────────────────
科泰电源(300153)       21.03     21.03    0.0%      多0/空0  无波待涨    
中文在线(300364)       22.59     22.59    0.0%      多0/空0  无波待涨    
鼎龙股份(300054)       75.56     75.56    0.0%      多0/空0  无波待涨    
科创半导体ETF华夏(588170)    1.09      1.09    1.5%      多0/空0  无波待涨    
中国巨石(600176)       50.70     50.56    0.7%      多0/空0  无波待涨    
双良节能(600481)        4.10      4.11    0.7%      多0/空0  无波待涨    
五洲新春(603667)       58.02     58.02    0.0%      多0/空0  无波待涨    
华工科技(000988)      135.98    135.68    0.7%      多0/空0  无波待涨    
09:33:11 [INFO] 🫀 扫描心跳 第10轮开始
09:33:16 [INFO] 📉 300364 卖出信号得分53分，低于10:00前阈值75分，静默处理（不推送飞书）
09:33:19 [INFO] 📉 300054 卖出信号得分57分，低于10:00前阈值75分，静默处理（不推送飞书）
09:33:25 [INFO] 📉 600176 卖出信号得分50分，低于10:00前阈值75分，静默处理（不推送飞书）
09:33:49 [INFO] 🫀 扫描心跳 第11轮开始
09:34:03 [INFO] 📊 动态份数 600481: 状态=normal 信号强度56/阈值53, 建议交易500股/份 (17%)
09:34:03 [INFO] 📉 600481 卖出信号得分56分，低于10:00前阈值75分，静默处理（不推送飞书）
09:34:08 [INFO] 📊 动态份数 000988: 状态=normal 信号强度62/阈值50, 建议交易100股/份 (25%)
09:34:08 [INFO] 📉 000988 卖出信号得分62分，低于10:00前阈值75分，静默处理（不推送飞书）
09:34:23 [INFO] 🫀 扫描心跳 第12轮开始
09:34:59 [INFO] 🫀 扫描心跳 第13轮开始
09:35:18 [INFO] 
📊 护城河防御面板 第13轮
──────────────────────────────────────────────────────────────────────
科泰电源(300153)       21.04     21.03    0.2%   多-35/空50  无波待涨    
中文在线(300364)       22.56     22.68    2.1%     多5/空53  停手:价格低于均价，14:30前禁止买入
鼎龙股份(300054)       74.82     75.04    1.4%    多-9/空49  停手:价格低于均价，14:30前禁止买入
科创半导体ETF华夏(588170)    1.07      1.08    1.9%     多9/空55  停手:价格低于均价，14:30前禁止买入
中国巨石(600176)       49.33     49.54    2.5%     多0/空42  停手:价格低于均价，14:30前禁止买入
双良节能(600481)        4.15      4.16    1.5%     多3/空33  停手:价格低于均价，14:30前禁止买入
五洲新春(603667)       58.20     58.15    0.8%    多-7/空21  无波待涨    
华工科技(000988)      131.20    132.34    3.5%   多-11/空47  停手:价格低于均价，14:30前禁止买入
09:35:33 [INFO] 🫀 扫描心跳 第14轮开始
09:36:09 [INFO] 🫀 扫描心跳 第15轮开始
09:36:45 [INFO] 🫀 扫描心跳 第16轮开始
09:37:23 [INFO] 🫀 扫描心跳 第17轮开始
09:37:43 [INFO] 
📊 护城河防御面板 第17轮
──────────────────────────────────────────────────────────────────────
科泰电源(300153)       20.94     20.94    1.1%   多-25/空40  无波待涨    
中文在线(300364)       22.86     22.74    2.1%   多-15/空23  停手:买卖都不够强
鼎龙股份(300054)       74.73     74.74    2.1%   多-30/空22  停手:买卖都不够强
科创半导体ETF华夏(588170)    1.07      1.07    3.2%     多-7/空8  停手:买卖都不够强
中国巨石(600176)       49.01     49.29    3.0%   多-16/空34  停手:买卖都不够强
双良节能(600481)        4.15      4.15    1.5%   多-15/空30  无波待涨    
五洲新春(603667)       58.40     58.17    1.1%    多-15/空2  无波待涨    
华工科技(000988)      131.81    131.76    3.9%   多-34/空12  停手:买卖都不够强
09:37:58 [INFO] 🫀 扫描心跳 第18轮开始
09:38:35 [INFO] 🫀 扫描心跳 第19轮开始
09:39:09 [INFO] 🫀 扫描心跳 第20轮开始
09:39:45 [INFO] 🫀 扫描心跳 第21轮开始
09:40:05 [INFO] 
📊 护城河防御面板 第21轮
──────────────────────────────────────────────────────────────────────
科泰电源(300153)       20.94     20.94    1.1%   多-25/空50  无波待涨    
中文在线(300364)       22.86     22.74    2.1%   多-15/空23  停手:买卖都不够强
鼎龙股份(300054)       74.73     74.74    2.1%   多-30/空22  停手:买卖都不够强
科创半导体ETF华夏(588170)    1.07      1.07    3.2%    多-7/空28  停手:买卖都不够强
中国巨石(600176)       49.01     49.29    3.0%   多-16/空34  停手:买卖都不够强
双良节能(600481)        4.15      4.15    1.5%   多-15/空30  无波待涨    
五洲新春(603667)       58.40     58.17    1.1%    多-15/空2  无波待涨    
华工科技(000988)      131.81    131.76    3.9%   多-34/空27  停手:买卖都不够强
09:40:20 [INFO] 🫀 扫描心跳 第22轮开始
09:40:23 [INFO] 📉 300153 卖出信号得分72分，低于10:00前阈值75分，静默处理（不推送飞书）
09:40:32 [INFO] 📊 动态份数 588170: 状态=normal 信号强度91/阈值37, 建议交易2500股/份 (25%)
09:40:33 [INFO] ✅ 飞书消息已成功送达: 科创半导体ETF华夏(588170) SELL_HIGH - 加急通知已发送
09:40:34 [INFO] 🔔 已触发急促报警
09:41:01 [INFO] 🫀 扫描心跳 第23轮开始
09:41:37 [INFO] 🫀 扫描心跳 第24轮开始
09:42:13 [INFO] 🫀 扫描心跳 第25轮开始
09:42:37 [INFO] 
📊 护城河防御面板 第25轮
──────────────────────────────────────────────────────────────────────
科泰电源(300153)       21.03     21.00    1.3%   多-43/空72  无波待涨    
中文在线(300364)       22.63     22.73    2.1%    多-7/空24  停手:买卖都不够强
鼎龙股份(300054)       76.65     75.49    3.6%   多-60/空97  强可T     
科创半导体ETF华夏(588170)    1.10      1.08    3.7%  多-36/空106  强可T     
中国巨石(600176)       50.13     49.58    3.0%   多-50/空57  可T观察    
双良节能(600481)        4.10      4.13    2.0%    多-6/空34  停手:买卖都不够强
五洲新春(603667)       58.39     58.31    1.4%   多-20/空20  无波待涨    
华工科技(000988)      134.00    132.85    3.9%   多-48/空50  可T观察    
09:42:52 [INFO] 🫀 扫描心跳 第26轮开始
09:43:28 [INFO] 🫀 扫描心跳 第27轮开始
09:44:39 [INFO] 🫀 扫描心跳 第28轮开始
09:45:42 [INFO] 🫀 扫描心跳 第29轮开始
09:46:12 [INFO] 
📊 护城河防御面板 第29轮
──────────────────────────────────────────────────────────────────────
科泰电源(300153)       21.03     20.99    1.3%   多-43/空42  无波待涨    
中文在线(300364)       22.39     22.62    2.8%    多-1/空26  停手:买卖都不够强
鼎龙股份(300054)       76.63     75.76    3.7%  多-60/空148  强可T     
科创半导体ETF华夏(588170)    1.09      1.09    3.9%   多-36/空54  可T观察    
中国巨石(600176)       50.40     49.78    3.0%   多-48/空57  可T观察    
双良节能(600481)        4.10      4.12    2.2%    多48/空39  停手:价格低于均价，14:30前禁止买入
五洲新春(603667)       58.99     58.47    2.1%   多-18/空39  停手:买卖都不够强
华工科技(000988)      135.60    133.69    3.9%   多-48/空69  强可T     
09:46:27 [INFO] 🫀 扫描心跳 第30轮开始
09:47:06 [INFO] 🫀 扫描心跳 第31轮开始
09:47:27 [INFO] 📊 动态份数 603667: 状态=normal 信号强度90/阈值42, 建议交易100股/份 (25%)
09:47:28 [INFO] ✅ 飞书消息已成功送达: 五洲新春(603667) SELL_HIGH - 加急通知已发送
09:47:30 [INFO] 🔔 已触发急促报警
09:47:48 [INFO] 🫀 扫描心跳 第32轮开始
09:48:26 [INFO] 🫀 扫描心跳 第33轮开始
09:48:37 [INFO] 📊 动态份数 588170: 状态=normal 信号强度62/阈值38, 建议交易3200股/份 (32%)
09:48:37 [INFO] 📉 588170 卖出信号得分62分，低于10:00前阈值75分，静默处理（不推送飞书）
09:48:48 [INFO] 
📊 护城河防御面板 第33轮
──────────────────────────────────────────────────────────────────────
科泰电源(300153)       21.28     21.07    2.2%   多-43/空22  停手:买卖都不够强
中文在线(300364)       22.85     22.67    2.7%   多-18/空43  弱机会     
鼎龙股份(300054)       77.03     76.13    4.3%   多-60/空63  可T观察    
科创半导体ETF华夏(588170)    1.11      1.09    4.7%   多-33/空62  可T观察|SELL_HIGH
中国巨石(600176)       50.46     50.04    4.0%   多-50/空42  弱机会     
双良节能(600481)        4.11      4.12    2.2%    多24/空27  停手:买卖都不够强
五洲新春(603667)       59.28     58.69    2.6%   多-18/空90  强可T     
华工科技(000988)      134.50    133.94    3.9%   多-50/空60  可T观察    
09:49:03 [INFO] 🫀 扫描心跳 第34轮开始
09:49:39 [INFO] 🫀 扫描心跳 第35轮开始
09:50:15 [INFO] 🫀 扫描心跳 第36轮开始
09:50:56 [INFO] 🫀 扫描心跳 第37轮开始
09:51:18 [INFO] 
📊 护城河防御面板 第37轮
──────────────────────────────────────────────────────────────────────
科泰电源(300153)       21.30     21.12    2.5%   多-43/空56  可T观察    
中文在线(300364)       23.00     22.75    2.8%   多-18/空76  强可T     
鼎龙股份(300054)       76.21     76.21    4.3%   多-57/空84  强可T     
科创半导体ETF华夏(588170)    1.09      1.09    4.6%   多-33/空52  可T观察    
中国巨石(600176)       50.01     50.07    4.0%   多-37/空31  停手:买卖都不够强
双良节能(600481)        4.11      4.12    2.2%    多31/空35  停手:价格低于均价，14:30前禁止买入
五洲新春(603667)       59.02     58.81    2.9%   多-12/空12  停手:买卖都不够强
华工科技(000988)      134.55    134.12    3.9%   多-45/空60  可T观察    
09:51:33 [INFO] 🫀 扫描心跳 第38轮开始
09:52:10 [INFO] 🫀 扫描心跳 第39轮开始
09:52:46 [INFO] 🫀 扫描心跳 第40轮开始
09:53:22 [INFO] 🫀 扫描心跳 第41轮开始
09:53:46 [INFO] 
📊 护城河防御面板 第41轮
──────────────────────────────────────────────────────────────────────
科泰电源(300153)       21.30     21.15    2.5%   多-45/空71  强可T     
中文在线(300364)       23.05     22.81    3.0%   多-18/空72  强可T     
鼎龙股份(300054)       76.19     76.25    4.3%   多-54/空74  停手:价格低于均价，14:30前禁止买入
科创半导体ETF华夏(588170)    1.09      1.09    4.6%   多-12/空27  停手:买卖都不够强
中国巨石(600176)       49.68     50.00    4.0%   多-29/空31  停手:买卖都不够强
双良节能(600481)        4.11      4.12    2.2%    多12/空49  停手:价格低于均价，14:30前禁止买入
五洲新春(603667)       59.44     58.95    3.2%   多-20/空61  可T观察    
华工科技(000988)      134.73    134.22    3.9%   多-50/空26  停手:买卖都不够强
09:54:01 [INFO] 🫀 扫描心跳 第42轮开始
09:54:39 [INFO] 🫀 扫描心跳 第43轮开始
09:55:15 [INFO] 🫀 扫描心跳 第44轮开始
09:55:51 [INFO] 🫀 扫描心跳 第45轮开始
09:56:13 [INFO] 
📊 护城河防御面板 第45轮
──────────────────────────────────────────────────────────────────────
科泰电源(300153)       21.30     21.15    2.5%   多-45/空71  强可T     
中文在线(300364)       23.05     22.81    3.0%   多-18/空72  强可T     
鼎龙股份(300054)       76.19     76.25    4.3%   多-54/空74  停手:价格低于均价，14:30前禁止买入
科创半导体ETF华夏(588170)    1.09      1.09    4.6%   多-12/空39  停手:价格低于均价，14:30前禁止买入
中国巨石(600176)       49.68     50.00    4.0%   多-29/空31  停手:买卖都不够强
双良节能(600481)        4.11      4.12    2.2%    多12/空49  停手:价格低于均价，14:30前禁止买入
五洲新春(603667)       59.44     58.95    3.2%   多-20/空61  可T观察    
华工科技(000988)      134.73    134.22    3.9%   多-50/空49  可T观察    
09:56:28 [INFO] 🫀 扫描心跳 第46轮开始
09:56:41 [INFO] 📊 动态份数 588170: 状态=normal 信号强度56/阈值38, 建议交易4000股/份 (40%)
09:56:41 [INFO] 📉 588170 卖出信号得分56分，低于10:00前阈值75分，静默处理（不推送飞书）
09:57:08 [INFO] 🫀 扫描心跳 第47轮开始
09:57:44 [INFO] 🫀 扫描心跳 第48轮开始
09:58:20 [INFO] 🫀 扫描心跳 第49轮开始
09:58:41 [INFO] 
📊 护城河防御面板 第49轮
──────────────────────────────────────────────────────────────────────
科泰电源(300153)       21.53     21.20    3.4%   多-43/空15  停手:买卖都不够强
中文在线(300364)       23.23     22.90    4.1%  多-18/空133  强可T     
鼎龙股份(300054)       77.10     76.32    4.3%   多-42/空53  可T观察    
科创半导体ETF华夏(588170)    1.10      1.09    4.6%   多-10/空56  可T观察    
中国巨石(600176)       50.12     49.97    4.0%   多-30/空27  停手:买卖都不够强
双良节能(600481)        4.13      4.12    2.2%   多-18/空27  停手:买卖都不够强
五洲新春(603667)       59.94     59.15    3.8%   多-18/空38  停手:买卖都不够强
华工科技(000988)      136.11    134.39    4.1%   多-48/空33  停手:买卖都不够强
09:58:56 [INFO] 🫀 扫描心跳 第50轮开始
09:59:33 [INFO] 🫀 扫描心跳 第51轮开始
10:00:11 [INFO] 🫀 扫描心跳 第52轮开始
10:00:47 [INFO] 🫀 扫描心跳 第53轮开始
10:01:20 [INFO] 
📊 护城河防御面板 第53轮
──────────────────────────────────────────────────────────────────────
科泰电源(300153)       21.53     21.25    3.6%     多-2/空2  停手:买卖都不够强
中文在线(300364)       23.28     22.95    4.1%   多-22/空89  强可T     
鼎龙股份(300054)       77.95     76.56    5.6%   多-42/空40  停手:买卖都不够强
科创半导体ETF华夏(588170)    1.12      1.10    5.8%  多-17/空108  强可T     
中国巨石(600176)       50.40     50.05    4.0%   多-28/空57  可T观察    
双良节能(600481)        4.14      4.12    2.2%     多0/空90  强可T     
五洲新春(603667)       59.90     59.28    3.8%    多-2/空17  停手:买卖都不够强
华工科技(000988)      136.94    134.75    5.0%   多-30/空33  停手:买卖都不够强
10:01:35 [INFO] 🫀 扫描心跳 第54轮开始
10:02:16 [INFO] 🫀 扫描心跳 第55轮开始
10:02:51 [INFO] 🫀 扫描心跳 第56轮开始
10:03:29 [INFO] 🫀 扫描心跳 第57轮开始
10:03:34 [INFO] 📊 动态份数 300364: 状态=normal 信号强度205/阈值47, 建议交易100股/份 (33%)
10:03:35 [INFO] ✅ 飞书消息已成功送达: 中文在线(300364) PANIC_SELL - 加急通知已发送
10:03:37 [INFO] 🔔 已触发急促报警
10:03:52 [INFO] 
📊 护城河防御面板 第57轮
──────────────────────────────────────────────────────────────────────
科泰电源(300153)       21.55     21.29    3.6%     多-2/空2  停手:买卖都不够强
中文在线(300364)       23.30     23.00    4.2%  多-24/空205  强可T|PANIC_SELL
鼎龙股份(300054)       77.62     76.70    5.6%   多-44/空39  停手:高位但无明确优势
科创半导体ETF华夏(588170)    1.10      1.10    5.8%    多-1/空45  可T观察    
中国巨石(600176)       50.12     50.09    4.0%   多-30/空71  强可T     
双良节能(600481)        4.14      4.12    2.2%     多5/空60  可T观察    
五洲新春(603667)       60.13     59.41    4.1%    多17/空17  停手:买卖都不够强
华工科技(000988)      136.75    135.09    5.0%   多-32/空12  停手:买卖都不够强
10:04:07 [INFO] 🫀 扫描心跳 第58轮开始
10:04:53 [INFO] 🫀 扫描心跳 第59轮开始
10:05:03 [INFO] 📊 动态份数 588170: 状态=normal 信号强度45/阈值38, 建议交易2400股/份 (24%)
10:05:03 [INFO] 📉 588170 卖出信号得分45分，低于10:00后阈值65分，静默处理（不推送飞书）
10:05:28 [INFO] 🫀 扫描心跳 第60轮开始
10:06:06 [INFO] 🫀 扫描心跳 第61轮开始
10:06:16 [INFO] ✅ 飞书消息已成功送达: 鼎龙股份(300054) PANIC_SELL - 加急通知已发送
10:06:18 [INFO] 🔔 已触发急促报警
10:06:33 [INFO] 
📊 护城河防御面板 第61轮
──────────────────────────────────────────────────────────────────────
科泰电源(300153)       21.63     21.34    3.8%     多-2/空2  停手:买卖都不够强
中文在线(300364)       23.30     23.07    4.5%  多-24/空133  停手:无可卖仓且买点不强
鼎龙股份(300054)       77.25     76.76    5.6%   多-44/空84  强可T|PANIC_SELL
科创半导体ETF华夏(588170)    1.10      1.10    5.8%    多33/空39  停手:当日轮次已满
中国巨石(600176)       50.28     50.11    4.0%   多-28/空52  可T观察    
双良节能(600481)        4.13      4.12    2.2%     多6/空79  强可T     
五洲新春(603667)       60.20     59.53    4.2%    多-2/空17  停手:买卖都不够强
华工科技(000988)      136.56    135.28    5.0%   多-17/空12  停手:买卖都不够强
10:06:48 [INFO] 🫀 扫描心跳 第62轮开始
10:07:46 [INFO] 🫀 扫描心跳 第63轮开始
10:08:55 [INFO] 🫀 扫描心跳 第64轮开始
10:09:36 [INFO] 🫀 扫描心跳 第65轮开始
10:10:00 [INFO] 
📊 护城河防御面板 第65轮
──────────────────────────────────────────────────────────────────────
科泰电源(300153)       21.67     21.37    4.0%     多-2/空2  停手:买卖都不够强
中文在线(300364)       23.38     23.10    4.5%    多-2/空86  停手:无可卖仓且买点不强
鼎龙股份(300054)       77.80     76.85    5.6%   多-25/空19  停手:无可卖仓且买点不强
科创半导体ETF华夏(588170)    1.11      1.10    5.8%     多5/空60  停手:当日轮次已满
中国巨石(600176)       50.68     50.16    4.0%   多-30/空12  停手:买卖都不够强
双良节能(600481)        4.15      4.13    2.2%     多0/空65  强可T     
五洲新春(603667)       60.22     59.61    4.2%    多-2/空17  停手:买卖都不够强
华工科技(000988)      136.83    135.38    5.0%   多-10/空74  强可T     
10:10:15 [INFO] 🫀 扫描心跳 第66轮开始
10:10:51 [INFO] 🫀 扫描心跳 第67轮开始
10:11:27 [INFO] 🫀 扫描心跳 第68轮开始
10:12:03 [INFO] 🫀 扫描心跳 第69轮开始
10:12:26 [INFO] 
📊 护城河防御面板 第69轮
──────────────────────────────────────────────────────────────────────
科泰电源(300153)       21.67     21.37    4.0%     多-2/空2  停手:买卖都不够强
中文在线(300364)       23.38     23.10    4.5%    多-2/空86  停手:无可卖仓且买点不强
鼎龙股份(300054)       77.80     76.85    5.6%   多-25/空19  停手:无可卖仓且买点不强
科创半导体ETF华夏(588170)    1.11      1.10    5.8%     多5/空60  停手:当日轮次已满
中国巨石(600176)       50.68     50.16    4.0%   多-30/空12  停手:买卖都不够强
双良节能(600481)        4.15      4.13    2.2%     多0/空65  强可T     
五洲新春(603667)       60.22     59.61    4.2%    多-2/空17  停手:买卖都不够强
华工科技(000988)      136.83    135.38    5.0%   多-10/空74  强可T     
10:12:41 [INFO] 🫀 扫描心跳 第70轮开始
10:13:19 [INFO] 🫀 扫描心跳 第71轮开始
10:13:29 [INFO] 📊 动态份数 588170: 状态=normal 信号强度64/阈值38, 建议交易4000股/份 (40%)
10:13:29 [INFO] 📉 588170 卖出信号得分64分，低于10:00后阈值65分，静默处理（不推送飞书）
10:13:55 [INFO] 🫀 扫描心跳 第72轮开始
10:14:31 [INFO] 🫀 扫描心跳 第73轮开始
10:14:52 [INFO] 
📊 护城河防御面板 第73轮
──────────────────────────────────────────────────────────────────────
科泰电源(300153)       21.63     21.40    4.2%     多-2/空2  停手:买卖都不够强
中文在线(300364)       23.26     23.12    4.5%   多-24/空52  停手:无可卖仓且买点不强
鼎龙股份(300054)       77.81     76.94    5.6%   多-44/空73  停手:无可卖仓且买点不强
科创半导体ETF华夏(588170)    1.11      1.10    5.8%   多-11/空64  停手:无可卖仓且买点不强
中国巨石(600176)       50.58     50.21    4.0%   多-35/空12  停手:买卖都不够强
双良节能(600481)        4.14      4.13    2.2%    多-2/空79  强可T     
五洲新春(603667)       59.85     59.66    4.2%    多13/空32  停手:买卖都不够强
华工科技(000988)      137.03    135.54    5.0%   多-16/空74  强可T     
10:15:07 [INFO] 🫀 扫描心跳 第74轮开始
10:15:43 [INFO] 🫀 扫描心跳 第75轮开始
10:16:03 [WARNING] ⚠️  300364 分钟线获取失败[network_ssl]: SSL握手失败: <urlopen error [SSL: UNEXPECTED_EOF_WHILE_READING] EOF occurred in violation of 
10:16:03 [WARNING] ⚠️  中文在线(300364) 分钟线为空 [SSL失败:SSL握手失败: <urlopen ]
10:16:40 [INFO] 🫀 扫描心跳 第76轮开始
10:17:30 [INFO] 🫀 扫描心跳 第77轮开始
10:17:50 [INFO] 
📊 护城河防御面板 第77轮
──────────────────────────────────────────────────────────────────────
科泰电源(300153)       21.59     21.42    4.2%     多13/空2  停手:买卖都不够强
中文在线(300364)       23.19     23.13    4.5%  多-11/空113  停手:无可卖仓且买点不强
鼎龙股份(300054)       77.75     77.01    5.6%   多-22/空39  停手:无可卖仓且买点不强
科创半导体ETF华夏(588170)    1.12      1.10    5.9%   多-17/空91  停手:无可卖仓且买点不强
中国巨石(600176)       51.45     50.32    5.0%  多-30/空-12  停手:买卖都不够强
双良节能(600481)        4.14      4.13    2.2%     多3/空69  强可T     
五洲新春(603667)       59.90     59.68    4.2%    多19/空25  停手:买卖都不够强
华工科技(000988)      138.51    135.78    6.0%   多-30/空33  停手:买卖都不够强
10:18:05 [INFO] 🫀 扫描心跳 第78轮开始
10:18:42 [INFO] 🫀 扫描心跳 第79轮开始
10:19:18 [INFO] 🫀 扫描心跳 第80轮开始
10:19:36 [INFO] 📊 动态份数 600481: 状态=normal 信号强度134/阈值80, 建议交易1700股/份 (59%)
10:19:37 [INFO] ✅ 飞书消息已成功送达: 双良节能(600481) PANIC_SELL - 加急通知已发送
10:19:39 [INFO] 🔔 已触发急促报警
10:20:01 [INFO] 🫀 扫描心跳 第81轮开始
10:20:23 [INFO] 
📊 护城河防御面板 第81轮
──────────────────────────────────────────────────────────────────────
科泰电源(300153)       21.60     21.44    4.2%     多-2/空2  停手:买卖都不够强
中文在线(300364)       23.25     23.14    4.5%    多-2/空82  停手:无可卖仓且买点不强
鼎龙股份(300054)       77.86     77.09    5.6%   多-44/空73  停手:无可卖仓且买点不强
科创半导体ETF华夏(588170)    1.12      1.11    6.4%  多-17/空133  停手:无可卖仓且买点不强
中国巨石(600176)       51.57     50.43    5.6%   多-30/空12  停手:买卖都不够强
双良节能(600481)        4.16      4.13    2.2%    多0/空134  停手:无可卖仓且买点不强
五洲新春(603667)       59.70     59.70    4.2%     多4/空36  弱机会     
华工科技(000988)      139.70    136.11    7.0%   多-30/空33  停手:买卖都不够强
10:20:38 [INFO] 🫀 扫描心跳 第82轮开始
10:21:13 [INFO] 🫀 扫描心跳 第83轮开始
10:21:50 [INFO] 🫀 扫描心跳 第84轮开始
10:22:26 [INFO] 🫀 扫描心跳 第85轮开始
10:22:49 [INFO] 📊 动态份数 000988: 状态=normal 信号强度88/阈值80, 建议交易100股/份 (25%)
10:22:50 [INFO] ✅ 飞书消息已成功送达: 华工科技(000988) PANIC_SELL - 加急通知已发送
10:22:51 [INFO] 🔔 已触发急促报警
10:22:51 [INFO] 
📊 护城河防御面板 第85轮
──────────────────────────────────────────────────────────────────────
科泰电源(300153)       21.65     21.46    4.2%     多17/空2  停手:买卖都不够强
中文在线(300364)       23.25     23.14    4.5%    多-2/空82  停手:无可卖仓且买点不强
鼎龙股份(300054)       77.89     77.14    5.6%   多-22/空93  停手:无可卖仓且买点不强
科创半导体ETF华夏(588170)    1.12      1.11    6.4%   多-19/空74  停手:无可卖仓且买点不强
中国巨石(600176)       51.33     50.50    5.6%   多-27/空12  停手:买卖都不够强
双良节能(600481)        4.15      4.13    2.2%    多-2/空46  停手:无可卖仓且买点不强
五洲新春(603667)       59.70     59.69    4.2%    多14/空36  弱机会     
华工科技(000988)      139.64    136.34    7.0%   多-30/空88  强可T|PANIC_SELL
10:23:06 [INFO] 🫀 扫描心跳 第86轮开始
10:23:43 [INFO] 🫀 扫描心跳 第87轮开始
10:24:19 [INFO] 🫀 扫描心跳 第88轮开始
10:24:53 [INFO] 🫀 扫描心跳 第89轮开始
10:25:13 [INFO] 
📊 护城河防御面板 第89轮
──────────────────────────────────────────────────────────────────────
科泰电源(300153)       21.65     21.46    4.2%     多17/空2  停手:买卖都不够强
中文在线(300364)       23.47     23.17    4.8%   多-16/空69  停手:无可卖仓且买点不强
鼎龙股份(300054)       77.89     77.14    5.6%   多-22/空93  停手:无可卖仓且买点不强
科创半导体ETF华夏(588170)    1.12      1.11    6.4%   多-19/空74  停手:无可卖仓且买点不强
中国巨石(600176)       51.33     50.50    5.6%   多-27/空12  停手:买卖都不够强
双良节能(600481)        4.15      4.13    2.2%    多-2/空46  停手:无可卖仓且买点不强
五洲新春(603667)       59.70     59.69    4.2%    多14/空36  弱机会     
华工科技(000988)      139.64    136.34    7.0%   多-30/空88  停手:无可卖仓且买点不强
10:25:28 [INFO] 🫀 扫描心跳 第90轮开始
10:26:07 [INFO] 🫀 扫描心跳 第91轮开始
10:26:45 [INFO] 🫀 扫描心跳 第92轮开始
10:27:22 [INFO] 🫀 扫描心跳 第93轮开始
10:27:43 [INFO] 
📊 护城河防御面板 第93轮
──────────────────────────────────────────────────────────────────────
科泰电源(300153)       21.57     21.46    4.2%    多14/空59  可T观察    
中文在线(300364)       23.48     23.19    4.8%   多-16/空69  停手:无可卖仓且买点不强
鼎龙股份(300054)       77.10     77.14    5.6%   多-16/空73  停手:无可卖仓且买点不强
科创半导体ETF华夏(588170)    1.11      1.11    6.4%     多4/空57  停手:无可卖仓且买点不强
中国巨石(600176)       51.03     50.54    5.6%   多-17/空72  强可T     
双良节能(600481)        4.17      4.14    2.2%     多0/空73  停手:无可卖仓且买点不强
五洲新春(603667)       59.65     59.69    4.2%     多48/空6  停手:价格低于均价，14:30前禁止买入
华工科技(000988)      137.78    136.48    7.0%    多-9/空57  停手:无可卖仓且买点不强
10:27:58 [INFO] 🫀 扫描心跳 第94轮开始
10:28:35 [INFO] 🫀 扫描心跳 第95轮开始
10:29:13 [INFO] 🫀 扫描心跳 第96轮开始
10:29:50 [INFO] 🫀 扫描心跳 第97轮开始
10:30:12 [INFO] 
📊 护城河防御面板 第97轮
──────────────────────────────────────────────────────────────────────
科泰电源(300153)       21.63     21.48    4.2%     多17/空1  停手:买卖都不够强
中文在线(300364)       23.68     23.23    5.7%    多-4/空69  停手:无可卖仓且买点不强
鼎龙股份(300054)       76.96     77.10    5.6%    多24/空54  停手:无可卖仓且买点不强
科创半导体ETF华夏(588170)    1.11      1.11    6.4%    多29/空27  停手:当日轮次已满
中国巨石(600176)       50.98     50.57    5.6%     多3/空12  停手:买卖都不够强
双良节能(600481)        4.17      4.14    2.2%   多-2/空136  停手:无可卖仓且买点不强
五洲新春(603667)       59.76     59.69    4.2%    多17/空17  停手:买卖都不够强
华工科技(000988)      137.56    136.54    7.0%    多-9/空46  停手:无可卖仓且买点不强
10:30:27 [INFO] 🫀 扫描心跳 第98轮开始
10:31:07 [INFO] 🫀 扫描心跳 第99轮开始
10:31:58 [INFO] 🫀 扫描心跳 第100轮开始
10:32:37 [INFO] 🫀 扫描心跳 第101轮开始
10:32:58 [INFO] 
📊 护城河防御面板 第101轮
──────────────────────────────────────────────────────────────────────
科泰电源(300153)       21.51     21.48    4.2%     多9/空59  可T观察    
中文在线(300364)       23.49     23.25    5.6%    多13/空17  停手:无可卖仓且买点不强
鼎龙股份(300054)       75.82     77.03    5.6%    多56/空46  停手:价格低于均价，14:30前禁止买入
科创半导体ETF华夏(588170)    1.09      1.11    6.4%    多76/空47  停手:当日轮次已满
中国巨石(600176)       50.45     50.58    5.6%    多17/空28  停手:买卖都不够强
双良节能(600481)        4.16      4.14    2.2%  多-19/空143  停手:无可卖仓且买点不强
五洲新春(603667)       59.77     59.70    4.2%    多17/空47  可T观察    
华工科技(000988)      136.32    136.57    7.0%     多4/空31  停手:无可卖仓且买点不强
10:33:13 [INFO] 🫀 扫描心跳 第102轮开始
10:33:51 [INFO] 🫀 扫描心跳 第103轮开始
10:34:43 [INFO] 🫀 扫描心跳 第104轮开始
10:35:22 [INFO] 🫀 扫描心跳 第105轮开始
10:35:49 [INFO] 
📊 护城河防御面板 第105轮
──────────────────────────────────────────────────────────────────────
科泰电源(300153)       21.58     21.49    4.2%    多17/空36  停手:高位但无明确优势
中文在线(300364)       23.49     23.25    5.6%    多13/空17  停手:无可卖仓且买点不强
鼎龙股份(300054)       75.72     76.94    5.6%    多74/空46  停手:价格低于均价，14:30前禁止买入
科创半导体ETF华夏(588170)    1.09      1.11    6.4%    多76/空47  停手:当日轮次已满
中国巨石(600176)       50.24     50.56    5.6%    多17/空51  停手:价格低于均价，14:30前禁止买入
双良节能(600481)        4.17      4.14    2.2%   多-5/空148  停手:无可卖仓且买点不强
五洲新春(603667)       59.70     59.71    4.2%     多33/空6  停手:价格低于均价，14:30前禁止买入
华工科技(000988)      136.00    136.56    7.0%     多4/空46  停手:无可卖仓且买点不强
10:36:04 [INFO] 🫀 扫描心跳 第106轮开始
10:37:05 [INFO] 🫀 扫描心跳 第107轮开始
10:37:57 [INFO] 🫀 扫描心跳 第108轮开始
10:38:33 [INFO] 🫀 扫描心跳 第109轮开始
10:38:57 [INFO] 
📊 护城河防御面板 第109轮
──────────────────────────────────────────────────────────────────────
科泰电源(300153)       21.50     21.49    4.2%     多4/空59  可T观察    
中文在线(300364)       23.46     23.28    5.6%    多-2/空17  停手:无可卖仓且买点不强
鼎龙股份(300054)       75.55     76.87    5.6%    多53/空46  停手:价格低于均价，14:30前禁止买入
科创半导体ETF华夏(588170)    1.09      1.10    6.4%    多80/空47  停手:当日轮次已满
中国巨石(600176)       50.00     50.53    5.6%    多66/空51  停手:价格低于均价，14:30前禁止买入
双良节能(600481)        4.15      4.15    2.2%   多-13/空78  停手:无可卖仓且买点不强
五洲新春(603667)       59.53     59.70    4.2%     多54/空6  停手:价格低于均价，14:30前禁止买入
华工科技(000988)      135.01    136.48    7.0%    多22/空46  停手:无可卖仓且买点不强
10:39:12 [INFO] 🫀 扫描心跳 第110轮开始
10:39:48 [INFO] 🫀 扫描心跳 第111轮开始
10:40:26 [INFO] 🫀 扫描心跳 第112轮开始
10:40:29 [INFO] 📉 300153 卖出信号得分59分，低于10:00后阈值65分，静默处理（不推送飞书）
10:41:07 [INFO] 🫀 扫描心跳 第113轮开始
10:41:35 [INFO] 
📊 护城河防御面板 第113轮
──────────────────────────────────────────────────────────────────────
科泰电源(300153)       21.50     21.49    4.2%     多4/空51  停手:无可卖仓且买点不强
中文在线(300364)       23.38     23.29    5.6%    多-2/空66  停手:无可卖仓且买点不强
鼎龙股份(300054)       75.55     76.87    5.6%    多53/空46  停手:价格低于均价，14:30前禁止买入
科创半导体ETF华夏(588170)    1.09      1.10    6.4%    多80/空47  停手:当日轮次已满
中国巨石(600176)       50.00     50.53    5.6%    多66/空51  停手:价格低于均价，14:30前禁止买入
双良节能(600481)        4.15      4.15    2.2%   多-13/空78  停手:无可卖仓且买点不强
五洲新春(603667)       59.53     59.70    4.2%     多54/空6  停手:价格低于均价，14:30前禁止买入
华工科技(000988)      135.01    136.48    7.0%    多22/空46  停手:无可卖仓且买点不强
10:41:50 [INFO] 🫀 扫描心跳 第114轮开始
10:42:30 [INFO] 🫀 扫描心跳 第115轮开始
10:43:24 [INFO] 🫀 扫描心跳 第116轮开始
10:44:03 [INFO] 🫀 扫描心跳 第117轮开始
10:44:26 [INFO] 
📊 护城河防御面板 第117轮
──────────────────────────────────────────────────────────────────────
科泰电源(300153)       21.46     21.48    4.2%    多61/空44  停手:价格低于均价，14:30前禁止买入
中文在线(300364)       23.55     23.31    5.6%    多17/空17  停手:无可卖仓且买点不强
鼎龙股份(300054)       75.64     76.78    5.6%    多41/空27  停手:价格低于均价，14:30前禁止买入
科创半导体ETF华夏(588170)    1.09      1.10    6.4%    多53/空28  停手:当日轮次已满
中国巨石(600176)       50.04     50.49    5.6%    多74/空32  停手:价格低于均价，14:30前禁止买入
双良节能(600481)        4.16      4.15    2.2%   多-2/空124  停手:无可卖仓且买点不强
五洲新春(603667)       59.52     59.68    4.2%   多55/空-13  停手:价格低于均价，14:30前禁止买入
华工科技(000988)      135.06    136.33    7.0%    多31/空35  停手:价格低于均价，14:30前禁止买入
10:44:41 [INFO] 🫀 扫描心跳 第118轮开始
10:45:22 [INFO] 🫀 扫描心跳 第119轮开始
10:46:01 [INFO] 🫀 扫描心跳 第120轮开始
10:46:38 [INFO] 🫀 扫描心跳 第121轮开始
10:47:02 [INFO] 
📊 护城河防御面板 第121轮
──────────────────────────────────────────────────────────────────────
科泰电源(300153)       21.60     21.49    4.2%   多-9/空-38  停手:无可卖仓且买点不强
中文在线(300364)       23.63     23.34    6.0%   多-11/空17  停手:无可卖仓且买点不强
鼎龙股份(300054)       77.01     76.76    5.6%   多-45/空75  停手:无可卖仓且买点不强
科创半导体ETF华夏(588170)    1.11      1.10    6.4%   多-20/空35  停手:无可卖仓且买点不强
中国巨石(600176)       50.58     50.49    5.6%   多-32/空32  停手:买卖都不够强
双良节能(600481)        4.17      4.15    2.2%   多-7/空148  停手:无可卖仓且买点不强
五洲新春(603667)       59.90     59.68    4.2%    多-9/空-7  停手:买卖都不够强
华工科技(000988)      136.00    136.31    7.0%   多-30/空27  停手:无可卖仓且买点不强
10:47:17 [INFO] 🫀 扫描心跳 第122轮开始
10:47:54 [INFO] 🫀 扫描心跳 第123轮开始
10:48:32 [INFO] 🫀 扫描心跳 第124轮开始
10:49:40 [INFO] 🫀 扫描心跳 第125轮开始
10:50:03 [INFO] 
📊 护城河防御面板 第125轮
──────────────────────────────────────────────────────────────────────
科泰电源(300153)       21.63     21.49    4.2%    多-9/空74  停手:无可卖仓且买点不强
中文在线(300364)       23.54     23.35    6.0%     多4/空17  停手:无可卖仓且买点不强
鼎龙股份(300054)       77.30     76.77    5.6%   多-45/空12  停手:无可卖仓且买点不强
科创半导体ETF华夏(588170)    1.10      1.10    6.4%   多-14/空20  停手:无可卖仓且买点不强
中国巨石(600176)       50.59     50.48    5.6%   多-30/空47  可T观察    
双良节能(600481)        4.17      4.15    2.2%  多-25/空133  停手:无可卖仓且买点不强
五洲新春(603667)       59.90     59.70    4.2%    多-9/空51  可T观察    
华工科技(000988)      136.54    136.32    7.0%   多-45/空42  停手:无可卖仓且买点不强
10:50:18 [INFO] 🫀 扫描心跳 第126轮开始
10:50:56 [INFO] 🫀 扫描心跳 第127轮开始
10:51:34 [INFO] 🫀 扫描心跳 第128轮开始
10:52:11 [INFO] 🫀 扫描心跳 第129轮开始
10:52:33 [INFO] 
📊 护城河防御面板 第129轮
──────────────────────────────────────────────────────────────────────
科泰电源(300153)       21.66     21.50    4.2%   多-15/空63  停手:无可卖仓且买点不强
中文在线(300364)       23.54     23.35    6.0%     多4/空17  停手:无可卖仓且买点不强
鼎龙股份(300054)       77.54     76.81    5.6%   多-45/空12  停手:无可卖仓且买点不强
科创半导体ETF华夏(588170)    1.11      1.10    6.4%   多-14/空18  停手:无可卖仓且买点不强
中国巨石(600176)       50.46     50.47    5.6%    多-1/空17  停手:买卖都不够强
双良节能(600481)        4.16      4.15    2.2%  多-27/空138  停手:无可卖仓且买点不强
五洲新春(603667)       59.84     59.71    4.2%     多4/空24  停手:买卖都不够强
华工科技(000988)      136.62    136.35    7.0%   多-45/空52  停手:无可卖仓且买点不强
10:52:48 [INFO] 🫀 扫描心跳 第130轮开始
10:53:24 [INFO] 🫀 扫描心跳 第131轮开始
10:54:00 [INFO] 🫀 扫描心跳 第132轮开始
10:54:36 [INFO] 🫀 扫描心跳 第133轮开始
10:55:43 [INFO] 
📊 护城河防御面板 第133轮
──────────────────────────────────────────────────────────────────────
科泰电源(300153)       21.67     21.51    4.2%   多-15/空36  停手:无可卖仓且买点不强
中文在线(300364)       23.59     23.36    6.0%   多-11/空17  停手:无可卖仓且买点不强
鼎龙股份(300054)       77.04     76.84    5.6%   多-47/空52  停手:无可卖仓且买点不强
科创半导体ETF华夏(588170)    1.10      1.10    6.4%    多28/空42  停手:当日轮次已满
中国巨石(600176)       50.05     50.45    5.6%     多9/空36  停手:价格低于均价，14:30前禁止买入
双良节能(600481)        4.16      4.15    2.2%  多-27/空128  停手:无可卖仓且买点不强
五洲新春(603667)       59.67     59.71    4.2%    多38/空-1  停手:价格低于均价，14:30前禁止买入
华工科技(000988)      136.18    136.34    7.0%   多-29/空41  停手:无可卖仓且买点不强
10:55:58 [INFO] 🫀 扫描心跳 第134轮开始
10:56:37 [INFO] 🫀 扫描心跳 第135轮开始
10:57:14 [INFO] 🫀 扫描心跳 第136轮开始
10:57:51 [INFO] 🫀 扫描心跳 第137轮开始
10:58:14 [INFO] 
📊 护城河防御面板 第137轮
──────────────────────────────────────────────────────────────────────
科泰电源(300153)       21.61     21.51    4.2%  多-11/空115  停手:无可卖仓且买点不强
中文在线(300364)       23.61     23.38    6.0%     多9/空17  停手:无可卖仓且买点不强
鼎龙股份(300054)       77.04     76.84    5.6%   多-47/空52  停手:无可卖仓且买点不强
科创半导体ETF华夏(588170)    1.10      1.10    6.4%    多28/空42  停手:当日轮次已满
中国巨石(600176)       50.05     50.45    5.6%     多9/空36  停手:价格低于均价，14:30前禁止买入
双良节能(600481)        4.16      4.15    2.2%  多-27/空128  停手:无可卖仓且买点不强
五洲新春(603667)       59.67     59.71    4.2%    多38/空-1  停手:价格低于均价，14:30前禁止买入
华工科技(000988)      136.18    136.34    7.0%   多-29/空41  停手:无可卖仓且买点不强
10:58:29 [INFO] 🫀 扫描心跳 第138轮开始
10:59:10 [INFO] 🫀 扫描心跳 第139轮开始
10:59:49 [INFO] 🫀 扫描心跳 第140轮开始
11:00:27 [INFO] 🫀 扫描心跳 第141轮开始
11:00:50 [INFO] 
📊 护城河防御面板 第141轮
──────────────────────────────────────────────────────────────────────
科泰电源(300153)       21.61     21.51    4.2%  多-11/空115  停手:无可卖仓且买点不强
中文在线(300364)       23.46     23.38    6.0%    多-2/空51  停手:无可卖仓且买点不强
鼎龙股份(300054)       77.20     76.86    5.6%   多-47/空37  停手:无可卖仓且买点不强
科创半导体ETF华夏(588170)    1.10      1.10    6.4%    多19/空27  停手:无可卖仓且买点不强
中国巨石(600176)       50.23     50.44    5.6%    多15/空17  停手:买卖都不够强
双良节能(600481)        4.16      4.15    2.2%  多-27/空128  停手:无可卖仓且买点不强
五洲新春(603667)       59.71     59.71    4.2%   多-11/空14  停手:买卖都不够强
华工科技(000988)      136.38    136.33    7.0%   多-40/空27  停手:无可卖仓且买点不强
11:01:05 [INFO] 🫀 扫描心跳 第142轮开始
11:01:45 [INFO] 🫀 扫描心跳 第143轮开始
11:02:35 [INFO] 🫀 扫描心跳 第144轮开始
11:03:14 [INFO] 🫀 扫描心跳 第145轮开始
11:03:38 [INFO] 
📊 护城河防御面板 第145轮
──────────────────────────────────────────────────────────────────────
科泰电源(300153)       21.56     21.52    4.2%     多4/空36  停手:无可卖仓且买点不强
中文在线(300364)       23.53     23.39    6.0%     多3/空17  停手:无可卖仓且买点不强
鼎龙股份(300054)       77.15     76.87    5.6%   多-47/空42  停手:无可卖仓且买点不强
科创半导体ETF华夏(588170)    1.10      1.10    6.4%   多-45/空37  停手:无可卖仓且买点不强
中国巨石(600176)       50.09     50.42    5.6%    多36/空36  停手:价格低于均价，14:30前禁止买入
双良节能(600481)        4.16      4.15    2.2%  多-16/空128  停手:无可卖仓且买点不强
五洲新春(603667)       59.80     59.71    4.2%   多-13/空42  弱机会     
华工科技(000988)      136.43    136.34    7.0%   多-50/空71  停手:无可卖仓且买点不强
11:03:53 [INFO] 🫀 扫描心跳 第146轮开始
11:04:32 [INFO] 🫀 扫描心跳 第147轮开始
11:05:10 [INFO] 🫀 扫描心跳 第148轮开始
11:05:51 [INFO] 🫀 扫描心跳 第149轮开始
11:06:12 [INFO] 📉 603667 卖出信号得分60分，低于10:00后阈值65分，静默处理（不推送飞书）
11:06:14 [INFO] 
📊 护城河防御面板 第149轮
──────────────────────────────────────────────────────────────────────
科泰电源(300153)       21.51     21.52    4.2%    多43/空29  停手:价格低于均价，14:30前禁止买入
中文在线(300364)       23.55     23.40    6.0%     多3/空25  停手:无可卖仓且买点不强
鼎龙股份(300054)       76.68     76.86    5.6%     多1/空31  停手:无可卖仓且买点不强
科创半导体ETF华夏(588170)    1.10      1.10    6.4%    多30/空12  停手:当日轮次已满
中国巨石(600176)       49.73     50.39    5.6%    多55/空36  停手:价格低于均价，14:30前禁止买入
双良节能(600481)        4.15      4.15    2.2%    多41/空48  停手:震荡贴均且分差不大
五洲新春(603667)       59.58     59.70    4.2%    多12/空60  停手:价格低于均价，14:30前禁止买入|SELL_HIGH
华工科技(000988)      135.45    136.31    7.0%   多-13/空31  停手:无可卖仓且买点不强
11:06:29 [INFO] 🫀 扫描心跳 第150轮开始
11:07:07 [INFO] 🫀 扫描心跳 第151轮开始
11:07:45 [INFO] 🫀 扫描心跳 第152轮开始
11:08:22 [INFO] 🫀 扫描心跳 第153轮开始
11:08:50 [INFO] 
📊 护城河防御面板 第153轮
──────────────────────────────────────────────────────────────────────
科泰电源(300153)       21.51     21.52    4.2%    多69/空29  停手:价格低于均价，14:30前禁止买入
中文在线(300364)       23.55     23.40    6.0%     多3/空25  停手:无可卖仓且买点不强
鼎龙股份(300054)       76.54     76.84    5.6%    多21/空20  停手:无可卖仓且买点不强
科创半导体ETF华夏(588170)    1.09      1.10    6.4%    多39/空12  停手:当日轮次已满
中国巨石(600176)       49.79     50.36    5.6%    多73/空17  停手:价格低于均价，14:30前禁止买入
双良节能(600481)        4.17      4.15    2.2%   多-10/空68  停手:无可卖仓且买点不强
五洲新春(603667)       59.56     59.70    4.2%    多47/空21  停手:价格低于均价，14:30前禁止买入
华工科技(000988)      135.20    136.26    7.0%     多7/空31  停手:无可卖仓且买点不强
11:09:05 [INFO] 🫀 扫描心跳 第154轮开始
11:09:44 [INFO] 🫀 扫描心跳 第155轮开始
11:10:21 [INFO] 🫀 扫描心跳 第156轮开始
11:10:58 [INFO] 🫀 扫描心跳 第157轮开始
11:11:20 [INFO] 
📊 护城河防御面板 第157轮
──────────────────────────────────────────────────────────────────────
科泰电源(300153)       21.53     21.52    4.2%    多18/空17  停手:无可卖仓且买点不强
中文在线(300364)       23.60     23.41    6.0%   多-15/空25  停手:无可卖仓且买点不强
鼎龙股份(300054)       76.54     76.84    5.6%    多21/空20  停手:无可卖仓且买点不强
科创半导体ETF华夏(588170)    1.09      1.10    6.4%    多39/空12  停手:当日轮次已满
中国巨石(600176)       49.79     50.36    5.6%    多73/空17  停手:价格低于均价，14:30前禁止买入
双良节能(600481)        4.17      4.15    2.2%   多-10/空68  停手:无可卖仓且买点不强
五洲新春(603667)       59.56     59.70    4.2%    多47/空21  停手:价格低于均价，14:30前禁止买入
华工科技(000988)      135.20    136.26    7.0%     多7/空31  停手:无可卖仓且买点不强
11:11:35 [INFO] 🫀 扫描心跳 第158轮开始
11:12:15 [INFO] 🫀 扫描心跳 第159轮开始
11:12:53 [INFO] 🫀 扫描心跳 第160轮开始
11:13:30 [INFO] 🫀 扫描心跳 第161轮开始
11:13:54 [INFO] 
📊 护城河防御面板 第161轮
──────────────────────────────────────────────────────────────────────
科泰电源(300153)       21.53     21.52    4.2%    多18/空17  停手:无可卖仓且买点不强
中文在线(300364)       23.61     23.42    6.0%   多-15/空25  停手:无可卖仓且买点不强
鼎龙股份(300054)       76.00     76.82    5.6%     多2/空39  停手:无可卖仓且买点不强
科创半导体ETF华夏(588170)    1.09      1.10    6.4%    多59/空12  停手:当日轮次已满
中国巨石(600176)       49.47     50.33    5.6%    多59/空36  停手:价格低于均价，14:30前禁止买入
双良节能(600481)        4.17      4.15    2.2%  多-25/空148  停手:无可卖仓且买点不强
五洲新春(603667)       59.47     59.69    4.2%    多37/空40  停手:价格低于均价，14:30前禁止买入
华工科技(000988)      135.13    136.23    7.0%     多6/空31  停手:无可卖仓且买点不强
11:14:09 [INFO] 🫀 扫描心跳 第162轮开始
11:14:48 [INFO] 🫀 扫描心跳 第163轮开始
11:15:30 [INFO] 🫀 扫描心跳 第164轮开始
11:16:07 [INFO] 🫀 扫描心跳 第165轮开始
11:16:32 [INFO] 
📊 护城河防御面板 第165轮
──────────────────────────────────────────────────────────────────────
科泰电源(300153)       21.49     21.52    4.2%    多55/空29  停手:价格低于均价，14:30前禁止买入
中文在线(300364)       23.51     23.43    6.0%     多7/空59  停手:无可卖仓且买点不强
鼎龙股份(300054)       75.89     76.78    5.6%    多31/空39  停手:价格低于均价，14:30前禁止买入
科创半导体ETF华夏(588170)    1.09      1.10    6.4%     多67/空8  停手:当日轮次已满
中国巨石(600176)       49.42     50.29    5.6%    多96/空36  停手:价格低于均价，14:30前禁止买入
双良节能(600481)        4.16      4.15    2.2%  多-10/空138  停手:无可卖仓且买点不强
五洲新春(603667)       59.46     59.68    4.2%    多54/空21  停手:价格低于均价，14:30前禁止买入
华工科技(000988)      134.82    136.16    7.0%    多40/空39  停手:价格低于均价，14:30前禁止买入
11:16:47 [INFO] 🫀 扫描心跳 第166轮开始
11:17:24 [INFO] 🫀 扫描心跳 第167轮开始
11:18:02 [INFO] 🫀 扫描心跳 第168轮开始
11:18:42 [INFO] 🫀 扫描心跳 第169轮开始
11:19:05 [INFO] 
📊 护城河防御面板 第169轮
──────────────────────────────────────────────────────────────────────
科泰电源(300153)       21.47     21.52    4.2%    多63/空29  停手:价格低于均价，14:30前禁止买入
中文在线(300364)       23.45     23.43    6.0%    多35/空67  强可T     
鼎龙股份(300054)       75.79     76.74    5.6%    多31/空39  停手:价格低于均价，14:30前禁止买入
科创半导体ETF华夏(588170)    1.08      1.10    6.4%    多73/空12  停手:当日轮次已满
中国巨石(600176)       49.29     50.24    5.6%    多83/空36  停手:价格低于均价，14:30前禁止买入
双良节能(600481)        4.17      4.15    2.2%   多-19/空80  停手:无可卖仓且买点不强
五洲新春(603667)       59.38     59.67    4.2%    多46/空40  停手:价格低于均价，14:30前禁止买入
华工科技(000988)      134.70    136.11    7.0%    多36/空39  停手:价格低于均价，14:30前禁止买入
11:19:20 [INFO] 🫀 扫描心跳 第170轮开始
11:19:58 [INFO] 🫀 扫描心跳 第171轮开始
11:20:37 [INFO] 🫀 扫描心跳 第172轮开始
11:21:15 [INFO] 🫀 扫描心跳 第173轮开始
11:21:40 [INFO] 
📊 护城河防御面板 第173轮
──────────────────────────────────────────────────────────────────────
科泰电源(300153)       21.37     21.51    4.2%    多56/空29  停手:价格低于均价，14:30前禁止买入
中文在线(300364)       23.45     23.43    6.0%    多35/空67  强可T     
鼎龙股份(300054)       75.48     76.69    5.6%    多50/空39  停手:价格低于均价，14:30前禁止买入
科创半导体ETF华夏(588170)    1.09      1.10    6.4%    多54/空-7  停手:当日轮次已满
中国巨石(600176)       49.18     50.20    5.6%    多93/空32  停手:价格低于均价，14:30前禁止买入
双良节能(600481)        4.15      4.15    2.2%    多20/空56  停手:无可卖仓且买点不强
五洲新春(603667)       59.23     59.65    4.2%    多54/空40  停手:价格低于均价，14:30前禁止买入
华工科技(000988)      134.38    136.04    7.0%    多31/空35  停手:价格低于均价，14:30前禁止买入
11:21:55 [INFO] 🫀 扫描心跳 第174轮开始
11:22:34 [INFO] 🫀 扫描心跳 第175轮开始
11:23:13 [INFO] 🫀 扫描心跳 第176轮开始
11:23:50 [INFO] 🫀 扫描心跳 第177轮开始
11:24:12 [INFO] 
📊 护城河防御面板 第177轮
──────────────────────────────────────────────────────────────────────
科泰电源(300153)       21.33     21.51    4.2%    多70/空29  停手:价格低于均价，14:30前禁止买入
中文在线(300364)       23.48     23.43    6.0%    多18/空40  停手:无可卖仓且买点不强
鼎龙股份(300054)       75.48     76.69    5.6%    多50/空39  停手:价格低于均价，14:30前禁止买入
科创半导体ETF华夏(588170)    1.09      1.10    6.4%    多54/空-7  停手:当日轮次已满
中国巨石(600176)       49.18     50.20    5.6%    多93/空32  停手:价格低于均价，14:30前禁止买入
双良节能(600481)        4.15      4.15    2.2%    多20/空56  停手:无可卖仓且买点不强
五洲新春(603667)       59.23     59.65    4.2%    多54/空40  停手:价格低于均价，14:30前禁止买入
华工科技(000988)      134.38    136.04    7.0%    多31/空43  停手:价格低于均价，14:30前禁止买入
11:24:27 [INFO] 🫀 扫描心跳 第178轮开始
11:25:08 [INFO] 🫀 扫描心跳 第179轮开始
11:25:46 [INFO] 🫀 扫描心跳 第180轮开始
11:26:24 [INFO] 🫀 扫描心跳 第181轮开始
11:26:47 [INFO] 
📊 护城河防御面板 第181轮
──────────────────────────────────────────────────────────────────────
科泰电源(300153)       21.33     21.51    4.2%    多70/空29  停手:价格低于均价，14:30前禁止买入
中文在线(300364)       23.43     23.43    6.0%    多32/空63  可T观察    
鼎龙股份(300054)       75.27     76.65    5.6%    多80/空39  停手:价格低于均价，14:30前禁止买入
科创半导体ETF华夏(588170)    1.08      1.10    6.4%    多68/空12  停手:当日轮次已满
中国巨石(600176)       49.02     50.16    5.6%    多93/空36  停手:价格低于均价，14:30前禁止买入
双良节能(600481)        4.15      4.15    2.2%    多33/空64  停手:价格低于均价，14:30前禁止买入
五洲新春(603667)       59.22     59.64    4.2%    多58/空40  停手:价格低于均价，14:30前禁止买入
华工科技(000988)      134.00    135.98    7.0%    多50/空47  停手:价格低于均价，14:30前禁止买入
11:27:02 [INFO] 🫀 扫描心跳 第182轮开始
11:27:40 [INFO] 🫀 扫描心跳 第183轮开始
11:28:21 [INFO] 🫀 扫描心跳 第184轮开始
11:29:00 [INFO] 🫀 扫描心跳 第185轮开始
11:29:22 [INFO] 
📊 护城河防御面板 第185轮
──────────────────────────────────────────────────────────────────────
科泰电源(300153)       21.48     21.50    4.2%     多10/空2  停手:无可卖仓且买点不强
中文在线(300364)       23.47     23.43    6.0%    多18/空25  停手:无可卖仓且买点不强
鼎龙股份(300054)       75.64     76.61    5.6%     多3/空20  停手:无可卖仓且买点不强
科创半导体ETF华夏(588170)    1.09      1.10    6.4%     多0/空-7  停手:无可卖仓且买点不强
中国巨石(600176)       49.05     50.12    5.6%    多67/空32  停手:价格低于均价，14:30前禁止买入
双良节能(600481)        4.17      4.15    2.2%  多-19/空168  停手:无可卖仓且买点不强
五洲新春(603667)       59.31     59.62    4.2%     多43/空1  停手:价格低于均价，14:30前禁止买入
华工科技(000988)      134.35    135.91    7.0%    多-3/空20  停手:无可卖仓且买点不强
11:29:37 [INFO] 🫀 扫描心跳 第186轮开始
11:30:14 [INFO] ⏸ 非交易时段，进入低频保活
11:40:14 [INFO] ⏸ 非交易时段，进入低频保活
11:50:14 [INFO] ⏸ 非交易时段，进入低频保活
13:00:50 [INFO] 🫀 扫描心跳 第187轮开始
13:01:50 [INFO] 🫀 扫描心跳 第188轮开始
13:02:26 [INFO] 🫀 扫描心跳 第189轮开始
13:02:46 [INFO] 
📊 护城河防御面板 第189轮
──────────────────────────────────────────────────────────────────────
科泰电源(300153)       21.45     21.50    4.2%    多25/空35  停手:无可卖仓且买点不强
中文在线(300364)       23.52     23.43    6.0%     多0/空56  停手:无可卖仓且买点不强
鼎龙股份(300054)       75.33     76.55    5.6%    多45/空57  停手:无可卖仓且买点不强
科创半导体ETF华夏(588170)    1.08      1.10    6.4%    多64/空30  停手:当日轮次已满
中国巨石(600176)       49.20     50.07    5.6%    多27/空28  停手:买卖都不够强
双良节能(600481)        4.17      4.15    2.2%   多-2/空133  停手:无可卖仓且买点不强
五洲新春(603667)       59.21     59.61    4.2%     多60/空9  停手:价格低于均价，14:30前禁止买入
华工科技(000988)      133.79    135.84    7.0%    多82/空65  停手:价格低于均价，14:30前禁止买入
13:03:01 [INFO] 🫀 扫描心跳 第190轮开始
13:03:37 [INFO] 🫀 扫描心跳 第191轮开始
13:04:13 [INFO] 🫀 扫描心跳 第192轮开始
13:04:53 [INFO] 🫀 扫描心跳 第193轮开始
13:05:16 [INFO] 
📊 护城河防御面板 第193轮
──────────────────────────────────────────────────────────────────────
科泰电源(300153)       21.44     21.50    4.2%    多36/空28  停手:价格低于均价，14:30前禁止买入
中文在线(300364)       23.70     23.44    6.0%    多-9/空26  停手:无可卖仓且买点不强
鼎龙股份(300054)       75.10     76.50    5.6%    多84/空47  停手:价格低于均价，14:30前禁止买入
科创半导体ETF华夏(588170)    1.08      1.10    6.4%     多82/空1  停手:当日轮次已满
中国巨石(600176)       49.10     50.03    5.8%    多42/空28  停手:买卖都不够强
双良节能(600481)        4.20      4.16    2.7%    多-9/空79  停手:无可卖仓且买点不强
五洲新春(603667)       59.01     59.58    4.2%    多69/空-1  停手:价格低于均价，14:30前禁止买入
华工科技(000988)      133.95    135.77    7.0%    多51/空36  停手:价格低于均价，14:30前禁止买入
13:05:31 [INFO] 🫀 扫描心跳 第194轮开始
13:06:11 [INFO] 🫀 扫描心跳 第195轮开始
13:06:50 [INFO] 🫀 扫描心跳 第196轮开始
13:07:27 [INFO] 🫀 扫描心跳 第197轮开始
13:07:51 [INFO] ✅ 飞书消息已成功送达: 五洲新春(603667) BUY_LOW - 加急通知已发送
13:07:53 [INFO] 🔔 已触发急促报警
13:07:56 [INFO] 
📊 护城河防御面板 第197轮
──────────────────────────────────────────────────────────────────────
科泰电源(300153)       21.41     21.50    4.2%    多17/空39  停手:无可卖仓且买点不强
中文在线(300364)       23.68     23.45    6.0%   多-9/空129  停手:无可卖仓且买点不强
鼎龙股份(300054)       75.12     76.46    5.6%    多47/空57  停手:无可卖仓且买点不强
科创半导体ETF华夏(588170)    1.08      1.10    6.4%    多46/空30  停手:无可卖仓且买点不强
中国巨石(600176)       48.99     50.00    5.8%    多50/空57  停手:价格低于均价，14:30前禁止买入
双良节能(600481)        4.19      4.16    2.4%    多-3/空79  停手:无可卖仓且买点不强
五洲新春(603667)       58.89     59.57    4.2%     多98/空7  停手:价格低于均价，14:30前禁止买入|BUY_LOW
华工科技(000988)      134.20    135.73    7.0%    多36/空38  停手:无可卖仓且买点不强
13:08:11 [INFO] 🫀 扫描心跳 第198轮开始
13:08:50 [INFO] 🫀 扫描心跳 第199轮开始
13:09:30 [INFO] 🫀 扫描心跳 第200轮开始
13:10:06 [INFO] 🫀 扫描心跳 第201轮开始
13:10:26 [INFO] 
📊 护城河防御面板 第201轮
──────────────────────────────────────────────────────────────────────
科泰电源(300153)       21.41     21.50    4.2%    多17/空39  停手:无可卖仓且买点不强
中文在线(300364)       23.68     23.45    6.0%   多-9/空129  停手:无可卖仓且买点不强
鼎龙股份(300054)       75.12     76.46    5.6%    多47/空57  停手:无可卖仓且买点不强
科创半导体ETF华夏(588170)    1.08      1.10    6.4%    多46/空30  停手:无可卖仓且买点不强
中国巨石(600176)       48.99     50.00    5.8%    多50/空57  停手:价格低于均价，14:30前禁止买入
双良节能(600481)        4.19      4.16    2.4%    多-3/空79  停手:无可卖仓且买点不强
五洲新春(603667)       58.89     59.57    4.2%     多85/空7  停手:价格低于均价，14:30前禁止买入
华工科技(000988)      134.20    135.73    7.0%    多36/空38  停手:无可卖仓且买点不强
13:10:41 [INFO] 🫀 扫描心跳 第202轮开始
13:11:21 [INFO] 🫀 扫描心跳 第203轮开始
13:11:58 [INFO] 🫀 扫描心跳 第204轮开始
13:12:34 [INFO] 🫀 扫描心跳 第205轮开始
13:12:55 [INFO] 
📊 护城河防御面板 第205轮
──────────────────────────────────────────────────────────────────────
科泰电源(300153)       21.34     21.49    4.2%    多70/空37  停手:价格低于均价，14:30前禁止买入
中文在线(300364)       23.51     23.45    6.0%    多13/空57  停手:无可卖仓且买点不强
鼎龙股份(300054)       74.70     76.41    5.6%    多80/空47  停手:价格低于均价，14:30前禁止买入
科创半导体ETF华夏(588170)    1.08      1.10    6.4%    多88/空20  停手:当日轮次已满
中国巨石(600176)       48.85     49.96    6.0%    多80/空57  停手:价格低于均价，14:30前禁止买入
双良节能(600481)        4.18      4.16    2.4%     多0/空53  停手:无可卖仓且买点不强
五洲新春(603667)       58.82     59.54    4.2%    多117/空7  停手:价格低于均价，14:30前禁止买入
华工科技(000988)      133.76    135.65    7.0%    多54/空57  停手:价格低于均价，14:30前禁止买入
13:13:10 [INFO] 🫀 扫描心跳 第206轮开始
13:13:48 [INFO] 🫀 扫描心跳 第207轮开始
13:13:57 [INFO] ✅ 飞书消息已成功送达: 鼎龙股份(300054) BUY_LOW - 加急通知已发送
13:13:59 [INFO] 🔔 已触发急促报警
13:14:28 [INFO] 🫀 扫描心跳 第208轮开始
13:15:12 [INFO] 🫀 扫描心跳 第209轮开始
13:15:35 [INFO] 
📊 护城河防御面板 第209轮
──────────────────────────────────────────────────────────────────────
科泰电源(300153)       21.36     21.49    4.2%   多106/空30  停手:价格低于均价，14:30前禁止买入
中文在线(300364)       23.54     23.45    6.0%     多7/空36  停手:无可卖仓且买点不强
鼎龙股份(300054)       74.61     76.35    5.6%    多85/空43  停手:价格低于均价，14:30前禁止买入
科创半导体ETF华夏(588170)    1.07      1.10    6.4%   多105/空20  停手:当日轮次已满
中国巨石(600176)       48.65     49.92    6.4%    多80/空47  停手:价格低于均价，14:30前禁止买入
双良节能(600481)        4.16      4.16    2.4%    多27/空54  停手:无可卖仓且买点不强
五洲新春(603667)       58.99     59.51    4.2%     多60/空3  停手:价格低于均价，14:30前禁止买入
华工科技(000988)      133.99    135.59    7.0%    多21/空28  停手:无可卖仓且买点不强
13:15:50 [INFO] 🫀 扫描心跳 第210轮开始
13:16:31 [INFO] 🫀 扫描心跳 第211轮开始
13:17:10 [INFO] 🫀 扫描心跳 第212轮开始
13:17:50 [INFO] 🫀 扫描心跳 第213轮开始
13:18:12 [INFO] 
📊 护城河防御面板 第213轮
──────────────────────────────────────────────────────────────────────
科泰电源(300153)       21.41     21.48    4.2%    多47/空18  停手:无可卖仓且买点不强
中文在线(300364)       23.51     23.46    6.0%     多3/空47  停手:无可卖仓且买点不强
鼎龙股份(300054)       74.71     76.28    5.6%    多51/空28  停手:价格低于均价，14:30前禁止买入
科创半导体ETF华夏(588170)    1.07      1.09    6.4%    多72/空16  停手:当日轮次已满
中国巨石(600176)       48.94     49.87    6.4%    多54/空43  停手:价格低于均价，14:30前禁止买入
双良节能(600481)        4.18      4.16    2.4%   多12/空104  停手:无可卖仓且买点不强
五洲新春(603667)       59.02     59.50    4.2%   多70/空-12  停手:价格低于均价，14:30前禁止买入
华工科技(000988)      133.77    135.55    7.0%    多26/空57  停手:无可卖仓且买点不强
13:18:27 [INFO] 🫀 扫描心跳 第214轮开始
13:19:04 [INFO] 🫀 扫描心跳 第215轮开始
13:19:49 [INFO] 🫀 扫描心跳 第216轮开始
13:20:38 [INFO] 🫀 扫描心跳 第217轮开始
13:21:28 [INFO] 
📊 护城河防御面板 第217轮
──────────────────────────────────────────────────────────────────────
科泰电源(300153)       21.47     21.48    4.2%   多36/空-18  停手:无可卖仓且买点不强
中文在线(300364)       23.61     23.46    6.0%   多-6/空-27  停手:无可卖仓且买点不强
鼎龙股份(300054)       75.41     76.24    5.6%    多18/空55  停手:无可卖仓且买点不强
科创半导体ETF华夏(588170)    1.08      1.09    6.4%    多36/空16  停手:无可卖仓且买点不强
中国巨石(600176)       49.04     49.83    6.4%    多48/空43  停手:价格低于均价，14:30前禁止买入
双良节能(600481)        4.19      4.16    2.4%    多-3/空64  停手:无可卖仓且买点不强
五洲新春(603667)       59.15     59.49    4.2%    多41/空13  停手:无可卖仓且买点不强
华工科技(000988)      133.96    135.49    7.0%    多49/空38  停手:价格低于均价，14:30前禁止买入
13:21:43 [INFO] 🫀 扫描心跳 第218轮开始
13:22:28 [INFO] 🫀 扫描心跳 第219轮开始
13:23:20 [INFO] 🫀 扫描心跳 第220轮开始
13:24:03 [INFO] 🫀 扫描心跳 第221轮开始
13:24:21 [INFO] ✅ 飞书消息已成功送达: 科创半导体ETF华夏(588170) BUY_LOW - 加急通知已发送
13:24:23 [INFO] 🔔 已触发急促报警
13:24:27 [INFO] 📊 动态份数 600176: 状态=normal 信号强度67/阈值46, 建议交易100股/份 (50%)
13:24:29 [INFO] ✅ 飞书消息已成功送达: 中国巨石(600176) PANIC_SELL - 加急通知已发送
13:24:30 [INFO] 🔔 已触发急促报警
13:24:43 [INFO] 
📊 护城河防御面板 第221轮
──────────────────────────────────────────────────────────────────────
科泰电源(300153)       21.35     21.48    4.2%    多88/空55  停手:价格低于均价，14:30前禁止买入
中文在线(300364)       23.65     23.47    6.0%   多-11/空78  停手:无可卖仓且买点不强
鼎龙股份(300054)       74.72     76.18    5.6%    多50/空57  停手:价格低于均价，14:30前禁止买入
科创半导体ETF华夏(588170)    1.07      1.09    6.4%    多84/空30  停手:当日轮次已满|BUY_LOW
中国巨石(600176)       48.65     49.80    6.4%    多42/空67  停手:价格低于均价，14:30前禁止买入|PANIC_SELL
双良节能(600481)        4.18      4.16    2.4%   多-5/空133  停手:无可卖仓且买点不强
五洲新春(603667)       58.90     59.47    4.2%    多86/空17  停手:价格低于均价，14:30前禁止买入
华工科技(000988)      133.47    135.44    7.0%    多19/空67  停手:无可卖仓且买点不强
13:24:58 [INFO] 🫀 扫描心跳 第222轮开始
13:26:25 [INFO] 🫀 扫描心跳 第223轮开始
13:27:40 [INFO] 🫀 扫描心跳 第224轮开始
13:29:02 [INFO] 🫀 扫描心跳 第225轮开始
13:30:09 [INFO] 
📊 护城河防御面板 第225轮
──────────────────────────────────────────────────────────────────────
科泰电源(300153)       21.26     21.47    4.2%    多76/空45  停手:价格低于均价，14:30前禁止买入
中文在线(300364)       23.56     23.47    6.0%    多12/空51  停手:无可卖仓且买点不强
鼎龙股份(300054)       74.23     76.13    5.6%    多67/空47  停手:价格低于均价，14:30前禁止买入
科创半导体ETF华夏(588170)    1.07      1.09    6.4%    多66/空18  停手:当日轮次已满
中国巨石(600176)       48.43     49.74    6.8%    多45/空49  停手:价格低于均价，14:30前禁止买入
双良节能(600481)        4.17      4.16    2.4%   多13/空119  停手:无可卖仓且买点不强
五洲新春(603667)       58.75     59.44    4.2%     多66/空7  停手:价格低于均价，14:30前禁止买入
华工科技(000988)      132.74    135.35    7.0%    多45/空57  停手:价格低于均价，14:30前禁止买入
13:30:24 [INFO] 🫀 扫描心跳 第226轮开始
13:31:45 [INFO] 🫀 扫描心跳 第227轮开始
13:33:27 [INFO] 🫀 扫描心跳 第228轮开始
14:18:53 [INFO] 🫀 扫描心跳 第229轮开始
14:19:51 [INFO] 
📊 护城河防御面板 第229轮
──────────────────────────────────────────────────────────────────────
科泰电源(300153)       21.17     21.37    4.2%    多45/空65  停手:价格低于均价，14:30前禁止买入
中文在线(300364)       23.32     23.45    6.0%  多117/空100  停手:价格低于均价，14:30前禁止买入
鼎龙股份(300054)       73.24     75.18    6.8%    多45/空56  停手:价格低于均价，14:30前禁止买入
科创半导体ETF华夏(588170)    1.05      1.08    7.2%    多45/空49  停手:当日轮次已满
中国巨石(600176)       47.70     49.03    8.4%    多45/空42  停手:价格低于均价，14:30前禁止买入
双良节能(600481)        4.14      4.16    2.4%    多77/空87  停手:价格低于均价，14:30前禁止买入
五洲新春(603667)       58.43     59.13    4.2%    多45/空80  停手:价格低于均价，14:30前禁止买入
华工科技(000988)      130.69    133.88    7.0%    多45/空53  停手:价格低于均价，14:30前禁止买入
14:20:06 [INFO] 🫀 扫描心跳 第230轮开始
14:20:47 [INFO] 🫀 扫描心跳 第231轮开始
14:21:23 [INFO] 🫀 扫描心跳 第232轮开始
14:21:59 [INFO] 🫀 扫描心跳 第233轮开始
14:22:19 [INFO] 
📊 护城河防御面板 第233轮
──────────────────────────────────────────────────────────────────────
科泰电源(300153)       21.16     21.37    4.2%    多45/空70  停手:价格低于均价，14:30前禁止买入
中文在线(300364)       23.32     23.45    6.0%  多117/空100  停手:价格低于均价，14:30前禁止买入
鼎龙股份(300054)       73.24     75.18    6.8%    多45/空56  停手:价格低于均价，14:30前禁止买入
科创半导体ETF华夏(588170)    1.05      1.08    7.2%    多45/空49  停手:当日轮次已满
中国巨石(600176)       47.70     49.03    8.4%    多45/空42  停手:价格低于均价，14:30前禁止买入
双良节能(600481)        4.14      4.16    2.4%    多77/空87  停手:价格低于均价，14:30前禁止买入
五洲新春(603667)       58.43     59.13    4.2%    多45/空80  停手:价格低于均价，14:30前禁止买入
华工科技(000988)      130.69    133.88    7.0%    多45/空53  停手:价格低于均价，14:30前禁止买入
14:22:34 [INFO] 🫀 扫描心跳 第234轮开始
14:23:13 [INFO] 🫀 扫描心跳 第235轮开始
14:23:48 [INFO] 🫀 扫描心跳 第236轮开始
14:24:30 [INFO] 🫀 扫描心跳 第237轮开始
14:24:58 [INFO] 
📊 护城河防御面板 第237轮
──────────────────────────────────────────────────────────────────────
科泰电源(300153)       21.16     21.37    4.2%    多45/空70  停手:价格低于均价，14:30前禁止买入
中文在线(300364)       23.26     23.44    6.0%   多96/空119  停手:价格低于均价，14:30前禁止买入
鼎龙股份(300054)       73.12     75.13    6.9%    多45/空71  停手:价格低于均价，14:30前禁止买入
科创半导体ETF华夏(588170)    1.05      1.08    7.3%    多45/空30  停手:当日轮次已满
中国巨石(600176)       47.70     49.00    8.4%    多45/空50  停手:价格低于均价，14:30前禁止买入
双良节能(600481)        4.14      4.16    2.4%    多75/空68  停手:价格低于均价，14:30前禁止买入
五洲新春(603667)       58.65     59.12    4.2%    多27/空92  停手:无可卖仓且买点不强
华工科技(000988)      130.69    133.81    7.0%    多45/空53  停手:价格低于均价，14:30前禁止买入
14:25:13 [INFO] 🫀 扫描心跳 第238轮开始
14:25:49 [INFO] 🫀 扫描心跳 第239轮开始
14:26:28 [INFO] 🫀 扫描心跳 第240轮开始
14:27:11 [INFO] 🫀 扫描心跳 第241轮开始
14:27:35 [INFO] 
📊 护城河防御面板 第241轮
──────────────────────────────────────────────────────────────────────
科泰电源(300153)       21.19     21.37    4.2%    多40/空80  停手:价格低于均价，14:30前禁止买入
中文在线(300364)       23.31     23.44    6.0%  多101/空100  停手:价格低于均价，14:30前禁止买入
鼎龙股份(300054)       73.27     75.08    6.9%    多45/空56  停手:价格低于均价，14:30前禁止买入
科创半导体ETF华夏(588170)    1.05      1.08    7.3%    多33/空30  停手:当日轮次已满
中国巨石(600176)       47.70     48.97    8.4%    多45/空50  停手:价格低于均价，14:30前禁止买入
双良节能(600481)        4.14      4.16    2.4%    多72/空68  停手:价格低于均价，14:30前禁止买入
五洲新春(603667)       58.59     59.10    4.2%    多42/空90  停手:价格低于均价，14:30前禁止买入
华工科技(000988)      130.69    133.72    7.0%    多45/空53  停手:价格低于均价，14:30前禁止买入
14:27:50 [INFO] 🫀 扫描心跳 第242轮开始
14:28:27 [INFO] 🫀 扫描心跳 第243轮开始
14:29:16 [INFO] 🫀 扫描心跳 第244轮开始
14:29:55 [INFO] 🫀 扫描心跳 第245轮开始
14:30:17 [INFO] 
📊 护城河防御面板 第245轮
──────────────────────────────────────────────────────────────────────
科泰电源(300153)       21.18     21.36    4.2%    多45/空80  停手:价格低于均价，14:30前禁止买入
中文在线(300364)       23.27     23.44    6.0%  多104/空115  强可T     
鼎龙股份(300054)       73.20     75.02    7.1%    多36/空56  可T观察    
科创半导体ETF华夏(588170)    1.05      1.08    7.3%    多45/空59  停手:当日轮次已满
中国巨石(600176)       47.70     48.93    8.4%    多45/空60  可T观察    
双良节能(600481)        4.14      4.16    2.4%    多61/空68  强可T     
五洲新春(603667)       58.42     59.09    4.2%    多45/空74  强可T     
华工科技(000988)      130.69    133.66    7.0%    多45/空53  可T观察    
14:30:32 [INFO] 🫀 扫描心跳 第246轮开始
14:31:07 [INFO] 🫀 扫描心跳 第247轮开始
14:31:42 [INFO] 🫀 扫描心跳 第248轮开始
14:32:20 [INFO] 🫀 扫描心跳 第249轮开始
14:32:44 [INFO] 
📊 护城河防御面板 第249轮
──────────────────────────────────────────────────────────────────────
科泰电源(300153)       21.13     21.36    4.2%    多45/空70  强可T     
中文在线(300364)       23.20     23.43    6.0%   多89/空119  强可T     
鼎龙股份(300054)       72.94     74.97    7.2%    多45/空75  强可T     
科创半导体ETF华夏(588170)    1.05      1.08    7.5%    多45/空49  停手:当日轮次已满
中国巨石(600176)       47.71     48.91    8.4%    多45/空62  可T观察    
双良节能(600481)        4.13      4.16    2.4%    多73/空97  强可T     
五洲新春(603667)       58.32     59.07    4.2%    多45/空64  可T观察    
华工科技(000988)      130.69    133.60    7.0%    多45/空63  可T观察    
14:32:59 [INFO] 🫀 扫描心跳 第250轮开始
14:33:34 [INFO] 🫀 扫描心跳 第251轮开始
14:34:12 [INFO] 🫀 扫描心跳 第252轮开始
14:35:06 [INFO] 🫀 扫描心跳 第253轮开始
14:35:40 [INFO] 
📊 护城河防御面板 第253轮
──────────────────────────────────────────────────────────────────────
科泰电源(300153)       21.08     21.35    4.2%    多45/空70  强可T     
中文在线(300364)       23.20     23.43    6.0%   多89/空119  强可T     
鼎龙股份(300054)       72.94     74.97    7.2%    多45/空75  强可T     
科创半导体ETF华夏(588170)    1.05      1.08    7.5%    多45/空49  停手:当日轮次已满
中国巨石(600176)       47.71     48.91    8.4%    多45/空62  可T观察    
双良节能(600481)        4.13      4.16    2.4%    多73/空97  强可T     
五洲新春(603667)       58.32     59.07    4.2%    多45/空64  可T观察    
华工科技(000988)      130.69    133.60    7.0%    多45/空63  可T观察    
14:35:55 [INFO] 🫀 扫描心跳 第254轮开始
14:36:47 [INFO] 🫀 扫描心跳 第255轮开始
14:37:34 [INFO] 🫀 扫描心跳 第256轮开始
14:38:12 [INFO] 🫀 扫描心跳 第257轮开始
14:38:35 [INFO] 
📊 护城河防御面板 第257轮
──────────────────────────────────────────────────────────────────────
科泰电源(300153)       21.07     21.34    4.2%    多45/空70  强可T     
中文在线(300364)       23.19     23.43    6.0%   多88/空100  强可T     
鼎龙股份(300054)       72.76     74.91    7.5%    多45/空75  强可T     
科创半导体ETF华夏(588170)    1.04      1.08    7.8%    多45/空49  停手:当日轮次已满
中国巨石(600176)       47.70     48.87    8.4%    多45/空60  可T观察    
双良节能(600481)        4.13      4.16    2.4%    多61/空97  强可T     
五洲新春(603667)       58.33     59.05    4.2%    多45/空64  可T观察    
华工科技(000988)      130.69    133.52    7.0%    多45/空63  可T观察    
14:38:50 [INFO] 🫀 扫描心跳 第258轮开始
14:39:29 [INFO] 🫀 扫描心跳 第259轮开始
14:40:09 [INFO] 🫀 扫描心跳 第260轮开始
14:40:45 [INFO] 🫀 扫描心跳 第261轮开始
14:41:08 [INFO] 
📊 护城河防御面板 第261轮
──────────────────────────────────────────────────────────────────────
科泰电源(300153)       21.07     21.34    4.2%    多45/空70  强可T     
中文在线(300364)       23.20     23.42    6.0%   多61/空103  强可T     
鼎龙股份(300054)       72.42     74.85    8.0%    多45/空75  强可T     
科创半导体ETF华夏(588170)    1.04      1.08    8.4%    多45/空49  停手:当日轮次已满
中国巨石(600176)       47.70     48.85    8.4%    多45/空60  可T观察    
双良节能(600481)        4.14      4.16    2.4%    多49/空68  强可T     
五洲新春(603667)       58.35     59.03    4.2%    多45/空65  强可T     
华工科技(000988)      130.69    133.47    7.0%    多45/空63  可T观察    
14:41:23 [INFO] 🫀 扫描心跳 第262轮开始
14:42:00 [INFO] 🫀 扫描心跳 第263轮开始
14:42:38 [INFO] 🫀 扫描心跳 第264轮开始
14:43:18 [INFO] 🫀 扫描心跳 第265轮开始
14:43:39 [INFO] 
📊 护城河防御面板 第265轮
──────────────────────────────────────────────────────────────────────
科泰电源(300153)       21.12     21.34    4.2%    多45/空51  可T观察    
中文在线(300364)       23.29     23.42    6.0%   多40/空106  停手:无可卖仓且买点不强
鼎龙股份(300054)       72.58     74.80    8.0%    多45/空56  可T观察    
科创半导体ETF华夏(588170)    1.04      1.08    8.4%    多37/空59  停手:当日轮次已满
中国巨石(600176)       47.70     48.82    8.4%    多45/空60  可T观察    
双良节能(600481)        4.13      4.16    2.4%    多45/空89  停手:无可卖仓且买点不强
五洲新春(603667)       58.38     59.02    4.2%    多45/空80  强可T     
华工科技(000988)      130.69    133.41    7.0%    多45/空63  可T观察    
14:43:54 [INFO] 🫀 扫描心跳 第266轮开始
14:44:31 [INFO] 🫀 扫描心跳 第267轮开始
14:45:08 [INFO] 🫀 扫描心跳 第268轮开始
14:45:47 [INFO] 🫀 扫描心跳 第269轮开始
14:46:17 [INFO] 
📊 护城河防御面板 第269轮
──────────────────────────────────────────────────────────────────────
科泰电源(300153)       21.09     21.33    4.2%    多45/空80  强可T     
中文在线(300364)       23.23     23.41    6.0%   多43/空109  停手:无可卖仓且买点不强
鼎龙股份(300054)       72.37     74.74    8.3%    多45/空56  可T观察    
科创半导体ETF华夏(588170)    1.04      1.08    8.5%    多45/空34  停手:当日轮次已满
中国巨石(600176)       47.70     48.80    8.4%    多45/空49  可T观察    
双良节能(600481)        4.13      4.16    2.4%    多46/空74  停手:无可卖仓且买点不强
五洲新春(603667)       58.25     59.00    4.2%    多45/空49  可T观察    
华工科技(000988)      130.69    133.34    7.0%    多43/空48  可T观察    
14:46:32 [INFO] 🫀 扫描心跳 第270轮开始
14:47:14 [INFO] 🫀 扫描心跳 第271轮开始
14:47:56 [INFO] 🫀 扫描心跳 第272轮开始
14:48:36 [INFO] 🫀 扫描心跳 第273轮开始
14:48:59 [INFO] 
📊 护城河防御面板 第273轮
──────────────────────────────────────────────────────────────────────
科泰电源(300153)       21.10     21.33    4.2%    多45/空65  强可T     
中文在线(300364)       23.23     23.41    6.0%   多43/空109  停手:无可卖仓且买点不强
鼎龙股份(300054)       72.37     74.74    8.3%    多45/空56  可T观察    
科创半导体ETF华夏(588170)    1.04      1.08    8.5%    多45/空34  停手:当日轮次已满
中国巨石(600176)       47.70     48.80    8.4%    多45/空49  可T观察    
双良节能(600481)        4.13      4.16    2.4%    多46/空74  停手:无可卖仓且买点不强
五洲新春(603667)       58.25     59.00    4.2%    多45/空49  可T观察    
华工科技(000988)      130.69    133.34    7.0%    多43/空48  可T观察    
14:49:14 [INFO] 🫀 扫描心跳 第274轮开始
14:49:58 [INFO] 🫀 扫描心跳 第275轮开始
14:50:42 [INFO] 🫀 扫描心跳 第276轮开始
14:51:19 [INFO] 🫀 扫描心跳 第277轮开始
14:51:41 [INFO] 
📊 护城河防御面板 第277轮
──────────────────────────────────────────────────────────────────────
科泰电源(300153)       21.12     21.32    4.2%    多45/空36  可T观察    
中文在线(300364)       23.23     23.41    6.0%    多35/空18  停手:无可卖仓且买点不强
鼎龙股份(300054)       72.16     74.66    8.5%    多45/空56  可T观察    
科创半导体ETF华夏(588170)    1.03      1.07    8.9%    多45/空61  停手:当日轮次已满
中国巨石(600176)       47.70     48.77    8.4%    多45/空45  可T观察    
双良节能(600481)        4.14      4.16    2.4%    多49/空36  可T观察    
五洲新春(603667)       58.17     58.99    4.2%    多45/空20  可T观察    
华工科技(000988)      130.69    133.30    7.0%    多43/空48  可T观察    
14:51:56 [INFO] 🫀 扫描心跳 第278轮开始
14:52:33 [INFO] 🫀 扫描心跳 第279轮开始
14:53:13 [INFO] 🫀 扫描心跳 第280轮开始
14:53:50 [INFO] 🫀 扫描心跳 第281轮开始
14:54:13 [INFO] 
📊 护城河防御面板 第281轮
──────────────────────────────────────────────────────────────────────
科泰电源(300153)       21.12     21.32    4.2%    多45/空36  可T观察    
中文在线(300364)       23.28     23.41    6.0%    多29/空33  停手:无可卖仓且买点不强
鼎龙股份(300054)       72.10     74.60    8.6%    多45/空41  可T观察    
科创半导体ETF华夏(588170)    1.03      1.07    9.0%    多45/空42  停手:当日轮次已满
中国巨石(600176)       47.70     48.75    8.4%    多45/空45  可T观察    
双良节能(600481)        4.14      4.16    2.4%    多49/空46  可T观察    
五洲新春(603667)       58.05     58.97    4.2%    多45/空20  可T观察    
华工科技(000988)      130.69    133.25    7.0%    多43/空48  可T观察    
14:54:28 [INFO] 🫀 扫描心跳 第282轮开始
14:55:05 [INFO] 
════════════════════ 【尾盘做T盈亏清算】 ════════════════════
💰 今日预估做T总净利润: 0.00 元

════════════════════ 【动作分类汇总】 ════════════════════
低吸 BUY_LOW=0次/0股 | 加仓 ADD_POS=0次/0股
高抛 SELL_HIGH=0次/0股 | 减仓 PANIC_SELL=0次/0股
════════════════════ 【ETF复盘小结】 ════════════════════
ETF 1票 | 有信号 1
科创半导体ETF华夏(588170) 0/0 | 1.03 | VWAP1.07 | -3.64%
════════════════════ 【普通股复盘小结】 ════════════════════
普通股 7票 | 有信号 7
科泰电源(300153) 0/0 | 21.16 | VWAP21.32 | -0.75%
中文在线(300364) 0/0 | 23.28 | VWAP23.41 | -0.54%
鼎龙股份(300054) 0/0 | 72.10 | VWAP74.60 | -3.36%
中国巨石(600176) 0/0 | 47.70 | VWAP48.75 | -2.15%
双良节能(600481) 0/0 | 4.14 | VWAP4.16 | -0.36%
五洲新春(603667) 0/0 | 58.05 | VWAP58.97 | -1.55%
华工科技(000988) 0/0 | 130.69 | VWAP133.25 | -1.92%
════════════════════ 【误判因子排行】 ════════════════════
买点偏早: 暂无
卖点偏早: 暂无
漏买: 暂无
漏卖: 暂无
════════════════════ 【误判因子细分】 ════════════════════
买点偏早因子: 暂无
卖点偏早因子: 暂无
漏买因子: 暂无
漏卖因子: 暂无
════════════════════ 【四类动作误判因子】 ════════════════════
低吸 BUY_LOW 偏早: 暂无
低吸 BUY_LOW 未占优: 暂无
加仓 ADD_POS 偏早: 暂无
加仓 ADD_POS 未占优: 暂无
高抛 SELL_HIGH 偏早: 暂无
高抛 SELL_HIGH 未占优: 暂无
跳水 PANIC_SELL 偏早: 暂无
跳水 PANIC_SELL 未占优: 暂无
════════════════════ 【策略最高分复盘数据(喂给AI)】 ════════════════════
科泰电源(300153): 多=106 空=115 振=4.22% 偏=-0.75% 买=0/0 卖=0/0
中文在线(300364): 多=117 空=213 振=5.98% 偏=-0.54% 买=0/0 卖=0/0
鼎龙股份(300054): 多=98 空=148 振=8.58% 偏=-3.36% 买=0/0 卖=0/0
科创半导体ETF华夏(588170): 多=105 空=133 振=9.00% 偏=-3.64% 买=0/0 卖=0/0
中国巨石(600176): 多=96 空=72 振=8.41% 偏=-2.15% 买=0/0 卖=0/0
双良节能(600481): 多=77 空=173 振=2.69% 偏=-0.36% 买=0/0 卖=0/0
五洲新春(603667): 多=117 空=92 振=4.24% 偏=-1.55% 买=0/0 卖=0/0
华工科技(000988): 多=82 空=88 振=7.03% 偏=-1.92% 买=0/0 卖=0/0
════════════════════ 【复盘阅读顺序】 ════════════════════
1. sys日志 -> 2. data_quality -> 3. decision_trace
4. shadow_signals -> 5. signal_outcome -> 6. ai_review
════════════════════ 【信号结果追踪汇总】 ════════════════════
正确=0 | 买早=0 | 卖早=0 | 买验证中=0 | 卖验证中=0 | 待定=0
动作分布 BUY_LOW=0 | ADD_POS=0 | SELL_HIGH=0 | PANIC_SELL=0
5分钟胜率=0.0% (0/0) | 15分钟胜率=0.0% (0/0)
一眼摘要：最高频结果=correct(0) | 主要风险=无明显偏差(0) | 影子机会=0
════════════════════════════════════════════════════════════
14:55:05 [WARNING] ⚠️  尾盘复盘飞书推送失败: name 'overview_text' is not defined
14:55:05 [INFO] 🫀 扫描心跳 第283轮开始
14:55:42 [INFO] 🫀 扫描心跳 第284轮开始
14:56:22 [INFO] 🫀 扫描心跳 第285轮开始
14:56:52 [INFO] 
📊 护城河防御面板 第285轮
──────────────────────────────────────────────────────────────────────
科泰电源(300153)       21.16     21.32    4.2%    多25/空53  停手:无可卖仓且买点不强
中文在线(300364)       23.29     23.40    6.0%    多29/空28  停手:无可卖仓且买点不强
鼎龙股份(300054)       72.39     74.55    8.6%    多15/空56  停手:无可卖仓且买点不强
科创半导体ETF华夏(588170)    1.04      1.07    9.0%     多4/空57  停手:无可卖仓且买点不强
中国巨石(600176)       47.70     48.73    8.4%    多45/空49  可T观察    
双良节能(600481)        4.15      4.15    2.4%    多45/空40  停手:无可卖仓且买点不强
五洲新春(603667)       58.19     58.95    4.2%     多45/空1  可T观察    
华工科技(000988)      130.69    133.19    7.0%    多43/空48  可T观察    
14:57:07 [INFO] 🫀 扫描心跳 第286轮开始
14:57:44 [INFO] 🫀 扫描心跳 第287轮开始
14:58:23 [INFO] 🫀 扫描心跳 第288轮开始
14:59:00 [INFO] 🫀 扫描心跳 第289轮开始
14:59:26 [INFO] 
📊 护城河防御面板 第289轮
──────────────────────────────────────────────────────────────────────
科泰电源(300153)       21.25     21.32    4.2%    多17/空55  停手:无可卖仓且买点不强
中文在线(300364)       23.31     23.40    6.0%    多29/空28  停手:无可卖仓且买点不强
鼎龙股份(300054)       72.41     74.50    8.6%    多15/空56  停手:无可卖仓且买点不强
科创半导体ETF华夏(588170)    1.04      1.07    9.0%    多16/空52  停手:无可卖仓且买点不强
中国巨石(600176)       47.71     48.70    8.4%    多45/空47  可T观察    
双良节能(600481)        4.15      4.15    2.4%    多45/空50  停手:无可卖仓且买点不强
五洲新春(603667)       58.18     58.93    4.2%    多45/空16  可T观察    
华工科技(000988)      130.69    133.14    7.0%    多43/空48  可T观察    
14:59:41 [INFO] 🫀 扫描心跳 第290轮开始
15:00:19 [INFO] ⏸ 非交易时段，进入低频保活
