09:30:17 [INFO] 早盘集合竞价结论：回避
市场评分：39.9 / 100 | 偏向：neutral | 风险：risk_off
竞价：强1 / 弱0 / 缺0 | 均分 5.5
策略结论：主做华工科技(000988)、长芯博创(300548) | 观察特变电工(600089)、飞龙股份(002536) | 关注暂无 | 回避暂无
1. 主做：华工科技(000988)、长芯博创(300548)
2. 观察：特变电工(600089)、飞龙股份(002536)、英维克(002837)
3. 关注：暂无
4. 回避：暂无
执行顺序：先1后2，再3，最后4
升级条件：若 9:35 后上涨家数回到高于下跌家数，且市场评分回到 55 上方，再把关注升为观察。
开盘后跟踪：开盘后只看核心标的承接，不追高，等量能和情绪同时转强再说。
热门关注：安徽凤凰、纬达光电、万达轴承
09:30:17 [INFO] ✅ 集合竞价总览已推送飞书
09:30:18 [INFO] ✅ 集合竞价详细结果已推送飞书
09:30:20 [INFO] 🔔 已触发急促报警
09:30:20 [INFO] ========= 做T终极护城河防御版 (V1.8 确认型收敛版) 启动 =========
09:30:20 [INFO] 飞书推送: ✓ 已启用
09:30:20 [INFO] 飞书关键词: 做T猎手预警
09:30:20 [INFO] 飞书Webhook: https://open.feishu.cn/open-apis/bot/v2/hook/e8018470-e...
09:30:20 [INFO] ══════════════════════════════════════════════════════════════════════
09:30:20 [INFO] 【2026-06-12 加仓策略执行指南】
09:30:20 [INFO]   1️⃣ 中国巨石 600176 — ❌ 不追 (已涨5.62%, 资金不足)
09:30:20 [INFO]   2️⃣ 科创50ETF 588000 — ⚡ 分批加仓 (先加¥15,000)
09:30:20 [INFO]      └─ 第一批: ¥15,000 (约8,200份)
09:30:20 [INFO]      └─ 第二批: ¥15,000 (等待盘中回落)
09:30:20 [INFO]   3️⃣ 中信银行 601998 — ✅ 按计划加 (¥15,000, 约1,900股)
09:30:20 [INFO]   4️⃣ 特变电工 600089 — ⚡ 加仓 (¥25,000, 约1,090股)
09:30:20 [INFO] ══════════════════════════════════════════════════════════════════════
09:30:20 [INFO] 🔊 系统高级报警音效已成功【全自动挂载】！准备执行听声辨位！
09:30:20 [INFO] 🧹 清理过期分钟线缓存 10 个
09:30:21 [INFO] ✅ 启动自检飞书消息已成功送达
09:30:22 [INFO] 🔔 已触发急促报警
09:30:22 [INFO] ⏱ 采用顺序轮询模式：每轮扫描结束后再等待 15 秒（V1.8 确认型收敛）
09:30:22 [INFO] 🫀 扫描心跳 第1轮开始
09:30:30 [INFO] 
📊 护城河防御面板 第1轮
──────────────────────────────────────────────────────────────────────
科创半导体ETF华夏(588170)    3.96      3.97    0.4%      多0/空0  无波待涨    
特变电工(600089)       22.33     22.32    0.1%      多0/空0  无波待涨    
双良节能(600481)        4.82      4.81    0.4%      多0/空0  无波待涨    
五洲新春(603667)       62.30     62.35    0.3%      多0/空0  无波待涨    
华工科技(000988)      175.90    176.80    1.8%      多0/空0  弱机会     
拓维信息(002261)       27.36     27.34    0.8%      多0/空0  无波待涨    
飞龙股份(002536)       45.24     45.21    0.5%      多0/空0  无波待涨    
摩恩电气(002451)        7.06      7.07    1.1%      多0/空0  无波待涨    
陕西斯瑞新材股份(688102)   46.98     46.91    0.5%      多0/空0  无波待涨    
英维克(002837)        76.02     75.95    0.4%      多0/空0  无波待涨    
长芯博创(300548)      256.99    256.63    0.8%      多0/空0  无波待涨    
09:30:45 [INFO] 🫀 扫描心跳 第2轮开始
09:31:06 [INFO] 🫀 扫描心跳 第3轮开始
09:31:27 [INFO] 🫀 扫描心跳 第4轮开始
09:31:48 [INFO] 🫀 扫描心跳 第5轮开始
09:31:53 [INFO] 
📊 护城河防御面板 第5轮
──────────────────────────────────────────────────────────────────────
科创半导体ETF华夏(588170)    3.96      3.97    0.4%      多0/空0  无波待涨    
特变电工(600089)       22.33     22.32    0.1%      多0/空0  无波待涨    
双良节能(600481)        4.82      4.81    0.4%      多0/空0  无波待涨    
五洲新春(603667)       62.30     62.35    0.3%      多0/空0  无波待涨    
华工科技(000988)      175.90    176.80    1.8%      多0/空0  弱机会     
拓维信息(002261)       27.36     27.34    0.8%      多0/空0  无波待涨    
飞龙股份(002536)       45.24     45.21    0.5%      多0/空0  无波待涨    
摩恩电气(002451)        7.06      7.07    1.1%      多0/空0  无波待涨    
陕西斯瑞新材股份(688102)   46.98     46.91    0.5%      多0/空0  无波待涨    
英维克(002837)        76.02     75.95    0.4%      多0/空0  无波待涨    
长芯博创(300548)      256.99    256.63    0.8%      多0/空0  无波待涨    
09:32:08 [INFO] 🫀 扫描心跳 第6轮开始
09:32:29 [INFO] 🫀 扫描心跳 第7轮开始
09:32:50 [INFO] 🫀 扫描心跳 第8轮开始
09:33:11 [INFO] 🫀 扫描心跳 第9轮开始
09:33:17 [INFO] 
📊 护城河防御面板 第9轮
──────────────────────────────────────────────────────────────────────
科创半导体ETF华夏(588170)    3.96      3.97    0.4%      多0/空0  无波待涨    
特变电工(600089)       22.33     22.32    0.1%      多0/空0  无波待涨    
双良节能(600481)        4.82      4.81    0.4%      多0/空0  无波待涨    
五洲新春(603667)       62.30     62.35    0.3%      多0/空0  无波待涨    
华工科技(000988)      175.90    176.80    1.8%      多0/空0  弱机会     
拓维信息(002261)       27.36     27.34    0.8%      多0/空0  无波待涨    
飞龙股份(002536)       45.24     45.21    0.5%      多0/空0  无波待涨    
摩恩电气(002451)        7.06      7.07    1.1%      多0/空0  无波待涨    
陕西斯瑞新材股份(688102)   46.98     46.91    0.5%      多0/空0  无波待涨    
英维克(002837)        76.02     75.95    0.4%      多0/空0  无波待涨    
长芯博创(300548)      256.99    256.63    0.8%      多0/空0  无波待涨    
09:33:32 [INFO] 🫀 扫描心跳 第10轮开始
09:33:36 [INFO] ✅ 集合竞价AUCTION_SURGE_SELL提醒已推送: 002536
09:33:38 [INFO] 🔔 已触发急促报警
09:33:55 [INFO] 🫀 扫描心跳 第11轮开始
09:33:59 [INFO] ⏭️  002536-auction-AUCTION_SURGE_SELL 推送节流，276s 后可再发
09:34:16 [INFO] 🫀 扫描心跳 第12轮开始
09:34:37 [INFO] 🫀 扫描心跳 第13轮开始
09:34:42 [INFO] 
📊 护城河防御面板 第13轮
──────────────────────────────────────────────────────────────────────
科创半导体ETF华夏(588170)    3.98      3.98    1.7%      多0/空0  弱机会     
特变电工(600089)       22.21     22.28    1.2%      多0/空0  无波待涨    
双良节能(600481)        4.82      4.84    1.5%      多0/空0  无波待涨    
五洲新春(603667)       62.51     62.42    0.4%      多0/空0  无波待涨    
华工科技(000988)      175.40    175.59    2.9%      多0/空0  弱机会     
拓维信息(002261)       27.02     27.06    0.7%      多0/空0  无波待涨    
飞龙股份(002536)       46.37     45.85    3.4%      多0/空0  弱机会     
摩恩电气(002451)        6.96      6.99    2.6%      多0/空0  弱机会     
陕西斯瑞新材股份(688102)   46.40     46.20    2.3%      多0/空0  弱机会     
英维克(002837)        74.58     74.93    1.5%      多0/空0  无波待涨    
长芯博创(300548)      258.86    258.35    2.1%      多0/空0  弱机会     
09:34:57 [INFO] 🫀 扫描心跳 第14轮开始
09:35:18 [INFO] 🫀 扫描心跳 第15轮开始
09:35:39 [INFO] 🫀 扫描心跳 第16轮开始
09:36:00 [INFO] 🫀 扫描心跳 第17轮开始
09:36:06 [INFO] 
📊 护城河防御面板 第17轮
──────────────────────────────────────────────────────────────────────
科创半导体ETF华夏(588170)    3.98      3.98    1.7%      多0/空0  弱机会     
特变电工(600089)       22.21     22.28    1.2%      多0/空0  无波待涨    
双良节能(600481)        4.82      4.84    1.5%      多0/空0  无波待涨    
五洲新春(603667)       62.51     62.42    0.4%      多0/空0  无波待涨    
华工科技(000988)      175.40    175.59    2.9%      多0/空0  弱机会     
拓维信息(002261)       27.02     27.06    0.7%      多0/空0  无波待涨    
飞龙股份(002536)       46.37     45.85    3.4%      多0/空0  弱机会     
摩恩电气(002451)        6.96      6.99    2.6%      多0/空0  弱机会     
陕西斯瑞新材股份(688102)   46.40     46.20    2.3%      多0/空0  弱机会     
英维克(002837)        74.58     74.93    1.5%      多0/空0  无波待涨    
长芯博创(300548)      258.86    258.35    2.1%      多0/空0  弱机会     
09:36:21 [INFO] 🫀 扫描心跳 第18轮开始
09:36:42 [INFO] 🫀 扫描心跳 第19轮开始
09:37:03 [INFO] 🫀 扫描心跳 第20轮开始
09:37:23 [INFO] 🫀 扫描心跳 第21轮开始
09:37:29 [INFO] 
📊 护城河防御面板 第21轮
──────────────────────────────────────────────────────────────────────
科创半导体ETF华夏(588170)    4.03      4.01    2.6%      多0/空0  弱机会     
特变电工(600089)       22.23     22.25    1.2%      多0/空0  无波待涨    
双良节能(600481)        4.89      4.85    1.9%      多0/空0  弱机会     
五洲新春(603667)       62.12     62.19    1.0%      多0/空0  无波待涨    
华工科技(000988)      176.74    176.22    2.9%      多0/空0  弱机会     
拓维信息(002261)       27.01     27.02    0.9%      多0/空0  无波待涨    
飞龙股份(002536)       46.24     46.03    3.4%      多0/空0  弱机会     
摩恩电气(002451)        6.99      6.99    2.7%      多0/空0  弱机会     
陕西斯瑞新材股份(688102)   45.97     46.21    2.3%      多0/空0  弱机会     
英维克(002837)        74.70     74.88    1.5%      多0/空0  无波待涨    
长芯博创(300548)      261.00    259.47    2.4%      多0/空0  弱机会     
09:37:44 [INFO] 🫀 扫描心跳 第22轮开始
09:38:05 [INFO] 🫀 扫描心跳 第23轮开始
09:38:26 [INFO] 🫀 扫描心跳 第24轮开始
09:38:47 [INFO] 🫀 扫描心跳 第25轮开始
09:38:52 [INFO] 
📊 护城河防御面板 第25轮
──────────────────────────────────────────────────────────────────────
科创半导体ETF华夏(588170)    4.03      4.01    2.6%      多0/空0  弱机会     
特变电工(600089)       22.23     22.25    1.2%      多0/空0  无波待涨    
双良节能(600481)        4.89      4.85    1.9%      多0/空0  弱机会     
五洲新春(603667)       62.12     62.19    1.0%      多0/空0  无波待涨    
华工科技(000988)      176.74    176.22    2.9%      多0/空0  弱机会     
拓维信息(002261)       27.01     27.02    0.9%      多0/空0  无波待涨    
飞龙股份(002536)       46.24     46.03    3.4%      多0/空0  弱机会     
摩恩电气(002451)        6.99      6.99    2.7%      多0/空0  弱机会     
陕西斯瑞新材股份(688102)   45.97     46.21    2.3%      多0/空0  弱机会     
英维克(002837)        74.70     74.88    1.5%      多0/空0  无波待涨    
长芯博创(300548)      261.00    259.47    2.4%      多0/空0  弱机会     
09:39:07 [INFO] 🫀 扫描心跳 第26轮开始
09:39:28 [INFO] 🫀 扫描心跳 第27轮开始
09:39:49 [INFO] 🫀 扫描心跳 第28轮开始
09:39:51 [INFO] ✅ 集合竞价AUCTION_SURGE_SELL提醒已推送: 600481
09:39:53 [INFO] 🔔 已触发急促报警
09:40:12 [INFO] 🫀 扫描心跳 第29轮开始
09:40:14 [INFO] ⏭️  600481-auction-AUCTION_SURGE_SELL 推送节流，276s 后可再发
09:40:18 [INFO] 
📊 护城河防御面板 第29轮
──────────────────────────────────────────────────────────────────────
科创半导体ETF华夏(588170)    3.97      4.00    2.8%      多0/空0  弱机会     
特变电工(600089)       22.30     22.25    1.2%      多0/空0  无波待涨    
双良节能(600481)        4.98      4.90    3.8%      多0/空0  弱机会     
五洲新春(603667)       61.76     62.00    1.3%      多0/空0  无波待涨    
华工科技(000988)      175.92    176.36    2.9%      多0/空0  弱机会     
拓维信息(002261)       27.22     27.05    1.0%      多0/空0  无波待涨    
飞龙股份(002536)       47.31     46.60    5.5%      多0/空0  弱机会     
摩恩电气(002451)        7.07      7.01    2.7%      多0/空0  弱机会     
陕西斯瑞新材股份(688102)   46.10     46.21    2.3%      多0/空0  弱机会     
英维克(002837)        76.27     75.20    2.3%      多0/空0  弱机会     
长芯博创(300548)      262.80    260.89    3.1%      多0/空0  弱机会     
09:40:33 [INFO] 🫀 扫描心跳 第30轮开始
09:40:54 [INFO] 🫀 扫描心跳 第31轮开始
09:41:15 [INFO] 🫀 扫描心跳 第32轮开始
09:41:36 [INFO] 🫀 扫描心跳 第33轮开始
09:41:41 [INFO] 
📊 护城河防御面板 第33轮
──────────────────────────────────────────────────────────────────────
科创半导体ETF华夏(588170)    3.97      4.00    2.8%      多0/空0  弱机会     
特变电工(600089)       22.30     22.25    1.2%      多0/空0  无波待涨    
双良节能(600481)        4.98      4.90    3.8%      多0/空0  弱机会     
五洲新春(603667)       61.76     62.00    1.3%      多0/空0  无波待涨    
华工科技(000988)      175.92    176.36    2.9%      多0/空0  弱机会     
拓维信息(002261)       27.22     27.05    1.0%      多0/空0  无波待涨    
飞龙股份(002536)       47.31     46.60    5.5%      多0/空0  弱机会     
摩恩电气(002451)        7.07      7.01    2.7%      多0/空0  弱机会     
陕西斯瑞新材股份(688102)   46.10     46.21    2.3%      多0/空0  弱机会     
英维克(002837)        76.27     75.20    2.3%      多0/空0  弱机会     
长芯博创(300548)      262.80    260.89    3.1%      多0/空0  弱机会     
09:41:56 [INFO] 🫀 扫描心跳 第34轮开始
09:42:17 [INFO] 🫀 扫描心跳 第35轮开始
09:42:38 [INFO] 🫀 扫描心跳 第36轮开始
09:42:59 [INFO] 🫀 扫描心跳 第37轮开始
09:43:06 [INFO] ✅ 集合竞价AUCTION_SURGE_SELL提醒已推送: 300548
09:43:08 [INFO] 🔔 已触发急促报警
09:43:08 [INFO] 
📊 护城河防御面板 第37轮
──────────────────────────────────────────────────────────────────────
科创半导体ETF华夏(588170)    3.95      3.98    3.0%      多0/空0  弱机会     
特变电工(600089)       22.27     22.28    1.2%      多0/空0  无波待涨    
双良节能(600481)        4.96      4.92    3.5%      多0/空0  弱机会     
五洲新春(603667)       62.09     62.01    1.3%      多0/空0  无波待涨    
华工科技(000988)      175.18    175.69    3.1%      多0/空0  弱机会     
拓维信息(002261)       27.17     27.09    1.1%      多0/空0  无波待涨    
飞龙股份(002536)       46.78     46.76    6.0%      多0/空0  弱机会     
摩恩电气(002451)        7.08      7.05    2.7%     多2/空40  可T观察    
陕西斯瑞新材股份(688102)   46.49     46.34    2.3%      多0/空0  弱机会     
英维克(002837)        76.36     75.72    3.1%      多0/空0  弱机会     
长芯博创(300548)      264.40    261.78    3.7%    多12/空34  停手:买卖都不够强
09:43:23 [INFO] 🫀 扫描心跳 第38轮开始
09:43:29 [INFO] ⏭️  300548-auction-AUCTION_SURGE_SELL 推送节流，276s 后可再发
09:43:44 [INFO] 🫀 扫描心跳 第39轮开始
09:44:05 [INFO] 🫀 扫描心跳 第40轮开始
09:44:26 [INFO] 🫀 扫描心跳 第41轮开始
09:44:32 [INFO] 
📊 护城河防御面板 第41轮
──────────────────────────────────────────────────────────────────────
科创半导体ETF华夏(588170)    3.95      3.98    3.0%      多0/空0  弱机会     
特变电工(600089)       22.27     22.28    1.2%      多0/空0  无波待涨    
双良节能(600481)        4.96      4.92    3.5%      多0/空0  弱机会     
五洲新春(603667)       62.09     62.01    1.3%      多0/空0  无波待涨    
华工科技(000988)      175.18    175.69    3.1%      多0/空0  弱机会     
拓维信息(002261)       27.17     27.09    1.1%      多0/空0  无波待涨    
飞龙股份(002536)       46.78     46.76    6.0%      多0/空0  弱机会     
摩恩电气(002451)        7.08      7.05    2.7%     多2/空40  可T观察    
陕西斯瑞新材股份(688102)   46.49     46.34    2.3%      多0/空0  弱机会     
英维克(002837)        76.36     75.72    3.1%      多0/空0  弱机会     
长芯博创(300548)      264.40    261.78    3.7%    多12/空34  停手:买卖都不够强
09:44:47 [INFO] 🫀 扫描心跳 第42轮开始
09:45:09 [INFO] 🫀 扫描心跳 第43轮开始
09:45:30 [INFO] 🫀 扫描心跳 第44轮开始
09:45:51 [INFO] 🫀 扫描心跳 第45轮开始
09:46:00 [INFO] ✅ 飞书消息已成功送达: 陕西斯瑞新材股份(688102) SELL_HIGH - 加急通知已发送
09:46:02 [INFO] 🔔 已触发急促报警
09:46:03 [INFO] ✅ 集合竞价AUCTION_SURGE_SELL提醒已推送: 002837
09:46:05 [INFO] 🔔 已触发急促报警
09:46:06 [INFO] 
📊 护城河防御面板 第45轮
──────────────────────────────────────────────────────────────────────
科创半导体ETF华夏(588170)    3.99      3.98    3.0%    多26/空21  停手:买卖都不够强
特变电工(600089)       22.20     22.28    1.3%     多22/空4  停手:日内波动过低
双良节能(600481)        4.96      4.93    3.5%     多0/空29  停手:买卖都不够强
五洲新春(603667)       62.35     62.12    1.3%     多2/空15  停手:日内波动过低
华工科技(000988)      175.98    175.54    3.1%    多16/空15  停手:买卖都不够强
拓维信息(002261)       27.27     27.14    1.3%     多2/空31  停手:日内波动过低
飞龙股份(002536)       47.20     46.87    6.0%     多0/空29  停手:买卖都不够强
摩恩电气(002451)        7.08      7.05    2.7%     多2/空40  可T观察    
陕西斯瑞新材股份(688102)   47.24     46.56    3.4%     多2/空57  强可T|SELL_HIGH
英维克(002837)        77.05     76.12    3.3%    多10/空44  停手:高位但无明确优势
长芯博创(300548)      264.16    262.33    3.7%    多10/空29  停手:买卖都不够强
09:46:21 [INFO] 🫀 扫描心跳 第46轮开始
09:46:28 [INFO] ⏭️  002837-auction-AUCTION_SURGE_SELL 推送节流，274s 后可再发
09:46:44 [INFO] 🫀 扫描心跳 第47轮开始
09:47:07 [INFO] 🫀 扫描心跳 第48轮开始
09:47:30 [INFO] 🫀 扫描心跳 第49轮开始
09:47:38 [INFO] 
📊 护城河防御面板 第49轮
──────────────────────────────────────────────────────────────────────
科创半导体ETF华夏(588170)    3.99      3.98    3.0%    多26/空21  停手:买卖都不够强
特变电工(600089)       22.20     22.28    1.3%     多22/空4  停手:日内波动过低
双良节能(600481)        4.96      4.93    3.5%     多0/空29  停手:买卖都不够强
五洲新春(603667)       62.35     62.12    1.3%     多2/空15  停手:日内波动过低
华工科技(000988)      175.98    175.54    3.1%    多16/空15  停手:买卖都不够强
拓维信息(002261)       27.27     27.14    1.3%     多2/空31  停手:日内波动过低
飞龙股份(002536)       47.20     46.87    6.0%     多0/空29  停手:买卖都不够强
摩恩电气(002451)        7.09      7.07    2.7%     多0/空29  停手:买卖都不够强
陕西斯瑞新材股份(688102)   47.24     46.56    3.4%     多2/空49  强可T     
英维克(002837)        77.05     76.12    3.3%    多10/空44  停手:高位但无明确优势
长芯博创(300548)      264.16    262.33    3.7%    多10/空29  停手:买卖都不够强
09:47:53 [INFO] 🫀 扫描心跳 第50轮开始
09:48:16 [INFO] 🫀 扫描心跳 第51轮开始
09:48:39 [INFO] 🫀 扫描心跳 第52轮开始
09:49:02 [INFO] 🫀 扫描心跳 第53轮开始
09:49:04 [INFO] ✅ 集合竞价AUCTION_SURGE_SELL提醒已推送: 588170
09:49:05 [INFO] 🔔 已触发急促报警
09:49:13 [INFO] ✅ 飞书消息已成功送达: 英维克(002837) SELL_HIGH - 加急通知已发送
09:49:14 [INFO] 🔔 已触发急促报警
09:49:15 [INFO] 
📊 护城河防御面板 第53轮
──────────────────────────────────────────────────────────────────────
科创半导体ETF华夏(588170)    4.04      3.99    3.0%     多7/空33  停手:买卖都不够强
特变电工(600089)       22.12     22.25    1.6%     多38/空4  可T观察    
双良节能(600481)        4.92      4.93    3.5%     多16/空0  停手:买卖都不够强
五洲新春(603667)       62.20     62.15    1.3%    多10/空29  停手:日内波动过低
华工科技(000988)      177.03    175.94    3.1%     多2/空30  停手:买卖都不够强
拓维信息(002261)       27.30     27.19    1.6%     多0/空29  停手:买卖都不够强
飞龙股份(002536)       47.26     47.00    6.0%     多0/空19  停手:买卖都不够强
摩恩电气(002451)        7.09      7.07    2.7%     多0/空29  停手:买卖都不够强
陕西斯瑞新材股份(688102)   46.11     46.53    3.4%    多41/空-4  可T观察    
英维克(002837)        77.40     76.49    4.1%     多8/空59  强可T|SELL_HIGH
长芯博创(300548)      265.62    263.13    4.2%    多10/空44  停手:高位但无明确优势
09:49:30 [INFO] 🫀 扫描心跳 第54轮开始
09:49:31 [INFO] ⏭️  588170-auction-AUCTION_SURGE_SELL 推送节流，271s 后可再发
09:49:54 [INFO] 🫀 扫描心跳 第55轮开始
09:50:16 [INFO] 🫀 扫描心跳 第56轮开始
09:50:40 [INFO] 🫀 扫描心跳 第57轮开始
09:50:47 [INFO] 
📊 护城河防御面板 第57轮
──────────────────────────────────────────────────────────────────────
科创半导体ETF华夏(588170)    4.04      3.99    3.0%     多7/空33  停手:买卖都不够强
特变电工(600089)       22.12     22.25    1.6%     多38/空4  可T观察    
双良节能(600481)        4.92      4.93    3.5%     多16/空0  停手:买卖都不够强
五洲新春(603667)       62.20     62.15    1.3%    多10/空29  停手:日内波动过低
华工科技(000988)      177.03    175.94    3.1%     多2/空30  停手:买卖都不够强
拓维信息(002261)       27.30     27.19    1.6%     多0/空29  停手:买卖都不够强
飞龙股份(002536)       47.26     47.00    6.0%     多0/空19  停手:买卖都不够强
摩恩电气(002451)        7.04      7.06    2.7%    多16/空14  停手:买卖都不够强
陕西斯瑞新材股份(688102)   46.11     46.53    3.4%    多41/空-4  可T观察    
英维克(002837)        77.40     76.49    4.1%     多8/空51  强可T     
长芯博创(300548)      265.62    263.13    4.2%    多10/空44  停手:高位但无明确优势
09:51:02 [INFO] 🫀 扫描心跳 第58轮开始
09:51:26 [INFO] 🫀 扫描心跳 第59轮开始
09:51:48 [INFO] 🫀 扫描心跳 第60轮开始
09:52:11 [INFO] 🫀 扫描心跳 第61轮开始
09:52:20 [INFO] 
📊 护城河防御面板 第61轮
──────────────────────────────────────────────────────────────────────
科创半导体ETF华夏(588170)    4.05      4.00    3.2%     多7/空37  可T观察    
特变电工(600089)       22.13     22.21    1.9%     多48/空0  强可T     
双良节能(600481)        4.94      4.93    3.5%     多0/空15  停手:买卖都不够强
五洲新春(603667)       62.30     62.18    1.3%     多2/空25  停手:日内波动过低
华工科技(000988)      177.50    176.26    3.1%     多2/空25  停手:买卖都不够强
拓维信息(002261)       27.31     27.23    1.6%     多0/空25  停手:买卖都不够强
飞龙股份(002536)       47.62     47.11    6.2%    多16/空34  停手:买卖都不够强
摩恩电气(002451)        7.04      7.06    2.7%    多16/空14  停手:买卖都不够强
陕西斯瑞新材股份(688102)   46.63     46.55    3.4%     多20/空7  停手:买卖都不够强
英维克(002837)        78.24     76.82    4.9%    多10/空38  停手:高位但无明确优势
长芯博创(300548)      268.13    264.29    5.3%    多12/空40  停手:高位但无明确优势
09:52:35 [INFO] 🫀 扫描心跳 第62轮开始
09:52:58 [INFO] 🫀 扫描心跳 第63轮开始
09:53:21 [INFO] 🫀 扫描心跳 第64轮开始
09:53:44 [INFO] 🫀 扫描心跳 第65轮开始
09:53:52 [INFO] 
📊 护城河防御面板 第65轮
──────────────────────────────────────────────────────────────────────
科创半导体ETF华夏(588170)    4.05      4.00    3.2%     多7/空37  可T观察    
特变电工(600089)       22.13     22.21    1.9%     多48/空0  强可T     
双良节能(600481)        4.94      4.93    3.5%     多0/空15  停手:买卖都不够强
五洲新春(603667)       62.30     62.18    1.3%     多2/空25  停手:日内波动过低
华工科技(000988)      177.50    176.26    3.1%     多2/空25  停手:买卖都不够强
拓维信息(002261)       27.31     27.23    1.6%     多0/空25  停手:买卖都不够强
飞龙股份(002536)       47.62     47.11    6.2%    多16/空34  停手:买卖都不够强
摩恩电气(002451)        7.03      7.06    2.7%     多16/空4  停手:买卖都不够强
陕西斯瑞新材股份(688102)   46.63     46.55    3.4%     多20/空7  停手:买卖都不够强
英维克(002837)        78.24     76.82    4.9%    多10/空38  停手:高位但无明确优势
长芯博创(300548)      268.13    264.29    5.3%    多12/空40  停手:高位但无明确优势
09:54:07 [INFO] 🫀 扫描心跳 第66轮开始
09:54:30 [INFO] 🫀 扫描心跳 第67轮开始
09:54:53 [INFO] 🫀 扫描心跳 第68轮开始
09:55:16 [INFO] 🫀 扫描心跳 第69轮开始
09:55:17 [INFO] 📊 ETF动态份数 588170: 信号强度47/阈值38, 建议交易400份
09:55:18 [INFO] ✅ 飞书消息已成功送达: 科创半导体ETF华夏(588170) SELL_HIGH - 加急通知已发送
09:55:19 [INFO] 🔔 已触发急促报警
09:55:29 [INFO] 
📊 护城河防御面板 第69轮
──────────────────────────────────────────────────────────────────────
科创半导体ETF华夏(588170)    4.04      4.01    3.6%     多5/空47  强可T|SELL_HIGH
特变电工(600089)       22.07     22.18    1.9%     多40/空4  可T观察    
双良节能(600481)        4.93      4.93    3.5%      多8/空0  停手:买卖都不够强
五洲新春(603667)       62.10     62.19    1.3%     多8/空14  停手:日内波动过低
华工科技(000988)      175.81    176.23    3.1%    多16/空14  停手:买卖都不够强
拓维信息(002261)       27.34     27.25    1.6%     多0/空29  停手:买卖都不够强
飞龙股份(002536)       47.38     47.16    6.2%     多0/空19  停手:买卖都不够强
摩恩电气(002451)        7.03      7.06    2.7%     多16/空4  停手:买卖都不够强
陕西斯瑞新材股份(688102)   47.10     46.60    3.4%     多2/空22  停手:买卖都不够强
英维克(002837)        77.92     77.02    4.9%     多8/空36  停手:高位但无明确优势
长芯博创(300548)      265.63    264.54    5.3%    多10/空15  停手:买卖都不够强
09:55:44 [INFO] 🫀 扫描心跳 第70轮开始
09:56:07 [INFO] 🫀 扫描心跳 第71轮开始
09:56:30 [INFO] 🫀 扫描心跳 第72轮开始
09:56:53 [INFO] 🫀 扫描心跳 第73轮开始
09:57:01 [INFO] 
📊 护城河防御面板 第73轮
──────────────────────────────────────────────────────────────────────
科创半导体ETF华夏(588170)    4.04      4.01    3.6%     多5/空39  可T观察    
特变电工(600089)       22.07     22.18    1.9%     多40/空4  可T观察    
双良节能(600481)        4.93      4.93    3.5%      多8/空0  停手:买卖都不够强
五洲新春(603667)       62.10     62.19    1.3%     多8/空14  停手:日内波动过低
华工科技(000988)      175.81    176.23    3.1%    多16/空14  停手:买卖都不够强
拓维信息(002261)       27.34     27.25    1.6%     多0/空29  停手:买卖都不够强
飞龙股份(002536)       47.38     47.16    6.2%     多0/空19  停手:买卖都不够强
摩恩电气(002451)        7.06      7.06    2.7%    多17/空15  停手:买卖都不够强
陕西斯瑞新材股份(688102)   47.10     46.60    3.4%     多2/空22  停手:买卖都不够强
英维克(002837)        77.92     77.02    4.9%     多8/空36  停手:高位但无明确优势
长芯博创(300548)      265.63    264.54    5.3%    多10/空15  停手:买卖都不够强
09:57:16 [INFO] 🫀 扫描心跳 第74轮开始
09:57:39 [INFO] 🫀 扫描心跳 第75轮开始
09:58:02 [INFO] 🫀 扫描心跳 第76轮开始
09:58:25 [INFO] 🫀 扫描心跳 第77轮开始
09:58:35 [INFO] 
📊 护城河防御面板 第77轮
──────────────────────────────────────────────────────────────────────
科创半导体ETF华夏(588170)    4.03      4.01    3.6%    多15/空25  停手:买卖都不够强
特变电工(600089)       22.12     22.17    1.9%     多30/空0  可T观察    
双良节能(600481)        4.92      4.93    3.5%     多16/空4  停手:买卖都不够强
五洲新春(603667)       62.01     62.17    1.3%     多16/空4  停手:日内波动过低
华工科技(000988)      175.90    176.19    3.1%    多16/空14  停手:买卖都不够强
拓维信息(002261)       27.45     27.28    1.9%     多2/空31  停手:买卖都不够强
飞龙股份(002536)       46.85     47.13    6.2%     多26/空0  停手:买卖都不够强
摩恩电气(002451)        7.06      7.06    2.7%    多17/空15  停手:买卖都不够强
陕西斯瑞新材股份(688102)   46.82     46.62    3.4%      多2/空7  停手:买卖都不够强
英维克(002837)        77.84     77.18    4.9%    多18/空26  停手:买卖都不够强
长芯博创(300548)      264.68    264.72    5.3%     多26/空0  停手:买卖都不够强
09:58:50 [INFO] 🫀 扫描心跳 第78轮开始
09:59:13 [INFO] 🫀 扫描心跳 第79轮开始
09:59:36 [INFO] 🫀 扫描心跳 第80轮开始
09:59:59 [INFO] 🫀 扫描心跳 第81轮开始
10:00:07 [INFO] 
📊 护城河防御面板 第81轮
──────────────────────────────────────────────────────────────────────
科创半导体ETF华夏(588170)    4.03      4.01    3.6%    多15/空25  停手:买卖都不够强
特变电工(600089)       22.12     22.17    1.9%     多30/空0  可T观察    
双良节能(600481)        4.92      4.93    3.5%     多16/空4  停手:买卖都不够强
五洲新春(603667)       62.01     62.17    1.3%     多16/空4  停手:日内波动过低
华工科技(000988)      175.90    176.19    3.1%    多16/空14  停手:买卖都不够强
拓维信息(002261)       27.45     27.28    1.9%     多2/空31  停手:买卖都不够强
飞龙股份(002536)       46.85     47.13    6.2%     多26/空0  停手:买卖都不够强
摩恩电气(002451)        7.09      7.06    2.7%     多2/空30  停手:买卖都不够强
陕西斯瑞新材股份(688102)   46.82     46.62    3.4%      多2/空7  停手:买卖都不够强
英维克(002837)        77.84     77.18    4.9%    多18/空26  停手:买卖都不够强
长芯博创(300548)      264.68    264.72    5.3%     多26/空0  停手:买卖都不够强
10:00:22 [INFO] 🫀 扫描心跳 第82轮开始
10:00:33 [INFO] ✅ 飞书消息已成功送达: 摩恩电气(002451) SELL_HIGH - 加急通知已发送
10:00:35 [INFO] 🔔 已触发急促报警
10:00:54 [INFO] 🫀 扫描心跳 第83轮开始
10:01:17 [INFO] 🫀 扫描心跳 第84轮开始
10:01:40 [INFO] 🫀 扫描心跳 第85轮开始
10:01:46 [INFO] ✅ 集合竞价AUCTION_SURGE_SELL提醒已推送: 002261
10:01:47 [INFO] 🔔 已触发急促报警
10:01:48 [INFO] ✅ 飞书消息已成功送达: 拓维信息(002261) SELL_HIGH - 加急通知已发送
10:01:50 [INFO] 🔔 已触发急促报警
10:01:54 [INFO] 
📊 护城河防御面板 第85轮
──────────────────────────────────────────────────────────────────────
科创半导体ETF华夏(588170)    4.00      4.01    3.6%    多41/空14  可T观察    
特变电工(600089)       22.16     22.17    1.9%    多32/空30  停手:震荡贴均且分差不大
双良节能(600481)        4.96      4.93    3.5%    多47/空30  强可T     
五洲新春(603667)       62.15     62.16    1.3%    多52/空15  停手:日内波动过低
华工科技(000988)      176.37    176.22    3.1%    多20/空30  停手:买卖都不够强
拓维信息(002261)       27.62     27.32    2.5%    多20/空61  强可T|SELL_HIGH
飞龙股份(002536)       47.02     47.11    6.2%    多64/空19  强可T     
摩恩电气(002451)        7.09      7.06    2.7%   多-20/空39  可T观察    
陕西斯瑞新材股份(688102)   46.54     46.64    3.4%    多33/空15  可T观察    
英维克(002837)        78.58     77.33    5.4%    多45/空53  强可T     
长芯博创(300548)      263.01    264.63    5.3%    多51/空19  强可T     
10:02:09 [INFO] 🫀 扫描心跳 第86轮开始
10:02:13 [INFO] ⏭️  002261-auction-AUCTION_SURGE_SELL 推送节流，271s 后可再发
10:02:32 [INFO] 🫀 扫描心跳 第87轮开始
10:02:55 [INFO] 🫀 扫描心跳 第88轮开始
10:03:18 [INFO] 🫀 扫描心跳 第89轮开始
10:03:27 [INFO] 
📊 护城河防御面板 第89轮
──────────────────────────────────────────────────────────────────────
科创半导体ETF华夏(588170)    4.00      4.01    3.6%    多41/空14  可T观察    
特变电工(600089)       22.16     22.17    1.9%    多32/空30  停手:震荡贴均且分差不大
双良节能(600481)        4.96      4.93    3.5%    多47/空30  强可T     
五洲新春(603667)       62.15     62.16    1.3%    多52/空15  停手:日内波动过低
华工科技(000988)      176.37    176.22    3.1%    多20/空30  停手:买卖都不够强
拓维信息(002261)       27.62     27.32    2.5%    多20/空53  强可T     
飞龙股份(002536)       47.02     47.11    6.2%    多64/空19  强可T     
摩恩电气(002451)        7.11      7.07    2.7%    多-2/空54  强可T     
陕西斯瑞新材股份(688102)   46.54     46.64    3.4%    多33/空15  可T观察    
英维克(002837)        78.58     77.33    5.4%    多45/空53  强可T     
长芯博创(300548)      263.01    264.63    5.3%    多51/空19  强可T     
10:03:42 [INFO] 🫀 扫描心跳 第90轮开始
10:04:05 [INFO] 🫀 扫描心跳 第91轮开始
10:04:29 [INFO] 🫀 扫描心跳 第92轮开始
10:04:52 [INFO] 🫀 扫描心跳 第93轮开始
10:05:00 [INFO] 
📊 护城河防御面板 第93轮
──────────────────────────────────────────────────────────────────────
科创半导体ETF华夏(588170)    4.02      4.01    3.6%    多41/空25  可T观察    
特变电工(600089)       22.13     22.17    1.9%    多32/空29  可T观察    
双良节能(600481)        4.95      4.93    3.5%    多44/空34  停手:高位但无明确优势
五洲新春(603667)       62.15     62.17    1.3%    多26/空29  停手:日内波动过低
华工科技(000988)      175.69    176.14    3.1%    多34/空19  可T观察    
拓维信息(002261)       27.80     27.40    3.2%    多20/空64  强可T     
飞龙股份(002536)       46.98     47.09    6.2%    多56/空19  强可T     
摩恩电气(002451)        7.11      7.07    2.7%    多-2/空54  强可T     
陕西斯瑞新材股份(688102)   46.65     46.63    3.4%    多45/空30  强可T     
英维克(002837)        78.58     77.51    5.5%    多26/空78  强可T     
长芯博创(300548)      263.59    264.42    5.3%    多69/空19  强可T     
10:05:15 [INFO] 🫀 扫描心跳 第94轮开始
10:05:38 [INFO] 🫀 扫描心跳 第95轮开始
10:06:01 [INFO] 🫀 扫描心跳 第96轮开始
10:06:24 [INFO] 🫀 扫描心跳 第97轮开始
10:06:32 [INFO] 
📊 护城河防御面板 第97轮
──────────────────────────────────────────────────────────────────────
科创半导体ETF华夏(588170)    4.02      4.01    3.6%    多41/空25  可T观察    
特变电工(600089)       22.13     22.17    1.9%    多32/空29  可T观察    
双良节能(600481)        4.95      4.93    3.5%    多44/空34  停手:高位但无明确优势
五洲新春(603667)       62.15     62.17    1.3%    多26/空29  停手:日内波动过低
华工科技(000988)      175.69    176.14    3.1%    多34/空19  可T观察    
拓维信息(002261)       27.80     27.40    3.2%    多20/空64  强可T     
飞龙股份(002536)       46.98     47.09    6.2%    多56/空19  强可T     
摩恩电气(002451)        7.09      7.07    2.7%    多-2/空53  强可T     
陕西斯瑞新材股份(688102)   46.65     46.63    3.4%    多45/空30  强可T     
英维克(002837)        78.58     77.51    5.5%    多26/空78  强可T     
长芯博创(300548)      263.59    264.42    5.3%    多69/空19  强可T     
10:06:47 [INFO] 🫀 扫描心跳 第98轮开始
10:07:11 [INFO] 🫀 扫描心跳 第99轮开始
10:07:34 [INFO] 🫀 扫描心跳 第100轮开始
10:07:57 [INFO] 🫀 扫描心跳 第101轮开始
10:08:04 [INFO] ✅ 飞书消息已成功送达: 飞龙股份(002536) SELL_HIGH - 加急通知已发送
10:08:06 [INFO] 🔔 已触发急促报警
10:08:09 [INFO] 
📊 护城河防御面板 第101轮
──────────────────────────────────────────────────────────────────────
科创半导体ETF华夏(588170)    4.03      4.02    3.6%    多37/空37  可T观察    
特变电工(600089)       22.11     22.16    1.9%    多50/空29  强可T     
双良节能(600481)        4.94      4.93    3.5%    多20/空34  停手:买卖都不够强
五洲新春(603667)       62.29     62.18    1.3%    多30/空30  停手:日内波动过低
华工科技(000988)      176.98    176.29    3.1%    多20/空40  可T观察    
拓维信息(002261)       27.78     27.48    3.2%    多18/空51  强可T     
飞龙股份(002536)       47.68     47.14    6.3%    多20/空57  强可T|SELL_HIGH
摩恩电气(002451)        7.09      7.07    2.7%    多-2/空53  强可T     
陕西斯瑞新材股份(688102)   46.95     46.67    3.4%    多17/空41  可T观察    
英维克(002837)        78.48     77.70    5.8%    多26/空41  停手:高位但无明确优势
长芯博创(300548)      265.50    264.64    5.3%    多47/空45  强可T     
10:08:24 [INFO] 🫀 扫描心跳 第102轮开始
10:08:48 [INFO] 🫀 扫描心跳 第103轮开始
10:09:11 [INFO] 🫀 扫描心跳 第104轮开始
10:09:34 [INFO] 🫀 扫描心跳 第105轮开始
10:09:42 [INFO] 
📊 护城河防御面板 第105轮
──────────────────────────────────────────────────────────────────────
科创半导体ETF华夏(588170)    4.03      4.02    3.6%    多37/空37  可T观察    
特变电工(600089)       22.11     22.16    1.9%    多50/空29  强可T     
双良节能(600481)        4.94      4.93    3.5%    多20/空34  停手:买卖都不够强
五洲新春(603667)       62.29     62.18    1.3%    多30/空30  停手:日内波动过低
华工科技(000988)      176.98    176.29    3.1%    多20/空40  可T观察    
拓维信息(002261)       27.78     27.48    3.2%    多18/空51  强可T     
飞龙股份(002536)       47.68     47.14    6.3%    多20/空49  强可T     
摩恩电气(002451)        7.05      7.07    2.7%    多19/空28  停手:买卖都不够强
陕西斯瑞新材股份(688102)   46.95     46.67    3.4%    多17/空41  可T观察    
英维克(002837)        78.48     77.70    5.8%    多26/空41  停手:高位但无明确优势
长芯博创(300548)      265.50    264.64    5.3%    多47/空45  强可T     
10:09:57 [INFO] 🫀 扫描心跳 第106轮开始
10:10:20 [INFO] 🫀 扫描心跳 第107轮开始
10:10:43 [INFO] 🫀 扫描心跳 第108轮开始
10:11:07 [INFO] 🫀 扫描心跳 第109轮开始
10:11:15 [INFO] 
📊 护城河防御面板 第109轮
──────────────────────────────────────────────────────────────────────
科创半导体ETF华夏(588170)    4.03      4.02    3.6%    多41/空48  强可T     
特变电工(600089)       22.18     22.16    1.9%    多22/空30  停手:买卖都不够强
双良节能(600481)        4.93      4.93    3.5%    多38/空19  可T观察    
五洲新春(603667)       62.52     62.21    1.3%    多30/空46  停手:日内波动过低
华工科技(000988)      176.85    176.37    3.1%    多18/空44  可T观察    
拓维信息(002261)       27.68     27.50    3.2%    多30/空26  停手:高位但无明确优势
飞龙股份(002536)       47.82     47.23    6.8%    多20/空74  强可T     
摩恩电气(002451)        7.05      7.07    2.7%    多19/空28  停手:买卖都不够强
陕西斯瑞新材股份(688102)   46.92     46.68    3.4%    多17/空26  停手:买卖都不够强
英维克(002837)        78.94     77.86    5.9%    多26/空41  停手:高位但无明确优势
长芯博创(300548)      264.80    264.74    5.3%    多28/空34  停手:震荡贴均且分差不大
10:11:30 [INFO] 🫀 扫描心跳 第110轮开始
10:11:53 [INFO] 🫀 扫描心跳 第111轮开始
10:12:16 [INFO] 🫀 扫描心跳 第112轮开始
10:12:40 [INFO] 🫀 扫描心跳 第113轮开始
10:12:48 [INFO] 
📊 护城河防御面板 第113轮
──────────────────────────────────────────────────────────────────────
科创半导体ETF华夏(588170)    4.03      4.02    3.6%    多41/空48  强可T     
特变电工(600089)       22.18     22.16    1.9%    多22/空30  停手:买卖都不够强
双良节能(600481)        4.93      4.93    3.5%    多38/空19  可T观察    
五洲新春(603667)       62.52     62.21    1.3%    多30/空46  停手:日内波动过低
华工科技(000988)      176.85    176.37    3.1%    多18/空44  可T观察    
拓维信息(002261)       27.68     27.50    3.2%    多30/空26  停手:高位但无明确优势
飞龙股份(002536)       47.82     47.23    6.8%    多20/空74  强可T     
摩恩电气(002451)        7.07      7.07    2.7%    多20/空39  可T观察    
陕西斯瑞新材股份(688102)   46.92     46.68    3.4%    多17/空26  停手:买卖都不够强
英维克(002837)        78.94     77.86    5.9%    多26/空41  停手:高位但无明确优势
长芯博创(300548)      264.80    264.74    5.3%    多28/空34  停手:震荡贴均且分差不大
10:13:03 [INFO] 🫀 扫描心跳 第114轮开始
10:13:26 [INFO] 🫀 扫描心跳 第115轮开始
10:13:49 [INFO] 🫀 扫描心跳 第116轮开始
10:14:12 [INFO] 🫀 扫描心跳 第117轮开始
10:14:14 [INFO] ✅ 飞书消息已成功送达: 特变电工(600089) SELL_HIGH - 加急通知已发送
10:14:16 [INFO] 🔔 已触发急促报警
10:14:17 [INFO] ✅ 飞书消息已成功送达: 双良节能(600481) SELL_HIGH - 加急通知已发送
10:14:19 [INFO] 🔔 已触发急促报警
10:14:21 [INFO] ✅ 飞书消息已成功送达: 五洲新春(603667) SELL_HIGH - 加急通知已发送
10:14:22 [INFO] 🔔 已触发急促报警
10:14:28 [INFO] 
📊 护城河防御面板 第117轮
──────────────────────────────────────────────────────────────────────
科创半导体ETF华夏(588170)    4.03      4.02    3.6%    多44/空33  可T观察    
特变电工(600089)       22.20     22.16    1.9%    多28/空57  强可T|SELL_HIGH
双良节能(600481)        4.97      4.94    3.5%    多30/空61  强可T|SELL_HIGH
五洲新春(603667)       62.64     62.26    1.6%    多20/空71  强可T|SELL_HIGH
华工科技(000988)      176.99    176.41    3.1%    多20/空40  可T观察    
拓维信息(002261)       27.70     27.52    3.2%    多33/空26  停手:高位但无明确优势
飞龙股份(002536)       47.28     47.23    6.8%    多30/空22  停手:震荡贴均且分差不大
摩恩电气(002451)        7.07      7.07    2.7%    多20/空39  可T观察    
陕西斯瑞新材股份(688102)   46.83     46.69    3.4%    多37/空26  可T观察    
英维克(002837)        78.82     77.94    5.9%    多26/空41  停手:高位但无明确优势
长芯博创(300548)      264.59    264.69    5.3%    多56/空19  强可T     
10:14:43 [INFO] 🫀 扫描心跳 第118轮开始
10:15:06 [INFO] 🫀 扫描心跳 第119轮开始
10:15:29 [INFO] 🫀 扫描心跳 第120轮开始
10:15:52 [INFO] 🫀 扫描心跳 第121轮开始
10:16:00 [INFO] 
📊 护城河防御面板 第121轮
──────────────────────────────────────────────────────────────────────
科创半导体ETF华夏(588170)    4.03      4.02    3.6%    多44/空33  可T观察    
特变电工(600089)       22.20     22.16    1.9%    多28/空49  强可T     
双良节能(600481)        4.97      4.94    3.5%    多30/空53  强可T     
五洲新春(603667)       62.64     62.26    1.6%    多20/空63  强可T     
华工科技(000988)      176.99    176.41    3.1%    多20/空40  可T观察    
拓维信息(002261)       27.70     27.52    3.2%    多33/空26  停手:高位但无明确优势
飞龙股份(002536)       47.28     47.23    6.8%    多30/空22  停手:震荡贴均且分差不大
摩恩电气(002451)        7.10      7.07    2.7%     多8/空54  强可T     
陕西斯瑞新材股份(688102)   46.83     46.69    3.4%    多37/空26  可T观察    
英维克(002837)        78.82     77.94    5.9%    多26/空41  停手:高位但无明确优势
长芯博创(300548)      264.59    264.69    5.3%    多56/空19  强可T     
10:16:15 [INFO] 🫀 扫描心跳 第122轮开始
10:16:38 [INFO] 🫀 扫描心跳 第123轮开始
10:17:01 [INFO] 🫀 扫描心跳 第124轮开始
10:17:25 [INFO] 🫀 扫描心跳 第125轮开始
10:17:34 [INFO] 
📊 护城河防御面板 第125轮
──────────────────────────────────────────────────────────────────────
科创半导体ETF华夏(588170)    4.02      4.02    3.6%    多37/空37  停手:震荡贴均且分差不大
特变电工(600089)       22.23     22.17    1.9%    多33/空59  强可T     
双良节能(600481)        4.98      4.94    3.8%    多30/空53  强可T     
五洲新春(603667)       62.99     62.32    2.1%    多20/空53  强可T     
华工科技(000988)      177.42    176.48    3.1%    多20/空30  停手:买卖都不够强
拓维信息(002261)       27.60     27.53    3.2%    多18/空26  停手:买卖都不够强
飞龙股份(002536)       46.97     47.22    6.8%    多33/空11  可T观察    
摩恩电气(002451)        7.10      7.07    2.7%     多8/空54  强可T     
陕西斯瑞新材股份(688102)   46.58     46.66    3.4%    多47/空11  强可T     
英维克(002837)        78.18     77.99    5.9%    多38/空26  可T观察    
长芯博创(300548)      263.20    264.57    5.3%    多51/空19  强可T     
10:17:49 [INFO] 🫀 扫描心跳 第126轮开始
10:18:12 [INFO] 🫀 扫描心跳 第127轮开始
10:18:36 [INFO] 🫀 扫描心跳 第128轮开始
10:18:59 [INFO] 🫀 扫描心跳 第129轮开始
10:19:07 [INFO] 
📊 护城河防御面板 第129轮
──────────────────────────────────────────────────────────────────────
科创半导体ETF华夏(588170)    4.02      4.02    3.6%    多37/空37  停手:震荡贴均且分差不大
特变电工(600089)       22.23     22.17    1.9%    多33/空59  强可T     
双良节能(600481)        4.98      4.94    3.8%    多30/空53  强可T     
五洲新春(603667)       62.99     62.32    2.1%    多20/空53  强可T     
华工科技(000988)      177.42    176.48    3.1%    多20/空30  停手:买卖都不够强
拓维信息(002261)       27.60     27.53    3.2%    多18/空26  停手:买卖都不够强
飞龙股份(002536)       46.97     47.22    6.8%    多33/空11  可T观察    
摩恩电气(002451)        7.07      7.07    2.7%    多-2/空53  强可T     
陕西斯瑞新材股份(688102)   46.58     46.66    3.4%    多47/空11  强可T     
英维克(002837)        78.18     77.99    5.9%    多38/空26  可T观察    
长芯博创(300548)      263.20    264.57    5.3%    多51/空19  强可T     
10:19:22 [INFO] 🫀 扫描心跳 第130轮开始
10:19:45 [INFO] 🫀 扫描心跳 第131轮开始
10:20:18 [INFO] 🫀 扫描心跳 第132轮开始
10:20:22 [INFO] ✅ 集合竞价AUCTION_SURGE_SELL提醒已推送: 603667
10:20:24 [INFO] 🔔 已触发急促报警
10:20:44 [INFO] 🫀 扫描心跳 第133轮开始
10:20:47 [INFO] ⏭️  603667-auction-AUCTION_SURGE_SELL 推送节流，274s 后可再发
10:20:49 [INFO] ✅ 集合竞价AUCTION_SURGE_SELL提醒已推送: 000988
10:20:50 [INFO] 🔔 已触发急促报警
10:20:51 [INFO] ✅ 飞书消息已成功送达: 华工科技(000988) SELL_HIGH - 加急通知已发送
10:20:53 [INFO] 🔔 已触发急促报警
10:20:58 [INFO] 
📊 护城河防御面板 第133轮
──────────────────────────────────────────────────────────────────────
科创半导体ETF华夏(588170)    4.00      4.02    3.6%    多64/空22  强可T     
特变电工(600089)       22.22     22.17    1.9%    多38/空32  可T观察    
双良节能(600481)        5.00      4.95    4.2%    多20/空78  强可T     
五洲新春(603667)       63.59     62.44    3.0%    多20/空68  强可T     
华工科技(000988)      182.27    177.05    5.1%    多20/空72  强可T|SELL_HIGH
拓维信息(002261)       27.61     27.54    3.2%    多18/空26  停手:买卖都不够强
飞龙股份(002536)       46.94     47.20    6.8%    多51/空11  强可T     
摩恩电气(002451)        7.09      7.07    2.7%     多0/空39  可T观察    
陕西斯瑞新材股份(688102)   46.74     46.66    3.4%    多34/空26  可T观察    
英维克(002837)        78.19     78.01    5.9%    多46/空26  强可T     
长芯博创(300548)      264.99    264.52    5.3%    多47/空30  强可T     
10:21:13 [INFO] 🫀 扫描心跳 第134轮开始
10:21:16 [INFO] ⏭️  000988-auction-AUCTION_SURGE_SELL 推送节流，271s 后可再发
10:21:36 [INFO] 🫀 扫描心跳 第135轮开始
10:21:59 [INFO] 🫀 扫描心跳 第136轮开始
10:22:22 [INFO] 🫀 扫描心跳 第137轮开始
10:22:30 [INFO] 
📊 护城河防御面板 第137轮
──────────────────────────────────────────────────────────────────────
科创半导体ETF华夏(588170)    4.00      4.02    3.6%    多64/空22  强可T     
特变电工(600089)       22.22     22.17    1.9%    多38/空32  可T观察    
双良节能(600481)        5.00      4.95    4.2%    多20/空78  强可T     
五洲新春(603667)       63.59     62.44    3.0%    多20/空68  强可T     
华工科技(000988)      182.27    177.05    5.1%    多20/空64  强可T     
拓维信息(002261)       27.61     27.54    3.2%    多18/空26  停手:买卖都不够强
飞龙股份(002536)       46.94     47.20    6.8%    多51/空11  强可T     
摩恩电气(002451)        7.09      7.07    2.7%     多0/空39  可T观察    
陕西斯瑞新材股份(688102)   46.74     46.66    3.4%    多34/空26  可T观察    
英维克(002837)        78.19     78.01    5.9%    多46/空26  强可T     
长芯博创(300548)      264.99    264.52    5.3%    多47/空30  强可T     
10:22:45 [INFO] 🫀 扫描心跳 第138轮开始
10:23:08 [INFO] 🫀 扫描心跳 第139轮开始
10:23:09 [INFO] ✅ 飞书消息已成功送达: 科创半导体ETF华夏(588170) BUY_LOW - 加急通知已发送
10:23:11 [INFO] 🔔 已触发急促报警
10:23:34 [INFO] 🫀 扫描心跳 第140轮开始
10:23:57 [INFO] 🫀 扫描心跳 第141轮开始
10:24:07 [INFO] 
📊 护城河防御面板 第141轮
──────────────────────────────────────────────────────────────────────
科创半导体ETF华夏(588170)    3.99      4.01    3.6%    多61/空22  强可T     
特变电工(600089)       22.19     22.17    1.9%    多26/空36  可T观察    
双良节能(600481)        4.98      4.95    4.2%    多40/空26  停手:高位但无明确优势
五洲新春(603667)       64.00     62.57    3.7%    多20/空49  强可T     
华工科技(000988)      184.60    177.67    6.3%    多20/空64  强可T     
拓维信息(002261)       27.52     27.54    3.2%    多62/空11  强可T     
飞龙股份(002536)       47.08     47.18    6.8%     多46/空7  强可T     
摩恩电气(002451)        7.05      7.07    2.7%    多27/空28  停手:买卖都不够强
陕西斯瑞新材股份(688102)   46.08     46.62    3.4%    多69/空15  强可T     
英维克(002837)        78.50     78.06    5.9%    多45/空26  强可T     
长芯博创(300548)      265.39    264.64    5.3%    多30/空30  可T观察    
10:24:22 [INFO] 🫀 扫描心跳 第142轮开始
10:24:45 [INFO] 🫀 扫描心跳 第143轮开始
10:25:08 [INFO] 🫀 扫描心跳 第144轮开始
10:25:31 [INFO] 🫀 扫描心跳 第145轮开始
10:25:40 [INFO] 
📊 护城河防御面板 第145轮
──────────────────────────────────────────────────────────────────────
科创半导体ETF华夏(588170)    3.99      4.01    3.6%    多61/空22  强可T     
特变电工(600089)       22.19     22.17    1.9%    多26/空36  可T观察    
双良节能(600481)        4.98      4.95    4.2%    多40/空26  停手:高位但无明确优势
五洲新春(603667)       64.00     62.57    3.7%    多20/空49  强可T     
华工科技(000988)      184.60    177.67    6.3%    多20/空64  强可T     
拓维信息(002261)       27.52     27.54    3.2%    多62/空11  强可T     
飞龙股份(002536)       47.08     47.18    6.8%     多46/空7  强可T     
摩恩电气(002451)        7.05      7.07    2.7%    多27/空28  停手:买卖都不够强
陕西斯瑞新材股份(688102)   46.08     46.62    3.4%    多69/空15  强可T     
英维克(002837)        78.50     78.06    5.9%    多45/空26  强可T     
长芯博创(300548)      265.39    264.64    5.3%    多30/空30  可T观察    
10:25:55 [INFO] 🫀 扫描心跳 第146轮开始
10:26:18 [INFO] 🫀 扫描心跳 第147轮开始
10:26:41 [INFO] 🫀 扫描心跳 第148轮开始
10:27:04 [INFO] 🫀 扫描心跳 第149轮开始
10:27:13 [INFO] 
📊 护城河防御面板 第149轮
──────────────────────────────────────────────────────────────────────
科创半导体ETF华夏(588170)    3.99      4.01    3.6%    多62/空18  强可T     
特变电工(600089)       22.25     22.18    1.9%    多26/空34  停手:买卖都不够强
双良节能(600481)        4.95      4.95    4.2%    多27/空26  停手:买卖都不够强
五洲新春(603667)       63.91     62.69    3.7%    多18/空51  强可T     
华工科技(000988)      184.50    178.24    6.3%    多18/空51  强可T     
拓维信息(002261)       27.56     27.54    3.2%    多37/空22  可T观察    
飞龙股份(002536)       46.83     47.16    6.8%    多25/空11  停手:买卖都不够强
摩恩电气(002451)        7.04      7.07    2.7%    多41/空28  可T观察    
陕西斯瑞新材股份(688102)   46.02     46.58    3.4%    多87/空15  强可T     
英维克(002837)        78.54     78.09    5.9%    多45/空26  强可T     
长芯博创(300548)      263.50    264.62    5.3%    多43/空19  可T观察    
10:27:28 [INFO] 🫀 扫描心跳 第150轮开始
10:27:51 [INFO] 🫀 扫描心跳 第151轮开始
10:28:14 [INFO] 🫀 扫描心跳 第152轮开始
10:28:37 [INFO] 🫀 扫描心跳 第153轮开始
10:28:46 [INFO] 
📊 护城河防御面板 第153轮
──────────────────────────────────────────────────────────────────────
科创半导体ETF华夏(588170)    3.99      4.01    3.6%    多62/空16  强可T     
特变电工(600089)       22.25     22.18    1.9%    多26/空34  停手:买卖都不够强
双良节能(600481)        4.95      4.95    4.2%    多27/空26  停手:买卖都不够强
五洲新春(603667)       63.91     62.69    3.7%    多18/空51  强可T     
华工科技(000988)      184.50    178.24    6.3%    多18/空51  强可T     
拓维信息(002261)       27.56     27.54    3.2%    多37/空22  可T观察    
飞龙股份(002536)       46.83     47.16    6.8%    多25/空11  停手:买卖都不够强
摩恩电气(002451)        7.04      7.07    2.7%    多41/空28  可T观察    
陕西斯瑞新材股份(688102)   46.02     46.58    3.4%    多87/空15  强可T     
英维克(002837)        78.54     78.09    5.9%    多45/空26  强可T     
长芯博创(300548)      263.50    264.62    5.3%    多43/空19  可T观察    
10:29:01 [INFO] 🫀 扫描心跳 第154轮开始
10:29:25 [INFO] 🫀 扫描心跳 第155轮开始
10:29:48 [INFO] 🫀 扫描心跳 第156轮开始
10:30:11 [INFO] 🫀 扫描心跳 第157轮开始
10:30:19 [INFO] 
📊 护城河防御面板 第157轮
──────────────────────────────────────────────────────────────────────
科创半导体ETF华夏(588170)    4.01      4.01    3.6%    多33/空31  停手:震荡贴均且分差不大
特变电工(600089)       22.27     22.18    1.9%    多36/空34  可T观察    
双良节能(600481)        4.96      4.95    4.2%    多52/空26  强可T     
五洲新春(603667)       64.12     62.84    4.3%    多24/空51  强可T     
华工科技(000988)      184.00    178.69    6.3%    多18/空51  强可T     
拓维信息(002261)       27.61     27.55    3.2%    多37/空37  可T观察    
飞龙股份(002536)       46.95     47.14    6.8%     多61/空7  强可T     
摩恩电气(002451)        7.02      7.06    2.7%    多51/空28  强可T     
陕西斯瑞新材股份(688102)   45.80     46.53    3.4%    多93/空15  强可T     
英维克(002837)        78.88     78.15    5.9%    多28/空56  强可T     
长芯博创(300548)      266.69    264.73    5.3%    多36/空46  强可T     
10:30:34 [INFO] 🫀 扫描心跳 第158轮开始
10:31:05 [INFO] 🫀 扫描心跳 第159轮开始
10:31:29 [INFO] 🫀 扫描心跳 第160轮开始
10:31:52 [INFO] 🫀 扫描心跳 第161轮开始
10:32:00 [INFO] 
📊 护城河防御面板 第161轮
──────────────────────────────────────────────────────────────────────
科创半导体ETF华夏(588170)    4.01      4.01    3.6%    多33/空43  可T观察    
特变电工(600089)       22.27     22.18    1.9%    多36/空34  可T观察    
双良节能(600481)        4.96      4.95    4.2%    多52/空26  强可T     
五洲新春(603667)       64.12     62.84    4.3%    多24/空51  强可T     
华工科技(000988)      184.00    178.69    6.3%    多18/空51  强可T     
拓维信息(002261)       27.61     27.55    3.2%    多37/空37  可T观察    
飞龙股份(002536)       46.95     47.14    6.8%     多77/空7  强可T     
摩恩电气(002451)        7.02      7.06    2.7%    多51/空28  强可T     
陕西斯瑞新材股份(688102)   45.80     46.53    3.4%    多93/空15  强可T     
英维克(002837)        78.88     78.15    5.9%    多28/空56  强可T     
长芯博创(300548)      266.69    264.73    5.3%    多36/空46  强可T     
10:32:15 [INFO] 🫀 扫描心跳 第162轮开始
10:32:38 [INFO] 🫀 扫描心跳 第163轮开始
10:32:40 [INFO] ✅ 飞书消息已成功送达: 科创半导体ETF华夏(588170) BUY_LOW - 加急通知已发送
10:32:41 [INFO] 🔔 已触发急促报警
10:33:04 [INFO] 🫀 扫描心跳 第164轮开始
10:33:27 [INFO] 🫀 扫描心跳 第165轮开始
10:33:37 [INFO] ✅ 飞书消息已成功送达: 长芯博创(300548) SELL_HIGH - 加急通知已发送
10:33:38 [INFO] 🔔 已触发急促报警
10:33:38 [INFO] 
📊 护城河防御面板 第165轮
──────────────────────────────────────────────────────────────────────
科创半导体ETF华夏(588170)    3.99      4.01    3.6%    多53/空26  强可T     
特变电工(600089)       22.20     22.19    1.9%    多38/空26  可T观察    
双良节能(600481)        4.95      4.95    4.2%    多61/空11  强可T     
五洲新春(603667)       63.65     62.91    4.3%    多24/空37  可T观察    
华工科技(000988)      184.21    179.12    6.3%    多18/空41  停手:高位但无明确优势
拓维信息(002261)       27.52     27.55    3.2%    多28/空11  可T观察    
飞龙股份(002536)       46.99     47.13    6.8%     多69/空7  强可T     
摩恩电气(002451)        7.00      7.06    2.7%    多76/空28  强可T     
陕西斯瑞新材股份(688102)   45.78     46.48    3.4%    多91/空11  强可T     
英维克(002837)        78.98     78.20    5.9%    多28/空68  强可T     
长芯博创(300548)      269.07    265.06    5.7%    多36/空72  强可T|SELL_HIGH
10:33:53 [INFO] 🫀 扫描心跳 第166轮开始
10:34:16 [INFO] 🫀 扫描心跳 第167轮开始
10:34:40 [INFO] 🫀 扫描心跳 第168轮开始
10:35:03 [INFO] 🫀 扫描心跳 第169轮开始
10:35:11 [INFO] 
📊 护城河防御面板 第169轮
──────────────────────────────────────────────────────────────────────
科创半导体ETF华夏(588170)    3.99      4.01    3.6%    多53/空26  强可T     
特变电工(600089)       22.20     22.19    1.9%    多38/空26  可T观察    
双良节能(600481)        4.95      4.95    4.2%    多61/空11  强可T     
五洲新春(603667)       63.65     62.91    4.3%    多24/空37  可T观察    
华工科技(000988)      184.21    179.12    6.3%    多18/空41  停手:高位但无明确优势
拓维信息(002261)       27.52     27.55    3.2%    多28/空11  可T观察    
飞龙股份(002536)       46.99     47.13    6.8%     多69/空7  强可T     
摩恩电气(002451)        7.00      7.06    2.7%    多76/空28  强可T     
陕西斯瑞新材股份(688102)   45.78     46.48    3.4%    多91/空11  强可T     
英维克(002837)        78.98     78.20    5.9%    多28/空68  强可T     
长芯博创(300548)      269.07    265.06    5.7%    多36/空64  强可T     
10:35:26 [INFO] 🫀 扫描心跳 第170轮开始
10:35:49 [INFO] 🫀 扫描心跳 第171轮开始
10:36:12 [INFO] 🫀 扫描心跳 第172轮开始
10:36:35 [INFO] 🫀 扫描心跳 第173轮开始
10:36:44 [INFO] 
📊 护城河防御面板 第173轮
──────────────────────────────────────────────────────────────────────
科创半导体ETF华夏(588170)    4.00      4.01    3.6%    多33/空22  停手:ETF波动不足
特变电工(600089)       22.29     22.19    1.9%    多36/空34  可T观察    
双良节能(600481)        4.96      4.95    4.2%    多53/空22  强可T     
五洲新春(603667)       63.71     62.99    4.3%    多36/空37  可T观察    
华工科技(000988)      184.99    179.54    6.5%    多18/空56  强可T     
拓维信息(002261)       27.52     27.54    3.2%    多58/空11  强可T     
飞龙股份(002536)       46.97     47.12    6.8%    多47/空17  强可T     
摩恩电气(002451)        6.99      7.05    2.7%    多80/空28  强可T     
陕西斯瑞新材股份(688102)   45.79     46.43    3.4%    多73/空11  强可T     
英维克(002837)        79.17     78.27    6.5%    多28/空63  强可T     
长芯博创(300548)      269.97    265.37    5.9%    多36/空63  强可T     
10:36:59 [INFO] 🫀 扫描心跳 第174轮开始
10:37:22 [INFO] 🫀 扫描心跳 第175轮开始
10:37:45 [INFO] 🫀 扫描心跳 第176轮开始
10:38:08 [INFO] 🫀 扫描心跳 第177轮开始
10:38:16 [INFO] 
📊 护城河防御面板 第177轮
──────────────────────────────────────────────────────────────────────
科创半导体ETF华夏(588170)    4.00      4.01    3.6%    多33/空22  停手:ETF波动不足
特变电工(600089)       22.29     22.19    1.9%    多36/空34  可T观察    
双良节能(600481)        4.96      4.95    4.2%    多53/空22  强可T     
五洲新春(603667)       63.71     62.99    4.3%    多36/空37  可T观察    
华工科技(000988)      184.99    179.54    6.5%    多18/空56  强可T     
拓维信息(002261)       27.52     27.54    3.2%    多58/空11  强可T     
飞龙股份(002536)       46.97     47.12    6.8%    多47/空17  强可T     
摩恩电气(002451)        6.99      7.05    2.7%    多80/空28  强可T     
陕西斯瑞新材股份(688102)   45.79     46.43    3.4%    多73/空11  强可T     
英维克(002837)        79.17     78.27    6.5%    多28/空63  强可T     
长芯博创(300548)      269.97    265.37    5.9%    多36/空63  强可T     
10:38:31 [INFO] 🫀 扫描心跳 第178轮开始
10:38:32 [INFO] 📊 ETF动态份数 588170: 信号强度58/阈值38, 建议交易700份
10:38:33 [INFO] ✅ 飞书消息已成功送达: 科创半导体ETF华夏(588170) SELL_HIGH - 加急通知已发送
10:38:34 [INFO] 🔔 已触发急促报警
10:38:57 [INFO] 🫀 扫描心跳 第179轮开始
10:39:21 [INFO] 🫀 扫描心跳 第180轮开始
10:39:44 [INFO] 🫀 扫描心跳 第181轮开始
10:39:52 [INFO] 
📊 护城河防御面板 第181轮
──────────────────────────────────────────────────────────────────────
科创半导体ETF华夏(588170)    4.01      4.01    3.6%    多25/空40  可T观察    
特变电工(600089)       22.33     22.20    1.9%    多36/空49  强可T     
双良节能(600481)        4.95      4.95    4.2%     多53/空7  强可T     
五洲新春(603667)       63.83     63.06    4.3%    多42/空37  可T观察    
华工科技(000988)      184.46    179.91    6.5%    多18/空41  停手:高位但无明确优势
拓维信息(002261)       27.49     27.54    3.2%    多51/空11  强可T     
飞龙股份(002536)       47.01     47.11    6.8%     多51/空7  强可T     
摩恩电气(002451)        6.98      7.05    2.7%    多76/空24  强可T     
陕西斯瑞新材股份(688102)   45.79     46.40    3.4%    多55/空11  强可T     
英维克(002837)        79.04     78.32    6.5%    多26/空51  强可T     
长芯博创(300548)      268.68    265.57    5.9%    多34/空51  强可T     
10:40:07 [INFO] 🫀 扫描心跳 第182轮开始
10:40:31 [INFO] 🫀 扫描心跳 第183轮开始
10:40:54 [INFO] 🫀 扫描心跳 第184轮开始
10:41:17 [INFO] 🫀 扫描心跳 第185轮开始
10:41:25 [INFO] 
📊 护城河防御面板 第185轮
──────────────────────────────────────────────────────────────────────
科创半导体ETF华夏(588170)    4.01      4.01    3.6%    多25/空40  可T观察    
特变电工(600089)       22.33     22.20    1.9%    多36/空49  强可T     
双良节能(600481)        4.95      4.95    4.2%     多53/空7  强可T     
五洲新春(603667)       63.83     63.06    4.3%    多42/空37  可T观察    
华工科技(000988)      184.46    179.91    6.5%    多18/空41  停手:高位但无明确优势
拓维信息(002261)       27.49     27.54    3.2%    多51/空11  强可T     
飞龙股份(002536)       47.01     47.11    6.8%     多51/空7  强可T     
摩恩电气(002451)        6.98      7.05    2.7%    多76/空24  强可T     
陕西斯瑞新材股份(688102)   45.79     46.40    3.4%    多55/空11  强可T     
英维克(002837)        79.04     78.32    6.5%    多26/空51  强可T     
长芯博创(300548)      268.68    265.57    5.9%    多34/空51  强可T     
10:41:40 [INFO] 🫀 扫描心跳 第186轮开始
10:42:04 [INFO] 🫀 扫描心跳 第187轮开始
10:42:27 [INFO] 🫀 扫描心跳 第188轮开始
10:42:50 [INFO] 🫀 扫描心跳 第189轮开始
10:42:58 [INFO] 
📊 护城河防御面板 第189轮
──────────────────────────────────────────────────────────────────────
科创半导体ETF华夏(588170)    4.02      4.01    3.6%    多25/空52  强可T     
特变电工(600089)       22.33     22.21    1.9%    多34/空36  可T观察    
双良节能(600481)        4.96      4.95    4.2%    多53/空22  强可T     
五洲新春(603667)       63.70     63.11    4.3%    多39/空41  可T观察    
华工科技(000988)      184.98    180.30    6.5%    多37/空41  停手:高位但无明确优势
拓维信息(002261)       27.60     27.54    3.2%    多20/空49  强可T     
飞龙股份(002536)       46.91     47.10    6.8%     多59/空7  强可T     
摩恩电气(002451)        6.98      7.04    2.7%    多65/空24  强可T     
陕西斯瑞新材股份(688102)   45.59     46.35    3.8%    多91/空11  强可T     
英维克(002837)        78.87     78.35    6.5%    多38/空30  停手:高位但无明确优势
长芯博创(300548)      269.41    265.77    5.9%    多53/空41  强可T     
10:43:13 [INFO] 🫀 扫描心跳 第190轮开始
10:43:36 [INFO] 🫀 扫描心跳 第191轮开始
10:43:59 [INFO] 🫀 扫描心跳 第192轮开始
10:44:23 [INFO] 🫀 扫描心跳 第193轮开始
10:44:31 [INFO] 
📊 护城河防御面板 第193轮
──────────────────────────────────────────────────────────────────────
科创半导体ETF华夏(588170)    4.02      4.01    3.6%    多25/空52  强可T     
特变电工(600089)       22.33     22.21    1.9%    多34/空36  可T观察    
双良节能(600481)        4.96      4.95    4.2%    多53/空22  强可T     
五洲新春(603667)       63.70     63.11    4.3%    多39/空41  可T观察    
华工科技(000988)      184.98    180.30    6.5%    多37/空41  停手:高位但无明确优势
拓维信息(002261)       27.60     27.54    3.2%    多20/空49  强可T     
飞龙股份(002536)       46.91     47.10    6.8%     多59/空7  强可T     
摩恩电气(002451)        6.98      7.04    2.7%    多65/空24  强可T     
陕西斯瑞新材股份(688102)   45.59     46.35    3.8%    多91/空11  强可T     
英维克(002837)        78.87     78.35    6.5%    多38/空30  停手:高位但无明确优势
长芯博创(300548)      269.41    265.77    5.9%    多53/空41  强可T     
10:44:46 [INFO] 🫀 扫描心跳 第194轮开始
10:45:10 [INFO] 🫀 扫描心跳 第195轮开始
10:45:33 [INFO] 🫀 扫描心跳 第196轮开始
10:45:57 [INFO] 🫀 扫描心跳 第197轮开始
10:46:06 [INFO] 
📊 护城河防御面板 第197轮
──────────────────────────────────────────────────────────────────────
科创半导体ETF华夏(588170)    4.00      4.01    3.6%    多38/空24  可T观察    
特变电工(600089)       22.37     22.22    1.9%    多20/空49  强可T     
双良节能(600481)        4.95      4.95    4.2%    多25/空11  停手:买卖都不够强
五洲新春(603667)       63.91     63.16    4.3%    多37/空37  可T观察    
华工科技(000988)      184.88    180.61    6.7%     多3/空26  停手:买卖都不够强
拓维信息(002261)       27.58     27.55    3.2%     多9/空21  停手:买卖都不够强
飞龙股份(002536)       47.07     47.10    6.8%    多37/空-8  可T观察    
摩恩电气(002451)        7.01      7.04    2.7%     多10/空9  停手:买卖都不够强
陕西斯瑞新材股份(688102)   46.00     46.32    3.8%     多20/空4  停手:买卖都不够强
英维克(002837)        78.97     78.39    6.5%    多33/空15  停手:高位但无明确优势
长芯博创(300548)      270.43    266.14    6.4%    多19/空36  停手:高位但无明确优势
10:46:21 [INFO] 🫀 扫描心跳 第198轮开始
10:46:44 [INFO] 🫀 扫描心跳 第199轮开始
10:47:07 [INFO] 🫀 扫描心跳 第200轮开始
10:47:31 [INFO] 🫀 扫描心跳 第201轮开始
10:47:39 [INFO] 
📊 护城河防御面板 第201轮
──────────────────────────────────────────────────────────────────────
科创半导体ETF华夏(588170)    4.00      4.01    3.6%    多38/空24  可T观察    
特变电工(600089)       22.37     22.22    1.9%    多20/空49  强可T     
双良节能(600481)        4.95      4.95    4.2%    多25/空11  停手:买卖都不够强
五洲新春(603667)       63.91     63.16    4.3%    多37/空37  可T观察    
华工科技(000988)      184.88    180.61    6.7%     多3/空26  停手:买卖都不够强
拓维信息(002261)       27.58     27.55    3.2%     多9/空21  停手:买卖都不够强
飞龙股份(002536)       47.07     47.10    6.8%    多37/空-8  可T观察    
摩恩电气(002451)        7.01      7.04    2.7%     多10/空9  停手:买卖都不够强
陕西斯瑞新材股份(688102)   46.00     46.32    3.8%     多20/空4  停手:买卖都不够强
英维克(002837)        78.97     78.39    6.5%    多33/空15  停手:高位但无明确优势
长芯博创(300548)      270.43    266.14    6.4%    多19/空36  停手:高位但无明确优势
10:47:54 [INFO] 🫀 扫描心跳 第202轮开始
10:48:18 [INFO] 🫀 扫描心跳 第203轮开始
10:48:41 [INFO] 🫀 扫描心跳 第204轮开始
10:49:05 [INFO] 🫀 扫描心跳 第205轮开始
10:49:14 [INFO] 
📊 护城河防御面板 第205轮
──────────────────────────────────────────────────────────────────────
科创半导体ETF华夏(588170)    4.00      4.01    3.6%    多47/空-5  强可T     
特变电工(600089)       22.38     22.23    1.9%     多3/空17  停手:买卖都不够强
双良节能(600481)        4.96      4.95    4.2%     多15/空7  停手:买卖都不够强
五洲新春(603667)       63.80     63.21    4.3%     多3/空26  停手:买卖都不够强
华工科技(000988)      184.99    180.86    6.7%    多19/空26  停手:买卖都不够强
拓维信息(002261)       27.63     27.55    3.2%     多11/空7  停手:买卖都不够强
飞龙股份(002536)       47.04     47.09    6.8%     多37/空2  可T观察    
摩恩电气(002451)        7.01      7.04    2.7%     多10/空9  停手:买卖都不够强
陕西斯瑞新材股份(688102)   46.45     46.32    3.8%     多7/空46  强可T     
英维克(002837)        79.10     78.43    6.5%    多33/空30  停手:高位但无明确优势
长芯博创(300548)      271.97    266.47    6.7%    多21/空48  强可T     
10:49:29 [INFO] 🫀 扫描心跳 第206轮开始
10:49:52 [INFO] 🫀 扫描心跳 第207轮开始
10:50:15 [INFO] 🫀 扫描心跳 第208轮开始
10:50:39 [INFO] 🫀 扫描心跳 第209轮开始
10:50:47 [INFO] 
📊 护城河防御面板 第209轮
──────────────────────────────────────────────────────────────────────
科创半导体ETF华夏(588170)    4.00      4.01    3.6%     多47/空3  强可T     
特变电工(600089)       22.38     22.23    1.9%     多3/空17  停手:买卖都不够强
双良节能(600481)        4.96      4.95    4.2%     多15/空7  停手:买卖都不够强
五洲新春(603667)       63.80     63.21    4.3%     多3/空26  停手:买卖都不够强
华工科技(000988)      184.99    180.86    6.7%    多19/空26  停手:买卖都不够强
拓维信息(002261)       27.63     27.55    3.2%     多11/空7  停手:买卖都不够强
飞龙股份(002536)       47.04     47.09    6.8%     多37/空2  可T观察    
摩恩电气(002451)        7.01      7.04    2.7%     多10/空9  停手:买卖都不够强
陕西斯瑞新材股份(688102)   46.45     46.32    3.8%     多7/空46  强可T     
英维克(002837)        79.10     78.43    6.5%    多33/空38  停手:高位但无明确优势
长芯博创(300548)      271.97    266.47    6.7%    多21/空48  强可T     
10:51:02 [INFO] 🫀 扫描心跳 第210轮开始
10:51:25 [INFO] 🫀 扫描心跳 第211轮开始
10:51:48 [INFO] 🫀 扫描心跳 第212轮开始
10:52:11 [INFO] 🫀 扫描心跳 第213轮开始
10:52:20 [INFO] 
📊 护城河防御面板 第213轮
──────────────────────────────────────────────────────────────────────
科创半导体ETF华夏(588170)    3.99      4.01    3.6%     多26/空7  停手:买卖都不够强
特变电工(600089)       22.41     22.24    1.9%     多3/空17  停手:买卖都不够强
双良节能(600481)        4.94      4.95    4.2%    多26/空-4  停手:买卖都不够强
五洲新春(603667)       63.97     63.27    4.3%     多3/空26  停手:买卖都不够强
华工科技(000988)      185.02    181.09    6.7%    多19/空26  停手:买卖都不够强
拓维信息(002261)       27.63     27.56    3.2%    多11/空17  停手:买卖都不够强
飞龙股份(002536)       47.30     47.10    6.8%    多19/空34  停手:买卖都不够强
摩恩电气(002451)        6.99      7.04    2.7%    多22/空23  停手:买卖都不够强
陕西斯瑞新材股份(688102)   46.07     46.31    3.8%    多20/空18  停手:买卖都不够强
英维克(002837)        79.19     78.47    6.5%    多37/空49  强可T     
长芯博创(300548)      274.75    266.97    7.8%    多21/空59  强可T     
10:52:35 [INFO] 🫀 扫描心跳 第214轮开始
10:52:58 [INFO] 🫀 扫描心跳 第215轮开始
10:53:21 [INFO] 🫀 扫描心跳 第216轮开始
10:53:44 [INFO] 🫀 扫描心跳 第217轮开始
10:53:53 [INFO] 
📊 护城河防御面板 第217轮
──────────────────────────────────────────────────────────────────────
科创半导体ETF华夏(588170)    3.99      4.01    3.6%     多26/空7  停手:买卖都不够强
特变电工(600089)       22.41     22.24    1.9%     多3/空17  停手:买卖都不够强
双良节能(600481)        4.94      4.95    4.2%    多26/空-4  停手:买卖都不够强
五洲新春(603667)       63.97     63.27    4.3%     多3/空26  停手:买卖都不够强
华工科技(000988)      185.02    181.09    6.7%    多19/空26  停手:买卖都不够强
拓维信息(002261)       27.63     27.56    3.2%    多11/空17  停手:买卖都不够强
飞龙股份(002536)       47.30     47.10    6.8%    多19/空34  停手:买卖都不够强
摩恩电气(002451)        6.99      7.04    2.7%    多22/空23  停手:买卖都不够强
陕西斯瑞新材股份(688102)   46.07     46.31    3.8%    多20/空18  停手:买卖都不够强
英维克(002837)        79.19     78.47    6.5%    多37/空49  强可T     
长芯博创(300548)      274.75    266.97    7.8%    多21/空59  强可T     
10:54:08 [INFO] 🫀 扫描心跳 第218轮开始
10:54:31 [INFO] 🫀 扫描心跳 第219轮开始
10:54:54 [INFO] 🫀 扫描心跳 第220轮开始
10:55:02 [INFO] ✅ 飞书消息已成功送达: 英维克(002837) SELL_HIGH - 加急通知已发送
10:55:04 [INFO] 🔔 已触发急促报警
10:55:19 [INFO] 🫀 扫描心跳 第221轮开始
10:55:28 [INFO] 
📊 护城河防御面板 第221轮
──────────────────────────────────────────────────────────────────────
科创半导体ETF华夏(588170)    3.99      4.01    3.6%     多59/空3  强可T     
特变电工(600089)       22.38     22.25    1.9%    多13/空11  停手:买卖都不够强
双良节能(600481)        4.94      4.95    4.2%    多26/空-4  停手:买卖都不够强
五洲新春(603667)       64.08     63.32    4.3%    多23/空38  停手:高位但无明确优势
华工科技(000988)      184.52    181.30    6.7%    多13/空30  停手:买卖都不够强
拓维信息(002261)       27.63     27.56    3.2%     多11/空7  停手:买卖都不够强
飞龙股份(002536)       47.64     47.11    6.8%    多19/空34  停手:买卖都不够强
摩恩电气(002451)        7.00      7.03    2.7%     多38/空9  可T观察    
陕西斯瑞新材股份(688102)   46.30     46.32    3.8%    多18/空14  停手:买卖都不够强
英维克(002837)        79.60     78.52    6.7%    多19/空53  强可T     
长芯博创(300548)      273.95    267.35    7.8%    多19/空36  停手:高位但无明确优势
10:55:43 [INFO] 🫀 扫描心跳 第222轮开始
10:56:06 [INFO] 🫀 扫描心跳 第223轮开始
10:56:29 [INFO] 🫀 扫描心跳 第224轮开始
10:56:52 [INFO] 🫀 扫描心跳 第225轮开始
10:57:00 [INFO] 
📊 护城河防御面板 第225轮
──────────────────────────────────────────────────────────────────────
科创半导体ETF华夏(588170)    3.99      4.01    3.6%     多59/空3  强可T     
特变电工(600089)       22.38     22.25    1.9%    多13/空11  停手:买卖都不够强
双良节能(600481)        4.94      4.95    4.2%    多26/空-4  停手:买卖都不够强
五洲新春(603667)       64.08     63.32    4.3%    多23/空38  停手:高位但无明确优势
华工科技(000988)      184.52    181.30    6.7%    多13/空30  停手:买卖都不够强
拓维信息(002261)       27.63     27.56    3.2%     多11/空7  停手:买卖都不够强
飞龙股份(002536)       47.64     47.11    6.8%    多19/空34  停手:买卖都不够强
摩恩电气(002451)        7.00      7.03    2.7%     多38/空9  可T观察    
陕西斯瑞新材股份(688102)   46.30     46.32    3.8%    多18/空14  停手:买卖都不够强
英维克(002837)        79.60     78.52    6.7%    多19/空53  强可T     
长芯博创(300548)      273.95    267.35    7.8%    多19/空36  停手:高位但无明确优势
10:57:15 [INFO] 🫀 扫描心跳 第226轮开始
10:57:17 [INFO] ✅ 飞书消息已成功送达: 科创半导体ETF华夏(588170) BUY_LOW - 加急通知已发送
10:57:19 [INFO] 🔔 已触发急促报警
10:57:41 [INFO] 🫀 扫描心跳 第227轮开始
10:58:04 [INFO] 🫀 扫描心跳 第228轮开始
10:58:27 [INFO] 🫀 扫描心跳 第229轮开始
10:58:36 [INFO] 
📊 护城河防御面板 第229轮
──────────────────────────────────────────────────────────────────────
科创半导体ETF华夏(588170)    3.97      4.00    3.6%     多66/空7  强可T     
特变电工(600089)       22.36     22.26    1.9%     多3/空11  停手:买卖都不够强
双良节能(600481)        4.95      4.95    4.2%    多25/空-8  停手:买卖都不够强
五洲新春(603667)       64.18     63.37    4.3%     多3/空36  停手:高位但无明确优势
华工科技(000988)      185.00    181.49    6.7%    多19/空30  停手:买卖都不够强
拓维信息(002261)       27.60     27.56    3.2%    多19/空11  停手:买卖都不够强
飞龙股份(002536)       47.53     47.13    6.8%    多19/空48  强可T     
摩恩电气(002451)        6.99      7.03    2.7%    多14/空23  停手:买卖都不够强
陕西斯瑞新材股份(688102)   46.44     46.32    3.8%     多7/空19  停手:买卖都不够强
英维克(002837)        79.36     78.56    6.7%    多17/空36  停手:高位但无明确优势
长芯博创(300548)      273.02    267.65    7.8%    多29/空26  停手:高位但无明确优势
10:58:51 [INFO] 🫀 扫描心跳 第230轮开始
10:59:14 [INFO] 🫀 扫描心跳 第231轮开始
10:59:37 [INFO] 🫀 扫描心跳 第232轮开始
11:00:00 [INFO] 🫀 扫描心跳 第233轮开始
11:00:08 [INFO] 
📊 护城河防御面板 第233轮
──────────────────────────────────────────────────────────────────────
科创半导体ETF华夏(588170)    3.97      4.00    3.6%     多66/空7  强可T     
特变电工(600089)       22.36     22.26    1.9%     多3/空11  停手:买卖都不够强
双良节能(600481)        4.95      4.95    4.2%    多25/空-8  停手:买卖都不够强
五洲新春(603667)       64.18     63.37    4.3%     多3/空36  停手:高位但无明确优势
华工科技(000988)      185.00    181.49    6.7%    多19/空30  停手:买卖都不够强
拓维信息(002261)       27.60     27.56    3.2%    多19/空11  停手:买卖都不够强
飞龙股份(002536)       47.53     47.13    6.8%    多19/空48  强可T     
摩恩电气(002451)        6.99      7.03    2.7%    多14/空23  停手:买卖都不够强
陕西斯瑞新材股份(688102)   46.44     46.32    3.8%     多7/空19  停手:买卖都不够强
英维克(002837)        79.36     78.56    6.7%    多17/空36  停手:高位但无明确优势
长芯博创(300548)      273.02    267.65    7.8%    多29/空26  停手:高位但无明确优势
11:00:23 [INFO] 🫀 扫描心跳 第234轮开始
11:00:25 [INFO] ✅ 集合竞价AUCTION_LOW_BUY提醒已推送: 588170
11:00:27 [INFO] 🔔 已触发急促报警
11:00:50 [INFO] 🫀 扫描心跳 第235轮开始
11:00:51 [INFO] ⏭️  588170-auction-AUCTION_LOW_BUY 推送节流，273s 后可再发
11:01:20 [INFO] 🫀 扫描心跳 第236轮开始
11:01:43 [INFO] 🫀 扫描心跳 第237轮开始
11:01:51 [INFO] 
📊 护城河防御面板 第237轮
──────────────────────────────────────────────────────────────────────
科创半导体ETF华夏(588170)    3.95      4.00    3.6%     多67/空7  强可T     
特变电工(600089)       22.33     22.26    1.9%    多19/空11  停手:买卖都不够强
双良节能(600481)        4.95      4.95    4.2%    多56/空-8  强可T     
五洲新春(603667)       64.07     63.41    4.3%     多3/空30  停手:买卖都不够强
华工科技(000988)      185.00    181.66    6.7%    多23/空26  停手:买卖都不够强
拓维信息(002261)       27.57     27.56    3.2%    多32/空11  可T观察    
飞龙股份(002536)       47.95     47.16    6.9%    多11/空38  停手:高位但无明确优势
摩恩电气(002451)        7.00      7.03    2.7%     多33/空0  可T观察    
陕西斯瑞新材股份(688102)   46.33     46.32    3.8%    多10/空25  停手:买卖都不够强
英维克(002837)        79.12     78.59    6.7%    多21/空15  停手:买卖都不够强
长芯博创(300548)      272.90    267.86    7.8%    多29/空26  停手:高位但无明确优势
11:02:06 [INFO] 🫀 扫描心跳 第238轮开始
11:02:29 [INFO] 🫀 扫描心跳 第239轮开始
11:02:53 [INFO] 🫀 扫描心跳 第240轮开始
11:03:16 [INFO] 🫀 扫描心跳 第241轮开始
11:03:24 [INFO] 
📊 护城河防御面板 第241轮
──────────────────────────────────────────────────────────────────────
科创半导体ETF华夏(588170)    3.95      4.00    3.6%     多67/空5  强可T     
特变电工(600089)       22.33     22.26    1.9%    多19/空11  停手:买卖都不够强
双良节能(600481)        4.95      4.95    4.2%    多56/空-8  强可T     
五洲新春(603667)       64.07     63.41    4.3%     多3/空30  停手:买卖都不够强
华工科技(000988)      185.00    181.66    6.7%    多23/空26  停手:买卖都不够强
拓维信息(002261)       27.57     27.56    3.2%    多32/空19  可T观察    
飞龙股份(002536)       47.95     47.16    6.9%    多11/空38  停手:高位但无明确优势
摩恩电气(002451)        7.00      7.03    2.7%     多33/空0  可T观察    
陕西斯瑞新材股份(688102)   46.33     46.32    3.8%    多10/空25  停手:买卖都不够强
英维克(002837)        79.12     78.59    6.7%    多21/空15  停手:买卖都不够强
长芯博创(300548)      272.90    267.86    7.8%    多29/空26  停手:高位但无明确优势
11:03:39 [INFO] 🫀 扫描心跳 第242轮开始
11:04:02 [INFO] 🫀 扫描心跳 第243轮开始
11:04:26 [INFO] 🫀 扫描心跳 第244轮开始
11:04:49 [INFO] 🫀 扫描心跳 第245轮开始
11:04:58 [INFO] 
📊 护城河防御面板 第245轮
──────────────────────────────────────────────────────────────────────
科创半导体ETF华夏(588170)    3.94      4.00    3.6%     多67/空5  强可T     
特变电工(600089)       22.35     22.26    1.9%     多29/空7  可T观察    
双良节能(600481)        4.93      4.95    4.2%    多40/空-4  可T观察    
五洲新春(603667)       64.05     63.44    4.3%    多13/空30  停手:买卖都不够强
华工科技(000988)      186.38    181.88    7.3%     多5/空53  强可T     
拓维信息(002261)       27.56     27.56    3.2%     多50/空4  强可T     
飞龙股份(002536)       47.55     47.19    6.9%    多19/空21  停手:买卖都不够强
摩恩电气(002451)        6.99      7.03    2.7%    多29/空14  可T观察    
陕西斯瑞新材股份(688102)   46.35     46.33    3.8%    多10/空29  停手:买卖都不够强
英维克(002837)        79.09     78.63    6.7%    多21/空15  停手:买卖都不够强
长芯博创(300548)      272.20    268.09    7.8%    多13/空30  停手:买卖都不够强
11:05:13 [INFO] 🫀 扫描心跳 第246轮开始
11:05:47 [INFO] 🫀 扫描心跳 第247轮开始
11:06:10 [INFO] 🫀 扫描心跳 第248轮开始
11:06:33 [INFO] 🫀 扫描心跳 第249轮开始
11:06:35 [INFO] ✅ 飞书消息已成功送达: 科创半导体ETF华夏(588170) BUY_LOW - 加急通知已发送
11:06:37 [INFO] 🔔 已触发急促报警
11:06:45 [INFO] 
📊 护城河防御面板 第249轮
──────────────────────────────────────────────────────────────────────
科创半导体ETF华夏(588170)    3.96      4.00    3.6%     多45/空7  强可T|BUY_LOW
特变电工(600089)       22.35     22.27    1.9%     多29/空7  可T观察    
双良节能(600481)        4.91      4.95    4.2%    多39/空-4  可T观察    
五洲新春(603667)       64.07     63.47    4.3%    多19/空30  停手:买卖都不够强
华工科技(000988)      186.98    182.11    7.7%     多5/空53  强可T     
拓维信息(002261)       27.56     27.56    3.2%     多50/空4  强可T     
飞龙股份(002536)       47.55     47.19    6.9%    多19/空21  停手:买卖都不够强
摩恩电气(002451)        6.99      7.03    2.7%    多29/空14  可T观察    
陕西斯瑞新材股份(688102)   46.35     46.33    3.8%    多10/空29  停手:买卖都不够强
英维克(002837)        79.09     78.63    6.7%    多21/空15  停手:买卖都不够强
长芯博创(300548)      272.20    268.09    7.8%    多13/空30  停手:买卖都不够强
11:07:00 [INFO] 🫀 扫描心跳 第250轮开始
11:07:24 [INFO] 🫀 扫描心跳 第251轮开始
11:07:47 [INFO] 🫀 扫描心跳 第252轮开始
11:08:10 [INFO] 🫀 扫描心跳 第253轮开始
11:08:18 [INFO] 
📊 护城河防御面板 第253轮
──────────────────────────────────────────────────────────────────────
科创半导体ETF华夏(588170)    3.96      4.00    3.6%     多45/空7  强可T     
特变电工(600089)       22.35     22.27    1.9%     多29/空7  可T观察    
双良节能(600481)        4.91      4.95    4.2%    多39/空-4  可T观察    
五洲新春(603667)       64.07     63.47    4.3%    多19/空30  停手:买卖都不够强
华工科技(000988)      186.98    182.11    7.7%     多5/空53  强可T     
拓维信息(002261)       27.54     27.56    3.2%     多54/空0  强可T     
飞龙股份(002536)       47.59     47.21    6.9%    多19/空34  停手:买卖都不够强
摩恩电气(002451)        6.98      7.02    2.7%     多57/空4  强可T     
陕西斯瑞新材股份(688102)   46.39     46.33    3.8%    多20/空19  停手:买卖都不够强
英维克(002837)        79.11     78.65    6.7%    多31/空11  停手:高位但无明确优势
长芯博创(300548)      273.27    268.43    7.8%    多13/空26  停手:买卖都不够强
11:08:33 [INFO] 🫀 扫描心跳 第254轮开始
11:08:56 [INFO] 🫀 扫描心跳 第255轮开始
11:09:20 [INFO] 🫀 扫描心跳 第256轮开始
11:09:43 [INFO] 🫀 扫描心跳 第257轮开始
11:09:51 [INFO] 
📊 护城河防御面板 第257轮
──────────────────────────────────────────────────────────────────────
科创半导体ETF华夏(588170)    3.98      4.00    3.6%    多30/空22  可T观察    
特变电工(600089)       22.33     22.27    1.9%     多9/空11  停手:买卖都不够强
双良节能(600481)        4.92      4.95    4.2%    多44/空-8  可T观察    
五洲新春(603667)       64.01     63.50    4.3%     多3/空15  停手:买卖都不够强
华工科技(000988)      186.35    182.30    7.6%     多3/空36  停手:高位但无明确优势
拓维信息(002261)       27.54     27.56    3.2%     多54/空0  强可T     
飞龙股份(002536)       47.59     47.21    6.9%    多19/空34  停手:买卖都不够强
摩恩电气(002451)        6.98      7.02    2.7%     多57/空4  强可T     
陕西斯瑞新材股份(688102)   46.39     46.33    3.8%    多20/空19  停手:买卖都不够强
英维克(002837)        79.11     78.65    6.7%    多31/空11  停手:高位但无明确优势
长芯博创(300548)      273.27    268.43    7.8%    多13/空26  停手:买卖都不够强
11:10:06 [INFO] 🫀 扫描心跳 第258轮开始
11:10:29 [INFO] 🫀 扫描心跳 第259轮开始
11:10:52 [INFO] 🫀 扫描心跳 第260轮开始
11:11:15 [INFO] 🫀 扫描心跳 第261轮开始
11:11:24 [INFO] 
📊 护城河防御面板 第261轮
──────────────────────────────────────────────────────────────────────
科创半导体ETF华夏(588170)    3.98      4.00    3.6%    多30/空22  可T观察    
特变电工(600089)       22.33     22.27    1.9%     多9/空11  停手:买卖都不够强
双良节能(600481)        4.92      4.95    4.2%    多44/空-8  可T观察    
五洲新春(603667)       64.01     63.50    4.3%     多3/空15  停手:买卖都不够强
华工科技(000988)      186.35    182.30    7.6%     多3/空36  停手:高位但无明确优势
拓维信息(002261)       27.55     27.56    3.2%     多42/空0  可T观察    
飞龙股份(002536)       47.67     47.23    6.9%     多9/空34  停手:买卖都不够强
摩恩电气(002451)        6.98      7.02    2.7%     多75/空0  强可T     
陕西斯瑞新材股份(688102)   46.64     46.34    3.8%    多12/空27  停手:买卖都不够强
英维克(002837)        79.06     78.66    6.7%    多27/空15  停手:买卖都不够强
长芯博创(300548)      273.88    268.65    7.8%    多33/空26  停手:高位但无明确优势
11:11:39 [INFO] 🫀 扫描心跳 第262轮开始
11:12:02 [INFO] 🫀 扫描心跳 第263轮开始
11:12:25 [INFO] 🫀 扫描心跳 第264轮开始
11:12:48 [INFO] 🫀 扫描心跳 第265轮开始
11:12:57 [INFO] 
📊 护城河防御面板 第265轮
──────────────────────────────────────────────────────────────────────
科创半导体ETF华夏(588170)    3.97      4.00    3.6%    多32/空17  可T观察    
特变电工(600089)       22.38     22.28    1.9%     多11/空7  停手:买卖都不够强
双良节能(600481)        4.92      4.95    4.2%    多32/空-8  可T观察    
五洲新春(603667)       64.49     63.54    4.6%     多5/空38  停手:高位但无明确优势
华工科技(000988)      185.33    182.43    7.6%    多13/空30  停手:买卖都不够强
拓维信息(002261)       27.55     27.56    3.2%     多42/空0  可T观察    
飞龙股份(002536)       47.67     47.23    6.9%     多9/空34  停手:买卖都不够强
摩恩电气(002451)        6.98      7.02    2.7%     多75/空0  强可T     
陕西斯瑞新材股份(688102)   46.64     46.34    3.8%    多12/空27  停手:买卖都不够强
英维克(002837)        79.06     78.66    6.7%    多27/空15  停手:买卖都不够强
长芯博创(300548)      273.88    268.65    7.8%    多33/空26  停手:高位但无明确优势
11:13:12 [INFO] 🫀 扫描心跳 第266轮开始
11:13:20 [INFO] ✅ 飞书消息已成功送达: 陕西斯瑞新材股份(688102) SELL_HIGH - 加急通知已发送
11:13:22 [INFO] 🔔 已触发急促报警
11:13:39 [INFO] 🫀 扫描心跳 第267轮开始
11:14:02 [INFO] 🫀 扫描心跳 第268轮开始
11:14:25 [INFO] 🫀 扫描心跳 第269轮开始
11:14:33 [INFO] 
📊 护城河防御面板 第269轮
──────────────────────────────────────────────────────────────────────
科创半导体ETF华夏(588170)    3.97      4.00    3.6%    多32/空17  可T观察    
特变电工(600089)       22.38     22.28    1.9%    多11/空15  停手:买卖都不够强
双良节能(600481)        4.92      4.95    4.2%     多32/空0  可T观察    
五洲新春(603667)       64.49     63.54    4.6%     多5/空46  强可T     
华工科技(000988)      185.33    182.43    7.6%    多13/空30  停手:买卖都不够强
拓维信息(002261)       27.58     27.56    3.2%    多16/空25  停手:买卖都不够强
飞龙股份(002536)       47.59     47.24    6.9%     多9/空23  停手:买卖都不够强
摩恩电气(002451)        6.98      7.02    2.7%    多33/空14  可T观察    
陕西斯瑞新材股份(688102)   47.06     46.38    3.8%    多12/空49  强可T     
英维克(002837)        78.90     78.67    6.7%    多41/空15  停手:高位但无明确优势
长芯博创(300548)      275.12    268.94    8.1%    多15/空53  强可T     
11:14:48 [INFO] 🫀 扫描心跳 第270轮开始
11:15:12 [INFO] 🫀 扫描心跳 第271轮开始
11:15:35 [INFO] 🫀 扫描心跳 第272轮开始
11:15:58 [INFO] 🫀 扫描心跳 第273轮开始
11:16:07 [INFO] 
📊 护城河防御面板 第273轮
──────────────────────────────────────────────────────────────────────
科创半导体ETF华夏(588170)    3.98      4.00    3.6%     多30/空7  可T观察    
特变电工(600089)       22.45     22.28    1.9%     多5/空31  停手:买卖都不够强
双良节能(600481)        4.92      4.94    4.2%     多26/空0  停手:买卖都不够强
五洲新春(603667)       64.46     63.60    4.6%     多9/空44  停手:高位但无明确优势
华工科技(000988)      185.34    182.59    7.6%    多19/空30  停手:买卖都不够强
拓维信息(002261)       27.58     27.56    3.2%    多16/空25  停手:买卖都不够强
飞龙股份(002536)       47.59     47.24    6.9%     多9/空23  停手:买卖都不够强
摩恩电气(002451)        6.98      7.02    2.7%    多33/空14  可T观察    
陕西斯瑞新材股份(688102)   47.06     46.38    3.8%    多12/空49  强可T     
英维克(002837)        78.90     78.67    6.7%    多41/空15  停手:高位但无明确优势
长芯博创(300548)      275.12    268.94    8.1%    多15/空53  强可T     
11:16:22 [INFO] 🫀 扫描心跳 第274轮开始
11:16:46 [INFO] 🫀 扫描心跳 第275轮开始
11:17:09 [INFO] 🫀 扫描心跳 第276轮开始
11:17:32 [INFO] 🫀 扫描心跳 第277轮开始
11:17:41 [INFO] 
📊 护城河防御面板 第277轮
──────────────────────────────────────────────────────────────────────
科创半导体ETF华夏(588170)    3.98      4.00    3.6%     多30/空7  可T观察    
特变电工(600089)       22.45     22.28    1.9%     多5/空31  停手:买卖都不够强
双良节能(600481)        4.92      4.94    4.2%     多26/空0  停手:买卖都不够强
五洲新春(603667)       64.46     63.60    4.6%     多9/空44  停手:高位但无明确优势
华工科技(000988)      185.34    182.59    7.6%    多19/空30  停手:买卖都不够强
拓维信息(002261)       27.61     27.56    3.2%     多8/空15  停手:买卖都不够强
飞龙股份(002536)       47.62     47.26    6.9%    多19/空23  停手:买卖都不够强
摩恩电气(002451)        6.99      7.02    2.7%    多43/空10  可T观察    
陕西斯瑞新材股份(688102)   47.00     46.41    3.9%     多3/空32  停手:买卖都不够强
英维克(002837)        79.27     78.70    6.7%    多19/空11  停手:买卖都不够强
长芯博创(300548)      276.38    269.22    8.4%    多15/空53  强可T     
11:17:56 [INFO] 🫀 扫描心跳 第278轮开始
11:18:19 [INFO] 🫀 扫描心跳 第279轮开始
11:18:42 [INFO] 🫀 扫描心跳 第280轮开始
11:19:06 [INFO] 🫀 扫描心跳 第281轮开始
11:19:08 [INFO] ✅ 飞书消息已成功送达: 特变电工(600089) SELL_HIGH - 加急通知已发送
11:19:10 [INFO] 🔔 已触发急促报警
11:19:12 [INFO] ✅ 飞书消息已成功送达: 五洲新春(603667) SELL_HIGH - 加急通知已发送
11:19:13 [INFO] 🔔 已触发急促报警
11:19:18 [INFO] 
📊 护城河防御面板 第281轮
──────────────────────────────────────────────────────────────────────
科创半导体ETF华夏(588170)    3.97      3.99    3.6%    多40/空17  可T观察    
特变电工(600089)       22.44     22.29    1.9%     多5/空56  强可T|SELL_HIGH
双良节能(600481)        4.91      4.94    4.2%    多22/空14  停手:买卖都不够强
五洲新春(603667)       64.74     63.65    4.9%    多11/空71  强可T|SELL_HIGH
华工科技(000988)      185.38    182.71    7.6%    多30/空30  停手:高位但无明确优势
拓维信息(002261)       27.61     27.56    3.2%     多8/空15  停手:买卖都不够强
飞龙股份(002536)       47.62     47.26    6.9%    多19/空23  停手:买卖都不够强
摩恩电气(002451)        6.99      7.02    2.7%    多43/空10  可T观察    
陕西斯瑞新材股份(688102)   47.00     46.41    3.9%     多3/空32  停手:买卖都不够强
英维克(002837)        79.27     78.70    6.7%    多19/空11  停手:买卖都不够强
长芯博创(300548)      276.38    269.22    8.4%    多15/空53  强可T     
11:19:33 [INFO] 🫀 扫描心跳 第282轮开始
11:19:56 [INFO] 🫀 扫描心跳 第283轮开始
11:20:20 [INFO] 🫀 扫描心跳 第284轮开始
11:20:43 [INFO] 🫀 扫描心跳 第285轮开始
11:20:52 [INFO] 
📊 护城河防御面板 第285轮
──────────────────────────────────────────────────────────────────────
科创半导体ETF华夏(588170)    3.97      3.99    3.6%    多40/空17  可T观察    
特变电工(600089)       22.44     22.29    1.9%     多5/空48  强可T     
双良节能(600481)        4.91      4.94    4.2%    多22/空14  停手:买卖都不够强
五洲新春(603667)       64.74     63.65    4.9%    多11/空63  强可T     
华工科技(000988)      185.38    182.71    7.6%    多30/空30  停手:高位但无明确优势
拓维信息(002261)       27.64     27.57    3.2%    多11/空27  停手:买卖都不够强
飞龙股份(002536)       47.55     47.27    6.9%     多3/空23  停手:买卖都不够强
摩恩电气(002451)        7.02      7.02    2.7%    多23/空42  可T观察    
陕西斯瑞新材股份(688102)   47.11     46.43    3.9%     多3/空36  停手:高位但无明确优势
英维克(002837)        79.25     78.72    6.7%    多19/空26  停手:买卖都不够强
长芯博创(300548)      276.40    269.52    8.5%    多15/空48  强可T     
11:21:07 [INFO] 🫀 扫描心跳 第286轮开始
11:21:30 [INFO] 🫀 扫描心跳 第287轮开始
11:21:53 [INFO] 🫀 扫描心跳 第288轮开始
11:22:16 [INFO] 🫀 扫描心跳 第289轮开始
11:22:25 [INFO] 
📊 护城河防御面板 第289轮
──────────────────────────────────────────────────────────────────────
科创半导体ETF华夏(588170)    3.98      3.99    3.6%    多17/空28  停手:买卖都不够强
特变电工(600089)       22.50     22.30    2.1%     多5/空63  强可T     
双良节能(600481)        4.93      4.94    4.2%     多28/空0  可T观察    
五洲新春(603667)       65.15     63.72    5.6%    多11/空53  强可T     
华工科技(000988)      185.02    182.80    7.6%    多33/空38  停手:高位但无明确优势
拓维信息(002261)       27.64     27.57    3.2%    多11/空27  停手:买卖都不够强
飞龙股份(002536)       47.55     47.27    6.9%     多3/空23  停手:买卖都不够强
摩恩电气(002451)        7.02      7.02    2.7%    多23/空42  可T观察    
陕西斯瑞新材股份(688102)   47.11     46.43    3.9%     多3/空36  停手:高位但无明确优势
英维克(002837)        79.25     78.72    6.7%    多19/空26  停手:买卖都不够强
长芯博创(300548)      276.40    269.52    8.5%    多15/空48  强可T     
11:22:40 [INFO] 🫀 扫描心跳 第290轮开始
11:23:04 [INFO] 🫀 扫描心跳 第291轮开始
11:23:27 [INFO] 🫀 扫描心跳 第292轮开始
11:23:50 [INFO] 🫀 扫描心跳 第293轮开始
11:23:58 [INFO] 
📊 护城河防御面板 第293轮
──────────────────────────────────────────────────────────────────────
科创半导体ETF华夏(588170)    3.98      3.99    3.6%    多17/空28  停手:买卖都不够强
特变电工(600089)       22.50     22.30    2.1%     多5/空63  强可T     
双良节能(600481)        4.93      4.94    4.2%     多28/空0  可T观察    
五洲新春(603667)       65.15     63.72    5.6%    多11/空53  强可T     
华工科技(000988)      185.02    182.80    7.6%    多33/空38  停手:高位但无明确优势
拓维信息(002261)       27.64     27.57    3.2%    多11/空40  可T观察    
飞龙股份(002536)       47.51     47.28    6.9%    多29/空23  停手:高位但无明确优势
摩恩电气(002451)        7.02      7.02    2.7%    多23/空27  停手:买卖都不够强
陕西斯瑞新材股份(688102)   47.15     46.46    3.9%     多3/空36  停手:高位但无明确优势
英维克(002837)        79.32     78.74    6.7%    多19/空38  停手:高位但无明确优势
长芯博创(300548)      275.51    269.77    8.5%    多13/空26  停手:买卖都不够强
11:24:13 [INFO] 🫀 扫描心跳 第294轮开始
11:24:36 [INFO] 🫀 扫描心跳 第295轮开始
11:25:00 [INFO] 🫀 扫描心跳 第296轮开始
11:25:23 [INFO] 🫀 扫描心跳 第297轮开始
11:25:31 [INFO] 
📊 护城河防御面板 第297轮
──────────────────────────────────────────────────────────────────────
科创半导体ETF华夏(588170)    3.98      3.99    3.6%    多13/空27  停手:买卖都不够强
特变电工(600089)       22.49     22.31    2.1%     多3/空40  停手:高位但无明确优势
双良节能(600481)        4.92      4.94    4.2%    多22/空14  停手:买卖都不够强
五洲新春(603667)       65.10     63.78    5.5%     多9/空36  停手:高位但无明确优势
华工科技(000988)      185.72    182.92    7.6%    多23/空34  停手:买卖都不够强
拓维信息(002261)       27.64     27.57    3.2%    多11/空40  可T观察    
飞龙股份(002536)       47.51     47.28    6.9%    多29/空23  停手:高位但无明确优势
摩恩电气(002451)        7.02      7.02    2.7%    多23/空27  停手:买卖都不够强
陕西斯瑞新材股份(688102)   47.15     46.46    3.9%     多3/空36  停手:高位但无明确优势
英维克(002837)        79.32     78.74    6.7%    多19/空38  停手:高位但无明确优势
长芯博创(300548)      275.51    269.77    8.5%    多13/空26  停手:买卖都不够强
11:25:46 [INFO] 🫀 扫描心跳 第298轮开始
11:26:09 [INFO] 🫀 扫描心跳 第299轮开始
11:26:32 [INFO] 🫀 扫描心跳 第300轮开始
11:26:56 [INFO] 🫀 扫描心跳 第301轮开始
11:27:04 [INFO] 
📊 护城河防御面板 第301轮
──────────────────────────────────────────────────────────────────────
科创半导体ETF华夏(588170)    3.98      3.99    3.6%    多13/空27  停手:买卖都不够强
特变电工(600089)       22.49     22.31    2.1%     多3/空40  停手:高位但无明确优势
双良节能(600481)        4.92      4.94    4.2%    多22/空14  停手:买卖都不够强
五洲新春(603667)       65.10     63.78    5.5%     多9/空36  停手:高位但无明确优势
华工科技(000988)      185.72    182.92    7.6%    多23/空34  停手:买卖都不够强
拓维信息(002261)       27.63     27.57    3.2%    多19/空29  停手:买卖都不够强
飞龙股份(002536)       47.69     47.29    6.9%    多23/空46  强可T     
摩恩电气(002451)        7.01      7.02    2.7%    多39/空14  可T观察    
陕西斯瑞新材股份(688102)   47.28     46.49    4.1%     多3/空36  停手:高位但无明确优势
英维克(002837)        79.45     78.76    6.7%    多19/空38  停手:高位但无明确优势
长芯博创(300548)      275.13    270.07    8.5%    多23/空30  停手:买卖都不够强
11:27:19 [INFO] 🫀 扫描心跳 第302轮开始
11:27:42 [INFO] 🫀 扫描心跳 第303轮开始
11:28:06 [INFO] 🫀 扫描心跳 第304轮开始
11:28:29 [INFO] 🫀 扫描心跳 第305轮开始
11:28:37 [INFO] 
📊 护城河防御面板 第305轮
──────────────────────────────────────────────────────────────────────
科创半导体ETF华夏(588170)    3.99      3.99    3.6%    多20/空17  停手:买卖都不够强
特变电工(600089)       22.50     22.31    2.1%    多13/空40  停手:高位但无明确优势
双良节能(600481)        4.92      4.94    4.2%    多30/空14  可T观察    
五洲新春(603667)       65.18     63.84    5.6%     多9/空36  停手:高位但无明确优势
华工科技(000988)      185.85    183.02    7.6%     多5/空34  停手:买卖都不够强
拓维信息(002261)       27.63     27.57    3.2%    多19/空29  停手:买卖都不够强
飞龙股份(002536)       47.69     47.29    6.9%    多23/空46  强可T     
摩恩电气(002451)        7.01      7.02    2.7%    多39/空14  可T观察    
陕西斯瑞新材股份(688102)   47.28     46.49    4.1%     多3/空36  停手:高位但无明确优势
英维克(002837)        79.45     78.76    6.7%    多19/空38  停手:高位但无明确优势
长芯博创(300548)      275.13    270.07    8.5%    多23/空30  停手:买卖都不够强
11:28:52 [INFO] 🫀 扫描心跳 第306轮开始
11:29:15 [INFO] 🫀 扫描心跳 第307轮开始
11:29:39 [INFO] 🫀 扫描心跳 第308轮开始
11:30:02 [INFO] ⏸ 非交易时段，进入低频保活
