08:51:01 [INFO] 早盘集合竞价结论：回避
市场评分：28.6 / 100 | 偏向：risk_off | 风险：risk_off
竞价：强0 / 弱0 / 缺1 | 均分 9.4
策略结论：主做科泰电源(300153) | 观察中文在线(300364) | 关注暂无 | 回避华工科技(000988)
1. 主做：科泰电源(300153)
2. 观察：中文在线(300364)
3. 关注：暂无
4. 回避：华工科技(000988)
执行顺序：先1后2，再3，最后4
升级条件：若 9:35 后上涨家数回到高于下跌家数，且市场评分回到 55 上方，再把关注升为观察。
开盘后跟踪：开盘后只看核心标的承接，不追高，等量能和情绪同时转强再说。
热门关注：安徽凤凰、纬达光电、万达轴承
08:51:01 [INFO] ✅ 集合竞价总览已推送飞书
08:51:02 [INFO] ✅ 集合竞价详细结果已推送飞书
08:51:04 [INFO] 🔔 已触发急促报警
08:51:04 [INFO] ========= 做T终极护城河防御版 (V1.26 正T/反T模式切换版) 启动 =========
08:51:04 [INFO] 飞书推送: ✓ 已启用
08:51:04 [INFO] 飞书关键词: 做T猎手预警
08:51:04 [INFO] 飞书Webhook: https://open.feishu.cn/open-apis/bot/v2/hook/e8018470-e...
08:51:04 [INFO] ══════════════════════════════════════════════════════════════════════
08:51:04 [INFO] 【2026-06-12 加仓策略执行指南】
08:51:04 [INFO]   1️⃣ 中国巨石 600176 — ❌ 不追 (已涨5.62%, 资金不足)
08:51:04 [INFO]   2️⃣ 科创50ETF 588000 — ⚡ 分批加仓 (先加¥15,000)
08:51:04 [INFO]      └─ 第一批: ¥15,000 (约8,200份)
08:51:04 [INFO]      └─ 第二批: ¥15,000 (等待盘中回落)
08:51:04 [INFO]   3️⃣ 中信银行 601998 — ✅ 按计划加 (¥15,000, 约1,900股)
08:51:04 [INFO]   4️⃣ 特变电工 600089 — ⚡ 加仓 (¥25,000, 约1,090股)
08:51:04 [INFO] ══════════════════════════════════════════════════════════════════════
08:51:04 [INFO] 🔊 系统高级报警音效已成功【全自动挂载】！准备执行听声辨位！
08:51:04 [INFO] 🧹 清理过期分钟线缓存 8 个
08:51:05 [INFO] ✅ 启动自检飞书消息已成功送达
08:51:06 [INFO] 🔔 已触发急促报警
08:51:06 [INFO] ⏱ 采用顺序轮询模式：每轮扫描结束后再等待 15 秒（V1.8 确认型收敛）
08:51:06 [INFO] ⏸ 非交易时段，进入低频保活
09:01:06 [INFO] ⏸ 非交易时段，进入低频保活
09:11:07 [INFO] ⏸ 非交易时段，进入低频保活
09:16:27 [INFO] 早盘集合竞价结论：回避
市场评分：38.0 / 100 | 偏向：neutral | 风险：neutral
竞价：强0 / 弱0 / 缺9 | 均分 0.0
策略结论：主做科泰电源(300153) | 观察中文在线(300364) | 关注暂无 | 回避华工科技(000988)
1. 主做：科泰电源(300153)
2. 观察：中文在线(300364)
3. 关注：暂无
4. 回避：华工科技(000988)
执行顺序：先1后2，再3，最后4
升级条件：若 9:35 后上涨家数回到高于下跌家数，且市场评分回到 55 上方，再把关注升为观察。
开盘后跟踪：开盘后只看核心标的承接，不追高，等量能和情绪同时转强再说。
热门关注：安徽凤凰、纬达光电、万达轴承
09:16:28 [INFO] ✅ 集合竞价监控已推送飞书
09:16:28 [INFO] 📡 盘前集合竞价监控已刷新
09:18:06 [INFO] 早盘集合竞价结论：回避
市场评分：38.0 / 100 | 偏向：neutral | 风险：neutral
竞价：强0 / 弱0 / 缺9 | 均分 0.0
策略结论：主做科泰电源(300153) | 观察中文在线(300364) | 关注暂无 | 回避华工科技(000988)
1. 主做：科泰电源(300153)
2. 观察：中文在线(300364)
3. 关注：暂无
4. 回避：华工科技(000988)
执行顺序：先1后2，再3，最后4
升级条件：若 9:35 后上涨家数回到高于下跌家数，且市场评分回到 55 上方，再把关注升为观察。
开盘后跟踪：开盘后只看核心标的承接，不追高，等量能和情绪同时转强再说。
热门关注：安徽凤凰、纬达光电、万达轴承
09:19:42 [INFO] 早盘集合竞价结论：回避
市场评分：38.0 / 100 | 偏向：neutral | 风险：neutral
竞价：强0 / 弱0 / 缺9 | 均分 0.0
策略结论：主做科泰电源(300153) | 观察中文在线(300364) | 关注暂无 | 回避华工科技(000988)
1. 主做：科泰电源(300153)
2. 观察：中文在线(300364)
3. 关注：暂无
4. 回避：华工科技(000988)
执行顺序：先1后2，再3，最后4
升级条件：若 9:35 后上涨家数回到高于下跌家数，且市场评分回到 55 上方，再把关注升为观察。
开盘后跟踪：开盘后只看核心标的承接，不追高，等量能和情绪同时转强再说。
热门关注：安徽凤凰、纬达光电、万达轴承
09:19:42 [INFO] ✅ 集合竞价监控已推送飞书
09:19:42 [INFO] 📡 盘前集合竞价监控已刷新
09:21:35 [INFO] 早盘集合竞价结论：回避
市场评分：31.0 / 100 | 偏向：risk_off | 风险：neutral
竞价：强0 / 弱1 / 缺8 | 均分 -27.0
策略结论：主做科泰电源(300153) | 观察中文在线(300364) | 关注暂无 | 回避华工科技(000988)
1. 主做：科泰电源(300153)
2. 观察：中文在线(300364)
3. 关注：暂无
4. 回避：华工科技(000988)
执行顺序：先1后2，再3，最后4
升级条件：若 9:35 后上涨家数回到高于下跌家数，且市场评分回到 55 上方，再把关注升为观察。
开盘后跟踪：开盘后只看核心标的承接，不追高，等量能和情绪同时转强再说。
热门关注：安徽凤凰、纬达光电、万达轴承
09:21:36 [INFO] ✅ 集合竞价监控已推送飞书
09:23:11 [INFO] 早盘集合竞价结论：回避
市场评分：31.0 / 100 | 偏向：risk_off | 风险：neutral
竞价：强0 / 弱1 / 缺8 | 均分 -27.0
策略结论：主做科泰电源(300153) | 观察中文在线(300364) | 关注暂无 | 回避华工科技(000988)
1. 主做：科泰电源(300153)
2. 观察：中文在线(300364)
3. 关注：暂无
4. 回避：华工科技(000988)
执行顺序：先1后2，再3，最后4
升级条件：若 9:35 后上涨家数回到高于下跌家数，且市场评分回到 55 上方，再把关注升为观察。
开盘后跟踪：开盘后只看核心标的承接，不追高，等量能和情绪同时转强再说。
热门关注：安徽凤凰、纬达光电、万达轴承
09:23:11 [INFO] 📡 盘前集合竞价监控已刷新
09:24:45 [INFO] 早盘集合竞价结论：回避
市场评分：31.0 / 100 | 偏向：risk_off | 风险：neutral
竞价：强0 / 弱1 / 缺8 | 均分 -27.0
策略结论：主做科泰电源(300153) | 观察中文在线(300364) | 关注暂无 | 回避华工科技(000988)
1. 主做：科泰电源(300153)
2. 观察：中文在线(300364)
3. 关注：暂无
4. 回避：华工科技(000988)
执行顺序：先1后2，再3，最后4
升级条件：若 9:35 后上涨家数回到高于下跌家数，且市场评分回到 55 上方，再把关注升为观察。
开盘后跟踪：开盘后只看核心标的承接，不追高，等量能和情绪同时转强再说。
热门关注：安徽凤凰、纬达光电、万达轴承
09:24:46 [INFO] ✅ 集合竞价监控已推送飞书
09:30:01 [INFO] 🫀 扫描心跳 第1轮开始
09:30:11 [WARNING] ⚠️  000988_B 分钟线获取失败[api_empty]: 返回code=-1 data为空
09:30:11 [WARNING] ⚠️  华工科技(000988_B) 分钟线为空 [接口空数据:返回code=-1 data为空]
09:30:11 [INFO] 
📊 护城河防御面板 第1轮
──────────────────────────────────────────────────────────────────────
科泰电源(300153)       21.07     21.07    0.0%          -  数据预热    
中文在线(300364)       23.03     23.03    0.0%          -  数据预热    
鼎龙股份(300054)       72.88     72.88    0.0%          -  数据预热    
科创半导体ETF华夏(588170)    1.04      1.04    0.0%          -  数据预热    
中国巨石(600176)       47.86     47.79    0.3%      多0/空0  无波待涨    
双良节能(600481)        4.14      4.14    0.0%      多0/空0  无波待涨    
五洲新春(603667)       58.01     58.04    0.1%      多0/空0  无波待涨    
华工科技(000988)      129.06    128.97    0.2%      多0/空0  无波待涨    
华工科技(000988_B)         -         -       -          -  分钟线断流(接口空数据:返回code=-1 data为空)
09:30:26 [INFO] 🫀 扫描心跳 第2轮开始
09:30:33 [WARNING] ⚠️  000988_B 分钟线获取失败[api_empty]: 返回code=-1 data为空
09:30:33 [WARNING] ⚠️  华工科技(000988_B) 分钟线为空 [接口空数据:返回code=-1 data为空]
09:30:48 [INFO] 🫀 扫描心跳 第3轮开始
09:30:55 [WARNING] ⚠️  000988_B 分钟线获取失败[api_empty]: 返回code=-1 data为空
09:30:55 [WARNING] ⚠️  华工科技(000988_B) 分钟线为空 [接口空数据:返回code=-1 data为空]
09:31:10 [INFO] 🫀 扫描心跳 第4轮开始
09:31:17 [WARNING] ⚠️  000988_B 分钟线获取失败[api_empty]: 返回code=-1 data为空
09:31:17 [WARNING] ⚠️  华工科技(000988_B) 分钟线为空 [接口空数据:返回code=-1 data为空]
09:31:32 [INFO] 🫀 扫描心跳 第5轮开始
09:31:39 [WARNING] ⚠️  000988_B 分钟线获取失败[api_empty]: 返回code=-1 data为空
09:31:39 [WARNING] ⚠️  华工科技(000988_B) 分钟线为空 [接口空数据:返回code=-1 data为空]
09:31:39 [INFO] 
📊 护城河防御面板 第5轮
──────────────────────────────────────────────────────────────────────
科泰电源(300153)       21.07     21.07    0.0%          -  数据预热    
中文在线(300364)       23.03     23.03    0.0%          -  数据预热    
鼎龙股份(300054)       72.88     72.88    0.0%          -  数据预热    
科创半导体ETF华夏(588170)    1.04      1.04    0.0%          -  数据预热    
中国巨石(600176)       47.86     47.79    0.3%      多0/空0  无波待涨    
双良节能(600481)        4.14      4.14    0.0%      多0/空0  无波待涨    
五洲新春(603667)       58.01     58.04    0.1%      多0/空0  无波待涨    
华工科技(000988)      129.06    128.97    0.2%      多0/空0  无波待涨    
华工科技(000988_B)         -         -       -          -  分钟线断流(接口空数据:返回code=-1 data为空)
09:31:54 [INFO] 🫀 扫描心跳 第6轮开始
09:32:01 [WARNING] ⚠️  000988_B 分钟线获取失败[api_empty]: 返回code=-1 data为空
09:32:01 [WARNING] ⚠️  华工科技(000988_B) 分钟线为空 [接口空数据:返回code=-1 data为空]
09:32:16 [INFO] 🫀 扫描心跳 第7轮开始
09:32:24 [WARNING] ⚠️  000988_B 分钟线获取失败[api_empty]: 返回code=-1 data为空
09:32:24 [WARNING] ⚠️  华工科技(000988_B) 分钟线为空 [接口空数据:返回code=-1 data为空]
09:32:39 [INFO] 🫀 扫描心跳 第8轮开始
09:32:46 [WARNING] ⚠️  000988_B 分钟线获取失败[api_empty]: 返回code=-1 data为空
09:32:46 [WARNING] ⚠️  华工科技(000988_B) 分钟线为空 [接口空数据:返回code=-1 data为空]
09:33:01 [INFO] 🫀 扫描心跳 第9轮开始
09:33:08 [WARNING] ⚠️  000988_B 分钟线获取失败[api_empty]: 返回code=-1 data为空
09:33:08 [WARNING] ⚠️  华工科技(000988_B) 分钟线为空 [接口空数据:返回code=-1 data为空]
09:33:08 [INFO] 
📊 护城河防御面板 第9轮
──────────────────────────────────────────────────────────────────────
科泰电源(300153)       21.07     21.07    0.0%          -  数据预热    
中文在线(300364)       23.03     23.03    0.0%          -  数据预热    
鼎龙股份(300054)       72.88     72.88    0.0%          -  数据预热    
科创半导体ETF华夏(588170)    1.04      1.04    0.0%          -  数据预热    
中国巨石(600176)       47.86     47.79    0.3%      多0/空0  无波待涨    
双良节能(600481)        4.14      4.14    0.0%      多0/空0  无波待涨    
五洲新春(603667)       58.01     58.04    0.1%      多0/空0  无波待涨    
华工科技(000988)      129.06    128.97    0.2%      多0/空0  无波待涨    
华工科技(000988_B)         -         -       -          -  分钟线断流(接口空数据:返回code=-1 data为空)
09:33:23 [INFO] 🫀 扫描心跳 第10轮开始
09:33:45 [INFO] 📊 动态份数 600481: 状态=normal 信号强度62/阈值50, 建议交易1100股/份 (39%)
09:33:45 [INFO] 📉 600481 卖出信号得分62分，低于10:00前阈值75分，静默处理（不推送飞书）
09:33:54 [WARNING] ⚠️  000988_B 分钟线获取失败[api_empty]: 返回code=-1 data为空
09:33:54 [WARNING] ⚠️  华工科技(000988_B) 分钟线为空 [接口空数据:返回code=-1 data为空]
09:34:09 [INFO] 🫀 扫描心跳 第11轮开始
09:34:20 [INFO] 📊 动态份数 600176: 状态=normal 信号强度55/阈值48, 建议交易100股/份 (17%)
09:34:20 [INFO] 📉 600176 卖出信号得分55分，低于10:00前阈值75分，静默处理（不推送飞书）
09:34:25 [INFO] 📉 603667 卖出信号得分55分，低于10:00前阈值75分，静默处理（不推送飞书）
09:34:28 [INFO] 📊 动态份数 000988: 状态=normal 信号强度52/阈值50, 建议交易100股/份 (12%)
09:34:28 [INFO] 📉 000988 卖出信号得分52分，低于10:00前阈值75分，静默处理（不推送飞书）
09:34:31 [WARNING] ⚠️  000988_B 分钟线获取失败[api_empty]: 返回code=-1 data为空
09:34:31 [WARNING] ⚠️  华工科技(000988_B) 分钟线为空 [接口空数据:返回code=-1 data为空]
09:34:46 [INFO] 🫀 扫描心跳 第12轮开始
09:35:08 [WARNING] ⚠️  000988_B 分钟线获取失败[api_empty]: 返回code=-1 data为空
09:35:09 [WARNING] ⚠️  华工科技(000988_B) 分钟线为空 [接口空数据:返回code=-1 data为空]
09:35:24 [INFO] 🫀 扫描心跳 第13轮开始
09:35:46 [WARNING] ⚠️  000988_B 分钟线获取失败[api_empty]: 返回code=-1 data为空
09:35:46 [WARNING] ⚠️  华工科技(000988_B) 分钟线为空 [接口空数据:返回code=-1 data为空]
09:35:46 [INFO] 
📊 护城河防御面板 第13轮
──────────────────────────────────────────────────────────────────────
科泰电源(300153)       20.88     20.93    0.9%    多14/空45  停手:价格低于均价，14:30前禁止买入
中文在线(300364)       23.47     23.48    2.1%     多5/空23  停手:买卖都不够强
鼎龙股份(300054)       72.81     72.81    1.6%     多3/空31  停手:买卖都不够强
科创半导体ETF华夏(588170)    1.01      1.01    2.4%     多7/空55  停手:价格低于均价，14:30前禁止买入
中国巨石(600176)       46.40     46.58    2.8%    多30/空32  停手:价格低于均价，14:30前禁止买入
双良节能(600481)        4.16      4.15    0.5%    多-7/空54  无波待涨    
五洲新春(603667)       57.35     58.05    2.9%    多33/空32  停手:价格低于均价，14:30前禁止买入
华工科技(000988)      122.00    123.81    5.6%    多32/空44  停手:价格低于均价，14:30前禁止买入
华工科技(000988_B)         -         -       -          -  分钟线断流(接口空数据:返回code=-1 data为空)
09:36:01 [INFO] 🫀 扫描心跳 第14轮开始
09:36:24 [WARNING] ⚠️  000988_B 分钟线获取失败[api_empty]: 返回code=-1 data为空
09:36:24 [WARNING] ⚠️  华工科技(000988_B) 分钟线为空 [接口空数据:返回code=-1 data为空]
09:36:39 [INFO] 🫀 扫描心跳 第15轮开始
09:37:04 [WARNING] ⚠️  000988_B 分钟线获取失败[api_empty]: 返回code=-1 data为空
09:37:04 [WARNING] ⚠️  华工科技(000988_B) 分钟线为空 [接口空数据:返回code=-1 data为空]
09:37:19 [INFO] 🫀 扫描心跳 第16轮开始
09:37:41 [WARNING] ⚠️  000988_B 分钟线获取失败[api_empty]: 返回code=-1 data为空
09:37:41 [WARNING] ⚠️  华工科技(000988_B) 分钟线为空 [接口空数据:返回code=-1 data为空]
09:37:56 [INFO] 🫀 扫描心跳 第17轮开始
09:38:20 [WARNING] ⚠️  000988_B 分钟线获取失败[api_empty]: 返回code=-1 data为空
09:38:20 [WARNING] ⚠️  华工科技(000988_B) 分钟线为空 [接口空数据:返回code=-1 data为空]
09:38:20 [INFO] 
📊 护城河防御面板 第17轮
──────────────────────────────────────────────────────────────────────
科泰电源(300153)       20.67     20.76    2.1%    多-2/空29  停手:买卖都不够强
中文在线(300364)       23.38     23.39    2.1%    多-9/空23  停手:买卖都不够强
鼎龙股份(300054)       72.48     72.51    2.0%    多11/空28  停手:买卖都不够强
科创半导体ETF华夏(588170)    1.01      1.01    3.0%   多-21/空18  停手:买卖都不够强
中国巨石(600176)       45.40     46.06    5.1%    多50/空24  停手:价格低于均价，14:30前禁止买入
双良节能(600481)        4.14      4.15    1.0%     多7/空44  停手:日内波动过低
五洲新春(603667)       57.46     57.70    3.2%     多6/空19  停手:买卖都不够强
华工科技(000988)      120.47    121.64    7.7%    多40/空44  停手:价格低于均价，14:30前禁止买入
华工科技(000988_B)         -         -       -          -  分钟线断流(接口空数据:返回code=-1 data为空)
09:38:35 [INFO] 🫀 扫描心跳 第18轮开始
09:38:57 [WARNING] ⚠️  000988_B 分钟线获取失败[api_empty]: 返回code=-1 data为空
09:38:57 [WARNING] ⚠️  华工科技(000988_B) 分钟线为空 [接口空数据:返回code=-1 data为空]
09:39:12 [INFO] 🫀 扫描心跳 第19轮开始
09:39:36 [WARNING] ⚠️  000988_B 分钟线获取失败[api_empty]: 返回code=-1 data为空
09:39:36 [WARNING] ⚠️  华工科技(000988_B) 分钟线为空 [接口空数据:返回code=-1 data为空]
09:39:51 [INFO] 🫀 扫描心跳 第20轮开始
09:40:02 [INFO] 📊 动态份数 588170: 状态=normal 信号强度63/阈值38, 建议交易3700股/份 (25%)
09:40:02 [INFO] 📉 588170 卖出信号得分63分，低于10:00前阈值75分，静默处理（不推送飞书）
09:40:16 [WARNING] ⚠️  000988_B 分钟线获取失败[api_empty]: 返回code=-1 data为空
09:40:16 [WARNING] ⚠️  华工科技(000988_B) 分钟线为空 [接口空数据:返回code=-1 data为空]
09:40:31 [INFO] 🫀 扫描心跳 第21轮开始
09:40:35 [INFO] 已停止盯盘
09:43:18 [INFO] 早盘集合竞价结论：回避
市场评分：28.3 / 100 | 偏向：risk_off | 风险：risk_off
竞价：强0 / 弱0 / 缺1 | 均分 7.5
策略结论：主做科泰电源(300153) | 观察中文在线(300364) | 关注暂无 | 回避华工科技(000988)
1. 主做：科泰电源(300153)
2. 观察：中文在线(300364)
3. 关注：暂无
4. 回避：华工科技(000988)
执行顺序：先1后2，再3，最后4
升级条件：若 9:35 后上涨家数回到高于下跌家数，且市场评分回到 55 上方，再把关注升为观察。
开盘后跟踪：开盘后只看核心标的承接，不追高，等量能和情绪同时转强再说。
热门关注：安徽凤凰、纬达光电、万达轴承
09:43:18 [INFO] ✅ 集合竞价总览已推送飞书
09:43:19 [INFO] ✅ 集合竞价详细结果已推送飞书
09:43:21 [INFO] 🔔 已触发急促报警
09:43:21 [INFO] ========= 做T终极护城河防御版 (V1.26 正T/反T模式切换版) 启动 =========
09:43:21 [INFO] 飞书推送: ✓ 已启用
09:43:21 [INFO] 飞书关键词: 做T猎手预警
09:43:21 [INFO] 飞书Webhook: https://open.feishu.cn/open-apis/bot/v2/hook/e8018470-e...
09:43:21 [INFO] ══════════════════════════════════════════════════════════════════════
09:43:21 [INFO] 【2026-06-12 加仓策略执行指南】
09:43:21 [INFO]   1️⃣ 中国巨石 600176 — ❌ 不追 (已涨5.62%, 资金不足)
09:43:21 [INFO]   2️⃣ 科创50ETF 588000 — ⚡ 分批加仓 (先加¥15,000)
09:43:21 [INFO]      └─ 第一批: ¥15,000 (约8,200份)
09:43:21 [INFO]      └─ 第二批: ¥15,000 (等待盘中回落)
09:43:21 [INFO]   3️⃣ 中信银行 601998 — ✅ 按计划加 (¥15,000, 约1,900股)
09:43:21 [INFO]   4️⃣ 特变电工 600089 — ⚡ 加仓 (¥25,000, 约1,090股)
09:43:21 [INFO] ══════════════════════════════════════════════════════════════════════
09:43:21 [INFO] 🔊 系统高级报警音效已成功【全自动挂载】！准备执行听声辨位！
09:43:22 [INFO] ✅ 启动自检飞书消息已成功送达
09:43:23 [INFO] 🔔 已触发急促报警
09:43:23 [INFO] ⏱ 采用顺序轮询模式：每轮扫描结束后再等待 15 秒（V1.8 确认型收敛）
09:43:23 [INFO] 🫀 扫描心跳 第1轮开始
09:43:40 [INFO] 📊 动态份数 600481: 状态=normal 信号强度65/阈值52, 建议交易1100股/份 (39%)
09:43:40 [INFO] 📉 600481 卖出信号得分65分，低于10:00前阈值75分，静默处理（不推送飞书）
09:43:48 [INFO] 
📊 护城河防御面板 第1轮
──────────────────────────────────────────────────────────────────────
科泰电源(300153)       20.75     20.76    2.5%     多0/空48  停手:价格低于均价，14:30前禁止买入
中文在线(300364)       23.23     23.38    2.5%   多-29/空25  停手:买卖都不够强
鼎龙股份(300054)       72.50     72.66    2.0%    多10/空39  停手:价格低于均价，14:30前禁止买入
科创半导体ETF华夏(588170)    1.02      1.02    3.0%   多-14/空30  停手:买卖都不够强
中国巨石(600176)       46.51     46.15    4.9%   多-20/空40  弱机会     
双良节能(600481)        4.14      4.14    1.5%   多-18/空65  无波待涨|PANIC_SELL
五洲新春(603667)       57.58     57.58    3.5%    多20/空-5  停手:买卖都不够强
华工科技(000988)      122.58    121.98    7.7%   多-20/空55  可T观察    
华工科技(000988_B)    122.55    121.97    7.7%   多-65/空42  弱机会     
09:44:03 [INFO] 🫀 扫描心跳 第2轮开始
09:44:15 [INFO] 📊 动态份数 600176: 状态=normal 信号强度55/阈值47, 建议交易100股/份 (17%)
09:44:15 [INFO] 📉 600176 卖出信号得分55分，低于10:00前阈值75分，静默处理（不推送飞书）
09:44:40 [INFO] 🫀 扫描心跳 第3轮开始
09:45:17 [INFO] 🫀 扫描心跳 第4轮开始
09:45:27 [INFO] 📊 动态份数 588170: 状态=normal 信号强度75/阈值38, 建议交易3700股/份 (25%)
09:45:28 [INFO] ✅ 飞书消息已成功送达: 科创半导体ETF华夏(588170) SELL_HIGH - 加急通知已发送
09:45:29 [INFO] 🔔 已触发急促报警
09:45:57 [INFO] 🫀 扫描心跳 第5轮开始
09:46:18 [INFO] 
📊 护城河防御面板 第5轮
──────────────────────────────────────────────────────────────────────
科泰电源(300153)       20.75     20.76    2.5%     多0/空48  停手:价格低于均价，14:30前禁止买入
中文在线(300364)       23.23     23.38    2.5%   多-29/空25  停手:买卖都不够强
鼎龙股份(300054)       72.50     72.66    2.0%    多10/空39  停手:价格低于均价，14:30前禁止买入
科创半导体ETF华夏(588170)    1.02      1.02    3.0%   多-14/空22  停手:买卖都不够强
中国巨石(600176)       46.51     46.15    4.9%   多-20/空32  停手:买卖都不够强
双良节能(600481)        4.14      4.14    1.5%   多-18/空57  无波待涨    
五洲新春(603667)       57.58     57.58    3.5%    多20/空-5  停手:买卖都不够强
华工科技(000988)      122.58    121.98    7.7%   多-20/空55  可T观察    
华工科技(000988_B)    122.55    121.97    7.7%   多-65/空42  弱机会     
09:46:33 [INFO] 🫀 扫描心跳 第6轮开始
09:47:13 [INFO] 🫀 扫描心跳 第7轮开始
09:47:54 [INFO] 🫀 扫描心跳 第8轮开始
09:48:30 [INFO] 🫀 扫描心跳 第9轮开始
09:48:52 [INFO] 
📊 护城河防御面板 第9轮
──────────────────────────────────────────────────────────────────────
科泰电源(300153)       20.56     20.73    2.5%     多6/空29  停手:买卖都不够强
中文在线(300364)       23.01     23.28    2.6%    多19/空29  停手:买卖都不够强
鼎龙股份(300054)       71.57     72.44    2.5%    多34/空34  停手:价格低于均价，14:30前禁止买入
科创半导体ETF华夏(588170)    1.01      1.02    3.0%     多49/空2  停手:价格低于均价，14:30前禁止买入
中国巨石(600176)       45.70     46.12    4.9%    多13/空31  停手:买卖都不够强
双良节能(600481)        4.11      4.13    1.7%    多23/空31  停手:买卖都不够强
五洲新春(603667)       56.65     57.37    4.2%    多34/空34  停手:价格低于均价，14:30前禁止买入
华工科技(000988)      120.01    121.71    7.7%    多26/空29  停手:买卖都不够强
华工科技(000988_B)    120.01    121.71    7.7%   多-19/空46  停手:价格低于均价，14:30前禁止买入
09:49:07 [INFO] 🫀 扫描心跳 第10轮开始
09:49:43 [INFO] 🫀 扫描心跳 第11轮开始
09:50:24 [INFO] 🫀 扫描心跳 第12轮开始
09:51:00 [INFO] 🫀 扫描心跳 第13轮开始
09:51:22 [INFO] 
📊 护城河防御面板 第13轮
──────────────────────────────────────────────────────────────────────
科泰电源(300153)       20.62     20.69    2.7%     多8/空10  停手:买卖都不够强
中文在线(300364)       22.95     23.20    3.1%    多62/空10  停手:价格低于均价，14:30前禁止买入
鼎龙股份(300054)       72.42     72.28    2.9%    多-4/空25  停手:买卖都不够强
科创半导体ETF华夏(588170)    1.02      1.02    3.0%    多-13/空5  停手:买卖都不够强
中国巨石(600176)       46.06     46.06    4.9%     多-2/空2  停手:买卖都不够强
双良节能(600481)        4.11      4.12    2.2%    多43/空20  停手:价格低于均价，14:30前禁止买入
五洲新春(603667)       57.39     57.27    4.3%    多-4/空-5  停手:买卖都不够强
华工科技(000988)      121.56    121.51    7.7%   多-20/空25  停手:买卖都不够强
华工科技(000988_B)    121.64    121.53    7.7%   多-65/空42  弱机会     
09:51:37 [INFO] 🫀 扫描心跳 第14轮开始
09:52:14 [INFO] 🫀 扫描心跳 第15轮开始
09:52:52 [INFO] 🫀 扫描心跳 第16轮开始
09:53:20 [INFO] 📊 动态份数 000988_B: 状态=normal 信号强度57/阈值45, 建议交易100股/份 (25%)
09:53:20 [INFO] 📉 000988_B 卖出信号得分57分，低于10:00前阈值75分，静默处理（不推送飞书）
09:53:35 [INFO] 🫀 扫描心跳 第17轮开始
09:53:45 [INFO] 📊 动态份数 588170: 状态=normal 信号强度83/阈值38, 建议交易4800股/份 (32%)
09:53:46 [INFO] ✅ 飞书消息已成功送达: 科创半导体ETF华夏(588170) SELL_HIGH - 加急通知已发送
09:53:47 [INFO] 🔔 已触发急促报警
09:54:00 [INFO] 
📊 护城河防御面板 第17轮
──────────────────────────────────────────────────────────────────────
科泰电源(300153)       20.84     20.72    2.7%   多-18/空48  可T观察    
中文在线(300364)       23.04     23.16    3.2%    多26/空10  停手:买卖都不够强
鼎龙股份(300054)       73.61     72.47    3.3%   多-18/空23  停手:买卖都不够强
科创半导体ETF华夏(588170)    1.04      1.02    3.9%   多-13/空83  强可T|SELL_HIGH
中国巨石(600176)       46.29     46.08    4.9%   多-20/空17  停手:买卖都不够强
双良节能(600481)        4.11      4.12    2.2%     多2/空31  停手:买卖都不够强
五洲新春(603667)       57.70     57.36    4.3%   多-18/空10  停手:买卖都不够强
华工科技(000988)      122.28    121.56    7.7%   多-20/空55  可T观察    
华工科技(000988_B)    122.30    121.56    7.7%   多-65/空49  可T观察    
09:54:15 [INFO] 🫀 扫描心跳 第18轮开始
09:54:52 [INFO] 🫀 扫描心跳 第19轮开始
09:55:28 [INFO] 🫀 扫描心跳 第20轮开始
09:56:04 [INFO] 🫀 扫描心跳 第21轮开始
09:56:27 [INFO] 📊 动态份数 000988: 状态=normal 信号强度65/阈值46, 建议交易300股/份 (38%)
09:56:27 [INFO] 📉 000988 卖出信号得分65分，低于10:00前阈值75分，静默处理（不推送飞书）
09:56:30 [INFO] 
📊 护城河防御面板 第21轮
──────────────────────────────────────────────────────────────────────
科泰电源(300153)       20.92     20.76    2.7%    多-18/空0  停手:买卖都不够强
中文在线(300364)       22.99     23.12    3.2%    多50/空25  停手:价格低于均价，14:30前禁止买入
鼎龙股份(300054)       73.85     72.82    3.9%   多-18/空10  停手:买卖都不够强
科创半导体ETF华夏(588170)    1.05      1.03    4.8%   多-13/空93  强可T     
中国巨石(600176)       46.56     46.16    4.9%   多-18/空32  停手:买卖都不够强
双良节能(600481)        4.10      4.12    2.2%    多37/空39  停手:价格低于均价，14:30前禁止买入
五洲新春(603667)       58.48     57.55    4.3%   多-18/空23  停手:买卖都不够强
华工科技(000988)      122.42    121.74    7.7%   多-20/空65  强可T|PANIC_SELL
华工科技(000988_B)    122.68    121.75    7.7%   多-63/空49  可T观察    
09:56:45 [INFO] 🫀 扫描心跳 第22轮开始
09:57:21 [INFO] 🫀 扫描心跳 第23轮开始
09:57:59 [INFO] 🫀 扫描心跳 第24轮开始
09:58:39 [INFO] 🫀 扫描心跳 第25轮开始
09:59:03 [INFO] 
📊 护城河防御面板 第25轮
──────────────────────────────────────────────────────────────────────
科泰电源(300153)       20.92     20.76    2.7%    多-18/空0  停手:买卖都不够强
中文在线(300364)       22.99     23.12    3.2%    多50/空25  停手:价格低于均价，14:30前禁止买入
鼎龙股份(300054)       73.85     72.82    3.9%   多-18/空10  停手:买卖都不够强
科创半导体ETF华夏(588170)    1.05      1.03    4.8%   多-13/空93  强可T     
中国巨石(600176)       46.56     46.16    4.9%   多-18/空32  停手:买卖都不够强
双良节能(600481)        4.10      4.12    2.2%    多37/空39  停手:价格低于均价，14:30前禁止买入
五洲新春(603667)       58.48     57.55    4.3%   多-18/空23  停手:买卖都不够强
华工科技(000988)      122.42    121.74    7.7%   多-20/空72  强可T     
华工科技(000988_B)    122.68    121.75    7.7%   多-63/空49  可T观察    
09:59:18 [INFO] 🫀 扫描心跳 第26轮开始
09:59:22 [INFO] 📉 300153 卖出信号得分65分，低于10:00前阈值75分，静默处理（不推送飞书）
10:00:00 [INFO] 🫀 扫描心跳 第27轮开始
10:00:39 [INFO] 🫀 扫描心跳 第28轮开始
10:01:16 [INFO] 🫀 扫描心跳 第29轮开始
10:01:38 [INFO] 
📊 护城河防御面板 第29轮
──────────────────────────────────────────────────────────────────────
科泰电源(300153)       20.95     20.79    2.7%     多0/空65  强可T     
中文在线(300364)       22.86     23.09    3.2%    多63/空44  停手:价格低于均价，14:30前禁止买入
鼎龙股份(300054)       74.06     73.03    4.2%    多-2/空22  停手:买卖都不够强
科创半导体ETF华夏(588170)    1.05      1.03    4.9%     多3/空64  可T观察    
中国巨石(600176)       46.62     46.22    4.9%    多-3/空57  可T观察    
双良节能(600481)        4.12      4.12    2.2%     多2/空50  可T观察    
五洲新春(603667)       58.44     57.73    4.3%    多-2/空10  停手:买卖都不够强
华工科技(000988)      122.79    121.93    7.7%     多0/空72  强可T     
华工科技(000988_B)    122.79    121.93    7.7%   多-45/空74  强可T     
10:01:53 [INFO] 🫀 扫描心跳 第30轮开始
10:02:07 [INFO] 📊 动态份数 588170: 状态=normal 信号强度64/阈值38, 建议交易6000股/份 (40%)
10:02:07 [INFO] 📉 588170 卖出信号得分64分，低于10:00后阈值65分，静默处理（不推送飞书）
10:02:36 [INFO] 🫀 扫描心跳 第31轮开始
10:02:44 [INFO] 📊 动态份数 300054: 状态=normal 信号强度65/阈值50, 建议交易100股/份 (33%)
10:02:45 [INFO] ✅ 飞书消息已成功送达: 鼎龙股份(300054) PANIC_SELL - 加急通知已发送
10:02:47 [INFO] 🔔 已触发急促报警
10:02:59 [INFO] 📊 动态份数 603667: 状态=normal 信号强度65/阈值50, 建议交易100股/份 (25%)
10:03:00 [INFO] ✅ 飞书消息已成功送达: 五洲新春(603667) SELL_HIGH - 加急通知已发送
10:03:01 [INFO] 🔔 已触发急促报警
10:03:22 [INFO] 🫀 扫描心跳 第32轮开始
10:04:02 [INFO] 🫀 扫描心跳 第33轮开始
10:04:26 [INFO] 
📊 护城河防御面板 第33轮
──────────────────────────────────────────────────────────────────────
科泰电源(300153)       20.72     20.78    2.7%    多24/空54  停手:价格低于均价，14:30前禁止买入
中文在线(300364)       22.63     23.02    4.3%    多54/空47  停手:价格低于均价，14:30前禁止买入
鼎龙股份(300054)       73.43     73.12    4.2%    多13/空57  可T观察    
科创半导体ETF华夏(588170)    1.04      1.03    4.9%    多28/空75  强可T     
中国巨石(600176)       46.36     46.25    4.9%     多8/空61  可T观察    
双良节能(600481)        4.10      4.12    2.2%    多49/空64  停手:价格低于均价，14:30前禁止买入
五洲新春(603667)       58.08     57.78    4.3%    多13/空57  可T观察    
华工科技(000988)      121.34    121.87    7.7%    多39/空61  停手:价格低于均价，14:30前禁止买入
华工科技(000988_B)    121.34    121.86    7.7%     多1/空63  停手:价格低于均价，14:30前禁止买入
10:04:41 [INFO] 🫀 扫描心跳 第34轮开始
10:05:20 [INFO] 🫀 扫描心跳 第35轮开始
10:05:59 [INFO] 🫀 扫描心跳 第36轮开始
10:06:42 [INFO] 🫀 扫描心跳 第37轮开始
10:07:06 [INFO] 
📊 护城河防御面板 第37轮
──────────────────────────────────────────────────────────────────────
科泰电源(300153)       20.86     20.79    2.7%     多8/空32  停手:买卖都不够强
中文在线(300364)       22.68     22.97    4.5%    多66/空25  停手:价格低于均价，14:30前禁止买入
鼎龙股份(300054)       73.74     73.25    4.2%     多-2/空2  停手:买卖都不够强
科创半导体ETF华夏(588170)    1.05      1.04    4.9%     多3/空54  可T观察    
中国巨石(600176)       46.87     46.34    4.9%     多0/空72  强可T     
双良节能(600481)        4.12      4.12    2.2%     多2/空50  可T观察    
五洲新春(603667)       58.20     57.87    4.3%    多-2/空57  可T观察    
华工科技(000988)      121.82    121.91    7.7%    多25/空61  停手:价格低于均价，14:30前禁止买入
华工科技(000988_B)    121.82    121.91    7.7%   多-22/空63  停手:价格低于均价，14:30前禁止买入
10:07:21 [INFO] 🫀 扫描心跳 第38轮开始
10:07:59 [INFO] 🫀 扫描心跳 第39轮开始
10:08:37 [INFO] 🫀 扫描心跳 第40轮开始
10:09:16 [INFO] 🫀 扫描心跳 第41轮开始
10:09:46 [INFO] 
📊 护城河防御面板 第41轮
──────────────────────────────────────────────────────────────────────
科泰电源(300153)       20.72     20.78    2.7%    多11/空44  停手:价格低于均价，14:30前禁止买入
中文在线(300364)       22.45     22.89    5.1%    多82/空44  停手:价格低于均价，14:30前禁止买入
鼎龙股份(300054)       73.83     73.35    4.2%     多-2/空2  停手:买卖都不够强
科创半导体ETF华夏(588170)    1.04      1.04    4.9%    多23/空65  强可T     
中国巨石(600176)       46.25     46.34    4.9%    多39/空41  停手:价格低于均价，14:30前禁止买入
双良节能(600481)        4.11      4.11    2.2%    多26/空27  停手:买卖都不够强
五洲新春(603667)       58.00     57.88    4.3%     多3/空21  停手:买卖都不够强
华工科技(000988)      121.01    121.84    7.7%    多55/空51  停手:价格低于均价，14:30前禁止买入
华工科技(000988_B)    121.01    121.84    7.7%    多17/空53  停手:价格低于均价，14:30前禁止买入
10:10:01 [INFO] 🫀 扫描心跳 第42轮开始
10:10:11 [INFO] 📊 动态份数 588170: 状态=normal 信号强度65/阈值38, 建议交易6000股/份 (40%)
10:10:15 [WARNING] ⚠️  飞书推送失败: {'code': 11232, 'data': {}, 'msg': 'frequency limited psm[lark.oapi.app_platform_runtime]appID[1500]'}
10:10:42 [INFO] 🫀 扫描心跳 第43轮开始
10:11:26 [INFO] 🫀 扫描心跳 第44轮开始
10:12:04 [INFO] 🫀 扫描心跳 第45轮开始
10:12:28 [INFO] 
📊 护城河防御面板 第45轮
──────────────────────────────────────────────────────────────────────
科泰电源(300153)       20.72     20.78    2.7%    多11/空44  停手:价格低于均价，14:30前禁止买入
中文在线(300364)       22.45     22.89    5.1%    多82/空44  停手:价格低于均价，14:30前禁止买入
鼎龙股份(300054)       73.83     73.35    4.2%     多-2/空2  停手:买卖都不够强
科创半导体ETF华夏(588170)    1.04      1.04    4.9%    多15/空65  停手:当日轮次已满
中国巨石(600176)       46.25     46.34    4.9%    多39/空41  停手:价格低于均价，14:30前禁止买入
双良节能(600481)        4.11      4.11    2.2%    多26/空27  停手:买卖都不够强
五洲新春(603667)       58.00     57.88    4.3%     多3/空21  停手:买卖都不够强
华工科技(000988)      121.01    121.84    7.7%    多55/空51  停手:价格低于均价，14:30前禁止买入
华工科技(000988_B)    121.01    121.84    7.7%    多17/空53  停手:价格低于均价，14:30前禁止买入
10:12:43 [INFO] 🫀 扫描心跳 第46轮开始
10:13:28 [INFO] 🫀 扫描心跳 第47轮开始
10:13:37 [INFO] 📊 动态份数 300364: 状态=normal 信号强度72/阈值47, 建议交易100股/份 (25%)
10:13:37 [INFO] ✅ 飞书消息已成功送达: 中文在线(300364) PANIC_SELL - 加急通知已发送
10:13:39 [INFO] 🔔 已触发急促报警
10:14:03 [INFO] 📊 动态份数 600481: 状态=normal 信号强度103/阈值80, 建议交易1600股/份 (57%)
10:14:04 [INFO] ✅ 飞书消息已成功送达: 双良节能(600481) PANIC_SELL - 加急通知已发送
10:14:05 [INFO] 🔔 已触发急促报警
10:14:39 [INFO] 🫀 扫描心跳 第48轮开始
10:15:20 [INFO] 🫀 扫描心跳 第49轮开始
10:15:43 [INFO] 
📊 护城河防御面板 第49轮
──────────────────────────────────────────────────────────────────────
科泰电源(300153)       20.63     20.76    2.7%    多74/空44  停手:价格低于均价，14:30前禁止买入
中文在线(300364)       22.37     22.83    5.5%    多54/空64  停手:价格低于均价，14:30前禁止买入
鼎龙股份(300054)       73.38     73.36    4.2%    多23/空51  可T观察    
科创半导体ETF华夏(588170)    1.03      1.04    4.9%     多42/空9  停手:当日轮次已满
中国巨石(600176)       45.93     46.30    4.9%    多47/空36  停手:价格低于均价，14:30前禁止买入
双良节能(600481)        4.09      4.11    2.2%   多46/空111  停手:价格低于均价，14:30前禁止买入
五洲新春(603667)       57.99     57.86    4.3%     多17/空2  停手:买卖都不够强
华工科技(000988)      120.50    121.67    7.7%    多91/空51  停手:价格低于均价，14:30前禁止买入
华工科技(000988_B)    120.46    121.67    7.7%    多36/空53  停手:价格低于均价，14:30前禁止买入
10:15:58 [INFO] 🫀 扫描心跳 第50轮开始
10:16:43 [INFO] 🫀 扫描心跳 第51轮开始
10:17:22 [INFO] 🫀 扫描心跳 第52轮开始
10:18:01 [INFO] 🫀 扫描心跳 第53轮开始
10:18:29 [INFO] 
📊 护城河防御面板 第53轮
──────────────────────────────────────────────────────────────────────
科泰电源(300153)       20.66     20.76    2.7%    多45/空40  停手:价格低于均价，14:30前禁止买入
中文在线(300364)       22.24     22.77    6.1%   多107/空65  停手:价格低于均价，14:30前禁止买入
鼎龙股份(300054)       73.70     73.43    4.2%    多-2/空51  可T观察    
科创半导体ETF华夏(588170)    1.04      1.04    4.9%    多11/空24  停手:买卖都不够强
中国巨石(600176)       45.68     46.25    4.9%    多89/空36  停手:价格低于均价，14:30前禁止买入
双良节能(600481)        4.07      4.11    2.7%    多58/空83  停手:价格低于均价，14:30前禁止买入
五洲新春(603667)       57.81     57.87    4.3%     多31/空6  停手:价格低于均价，14:30前禁止买入
华工科技(000988)      120.36    121.60    7.7%    多56/空51  停手:价格低于均价，14:30前禁止买入
华工科技(000988_B)    120.35    121.60    7.7%    多18/空53  停手:价格低于均价，14:30前禁止买入
10:18:44 [INFO] 🫀 扫描心跳 第54轮开始
10:19:22 [INFO] 🫀 扫描心跳 第55轮开始
10:20:04 [INFO] 🫀 扫描心跳 第56轮开始
10:20:45 [INFO] 🫀 扫描心跳 第57轮开始
10:21:09 [INFO] 
📊 护城河防御面板 第57轮
──────────────────────────────────────────────────────────────────────
科泰电源(300153)       20.73     20.76    2.7%    多21/空54  停手:价格低于均价，14:30前禁止买入
中文在线(300364)       22.32     22.71    6.1%    多43/空49  停手:价格低于均价，14:30前禁止买入
鼎龙股份(300054)       73.88     73.51    4.5%    多-2/空14  停手:买卖都不够强
科创半导体ETF华夏(588170)    1.04      1.04    4.9%     多3/空24  停手:买卖都不够强
中国巨石(600176)       45.98     46.24    4.9%    多60/空32  停手:价格低于均价，14:30前禁止买入
双良节能(600481)        4.07      4.10    2.7%   多103/空83  停手:价格低于均价，14:30前禁止买入
五洲新春(603667)       57.90     57.90    4.3%     多6/空21  停手:买卖都不够强
华工科技(000988)      120.50    121.53    7.7%    多63/空61  停手:价格低于均价，14:30前禁止买入
华工科技(000988_B)    120.54    121.53    7.7%    多56/空59  停手:价格低于均价，14:30前禁止买入
10:21:24 [INFO] 🫀 扫描心跳 第58轮开始
10:22:04 [INFO] 🫀 扫描心跳 第59轮开始
10:22:43 [INFO] 🫀 扫描心跳 第60轮开始
10:23:25 [INFO] 🫀 扫描心跳 第61轮开始
10:23:50 [INFO] 
📊 护城河防御面板 第61轮
──────────────────────────────────────────────────────────────────────
科泰电源(300153)       20.68     20.76    2.7%    多25/空54  停手:价格低于均价，14:30前禁止买入
中文在线(300364)       22.25     22.67    6.1%    多83/空74  停手:价格低于均价，14:30前禁止买入
鼎龙股份(300054)       73.29     73.50    4.5%    多26/空41  停手:价格低于均价，14:30前禁止买入
科创半导体ETF华夏(588170)    1.03      1.04    4.9%    多61/空22  停手:当日轮次已满
中国巨石(600176)       45.52     46.19    4.9%    多99/空36  停手:价格低于均价，14:30前禁止买入
双良节能(600481)        4.08      4.10    2.7%    多71/空64  停手:价格低于均价，14:30前禁止买入
五洲新春(603667)       57.86     57.89    4.3%    多66/空-9  停手:价格低于均价，14:30前禁止买入
华工科技(000988)      119.89    121.38    7.7%    多88/空51  停手:价格低于均价，14:30前禁止买入
华工科技(000988_B)    119.88    121.38    7.7%    多65/空53  停手:价格低于均价，14:30前禁止买入
10:24:05 [INFO] 🫀 扫描心跳 第62轮开始
10:24:45 [INFO] 🫀 扫描心跳 第63轮开始
10:25:24 [INFO] 🫀 扫描心跳 第64轮开始
10:26:05 [INFO] 🫀 扫描心跳 第65轮开始
10:26:31 [INFO] 
📊 护城河防御面板 第65轮
──────────────────────────────────────────────────────────────────────
科泰电源(300153)       20.73     20.76    2.7%    多33/空42  停手:震荡贴均且分差不大
中文在线(300364)       22.24     22.62    6.1%    多83/空74  停手:价格低于均价，14:30前禁止买入
鼎龙股份(300054)       73.02     73.47    4.5%    多34/空36  停手:价格低于均价，14:30前禁止买入
科创半导体ETF华夏(588170)    1.02      1.04    4.9%    多89/空17  停手:当日轮次已满
中国巨石(600176)       45.42     46.12    5.1%   多121/空36  停手:价格低于均价，14:30前禁止买入
双良节能(600481)        4.08      4.10    2.7%    多37/空84  停手:价格低于均价，14:30前禁止买入
五洲新春(603667)       58.00     57.90    4.3%     多17/空2  停手:买卖都不够强
华工科技(000988)      119.80    121.27    7.7%   多106/空47  停手:价格低于均价，14:30前禁止买入
华工科技(000988_B)    119.75    121.27    7.7%    多91/空49  停手:价格低于均价，14:30前禁止买入
10:26:46 [INFO] 🫀 扫描心跳 第66轮开始
10:27:24 [INFO] 🫀 扫描心跳 第67轮开始
10:28:01 [INFO] 🫀 扫描心跳 第68轮开始
10:28:40 [INFO] 🫀 扫描心跳 第69轮开始
10:29:02 [INFO] 
📊 护城河防御面板 第69轮
──────────────────────────────────────────────────────────────────────
科泰电源(300153)       20.73     20.76    2.7%    多33/空42  停手:震荡贴均且分差不大
中文在线(300364)       22.24     22.62    6.1%    多83/空74  停手:价格低于均价，14:30前禁止买入
鼎龙股份(300054)       73.02     73.47    4.5%    多34/空36  停手:价格低于均价，14:30前禁止买入
科创半导体ETF华夏(588170)    1.02      1.04    4.9%    多89/空17  停手:当日轮次已满
中国巨石(600176)       45.42     46.12    5.1%   多121/空36  停手:价格低于均价，14:30前禁止买入
双良节能(600481)        4.08      4.10    2.7%    多37/空84  停手:价格低于均价，14:30前禁止买入
五洲新春(603667)       58.00     57.90    4.3%     多17/空2  停手:买卖都不够强
华工科技(000988)      119.80    121.27    7.7%   多106/空47  停手:价格低于均价，14:30前禁止买入
华工科技(000988_B)    119.75    121.27    7.7%    多91/空49  停手:价格低于均价，14:30前禁止买入
10:29:17 [INFO] 🫀 扫描心跳 第70轮开始
10:29:59 [INFO] 🫀 扫描心跳 第71轮开始
10:30:39 [INFO] 🫀 扫描心跳 第72轮开始
10:31:16 [INFO] 🫀 扫描心跳 第73轮开始
10:31:39 [INFO] 
📊 护城河防御面板 第73轮
──────────────────────────────────────────────────────────────────────
科泰电源(300153)       20.71     20.75    2.7%    多37/空25  停手:价格低于均价，14:30前禁止买入
中文在线(300364)       22.27     22.59    6.2%    多82/空49  停手:价格低于均价，14:30前禁止买入
鼎龙股份(300054)       73.03     73.42    4.5%    多61/空17  停手:价格低于均价，14:30前禁止买入
科创半导体ETF华夏(588170)    1.02      1.04    4.9%    多80/空-2  停手:当日轮次已满
中国巨石(600176)       45.34     46.06    5.3%   多118/空32  停手:价格低于均价，14:30前禁止买入
双良节能(600481)        4.06      4.09    3.0%   多101/空83  停手:价格低于均价，14:30前禁止买入
五洲新春(603667)       58.60     57.92    4.3%      多0/空2  停手:买卖都不够强
华工科技(000988)      119.40    121.14    8.0%   多129/空47  停手:价格低于均价，14:30前禁止买入
华工科技(000988_B)    119.41    121.14    8.0%    多91/空49  停手:价格低于均价，14:30前禁止买入
10:31:54 [INFO] 🫀 扫描心跳 第74轮开始
10:32:31 [INFO] 🫀 扫描心跳 第75轮开始
10:33:12 [INFO] 🫀 扫描心跳 第76轮开始
10:33:52 [INFO] 🫀 扫描心跳 第77轮开始
10:34:14 [INFO] 
📊 护城河防御面板 第77轮
──────────────────────────────────────────────────────────────────────
科泰电源(300153)       20.61     20.74    2.7%    多86/空44  停手:价格低于均价，14:30前禁止买入
中文在线(300364)       22.15     22.56    6.7%    多85/空74  停手:价格低于均价，14:30前禁止买入
鼎龙股份(300054)       72.46     73.35    4.5%    多78/空36  停手:价格低于均价，14:30前禁止买入
科创半导体ETF华夏(588170)    1.02      1.03    4.9%    多89/空17  停手:当日轮次已满
中国巨石(600176)       44.90     45.99    6.3%    多93/空36  停手:价格低于均价，14:30前禁止买入
双良节能(600481)        4.06      4.09    3.0%    多86/空93  停手:价格低于均价，14:30前禁止买入
五洲新春(603667)       58.00     57.93    4.3%    多-5/空31  停手:买卖都不够强
华工科技(000988)      118.13    120.98    9.0%    多93/空51  停手:价格低于均价，14:30前禁止买入
华工科技(000988_B)    118.08    120.98    9.1%    多55/空53  停手:价格低于均价，14:30前禁止买入
10:34:29 [INFO] 🫀 扫描心跳 第78轮开始
10:35:07 [INFO] 🫀 扫描心跳 第79轮开始
10:35:46 [INFO] 🫀 扫描心跳 第80轮开始
10:36:28 [INFO] 🫀 扫描心跳 第81轮开始
10:36:51 [INFO] 
📊 护城河防御面板 第81轮
──────────────────────────────────────────────────────────────────────
科泰电源(300153)       20.56     20.73    2.7%   多108/空44  停手:价格低于均价，14:30前禁止买入
中文在线(300364)       22.14     22.53    6.7%    多81/空49  停手:价格低于均价，14:30前禁止买入
鼎龙股份(300054)       72.15     73.28    4.5%    多62/空36  停手:价格低于均价，14:30前禁止买入
科创半导体ETF华夏(588170)    1.01      1.03    4.9%    多95/空17  停手:当日轮次已满
中国巨石(600176)       44.72     45.91    6.7%    多97/空36  停手:价格低于均价，14:30前禁止买入
双良节能(600481)        4.06      4.09    3.0%    多86/空93  停手:价格低于均价，14:30前禁止买入
五洲新春(603667)       57.87     57.93    4.3%     多46/空6  停手:价格低于均价，14:30前禁止买入
华工科技(000988)      117.91    120.73    9.2%   多115/空51  停手:价格低于均价，14:30前禁止买入
华工科技(000988_B)    117.91    120.73    9.2%    多77/空53  停手:价格低于均价，14:30前禁止买入
10:37:06 [INFO] 🫀 扫描心跳 第82轮开始
10:37:45 [INFO] 🫀 扫描心跳 第83轮开始
10:38:30 [INFO] 🫀 扫描心跳 第84轮开始
10:39:08 [INFO] 🫀 扫描心跳 第85轮开始
10:39:35 [INFO] 
📊 护城河防御面板 第85轮
──────────────────────────────────────────────────────────────────────
科泰电源(300153)       20.51     20.71    2.8%   多126/空44  停手:价格低于均价，14:30前禁止买入
中文在线(300364)       22.12     22.49    6.9%    多51/空49  停手:价格低于均价，14:30前禁止买入
鼎龙股份(300054)       72.27     73.18    4.5%    多67/空17  停手:价格低于均价，14:30前禁止买入
科创半导体ETF华夏(588170)    1.02      1.03    4.9%    多90/空-2  停手:当日轮次已满
中国巨石(600176)       44.81     45.81    6.7%   多112/空17  停手:价格低于均价，14:30前禁止买入
双良节能(600481)        4.07      4.09    3.2%    多33/空64  停手:价格低于均价，14:30前禁止买入
五洲新春(603667)       58.22     57.95    4.3%      多0/空2  停手:买卖都不够强
华工科技(000988)      117.66    120.53    9.5%   多115/空47  停手:价格低于均价，14:30前禁止买入
华工科技(000988_B)    117.66    120.53    9.5%    多77/空49  停手:价格低于均价，14:30前禁止买入
10:39:50 [INFO] 🫀 扫描心跳 第86轮开始
10:40:30 [INFO] 🫀 扫描心跳 第87轮开始
10:41:12 [INFO] 🫀 扫描心跳 第88轮开始
10:41:50 [INFO] 🫀 扫描心跳 第89轮开始
10:42:14 [INFO] 
📊 护城河防御面板 第89轮
──────────────────────────────────────────────────────────────────────
科泰电源(300153)       20.51     20.71    2.8%   多126/空44  停手:价格低于均价，14:30前禁止买入
中文在线(300364)       22.12     22.49    6.9%    多51/空49  停手:价格低于均价，14:30前禁止买入
鼎龙股份(300054)       72.27     73.18    4.5%    多67/空17  停手:价格低于均价，14:30前禁止买入
科创半导体ETF华夏(588170)    1.02      1.03    4.9%    多90/空-2  停手:当日轮次已满
中国巨石(600176)       44.81     45.81    6.7%   多112/空17  停手:价格低于均价，14:30前禁止买入
双良节能(600481)        4.07      4.09    3.2%    多33/空64  停手:价格低于均价，14:30前禁止买入
五洲新春(603667)       58.22     57.95    4.3%      多0/空2  停手:买卖都不够强
华工科技(000988)      117.66    120.53    9.5%   多115/空47  停手:价格低于均价，14:30前禁止买入
华工科技(000988_B)    117.66    120.53    9.5%    多77/空49  停手:价格低于均价，14:30前禁止买入
10:42:29 [INFO] 🫀 扫描心跳 第90轮开始
10:43:14 [INFO] 🫀 扫描心跳 第91轮开始
10:43:55 [INFO] 🫀 扫描心跳 第92轮开始
10:44:12 [INFO] 📊 动态份数 588170: 状态=normal 信号强度40/阈值38, 建议交易1900股/份 (13%)
10:44:12 [INFO] 📉 588170 卖出信号得分40分，低于10:00后阈值65分，静默处理（不推送飞书）
10:44:46 [INFO] 🫀 扫描心跳 第93轮开始
10:44:59 [INFO] 📊 动态份数 600176: 状态=normal 信号强度81/阈值55, 建议交易300股/份 (50%)
10:45:00 [INFO] ✅ 飞书消息已成功送达: 中国巨石(600176) PANIC_SELL - 加急通知已发送
10:45:02 [INFO] 🔔 已触发急促报警
10:45:13 [INFO] 
📊 护城河防御面板 第93轮
──────────────────────────────────────────────────────────────────────
科泰电源(300153)       20.39     20.69    3.3%    多82/空44  停手:价格低于均价，14:30前禁止买入
中文在线(300364)       22.01     22.46    7.2%    多89/空46  停手:价格低于均价，14:30前禁止买入
鼎龙股份(300054)       72.50     73.16    4.5%    多28/空32  停手:价格低于均价，14:30前禁止买入
科创半导体ETF华夏(588170)    1.02      1.03    4.9%   多-11/空32  停手:无可卖仓且买点不强
中国巨石(600176)       44.52     45.74    7.2%    多50/空81  停手:价格低于均价，14:30前禁止买入|PANIC_SELL
双良节能(600481)        4.07      4.09    3.2%    多33/空84  停手:价格低于均价，14:30前禁止买入
五洲新春(603667)       57.87     57.95    4.3%     多25/空6  停手:买卖都不够强
华工科技(000988)      117.94    120.38    9.5%    多21/空64  停手:价格低于均价，14:30前禁止买入
华工科技(000988_B)    117.94    120.38    9.5%    多21/空49  停手:价格低于均价，14:30前禁止买入
10:45:28 [INFO] 🫀 扫描心跳 第94轮开始
10:46:09 [INFO] 🫀 扫描心跳 第95轮开始
10:46:52 [INFO] 🫀 扫描心跳 第96轮开始
10:47:31 [INFO] 🫀 扫描心跳 第97轮开始
10:47:54 [INFO] 
📊 护城河防御面板 第97轮
──────────────────────────────────────────────────────────────────────
科泰电源(300153)       20.39     20.66    3.7%    多84/空10  停手:价格低于均价，14:30前禁止买入
中文在线(300364)       22.02     22.42    7.4%     多93/空2  停手:价格低于均价，14:30前禁止买入
鼎龙股份(300054)       72.18     73.09    4.5%    多51/空31  停手:价格低于均价，14:30前禁止买入
科创半导体ETF华夏(588170)    1.01      1.03    4.9%    多31/空21  停手:当日轮次已满
中国巨石(600176)       44.33     45.64    7.6%    多49/空58  停手:价格低于均价，14:30前禁止买入
双良节能(600481)        4.06      4.08    3.2%    多63/空78  停手:价格低于均价，14:30前禁止买入
五洲新春(603667)       57.83     57.94    4.3%   多59/空-24  停手:价格低于均价，14:30前禁止买入
华工科技(000988)      117.70    120.16    9.5%    多43/空49  停手:价格低于均价，14:30前禁止买入
华工科技(000988_B)    117.70    120.16    9.5%    多50/空34  停手:价格低于均价，14:30前禁止买入
10:48:09 [INFO] 🫀 扫描心跳 第98轮开始
10:48:46 [INFO] 🫀 扫描心跳 第99轮开始
10:49:24 [INFO] 🫀 扫描心跳 第100轮开始
10:50:09 [INFO] 🫀 扫描心跳 第101轮开始
10:50:31 [INFO] 
📊 护城河防御面板 第101轮
──────────────────────────────────────────────────────────────────────
科泰电源(300153)       20.30     20.64    3.8%    多93/空25  停手:价格低于均价，14:30前禁止买入
中文在线(300364)       21.81     22.39    8.2%    多95/空21  停手:价格低于均价，14:30前禁止买入
鼎龙股份(300054)       71.92     73.02    4.5%    多84/空21  停手:价格低于均价，14:30前禁止买入
科创半导体ETF华夏(588170)    1.01      1.03    4.9%    多48/空11  停手:当日轮次已满
中国巨石(600176)       44.35     45.56    8.0%    多12/空39  停手:无可卖仓且买点不强
双良节能(600481)        4.06      4.08    3.2%    多36/空78  停手:价格低于均价，14:30前禁止买入
五洲新春(603667)       57.58     57.92    4.3%    多66/空-9  停手:价格低于均价，14:30前禁止买入
华工科技(000988)      117.62    120.02    9.5%    多22/空19  停手:买卖都不够强
华工科技(000988_B)    117.62    120.02    9.5%    多37/空19  停手:价格低于均价，14:30前禁止买入
10:50:46 [INFO] 🫀 扫描心跳 第102轮开始
10:51:22 [INFO] 🫀 扫描心跳 第103轮开始
10:52:00 [INFO] 🫀 扫描心跳 第104轮开始
10:52:38 [INFO] 🫀 扫描心跳 第105轮开始
10:53:06 [INFO] 
📊 护城河防御面板 第105轮
──────────────────────────────────────────────────────────────────────
科泰电源(300153)       20.30     20.62    3.9%    多67/空25  停手:价格低于均价，14:30前禁止买入
中文在线(300364)       21.94     22.36    8.3%     多39/空2  停手:价格低于均价，14:30前禁止买入
鼎龙股份(300054)       72.06     72.98    4.5%    多58/空17  停手:价格低于均价，14:30前禁止买入
科创半导体ETF华夏(588170)    1.01      1.03    4.9%     多35/空7  停手:当日轮次已满
中国巨石(600176)       44.09     45.48    8.2%    多47/空54  停手:价格低于均价，14:30前禁止买入
双良节能(600481)        4.07      4.08    3.2%    多28/空49  停手:价格低于均价，14:30前禁止买入
五洲新春(603667)       57.63     57.91    4.3%    多73/空-9  停手:价格低于均价，14:30前禁止买入
华工科技(000988)      117.62    119.89    9.5%    多47/空34  停手:价格低于均价，14:30前禁止买入
华工科技(000988_B)    117.62    119.89    9.5%    多54/空19  停手:价格低于均价，14:30前禁止买入
10:53:21 [INFO] 🫀 扫描心跳 第106轮开始
10:54:00 [INFO] 🫀 扫描心跳 第107轮开始
10:54:39 [INFO] 🫀 扫描心跳 第108轮开始
10:55:17 [INFO] 🫀 扫描心跳 第109轮开始
10:55:40 [INFO] 
📊 护城河防御面板 第109轮
──────────────────────────────────────────────────────────────────────
科泰电源(300153)       20.30     20.62    3.9%    多67/空25  停手:价格低于均价，14:30前禁止买入
中文在线(300364)       21.94     22.36    8.3%     多39/空2  停手:价格低于均价，14:30前禁止买入
鼎龙股份(300054)       72.06     72.98    4.5%    多58/空17  停手:价格低于均价，14:30前禁止买入
科创半导体ETF华夏(588170)    1.01      1.03    4.9%     多35/空7  停手:当日轮次已满
中国巨石(600176)       44.09     45.48    8.2%    多47/空54  停手:价格低于均价，14:30前禁止买入
双良节能(600481)        4.07      4.08    3.2%    多28/空49  停手:价格低于均价，14:30前禁止买入
五洲新春(603667)       57.63     57.91    4.3%    多73/空-9  停手:价格低于均价，14:30前禁止买入
华工科技(000988)      117.62    119.89    9.5%    多47/空34  停手:价格低于均价，14:30前禁止买入
华工科技(000988_B)    117.62    119.89    9.5%    多54/空27  停手:价格低于均价，14:30前禁止买入
10:55:55 [INFO] 🫀 扫描心跳 第110轮开始
10:56:36 [INFO] 🫀 扫描心跳 第111轮开始
10:57:18 [INFO] 🫀 扫描心跳 第112轮开始
10:57:57 [INFO] 🫀 扫描心跳 第113轮开始
10:58:19 [INFO] 
📊 护城河防御面板 第113轮
──────────────────────────────────────────────────────────────────────
科泰电源(300153)       20.39     20.61    3.9%    多31/空25  停手:价格低于均价，14:30前禁止买入
中文在线(300364)       22.03     22.34    8.3%    多32/空17  停手:价格低于均价，14:30前禁止买入
鼎龙股份(300054)       72.57     72.94    4.5%    多16/空17  停手:买卖都不够强
科创半导体ETF华夏(588170)    1.02      1.03    4.9%   多-17/空27  停手:无可卖仓且买点不强
中国巨石(600176)       44.41     45.39    8.3%    多-2/空39  停手:无可卖仓且买点不强
双良节能(600481)        4.07      4.08    3.2%    多28/空49  停手:价格低于均价，14:30前禁止买入
五洲新春(603667)       57.84     57.90    4.3%   多16/空-28  停手:买卖都不够强
华工科技(000988)      117.87    119.73    9.5%    多14/空27  停手:买卖都不够强
华工科技(000988_B)    117.88    119.73    9.5%    多12/空27  停手:买卖都不够强
10:58:34 [INFO] 🫀 扫描心跳 第114轮开始
10:59:17 [INFO] 🫀 扫描心跳 第115轮开始
10:59:26 [INFO] 📊 动态份数 300054: 状态=normal 信号强度65/阈值47, 建议交易100股/份 (33%)
10:59:27 [INFO] ✅ 飞书消息已成功送达: 鼎龙股份(300054) PANIC_SELL - 加急通知已发送
10:59:28 [INFO] 🔔 已触发急促报警
11:00:02 [INFO] 🫀 扫描心跳 第116轮开始
11:00:55 [INFO] 🫀 扫描心跳 第117轮开始
11:01:17 [INFO] 
📊 护城河防御面板 第117轮
──────────────────────────────────────────────────────────────────────
科泰电源(300153)       20.44     20.59    3.9%    多26/空10  停手:买卖都不够强
中文在线(300364)       22.03     22.32    8.3%    多54/空30  停手:价格低于均价，14:30前禁止买入
鼎龙股份(300054)       73.33     72.95    4.5%    多-9/空65  停手:无可卖仓且买点不强
科创半导体ETF华夏(588170)    1.03      1.03    4.9%   多-30/空40  停手:无可卖仓且买点不强
中国巨石(600176)       44.82     45.36    8.3%     多5/空66  停手:无可卖仓且买点不强
双良节能(600481)        4.07      4.08    3.2%    多28/空69  停手:价格低于均价，14:30前禁止买入
五洲新春(603667)       57.90     57.90    4.3%    多-12/空2  停手:买卖都不够强
华工科技(000988)      118.70    119.68    9.5%    多-8/空54  停手:价格低于均价，14:30前禁止买入
华工科技(000988_B)    118.64    119.68    9.5%     多5/空39  停手:价格低于均价，14:30前禁止买入
11:01:32 [INFO] 🫀 扫描心跳 第118轮开始
11:02:09 [INFO] 🫀 扫描心跳 第119轮开始
11:02:47 [INFO] 🫀 扫描心跳 第120轮开始
11:02:50 [INFO] 📊 动态份数 300153: 状态=normal 信号强度65/阈值47, 建议交易100股/份 (50%)
11:02:51 [INFO] ✅ 飞书消息已成功送达: 科泰电源(300153) PANIC_SELL - 加急通知已发送
11:02:52 [INFO] 🔔 已触发急促报警
11:03:12 [INFO] 📊 动态份数 000988: 状态=normal 信号强度67/阈值49, 建议交易400股/份 (50%)
11:03:13 [INFO] ✅ 飞书消息已成功送达: 华工科技(000988) PANIC_SELL - 加急通知已发送
11:03:14 [INFO] 🔔 已触发急促报警
11:03:17 [INFO] 📊 动态份数 000988_B: 状态=normal 信号强度67/阈值49, 建议交易200股/份 (50%)
11:03:18 [INFO] ✅ 飞书消息已成功送达: 华工科技(000988_B) PANIC_SELL - 加急通知已发送
11:03:20 [INFO] 🔔 已触发急促报警
11:03:35 [INFO] 🫀 扫描心跳 第121轮开始
11:03:58 [INFO] 
📊 护城河防御面板 第121轮
──────────────────────────────────────────────────────────────────────
科泰电源(300153)       20.65     20.59    3.9%    多-2/空65  停手:无可卖仓且买点不强
中文在线(300364)       22.18     22.31    8.3%    多36/空32  停手:价格低于均价，14:30前禁止买入
鼎龙股份(300054)       74.01     73.00    4.5%    多-9/空23  停手:无可卖仓且买点不强
科创半导体ETF华夏(588170)    1.04      1.03    4.9%   多-34/空77  停手:无可卖仓且买点不强
中国巨石(600176)       45.27     45.35    8.3%  多-14/空107  停手:无可卖仓且买点不强
双良节能(600481)        4.08      4.08    3.2%   多-13/空88  停手:无可卖仓且买点不强
五洲新春(603667)       57.92     57.89    4.3%    多-6/空-5  停手:买卖都不够强
华工科技(000988)      119.35    119.63    9.5%   多-14/空52  停手:无可卖仓且买点不强
华工科技(000988_B)    119.35    119.63    9.5%   多-14/空52  停手:价格低于均价，14:30前禁止买入
11:04:13 [INFO] 🫀 扫描心跳 第122轮开始
11:04:50 [INFO] 🫀 扫描心跳 第123轮开始
11:05:28 [INFO] 🫀 扫描心跳 第124轮开始
11:06:05 [INFO] 🫀 扫描心跳 第125轮开始
11:06:31 [INFO] 
📊 护城河防御面板 第125轮
──────────────────────────────────────────────────────────────────────
科泰电源(300153)       20.66     20.59    3.9%    多-2/空54  停手:无可卖仓且买点不强
中文在线(300364)       22.06     22.29    8.3%    多50/空31  停手:价格低于均价，14:30前禁止买入
鼎龙股份(300054)       73.70     73.05    4.5%    多-11/空2  停手:无可卖仓且买点不强
科创半导体ETF华夏(588170)    1.04      1.03    4.9%   多-36/空75  停手:无可卖仓且买点不强
中国巨石(600176)       45.04     45.34    8.3%     多3/空64  停手:无可卖仓且买点不强
双良节能(600481)        4.08      4.08    3.2%  多-15/空105  停手:无可卖仓且买点不强
五洲新春(603667)       57.96     57.89    4.3%     多-6/空5  停手:买卖都不够强
华工科技(000988)      119.09    119.60    9.5%   多-18/空44  停手:无可卖仓且买点不强
华工科技(000988_B)    119.20    119.61    9.5%   多-14/空44  停手:价格低于均价，14:30前禁止买入
11:06:46 [INFO] 🫀 扫描心跳 第126轮开始
11:07:25 [INFO] 🫀 扫描心跳 第127轮开始
11:08:02 [INFO] 🫀 扫描心跳 第128轮开始
11:08:38 [INFO] 🫀 扫描心跳 第129轮开始
11:09:01 [INFO] 
📊 护城河防御面板 第129轮
──────────────────────────────────────────────────────────────────────
科泰电源(300153)       20.66     20.59    3.9%    多-2/空54  停手:无可卖仓且买点不强
中文在线(300364)       22.06     22.29    8.3%    多50/空31  停手:价格低于均价，14:30前禁止买入
鼎龙股份(300054)       73.70     73.05    4.5%    多-11/空2  停手:无可卖仓且买点不强
科创半导体ETF华夏(588170)    1.04      1.03    4.9%   多-36/空75  停手:无可卖仓且买点不强
中国巨石(600176)       45.04     45.34    8.3%     多3/空64  停手:无可卖仓且买点不强
双良节能(600481)        4.08      4.08    3.2%  多-15/空105  停手:无可卖仓且买点不强
五洲新春(603667)       57.96     57.89    4.3%     多-6/空5  停手:买卖都不够强
华工科技(000988)      119.09    119.60    9.5%   多-18/空44  停手:无可卖仓且买点不强
华工科技(000988_B)    119.20    119.61    9.5%   多-14/空44  停手:价格低于均价，14:30前禁止买入
11:09:16 [INFO] 🫀 扫描心跳 第130轮开始
11:09:55 [INFO] 🫀 扫描心跳 第131轮开始
11:10:32 [INFO] 🫀 扫描心跳 第132轮开始
11:11:09 [INFO] 🫀 扫描心跳 第133轮开始
11:11:36 [INFO] 
📊 护城河防御面板 第133轮
──────────────────────────────────────────────────────────────────────
科泰电源(300153)       20.49     20.59    3.9%    多17/空31  停手:无可卖仓且买点不强
中文在线(300364)       22.04     22.28    8.3%    多41/空27  停手:价格低于均价，14:30前禁止买入
鼎龙股份(300054)       73.15     73.06    4.5%    多-9/空32  停手:无可卖仓且买点不强
科创半导体ETF华夏(588170)    1.03      1.03    4.9%   多-36/空40  停手:无可卖仓且买点不强
中国巨石(600176)       44.83     45.32    8.3%   多-16/空64  停手:无可卖仓且买点不强
双良节能(600481)        4.08      4.08    3.2%     多7/空70  停手:无可卖仓且买点不强
五洲新春(603667)       57.75     57.89    4.3%     多49/空9  停手:价格低于均价，14:30前禁止买入
华工科技(000988)      118.24    119.55    9.5%    多-8/空48  停手:无可卖仓且买点不强
华工科技(000988_B)    118.19    119.55    9.5%    多13/空48  停手:价格低于均价，14:30前禁止买入
11:11:51 [INFO] 🫀 扫描心跳 第134轮开始
11:12:30 [INFO] 🫀 扫描心跳 第135轮开始
11:13:12 [INFO] 🫀 扫描心跳 第136轮开始
11:13:51 [INFO] 🫀 扫描心跳 第137轮开始
11:14:13 [INFO] 
📊 护城河防御面板 第137轮
──────────────────────────────────────────────────────────────────────
科泰电源(300153)       20.40     20.58    3.9%    多32/空29  停手:价格低于均价，14:30前禁止买入
中文在线(300364)       21.97     22.26    8.3%    多61/空29  停手:价格低于均价，14:30前禁止买入
鼎龙股份(300054)       72.71     73.04    4.5%    多15/空21  停手:无可卖仓且买点不强
科创半导体ETF华夏(588170)    1.02      1.03    4.9%   多-33/空19  停手:无可卖仓且买点不强
中国巨石(600176)       44.60     45.29    8.3%    多-3/空58  停手:无可卖仓且买点不强
双良节能(600481)        4.07      4.08    3.2%    多31/空76  停手:价格低于均价，14:30前禁止买入
五洲新春(603667)       57.58     57.88    4.3%    多33/空-1  停手:价格低于均价，14:30前禁止买入
华工科技(000988)      117.64    119.47    9.5%    多35/空53  停手:价格低于均价，14:30前禁止买入
华工科技(000988_B)    117.64    119.47    9.5%    多42/空38  停手:价格低于均价，14:30前禁止买入
11:14:28 [INFO] 🫀 扫描心跳 第138轮开始
11:15:24 [INFO] 🫀 扫描心跳 第139轮开始
11:16:02 [INFO] 🫀 扫描心跳 第140轮开始
11:16:31 [INFO] ✅ 飞书消息已成功送达: 华工科技(000988_B) BUY_LOW - 加急通知已发送
11:16:33 [INFO] 🔔 已触发急促报警
11:16:48 [INFO] 🫀 扫描心跳 第141轮开始
11:17:10 [INFO] 
📊 护城河防御面板 第141轮
──────────────────────────────────────────────────────────────────────
科泰电源(300153)       20.50     20.58    3.9%    多53/空10  停手:价格低于均价，14:30前禁止买入
中文在线(300364)       21.95     22.24    8.3%    多76/空14  停手:价格低于均价，14:30前禁止买入
鼎龙股份(300054)       73.23     73.05    4.5%     多9/空32  停手:无可卖仓且买点不强
科创半导体ETF华夏(588170)    1.03      1.03    4.9%    多18/空13  停手:无可卖仓且买点不强
中国巨石(600176)       44.87     45.27    8.3%     多60/空2  停手:价格低于均价，14:30前禁止买入
双良节能(600481)        4.07      4.08    3.2%    多39/空61  停手:价格低于均价，14:30前禁止买入
五洲新春(603667)       57.72     57.87    4.3%   多55/空-20  停手:价格低于均价，14:30前禁止买入
华工科技(000988)      117.96    119.38    9.5%    多89/空17  停手:价格低于均价，14:30前禁止买入
华工科技(000988_B)    117.96    119.38    9.5%    多89/空10  停手:价格低于均价，14:30前禁止买入
11:17:25 [INFO] 🫀 扫描心跳 第142轮开始
11:18:03 [INFO] 🫀 扫描心跳 第143轮开始
11:18:41 [INFO] 🫀 扫描心跳 第144轮开始
11:19:19 [INFO] 🫀 扫描心跳 第145轮开始
11:19:27 [INFO] ✅ 飞书消息已成功送达: 中文在线(300364) BUY_LOW - 加急通知已发送
11:19:28 [INFO] 🔔 已触发急促报警
11:19:48 [INFO] ✅ 飞书消息已成功送达: 华工科技(000988) BUY_LOW - 加急通知已发送
11:19:50 [INFO] 🔔 已触发急促报警
11:19:53 [INFO] 
📊 护城河防御面板 第145轮
──────────────────────────────────────────────────────────────────────
科泰电源(300153)       20.40     20.57    3.9%    多41/空29  停手:价格低于均价，14:30前禁止买入
中文在线(300364)       21.85     22.23    8.3%   多116/空29  停手:价格低于均价，14:30前禁止买入|BUY_LOW
鼎龙股份(300054)       72.42     73.02    4.5%    多49/空21  停手:价格低于均价，14:30前禁止买入
科创半导体ETF华夏(588170)    1.02      1.03    4.9%     多64/空2  停手:当日轮次已满
中国巨石(600176)       44.37     45.23    8.3%    多62/空21  停手:价格低于均价，14:30前禁止买入
双良节能(600481)        4.07      4.08    3.2%    多12/空68  停手:无可卖仓且买点不强
五洲新春(603667)       57.35     57.85    4.3%   多101/空29  停手:价格低于均价，14:30前禁止买入
华工科技(000988)      117.76    119.32    9.5%    多84/空21  停手:价格低于均价，14:30前禁止买入|BUY_LOW
华工科技(000988_B)    117.94    119.33    9.5%   多104/空25  停手:价格低于均价，14:30前禁止买入
11:20:08 [INFO] 🫀 扫描心跳 第146轮开始
11:20:45 [INFO] 🫀 扫描心跳 第147轮开始
11:21:23 [INFO] 🫀 扫描心跳 第148轮开始
11:22:14 [INFO] 🫀 扫描心跳 第149轮开始
11:22:38 [INFO] 
📊 护城河防御面板 第149轮
──────────────────────────────────────────────────────────────────────
科泰电源(300153)       20.40     20.57    3.9%    多41/空29  停手:价格低于均价，14:30前禁止买入
中文在线(300364)       21.85     22.23    8.3%    多91/空29  停手:价格低于均价，14:30前禁止买入
鼎龙股份(300054)       72.42     73.02    4.5%    多49/空21  停手:价格低于均价，14:30前禁止买入
科创半导体ETF华夏(588170)    1.02      1.03    4.9%     多64/空2  停手:当日轮次已满
中国巨石(600176)       44.37     45.23    8.3%    多62/空21  停手:价格低于均价，14:30前禁止买入
双良节能(600481)        4.07      4.08    3.2%    多12/空68  停手:无可卖仓且买点不强
五洲新春(603667)       57.35     57.85    4.3%   多101/空29  停手:价格低于均价，14:30前禁止买入
华工科技(000988)      117.76    119.32    9.5%    多84/空29  停手:价格低于均价，14:30前禁止买入
华工科技(000988_B)    117.94    119.33    9.5%   多104/空25  停手:价格低于均价，14:30前禁止买入
11:22:53 [INFO] 🫀 扫描心跳 第150轮开始
11:23:03 [INFO] ✅ 飞书消息已成功送达: 鼎龙股份(300054) BUY_LOW - 加急通知已发送
11:23:05 [INFO] 🔔 已触发急促报警
11:23:41 [INFO] 🫀 扫描心跳 第151轮开始
11:24:20 [INFO] 🫀 扫描心跳 第152轮开始
11:25:01 [INFO] 🫀 扫描心跳 第153轮开始
11:25:25 [INFO] 
📊 护城河防御面板 第153轮
──────────────────────────────────────────────────────────────────────
科泰电源(300153)       20.41     20.56    3.9%    多86/空10  停手:价格低于均价，14:30前禁止买入
中文在线(300364)       21.82     22.21    8.3%    多83/空25  停手:价格低于均价，14:30前禁止买入
鼎龙股份(300054)       72.49     73.00    4.5%    多69/空14  停手:价格低于均价，14:30前禁止买入
科创半导体ETF华夏(588170)    1.02      1.03    4.9%     多95/空2  停手:当日轮次已满
中国巨石(600176)       44.44     45.19    8.3%     多64/空6  停手:价格低于均价，14:30前禁止买入
双良节能(600481)        4.07      4.08    3.2%    多25/空68  停手:无可卖仓且买点不强
五洲新春(603667)       57.38     57.82    4.3%    多67/空29  停手:价格低于均价，14:30前禁止买入
华工科技(000988)      117.63    119.24    9.5%    多74/空25  停手:价格低于均价，14:30前禁止买入
华工科技(000988_B)    117.63    119.24    9.5%    多89/空25  停手:价格低于均价，14:30前禁止买入
11:25:40 [INFO] 🫀 扫描心跳 第154轮开始
11:26:19 [INFO] 🫀 扫描心跳 第155轮开始
11:27:02 [INFO] 🫀 扫描心跳 第156轮开始
11:27:41 [INFO] 🫀 扫描心跳 第157轮开始
11:28:06 [INFO] 
📊 护城河防御面板 第157轮
──────────────────────────────────────────────────────────────────────
科泰电源(300153)       20.39     20.55    3.9%    多71/空10  停手:价格低于均价，14:30前禁止买入
中文在线(300364)       21.81     22.19    8.7%    多55/空10  停手:价格低于均价，14:30前禁止买入
鼎龙股份(300054)       72.49     72.98    4.5%    多53/空10  停手:价格低于均价，14:30前禁止买入
科创半导体ETF华夏(588170)    1.02      1.03    4.9%   多80/空-17  停手:当日轮次已满
中国巨石(600176)       44.53     45.17    8.3%    多58/空17  停手:价格低于均价，14:30前禁止买入
双良节能(600481)        4.07      4.08    3.2%    多31/空76  停手:价格低于均价，14:30前禁止买入
五洲新春(603667)       57.42     57.81    4.3%   多73/空-20  停手:价格低于均价，14:30前禁止买入
华工科技(000988)      117.62    119.18    9.5%    多89/空10  停手:价格低于均价，14:30前禁止买入
华工科技(000988_B)    117.62    119.18    9.5%    多89/空10  停手:价格低于均价，14:30前禁止买入
11:28:21 [INFO] 🫀 扫描心跳 第158轮开始
11:29:02 [INFO] 🫀 扫描心跳 第159轮开始
11:29:44 [INFO] 🫀 扫描心跳 第160轮开始
11:30:07 [WARNING] ⚠️  飞书推送失败: {'code': 11232, 'data': {}, 'msg': 'frequency limited psm[lark.oapi.app_platform_runtime]appID[1500]'}
11:30:28 [INFO] ⏸ 非交易时段，进入低频保活
11:40:28 [INFO] ⏸ 非交易时段，进入低频保活
11:50:28 [INFO] ⏸ 非交易时段，进入低频保活
12:00:28 [INFO] ⏸ 非交易时段，进入低频保活
12:10:28 [INFO] ⏸ 非交易时段，进入低频保活
12:20:28 [INFO] ⏸ 非交易时段，进入低频保活
12:30:29 [INFO] ⏸ 非交易时段，进入低频保活
12:40:29 [INFO] ⏸ 非交易时段，进入低频保活
12:50:29 [INFO] ⏸ 非交易时段，进入低频保活
13:00:14 [INFO] 🫀 扫描心跳 第161轮开始
13:00:57 [INFO] 
📊 护城河防御面板 第161轮
──────────────────────────────────────────────────────────────────────
科泰电源(300153)       20.34     20.54    3.9%   多128/空45  停手:价格低于均价，14:30前禁止买入
中文在线(300364)       21.85     22.17    8.7%    多45/空31  停手:价格低于均价，14:30前禁止买入
鼎龙股份(300054)       72.23     72.94    4.5%    多76/空47  停手:价格低于均价，14:30前禁止买入
科创半导体ETF华夏(588170)    1.01      1.03    4.9%   多118/空10  停手:当日轮次已满
中国巨石(600176)       44.20     45.12    8.3%    多45/空47  停手:价格低于均价，14:30前禁止买入
双良节能(600481)        4.06      4.08    3.2%    多45/空65  停手:价格低于均价，14:30前禁止买入
五洲新春(603667)       57.23     57.78    4.3%    多78/空50  停手:价格低于均价，14:30前禁止买入
华工科技(000988)      117.62    119.09    9.5%    多45/空60  停手:价格低于均价，14:30前禁止买入
华工科技(000988_B)    117.62    119.09    9.5%    多45/空60  停手:价格低于均价，14:30前禁止买入
13:01:12 [INFO] 🫀 扫描心跳 第162轮开始
13:01:52 [INFO] 🫀 扫描心跳 第163轮开始
13:02:31 [INFO] 🫀 扫描心跳 第164轮开始
13:03:12 [INFO] 🫀 扫描心跳 第165轮开始
13:03:36 [INFO] 
📊 护城河防御面板 第165轮
──────────────────────────────────────────────────────────────────────
科泰电源(300153)       20.34     20.54    3.9%   多128/空45  停手:价格低于均价，14:30前禁止买入
中文在线(300364)       21.85     22.17    8.7%    多45/空31  停手:价格低于均价，14:30前禁止买入
鼎龙股份(300054)       72.23     72.94    4.5%    多76/空47  停手:价格低于均价，14:30前禁止买入
科创半导体ETF华夏(588170)    1.01      1.03    4.9%   多118/空10  停手:当日轮次已满
中国巨石(600176)       44.20     45.12    8.3%    多45/空47  停手:价格低于均价，14:30前禁止买入
双良节能(600481)        4.06      4.08    3.2%    多45/空65  停手:价格低于均价，14:30前禁止买入
五洲新春(603667)       57.23     57.78    4.3%    多78/空50  停手:价格低于均价，14:30前禁止买入
华工科技(000988)      117.62    119.09    9.5%    多45/空60  停手:价格低于均价，14:30前禁止买入
华工科技(000988_B)    117.62    119.09    9.5%    多45/空60  停手:价格低于均价，14:30前禁止买入
13:03:51 [INFO] 🫀 扫描心跳 第166轮开始
13:04:37 [INFO] 🫀 扫描心跳 第167轮开始
13:05:16 [INFO] 🫀 扫描心跳 第168轮开始
13:05:54 [INFO] 🫀 扫描心跳 第169轮开始
13:06:33 [INFO] 
📊 护城河防御面板 第169轮
──────────────────────────────────────────────────────────────────────
科泰电源(300153)       20.22     20.53    4.2%   多110/空45  停手:价格低于均价，14:30前禁止买入
中文在线(300364)       21.73     22.15    8.7%    多45/空50  停手:价格低于均价，14:30前禁止买入
鼎龙股份(300054)       72.02     72.91    4.5%    多58/空47  停手:价格低于均价，14:30前禁止买入
科创半导体ETF华夏(588170)    1.01      1.03    4.9%   多118/空10  停手:当日轮次已满
中国巨石(600176)       43.86     45.06    8.9%    多45/空47  停手:价格低于均价，14:30前禁止买入
双良节能(600481)        4.06      4.08    3.2%    多45/空50  停手:价格低于均价，14:30前禁止买入
五洲新春(603667)       57.02     57.75    4.3%   多102/空40  停手:价格低于均价，14:30前禁止买入
华工科技(000988)      117.62    119.03    9.5%    多45/空31  停手:价格低于均价，14:30前禁止买入
华工科技(000988_B)    117.62    119.03    9.5%    多45/空31  停手:价格低于均价，14:30前禁止买入
13:06:48 [INFO] 🫀 扫描心跳 第170轮开始
13:07:28 [INFO] 🫀 扫描心跳 第171轮开始
13:08:08 [INFO] 🫀 扫描心跳 第172轮开始
13:08:45 [INFO] 🫀 扫描心跳 第173轮开始
13:09:09 [INFO] 
📊 护城河防御面板 第173轮
──────────────────────────────────────────────────────────────────────
科泰电源(300153)       20.11     20.51    4.8%   多110/空45  停手:价格低于均价，14:30前禁止买入
中文在线(300364)       21.74     22.13    8.7%    多45/空56  停手:价格低于均价，14:30前禁止买入
鼎龙股份(300054)       71.66     72.86    4.5%    多52/空57  停手:价格低于均价，14:30前禁止买入
科创半导体ETF华夏(588170)    1.00      1.03    4.9%   多122/空10  停手:当日轮次已满
中国巨石(600176)       43.68     45.02    9.3%    多45/空47  停手:价格低于均价，14:30前禁止买入
双良节能(600481)        4.05      4.08    3.2%    多45/空65  停手:价格低于均价，14:30前禁止买入
五洲新春(603667)       56.89     57.72    4.3%    多97/空40  停手:价格低于均价，14:30前禁止买入
华工科技(000988)      117.62    118.98    9.5%    多45/空31  停手:价格低于均价，14:30前禁止买入
华工科技(000988_B)    117.62    118.98    9.5%    多45/空31  停手:价格低于均价，14:30前禁止买入
13:09:24 [INFO] 🫀 扫描心跳 第174轮开始
13:10:02 [INFO] 🫀 扫描心跳 第175轮开始
13:10:40 [INFO] 🫀 扫描心跳 第176轮开始
13:11:04 [INFO] ✅ 飞书消息已成功送达: 五洲新春(603667) BUY_LOW - 加急通知已发送
13:11:06 [INFO] 🔔 已触发急促报警
13:11:27 [INFO] 🫀 扫描心跳 第177轮开始
13:11:50 [INFO] 
📊 护城河防御面板 第177轮
──────────────────────────────────────────────────────────────────────
科泰电源(300153)       20.12     20.49    5.1%    多45/空36  停手:价格低于均价，14:30前禁止买入
中文在线(300364)       21.82     22.12    8.7%    多45/空31  停手:价格低于均价，14:30前禁止买入
鼎龙股份(300054)       71.87     72.82    4.5%    多35/空28  停手:无可卖仓且买点不强
科创半导体ETF华夏(588170)    1.01      1.02    5.0%   多124/空-9  停手:当日轮次已满
中国巨石(600176)       43.82     44.97    9.4%    多45/空28  停手:价格低于均价，14:30前禁止买入
双良节能(600481)        4.05      4.08    3.5%    多45/空65  停手:价格低于均价，14:30前禁止买入
五洲新春(603667)       57.07     57.70    4.3%    多71/空21  停手:价格低于均价，14:30前禁止买入
华工科技(000988)      117.62    118.92    9.5%    多45/空31  停手:价格低于均价，14:30前禁止买入
华工科技(000988_B)    117.62    118.92    9.5%    多45/空31  停手:价格低于均价，14:30前禁止买入
13:12:05 [INFO] 🫀 扫描心跳 第178轮开始
13:12:43 [INFO] 🫀 扫描心跳 第179轮开始
13:13:22 [INFO] 🫀 扫描心跳 第180轮开始
13:13:59 [INFO] 🫀 扫描心跳 第181轮开始
13:14:27 [INFO] 
📊 护城河防御面板 第181轮
──────────────────────────────────────────────────────────────────────
科泰电源(300153)       20.06     20.48    5.4%    多45/空36  停手:价格低于均价，14:30前禁止买入
中文在线(300364)       21.81     22.10    8.7%    多45/空31  停手:价格低于均价，14:30前禁止买入
鼎龙股份(300054)       71.43     72.76    4.5%    多63/空57  停手:价格低于均价，14:30前禁止买入
科创半导体ETF华夏(588170)    1.00      1.02    5.1%    多117/空6  停手:当日轮次已满
中国巨石(600176)       43.63     44.91    9.4%    多45/空43  停手:价格低于均价，14:30前禁止买入
双良节能(600481)        4.04      4.07    3.7%    多45/空61  停手:价格低于均价，14:30前禁止买入
五洲新春(603667)       56.82     57.66    4.3%   多105/空36  停手:价格低于均价，14:30前禁止买入
华工科技(000988)      117.62    118.88    9.5%    多45/空41  停手:价格低于均价，14:30前禁止买入
华工科技(000988_B)    117.62    118.88    9.5%    多45/空41  停手:价格低于均价，14:30前禁止买入
13:14:42 [INFO] 🫀 扫描心跳 第182轮开始
13:15:19 [INFO] 🫀 扫描心跳 第183轮开始
13:15:56 [INFO] 🫀 扫描心跳 第184轮开始
13:16:33 [INFO] 🫀 扫描心跳 第185轮开始
13:16:56 [INFO] 
📊 护城河防御面板 第185轮
──────────────────────────────────────────────────────────────────────
科泰电源(300153)       20.06     20.48    5.4%    多45/空36  停手:价格低于均价，14:30前禁止买入
中文在线(300364)       21.81     22.10    8.7%    多45/空31  停手:价格低于均价，14:30前禁止买入
鼎龙股份(300054)       71.43     72.76    4.5%    多63/空57  停手:价格低于均价，14:30前禁止买入
科创半导体ETF华夏(588170)    1.00      1.02    5.1%    多117/空6  停手:当日轮次已满
中国巨石(600176)       43.63     44.91    9.4%    多45/空43  停手:价格低于均价，14:30前禁止买入
双良节能(600481)        4.04      4.07    3.7%    多45/空61  停手:价格低于均价，14:30前禁止买入
五洲新春(603667)       56.82     57.66    4.3%   多105/空36  停手:价格低于均价，14:30前禁止买入
华工科技(000988)      117.62    118.88    9.5%    多45/空41  停手:价格低于均价，14:30前禁止买入
华工科技(000988_B)    117.62    118.88    9.5%    多45/空41  停手:价格低于均价，14:30前禁止买入
13:17:11 [INFO] 🫀 扫描心跳 第186轮开始
13:17:51 [INFO] 🫀 扫描心跳 第187轮开始
13:18:30 [INFO] 🫀 扫描心跳 第188轮开始
13:19:07 [INFO] 🫀 扫描心跳 第189轮开始
13:19:29 [INFO] 
📊 护城河防御面板 第189轮
──────────────────────────────────────────────────────────────────────
科泰电源(300153)       20.00     20.46    5.4%    多45/空51  停手:价格低于均价，14:30前禁止买入
中文在线(300364)       21.70     22.09    8.8%    多45/空60  停手:价格低于均价，14:30前禁止买入
鼎龙股份(300054)       71.01     72.71    4.8%    多52/空57  停手:价格低于均价，14:30前禁止买入
科创半导体ETF华夏(588170)    0.99      1.02    5.7%   多122/空10  停手:当日轮次已满
中国巨石(600176)       43.68     44.87    9.6%    多45/空28  停手:价格低于均价，14:30前禁止买入
双良节能(600481)        4.03      4.07    3.7%    多45/空65  停手:价格低于均价，14:30前禁止买入
五洲新春(603667)       56.68     57.63    4.3%   多105/空40  停手:价格低于均价，14:30前禁止买入
华工科技(000988)      117.62    118.85    9.5%    多45/空41  停手:价格低于均价，14:30前禁止买入
华工科技(000988_B)    117.62    118.85    9.5%    多45/空41  停手:价格低于均价，14:30前禁止买入
13:19:44 [INFO] 🫀 扫描心跳 第190轮开始
13:20:23 [INFO] 🫀 扫描心跳 第191轮开始
13:21:07 [INFO] 🫀 扫描心跳 第192轮开始
13:21:44 [INFO] 🫀 扫描心跳 第193轮开始
13:22:08 [INFO] 
📊 护城河防御面板 第193轮
──────────────────────────────────────────────────────────────────────
科泰电源(300153)       19.96     20.44    5.6%    多45/空51  停手:价格低于均价，14:30前禁止买入
中文在线(300364)       21.71     22.08    8.7%    多45/空60  停手:价格低于均价，14:30前禁止买入
鼎龙股份(300054)       70.74     72.65    5.2%    多52/空57  停手:价格低于均价，14:30前禁止买入
科创半导体ETF华夏(588170)    0.99      1.02    6.5%   多118/空10  停手:当日轮次已满
中国巨石(600176)       43.50     44.83    9.7%    多45/空57  停手:价格低于均价，14:30前禁止买入
双良节能(600481)        4.04      4.07    3.7%    多41/空46  停手:价格低于均价，14:30前禁止买入
五洲新春(603667)       56.66     57.60    4.3%    多87/空50  停手:价格低于均价，14:30前禁止买入
华工科技(000988)      117.62    118.81    9.5%    多45/空41  停手:价格低于均价，14:30前禁止买入
华工科技(000988_B)    117.62    118.81    9.5%    多45/空41  停手:价格低于均价，14:30前禁止买入
13:22:23 [INFO] 🫀 扫描心跳 第194轮开始
13:23:00 [INFO] 🫀 扫描心跳 第195轮开始
13:23:38 [INFO] 🫀 扫描心跳 第196轮开始
13:24:19 [INFO] 🫀 扫描心跳 第197轮开始
13:24:40 [INFO] 
📊 护城河防御面板 第197轮
──────────────────────────────────────────────────────────────────────
科泰电源(300153)       19.91     20.42    5.8%    多45/空55  停手:价格低于均价，14:30前禁止买入
中文在线(300364)       21.78     22.07    8.7%    多45/空31  停手:价格低于均价，14:30前禁止买入
鼎龙股份(300054)       70.70     72.59    5.4%    多70/空57  停手:价格低于均价，14:30前禁止买入
科创半导体ETF华夏(588170)    0.99      1.02    6.8%    多125/空6  停手:当日轮次已满
中国巨石(600176)       43.50     44.79    9.7%    多45/空57  停手:价格低于均价，14:30前禁止买入
双良节能(600481)        4.02      4.07    4.0%    多45/空65  停手:价格低于均价，14:30前禁止买入
五洲新春(603667)       56.84     57.58    4.3%    多77/空31  停手:价格低于均价，14:30前禁止买入
华工科技(000988)      117.62    118.78    9.5%    多45/空41  停手:价格低于均价，14:30前禁止买入
华工科技(000988_B)    117.62    118.78    9.5%    多45/空41  停手:价格低于均价，14:30前禁止买入
13:24:55 [INFO] 🫀 扫描心跳 第198轮开始
13:25:32 [INFO] 🫀 扫描心跳 第199轮开始
13:26:12 [INFO] 🫀 扫描心跳 第200轮开始
13:26:52 [INFO] 🫀 扫描心跳 第201轮开始
13:27:03 [INFO] 📉 588170 买入信号得分66分，低于10:00后阈值68分，静默处理（不推送飞书）
13:27:17 [INFO] 
📊 护城河防御面板 第201轮
──────────────────────────────────────────────────────────────────────
科泰电源(300153)       19.88     20.40    6.4%    多45/空51  停手:价格低于均价，14:30前禁止买入
中文在线(300364)       21.75     22.06    8.7%    多45/空60  停手:价格低于均价，14:30前禁止买入
鼎龙股份(300054)       71.20     72.54    5.4%     多8/空53  停手:无可卖仓且买点不强
科创半导体ETF华夏(588170)    1.00      1.02    6.8%     多66/空6  停手:当日轮次已满|BUY_LOW
中国巨石(600176)       43.58     44.75   10.0%    多39/空28  停手:价格低于均价，14:30前禁止买入
双良节能(600481)        4.02      4.07    4.0%    多45/空46  停手:价格低于均价，14:30前禁止买入
五洲新春(603667)       57.12     57.56    4.3%    多51/空48  停手:价格低于均价，14:30前禁止买入
华工科技(000988)      117.62    118.73    9.5%    多45/空41  停手:价格低于均价，14:30前禁止买入
华工科技(000988_B)    117.62    118.73    9.5%    多45/空41  停手:价格低于均价，14:30前禁止买入
13:27:32 [INFO] 🫀 扫描心跳 第202轮开始
13:28:09 [INFO] 🫀 扫描心跳 第203轮开始
13:28:47 [INFO] 🫀 扫描心跳 第204轮开始
13:29:26 [INFO] 🫀 扫描心跳 第205轮开始
13:29:47 [INFO] 
📊 护城河防御面板 第205轮
──────────────────────────────────────────────────────────────────────
科泰电源(300153)       19.88     20.40    6.4%    多45/空51  停手:价格低于均价，14:30前禁止买入
中文在线(300364)       21.75     22.06    8.7%    多45/空60  停手:价格低于均价，14:30前禁止买入
鼎龙股份(300054)       71.20     72.54    5.4%     多8/空53  停手:无可卖仓且买点不强
科创半导体ETF华夏(588170)    1.00      1.02    6.8%     多61/空6  停手:当日轮次已满
中国巨石(600176)       43.58     44.75   10.0%    多39/空28  停手:价格低于均价，14:30前禁止买入
双良节能(600481)        4.02      4.07    4.0%    多45/空46  停手:价格低于均价，14:30前禁止买入
五洲新春(603667)       57.12     57.56    4.3%    多51/空48  停手:价格低于均价，14:30前禁止买入
华工科技(000988)      117.62    118.73    9.5%    多45/空41  停手:价格低于均价，14:30前禁止买入
华工科技(000988_B)    117.62    118.73    9.5%    多45/空41  停手:价格低于均价，14:30前禁止买入
13:30:02 [INFO] 🫀 扫描心跳 第206轮开始
13:30:42 [INFO] 🫀 扫描心跳 第207轮开始
13:30:55 [INFO] 📉 300054 买入信号得分65分，低于10:00后阈值68分，静默处理（不推送飞书）
13:31:33 [INFO] 🫀 扫描心跳 第208轮开始
13:32:10 [INFO] 🫀 扫描心跳 第209轮开始
13:32:32 [INFO] 
📊 护城河防御面板 第209轮
──────────────────────────────────────────────────────────────────────
科泰电源(300153)       19.98     20.38    6.4%    多40/空43  停手:价格低于均价，14:30前禁止买入
中文在线(300364)       21.86     22.05    8.7%    多40/空53  停手:价格低于均价，14:30前禁止买入
鼎龙股份(300054)       71.45     72.49    5.4%    多60/空36  停手:价格低于均价，14:30前禁止买入
科创半导体ETF华夏(588170)    1.00      1.02    6.8%     多57/空4  停手:当日轮次已满
中国巨石(600176)       43.80     44.72   10.0%    多45/空43  停手:价格低于均价，14:30前禁止买入
双良节能(600481)        4.03      4.07    4.0%    多45/空46  停手:价格低于均价，14:30前禁止买入
五洲新春(603667)       57.10     57.55    4.3%    多39/空50  停手:价格低于均价，14:30前禁止买入
华工科技(000988)      117.62    118.70    9.5%    多45/空41  停手:价格低于均价，14:30前禁止买入
华工科技(000988_B)    117.62    118.70    9.5%    多45/空41  停手:价格低于均价，14:30前禁止买入
13:32:47 [INFO] 🫀 扫描心跳 第210轮开始
13:33:24 [INFO] 🫀 扫描心跳 第211轮开始
13:34:05 [INFO] 🫀 扫描心跳 第212轮开始
13:34:42 [INFO] 🫀 扫描心跳 第213轮开始
13:35:04 [INFO] 
📊 护城河防御面板 第213轮
──────────────────────────────────────────────────────────────────────
科泰电源(300153)       19.89     20.37    6.4%    多45/空57  停手:价格低于均价，14:30前禁止买入
中文在线(300364)       21.77     22.05    8.7%    多45/空60  停手:价格低于均价，14:30前禁止买入
鼎龙股份(300054)       71.30     72.46    5.4%    多72/空46  停手:价格低于均价，14:30前禁止买入
科创半导体ETF华夏(588170)    0.99      1.02    6.8%    多79/空18  停手:当日轮次已满
中国巨石(600176)       43.54     44.68   10.0%    多45/空57  停手:价格低于均价，14:30前禁止买入
双良节能(600481)        4.04      4.07    4.0%    多45/空46  停手:价格低于均价，14:30前禁止买入
五洲新春(603667)       56.81     57.53    4.3%    多81/空50  停手:价格低于均价，14:30前禁止买入
华工科技(000988)      117.62    118.68    9.5%    多45/空41  停手:价格低于均价，14:30前禁止买入
华工科技(000988_B)    117.62    118.68    9.5%    多45/空41  停手:价格低于均价，14:30前禁止买入
13:35:19 [INFO] 🫀 扫描心跳 第214轮开始
13:35:56 [INFO] 🫀 扫描心跳 第215轮开始
13:36:33 [INFO] 🫀 扫描心跳 第216轮开始
13:37:12 [INFO] 🫀 扫描心跳 第217轮开始
13:37:35 [INFO] 
📊 护城河防御面板 第217轮
──────────────────────────────────────────────────────────────────────
科泰电源(300153)       19.79     20.35    6.5%    多45/空57  停手:价格低于均价，14:30前禁止买入
中文在线(300364)       21.65     22.04    9.0%    多45/空50  停手:价格低于均价，14:30前禁止买入
鼎龙股份(300054)       70.70     72.40    5.4%    多95/空50  停手:价格低于均价，14:30前禁止买入
科创半导体ETF华夏(588170)    0.98      1.02    6.8%    多45/空24  停手:当日轮次已满
中国巨石(600176)       43.27     44.64   10.3%    多45/空47  停手:价格低于均价，14:30前禁止买入
双良节能(600481)        4.02      4.06    4.0%    多45/空75  停手:价格低于均价，14:30前禁止买入
五洲新春(603667)       56.62     57.50    4.3%   多103/空40  停手:价格低于均价，14:30前禁止买入
华工科技(000988)      117.62    118.65    9.5%    多45/空41  停手:价格低于均价，14:30前禁止买入
华工科技(000988_B)    117.62    118.65    9.5%    多45/空41  停手:价格低于均价，14:30前禁止买入
13:37:50 [INFO] 🫀 扫描心跳 第218轮开始
13:38:26 [INFO] 🫀 扫描心跳 第219轮开始
13:39:05 [INFO] 🫀 扫描心跳 第220轮开始
13:39:42 [INFO] 🫀 扫描心跳 第221轮开始
13:40:07 [INFO] 
📊 护城河防御面板 第221轮
──────────────────────────────────────────────────────────────────────
科泰电源(300153)       19.72     20.33    6.8%    多45/空47  停手:价格低于均价，14:30前禁止买入
中文在线(300364)       21.55     22.02    9.5%    多45/空50  停手:价格低于均价，14:30前禁止买入
鼎龙股份(300054)       70.32     72.35    5.9%    多45/空50  停手:价格低于均价，14:30前禁止买入
科创半导体ETF华夏(588170)    0.98      1.02    7.4%    多45/空24  停手:当日轮次已满
中国巨石(600176)       43.35     44.60   10.2%    多45/空28  停手:价格低于均价，14:30前禁止买入
双良节能(600481)        4.02      4.06    4.0%    多45/空56  停手:价格低于均价，14:30前禁止买入
五洲新春(603667)       54.54     57.44    8.2%   多101/空45  停手:价格低于均价，14:30前禁止买入
华工科技(000988)      117.62    118.62    9.5%    多45/空41  停手:价格低于均价，14:30前禁止买入
华工科技(000988_B)    117.62    118.62    9.5%    多45/空41  停手:价格低于均价，14:30前禁止买入
13:40:22 [INFO] 🫀 扫描心跳 第222轮开始
13:41:01 [INFO] 🫀 扫描心跳 第223轮开始
13:41:38 [INFO] 🫀 扫描心跳 第224轮开始
13:42:18 [INFO] 🫀 扫描心跳 第225轮开始
13:42:42 [INFO] 
📊 护城河防御面板 第225轮
──────────────────────────────────────────────────────────────────────
科泰电源(300153)       19.72     20.33    6.8%    多45/空47  停手:价格低于均价，14:30前禁止买入
中文在线(300364)       21.55     22.02    9.5%    多45/空50  停手:价格低于均价，14:30前禁止买入
鼎龙股份(300054)       70.32     72.35    5.9%    多45/空50  停手:价格低于均价，14:30前禁止买入
科创半导体ETF华夏(588170)    0.98      1.02    7.4%    多45/空24  停手:当日轮次已满
中国巨石(600176)       43.35     44.60   10.2%    多45/空28  停手:价格低于均价，14:30前禁止买入
双良节能(600481)        4.02      4.06    4.0%    多45/空56  停手:价格低于均价，14:30前禁止买入
五洲新春(603667)       54.54     57.44    8.2%   多101/空45  停手:价格低于均价，14:30前禁止买入
华工科技(000988)      117.62    118.62    9.5%    多45/空41  停手:价格低于均价，14:30前禁止买入
华工科技(000988_B)    117.62    118.62    9.5%    多45/空41  停手:价格低于均价，14:30前禁止买入
13:42:57 [INFO] 🫀 扫描心跳 第226轮开始
13:43:37 [INFO] 🫀 扫描心跳 第227轮开始
13:44:14 [INFO] 🫀 扫描心跳 第228轮开始
13:44:50 [INFO] 🫀 扫描心跳 第229轮开始
13:45:12 [INFO] 
📊 护城河防御面板 第229轮
──────────────────────────────────────────────────────────────────────
科泰电源(300153)       19.71     20.31    7.0%    多45/空43  停手:价格低于均价，14:30前禁止买入
中文在线(300364)       21.63     22.01    9.6%    多45/空31  停手:价格低于均价，14:30前禁止买入
鼎龙股份(300054)       70.13     72.29    6.2%    多45/空50  停手:价格低于均价，14:30前禁止买入
科创半导体ETF华夏(588170)    0.98      1.01    7.7%    多45/空20  停手:当日轮次已满
中国巨石(600176)       43.16     44.55   10.6%    多45/空47  停手:价格低于均价，14:30前禁止买入
双良节能(600481)        4.02      4.06    4.2%    多45/空46  停手:价格低于均价，14:30前禁止买入
五洲新春(603667)       55.36     57.36    8.2%    多69/空21  停手:价格低于均价，14:30前禁止买入
华工科技(000988)      117.62    118.59    9.5%    多35/空41  停手:价格低于均价，14:30前禁止买入
华工科技(000988_B)    117.62    118.59    9.5%    多45/空41  停手:价格低于均价，14:30前禁止买入
13:45:27 [INFO] 🫀 扫描心跳 第230轮开始
13:46:05 [INFO] 🫀 扫描心跳 第231轮开始
13:46:48 [INFO] 🫀 扫描心跳 第232轮开始
13:47:26 [INFO] 🫀 扫描心跳 第233轮开始
13:47:48 [INFO] 
📊 护城河防御面板 第233轮
──────────────────────────────────────────────────────────────────────
科泰电源(300153)       19.67     20.29    7.2%    多45/空43  停手:价格低于均价，14:30前禁止买入
中文在线(300364)       21.58     22.00    9.6%    多45/空46  停手:价格低于均价，14:30前禁止买入
鼎龙股份(300054)       69.85     72.20    6.7%    多45/空50  停手:价格低于均价，14:30前禁止买入
科创半导体ETF华夏(588170)    0.97      1.01    8.2%    多45/空24  停手:当日轮次已满
中国巨石(600176)       43.00     44.51   11.0%    多45/空47  停手:价格低于均价，14:30前禁止买入
双良节能(600481)        4.01      4.06    4.5%    多45/空46  停手:价格低于均价，14:30前禁止买入
五洲新春(603667)       54.11     57.27    9.1%    多45/空50  停手:价格低于均价，14:30前禁止买入
华工科技(000988)      117.62    118.57    9.5%    多40/空41  停手:价格低于均价，14:30前禁止买入
华工科技(000988_B)    117.62    118.57    9.5%    多45/空41  停手:价格低于均价，14:30前禁止买入
13:48:03 [INFO] 🫀 扫描心跳 第234轮开始
13:48:41 [INFO] 🫀 扫描心跳 第235轮开始
13:49:21 [INFO] 🫀 扫描心跳 第236轮开始
13:50:00 [INFO] 🫀 扫描心跳 第237轮开始
13:50:23 [INFO] 
📊 护城河防御面板 第237轮
──────────────────────────────────────────────────────────────────────
科泰电源(300153)       19.79     20.26    7.2%    多39/空28  停手:价格低于均价，14:30前禁止买入
中文在线(300364)       21.70     21.99    9.6%    多45/空31  停手:价格低于均价，14:30前禁止买入
鼎龙股份(300054)       70.29     72.13    7.1%    多27/空31  停手:无可卖仓且买点不强
科创半导体ETF华夏(588170)    0.98      1.01    8.5%     多26/空5  停手:无可卖仓且买点不强
中国巨石(600176)       43.25     44.47   11.0%    多45/空43  停手:价格低于均价，14:30前禁止买入
双良节能(600481)        4.01      4.06    4.5%    多45/空46  停手:价格低于均价，14:30前禁止买入
五洲新春(603667)       54.90     57.18    9.5%    多39/空31  停手:价格低于均价，14:30前禁止买入
华工科技(000988)      117.62    118.55    9.5%    多40/空41  停手:价格低于均价，14:30前禁止买入
华工科技(000988_B)    117.62    118.55    9.5%    多40/空41  停手:价格低于均价，14:30前禁止买入
13:50:38 [INFO] 🫀 扫描心跳 第238轮开始
13:51:16 [INFO] 🫀 扫描心跳 第239轮开始
13:51:56 [INFO] 🫀 扫描心跳 第240轮开始
13:52:34 [INFO] 🫀 扫描心跳 第241轮开始
13:53:01 [INFO] 
📊 护城河防御面板 第241轮
──────────────────────────────────────────────────────────────────────
科泰电源(300153)       19.76     20.25    7.2%    多45/空68  停手:价格低于均价，14:30前禁止买入
中文在线(300364)       21.63     21.98    9.6%    多45/空56  停手:价格低于均价，14:30前禁止买入
鼎龙股份(300054)       70.12     72.08    7.1%    多40/空61  停手:价格低于均价，14:30前禁止买入
科创半导体ETF华夏(588170)    0.98      1.01    8.5%    多43/空34  停手:当日轮次已满
中国巨石(600176)       43.09     44.43   11.0%    多45/空53  停手:价格低于均价，14:30前禁止买入
双良节能(600481)        4.02      4.06    4.5%    多45/空46  停手:价格低于均价，14:30前禁止买入
五洲新春(603667)       55.27     57.12    9.5%    多38/空46  停手:价格低于均价，14:30前禁止买入
华工科技(000988)      117.62    118.53    9.5%    多40/空41  停手:价格低于均价，14:30前禁止买入
华工科技(000988_B)    117.62    118.53    9.5%    多40/空41  停手:价格低于均价，14:30前禁止买入
13:53:16 [INFO] 🫀 扫描心跳 第242轮开始
13:53:53 [INFO] 🫀 扫描心跳 第243轮开始
13:54:31 [INFO] 🫀 扫描心跳 第244轮开始
13:55:13 [INFO] 🫀 扫描心跳 第245轮开始
13:55:35 [INFO] 
📊 护城河防御面板 第245轮
──────────────────────────────────────────────────────────────────────
科泰电源(300153)       19.76     20.25    7.2%    多45/空68  停手:价格低于均价，14:30前禁止买入
中文在线(300364)       21.63     21.98    9.6%    多45/空56  停手:价格低于均价，14:30前禁止买入
鼎龙股份(300054)       70.12     72.08    7.1%    多40/空61  停手:价格低于均价，14:30前禁止买入
科创半导体ETF华夏(588170)    0.98      1.01    8.5%    多43/空34  停手:当日轮次已满
中国巨石(600176)       43.09     44.43   11.0%    多45/空53  停手:价格低于均价，14:30前禁止买入
双良节能(600481)        4.02      4.06    4.5%    多45/空46  停手:价格低于均价，14:30前禁止买入
五洲新春(603667)       55.27     57.12    9.5%    多38/空46  停手:价格低于均价，14:30前禁止买入
华工科技(000988)      117.62    118.53    9.5%    多40/空41  停手:价格低于均价，14:30前禁止买入
华工科技(000988_B)    117.62    118.53    9.5%    多40/空41  停手:价格低于均价，14:30前禁止买入
13:55:50 [INFO] 🫀 扫描心跳 第246轮开始
13:56:32 [INFO] 🫀 扫描心跳 第247轮开始
13:57:12 [INFO] 🫀 扫描心跳 第248轮开始
13:57:52 [INFO] 🫀 扫描心跳 第249轮开始
13:58:18 [INFO] 
📊 护城河防御面板 第249轮
──────────────────────────────────────────────────────────────────────
科泰电源(300153)       19.79     20.24    7.2%    多45/空38  停手:价格低于均价，14:30前禁止买入
中文在线(300364)       21.69     21.97    9.6%    多45/空41  停手:价格低于均价，14:30前禁止买入
鼎龙股份(300054)       70.29     72.03    7.1%    多45/空31  停手:价格低于均价，14:30前禁止买入
科创半导体ETF华夏(588170)    0.98      1.01    8.5%    多45/空34  停手:当日轮次已满
中国巨石(600176)       43.13     44.39   11.0%    多45/空28  停手:价格低于均价，14:30前禁止买入
双良节能(600481)        4.01      4.05    4.5%    多45/空67  停手:价格低于均价，14:30前禁止买入
五洲新春(603667)       55.20     57.05    9.5%    多30/空31  停手:价格低于均价，14:30前禁止买入
华工科技(000988)      117.62    118.50    9.5%    多40/空41  停手:价格低于均价，14:30前禁止买入
华工科技(000988_B)    117.62    118.50    9.5%    多40/空41  停手:价格低于均价，14:30前禁止买入
13:58:33 [INFO] 🫀 扫描心跳 第250轮开始
13:59:12 [INFO] 🫀 扫描心跳 第251轮开始
13:59:18 [INFO] 📊 动态份数 300364: 状态=normal 信号强度61/阈值50, 建议交易200股/份 (50%)
13:59:18 [INFO] 📉 300364 卖出信号得分61分，低于10:00后阈值65分，静默处理（不推送飞书）
13:59:33 [INFO] 📊 动态份数 603667: 状态=normal 信号强度73/阈值49, 建议交易200股/份 (50%)
13:59:34 [INFO] ✅ 飞书消息已成功送达: 五洲新春(603667) PANIC_SELL - 加急通知已发送
13:59:36 [INFO] 🔔 已触发急促报警
13:59:58 [INFO] 🫀 扫描心跳 第252轮开始
14:00:38 [INFO] 🫀 扫描心跳 第253轮开始
14:01:01 [INFO] 
📊 护城河防御面板 第253轮
──────────────────────────────────────────────────────────────────────
科泰电源(300153)       20.06     20.23    7.2%    多45/空83  停手:价格低于均价，14:30前禁止买入
中文在线(300364)       21.91     21.97    9.6%    多23/空47  停手:买卖都不够强
鼎龙股份(300054)       71.14     72.00    7.1%    多45/空73  停手:价格低于均价，14:30前禁止买入
科创半导体ETF华夏(588170)    0.99      1.01    8.5%    多45/空47  停手:当日轮次已满
中国巨石(600176)       43.47     44.37   11.0%    多45/空70  停手:价格低于均价，14:30前禁止买入
双良节能(600481)        4.02      4.05    4.5%    多45/空82  停手:价格低于均价，14:30前禁止买入
五洲新春(603667)       55.80     57.01    9.5%    多45/空62  停手:价格低于均价，14:30前禁止买入
华工科技(000988)      117.62    118.48    9.5%    多45/空56  停手:价格低于均价，14:30前禁止买入
华工科技(000988_B)    117.62    118.48    9.5%    多45/空56  停手:价格低于均价，14:30前禁止买入
14:01:16 [INFO] 🫀 扫描心跳 第254轮开始
14:02:09 [INFO] 🫀 扫描心跳 第255轮开始
14:02:50 [INFO] 🫀 扫描心跳 第256轮开始
14:03:33 [INFO] 🫀 扫描心跳 第257轮开始
14:03:57 [INFO] 
📊 护城河防御面板 第257轮
──────────────────────────────────────────────────────────────────────
科泰电源(300153)       20.11     20.22    7.2%    多25/空95  停手:无可卖仓且买点不强
中文在线(300364)       22.05     21.97    9.6%    多13/空65  停手:已达当日买入上限1次
鼎龙股份(300054)       72.19     71.99    7.1%  多-23/空116  停手:无可卖仓且买点不强
科创半导体ETF华夏(588170)    1.00      1.01    8.5%    多35/空42  停手:当日轮次已满
中国巨石(600176)       43.89     44.35   11.0%    多43/空70  停手:价格低于均价，14:30前禁止买入
双良节能(600481)        4.05      4.05    4.5%    多25/空80  停手:无可卖仓且买点不强
五洲新春(603667)       56.22     56.98    9.5%    多35/空60  停手:价格低于均价，14:30前禁止买入
华工科技(000988)      117.62    118.46    9.5%    多45/空56  停手:价格低于均价，14:30前禁止买入
华工科技(000988_B)    117.62    118.46    9.5%    多45/空56  停手:价格低于均价，14:30前禁止买入
14:04:12 [INFO] 🫀 扫描心跳 第258轮开始
14:04:50 [INFO] 🫀 扫描心跳 第259轮开始
14:05:35 [INFO] 🫀 扫描心跳 第260轮开始
14:06:17 [INFO] 🫀 扫描心跳 第261轮开始
14:06:50 [INFO] 
📊 护城河防御面板 第261轮
──────────────────────────────────────────────────────────────────────
科泰电源(300153)       20.18     20.22    7.2%    多29/空68  停手:价格低于均价，14:30前禁止买入
中文在线(300364)       21.91     21.97    9.6%    多29/空63  停手:价格低于均价，14:30前禁止买入
鼎龙股份(300054)       72.04     72.00    7.1%  多-25/空101  停手:无可卖仓且买点不强
科创半导体ETF华夏(588170)    1.00      1.01    8.5%    多41/空45  停手:当日轮次已满
中国巨石(600176)       43.70     44.34   11.0%    多45/空68  停手:价格低于均价，14:30前禁止买入
双良节能(600481)        4.05      4.05    4.5%    多25/空90  停手:无可卖仓且买点不强
五洲新春(603667)       56.00     56.95    9.5%    多45/空60  停手:价格低于均价，14:30前禁止买入
华工科技(000988)      117.62    118.44    9.5%    多45/空56  停手:价格低于均价，14:30前禁止买入
华工科技(000988_B)    117.62    118.44    9.5%    多45/空56  停手:价格低于均价，14:30前禁止买入
14:07:05 [INFO] 🫀 扫描心跳 第262轮开始
14:07:44 [INFO] 🫀 扫描心跳 第263轮开始
14:08:24 [INFO] 🫀 扫描心跳 第264轮开始
14:09:05 [INFO] 🫀 扫描心跳 第265轮开始
14:09:29 [INFO] 
📊 护城河防御面板 第265轮
──────────────────────────────────────────────────────────────────────
科泰电源(300153)       20.18     20.22    7.2%    多29/空68  停手:价格低于均价，14:30前禁止买入
中文在线(300364)       21.91     21.97    9.6%    多29/空63  停手:价格低于均价，14:30前禁止买入
鼎龙股份(300054)       72.04     72.00    7.1%  多-25/空101  停手:无可卖仓且买点不强
科创半导体ETF华夏(588170)    1.00      1.01    8.5%    多41/空45  停手:当日轮次已满
中国巨石(600176)       43.70     44.34   11.0%    多45/空68  停手:价格低于均价，14:30前禁止买入
双良节能(600481)        4.05      4.05    4.5%    多25/空90  停手:无可卖仓且买点不强
五洲新春(603667)       56.00     56.95    9.5%    多45/空60  停手:价格低于均价，14:30前禁止买入
华工科技(000988)      117.62    118.44    9.5%    多45/空56  停手:价格低于均价，14:30前禁止买入
华工科技(000988_B)    117.62    118.44    9.5%    多45/空56  停手:价格低于均价，14:30前禁止买入
14:09:44 [INFO] 🫀 扫描心跳 第266轮开始
14:10:25 [INFO] 🫀 扫描心跳 第267轮开始
14:11:03 [INFO] 🫀 扫描心跳 第268轮开始
14:11:41 [INFO] 🫀 扫描心跳 第269轮开始
14:12:05 [INFO] 
📊 护城河防御面板 第269轮
──────────────────────────────────────────────────────────────────────
科泰电源(300153)       20.31     20.23    7.2%    多13/空28  停手:无可卖仓且买点不强
中文在线(300364)       21.98     21.97    9.6%    多11/空63  停手:已达当日买入上限1次
鼎龙股份(300054)       72.26     72.00    7.1%   多-25/空46  停手:无可卖仓且买点不强
科创半导体ETF华夏(588170)    1.01      1.01    8.5%    多20/空30  停手:无可卖仓且买点不强
中国巨石(600176)       44.06     44.33   11.0%    多29/空53  停手:价格低于均价，14:30前禁止买入
双良节能(600481)        4.05      4.05    4.5%    多29/空63  停手:价格低于均价，14:30前禁止买入
五洲新春(603667)       56.79     56.94    9.5%    多29/空47  停手:价格低于均价，14:30前禁止买入
华工科技(000988)      117.62    118.42    9.5%    多45/空56  停手:价格低于均价，14:30前禁止买入
华工科技(000988_B)    117.62    118.42    9.5%    多45/空56  停手:价格低于均价，14:30前禁止买入
14:12:20 [INFO] 🫀 扫描心跳 第270轮开始
14:12:58 [INFO] 🫀 扫描心跳 第271轮开始
14:13:43 [INFO] 🫀 扫描心跳 第272轮开始
14:14:24 [INFO] 🫀 扫描心跳 第273轮开始
14:14:48 [INFO] 
📊 护城河防御面板 第273轮
──────────────────────────────────────────────────────────────────────
科泰电源(300153)       20.30     20.23    7.2%    多11/空83  停手:无可卖仓且买点不强
中文在线(300364)       21.96     21.97    9.6%    多39/空50  停手:震荡贴均且分差不大
鼎龙股份(300054)       72.32     72.01    7.1%    多-5/空91  停手:无可卖仓且买点不强
科创半导体ETF华夏(588170)    1.01      1.01    8.5%    多12/空81  停手:无可卖仓且买点不强
中国巨石(600176)       44.55     44.34   11.0%    多13/空95  停手:无可卖仓且买点不强
双良节能(600481)        4.05      4.05    4.5%    多21/空67  停手:无可卖仓且买点不强
五洲新春(603667)       56.90     56.94    9.5%    多29/空60  停手:价格低于均价，14:30前禁止买入
华工科技(000988)      117.82    118.40    9.5%    多45/空58  停手:价格低于均价，14:30前禁止买入
华工科技(000988_B)    117.82    118.40    9.5%    多45/空58  停手:价格低于均价，14:30前禁止买入
14:15:03 [INFO] 🫀 扫描心跳 第274轮开始
14:15:43 [INFO] 🫀 扫描心跳 第275轮开始
14:16:24 [INFO] 🫀 扫描心跳 第276轮开始
14:16:57 [INFO] 📊 动态份数 000988_B: 状态=normal 信号强度94/阈值41, 建议交易400股/份 (100%)
14:16:58 [INFO] ✅ 飞书消息已成功送达: 华工科技(000988_B) PANIC_SELL - 加急通知已发送
14:17:00 [INFO] 🔔 已触发急促报警
14:17:15 [INFO] 🫀 扫描心跳 第277轮开始
14:17:42 [INFO] 
📊 护城河防御面板 第277轮
──────────────────────────────────────────────────────────────────────
科泰电源(300153)       20.30     20.23    7.2%    多19/空83  停手:无可卖仓且买点不强
中文在线(300364)       21.88     21.97    9.6%    多45/空57  停手:价格低于均价，14:30前禁止买入
鼎龙股份(300054)       72.40     72.04    7.1%    多-5/空25  停手:无可卖仓且买点不强
科创半导体ETF华夏(588170)    1.02      1.01    8.5%   多10/空111  停手:无可卖仓且买点不强
中国巨石(600176)       44.64     44.35   11.0%    多11/空28  停手:无可卖仓且买点不强
双良节能(600481)        4.05      4.05    4.5%    多21/空82  停手:无可卖仓且买点不强
五洲新春(603667)       56.51     56.93    9.5%    多13/空60  停手:无可卖仓且买点不强
华工科技(000988)      118.76    118.43    9.5%    多21/空94  停手:无可卖仓且买点不强
华工科技(000988_B)    118.75    118.43    9.5%    多21/空75  停手:无可卖仓且买点不强
14:17:57 [INFO] 🫀 扫描心跳 第278轮开始
14:18:37 [INFO] 🫀 扫描心跳 第279轮开始
14:19:15 [INFO] 🫀 扫描心跳 第280轮开始
14:19:56 [INFO] 🫀 扫描心跳 第281轮开始
14:20:23 [INFO] 
📊 护城河防御面板 第281轮
──────────────────────────────────────────────────────────────────────
科泰电源(300153)       20.21     20.23    7.2%    多40/空58  停手:震荡贴均且分差不大
中文在线(300364)       21.87     21.97    9.6%    多45/空57  停手:价格低于均价，14:30前禁止买入
鼎龙股份(300054)       71.72     72.04    7.1%    多27/空62  停手:无可卖仓且买点不强
科创半导体ETF华夏(588170)    1.01      1.01    8.5%    多28/空35  停手:当日轮次已满
中国巨石(600176)       44.55     44.36   11.0%    多16/空73  停手:无可卖仓且买点不强
双良节能(600481)        4.05      4.05    4.5%    多31/空72  停手:价格低于均价，14:30前禁止买入
五洲新春(603667)       55.82     56.89    9.5%    多45/空54  停手:价格低于均价，14:30前禁止买入
华工科技(000988)      117.62    118.41    9.5%    多45/空65  停手:价格低于均价，14:30前禁止买入
华工科技(000988_B)    117.63    118.41    9.5%    多45/空54  停手:价格低于均价，14:30前禁止买入
14:20:38 [INFO] 🫀 扫描心跳 第282轮开始
14:21:15 [INFO] 🫀 扫描心跳 第283轮开始
14:21:55 [INFO] 🫀 扫描心跳 第284轮开始
14:22:33 [INFO] 🫀 扫描心跳 第285轮开始
14:22:58 [INFO] 
📊 护城河防御面板 第285轮
──────────────────────────────────────────────────────────────────────
科泰电源(300153)       20.21     20.23    7.2%    多40/空58  停手:震荡贴均且分差不大
中文在线(300364)       21.87     21.97    9.6%    多45/空57  停手:价格低于均价，14:30前禁止买入
鼎龙股份(300054)       71.72     72.04    7.1%    多27/空62  停手:无可卖仓且买点不强
科创半导体ETF华夏(588170)    1.01      1.01    8.5%    多28/空35  停手:当日轮次已满
中国巨石(600176)       44.55     44.36   11.0%    多16/空73  停手:无可卖仓且买点不强
双良节能(600481)        4.05      4.05    4.5%    多31/空72  停手:价格低于均价，14:30前禁止买入
五洲新春(603667)       55.82     56.89    9.5%    多45/空54  停手:价格低于均价，14:30前禁止买入
华工科技(000988)      117.62    118.41    9.5%    多45/空65  停手:价格低于均价，14:30前禁止买入
华工科技(000988_B)    117.63    118.41    9.5%    多45/空54  停手:价格低于均价，14:30前禁止买入
14:23:13 [INFO] 🫀 扫描心跳 第286轮开始
14:23:57 [INFO] 🫀 扫描心跳 第287轮开始
14:24:35 [INFO] 🫀 扫描心跳 第288轮开始
14:25:16 [INFO] 🫀 扫描心跳 第289轮开始
