00:52:45 [INFO] ✅ 当日T策略卡已推送: 反T
00:57:31 [INFO] 早盘集合竞价结论：回避
市场评分：23.2 / 100 | 偏向：risk_off | 风险：risk_off
竞价：强0 / 弱8 / 缺1 | 均分 -37.0
策略结论：主做暂无 | 观察暂无 | 关注暂无 | 回避暂无
1. 主做：暂无
2. 观察：暂无
3. 关注：暂无
4. 回避：暂无
执行顺序：先1后2，再3，最后4
升级条件：若 9:35 后上涨家数回到高于下跌家数，且市场评分回到 55 上方，再把关注升为观察。
开盘后跟踪：开盘后只看核心标的承接，不追高，等量能和情绪同时转强再说。
热门关注：云创退、米奥会展、开润股份
00:57:33 [INFO] ✅ 集合竞价总览已推送飞书
00:57:34 [INFO] ✅ 集合竞价详细结果已推送飞书
00:57:36 [INFO] 🔔 已触发急促报警
00:57:36 [INFO] ========= 做T终极护城河防御版 (V1.26 正T/反T模式切换版) 启动 =========
00:57:36 [INFO] 飞书推送: ✓ 已启用
00:57:36 [INFO] 飞书关键词: 做T猎手预警
00:57:36 [INFO] 飞书Webhook: https://open.feishu.cn/open-apis/bot/v2/hook/e8018470-e...
00:57:36 [INFO] ══════════════════════════════════════════════════════════════════════
00:57:36 [INFO] 【2026-06-12 加仓策略执行指南】
00:57:36 [INFO]   1️⃣ 中国巨石 600176 — ❌ 不追 (已涨5.62%, 资金不足)
00:57:36 [INFO]   2️⃣ 科创50ETF 588000 — ⚡ 分批加仓 (先加¥15,000)
00:57:36 [INFO]      └─ 第一批: ¥15,000 (约8,200份)
00:57:36 [INFO]      └─ 第二批: ¥15,000 (等待盘中回落)
00:57:36 [INFO]   3️⃣ 中信银行 601998 — ✅ 按计划加 (¥15,000, 约1,900股)
00:57:36 [INFO]   4️⃣ 特变电工 600089 — ⚡ 加仓 (¥25,000, 约1,090股)
00:57:36 [INFO] ══════════════════════════════════════════════════════════════════════
00:57:36 [INFO] 🔊 系统高级报警音效已成功【全自动挂载】！准备执行听声辨位！
00:57:37 [INFO] ✅ 启动自检飞书消息已成功送达
00:57:39 [INFO] 🔔 已触发急促报警
00:57:39 [INFO] ⏱ 采用顺序轮询模式：每轮扫描结束后再等待 15 秒（V1.8 确认型收敛）
00:57:39 [INFO] ⏸ 非交易时段，进入低频保活
08:49:53 [INFO] [index_regime] index_option_50etf_qvix 失败: TimeoutError
08:57:19 [INFO] 早盘集合竞价结论：回避
市场评分：23.2 / 100 | 偏向：risk_off | 风险：risk_off
竞价：强0 / 弱8 / 缺1 | 均分 -37.0
策略结论：主做暂无 | 观察暂无 | 关注暂无 | 回避暂无
1. 主做：暂无
2. 观察：暂无
3. 关注：暂无
4. 回避：暂无
执行顺序：先1后2，再3，最后4
升级条件：若 9:35 后上涨家数回到高于下跌家数，且市场评分回到 55 上方，再把关注升为观察。
开盘后跟踪：开盘后只看核心标的承接，不追高，等量能和情绪同时转强再说。
热门关注：安徽凤凰、纬达光电、万达轴承
08:57:20 [INFO] ✅ 集合竞价总览已推送飞书
08:57:21 [INFO] ✅ 集合竞价详细结果已推送飞书
08:57:23 [INFO] 🔔 已触发急促报警
08:57:23 [INFO] ========= 做T终极护城河防御版 (V1.26 正T/反T模式切换版) 启动 =========
08:57:23 [INFO] 飞书推送: ✓ 已启用
08:57:23 [INFO] 飞书关键词: 做T猎手预警
08:57:23 [INFO] 飞书Webhook: https://open.feishu.cn/open-apis/bot/v2/hook/e8018470-e...
08:57:23 [INFO] ══════════════════════════════════════════════════════════════════════
08:57:23 [INFO] 【2026-06-12 加仓策略执行指南】
08:57:23 [INFO]   1️⃣ 中国巨石 600176 — ❌ 不追 (已涨5.62%, 资金不足)
08:57:23 [INFO]   2️⃣ 科创50ETF 588000 — ⚡ 分批加仓 (先加¥15,000)
08:57:23 [INFO]      └─ 第一批: ¥15,000 (约8,200份)
08:57:23 [INFO]      └─ 第二批: ¥15,000 (等待盘中回落)
08:57:23 [INFO]   3️⃣ 中信银行 601998 — ✅ 按计划加 (¥15,000, 约1,900股)
08:57:23 [INFO]   4️⃣ 特变电工 600089 — ⚡ 加仓 (¥25,000, 约1,090股)
08:57:23 [INFO] ══════════════════════════════════════════════════════════════════════
08:57:23 [INFO] 🔊 系统高级报警音效已成功【全自动挂载】！准备执行听声辨位！
08:57:24 [INFO] ✅ 启动自检飞书消息已成功送达
08:57:26 [INFO] 🔔 已触发急促报警
08:57:26 [INFO] ⏱ 采用顺序轮询模式：每轮扫描结束后再等待 15 秒（V1.8 确认型收敛）
08:57:26 [INFO] ⏸ 非交易时段，进入低频保活
09:07:26 [INFO] ⏸ 非交易时段，进入低频保活
09:19:28 [INFO] 早盘集合竞价结论：回避
市场评分：44.2 / 100 | 偏向：neutral | 风险：neutral
竞价：强0 / 弱8 / 缺1 | 均分 -46.8
策略结论：主做暂无 | 观察暂无 | 关注暂无 | 回避暂无
1. 主做：暂无
2. 观察：暂无
3. 关注：暂无
4. 回避：暂无
执行顺序：先1后2，再3，最后4
升级条件：若 9:35 后上涨家数回到高于下跌家数，且市场评分回到 55 上方，再把关注升为观察。
开盘后跟踪：开盘后只看核心标的承接，不追高，等量能和情绪同时转强再说。
热门关注：莱赛激光、七丰精工、朗信电气
09:19:30 [INFO] ✅ 集合竞价监控已推送飞书
09:19:30 [INFO] 📡 盘前集合竞价监控已刷新
09:23:43 [INFO] 早盘集合竞价结论：回避
市场评分：44.2 / 100 | 偏向：neutral | 风险：neutral
竞价：强0 / 弱8 / 缺1 | 均分 -46.8
策略结论：主做暂无 | 观察暂无 | 关注暂无 | 回避暂无
1. 主做：暂无
2. 观察：暂无
3. 关注：暂无
4. 回避：暂无
执行顺序：先1后2，再3，最后4
升级条件：若 9:35 后上涨家数回到高于下跌家数，且市场评分回到 55 上方，再把关注升为观察。
开盘后跟踪：开盘后只看核心标的承接，不追高，等量能和情绪同时转强再说。
热门关注：七丰精工、朗信电气、米奥会展
09:23:44 [INFO] ✅ 集合竞价监控已推送飞书
09:23:44 [INFO] 📡 盘前集合竞价监控已刷新
09:28:42 [INFO] 早盘集合竞价结论：观察
市场评分：51.2 / 100 | 偏向：neutral | 风险：risk_on
竞价：强0 / 弱5 / 缺1 | 均分 -17.8
策略结论：主做暂无 | 观察暂无 | 关注暂无 | 回避暂无
1. 主做：暂无
2. 观察：暂无
3. 关注：暂无
4. 回避：暂无
执行顺序：先1后2，再3，最后4
升级条件：若 9:35 后主题集中度继续抬升，且重点标的出现放量承接，再把观察升为主做。
开盘后跟踪：开盘后先看分化，优先等 5~15 分钟确认强弱，再决定是否进。
热门关注：米奥会展、星宸科技、三德科技
09:28:43 [INFO] ✅ 集合竞价监控已推送飞书
09:28:43 [INFO] 📡 盘前集合竞价监控已刷新
09:29:04 [INFO] ✅ 早盘大盘基调已推送: 单边下行 S=-56.12 (mode=morning)
09:30:04 [INFO] 🫀 扫描心跳 第1轮开始
09:30:46 [INFO] 
📊 护城河防御面板 第1轮
──────────────────────────────────────────────────────────────────────
科泰电源(300153)       20.26     20.16    1.2%      多0/空0  无波待涨    
中文在线(300364)       21.76     21.68    1.1%      多0/空0  无波待涨    
鼎龙股份(300054)       71.52     71.50    0.1%      多0/空0  无波待涨    
科创半导体ETF华夏(588170)    1.00      1.00    0.5%      多0/空0  无波待涨    
中国巨石(600176)       45.55     45.53    0.1%      多0/空0  无波待涨    
双良节能(600481)        3.96      3.95    0.5%      多0/空0  无波待涨    
五洲新春(603667)       55.69     55.29    3.0%      多0/空0  无信号     
华工科技(000988)      118.02    118.02    0.0%      多0/空0  无波待涨    
华工科技(000988_B)    117.96    117.97    0.0%      多0/空0  无波待涨    
09:31:01 [INFO] 🫀 扫描心跳 第2轮开始
09:31:53 [INFO] 🫀 扫描心跳 第3轮开始
09:32:44 [INFO] 🫀 扫描心跳 第4轮开始
09:33:34 [INFO] 🫀 扫描心跳 第5轮开始
09:33:41 [INFO] 📊 动态份数 300153: 状态=normal 信号强度89/阈值42, 建议交易100股/份 (50%)
09:33:42 [INFO] ✅ 飞书消息已成功送达: 科泰电源(300153) PANIC_SELL - 加急通知已发送
09:33:43 [INFO] 🔔 已触发急促报警
09:33:52 [INFO] 📊 动态份数 300364: 状态=normal 信号强度86/阈值42, 建议交易100股/份 (25%)
09:33:53 [INFO] ✅ 飞书消息已成功送达: 中文在线(300364) PANIC_SELL - 加急通知已发送
09:33:54 [INFO] 🔔 已触发急促报警
09:34:01 [INFO] 📊 动态份数 300054: 状态=normal 信号强度72/阈值42, 建议交易100股/份 (33%)
09:34:01 [INFO] 📉 300054 卖出信号得分72分，低于10:00前阈值75分，静默处理（不推送飞书）
09:34:08 [INFO] 📊 动态份数 588170: 状态=normal 信号强度40/阈值38, 建议交易6000股/份 (40%)
09:34:08 [INFO] 📉 588170 卖出信号得分40分，低于10:00前阈值75分，静默处理（不推送飞书）
09:34:14 [INFO] 📊 动态份数 600176: 状态=normal 信号强度72/阈值40, 建议交易200股/份 (33%)
09:34:14 [INFO] 📉 600176 卖出信号得分72分，低于10:00前阈值75分，静默处理（不推送飞书）
09:34:20 [INFO] 📊 动态份数 600481: 状态=normal 信号强度88/阈值42, 建议交易1100股/份 (39%)
09:34:21 [INFO] ✅ 飞书消息已成功送达: 双良节能(600481) PANIC_SELL - 加急通知已发送
09:34:22 [INFO] 🔔 已触发急促报警
09:34:31 [INFO] 📊 动态份数 603667: 状态=normal 信号强度73/阈值42, 建议交易100股/份 (25%)
09:34:31 [INFO] 📉 603667 卖出信号得分73分，低于10:00前阈值75分，静默处理（不推送飞书）
09:34:37 [INFO] 📊 动态份数 000988: 状态=normal 信号强度65/阈值37, 建议交易300股/份 (38%)
09:34:37 [INFO] 📉 000988 卖出信号得分65分，低于10:00前阈值75分，静默处理（不推送飞书）
09:34:44 [INFO] 📊 动态份数 000988_B: 状态=normal 信号强度83/阈值37, 建议交易100股/份 (25%)
09:34:45 [INFO] ✅ 飞书消息已成功送达: 华工科技(000988_B) PANIC_SELL - 加急通知已发送
09:34:47 [INFO] 🔔 已触发急促报警
09:34:47 [INFO] 
📊 护城河防御面板 第5轮
──────────────────────────────────────────────────────────────────────
科泰电源(300153)       20.13     20.12    0.7%   多-65/空89  无波待涨|PANIC_SELL
中文在线(300364)       21.68     21.79    1.9%   多-46/空86  停手:价格低于均价，14:30前禁止买入|PANIC_SELL
鼎龙股份(300054)       70.56     70.41    2.3%    多-8/空72  强可T|PANIC_SELL
科创半导体ETF华夏(588170)    0.98      0.98    2.6%   多-14/空40  停手:价格低于均价，14:30前禁止买入|SELL_HIGH
中国巨石(600176)       44.46     44.68    2.3%   多-30/空72  停手:价格低于均价，14:30前禁止买入|PANIC_SELL
双良节能(600481)        3.93      3.92    2.1%   多-11/空88  强可T|PANIC_SELL
五洲新春(603667)       54.63     54.33    2.5%   多-47/空73  强可T|PANIC_SELL
华工科技(000988)      114.88    114.00    5.6%   多-41/空65  强可T|PANIC_SELL
华工科技(000988_B)    115.03    114.04    5.6%   多-38/空83  强可T|PANIC_SELL
09:35:02 [INFO] 🫀 扫描心跳 第6轮开始
09:36:17 [INFO] 🫀 扫描心跳 第7轮开始
09:37:23 [INFO] 🫀 扫描心跳 第8轮开始
09:38:34 [INFO] 🫀 扫描心跳 第9轮开始
09:39:24 [INFO] 
📊 护城河防御面板 第9轮
──────────────────────────────────────────────────────────────────────
科泰电源(300153)       20.31     20.25    1.5%   多-73/空83  无波待涨    
中文在线(300364)       21.70     21.74    1.9%   多-45/空70  停手:价格低于均价，14:30前禁止买入
鼎龙股份(300054)       71.64     70.98    2.6%   多-30/空67  强可T     
科创半导体ETF华夏(588170)    0.99      0.99    2.6%   多-42/空73  强可T     
中国巨石(600176)       44.73     44.85    2.2%   多-42/空29  停手:买卖都不够强
双良节能(600481)        3.92      3.93    2.1%   多-24/空69  停手:价格低于均价，14:30前禁止买入
五洲新春(603667)       54.85     54.62    2.5%  多-55/空142  强可T     
华工科技(000988)      116.50    115.42    5.6%   多-50/空64  可T观察    
华工科技(000988_B)    116.59    115.44    5.6%   多-49/空52  可T观察    
09:39:39 [INFO] 🫀 扫描心跳 第10轮开始
09:40:47 [INFO] 🫀 扫描心跳 第11轮开始
09:42:05 [INFO] 🫀 扫描心跳 第12轮开始
09:42:27 [INFO] 📊 动态份数 588170: 状态=normal 信号强度65/阈值38, 建议交易6000股/份 (40%)
09:42:27 [INFO] 📉 588170 卖出信号得分65分，低于10:00前阈值75分，静默处理（不推送飞书）
09:43:12 [INFO] 🫀 扫描心跳 第13轮开始
09:44:04 [INFO] 
📊 护城河防御面板 第13轮
──────────────────────────────────────────────────────────────────────
科泰电源(300153)       20.18     20.22    1.4%   多-54/空64  停手:价格低于均价，14:30前禁止买入
中文在线(300364)       21.48     21.58    2.9%   多-34/空72  停手:价格低于均价，14:30前禁止买入
鼎龙股份(300054)       71.53     71.23    2.6%   多-33/空63  可T观察    
科创半导体ETF华夏(588170)    1.00      0.99    2.7%   多-55/空65  停手:无可卖仓且买点不强
中国巨石(600176)       44.23     44.66    2.9%   多-45/空53  停手:价格低于均价，14:30前禁止买入
双良节能(600481)        3.90      3.92    2.1%     多7/空66  停手:价格低于均价，14:30前禁止买入
五洲新春(603667)       54.89     54.80    2.6%   多-60/空69  强可T     
华工科技(000988)      116.20    115.90    5.6%   多-65/空88  强可T     
华工科技(000988_B)    116.00    115.87    5.6%   多-65/空73  强可T     
09:44:19 [INFO] 🫀 扫描心跳 第14轮开始
09:45:29 [INFO] 🫀 扫描心跳 第15轮开始
09:46:37 [INFO] 🫀 扫描心跳 第16轮开始
09:47:49 [INFO] 🫀 扫描心跳 第17轮开始
09:48:45 [INFO] 
📊 护城河防御面板 第17轮
──────────────────────────────────────────────────────────────────────
科泰电源(300153)       20.31     20.28    2.2%   多-75/空79  强可T     
中文在线(300364)       21.56     21.62    2.9%   多-35/空79  停手:价格低于均价，14:30前禁止买入
鼎龙股份(300054)       69.69     70.69    2.8%    多36/空38  停手:价格低于均价，14:30前禁止买入
科创半导体ETF华夏(588170)    0.97      0.99    2.7%     多3/空21  停手:无可卖仓且买点不强
中国巨石(600176)       43.22     44.05    5.5%    多30/空48  停手:价格低于均价，14:30前禁止买入
双良节能(600481)        3.91      3.91    3.4%   多-40/空77  强可T     
五洲新春(603667)       55.23     54.98    3.1%   多-60/空80  强可T     
华工科技(000988)      113.34    115.03    5.6%    多-6/空63  停手:价格低于均价，14:30前禁止买入
华工科技(000988_B)    113.32    115.03    5.6%    多-6/空48  停手:价格低于均价，14:30前禁止买入
09:49:00 [INFO] 🫀 扫描心跳 第18轮开始
09:50:07 [INFO] 🫀 扫描心跳 第19轮开始
09:51:15 [INFO] 🫀 扫描心跳 第20轮开始
09:52:26 [INFO] 🫀 扫描心跳 第21轮开始
09:53:26 [INFO] 
📊 护城河防御面板 第21轮
──────────────────────────────────────────────────────────────────────
科泰电源(300153)       20.22     20.28    2.2%   多-32/空58  停手:价格低于均价，14:30前禁止买入
中文在线(300364)       21.46     21.58    2.9%   多-30/空69  停手:价格低于均价，14:30前禁止买入
鼎龙股份(300054)       68.94     70.38    3.9%    多32/空38  停手:价格低于均价，14:30前禁止买入
科创半导体ETF华夏(588170)    0.97      0.98    3.4%     多7/空21  停手:无可卖仓且买点不强
中国巨石(600176)       42.63     43.77    6.7%    多26/空48  停手:价格低于均价，14:30前禁止买入
双良节能(600481)        3.88      3.90    3.4%     多0/空66  停手:价格低于均价，14:30前禁止买入
五洲新春(603667)       55.26     55.10    3.5%   多-60/空66  强可T     
华工科技(000988)      111.65    114.45    5.7%     多2/空68  停手:价格低于均价，14:30前禁止买入
华工科技(000988_B)    111.63    114.27    5.7%    多20/空48  停手:价格低于均价，14:30前禁止买入
09:53:41 [INFO] 🫀 扫描心跳 第22轮开始
09:54:50 [INFO] 🫀 扫描心跳 第23轮开始
09:56:01 [INFO] 🫀 扫描心跳 第24轮开始
09:57:11 [INFO] 🫀 扫描心跳 第25轮开始
09:58:05 [INFO] 
📊 护城河防御面板 第25轮
──────────────────────────────────────────────────────────────────────
科泰电源(300153)       20.13     20.26    2.2%   多-44/空58  停手:价格低于均价，14:30前禁止买入
中文在线(300364)       21.28     21.51    3.3%    多20/空50  停手:价格低于均价，14:30前禁止买入
鼎龙股份(300054)       68.20     70.02    5.0%    多40/空43  停手:价格低于均价，14:30前禁止买入
科创半导体ETF华夏(588170)    0.96      0.98    4.9%    多32/空57  停手:价格低于均价，14:30前禁止买入
中国巨石(600176)       42.13     43.34    8.5%    多26/空44  停手:价格低于均价，14:30前禁止买入
双良节能(600481)        3.85      3.89    3.4%    多36/空66  停手:价格低于均价，14:30前禁止买入
五洲新春(603667)       55.95     55.25    4.2%   多-58/空80  强可T     
华工科技(000988)      111.01    113.62    7.1%    多24/空29  停手:买卖都不够强
华工科技(000988_B)    111.10    113.63    7.1%    多16/空29  停手:买卖都不够强
09:58:20 [INFO] 🫀 扫描心跳 第26轮开始
10:00:22 [INFO] 🫀 扫描心跳 第27轮开始
10:01:39 [INFO] 🫀 扫描心跳 第28轮开始
10:01:45 [INFO] 📊 动态份数 300153: 状态=normal 信号强度134/阈值80, 建议交易100股/份 (50%)
10:01:46 [INFO] ✅ 飞书消息已成功送达: 科泰电源(300153) PANIC_SELL - 加急通知已发送
10:01:48 [INFO] 🔔 已触发急促报警
10:02:15 [WARNING] ⚠️  个股日线特征获取失败 600176: <urlopen error [SSL: UNEXPECTED_EOF_WHILE_READING] EOF occurred in violation of 
10:02:59 [INFO] 🫀 扫描心跳 第29轮开始
10:03:57 [INFO] 
📊 护城河防御面板 第29轮
──────────────────────────────────────────────────────────────────────
科泰电源(300153)       20.36     20.28    2.2%  多-50/空134  停手:无可卖仓且买点不强
中文在线(300364)       21.67     21.54    3.3%   多-50/空95  强可T     
鼎龙股份(300054)       69.46     69.75    5.1%     多5/空19  停手:买卖都不够强
科创半导体ETF华夏(588170)    0.98      0.98    4.9%   多-33/空40  停手:无可卖仓且买点不强
中国巨石(600176)       42.98     43.09    8.5%   多-23/空44  停手:价格低于均价，14:30前禁止买入
双良节能(600481)        3.89      3.89    3.4%   多-23/空77  强可T     
五洲新春(603667)       55.98     55.62    5.5%  多-24/空116  强可T     
华工科技(000988)      113.06    113.33    7.1%   多-25/空59  停手:价格低于均价，14:30前禁止买入
华工科技(000988_B)    113.02    113.33    7.1%   多-25/空44  停手:价格低于均价，14:30前禁止买入
10:04:12 [INFO] 🫀 扫描心跳 第30轮开始
10:04:29 [INFO] 📊 动态份数 300364: 状态=normal 信号强度87/阈值80, 建议交易100股/份 (25%)
10:04:30 [INFO] ✅ 飞书消息已成功送达: 中文在线(300364) PANIC_SELL - 加急通知已发送
10:04:31 [INFO] 🔔 已触发急促报警
10:05:03 [INFO] 📊 动态份数 603667: 状态=normal 信号强度116/阈值80, 建议交易100股/份 (25%)
10:05:04 [INFO] ✅ 飞书消息已成功送达: 五洲新春(603667) PANIC_SELL - 加急通知已发送
10:05:06 [INFO] 🔔 已触发急促报警
10:05:34 [INFO] 🫀 扫描心跳 第31轮开始
10:06:43 [INFO] 🫀 扫描心跳 第32轮开始
10:07:52 [INFO] 🫀 扫描心跳 第33轮开始
10:08:45 [INFO] 
📊 护城河防御面板 第33轮
──────────────────────────────────────────────────────────────────────
科泰电源(300153)       20.35     20.30    2.2%   多-52/空94  停手:无可卖仓且买点不强
中文在线(300364)       21.77     21.58    3.3%   多-42/空97  停手:无可卖仓且买点不强
鼎龙股份(300054)       70.00     69.78    5.1%    多-8/空49  可T观察    
科创半导体ETF华夏(588170)    0.97      0.98    4.9%    多-7/空54  停手:无可卖仓且买点不强
中国巨石(600176)       42.63     43.03    8.5%    多11/空69  停手:价格低于均价，14:30前禁止买入
双良节能(600481)        3.88      3.89    3.4%     多1/空62  停手:价格低于均价，14:30前禁止买入
五洲新春(603667)       55.47     55.63    5.5%   多-13/空85  停手:无可卖仓且买点不强
华工科技(000988)      111.99    113.23    7.1%     多1/空88  停手:价格低于均价，14:30前禁止买入
华工科技(000988_B)    111.95    113.23    7.1%     多1/空78  停手:价格低于均价，14:30前禁止买入
10:09:00 [INFO] 🫀 扫描心跳 第34轮开始
10:10:08 [INFO] 🫀 扫描心跳 第35轮开始
10:11:24 [INFO] 🫀 扫描心跳 第36轮开始
10:12:31 [INFO] 🫀 扫描心跳 第37轮开始
10:13:25 [INFO] 
📊 护城河防御面板 第37轮
──────────────────────────────────────────────────────────────────────
科泰电源(300153)       20.26     20.30    2.2%   多-10/空73  停手:无可卖仓且买点不强
中文在线(300364)       21.54     21.59    3.3%     多6/空76  停手:无可卖仓且买点不强
鼎龙股份(300054)       68.15     69.52    5.1%    多52/空53  停手:价格低于均价，14:30前禁止买入
科创半导体ETF华夏(588170)    0.95      0.97    4.9%    多27/空49  停手:无可卖仓且买点不强
中国巨石(600176)       41.87     42.91    8.7%    多22/空78  停手:价格低于均价，14:30前禁止买入
双良节能(600481)        3.88      3.88    3.4%     多1/空72  停手:价格低于均价，14:30前禁止买入
五洲新春(603667)       55.36     55.61    5.5%   多-13/空85  停手:无可卖仓且买点不强
华工科技(000988)      110.66    113.00    7.1%    多22/空83  停手:价格低于均价，14:30前禁止买入
华工科技(000988_B)    110.60    112.91    7.1%    多14/空63  停手:价格低于均价，14:30前禁止买入
10:13:40 [INFO] 🫀 扫描心跳 第38轮开始
10:15:03 [INFO] 🫀 扫描心跳 第39轮开始
10:16:10 [INFO] 🫀 扫描心跳 第40轮开始
10:17:22 [INFO] 🫀 扫描心跳 第41轮开始
10:18:15 [INFO] 
📊 护城河防御面板 第41轮
──────────────────────────────────────────────────────────────────────
科泰电源(300153)       20.15     20.29    2.2%     多4/空73  停手:无可卖仓且买点不强
中文在线(300364)       21.58     21.59    3.3%    多18/空61  停手:无可卖仓且买点不强
鼎龙股份(300054)       67.62     69.30    6.0%    多78/空53  停手:价格低于均价，14:30前禁止买入
科创半导体ETF华夏(588170)    0.94      0.97    6.4%    多74/空52  停手:价格低于均价，14:30前禁止买入
中国巨石(600176)       41.11     42.57   10.7%    多66/空63  停手:价格低于均价，14:30前禁止买入
双良节能(600481)        3.81      3.88    4.2%    多68/空86  停手:价格低于均价，14:30前禁止买入
五洲新春(603667)       54.60     55.46    5.5%    多28/空63  停手:价格低于均价，14:30前禁止买入
华工科技(000988)      107.14    111.84   10.1%    多66/空78  停手:价格低于均价，14:30前禁止买入
华工科技(000988_B)    107.13    111.84   10.1%    多66/空63  停手:价格低于均价，14:30前禁止买入
10:18:30 [INFO] 🫀 扫描心跳 第42轮开始
10:19:37 [INFO] 🫀 扫描心跳 第43轮开始
10:20:34 [WARNING] ⚠️  个股日线特征获取失败 300054: <urlopen error _ssl.c:989: The handshake operation timed out>
10:20:54 [INFO] 🫀 扫描心跳 第44轮开始
10:22:04 [INFO] 🫀 扫描心跳 第45轮开始
10:23:02 [INFO] 
📊 护城河防御面板 第45轮
──────────────────────────────────────────────────────────────────────
科泰电源(300153)       20.09     20.28    2.2%    多22/空73  停手:无可卖仓且买点不强
中文在线(300364)       21.57     21.59    3.3%   多-15/空76  停手:无可卖仓且买点不强
鼎龙股份(300054)       67.63     69.12    6.5%    多72/空34  停手:价格低于均价，14:30前禁止买入
科创半导体ETF华夏(588170)    0.94      0.96    6.6%    多53/空48  停手:价格低于均价，14:30前禁止买入
中国巨石(600176)       40.78     42.35   11.6%    多62/空59  停手:价格低于均价，14:30前禁止买入
双良节能(600481)        3.78      3.87    5.0%    多68/空81  停手:价格低于均价，14:30前禁止买入
五洲新春(603667)       54.64     55.37    5.5%    多25/空63  停手:无可卖仓且买点不强
华工科技(000988)      107.45    111.43   10.6%    多19/空59  停手:价格低于均价，14:30前禁止买入
华工科技(000988_B)    107.40    111.43   10.6%    多19/空44  停手:价格低于均价，14:30前禁止买入
10:23:17 [INFO] 🫀 扫描心跳 第46轮开始
10:24:25 [INFO] 🫀 扫描心跳 第47轮开始
10:25:37 [INFO] 🫀 扫描心跳 第48轮开始
11:04:56 [INFO] 📊 动态份数 600481: 状态=normal 信号强度91/阈值48, 建议交易1100股/份 (39%)
11:04:57 [INFO] ✅ 飞书消息已成功送达: 双良节能(600481) PANIC_SELL - 加急通知已发送
11:04:58 [INFO] 🔔 已触发急促报警
11:05:46 [INFO] 🫀 扫描心跳 第49轮开始
11:05:54 [INFO] ✅ 大盘分时预警已推送: ['I2']
11:06:52 [WARNING] ⚠️  个股日线特征获取失败 603667: The read operation timed out
11:07:24 [INFO] 
📊 护城河防御面板 第49轮
──────────────────────────────────────────────────────────────────────
科泰电源(300153)       20.06     20.10    3.3%   多-22/空76  停手:无可卖仓且买点不强
中文在线(300364)       21.52     21.50    3.5%   多-55/空75  停手:无可卖仓且买点不强
鼎龙股份(300054)       70.11     68.49    8.1%   多-25/空27  停手:买卖都不够强
科创半导体ETF华夏(588170)    0.97      0.95    8.1%   多-45/空97  停手:无可卖仓且买点不强
中国巨石(600176)       42.32     41.63   13.3%   多-53/空37  弱机会     
双良节能(600481)        3.84      3.84    5.0%   多-19/空68  停手:无可卖仓且买点不强
五洲新春(603667)       55.05     54.85    6.4%   多-44/空77  停手:无可卖仓且买点不强
华工科技(000988)      110.98    109.38   11.5%   多-55/空52  可T观察    
华工科技(000988_B)    110.99    109.38   11.5%   多-55/空37  弱机会     
11:07:39 [INFO] 🫀 扫描心跳 第50轮开始
11:08:05 [INFO] 📊 动态份数 300054: 状态=normal 信号强度72/阈值48, 建议交易100股/份 (33%)
11:08:06 [INFO] ✅ 飞书消息已成功送达: 鼎龙股份(300054) PANIC_SELL - 加急通知已发送
11:08:07 [INFO] 🔔 已触发急促报警
11:08:25 [INFO] 📊 动态份数 600176: 状态=normal 信号强度67/阈值48, 建议交易200股/份 (33%)
11:08:26 [INFO] ✅ 飞书消息已成功送达: 中国巨石(600176) PANIC_SELL - 加急通知已发送
11:08:27 [INFO] 🔔 已触发急促报警
11:08:53 [INFO] 📊 动态份数 000988: 状态=normal 信号强度67/阈值48, 建议交易300股/份 (38%)
11:08:53 [INFO] ✅ 飞书消息已成功送达: 华工科技(000988) PANIC_SELL - 加急通知已发送
11:08:55 [INFO] 🔔 已触发急促报警
11:09:05 [INFO] 📊 动态份数 000988_B: 状态=normal 信号强度67/阈值48, 建议交易100股/份 (25%)
11:09:06 [INFO] ✅ 飞书消息已成功送达: 华工科技(000988_B) PANIC_SELL - 加急通知已发送
11:09:08 [INFO] 🔔 已触发急促报警
11:09:23 [INFO] 🫀 扫描心跳 第51轮开始
11:10:54 [INFO] 🫀 扫描心跳 第52轮开始
11:12:39 [INFO] 🫀 扫描心跳 第53轮开始
11:14:02 [INFO] 
📊 护城河防御面板 第53轮
──────────────────────────────────────────────────────────────────────
科泰电源(300153)       19.96     20.09    3.3%   多-11/空66  停手:无可卖仓且买点不强
中文在线(300364)       21.58     21.51    3.5%   多-60/空92  停手:无可卖仓且买点不强
鼎龙股份(300054)       69.78     68.62    8.1%    多-9/空49  停手:无可卖仓且买点不强
科创半导体ETF华夏(588170)    0.96      0.95    8.1%   多-34/空85  停手:无可卖仓且买点不强
中国巨石(600176)       41.85     41.66   13.3%   多-45/空48  停手:无可卖仓且买点不强
双良节能(600481)        3.83      3.84    5.0%    多10/空39  停手:无可卖仓且买点不强
五洲新春(603667)       54.79     54.83    6.4%    多-4/空41  停手:无可卖仓且买点不强
华工科技(000988)      109.90    109.42   11.5%   多-34/空63  停手:无可卖仓且买点不强
华工科技(000988_B)    109.89    109.42   11.5%   多-34/空63  停手:无可卖仓且买点不强
11:14:17 [INFO] 🫀 扫描心跳 第54轮开始
11:16:04 [INFO] 🫀 扫描心跳 第55轮开始
11:17:48 [INFO] 🫀 扫描心跳 第56轮开始
11:19:30 [INFO] 🫀 扫描心跳 第57轮开始
11:20:15 [WARNING] ⚠️  个股日线特征获取失败 588170: <urlopen error [SSL: UNEXPECTED_EOF_WHILE_READING] EOF occurred in violation of 
11:21:03 [INFO] 
📊 护城河防御面板 第57轮
──────────────────────────────────────────────────────────────────────
科泰电源(300153)       19.90     20.08    3.3%    多-5/空66  停手:无可卖仓且买点不强
中文在线(300364)       21.71     21.52    3.5%   多-60/空92  停手:无可卖仓且买点不强
鼎龙股份(300054)       69.22     68.69    8.1%    多12/空53  停手:无可卖仓且买点不强
科创半导体ETF华夏(588170)    0.95      0.95    8.1%   多-19/空44  停手:无可卖仓且买点不强
中国巨石(600176)       41.28     41.64   13.3%    多-3/空48  停手:无可卖仓且买点不强
双良节能(600481)        3.82      3.84    5.0%    多13/空58  停手:无可卖仓且买点不强
五洲新春(603667)       54.40     54.81    6.4%    多12/空56  停手:无可卖仓且买点不强
华工科技(000988)      108.89    109.38   11.5%    多29/空63  停手:价格低于均价，14:30前禁止买入
华工科技(000988_B)    108.85    109.37   11.5%     多8/空48  停手:无可卖仓且买点不强
11:21:18 [INFO] 🫀 扫描心跳 第58轮开始
11:23:09 [INFO] 🫀 扫描心跳 第59轮开始
11:24:59 [INFO] 🫀 扫描心跳 第60轮开始
11:26:47 [INFO] 🫀 扫描心跳 第61轮开始
11:28:16 [INFO] 
📊 护城河防御面板 第61轮
──────────────────────────────────────────────────────────────────────
科泰电源(300153)       19.93     20.06    3.3%   多-18/空47  停手:无可卖仓且买点不强
中文在线(300364)       21.54     21.52    3.5%   多-39/空84  停手:无可卖仓且买点不强
鼎龙股份(300054)       68.79     68.69    8.1%    多-1/空34  停手:无可卖仓且买点不强
科创半导体ETF华夏(588170)    0.95      0.95    8.1%    多25/空10  停手:无可卖仓且买点不强
中国巨石(600176)       41.12     41.59   13.3%    多12/空29  停手:无可卖仓且买点不强
双良节能(600481)        3.82      3.83    5.0%     多4/空39  停手:无可卖仓且买点不强
五洲新春(603667)       54.43     54.76    6.4%     多7/空37  停手:无可卖仓且买点不强
华工科技(000988)      108.72    109.28   11.5%    多-2/空29  停手:无可卖仓且买点不强
华工科技(000988_B)    108.73    109.28   11.5%    多-2/空29  停手:无可卖仓且买点不强
11:28:31 [INFO] 🫀 扫描心跳 第62轮开始
11:30:05 [INFO] ⏸ 非交易时段，进入低频保活
11:40:06 [INFO] ⏸ 非交易时段，进入低频保活
11:50:06 [INFO] ⏸ 非交易时段，进入低频保活
12:00:06 [INFO] ⏸ 非交易时段，进入低频保活
12:08:08 [INFO] 已停止盯盘
12:43:48 [INFO] 早盘集合竞价结论：观察
市场评分：46.4 / 100 | 偏向：neutral | 风险：neutral
竞价：强0 / 弱5 / 缺1 | 均分 -22.6
策略结论：主做暂无 | 观察暂无 | 关注暂无 | 回避暂无
1. 主做：暂无
2. 观察：暂无
3. 关注：暂无
4. 回避：暂无
执行顺序：先1后2，再3，最后4
升级条件：若 9:35 后上涨家数回到高于下跌家数，且市场评分回到 55 上方，再把关注升为观察。
开盘后跟踪：开盘后先看分化，优先等 5~15 分钟确认强弱，再决定是否进。
热门关注：立方控股、三德科技、汇金股份
12:43:49 [INFO] ✅ 集合竞价总览已推送飞书
12:43:50 [INFO] ✅ 集合竞价详细结果已推送飞书
12:43:52 [INFO] 🔔 已触发急促报警
12:43:52 [INFO] ========= 做T终极护城河防御版 (V1.26 正T/反T模式切换版) 启动 =========
12:43:52 [INFO] 飞书推送: ✓ 已启用
12:43:52 [INFO] 飞书关键词: 做T猎手预警
12:43:52 [INFO] 飞书Webhook: https://open.feishu.cn/open-apis/bot/v2/hook/e8018470-e...
12:43:52 [INFO] ══════════════════════════════════════════════════════════════════════
12:43:52 [INFO] 【2026-06-12 加仓策略执行指南】
12:43:52 [INFO]   1️⃣ 中国巨石 600176 — ❌ 不追 (已涨5.62%, 资金不足)
12:43:52 [INFO]   2️⃣ 科创50ETF 588000 — ⚡ 分批加仓 (先加¥15,000)
12:43:52 [INFO]      └─ 第一批: ¥15,000 (约8,200份)
12:43:52 [INFO]      └─ 第二批: ¥15,000 (等待盘中回落)
12:43:52 [INFO]   3️⃣ 中信银行 601998 — ✅ 按计划加 (¥15,000, 约1,900股)
12:43:52 [INFO]   4️⃣ 特变电工 600089 — ⚡ 加仓 (¥25,000, 约1,090股)
12:43:52 [INFO] ══════════════════════════════════════════════════════════════════════
12:43:52 [INFO] 🔊 系统高级报警音效已成功【全自动挂载】！准备执行听声辨位！
12:43:52 [INFO] 🧹 清理过期分钟线缓存 9 个
12:43:53 [INFO] ✅ 启动自检飞书消息已成功送达
12:43:54 [INFO] 🔔 已触发急促报警
12:43:54 [INFO] ⏱ 采用顺序轮询模式：每轮扫描结束后再等待 15 秒（V1.8 确认型收敛）
12:43:54 [INFO] ⏸ 非交易时段，进入低频保活
12:46:43 [INFO] 已停止盯盘
