00:19:11 [INFO] 🔄 VIRTUAL_TRADES 日期 2026-07-20 != 今日 2026-07-21，自动重置
00:19:11 [INFO] 🔄 VIRTUAL_TRADES: 无历史记录，全新开始
00:33:31 [INFO] 🔄 VIRTUAL_TRADES 日期 2026-07-20 != 今日 2026-07-21，自动重置
00:33:31 [INFO] 🔄 VIRTUAL_TRADES: 无历史记录，全新开始
00:37:04 [WARNING] ⚠️  早盘解读生成失败: name 'top20_bias' is not defined
00:37:04 [INFO] ========= 做T终极护城河防御版 (V1.26 正T/反T模式切换版) 启动 =========
00:37:04 [INFO] 飞书推送: ✓ 已启用
00:37:04 [INFO] 飞书关键词: 做T猎手预警
00:37:04 [INFO] 飞书Webhook: https://open.feishu.cn/open-apis/bot/v2/hook/e8018470-e...
00:37:04 [INFO] ══════════════════════════════════════════════════════════════════════
00:37:04 [INFO] 【2026-06-12 加仓策略执行指南】
00:37:04 [INFO]   1️⃣ 中国巨石 600176 — ❌ 不追 (已涨5.62%, 资金不足)
00:37:04 [INFO]   2️⃣ 科创50ETF 588000 — ⚡ 分批加仓 (先加¥15,000)
00:37:04 [INFO]      └─ 第一批: ¥15,000 (约8,200份)
00:37:04 [INFO]      └─ 第二批: ¥15,000 (等待盘中回落)
00:37:04 [INFO]   3️⃣ 中信银行 601998 — ✅ 按计划加 (¥15,000, 约1,900股)
00:37:04 [INFO]   4️⃣ 特变电工 600089 — ⚡ 加仓 (¥25,000, 约1,090股)
00:37:04 [INFO] ══════════════════════════════════════════════════════════════════════
00:37:04 [INFO] 🔊 系统高级报警音效已成功【全自动挂载】！准备执行听声辨位！
00:37:04 [INFO] 🧹 清理过期分钟线缓存 9 个
