08:49:23 [INFO] 早盘集合竞价结论：回避
市场评分：31.8 / 100 | 偏向：risk_off | 风险：risk_off
竞价：强0 / 弱0 / 缺0 | 均分 10.0
策略结论：主做特变电工(600089) | 观察暂无 | 关注华工科技(000988) | 回避江丰电子(300666)
1. 主做：特变电工(600089)
2. 观察：暂无
3. 关注：华工科技(000988)
4. 回避：江丰电子(300666)
执行顺序：先1后2，再3，最后4
升级条件：若 9:35 后上涨家数回到高于下跌家数，且市场评分回到 55 上方，再把关注升为观察。
开盘后跟踪：开盘后只看核心标的承接，不追高，等量能和情绪同时转强再说。
热门关注：安徽凤凰、纬达光电、万达轴承
08:49:23 [INFO] ✅ 集合竞价总览已推送飞书
08:49:24 [INFO] ✅ 集合竞价详细结果已推送飞书
08:49:26 [INFO] 🔔 已触发急促报警
08:49:26 [INFO] ========= 做T终极护城河防御版 (V1.19 弱势震荡修复版) 启动 =========
08:49:26 [INFO] 飞书推送: ✓ 已启用
08:49:26 [INFO] 飞书关键词: 做T猎手预警
08:49:26 [INFO] 飞书Webhook: https://open.feishu.cn/open-apis/bot/v2/hook/e8018470-e...
08:49:26 [INFO] ══════════════════════════════════════════════════════════════════════
08:49:26 [INFO] 【2026-06-12 加仓策略执行指南】
08:49:26 [INFO]   1️⃣ 中国巨石 600176 — ❌ 不追 (已涨5.62%, 资金不足)
08:49:26 [INFO]   2️⃣ 科创50ETF 588000 — ⚡ 分批加仓 (先加¥15,000)
08:49:26 [INFO]      └─ 第一批: ¥15,000 (约8,200份)
08:49:26 [INFO]      └─ 第二批: ¥15,000 (等待盘中回落)
08:49:26 [INFO]   3️⃣ 中信银行 601998 — ✅ 按计划加 (¥15,000, 约1,900股)
08:49:26 [INFO]   4️⃣ 特变电工 600089 — ⚡ 加仓 (¥25,000, 约1,090股)
08:49:26 [INFO] ══════════════════════════════════════════════════════════════════════
08:49:26 [INFO] 🔊 系统高级报警音效已成功【全自动挂载】！准备执行听声辨位！
08:49:26 [INFO] 🧹 清理过期分钟线缓存 5 个
08:49:27 [INFO] ✅ 启动自检飞书消息已成功送达
08:49:28 [INFO] 🔔 已触发急促报警
08:49:28 [INFO] ⏱ 采用顺序轮询模式：每轮扫描结束后再等待 15 秒（V1.8 确认型收敛）
08:49:28 [INFO] ⏸ 非交易时段，进入低频保活
08:59:28 [INFO] ⏸ 非交易时段，进入低频保活
09:44:27 [INFO] 已停止盯盘
09:45:29 [INFO] 早盘集合竞价结论：观察
市场评分：56.8 / 100 | 偏向：neutral | 风险：risk_on
竞价：强0 / 弱0 / 缺0 | 均分 10.0
策略结论：主做特变电工(600089) | 观察暂无 | 关注华工科技(000988) | 回避江丰电子(300666)
1. 主做：特变电工(600089)
2. 观察：暂无
3. 关注：华工科技(000988)
4. 回避：江丰电子(300666)
执行顺序：先1后2，再3，最后4
升级条件：若 9:35 后主题集中度继续抬升，且重点标的出现放量承接，再把观察升为主做。
开盘后跟踪：开盘后先看分化，优先等 5~15 分钟确认强弱，再决定是否进。
热门关注：安徽凤凰、纬达光电、万达轴承
09:45:30 [INFO] ✅ 集合竞价总览已推送飞书
09:45:31 [INFO] ✅ 集合竞价详细结果已推送飞书
09:45:32 [INFO] 🔔 已触发急促报警
09:45:32 [INFO] ========= 做T终极护城河防御版 (V1.19 弱势震荡修复版) 启动 =========
09:45:32 [INFO] 飞书推送: ✓ 已启用
09:45:32 [INFO] 飞书关键词: 做T猎手预警
09:45:32 [INFO] 飞书Webhook: https://open.feishu.cn/open-apis/bot/v2/hook/e8018470-e...
09:45:32 [INFO] ══════════════════════════════════════════════════════════════════════
09:45:32 [INFO] 【2026-06-12 加仓策略执行指南】
09:45:32 [INFO]   1️⃣ 中国巨石 600176 — ❌ 不追 (已涨5.62%, 资金不足)
09:45:32 [INFO]   2️⃣ 科创50ETF 588000 — ⚡ 分批加仓 (先加¥15,000)
09:45:32 [INFO]      └─ 第一批: ¥15,000 (约8,200份)
09:45:32 [INFO]      └─ 第二批: ¥15,000 (等待盘中回落)
09:45:32 [INFO]   3️⃣ 中信银行 601998 — ✅ 按计划加 (¥15,000, 约1,900股)
09:45:32 [INFO]   4️⃣ 特变电工 600089 — ⚡ 加仓 (¥25,000, 约1,090股)
09:45:32 [INFO] ══════════════════════════════════════════════════════════════════════
09:45:32 [INFO] 🔊 系统高级报警音效已成功【全自动挂载】！准备执行听声辨位！
09:45:33 [INFO] ✅ 启动自检飞书消息已成功送达
09:45:34 [INFO] 🔔 已触发急促报警
09:45:34 [INFO] ⏱ 采用顺序轮询模式：每轮扫描结束后再等待 15 秒（V1.8 确认型收敛）
09:45:35 [INFO] 🫀 扫描心跳 第1轮开始
09:45:37 [WARNING] ⚠️  科创半导体ETF华夏(588170) 扫描异常: cannot access local variable 'minutes_since_open' where it is not associated with a value
09:45:40 [WARNING] ⚠️  特变电工(600089) 扫描异常: cannot access local variable 'minutes_since_open' where it is not associated with a value
09:45:43 [WARNING] ⚠️  华工科技(000988) 扫描异常: cannot access local variable 'minutes_since_open' where it is not associated with a value
09:45:46 [WARNING] ⚠️  拓维信息(002261) 扫描异常: cannot access local variable 'minutes_since_open' where it is not associated with a value
09:45:49 [WARNING] ⚠️  江丰电子(300666) 扫描异常: cannot access local variable 'minutes_since_open' where it is not associated with a value
09:45:49 [INFO] 
📊 护城河防御面板 第1轮
──────────────────────────────────────────────────────────────────────
09:46:04 [INFO] 🫀 扫描心跳 第2轮开始
09:46:06 [WARNING] ⚠️  科创半导体ETF华夏(588170) 扫描异常: cannot access local variable 'minutes_since_open' where it is not associated with a value
09:46:09 [WARNING] ⚠️  特变电工(600089) 扫描异常: cannot access local variable 'minutes_since_open' where it is not associated with a value
09:46:11 [WARNING] ⚠️  华工科技(000988) 扫描异常: cannot access local variable 'minutes_since_open' where it is not associated with a value
09:46:14 [WARNING] ⚠️  拓维信息(002261) 扫描异常: cannot access local variable 'minutes_since_open' where it is not associated with a value
09:46:17 [WARNING] ⚠️  江丰电子(300666) 扫描异常: cannot access local variable 'minutes_since_open' where it is not associated with a value
09:46:32 [INFO] 🫀 扫描心跳 第3轮开始
09:46:35 [WARNING] ⚠️  科创半导体ETF华夏(588170) 扫描异常: cannot access local variable 'minutes_since_open' where it is not associated with a value
09:46:38 [WARNING] ⚠️  特变电工(600089) 扫描异常: cannot access local variable 'minutes_since_open' where it is not associated with a value
09:46:41 [WARNING] ⚠️  华工科技(000988) 扫描异常: cannot access local variable 'minutes_since_open' where it is not associated with a value
09:46:43 [WARNING] ⚠️  拓维信息(002261) 扫描异常: cannot access local variable 'minutes_since_open' where it is not associated with a value
09:46:46 [WARNING] ⚠️  江丰电子(300666) 扫描异常: cannot access local variable 'minutes_since_open' where it is not associated with a value
09:47:01 [INFO] 🫀 扫描心跳 第4轮开始
09:47:04 [WARNING] ⚠️  科创半导体ETF华夏(588170) 扫描异常: cannot access local variable 'minutes_since_open' where it is not associated with a value
09:47:07 [WARNING] ⚠️  特变电工(600089) 扫描异常: cannot access local variable 'minutes_since_open' where it is not associated with a value
09:47:09 [WARNING] ⚠️  华工科技(000988) 扫描异常: cannot access local variable 'minutes_since_open' where it is not associated with a value
09:47:12 [WARNING] ⚠️  拓维信息(002261) 扫描异常: cannot access local variable 'minutes_since_open' where it is not associated with a value
09:47:16 [WARNING] ⚠️  江丰电子(300666) 扫描异常: cannot access local variable 'minutes_since_open' where it is not associated with a value
09:47:31 [INFO] 🫀 扫描心跳 第5轮开始
09:47:33 [WARNING] ⚠️  科创半导体ETF华夏(588170) 扫描异常: cannot access local variable 'minutes_since_open' where it is not associated with a value
09:47:36 [WARNING] ⚠️  特变电工(600089) 扫描异常: cannot access local variable 'minutes_since_open' where it is not associated with a value
09:47:39 [WARNING] ⚠️  华工科技(000988) 扫描异常: cannot access local variable 'minutes_since_open' where it is not associated with a value
09:47:42 [WARNING] ⚠️  拓维信息(002261) 扫描异常: cannot access local variable 'minutes_since_open' where it is not associated with a value
09:47:44 [WARNING] ⚠️  江丰电子(300666) 扫描异常: cannot access local variable 'minutes_since_open' where it is not associated with a value
09:47:44 [INFO] 
📊 护城河防御面板 第5轮
──────────────────────────────────────────────────────────────────────
09:47:59 [INFO] 🫀 扫描心跳 第6轮开始
09:48:02 [WARNING] ⚠️  科创半导体ETF华夏(588170) 扫描异常: cannot access local variable 'minutes_since_open' where it is not associated with a value
09:48:05 [WARNING] ⚠️  特变电工(600089) 扫描异常: cannot access local variable 'minutes_since_open' where it is not associated with a value
09:48:08 [WARNING] ⚠️  华工科技(000988) 扫描异常: cannot access local variable 'minutes_since_open' where it is not associated with a value
09:48:11 [WARNING] ⚠️  拓维信息(002261) 扫描异常: cannot access local variable 'minutes_since_open' where it is not associated with a value
09:48:14 [WARNING] ⚠️  江丰电子(300666) 扫描异常: cannot access local variable 'minutes_since_open' where it is not associated with a value
09:48:29 [INFO] 🫀 扫描心跳 第7轮开始
09:48:32 [WARNING] ⚠️  科创半导体ETF华夏(588170) 扫描异常: cannot access local variable 'minutes_since_open' where it is not associated with a value
09:48:35 [WARNING] ⚠️  特变电工(600089) 扫描异常: cannot access local variable 'minutes_since_open' where it is not associated with a value
09:48:38 [WARNING] ⚠️  华工科技(000988) 扫描异常: cannot access local variable 'minutes_since_open' where it is not associated with a value
09:48:42 [WARNING] ⚠️  拓维信息(002261) 扫描异常: cannot access local variable 'minutes_since_open' where it is not associated with a value
09:48:45 [WARNING] ⚠️  江丰电子(300666) 扫描异常: cannot access local variable 'minutes_since_open' where it is not associated with a value
09:49:00 [INFO] 🫀 扫描心跳 第8轮开始
09:49:03 [WARNING] ⚠️  科创半导体ETF华夏(588170) 扫描异常: cannot access local variable 'minutes_since_open' where it is not associated with a value
09:49:06 [WARNING] ⚠️  特变电工(600089) 扫描异常: cannot access local variable 'minutes_since_open' where it is not associated with a value
09:49:09 [WARNING] ⚠️  华工科技(000988) 扫描异常: cannot access local variable 'minutes_since_open' where it is not associated with a value
09:49:12 [WARNING] ⚠️  拓维信息(002261) 扫描异常: cannot access local variable 'minutes_since_open' where it is not associated with a value
09:49:15 [WARNING] ⚠️  江丰电子(300666) 扫描异常: cannot access local variable 'minutes_since_open' where it is not associated with a value
09:49:30 [INFO] 🫀 扫描心跳 第9轮开始
09:49:33 [WARNING] ⚠️  科创半导体ETF华夏(588170) 扫描异常: cannot access local variable 'minutes_since_open' where it is not associated with a value
09:49:35 [WARNING] ⚠️  特变电工(600089) 扫描异常: cannot access local variable 'minutes_since_open' where it is not associated with a value
09:49:38 [WARNING] ⚠️  华工科技(000988) 扫描异常: cannot access local variable 'minutes_since_open' where it is not associated with a value
09:49:41 [WARNING] ⚠️  拓维信息(002261) 扫描异常: cannot access local variable 'minutes_since_open' where it is not associated with a value
09:49:44 [WARNING] ⚠️  江丰电子(300666) 扫描异常: cannot access local variable 'minutes_since_open' where it is not associated with a value
09:49:44 [INFO] 
📊 护城河防御面板 第9轮
──────────────────────────────────────────────────────────────────────
09:49:59 [INFO] 🫀 扫描心跳 第10轮开始
09:50:02 [WARNING] ⚠️  科创半导体ETF华夏(588170) 扫描异常: cannot access local variable 'minutes_since_open' where it is not associated with a value
09:50:04 [WARNING] ⚠️  特变电工(600089) 扫描异常: cannot access local variable 'minutes_since_open' where it is not associated with a value
09:50:07 [WARNING] ⚠️  华工科技(000988) 扫描异常: cannot access local variable 'minutes_since_open' where it is not associated with a value
09:50:10 [WARNING] ⚠️  拓维信息(002261) 扫描异常: cannot access local variable 'minutes_since_open' where it is not associated with a value
09:50:13 [WARNING] ⚠️  江丰电子(300666) 扫描异常: cannot access local variable 'minutes_since_open' where it is not associated with a value
09:50:28 [INFO] 🫀 扫描心跳 第11轮开始
09:50:31 [WARNING] ⚠️  科创半导体ETF华夏(588170) 扫描异常: cannot access local variable 'minutes_since_open' where it is not associated with a value
09:50:34 [WARNING] ⚠️  特变电工(600089) 扫描异常: cannot access local variable 'minutes_since_open' where it is not associated with a value
09:50:37 [WARNING] ⚠️  华工科技(000988) 扫描异常: cannot access local variable 'minutes_since_open' where it is not associated with a value
09:50:39 [WARNING] ⚠️  拓维信息(002261) 扫描异常: cannot access local variable 'minutes_since_open' where it is not associated with a value
09:50:42 [WARNING] ⚠️  江丰电子(300666) 扫描异常: cannot access local variable 'minutes_since_open' where it is not associated with a value
09:50:57 [INFO] 🫀 扫描心跳 第12轮开始
09:51:00 [WARNING] ⚠️  科创半导体ETF华夏(588170) 扫描异常: cannot access local variable 'minutes_since_open' where it is not associated with a value
09:51:03 [WARNING] ⚠️  特变电工(600089) 扫描异常: cannot access local variable 'minutes_since_open' where it is not associated with a value
09:51:06 [WARNING] ⚠️  华工科技(000988) 扫描异常: cannot access local variable 'minutes_since_open' where it is not associated with a value
09:51:09 [WARNING] ⚠️  拓维信息(002261) 扫描异常: cannot access local variable 'minutes_since_open' where it is not associated with a value
09:51:12 [WARNING] ⚠️  江丰电子(300666) 扫描异常: cannot access local variable 'minutes_since_open' where it is not associated with a value
09:51:27 [INFO] 🫀 扫描心跳 第13轮开始
09:51:30 [WARNING] ⚠️  科创半导体ETF华夏(588170) 扫描异常: cannot access local variable 'minutes_since_open' where it is not associated with a value
09:51:32 [WARNING] ⚠️  特变电工(600089) 扫描异常: cannot access local variable 'minutes_since_open' where it is not associated with a value
09:51:35 [WARNING] ⚠️  华工科技(000988) 扫描异常: cannot access local variable 'minutes_since_open' where it is not associated with a value
09:51:37 [WARNING] ⚠️  拓维信息(002261) 扫描异常: cannot access local variable 'minutes_since_open' where it is not associated with a value
09:51:40 [WARNING] ⚠️  江丰电子(300666) 扫描异常: cannot access local variable 'minutes_since_open' where it is not associated with a value
09:51:40 [INFO] 
📊 护城河防御面板 第13轮
──────────────────────────────────────────────────────────────────────
09:51:55 [INFO] 🫀 扫描心跳 第14轮开始
09:51:59 [WARNING] ⚠️  科创半导体ETF华夏(588170) 扫描异常: cannot access local variable 'minutes_since_open' where it is not associated with a value
09:52:02 [WARNING] ⚠️  特变电工(600089) 扫描异常: cannot access local variable 'minutes_since_open' where it is not associated with a value
09:52:05 [WARNING] ⚠️  华工科技(000988) 扫描异常: cannot access local variable 'minutes_since_open' where it is not associated with a value
09:52:08 [WARNING] ⚠️  拓维信息(002261) 扫描异常: cannot access local variable 'minutes_since_open' where it is not associated with a value
09:52:10 [WARNING] ⚠️  江丰电子(300666) 扫描异常: cannot access local variable 'minutes_since_open' where it is not associated with a value
09:52:17 [INFO] 已停止盯盘
09:53:02 [INFO] 早盘集合竞价结论：回避
市场评分：30.8 / 100 | 偏向：risk_off | 风险：risk_off
竞价：强1 / 弱1 / 缺0 | 均分 7.2
策略结论：主做特变电工(600089) | 观察暂无 | 关注华工科技(000988) | 回避江丰电子(300666)
1. 主做：特变电工(600089)
2. 观察：暂无
3. 关注：华工科技(000988)
4. 回避：江丰电子(300666)
执行顺序：先1后2，再3，最后4
升级条件：若 9:35 后上涨家数回到高于下跌家数，且市场评分回到 55 上方，再把关注升为观察。
开盘后跟踪：开盘后只看核心标的承接，不追高，等量能和情绪同时转强再说。
热门关注：安徽凤凰、纬达光电、万达轴承
09:53:04 [INFO] ✅ 集合竞价总览已推送飞书
09:53:05 [INFO] ✅ 集合竞价详细结果已推送飞书
09:53:06 [INFO] 🔔 已触发急促报警
09:53:06 [INFO] ========= 做T终极护城河防御版 (V1.19 弱势震荡修复版) 启动 =========
09:53:06 [INFO] 飞书推送: ✓ 已启用
09:53:06 [INFO] 飞书关键词: 做T猎手预警
09:53:06 [INFO] 飞书Webhook: https://open.feishu.cn/open-apis/bot/v2/hook/e8018470-e...
09:53:06 [INFO] ══════════════════════════════════════════════════════════════════════
09:53:06 [INFO] 【2026-06-12 加仓策略执行指南】
09:53:06 [INFO]   1️⃣ 中国巨石 600176 — ❌ 不追 (已涨5.62%, 资金不足)
09:53:06 [INFO]   2️⃣ 科创50ETF 588000 — ⚡ 分批加仓 (先加¥15,000)
09:53:06 [INFO]      └─ 第一批: ¥15,000 (约8,200份)
09:53:06 [INFO]      └─ 第二批: ¥15,000 (等待盘中回落)
09:53:06 [INFO]   3️⃣ 中信银行 601998 — ✅ 按计划加 (¥15,000, 约1,900股)
09:53:06 [INFO]   4️⃣ 特变电工 600089 — ⚡ 加仓 (¥25,000, 约1,090股)
09:53:06 [INFO] ══════════════════════════════════════════════════════════════════════
09:53:06 [INFO] 🔊 系统高级报警音效已成功【全自动挂载】！准备执行听声辨位！
09:53:07 [INFO] ✅ 启动自检飞书消息已成功送达
09:53:09 [INFO] 🔔 已触发急促报警
09:53:09 [INFO] ⏱ 采用顺序轮询模式：每轮扫描结束后再等待 15 秒（V1.8 确认型收敛）
09:53:09 [INFO] 🫀 扫描心跳 第1轮开始
09:53:22 [INFO] 📊 动态份数 002261: 状态=normal 信号强度62/阈值56, 建议交易100股/份 (17%)
09:53:22 [INFO] 📉 002261 卖出信号得分62分，低于10:00前阈值75分，静默处理（不推送飞书）
09:53:25 [INFO] 
📊 护城河防御面板 第1轮
──────────────────────────────────────────────────────────────────────
科创半导体ETF华夏(588170)    1.29      1.29    1.9%    多18/空18  停手:买卖都不够强
特变电工(600089)       19.75     19.86    1.5%    多58/空29  停手:价格低于均价，14:30前禁止买入
华工科技(000988)      148.05    149.24    2.0%    多50/空56  停手:价格低于均价，14:30前禁止买入
拓维信息(002261)       30.72     30.71    4.3%   多-32/空62  可T观察|SELL_HIGH
江丰电子(300666)      338.63    340.85    2.5%   多-10/空41  停手:价格低于均价，14:30前禁止买入
09:53:40 [INFO] 🫀 扫描心跳 第2轮开始
09:53:48 [INFO] 📊 动态份数 000988: 状态=normal 信号强度81/阈值49, 建议交易100股/份 (25%)
09:53:49 [INFO] ✅ 飞书消息已成功送达: 华工科技(000988) SELL_HIGH - 加急通知已发送
09:53:50 [INFO] 🔔 已触发急促报警
09:54:11 [INFO] 🫀 扫描心跳 第3轮开始
09:54:41 [INFO] 🫀 扫描心跳 第4轮开始
09:55:09 [INFO] 🫀 扫描心跳 第5轮开始
09:55:22 [INFO] 
📊 护城河防御面板 第5轮
──────────────────────────────────────────────────────────────────────
科创半导体ETF华夏(588170)    1.29      1.29    1.9%    多18/空18  停手:买卖都不够强
特变电工(600089)       19.75     19.86    1.5%    多58/空29  停手:价格低于均价，14:30前禁止买入
华工科技(000988)      148.05    149.24    2.0%    多55/空48  停手:价格低于均价，14:30前禁止买入
拓维信息(002261)       30.72     30.71    4.3%   多-32/空54  可T观察    
江丰电子(300666)      338.63    340.85    2.5%   多-10/空41  停手:价格低于均价，14:30前禁止买入
09:55:37 [INFO] 🫀 扫描心跳 第6轮开始
09:56:05 [INFO] 🫀 扫描心跳 第7轮开始
09:56:33 [INFO] 🫀 扫描心跳 第8轮开始
09:57:03 [INFO] 🫀 扫描心跳 第9轮开始
09:57:15 [INFO] 
📊 护城河防御面板 第9轮
──────────────────────────────────────────────────────────────────────
科创半导体ETF华夏(588170)    1.28      1.29    2.2%    多38/空18  停手:价格低于均价，14:30前禁止买入
特变电工(600089)       19.87     19.86    1.6%   多-18/空25  停手:买卖都不够强
华工科技(000988)      147.57    149.00    2.3%    多52/空48  停手:价格低于均价，14:30前禁止买入
拓维信息(002261)       30.84     30.72    4.3%   多-12/空43  停手:高位但无明确优势
江丰电子(300666)      335.60    340.03    3.2%    多34/空41  停手:价格低于均价，14:30前禁止买入
09:57:30 [INFO] 🫀 扫描心跳 第10轮开始
09:57:44 [INFO] 📉 300666 卖出信号得分61分，低于10:00前阈值75分，静默处理（不推送飞书）
09:57:59 [INFO] 🫀 扫描心跳 第11轮开始
09:58:27 [INFO] 🫀 扫描心跳 第12轮开始
09:58:56 [INFO] 🫀 扫描心跳 第13轮开始
09:59:10 [INFO] 
📊 护城河防御面板 第13轮
──────────────────────────────────────────────────────────────────────
科创半导体ETF华夏(588170)    1.28      1.29    2.2%    多38/空18  停手:价格低于均价，14:30前禁止买入
特变电工(600089)       19.87     19.86    1.6%   多-18/空25  停手:买卖都不够强
华工科技(000988)      147.57    149.00    2.3%    多52/空48  停手:价格低于均价，14:30前禁止买入
拓维信息(002261)       30.84     30.72    4.3%   多-12/空43  停手:高位但无明确优势
江丰电子(300666)      335.60    340.03    3.2%    多39/空33  停手:价格低于均价，14:30前禁止买入
09:59:25 [INFO] 🫀 扫描心跳 第14轮开始
09:59:54 [INFO] 🫀 扫描心跳 第15轮开始
10:00:25 [INFO] 🫀 扫描心跳 第16轮开始
10:00:54 [INFO] 🫀 扫描心跳 第17轮开始
10:01:08 [INFO] 
📊 护城河防御面板 第17轮
──────────────────────────────────────────────────────────────────────
科创半导体ETF华夏(588170)    1.27      1.29    3.0%    多67/空38  停手:价格低于均价，14:30前禁止买入
特变电工(600089)       19.82     19.85    1.6%    多34/空40  停手:价格低于均价，14:30前禁止买入
华工科技(000988)      147.31    148.77    2.5%    多63/空63  停手:价格低于均价，14:30前禁止买入
拓维信息(002261)       30.66     30.72    4.3%    多39/空58  停手:价格低于均价，14:30前禁止买入
江丰电子(300666)      330.69    338.27    4.3%   多104/空36  停手:价格低于均价，14:30前禁止买入
10:01:23 [INFO] 🫀 扫描心跳 第18轮开始
10:01:53 [INFO] 🫀 扫描心跳 第19轮开始
10:02:23 [INFO] 🫀 扫描心跳 第20轮开始
10:02:53 [INFO] 🫀 扫描心跳 第21轮开始
10:03:06 [INFO] 
📊 护城河防御面板 第21轮
──────────────────────────────────────────────────────────────────────
科创半导体ETF华夏(588170)    1.27      1.29    3.0%    多67/空38  停手:价格低于均价，14:30前禁止买入
特变电工(600089)       19.82     19.85    1.6%    多34/空40  停手:价格低于均价，14:30前禁止买入
华工科技(000988)      147.31    148.77    2.5%    多63/空63  停手:价格低于均价，14:30前禁止买入
拓维信息(002261)       30.66     30.72    4.3%    多39/空58  停手:价格低于均价，14:30前禁止买入
江丰电子(300666)      330.69    338.27    4.3%   多104/空36  停手:价格低于均价，14:30前禁止买入
10:03:21 [INFO] 🫀 扫描心跳 第22轮开始
10:03:52 [INFO] 🫀 扫描心跳 第23轮开始
10:04:23 [INFO] 🫀 扫描心跳 第24轮开始
10:04:54 [INFO] 🫀 扫描心跳 第25轮开始
10:05:08 [INFO] 
📊 护城河防御面板 第25轮
──────────────────────────────────────────────────────────────────────
科创半导体ETF华夏(588170)    1.28      1.29    3.1%     多65/空2  停手:价格低于均价，14:30前禁止买入
特变电工(600089)       19.75     19.84    1.6%    多52/空44  停手:价格低于均价，14:30前禁止买入
华工科技(000988)      147.55    148.49    2.7%    多65/空44  停手:价格低于均价，14:30前禁止买入
拓维信息(002261)       31.32     30.77    5.5%   多-12/空90  强可T     
江丰电子(300666)      332.49    337.26    4.9%    多54/空17  停手:价格低于均价，14:30前禁止买入
10:05:23 [INFO] 🫀 扫描心跳 第26轮开始
10:05:51 [INFO] 🫀 扫描心跳 第27轮开始
10:06:20 [INFO] 🫀 扫描心跳 第28轮开始
10:06:49 [INFO] 🫀 扫描心跳 第29轮开始
10:07:05 [INFO] 
📊 护城河防御面板 第29轮
──────────────────────────────────────────────────────────────────────
科创半导体ETF华夏(588170)    1.28      1.29    3.1%     多31/空2  停手:价格低于均价，14:30前禁止买入
特变电工(600089)       19.73     19.82    1.6%    多52/空44  停手:价格低于均价，14:30前禁止买入
华工科技(000988)      147.74    148.39    2.7%    多27/空44  停手:价格低于均价，14:30前禁止买入
拓维信息(002261)       31.68     30.86    6.7%   多-12/空71  强可T     
江丰电子(300666)      330.46    336.47    4.9%    多65/空32  停手:价格低于均价，14:30前禁止买入
10:07:20 [INFO] 🫀 扫描心跳 第30轮开始
10:07:49 [INFO] 🫀 扫描心跳 第31轮开始
10:08:18 [INFO] 🫀 扫描心跳 第32轮开始
10:08:48 [INFO] 🫀 扫描心跳 第33轮开始
10:09:02 [INFO] 
📊 护城河防御面板 第33轮
──────────────────────────────────────────────────────────────────────
科创半导体ETF华夏(588170)    1.28      1.29    3.1%     多31/空2  停手:价格低于均价，14:30前禁止买入
特变电工(600089)       19.73     19.82    1.6%    多52/空44  停手:价格低于均价，14:30前禁止买入
华工科技(000988)      147.74    148.39    2.7%    多27/空44  停手:价格低于均价，14:30前禁止买入
拓维信息(002261)       31.68     30.86    6.7%   多-12/空71  强可T     
江丰电子(300666)      330.46    336.47    4.9%    多65/空32  停手:价格低于均价，14:30前禁止买入
10:09:17 [INFO] 🫀 扫描心跳 第34轮开始
10:10:01 [INFO] 🫀 扫描心跳 第35轮开始
10:10:31 [INFO] 🫀 扫描心跳 第36轮开始
10:11:00 [INFO] 🫀 扫描心跳 第37轮开始
10:11:14 [INFO] 
📊 护城河防御面板 第37轮
──────────────────────────────────────────────────────────────────────
科创半导体ETF华夏(588170)    1.29      1.29    3.1%    多12/空17  停手:买卖都不够强
特变电工(600089)       19.74     19.81    1.7%    多28/空25  停手:价格低于均价，14:30前禁止买入
华工科技(000988)      148.51    148.39    2.7%     多1/空19  停手:买卖都不够强
拓维信息(002261)       31.54     30.97    6.7%   多-14/空24  停手:买卖都不够强
江丰电子(300666)      333.40    335.95    4.9%    多28/空17  停手:价格低于均价，14:30前禁止买入
10:11:29 [INFO] 🫀 扫描心跳 第38轮开始
10:11:58 [INFO] 🫀 扫描心跳 第39轮开始
10:12:41 [INFO] 🫀 扫描心跳 第40轮开始
10:13:10 [INFO] 🫀 扫描心跳 第41轮开始
10:13:15 [INFO] 📊 动态份数 588170: 状态=normal 信号强度114/阈值38, 建议交易7500股/份 (25%)
10:13:16 [INFO] ✅ 飞书消息已成功送达: 科创半导体ETF华夏(588170) SELL_HIGH - 加急通知已发送
10:13:17 [INFO] 🔔 已触发急促报警
10:13:29 [INFO] 
📊 护城河防御面板 第41轮
──────────────────────────────────────────────────────────────────────
科创半导体ETF华夏(588170)    1.30      1.29    3.1%    多2/空114  强可T|SELL_HIGH
特变电工(600089)       19.78     19.80    1.7%    多24/空25  停手:买卖都不够强
华工科技(000988)      147.91    148.35    2.7%    多60/空73  停手:价格低于均价，14:30前禁止买入
拓维信息(002261)       31.30     31.01    6.7%     多3/空24  停手:买卖都不够强
江丰电子(300666)      334.40    335.80    4.9%    多22/空17  停手:买卖都不够强
10:13:44 [INFO] 🫀 扫描心跳 第42轮开始
10:14:11 [INFO] 🫀 扫描心跳 第43轮开始
10:14:39 [INFO] 🫀 扫描心跳 第44轮开始
10:15:06 [INFO] 🫀 扫描心跳 第45轮开始
10:15:18 [INFO] 
📊 护城河防御面板 第45轮
──────────────────────────────────────────────────────────────────────
科创半导体ETF华夏(588170)    1.30      1.29    3.1%    多2/空114  强可T     
特变电工(600089)       19.78     19.80    1.7%    多24/空25  停手:买卖都不够强
华工科技(000988)      147.91    148.35    2.7%    多60/空73  停手:价格低于均价，14:30前禁止买入
拓维信息(002261)       31.30     31.01    6.7%     多3/空24  停手:买卖都不够强
江丰电子(300666)      334.40    335.80    4.9%    多22/空17  停手:买卖都不够强
10:15:33 [INFO] 🫀 扫描心跳 第46轮开始
10:16:01 [INFO] 🫀 扫描心跳 第47轮开始
10:16:29 [INFO] 🫀 扫描心跳 第48轮开始
10:16:35 [INFO] 📊 动态份数 600089: 状态=normal 信号强度67/阈值49, 建议交易400股/份 (33%)
10:16:36 [INFO] ✅ 飞书消息已成功送达: 特变电工(600089) SELL_HIGH - 加急通知已发送
10:16:37 [INFO] 🔔 已触发急促报警
10:17:01 [INFO] 🫀 扫描心跳 第49轮开始
10:17:13 [INFO] 
📊 护城河防御面板 第49轮
──────────────────────────────────────────────────────────────────────
科创半导体ETF华夏(588170)    1.29      1.29    3.1%    多18/空46  可T观察    
特变电工(600089)       19.83     19.80    1.7%    多14/空59  可T观察    
华工科技(000988)      148.28    148.35    2.7%    多37/空60  停手:价格低于均价，14:30前禁止买入
拓维信息(002261)       31.46     31.04    6.7%     多5/空24  停手:买卖都不够强
江丰电子(300666)      334.03    335.74    4.9%    多35/空46  停手:价格低于均价，14:30前禁止买入
10:17:28 [INFO] 🫀 扫描心跳 第50轮开始
10:17:57 [INFO] 🫀 扫描心跳 第51轮开始
10:18:25 [INFO] 🫀 扫描心跳 第52轮开始
10:18:53 [INFO] 🫀 扫描心跳 第53轮开始
10:19:06 [INFO] 
📊 护城河防御面板 第53轮
──────────────────────────────────────────────────────────────────────
科创半导体ETF华夏(588170)    1.29      1.29    3.1%    多18/空46  可T观察    
特变电工(600089)       19.83     19.80    1.7%    多14/空59  可T观察    
华工科技(000988)      148.28    148.35    2.7%    多37/空60  停手:价格低于均价，14:30前禁止买入
拓维信息(002261)       31.46     31.04    6.7%     多5/空24  停手:买卖都不够强
江丰电子(300666)      334.03    335.74    4.9%    多35/空46  停手:价格低于均价，14:30前禁止买入
10:19:21 [INFO] 🫀 扫描心跳 第54轮开始
10:19:49 [INFO] 🫀 扫描心跳 第55轮开始
10:20:16 [INFO] 🫀 扫描心跳 第56轮开始
10:20:44 [INFO] 🫀 扫描心跳 第57轮开始
10:20:58 [INFO] 
📊 护城河防御面板 第57轮
──────────────────────────────────────────────────────────────────────
科创半导体ETF华夏(588170)    1.30      1.29    3.1%    多18/空66  强可T     
特变电工(600089)       19.80     19.80    1.7%    多52/空42  停手:价格低于均价，14:30前禁止买入
华工科技(000988)      148.52    148.35    2.7%    多11/空59  可T观察    
拓维信息(002261)       31.37     31.07    6.7%     多1/空24  停手:买卖都不够强
江丰电子(300666)      336.60    335.59    4.9%    多12/空77  强可T     
10:21:13 [INFO] 🫀 扫描心跳 第58轮开始
10:21:41 [INFO] 🫀 扫描心跳 第59轮开始
10:21:44 [INFO] 📊 动态份数 588170: 状态=normal 信号强度66/阈值38, 建议交易9700股/份 (32%)
10:21:45 [INFO] ✅ 飞书消息已成功送达: 科创半导体ETF华夏(588170) SELL_HIGH - 加急通知已发送
10:21:46 [INFO] 🔔 已触发急促报警
10:22:27 [INFO] 🫀 扫描心跳 第60轮开始
10:22:55 [INFO] 🫀 扫描心跳 第61轮开始
10:23:09 [INFO] 
📊 护城河防御面板 第61轮
──────────────────────────────────────────────────────────────────────
科创半导体ETF华夏(588170)    1.29      1.29    3.1%    多16/空61  可T观察    
特变电工(600089)       19.79     19.80    1.7%    多38/空46  停手:震荡贴均且分差不大
华工科技(000988)      148.98    148.41    2.7%     多7/空80  强可T     
拓维信息(002261)       31.44     31.12    6.7%     多13/空2  停手:买卖都不够强
江丰电子(300666)      339.01    336.01    4.9%     多7/空96  强可T     
10:23:24 [INFO] 🫀 扫描心跳 第62轮开始
10:23:53 [INFO] 🫀 扫描心跳 第63轮开始
10:24:00 [INFO] 📊 动态份数 000988: 状态=normal 信号强度80/阈值48, 建议交易200股/份 (50%)
10:24:01 [INFO] ✅ 飞书消息已成功送达: 华工科技(000988) SELL_HIGH - 加急通知已发送
10:24:03 [INFO] 🔔 已触发急促报警
10:24:23 [INFO] 🫀 扫描心跳 第64轮开始
10:24:51 [INFO] 🫀 扫描心跳 第65轮开始
10:25:03 [INFO] 
📊 护城河防御面板 第65轮
──────────────────────────────────────────────────────────────────────
科创半导体ETF华夏(588170)    1.29      1.29    3.1%    多16/空61  可T观察    
特变电工(600089)       19.79     19.80    1.7%    多13/空63  停手:价格低于均价，14:30前禁止买入
华工科技(000988)      148.98    148.41    2.7%     多7/空80  强可T     
拓维信息(002261)       31.44     31.12    6.7%     多13/空2  停手:买卖都不够强
江丰电子(300666)      339.01    336.01    4.9%     多7/空96  强可T     
10:25:18 [INFO] 🫀 扫描心跳 第66轮开始
10:25:46 [INFO] 🫀 扫描心跳 第67轮开始
10:26:12 [INFO] 🫀 扫描心跳 第68轮开始
10:26:42 [INFO] 🫀 扫描心跳 第69轮开始
10:26:54 [INFO] 
📊 护城河防御面板 第69轮
──────────────────────────────────────────────────────────────────────
科创半导体ETF华夏(588170)    1.30      1.29    3.1%     多6/空50  可T观察    
特变电工(600089)       19.72     19.80    1.7%    多65/空53  停手:价格低于均价，14:30前禁止买入
华工科技(000988)      148.88    148.45    2.7%    多-3/空42  弱机会     
拓维信息(002261)       31.43     31.14    6.7%    多-2/空14  停手:买卖都不够强
江丰电子(300666)      340.87    336.39    4.9%    多-3/空81  强可T     
10:27:09 [INFO] 🫀 扫描心跳 第70轮开始
10:27:37 [INFO] 🫀 扫描心跳 第71轮开始
10:27:50 [INFO] ✅ 飞书消息已成功送达: 江丰电子(300666) SELL_HIGH - 加急通知已发送
10:27:51 [INFO] 🔔 已触发急促报警
10:28:06 [INFO] 🫀 扫描心跳 第72轮开始
10:28:34 [INFO] 🫀 扫描心跳 第73轮开始
10:28:46 [INFO] 
📊 护城河防御面板 第73轮
──────────────────────────────────────────────────────────────────────
科创半导体ETF华夏(588170)    1.30      1.29    3.1%     多6/空50  可T观察    
特变电工(600089)       19.72     19.80    1.7%    多65/空53  停手:价格低于均价，14:30前禁止买入
华工科技(000988)      148.88    148.45    2.7%    多-3/空42  弱机会     
拓维信息(002261)       31.43     31.14    6.7%    多-2/空14  停手:买卖都不够强
江丰电子(300666)      340.87    336.39    4.9%    多-3/空81  强可T     
10:29:01 [INFO] 🫀 扫描心跳 第74轮开始
10:29:28 [INFO] 🫀 扫描心跳 第75轮开始
10:29:56 [INFO] 🫀 扫描心跳 第76轮开始
10:29:59 [INFO] 📊 动态份数 588170: 状态=normal 信号强度40/阈值38, 建议交易3800股/份 (13%)
10:29:59 [INFO] 📉 588170 卖出信号得分40分，低于10:00后阈值65分，静默处理（不推送飞书）
10:30:23 [INFO] 🫀 扫描心跳 第77轮开始
10:30:35 [INFO] 
📊 护城河防御面板 第77轮
──────────────────────────────────────────────────────────────────────
科创半导体ETF华夏(588170)    1.29      1.29    3.1%    多16/空40  弱机会     
特变电工(600089)       19.68     19.79    1.9%    多73/空53  停手:价格低于均价，14:30前禁止买入
华工科技(000988)      148.39    148.45    2.7%    多64/空36  停手:价格低于均价，14:30前禁止买入
拓维信息(002261)       31.37     31.16    6.7%    多16/空14  停手:买卖都不够强
江丰电子(300666)      337.85    336.51    4.9%    多13/空69  强可T     
10:30:50 [INFO] 🫀 扫描心跳 第78轮开始
10:31:18 [INFO] 🫀 扫描心跳 第79轮开始
10:31:46 [INFO] 🫀 扫描心跳 第80轮开始
10:32:14 [INFO] 🫀 扫描心跳 第81轮开始
10:32:27 [INFO] 
📊 护城河防御面板 第81轮
──────────────────────────────────────────────────────────────────────
科创半导体ETF华夏(588170)    1.29      1.29    3.1%    多16/空40  弱机会     
特变电工(600089)       19.68     19.79    1.9%    多73/空53  停手:价格低于均价，14:30前禁止买入
华工科技(000988)      148.39    148.45    2.7%    多64/空36  停手:价格低于均价，14:30前禁止买入
拓维信息(002261)       31.37     31.16    6.7%    多16/空14  停手:买卖都不够强
江丰电子(300666)      337.85    336.51    4.9%    多13/空69  强可T     
10:32:42 [INFO] 🫀 扫描心跳 第82轮开始
10:33:11 [INFO] 🫀 扫描心跳 第83轮开始
10:33:38 [INFO] 🫀 扫描心跳 第84轮开始
10:34:05 [INFO] 🫀 扫描心跳 第85轮开始
10:34:31 [INFO] 
📊 护城河防御面板 第85轮
──────────────────────────────────────────────────────────────────────
科创半导体ETF华夏(588170)    1.29      1.29    3.1%    多16/空40  弱机会     
特变电工(600089)       19.64     19.78    2.1%    多81/空53  停手:价格低于均价，14:30前禁止买入
华工科技(000988)      149.08    148.46    2.7%     多7/空44  弱机会     
拓维信息(002261)       31.33     31.17    6.7%    多-2/空14  停手:买卖都不够强
江丰电子(300666)      338.60    336.70    4.9%    多13/空69  强可T     
10:34:46 [INFO] 🫀 扫描心跳 第86轮开始
10:35:14 [INFO] 🫀 扫描心跳 第87轮开始
10:35:41 [INFO] 🫀 扫描心跳 第88轮开始
10:36:08 [INFO] 🫀 扫描心跳 第89轮开始
10:36:22 [INFO] 
📊 护城河防御面板 第89轮
──────────────────────────────────────────────────────────────────────
科创半导体ETF华夏(588170)    1.29      1.29    3.1%    多67/空25  停手:价格低于均价，14:30前禁止买入
特变电工(600089)       19.57     19.76    2.5%    多92/空53  停手:价格低于均价，14:30前禁止买入
华工科技(000988)      149.09    148.52    2.7%     多7/空57  可T观察    
拓维信息(002261)       31.24     31.17    6.7%    多20/空14  停手:买卖都不够强
江丰电子(300666)      337.28    336.81    4.9%    多18/空63  可T观察    
10:36:37 [INFO] 🫀 扫描心跳 第90轮开始
10:37:04 [INFO] 🫀 扫描心跳 第91轮开始
10:37:31 [INFO] 🫀 扫描心跳 第92轮开始
10:37:58 [INFO] 🫀 扫描心跳 第93轮开始
10:38:11 [INFO] 
📊 护城河防御面板 第93轮
──────────────────────────────────────────────────────────────────────
科创半导体ETF华夏(588170)    1.29      1.29    3.1%    多67/空25  停手:价格低于均价，14:30前禁止买入
特变电工(600089)       19.57     19.76    2.5%    多92/空53  停手:价格低于均价，14:30前禁止买入
华工科技(000988)      149.09    148.52    2.7%     多7/空57  可T观察    
拓维信息(002261)       31.24     31.17    6.7%    多20/空14  停手:买卖都不够强
江丰电子(300666)      337.28    336.81    4.9%    多18/空63  可T观察    
10:38:26 [INFO] 🫀 扫描心跳 第94轮开始
10:38:57 [INFO] 🫀 扫描心跳 第95轮开始
10:39:23 [INFO] 🫀 扫描心跳 第96轮开始
10:39:52 [INFO] 🫀 扫描心跳 第97轮开始
10:40:05 [INFO] 
📊 护城河防御面板 第97轮
──────────────────────────────────────────────────────────────────────
科创半导体ETF华夏(588170)    1.29      1.29    3.1%    多51/空25  停手:价格低于均价，14:30前禁止买入
特变电工(600089)       19.50     19.74    2.8%    多87/空53  停手:价格低于均价，14:30前禁止买入
华工科技(000988)      149.14    148.58    2.7%     多5/空61  可T观察    
拓维信息(002261)       31.26     31.17    6.7%     多17/空2  停手:买卖都不够强
江丰电子(300666)      335.30    336.76    4.9%    多52/空36  停手:价格低于均价，14:30前禁止买入
10:40:20 [INFO] 🫀 扫描心跳 第98轮开始
10:40:49 [INFO] 🫀 扫描心跳 第99轮开始
10:41:18 [INFO] 🫀 扫描心跳 第100轮开始
10:41:47 [INFO] 🫀 扫描心跳 第101轮开始
10:41:58 [INFO] 
📊 护城河防御面板 第101轮
──────────────────────────────────────────────────────────────────────
科创半导体ETF华夏(588170)    1.29      1.29    3.1%    多51/空25  停手:价格低于均价，14:30前禁止买入
特变电工(600089)       19.50     19.74    2.8%    多87/空53  停手:价格低于均价，14:30前禁止买入
华工科技(000988)      149.14    148.58    2.7%     多5/空61  可T观察    
拓维信息(002261)       31.26     31.17    6.7%     多17/空2  停手:买卖都不够强
江丰电子(300666)      335.30    336.76    4.9%    多52/空36  停手:价格低于均价，14:30前禁止买入
10:42:13 [INFO] 🫀 扫描心跳 第102轮开始
10:42:40 [INFO] 🫀 扫描心跳 第103轮开始
10:43:09 [INFO] 🫀 扫描心跳 第104轮开始
10:43:36 [INFO] 🫀 扫描心跳 第105轮开始
10:43:51 [INFO] 
📊 护城河防御面板 第105轮
──────────────────────────────────────────────────────────────────────
科创半导体ETF华夏(588170)    1.29      1.29    3.1%    多32/空44  弱机会     
特变电工(600089)       19.47     19.72    3.0%    多97/空53  停手:价格低于均价，14:30前禁止买入
华工科技(000988)      149.33    148.62    2.7%     多5/空46  可T观察    
拓维信息(002261)       31.35     31.18    6.7%     多17/空2  停手:买卖都不够强
江丰电子(300666)      338.38    336.88    4.9%    多24/空44  弱机会     
10:44:06 [INFO] 🫀 扫描心跳 第106轮开始
10:44:36 [INFO] 🫀 扫描心跳 第107轮开始
10:45:06 [INFO] 🫀 扫描心跳 第108轮开始
10:45:36 [INFO] 🫀 扫描心跳 第109轮开始
10:45:51 [INFO] 
📊 护城河防御面板 第109轮
──────────────────────────────────────────────────────────────────────
科创半导体ETF华夏(588170)    1.29      1.29    3.1%    多32/空44  弱机会     
特变电工(600089)       19.47     19.72    3.0%    多97/空53  停手:价格低于均价，14:30前禁止买入
华工科技(000988)      149.33    148.62    2.7%     多5/空46  可T观察    
拓维信息(002261)       31.35     31.18    6.7%     多17/空2  停手:买卖都不够强
江丰电子(300666)      338.38    336.88    4.9%    多24/空44  弱机会     
10:46:06 [INFO] 🫀 扫描心跳 第110轮开始
10:46:34 [INFO] 🫀 扫描心跳 第111轮开始
10:47:00 [INFO] 🫀 扫描心跳 第112轮开始
10:47:28 [INFO] 🫀 扫描心跳 第113轮开始
10:47:40 [INFO] 
📊 护城河防御面板 第113轮
──────────────────────────────────────────────────────────────────────
科创半导体ETF华夏(588170)    1.29      1.29    3.1%    多56/空18  停手:价格低于均价，14:30前禁止买入
特变电工(600089)       19.47     19.70    3.0%    多60/空34  停手:价格低于均价，14:30前禁止买入
华工科技(000988)      148.96    148.69    2.7%   多-10/空36  弱机会     
拓维信息(002261)       31.25     31.19    6.7%   多-17/空14  停手:买卖都不够强
江丰电子(300666)      335.20    336.88    4.9%    多37/空21  停手:价格低于均价，14:30前禁止买入
10:47:55 [INFO] 🫀 扫描心跳 第114轮开始
10:48:22 [INFO] 🫀 扫描心跳 第115轮开始
10:48:49 [INFO] 🫀 扫描心跳 第116轮开始
10:49:25 [INFO] 🫀 扫描心跳 第117轮开始
10:49:43 [INFO] 
📊 护城河防御面板 第117轮
──────────────────────────────────────────────────────────────────────
科创半导体ETF华夏(588170)    1.29      1.29    3.1%    多48/空18  停手:价格低于均价，14:30前禁止买入
特变电工(600089)       19.44     19.68    3.2%    多93/空34  停手:价格低于均价，14:30前禁止买入
华工科技(000988)      149.12    148.71    2.7%     多5/空21  停手:买卖都不够强
拓维信息(002261)       31.16     31.19    6.7%    多23/空14  停手:买卖都不够强
江丰电子(300666)      334.69    336.77    4.9%    多63/空21  停手:价格低于均价，14:30前禁止买入
10:49:58 [INFO] 🫀 扫描心跳 第118轮开始
10:50:30 [INFO] 🫀 扫描心跳 第119轮开始
10:51:07 [INFO] 🫀 扫描心跳 第120轮开始
10:51:40 [INFO] 🫀 扫描心跳 第121轮开始
10:51:57 [INFO] 
📊 护城河防御面板 第121轮
──────────────────────────────────────────────────────────────────────
科创半导体ETF华夏(588170)    1.29      1.29    3.1%    多48/空18  停手:价格低于均价，14:30前禁止买入
特变电工(600089)       19.44     19.68    3.2%    多93/空34  停手:价格低于均价，14:30前禁止买入
华工科技(000988)      149.12    148.71    2.7%     多5/空21  停手:买卖都不够强
拓维信息(002261)       31.16     31.19    6.7%    多23/空14  停手:买卖都不够强
江丰电子(300666)      334.69    336.77    4.9%    多63/空21  停手:价格低于均价，14:30前禁止买入
10:52:12 [INFO] 🫀 扫描心跳 第122轮开始
10:52:45 [INFO] 🫀 扫描心跳 第123轮开始
10:53:21 [INFO] 🫀 扫描心跳 第124轮开始
10:53:56 [INFO] 🫀 扫描心跳 第125轮开始
10:54:16 [INFO] 
📊 护城河防御面板 第125轮
──────────────────────────────────────────────────────────────────────
科创半导体ETF华夏(588170)    1.29      1.29    3.1%    多74/空-5  停手:价格低于均价，14:30前禁止买入
特变电工(600089)       19.41     19.66    3.3%    多51/空34  停手:价格低于均价，14:30前禁止买入
华工科技(000988)      149.12    148.73    2.7%     多5/空54  可T观察    
拓维信息(002261)       31.25     31.18    6.7%     多3/空22  停手:买卖都不够强
江丰电子(300666)      334.00    336.59    4.9%    多58/空21  停手:价格低于均价，14:30前禁止买入
10:54:31 [INFO] 🫀 扫描心跳 第126轮开始
10:55:59 [INFO] 🫀 扫描心跳 第127轮开始
10:56:53 [INFO] 🫀 扫描心跳 第128轮开始
10:57:48 [INFO] 🫀 扫描心跳 第129轮开始
10:58:29 [INFO] 
📊 护城河防御面板 第129轮
──────────────────────────────────────────────────────────────────────
科创半导体ETF华夏(588170)    1.29      1.29    3.1%    多22/空-5  停手:买卖都不够强
特变电工(600089)       19.45     19.64    3.3%    多33/空19  停手:价格低于均价，14:30前禁止买入
华工科技(000988)      149.73    148.79    2.7%    多-6/空44  弱机会     
拓维信息(002261)       31.21     31.19    6.7%   多-15/空22  停手:买卖都不够强
江丰电子(300666)      335.23    336.52    4.9%     多21/空2  停手:买卖都不够强
10:58:44 [INFO] 🫀 扫描心跳 第130轮开始
10:59:38 [INFO] 🫀 扫描心跳 第131轮开始
11:00:33 [INFO] 🫀 扫描心跳 第132轮开始
11:01:27 [INFO] 🫀 扫描心跳 第133轮开始
11:01:40 [INFO] 
📊 护城河防御面板 第133轮
──────────────────────────────────────────────────────────────────────
科创半导体ETF华夏(588170)    1.28      1.29    3.1%    多70/空14  停手:价格低于均价，14:30前禁止买入
特变电工(600089)       19.37     19.62    3.5%    多78/空48  停手:价格低于均价，14:30前禁止买入
华工科技(000988)      149.33    148.82    2.7%     多4/空79  强可T     
拓维信息(002261)       31.06     31.18    6.7%    多55/空22  停手:价格低于均价，14:30前禁止买入
江丰电子(300666)      335.00    336.39    4.9%     多25/空2  停手:买卖都不够强
11:01:55 [INFO] 🫀 扫描心跳 第134轮开始
11:02:22 [INFO] 🫀 扫描心跳 第135轮开始
11:02:50 [INFO] 🫀 扫描心跳 第136轮开始
11:03:34 [INFO] 🫀 扫描心跳 第137轮开始
11:03:46 [INFO] 
📊 护城河防御面板 第137轮
──────────────────────────────────────────────────────────────────────
科创半导体ETF华夏(588170)    1.28      1.29    3.1%   多103/空14  停手:价格低于均价，14:30前禁止买入
特变电工(600089)       19.35     19.60    3.7%    多70/空34  停手:价格低于均价，14:30前禁止买入
华工科技(000988)      149.28    148.86    2.7%    多19/空69  强可T     
拓维信息(002261)       31.16     31.18    6.7%    多38/空22  停手:价格低于均价，14:30前禁止买入
江丰电子(300666)      333.80    336.28    4.9%    多31/空21  停手:价格低于均价，14:30前禁止买入
11:04:01 [INFO] 🫀 扫描心跳 第138轮开始
11:04:28 [INFO] 🫀 扫描心跳 第139轮开始
11:04:56 [INFO] 🫀 扫描心跳 第140轮开始
11:05:23 [INFO] 🫀 扫描心跳 第141轮开始
11:05:35 [INFO] 
📊 护城河防御面板 第141轮
──────────────────────────────────────────────────────────────────────
科创半导体ETF华夏(588170)    1.28      1.29    3.1%   多103/空14  停手:价格低于均价，14:30前禁止买入
特变电工(600089)       19.35     19.60    3.7%    多70/空34  停手:价格低于均价，14:30前禁止买入
华工科技(000988)      149.28    148.86    2.7%    多19/空69  强可T     
拓维信息(002261)       31.16     31.18    6.7%    多38/空22  停手:价格低于均价，14:30前禁止买入
江丰电子(300666)      333.80    336.28    4.9%    多31/空21  停手:价格低于均价，14:30前禁止买入
11:05:50 [INFO] 🫀 扫描心跳 第142轮开始
11:06:17 [INFO] 🫀 扫描心跳 第143轮开始
11:06:50 [INFO] 🫀 扫描心跳 第144轮开始
11:07:19 [INFO] 🫀 扫描心跳 第145轮开始
11:07:30 [INFO] 
📊 护城河防御面板 第145轮
──────────────────────────────────────────────────────────────────────
科创半导体ETF华夏(588170)    1.28      1.29    3.1%   多113/空14  停手:价格低于均价，14:30前禁止买入
特变电工(600089)       19.34     19.59    3.7%    多34/空34  停手:价格低于均价，14:30前禁止买入
华工科技(000988)      149.48    148.88    2.7%    多24/空44  弱机会     
拓维信息(002261)       31.12     31.18    6.7%    多49/空22  停手:价格低于均价，14:30前禁止买入
江丰电子(300666)      333.84    336.18    4.9%    多35/空27  停手:价格低于均价，14:30前禁止买入
11:07:45 [INFO] 🫀 扫描心跳 第146轮开始
11:08:12 [INFO] 🫀 扫描心跳 第147轮开始
11:08:40 [INFO] 🫀 扫描心跳 第148轮开始
11:09:06 [INFO] 🫀 扫描心跳 第149轮开始
11:09:18 [INFO] 
📊 护城河防御面板 第149轮
──────────────────────────────────────────────────────────────────────
科创半导体ETF华夏(588170)    1.28      1.29    3.1%    多34/空-5  停手:价格低于均价，14:30前禁止买入
特变电工(600089)       19.34     19.59    3.7%    多34/空34  停手:价格低于均价，14:30前禁止买入
华工科技(000988)      149.48    148.88    2.7%    多24/空44  弱机会     
拓维信息(002261)       31.12     31.18    6.7%    多49/空22  停手:价格低于均价，14:30前禁止买入
江丰电子(300666)      333.84    336.18    4.9%    多35/空27  停手:价格低于均价，14:30前禁止买入
11:09:33 [INFO] 🫀 扫描心跳 第150轮开始
11:09:46 [INFO] 📉 300666 卖出信号得分47分，低于10:00后阈值65分，静默处理（不推送飞书）
11:10:01 [INFO] 🫀 扫描心跳 第151轮开始
11:10:28 [INFO] 🫀 扫描心跳 第152轮开始
11:10:55 [INFO] 🫀 扫描心跳 第153轮开始
11:11:07 [INFO] 
📊 护城河防御面板 第153轮
──────────────────────────────────────────────────────────────────────
科创半导体ETF华夏(588170)    1.28      1.29    3.1%    多34/空-5  停手:价格低于均价，14:30前禁止买入
特变电工(600089)       19.34     19.57    3.8%    多36/空19  停手:价格低于均价，14:30前禁止买入
华工科技(000988)      149.79    148.91    2.7%     多0/空71  强可T     
拓维信息(002261)       31.19     31.18    6.7%     多3/空22  停手:买卖都不够强
江丰电子(300666)      335.65    336.11    4.9%    多19/空47  停手:无可卖仓且买点不强
11:11:22 [INFO] 🫀 扫描心跳 第154轮开始
11:11:50 [INFO] 🫀 扫描心跳 第155轮开始
11:12:19 [INFO] 🫀 扫描心跳 第156轮开始
11:12:46 [INFO] 🫀 扫描心跳 第157轮开始
11:12:59 [INFO] 
📊 护城河防御面板 第157轮
──────────────────────────────────────────────────────────────────────
科创半导体ETF华夏(588170)    1.29      1.29    3.1%    多15/空25  停手:买卖都不够强
特变电工(600089)       19.28     19.56    4.0%    多64/空48  停手:价格低于均价，14:30前禁止买入
华工科技(000988)      149.40    148.94    2.7%     多4/空63  可T观察    
拓维信息(002261)       31.29     31.18    6.7%    多-3/空10  停手:买卖都不够强
江丰电子(300666)      334.16    336.04    4.9%    多13/空31  停手:无可卖仓且买点不强
11:13:14 [INFO] 🫀 扫描心跳 第158轮开始
11:13:42 [INFO] 🫀 扫描心跳 第159轮开始
11:14:10 [INFO] 🫀 扫描心跳 第160轮开始
11:14:37 [INFO] 🫀 扫描心跳 第161轮开始
11:14:50 [INFO] 
📊 护城河防御面板 第161轮
──────────────────────────────────────────────────────────────────────
科创半导体ETF华夏(588170)    1.29      1.29    3.1%    多15/空25  停手:买卖都不够强
特变电工(600089)       19.28     19.56    4.0%    多64/空48  停手:价格低于均价，14:30前禁止买入
华工科技(000988)      149.40    148.94    2.7%     多4/空63  可T观察    
拓维信息(002261)       31.29     31.18    6.7%    多-3/空10  停手:买卖都不够强
江丰电子(300666)      334.16    336.04    4.9%    多13/空31  停手:无可卖仓且买点不强
11:15:05 [INFO] 🫀 扫描心跳 第162轮开始
11:15:33 [INFO] 🫀 扫描心跳 第163轮开始
11:16:00 [INFO] 🫀 扫描心跳 第164轮开始
11:16:29 [INFO] 🫀 扫描心跳 第165轮开始
11:16:42 [INFO] 
📊 护城河防御面板 第165轮
──────────────────────────────────────────────────────────────────────
科创半导体ETF华夏(588170)    1.28      1.29    3.1%    多89/空10  停手:价格低于均价，14:30前禁止买入
特变电工(600089)       19.35     19.54    4.0%    多39/空19  停手:价格低于均价，14:30前禁止买入
华工科技(000988)      148.98    148.94    2.7%    多30/空69  强可T     
拓维信息(002261)       31.20     31.18    6.7%     多7/空22  停手:买卖都不够强
江丰电子(300666)      334.60    335.93    4.9%     多40/空2  停手:价格低于均价，14:30前禁止买入
11:16:57 [INFO] 🫀 扫描心跳 第166轮开始
11:17:24 [INFO] 🫀 扫描心跳 第167轮开始
11:17:51 [INFO] 🫀 扫描心跳 第168轮开始
11:18:19 [INFO] 🫀 扫描心跳 第169轮开始
11:18:33 [INFO] 
📊 护城河防御面板 第169轮
──────────────────────────────────────────────────────────────────────
科创半导体ETF华夏(588170)    1.28      1.29    3.1%    多89/空10  停手:价格低于均价，14:30前禁止买入
特变电工(600089)       19.35     19.54    4.0%    多39/空27  停手:价格低于均价，14:30前禁止买入
华工科技(000988)      148.98    148.94    2.7%    多30/空69  强可T     
拓维信息(002261)       31.20     31.18    6.7%     多7/空22  停手:买卖都不够强
江丰电子(300666)      334.60    335.93    4.9%     多40/空2  停手:价格低于均价，14:30前禁止买入
11:18:48 [INFO] 🫀 扫描心跳 第170轮开始
11:19:31 [INFO] 🫀 扫描心跳 第171轮开始
11:19:59 [INFO] 🫀 扫描心跳 第172轮开始
11:20:27 [INFO] 🫀 扫描心跳 第173轮开始
11:20:39 [INFO] 
📊 护城河防御面板 第173轮
──────────────────────────────────────────────────────────────────────
科创半导体ETF华夏(588170)    1.28      1.29    3.1%    多65/空-5  停手:价格低于均价，14:30前禁止买入
特变电工(600089)       19.31     19.53    4.0%    多36/空52  停手:价格低于均价，14:30前禁止买入
华工科技(000988)      148.90    148.94    2.7%    多45/空45  停手:价格低于均价，14:30前禁止买入
拓维信息(002261)       31.27     31.19    6.7%    多-3/空22  停手:买卖都不够强
江丰电子(300666)      333.90    335.83    4.9%     多66/空2  停手:价格低于均价，14:30前禁止买入
11:20:54 [INFO] 🫀 扫描心跳 第174轮开始
11:21:22 [INFO] 🫀 扫描心跳 第175轮开始
11:21:49 [INFO] 🫀 扫描心跳 第176轮开始
11:22:16 [INFO] 🫀 扫描心跳 第177轮开始
11:22:29 [INFO] 
📊 护城河防御面板 第177轮
──────────────────────────────────────────────────────────────────────
科创半导体ETF华夏(588170)    1.28      1.29    3.1%    多42/空-5  停手:价格低于均价，14:30前禁止买入
特变电工(600089)       19.31     19.53    4.0%    多36/空52  停手:价格低于均价，14:30前禁止买入
华工科技(000988)      148.90    148.94    2.7%    多45/空45  停手:价格低于均价，14:30前禁止买入
拓维信息(002261)       31.28     31.19    6.7%    多-3/空22  停手:买卖都不够强
江丰电子(300666)      335.36    335.78    4.9%    多26/空14  停手:无可卖仓且买点不强
11:22:44 [INFO] 🫀 扫描心跳 第178轮开始
11:23:11 [INFO] 🫀 扫描心跳 第179轮开始
11:23:38 [INFO] 🫀 扫描心跳 第180轮开始
11:24:08 [INFO] 🫀 扫描心跳 第181轮开始
11:24:21 [INFO] 
📊 护城河防御面板 第181轮
──────────────────────────────────────────────────────────────────────
科创半导体ETF华夏(588170)    1.28      1.29    3.1%    多50/空-1  停手:价格低于均价，14:30前禁止买入
特变电工(600089)       19.34     19.52    4.0%    多54/空10  停手:价格低于均价，14:30前禁止买入
华工科技(000988)      149.20    148.94    2.7%    多19/空25  停手:买卖都不够强
拓维信息(002261)       31.28     31.19    6.7%    多-3/空22  停手:买卖都不够强
江丰电子(300666)      335.36    335.78    4.9%    多26/空14  停手:无可卖仓且买点不强
11:24:36 [INFO] 🫀 扫描心跳 第182轮开始
11:25:03 [INFO] 🫀 扫描心跳 第183轮开始
11:25:06 [INFO] 📊 动态份数 588170: 状态=normal 信号强度72/阈值37, 建议交易12000股/份 (40%)
11:25:07 [INFO] ✅ 飞书消息已成功送达: 科创半导体ETF华夏(588170) SELL_HIGH - 加急通知已发送
11:25:08 [INFO] 🔔 已触发急促报警
11:25:34 [INFO] 🫀 扫描心跳 第184轮开始
11:26:02 [INFO] 🫀 扫描心跳 第185轮开始
11:26:14 [INFO] 
📊 护城河防御面板 第185轮
──────────────────────────────────────────────────────────────────────
科创半导体ETF华夏(588170)    1.29      1.29    3.1%     多3/空72  停手:当日轮次已满
特变电工(600089)       19.44     19.51    4.0%    多33/空22  停手:价格低于均价，14:30前禁止买入
华工科技(000988)      149.94    148.99    2.7%   多-15/空40  弱机会     
拓维信息(002261)       31.24     31.19    6.7%    多-5/空22  停手:买卖都不够强
江丰电子(300666)      337.30    335.82    4.9%    多-2/空65  停手:无可卖仓且买点不强
11:26:29 [INFO] 🫀 扫描心跳 第186轮开始
11:26:56 [INFO] 🫀 扫描心跳 第187轮开始
11:27:23 [INFO] 🫀 扫描心跳 第188轮开始
11:27:51 [INFO] 🫀 扫描心跳 第189轮开始
11:28:02 [INFO] 
📊 护城河防御面板 第189轮
──────────────────────────────────────────────────────────────────────
科创半导体ETF华夏(588170)    1.29      1.29    3.1%     多3/空72  停手:当日轮次已满
特变电工(600089)       19.44     19.51    4.0%    多33/空22  停手:价格低于均价，14:30前禁止买入
华工科技(000988)      149.94    148.99    2.7%   多-15/空40  弱机会     
拓维信息(002261)       31.24     31.19    6.7%    多-5/空22  停手:买卖都不够强
江丰电子(300666)      337.30    335.82    4.9%    多-2/空65  停手:无可卖仓且买点不强
11:28:17 [INFO] 🫀 扫描心跳 第190轮开始
11:28:45 [INFO] 🫀 扫描心跳 第191轮开始
11:29:12 [INFO] 🫀 扫描心跳 第192轮开始
11:29:17 [INFO] 📊 动态份数 600089: 状态=normal 信号强度65/阈值46, 建议交易700股/份 (58%)
11:29:18 [INFO] ✅ 飞书消息已成功送达: 特变电工(600089) SELL_HIGH - 加急通知已发送
11:29:20 [INFO] 🔔 已触发急促报警
11:29:23 [INFO] 📊 动态份数 000988: 状态=normal 信号强度69/阈值39, 建议交易400股/份 (100%)
11:29:24 [INFO] ✅ 飞书消息已成功送达: 华工科技(000988) SELL_HIGH - 加急通知已发送
11:29:25 [INFO] 🔔 已触发急促报警
11:29:45 [INFO] 🫀 扫描心跳 第193轮开始
11:30:12 [INFO] 
📊 护城河防御面板 第193轮
──────────────────────────────────────────────────────────────────────
科创半导体ETF华夏(588170)    1.29      1.29    3.1%    多27/空31  停手:买卖都不够强
特变电工(600089)       19.46     19.51    4.0%    多33/空57  停手:价格低于均价，14:30前禁止买入
华工科技(000988)      150.68    149.06    2.7%    多-9/空69  停手:无可卖仓且买点不强
拓维信息(002261)       31.22     31.19    6.7%    多10/空10  停手:买卖都不够强
江丰电子(300666)      338.66    335.90    4.9%    多18/空73  停手:无可卖仓且买点不强
11:30:27 [INFO] ⏸ 非交易时段，进入低频保活
11:40:28 [INFO] ⏸ 非交易时段，进入低频保活
13:30:43 [INFO] 🫀 扫描心跳 第194轮开始
13:31:14 [INFO] 📊 动态份数 588170: 状态=normal 信号强度99/阈值38, 建议交易12000股/份 (40%)
13:31:15 [INFO] ✅ 飞书消息已成功送达: 科创半导体ETF华夏(588170) SELL_HIGH - 加急通知已发送
13:31:16 [INFO] 🔔 已触发急促报警
13:31:19 [INFO] 📊 动态份数 600089: 状态=normal 信号强度90/阈值36, 建议交易1200股/份 (100%)
13:31:20 [INFO] ✅ 飞书消息已成功送达: 特变电工(600089) SELL_HIGH - 加急通知已发送
13:31:22 [INFO] 🔔 已触发急促报警
13:31:45 [INFO] 🫀 扫描心跳 第195轮开始
13:32:12 [INFO] 🫀 扫描心跳 第196轮开始
13:32:38 [INFO] 🫀 扫描心跳 第197轮开始
13:32:49 [INFO] 
📊 护城河防御面板 第197轮
──────────────────────────────────────────────────────────────────────
科创半导体ETF华夏(588170)    1.31      1.29    4.0%    多-6/空91  停手:无可卖仓且买点不强
特变电工(600089)       19.54     19.50    4.0%   多-21/空82  停手:无可卖仓且买点不强
华工科技(000988)      154.22    150.37    5.4%   多-11/空69  停手:无可卖仓且买点不强
拓维信息(002261)       31.49     31.28    6.7%    多-5/空10  停手:买卖都不够强
江丰电子(300666)      348.97    338.09    6.2%   多-15/空69  停手:无可卖仓且买点不强
13:33:04 [INFO] 🫀 扫描心跳 第198轮开始
13:33:30 [INFO] 🫀 扫描心跳 第199轮开始
13:33:56 [INFO] 🫀 扫描心跳 第200轮开始
13:34:23 [INFO] 🫀 扫描心跳 第201轮开始
13:34:36 [INFO] 
📊 护城河防御面板 第201轮
──────────────────────────────────────────────────────────────────────
科创半导体ETF华夏(588170)    1.32      1.29    4.0%    多25/空51  停手:无可卖仓且买点不强
特变电工(600089)       19.51     19.50    4.0%     多2/空52  停手:无可卖仓且买点不强
华工科技(000988)      154.03    150.51    5.4%     多4/空59  停手:无可卖仓且买点不强
拓维信息(002261)       31.49     31.29    6.7%    多10/空10  停手:买卖都不够强
江丰电子(300666)      352.80    338.50    7.3%   多-15/空80  停手:无可卖仓且买点不强
13:34:51 [INFO] 🫀 扫描心跳 第202轮开始
13:35:18 [INFO] 🫀 扫描心跳 第203轮开始
13:35:45 [INFO] 🫀 扫描心跳 第204轮开始
13:36:13 [INFO] 🫀 扫描心跳 第205轮开始
13:36:24 [INFO] 
📊 护城河防御面板 第205轮
──────────────────────────────────────────────────────────────────────
科创半导体ETF华夏(588170)    1.32      1.29    4.0%    多25/空51  停手:无可卖仓且买点不强
特变电工(600089)       19.51     19.50    4.0%     多2/空52  停手:无可卖仓且买点不强
华工科技(000988)      154.03    150.51    5.4%     多4/空59  停手:无可卖仓且买点不强
拓维信息(002261)       31.49     31.29    6.7%    多10/空10  停手:买卖都不够强
江丰电子(300666)      352.80    338.50    7.3%   多-15/空80  停手:无可卖仓且买点不强
13:36:39 [INFO] 🫀 扫描心跳 第206轮开始
13:37:06 [INFO] 🫀 扫描心跳 第207轮开始
13:37:34 [INFO] 🫀 扫描心跳 第208轮开始
13:38:03 [INFO] 🫀 扫描心跳 第209轮开始
13:38:16 [INFO] 
📊 护城河防御面板 第209轮
──────────────────────────────────────────────────────────────────────
科创半导体ETF华夏(588170)    1.32      1.30    4.6%    多-4/空88  停手:无可卖仓且买点不强
特变电工(600089)       19.52     19.50    4.0%   多-23/空81  停手:无可卖仓且买点不强
华工科技(000988)      154.98    150.66    5.4%      多9/空4  停手:无可卖仓且买点不强
拓维信息(002261)       31.41     31.29    6.7%    多-2/空10  停手:买卖都不够强
江丰电子(300666)      351.70    338.97    7.6%   多-17/空69  停手:无可卖仓且买点不强
13:38:31 [INFO] 🫀 扫描心跳 第210轮开始
13:39:00 [INFO] 🫀 扫描心跳 第211轮开始
13:39:28 [INFO] 🫀 扫描心跳 第212轮开始
13:39:56 [INFO] 🫀 扫描心跳 第213轮开始
13:40:09 [INFO] 
📊 护城河防御面板 第213轮
──────────────────────────────────────────────────────────────────────
科创半导体ETF华夏(588170)    1.32      1.30    4.6%    多-4/空88  停手:无可卖仓且买点不强
特变电工(600089)       19.52     19.50    4.0%   多-23/空81  停手:无可卖仓且买点不强
华工科技(000988)      154.98    150.66    5.4%      多9/空4  停手:无可卖仓且买点不强
拓维信息(002261)       31.41     31.29    6.7%    多-2/空10  停手:买卖都不够强
江丰电子(300666)      351.70    338.97    7.6%   多-17/空69  停手:无可卖仓且买点不强
13:40:24 [INFO] 🫀 扫描心跳 第214轮开始
13:40:52 [INFO] 🫀 扫描心跳 第215轮开始
13:41:22 [INFO] 🫀 扫描心跳 第216轮开始
13:41:51 [INFO] 🫀 扫描心跳 第217轮开始
13:42:06 [INFO] 
📊 护城河防御面板 第217轮
──────────────────────────────────────────────────────────────────────
科创半导体ETF华夏(588170)    1.33      1.30    5.1%    多-4/空87  停手:无可卖仓且买点不强
特变电工(600089)       19.64     19.51    4.0%   多-27/空79  停手:无可卖仓且买点不强
华工科技(000988)      156.00    150.85    6.1%    多-9/空80  停手:无可卖仓且买点不强
拓维信息(002261)       31.59     31.30    6.7%    多-3/空23  停手:买卖都不够强
江丰电子(300666)      354.97    339.65    8.0%   多-17/空91  停手:无可卖仓且买点不强
13:42:21 [INFO] 🫀 扫描心跳 第218轮开始
13:42:49 [INFO] 🫀 扫描心跳 第219轮开始
13:43:17 [INFO] 🫀 扫描心跳 第220轮开始
13:43:46 [INFO] 🫀 扫描心跳 第221轮开始
13:43:59 [INFO] 
📊 护城河防御面板 第221轮
──────────────────────────────────────────────────────────────────────
科创半导体ETF华夏(588170)    1.33      1.30    5.1%    多-4/空87  停手:无可卖仓且买点不强
特变电工(600089)       19.64     19.51    4.0%   多-27/空79  停手:无可卖仓且买点不强
华工科技(000988)      156.00    150.85    6.1%    多-9/空80  停手:无可卖仓且买点不强
拓维信息(002261)       31.59     31.30    6.7%    多-3/空23  停手:买卖都不够强
江丰电子(300666)      354.97    339.65    8.0%   多-17/空91  停手:无可卖仓且买点不强
13:44:14 [INFO] 🫀 扫描心跳 第222轮开始
13:45:01 [INFO] 🫀 扫描心跳 第223轮开始
13:45:32 [INFO] 🫀 扫描心跳 第224轮开始
13:46:01 [INFO] 🫀 扫描心跳 第225轮开始
13:46:16 [INFO] 
📊 护城河防御面板 第225轮
──────────────────────────────────────────────────────────────────────
科创半导体ETF华夏(588170)    1.33      1.30    5.3%   多-12/空97  停手:无可卖仓且买点不强
特变电工(600089)       19.62     19.51    4.0%   多-27/空62  停手:无可卖仓且买点不强
华工科技(000988)      156.99    151.14    6.8%   多-15/空84  停手:无可卖仓且买点不强
拓维信息(002261)       31.54     31.31    6.7%    多-5/空22  停手:买卖都不够强
江丰电子(300666)      355.80    340.14    8.2%   多-17/空79  停手:无可卖仓且买点不强
13:46:31 [INFO] 🫀 扫描心跳 第226轮开始
13:46:59 [INFO] 🫀 扫描心跳 第227轮开始
13:47:27 [INFO] 🫀 扫描心跳 第228轮开始
13:47:56 [INFO] 🫀 扫描心跳 第229轮开始
13:48:08 [INFO] 
📊 护城河防御面板 第229轮
──────────────────────────────────────────────────────────────────────
科创半导体ETF华夏(588170)    1.33      1.30    5.4%   多-12/空84  停手:无可卖仓且买点不强
特变电工(600089)       19.72     19.52    4.0%  多-17/空100  停手:无可卖仓且买点不强
华工科技(000988)      157.26    151.37    7.3%   多-17/空94  停手:无可卖仓且买点不强
拓维信息(002261)       31.60     31.31    6.7%    多-3/空35  停手:买卖都不够强
江丰电子(300666)      354.85    340.76    8.4%   多-17/空71  停手:无可卖仓且买点不强
13:48:23 [INFO] 🫀 扫描心跳 第230轮开始
13:48:51 [INFO] 🫀 扫描心跳 第231轮开始
13:49:19 [INFO] 🫀 扫描心跳 第232轮开始
13:49:47 [INFO] 🫀 扫描心跳 第233轮开始
13:49:59 [INFO] 
📊 护城河防御面板 第233轮
──────────────────────────────────────────────────────────────────────
科创半导体ETF华夏(588170)    1.33      1.30    5.4%   多-12/空84  停手:无可卖仓且买点不强
特变电工(600089)       19.72     19.52    4.0%  多-17/空100  停手:无可卖仓且买点不强
华工科技(000988)      157.26    151.37    7.3%   多-17/空94  停手:无可卖仓且买点不强
拓维信息(002261)       31.60     31.31    6.7%    多-3/空35  停手:买卖都不够强
江丰电子(300666)      354.85    340.76    8.4%   多-17/空71  停手:无可卖仓且买点不强
13:50:14 [INFO] 🫀 扫描心跳 第234轮开始
13:50:42 [INFO] 🫀 扫描心跳 第235轮开始
13:51:11 [INFO] 🫀 扫描心跳 第236轮开始
13:51:39 [INFO] 🫀 扫描心跳 第237轮开始
13:51:52 [INFO] 
📊 护城河防御面板 第237轮
──────────────────────────────────────────────────────────────────────
科创半导体ETF华夏(588170)    1.34      1.30    5.5%   多-12/空72  停手:无可卖仓且买点不强
特变电工(600089)       19.75     19.52    4.0%   多-37/空71  停手:无可卖仓且买点不强
华工科技(000988)      157.45    151.60    7.3%   多-17/空79  停手:无可卖仓且买点不强
拓维信息(002261)       31.62     31.32    6.7%    多-9/空35  停手:买卖都不够强
江丰电子(300666)      357.99    341.25    8.9%     多3/空65  停手:无可卖仓且买点不强
13:52:07 [INFO] 🫀 扫描心跳 第238轮开始
13:52:34 [INFO] 🫀 扫描心跳 第239轮开始
13:53:02 [INFO] 🫀 扫描心跳 第240轮开始
13:53:30 [INFO] 🫀 扫描心跳 第241轮开始
13:53:44 [INFO] 
📊 护城河防御面板 第241轮
──────────────────────────────────────────────────────────────────────
科创半导体ETF华夏(588170)    1.34      1.30    5.5%   多-12/空72  停手:无可卖仓且买点不强
特变电工(600089)       19.75     19.52    4.0%   多-37/空71  停手:无可卖仓且买点不强
华工科技(000988)      157.45    151.60    7.3%   多-17/空79  停手:无可卖仓且买点不强
拓维信息(002261)       31.62     31.32    6.7%    多-9/空35  停手:买卖都不够强
江丰电子(300666)      357.99    341.25    8.9%     多3/空65  停手:无可卖仓且买点不强
13:53:59 [INFO] 🫀 扫描心跳 第242轮开始
13:54:28 [INFO] 🫀 扫描心跳 第243轮开始
13:54:57 [INFO] 🫀 扫描心跳 第244轮开始
13:55:25 [INFO] 🫀 扫描心跳 第245轮开始
13:55:38 [INFO] 
📊 护城河防御面板 第245轮
──────────────────────────────────────────────────────────────────────
科创半导体ETF华夏(588170)    1.35      1.30    6.2%   多-10/空42  停手:无可卖仓且买点不强
特变电工(600089)       19.77     19.53    4.0%   多-39/空59  停手:无可卖仓且买点不强
华工科技(000988)      158.34    151.92    8.0%   多-17/空79  停手:无可卖仓且买点不强
拓维信息(002261)       31.63     31.33    6.7%   多-11/空35  停手:买卖都不够强
江丰电子(300666)      357.01    341.73    8.7%   多-17/空72  停手:无可卖仓且买点不强
13:55:53 [INFO] 🫀 扫描心跳 第246轮开始
13:56:22 [INFO] 🫀 扫描心跳 第247轮开始
13:56:50 [INFO] 🫀 扫描心跳 第248轮开始
13:57:19 [INFO] 🫀 扫描心跳 第249轮开始
13:57:33 [INFO] 
📊 护城河防御面板 第249轮
──────────────────────────────────────────────────────────────────────
科创半导体ETF华夏(588170)    1.35      1.30    6.3%   多-12/空72  停手:无可卖仓且买点不强
特变电工(600089)       19.81     19.54    4.0%   多-37/空59  停手:无可卖仓且买点不强
华工科技(000988)      158.04    152.13    8.0%   多-17/空71  停手:无可卖仓且买点不强
拓维信息(002261)       31.59     31.34    6.7%     多5/空35  停手:买卖都不够强
江丰电子(300666)      357.01    341.73    8.7%   多-17/空72  停手:无可卖仓且买点不强
13:57:48 [INFO] 🫀 扫描心跳 第250轮开始
13:58:15 [INFO] 🫀 扫描心跳 第251轮开始
13:58:45 [INFO] 🫀 扫描心跳 第252轮开始
13:59:13 [INFO] 🫀 扫描心跳 第253轮开始
13:59:28 [INFO] 
📊 护城河防御面板 第253轮
──────────────────────────────────────────────────────────────────────
科创半导体ETF华夏(588170)    1.35      1.30    6.3%   多-12/空72  停手:无可卖仓且买点不强
特变电工(600089)       19.81     19.54    4.0%   多-37/空59  停手:无可卖仓且买点不强
华工科技(000988)      158.04    152.13    8.0%   多-17/空71  停手:无可卖仓且买点不强
拓维信息(002261)       31.59     31.34    6.7%     多5/空35  停手:买卖都不够强
江丰电子(300666)      358.00    342.19    8.9%     多3/空81  停手:无可卖仓且买点不强
13:59:43 [INFO] 🫀 扫描心跳 第254轮开始
14:00:13 [INFO] 🫀 扫描心跳 第255轮开始
14:00:41 [INFO] 🫀 扫描心跳 第256轮开始
14:01:10 [INFO] 🫀 扫描心跳 第257轮开始
14:01:24 [INFO] 
📊 护城河防御面板 第257轮
──────────────────────────────────────────────────────────────────────
科创半导体ETF华夏(588170)    1.35      1.30    6.3%    多17/空75  停手:无可卖仓且买点不强
特变电工(600089)       19.89     19.55    4.0%   多-25/空76  停手:无可卖仓且买点不强
华工科技(000988)      158.36    152.35    8.0%    多-2/空39  停手:无可卖仓且买点不强
拓维信息(002261)       31.54     31.34    6.7%    多19/空22  停手:买卖都不够强
江丰电子(300666)      356.01    342.77    8.9%    多-2/空74  停手:无可卖仓且买点不强
14:01:39 [INFO] 🫀 扫描心跳 第258轮开始
14:02:11 [INFO] 🫀 扫描心跳 第259轮开始
14:02:39 [INFO] 🫀 扫描心跳 第260轮开始
14:03:07 [INFO] 🫀 扫描心跳 第261轮开始
14:03:20 [INFO] 
📊 护城河防御面板 第261轮
──────────────────────────────────────────────────────────────────────
科创半导体ETF华夏(588170)    1.35      1.30    6.3%    多11/空79  停手:无可卖仓且买点不强
特变电工(600089)       19.89     19.55    4.0%   多-22/空76  停手:无可卖仓且买点不强
华工科技(000988)      158.36    152.35    8.0%    多-3/空80  停手:无可卖仓且买点不强
拓维信息(002261)       31.54     31.34    6.7%    多19/空22  停手:买卖都不够强
江丰电子(300666)      356.01    342.77    8.9%    多-2/空74  停手:无可卖仓且买点不强
14:03:35 [INFO] 🫀 扫描心跳 第262轮开始
14:04:04 [INFO] 🫀 扫描心跳 第263轮开始
14:04:33 [INFO] 🫀 扫描心跳 第264轮开始
14:05:04 [INFO] 🫀 扫描心跳 第265轮开始
14:05:16 [INFO] 
📊 护城河防御面板 第265轮
──────────────────────────────────────────────────────────────────────
科创半导体ETF华夏(588170)    1.34      1.30    6.3%    多14/空85  停手:无可卖仓且买点不强
特变电工(600089)       19.85     19.56    4.0%   多-24/空79  停手:无可卖仓且买点不强
华工科技(000988)      157.57    152.59    8.0%   多14/空115  停手:无可卖仓且买点不强
拓维信息(002261)       31.48     31.35    6.7%    多27/空10  停手:买卖都不够强
江丰电子(300666)      357.60    343.18    8.9%    多17/空84  停手:无可卖仓且买点不强
14:05:31 [INFO] 🫀 扫描心跳 第266轮开始
14:06:00 [INFO] 🫀 扫描心跳 第267轮开始
14:06:29 [INFO] 🫀 扫描心跳 第268轮开始
14:06:57 [INFO] 🫀 扫描心跳 第269轮开始
14:07:12 [INFO] 
📊 护城河防御面板 第269轮
──────────────────────────────────────────────────────────────────────
科创半导体ETF华夏(588170)    1.34      1.30    6.3%    多14/空85  停手:无可卖仓且买点不强
特变电工(600089)       19.85     19.56    4.0%   多-24/空79  停手:无可卖仓且买点不强
华工科技(000988)      157.57    152.59    8.0%   多14/空115  停手:无可卖仓且买点不强
拓维信息(002261)       31.48     31.35    6.7%    多27/空10  停手:买卖都不够强
江丰电子(300666)      357.60    343.18    8.9%    多17/空84  停手:无可卖仓且买点不强
14:07:27 [INFO] 🫀 扫描心跳 第270轮开始
14:07:55 [INFO] 🫀 扫描心跳 第271轮开始
14:08:25 [INFO] 🫀 扫描心跳 第272轮开始
14:08:53 [INFO] 🫀 扫描心跳 第273轮开始
14:09:06 [INFO] 
📊 护城河防御面板 第273轮
──────────────────────────────────────────────────────────────────────
科创半导体ETF华夏(588170)    1.35      1.31    6.3%    多11/空91  停手:无可卖仓且买点不强
特变电工(600089)       19.86     19.57    4.0%   多-24/空79  停手:无可卖仓且买点不强
华工科技(000988)      158.03    152.78    8.0%   多12/空109  停手:无可卖仓且买点不强
拓维信息(002261)       31.59     31.35    6.7%   多29/空-10  停手:高位但无明确优势
江丰电子(300666)      359.16    343.78    9.4%    多17/空84  停手:无可卖仓且买点不强
14:09:21 [INFO] 🫀 扫描心跳 第274轮开始
14:09:50 [INFO] 🫀 扫描心跳 第275轮开始
14:10:18 [INFO] 🫀 扫描心跳 第276轮开始
14:10:46 [INFO] 🫀 扫描心跳 第277轮开始
14:11:00 [INFO] 
📊 护城河防御面板 第277轮
──────────────────────────────────────────────────────────────────────
科创半导体ETF华夏(588170)    1.36      1.31    6.8%    多13/空48  停手:无可卖仓且买点不强
特变电工(600089)       19.87     19.58    4.0%   多-24/空64  停手:无可卖仓且买点不强
华工科技(000988)      158.12    152.95    8.0%   多15/空108  停手:无可卖仓且买点不强
拓维信息(002261)       31.52     31.36    6.7%     多7/空22  停手:买卖都不够强
江丰电子(300666)      359.16    343.78    9.4%    多17/空84  停手:无可卖仓且买点不强
14:11:15 [INFO] 🫀 扫描心跳 第278轮开始
14:11:44 [INFO] 🫀 扫描心跳 第279轮开始
14:12:12 [INFO] 🫀 扫描心跳 第280轮开始
14:12:41 [INFO] 🫀 扫描心跳 第281轮开始
14:13:09 [INFO] 
📊 护城河防御面板 第281轮
──────────────────────────────────────────────────────────────────────
科创半导体ETF华夏(588170)    1.36      1.31    6.8%    多13/空48  停手:无可卖仓且买点不强
特变电工(600089)       19.87     19.58    4.0%   多-24/空64  停手:无可卖仓且买点不强
华工科技(000988)      158.12    152.95    8.0%   多15/空108  停手:无可卖仓且买点不强
拓维信息(002261)       31.52     31.36    6.7%     多7/空22  停手:买卖都不够强
江丰电子(300666)      362.80    344.32   10.4%    多0/空-22  停手:无可卖仓且买点不强
14:13:24 [INFO] 🫀 扫描心跳 第282轮开始
14:13:54 [INFO] 🫀 扫描心跳 第283轮开始
14:14:23 [INFO] 🫀 扫描心跳 第284轮开始
14:14:52 [INFO] 🫀 扫描心跳 第285轮开始
14:15:06 [INFO] 
📊 护城河防御面板 第285轮
──────────────────────────────────────────────────────────────────────
科创半导体ETF华夏(588170)    1.37      1.31    7.7%    多-1/空48  停手:无可卖仓且买点不强
特变电工(600089)       19.94     19.59    4.0%    多-5/空95  停手:无可卖仓且买点不强
华工科技(000988)      158.39    153.12    8.0%   多16/空132  停手:无可卖仓且买点不强
拓维信息(002261)       31.52     31.36    6.7%    多47/空22  可T观察    
江丰电子(300666)      360.65    344.77   10.2%    多-2/空22  停手:无可卖仓且买点不强
14:15:21 [INFO] 🫀 扫描心跳 第286轮开始
14:15:49 [INFO] 🫀 扫描心跳 第287轮开始
14:16:18 [INFO] 🫀 扫描心跳 第288轮开始
14:16:46 [INFO] 🫀 扫描心跳 第289轮开始
14:17:01 [INFO] 
📊 护城河防御面板 第289轮
──────────────────────────────────────────────────────────────────────
科创半导体ETF华夏(588170)    1.37      1.31    7.7%    多-1/空48  停手:无可卖仓且买点不强
特变电工(600089)       19.94     19.59    4.0%    多-5/空95  停手:无可卖仓且买点不强
华工科技(000988)      158.39    153.12    8.0%   多16/空132  停手:无可卖仓且买点不强
拓维信息(002261)       31.52     31.36    6.7%    多47/空22  可T观察    
江丰电子(300666)      360.65    344.77   10.2%    多-2/空22  停手:无可卖仓且买点不强
14:17:16 [INFO] 🫀 扫描心跳 第290轮开始
14:17:46 [INFO] 🫀 扫描心跳 第291轮开始
14:18:14 [INFO] 🫀 扫描心跳 第292轮开始
14:18:43 [INFO] 🫀 扫描心跳 第293轮开始
14:18:57 [INFO] 
📊 护城河防御面板 第293轮
──────────────────────────────────────────────────────────────────────
科创半导体ETF华夏(588170)    1.37      1.31    7.9%    多-3/空42  停手:无可卖仓且买点不强
特变电工(600089)       19.94     19.60    4.0%   多-24/空98  停手:无可卖仓且买点不强
华工科技(000988)      159.49    153.37    8.5%    多11/空76  停手:无可卖仓且买点不强
拓维信息(002261)       31.98     31.38    7.7%     多6/空23  停手:买卖都不够强
江丰电子(300666)      360.11    345.22   10.2%    多15/空10  停手:无可卖仓且买点不强
14:19:12 [INFO] 🫀 扫描心跳 第294轮开始
14:19:41 [INFO] 🫀 扫描心跳 第295轮开始
14:20:09 [INFO] 🫀 扫描心跳 第296轮开始
14:20:37 [INFO] 🫀 扫描心跳 第297轮开始
14:20:51 [INFO] 
📊 护城河防御面板 第297轮
──────────────────────────────────────────────────────────────────────
科创半导体ETF华夏(588170)    1.36      1.31    7.9%    多18/空17  停手:无可卖仓且买点不强
特变电工(600089)       19.87     19.60    4.0%    多-7/空83  停手:无可卖仓且买点不强
华工科技(000988)      158.60    153.53    8.6%    多3/空107  停手:无可卖仓且买点不强
拓维信息(002261)       32.20     31.40    9.0%     多6/空22  停手:买卖都不够强
江丰电子(300666)      360.11    345.22   10.2%    多15/空10  停手:无可卖仓且买点不强
14:21:06 [INFO] 🫀 扫描心跳 第298轮开始
14:21:35 [INFO] 🫀 扫描心跳 第299轮开始
14:22:04 [INFO] 🫀 扫描心跳 第300轮开始
14:22:33 [INFO] 🫀 扫描心跳 第301轮开始
14:22:47 [INFO] 
📊 护城河防御面板 第301轮
──────────────────────────────────────────────────────────────────────
科创半导体ETF华夏(588170)    1.36      1.31    7.9%    多18/空17  停手:无可卖仓且买点不强
特变电工(600089)       19.87     19.60    4.0%    多-7/空83  停手:无可卖仓且买点不强
华工科技(000988)      158.60    153.53    8.6%    多3/空107  停手:无可卖仓且买点不强
拓维信息(002261)       32.20     31.40    9.0%     多6/空22  停手:买卖都不够强
江丰电子(300666)      360.77    345.74   10.2%    多20/空35  停手:无可卖仓且买点不强
14:23:02 [INFO] 🫀 扫描心跳 第302轮开始
14:23:31 [INFO] 🫀 扫描心跳 第303轮开始
14:23:58 [INFO] 🫀 扫描心跳 第304轮开始
14:24:44 [INFO] 🫀 扫描心跳 第305轮开始
14:24:58 [INFO] 
📊 护城河防御面板 第305轮
──────────────────────────────────────────────────────────────────────
科创半导体ETF华夏(588170)    1.36      1.31    7.9%    多-3/空17  停手:无可卖仓且买点不强
特变电工(600089)       19.88     19.61    4.0%    多-9/空68  停手:无可卖仓且买点不强
华工科技(000988)      158.29    153.73    8.6%   多14/空123  停手:无可卖仓且买点不强
拓维信息(002261)       32.01     31.42    9.0%    多16/空10  停手:买卖都不够强
江丰电子(300666)      360.49    346.15   10.2%    多-2/空10  停手:无可卖仓且买点不强
14:25:13 [INFO] 🫀 扫描心跳 第306轮开始
14:25:42 [INFO] 🫀 扫描心跳 第307轮开始
14:26:10 [INFO] 🫀 扫描心跳 第308轮开始
14:26:38 [INFO] 🫀 扫描心跳 第309轮开始
14:26:51 [INFO] 
📊 护城河防御面板 第309轮
──────────────────────────────────────────────────────────────────────
科创半导体ETF华夏(588170)    1.36      1.31    7.9%    多-3/空17  停手:无可卖仓且买点不强
特变电工(600089)       19.88     19.61    4.0%    多-9/空68  停手:无可卖仓且买点不强
华工科技(000988)      158.29    153.73    8.6%   多14/空123  停手:无可卖仓且买点不强
拓维信息(002261)       32.01     31.42    9.0%    多16/空10  停手:买卖都不够强
江丰电子(300666)      360.49    346.15   10.2%    多-2/空10  停手:无可卖仓且买点不强
14:27:06 [INFO] 🫀 扫描心跳 第310轮开始
14:27:34 [INFO] 🫀 扫描心跳 第311轮开始
14:28:02 [INFO] 🫀 扫描心跳 第312轮开始
14:28:32 [INFO] 🫀 扫描心跳 第313轮开始
14:28:45 [INFO] 
📊 护城河防御面板 第313轮
──────────────────────────────────────────────────────────────────────
科创半导体ETF华夏(588170)    1.36      1.31    7.9%   多15/空-11  停手:无可卖仓且买点不强
特变电工(600089)       19.91     19.62    4.0%    多-5/空79  停手:无可卖仓且买点不强
华工科技(000988)      158.51    153.87    8.6%    多21/空96  停手:无可卖仓且买点不强
拓维信息(002261)       32.02     31.43    9.0%    多16/空10  停手:买卖都不够强
江丰电子(300666)      362.92    346.74   10.7%    多-2/空35  停手:无可卖仓且买点不强
14:29:00 [INFO] 🫀 扫描心跳 第314轮开始
14:29:28 [INFO] 🫀 扫描心跳 第315轮开始
14:29:57 [INFO] 🫀 扫描心跳 第316轮开始
14:30:26 [INFO] 🫀 扫描心跳 第317轮开始
14:30:41 [INFO] 
📊 护城河防御面板 第317轮
──────────────────────────────────────────────────────────────────────
科创半导体ETF华夏(588170)    1.37      1.32    7.9%    多-1/空30  停手:无可卖仓且买点不强
特变电工(600089)       19.94     19.63    4.0%    多-5/空68  停手:无可卖仓且买点不强
华工科技(000988)      159.39    154.03    8.6%   多17/空124  停手:无可卖仓且买点不强
拓维信息(002261)       32.09     31.45    9.0%    多16/空10  停手:买卖都不够强
江丰电子(300666)      362.92    346.74   10.7%    多-2/空35  停手:无可卖仓且买点不强
14:30:56 [INFO] 🫀 扫描心跳 第318轮开始
14:31:33 [INFO] 🫀 扫描心跳 第319轮开始
14:32:02 [INFO] 🫀 扫描心跳 第320轮开始
14:32:34 [INFO] 🫀 扫描心跳 第321轮开始
14:32:48 [INFO] 
📊 护城河防御面板 第321轮
──────────────────────────────────────────────────────────────────────
科创半导体ETF华夏(588170)    1.37      1.32    7.9%     多5/空26  停手:无可卖仓且买点不强
特变电工(600089)       19.94     19.63    4.0%    多17/空59  停手:无可卖仓且买点不强
华工科技(000988)      159.39    154.03    8.6%     多6/空87  停手:无可卖仓且买点不强
拓维信息(002261)       32.09     31.45    9.0%    多17/空46  可T观察    
江丰电子(300666)      363.00    347.17   10.7%     多6/空35  停手:无可卖仓且买点不强
14:33:03 [INFO] 🫀 扫描心跳 第322轮开始
14:33:31 [INFO] 🫀 扫描心跳 第323轮开始
14:34:01 [INFO] 🫀 扫描心跳 第324轮开始
14:34:29 [INFO] 🫀 扫描心跳 第325轮开始
14:34:44 [INFO] 
📊 护城河防御面板 第325轮
──────────────────────────────────────────────────────────────────────
科创半导体ETF华夏(588170)    1.36      1.32    7.9%    多20/空25  停手:无可卖仓且买点不强
特变电工(600089)       19.91     19.64    4.0%    多-2/空74  停手:无可卖仓且买点不强
华工科技(000988)      159.20    154.18    8.6%    多4/空113  停手:无可卖仓且买点不强
拓维信息(002261)       32.02     31.46    9.0%     多5/空46  可T观察    
江丰电子(300666)      363.10    347.55   10.7%    多28/空35  停手:高位但无明确优势
14:34:59 [INFO] 🫀 扫描心跳 第326轮开始
14:35:27 [INFO] 🫀 扫描心跳 第327轮开始
14:35:55 [INFO] 🫀 扫描心跳 第328轮开始
14:36:22 [INFO] 🫀 扫描心跳 第329轮开始
14:36:36 [INFO] 
📊 护城河防御面板 第329轮
──────────────────────────────────────────────────────────────────────
科创半导体ETF华夏(588170)    1.36      1.32    7.9%    多20/空25  停手:无可卖仓且买点不强
特变电工(600089)       19.91     19.64    4.0%    多-2/空74  停手:无可卖仓且买点不强
华工科技(000988)      159.20    154.18    8.6%    多4/空113  停手:无可卖仓且买点不强
拓维信息(002261)       32.02     31.46    9.0%     多5/空46  可T观察    
江丰电子(300666)      363.10    347.55   10.7%    多28/空35  停手:高位但无明确优势
14:36:51 [INFO] 🫀 扫描心跳 第330轮开始
14:37:20 [INFO] 🫀 扫描心跳 第331轮开始
14:37:49 [INFO] 🫀 扫描心跳 第332轮开始
14:38:17 [INFO] 🫀 扫描心跳 第333轮开始
14:38:31 [INFO] 
📊 护城河防御面板 第333轮
──────────────────────────────────────────────────────────────────────
科创半导体ETF华夏(588170)    1.38      1.32    8.7%     多5/空26  停手:无可卖仓且买点不强
特变电工(600089)       19.93     19.64    4.0%    多13/空59  停手:无可卖仓且买点不强
华工科技(000988)      159.13    154.31    8.6%    多21/空88  停手:无可卖仓且买点不强
拓维信息(002261)       31.92     31.47    9.0%    多25/空39  弱机会     
江丰电子(300666)      364.79    348.00   11.5%     多8/空38  停手:无可卖仓且买点不强
14:38:46 [INFO] 🫀 扫描心跳 第334轮开始
14:39:14 [INFO] 🫀 扫描心跳 第335轮开始
14:39:42 [INFO] 🫀 扫描心跳 第336轮开始
14:40:11 [INFO] 🫀 扫描心跳 第337轮开始
14:40:24 [INFO] 
📊 护城河防御面板 第337轮
──────────────────────────────────────────────────────────────────────
科创半导体ETF华夏(588170)    1.37      1.32    8.7%     多3/空25  停手:无可卖仓且买点不强
特变电工(600089)       19.97     19.65    4.0%     多0/空86  停手:无可卖仓且买点不强
华工科技(000988)      158.94    154.48    8.6%     多4/空90  停手:无可卖仓且买点不强
拓维信息(002261)       32.05     31.49    9.0%    多24/空-6  停手:买卖都不够强
江丰电子(300666)      364.79    348.00   11.5%     多8/空38  停手:无可卖仓且买点不强
14:40:39 [INFO] 🫀 扫描心跳 第338轮开始
14:41:08 [INFO] 🫀 扫描心跳 第339轮开始
14:41:37 [INFO] 🫀 扫描心跳 第340轮开始
14:42:05 [INFO] 🫀 扫描心跳 第341轮开始
14:42:19 [INFO] 
📊 护城河防御面板 第341轮
──────────────────────────────────────────────────────────────────────
科创半导体ETF华夏(588170)    1.37      1.32    8.7%     多3/空25  停手:无可卖仓且买点不强
特变电工(600089)       19.97     19.65    4.0%     多0/空86  停手:无可卖仓且买点不强
华工科技(000988)      158.94    154.48    8.6%     多4/空90  停手:无可卖仓且买点不强
拓维信息(002261)       32.05     31.49    9.0%    多24/空-6  停手:买卖都不够强
江丰电子(300666)      364.76    348.52   11.5%    多42/空25  停手:高位但无明确优势
14:42:34 [INFO] 🫀 扫描心跳 第342轮开始
14:43:03 [INFO] 🫀 扫描心跳 第343轮开始
14:43:32 [INFO] 🫀 扫描心跳 第344轮开始
14:44:01 [INFO] 🫀 扫描心跳 第345轮开始
14:44:14 [INFO] 
📊 护城河防御面板 第345轮
──────────────────────────────────────────────────────────────────────
科创半导体ETF华夏(588170)    1.38      1.32    8.8%     多5/空38  停手:无可卖仓且买点不强
特变电工(600089)       20.00     19.66    4.0%     多0/空71  停手:无可卖仓且买点不强
华工科技(000988)      159.00    154.60    8.6%    多22/空75  停手:无可卖仓且买点不强
拓维信息(002261)       32.04     31.50    9.0%     多5/空34  停手:买卖都不够强
江丰电子(300666)      364.76    348.52   11.5%    多42/空25  停手:高位但无明确优势
14:44:29 [INFO] 🫀 扫描心跳 第346轮开始
14:45:00 [INFO] 🫀 扫描心跳 第347轮开始
14:45:29 [INFO] 🫀 扫描心跳 第348轮开始
14:46:00 [INFO] 🫀 扫描心跳 第349轮开始
14:46:16 [INFO] 
📊 护城河防御面板 第349轮
──────────────────────────────────────────────────────────────────────
科创半导体ETF华夏(588170)    1.38      1.32    8.8%     多5/空38  停手:无可卖仓且买点不强
特变电工(600089)       20.00     19.66    4.0%     多0/空71  停手:无可卖仓且买点不强
华工科技(000988)      159.00    154.60    8.6%    多22/空75  停手:无可卖仓且买点不强
拓维信息(002261)       32.04     31.50    9.0%     多5/空34  停手:买卖都不够强
江丰电子(300666)      365.90    348.93   11.5%     多8/空38  停手:无可卖仓且买点不强
14:46:31 [INFO] 🫀 扫描心跳 第350轮开始
14:46:59 [INFO] 🫀 扫描心跳 第351轮开始
14:47:27 [INFO] 🫀 扫描心跳 第352轮开始
14:47:56 [INFO] 🫀 扫描心跳 第353轮开始
14:48:09 [INFO] 
📊 护城河防御面板 第353轮
──────────────────────────────────────────────────────────────────────
科创半导体ETF华夏(588170)    1.39      1.32    9.8%   多-10/空38  停手:无可卖仓且买点不强
特变电工(600089)       20.07     19.67    4.1%    多-9/空69  停手:无可卖仓且买点不强
华工科技(000988)      159.34    154.76    8.6%     多3/空39  停手:无可卖仓且买点不强
拓维信息(002261)       32.02     31.51    9.0%    多-6/空34  停手:买卖都不够强
江丰电子(300666)      366.00    349.47   11.5%    多-9/空50  停手:无可卖仓且买点不强
14:48:24 [INFO] 🫀 扫描心跳 第354轮开始
14:48:51 [INFO] 🫀 扫描心跳 第355轮开始
14:49:18 [INFO] 🫀 扫描心跳 第356轮开始
14:49:46 [INFO] 🫀 扫描心跳 第357轮开始
14:49:58 [INFO] 
📊 护城河防御面板 第357轮
──────────────────────────────────────────────────────────────────────
科创半导体ETF华夏(588170)    1.39      1.32    9.8%   多-10/空38  停手:无可卖仓且买点不强
特变电工(600089)       20.07     19.67    4.1%    多-9/空69  停手:无可卖仓且买点不强
华工科技(000988)      159.34    154.76    8.6%     多3/空39  停手:无可卖仓且买点不强
拓维信息(002261)       32.02     31.51    9.0%    多-6/空34  停手:买卖都不够强
江丰电子(300666)      366.00    349.47   11.5%    多-9/空50  停手:无可卖仓且买点不强
14:50:13 [INFO] 🫀 扫描心跳 第358轮开始
14:50:40 [INFO] 🫀 扫描心跳 第359轮开始
14:51:08 [INFO] 🫀 扫描心跳 第360轮开始
14:51:35 [INFO] 🫀 扫描心跳 第361轮开始
14:51:47 [INFO] 
📊 护城河防御面板 第361轮
──────────────────────────────────────────────────────────────────────
科创半导体ETF华夏(588170)    1.39      1.32    9.8%     多3/空38  停手:无可卖仓且买点不强
特变电工(600089)       20.07     19.68    4.1%   多-11/空69  停手:无可卖仓且买点不强
华工科技(000988)      159.60    154.88    8.6%   多-15/空96  停手:无可卖仓且买点不强
拓维信息(002261)       32.04     31.53    9.0%     多0/空34  停手:买卖都不够强
江丰电子(300666)      365.88    349.85   11.5%    多-9/空50  停手:无可卖仓且买点不强
14:52:02 [INFO] 🫀 扫描心跳 第362轮开始
14:52:30 [INFO] 🫀 扫描心跳 第363轮开始
14:52:57 [INFO] 🫀 扫描心跳 第364轮开始
14:53:24 [INFO] 🫀 扫描心跳 第365轮开始
14:53:37 [INFO] 
📊 护城河防御面板 第365轮
──────────────────────────────────────────────────────────────────────
科创半导体ETF华夏(588170)    1.39      1.33    9.8%     多3/空13  停手:无可卖仓且买点不强
特变电工(600089)       20.04     19.69    4.1%     多4/空63  停手:无可卖仓且买点不强
华工科技(000988)      158.97    154.99    8.6%    多-2/空75  停手:无可卖仓且买点不强
拓维信息(002261)       32.02     31.54    9.0%    多-6/空34  停手:买卖都不够强
江丰电子(300666)      365.88    349.85   11.5%    多-9/空50  停手:无可卖仓且买点不强
14:53:52 [INFO] 🫀 扫描心跳 第366轮开始
14:54:19 [INFO] 🫀 扫描心跳 第367轮开始
14:54:46 [INFO] 🫀 扫描心跳 第368轮开始
14:55:14 [INFO] 
════════════════════ 【尾盘做T盈亏清算】 ════════════════════
💰 今日预估做T总净利润: 0.00 元

════════════════════ 【动作分类汇总】 ════════════════════
低吸 BUY_LOW=0次/0股 | 加仓 ADD_POS=0次/0股
高抛 SELL_HIGH=0次/0股 | 减仓 PANIC_SELL=0次/0股
════════════════════ 【ETF复盘小结】 ════════════════════
ETF 1票 | 有信号 1
科创半导体ETF华夏(588170) 0/0 | 1.39 | VWAP1.33 | +4.47%
════════════════════ 【普通股复盘小结】 ════════════════════
普通股 4票 | 有信号 4
特变电工(600089) 0/0 | 20.04 | VWAP19.69 | +1.78%
华工科技(000988) 0/0 | 158.97 | VWAP154.99 | +2.57%
拓维信息(002261) 0/0 | 32.02 | VWAP31.54 | +1.54%
江丰电子(300666) 0/0 | 365.10 | VWAP350.20 | +4.25%
════════════════════ 【误判因子排行】 ════════════════════
买点偏早: 暂无
卖点偏早: 暂无
漏买: 暂无
漏卖: 暂无
════════════════════ 【误判因子细分】 ════════════════════
买点偏早因子: 暂无
卖点偏早因子: 暂无
漏买因子: 暂无
漏卖因子: 暂无
════════════════════ 【四类动作误判因子】 ════════════════════
低吸 BUY_LOW 偏早: 暂无
低吸 BUY_LOW 未占优: 暂无
加仓 ADD_POS 偏早: 暂无
加仓 ADD_POS 未占优: 暂无
高抛 SELL_HIGH 偏早: 暂无
高抛 SELL_HIGH 未占优: 暂无
跳水 PANIC_SELL 偏早: 暂无
跳水 PANIC_SELL 未占优: 暂无
════════════════════ 【策略最高分复盘数据(喂给AI)】 ════════════════════
科创半导体ETF华夏(588170): 多=113 空=114 振=9.76% 偏=+4.47% 买=0/0 卖=0/0
特变电工(600089): 多=97 空=100 振=4.15% 偏=+1.78% 买=0/0 卖=0/0
华工科技(000988): 多=65 空=139 振=8.60% 偏=+2.57% 买=0/0 卖=0/0
拓维信息(002261): 多=55 空=90 振=8.96% 偏=+1.54% 买=0/0 卖=0/0
江丰电子(300666): 多=104 空=106 振=11.55% 偏=+4.25% 买=0/0 卖=0/0
════════════════════ 【复盘阅读顺序】 ════════════════════
1. sys日志 -> 2. data_quality -> 3. decision_trace
4. shadow_signals -> 5. signal_outcome -> 6. ai_review
════════════════════ 【信号结果追踪汇总】 ════════════════════
正确=0 | 买早=0 | 卖早=0 | 买验证中=0 | 卖验证中=0 | 待定=0
动作分布 BUY_LOW=0 | ADD_POS=0 | SELL_HIGH=0 | PANIC_SELL=0
5分钟胜率=0.0% (0/0) | 15分钟胜率=0.0% (0/0)
一眼摘要：最高频结果=correct(0) | 主要风险=无明显偏差(0) | 影子机会=0
════════════════════════════════════════════════════════════
14:55:14 [WARNING] ⚠️  尾盘复盘飞书推送失败: name 'overview_text' is not defined
14:55:14 [INFO] 🫀 扫描心跳 第369轮开始
14:55:26 [INFO] 
📊 护城河防御面板 第369轮
──────────────────────────────────────────────────────────────────────
科创半导体ETF华夏(588170)    1.39      1.33    9.8%     多3/空13  停手:无可卖仓且买点不强
特变电工(600089)       20.04     19.69    4.1%     多4/空63  停手:无可卖仓且买点不强
华工科技(000988)      158.97    154.99    8.6%    多-2/空75  停手:无可卖仓且买点不强
拓维信息(002261)       32.02     31.54    9.0%    多-6/空34  停手:买卖都不够强
江丰电子(300666)      365.10    350.20   11.5%     多6/空50  停手:无可卖仓且买点不强
14:55:41 [INFO] 🫀 扫描心跳 第370轮开始
14:56:08 [INFO] 🫀 扫描心跳 第371轮开始
14:56:35 [INFO] 🫀 扫描心跳 第372轮开始
14:57:03 [INFO] 🫀 扫描心跳 第373轮开始
14:57:15 [INFO] 
📊 护城河防御面板 第373轮
──────────────────────────────────────────────────────────────────────
科创半导体ETF华夏(588170)    1.39      1.33    9.8%     多7/空26  停手:无可卖仓且买点不强
特变电工(600089)       20.05     19.70    4.1%   多-11/空48  停手:无可卖仓且买点不强
华工科技(000988)      159.00    155.08    8.6%    多18/空60  停手:无可卖仓且买点不强
拓维信息(002261)       31.94     31.54    9.0%     多2/空34  停手:买卖都不够强
江丰电子(300666)      365.10    350.20   11.5%     多6/空50  停手:无可卖仓且买点不强
14:57:30 [INFO] 🫀 扫描心跳 第374轮开始
14:57:58 [INFO] 🫀 扫描心跳 第375轮开始
14:58:25 [INFO] 🫀 扫描心跳 第376轮开始
14:59:08 [INFO] 🫀 扫描心跳 第377轮开始
14:59:20 [INFO] 
📊 护城河防御面板 第377轮
──────────────────────────────────────────────────────────────────────
科创半导体ETF华夏(588170)    1.39      1.33    9.8%     多7/空26  停手:无可卖仓且买点不强
特变电工(600089)       20.05     19.70    4.1%   多-11/空48  停手:无可卖仓且买点不强
华工科技(000988)      159.00    155.08    8.6%    多18/空60  停手:无可卖仓且买点不强
拓维信息(002261)       31.94     31.54    9.0%     多2/空34  停手:买卖都不够强
江丰电子(300666)      364.40    350.53   11.5%     多6/空25  停手:无可卖仓且买点不强
14:59:35 [INFO] 🫀 扫描心跳 第378轮开始
15:00:01 [INFO] ⏸ 非交易时段，进入低频保活
15:10:02 [INFO] ⏸ 非交易时段，进入低频保活
15:20:02 [INFO] ⏸ 非交易时段，进入低频保活
15:30:02 [INFO] ⏸ 非交易时段，进入低频保活
19:20:10 [INFO] ⏸ 非交易时段，进入低频保活
08:15:02 [INFO] ⏸ 非交易时段，进入低频保活
08:24:54 [INFO] 已停止盯盘
