09:22:59 [INFO] 🔄 VIRTUAL_TRADES 日期 2026-07-22 != 今日 2026-07-23，自动重置
09:22:59 [INFO] 🔄 VIRTUAL_TRADES: 无历史记录，全新开始
09:23:04 [WARNING] [index_regime] http 全部2次重试失败，最后错误: ProxyError
09:23:06 [INFO] [index_regime] akshare sh000001 日线失败: ProxyError
09:23:41 [WARNING] ⚠️  当日T策略卡推送第1次发送异常，准备重试: HTTPSConnectionPool(host='open.feishu.cn', port=443): Max retries exceeded with url: /open-apis/bot/
09:24:34 [INFO] 竞价额Top20：涨0/跌0
评分=50分 → 观察
09:24:34 [INFO] ========= 做T终极护城河防御版 (V1.26 正T/反T模式切换版) 启动 =========
09:24:34 [INFO] 飞书推送: ✓ 已启用
09:24:34 [INFO] 飞书关键词: 做T猎手预警
09:24:34 [INFO] 飞书Webhook: https://open.feishu.cn/open-apis/bot/v2/hook/e8018470-e...
09:24:34 [INFO] 🧹 清理过期分钟线缓存 5 个
09:24:34 [INFO] 🔊 系统报警音效已挂载
09:24:36 [WARNING] ⚠️  启动自检飞书推送第1次发送异常，准备重试: HTTPSConnectionPool(host='open.feishu.cn', port=443): Max retries exceeded with url: /open-apis/bot/
09:24:36 [INFO] ⏱ 采用顺序轮询模式：每轮扫描结束后再等待 15 秒（V1.8 确认型收敛）
09:25:03 [INFO] 竞价额Top20：涨0/跌0
评分=50分 → 观察
09:25:05 [WARNING] ⚠️  竞价监控飞书推送第1次发送异常，准备重试: HTTPSConnectionPool(host='open.feishu.cn', port=443): Max retries exceeded with url: /open-apis/bot/
09:25:05 [INFO] 📡 盘前集合竞价监控已刷新
09:25:22 [WARNING] ⚠️  支撑/压力位飞书推送第1次发送异常，准备重试: HTTPSConnectionPool(host='open.feishu.cn', port=443): Max retries exceeded with url: /open-apis/bot/
09:25:39 [WARNING] ⚠️  支撑/压力位飞书推送第1次发送异常，准备重试: HTTPSConnectionPool(host='open.feishu.cn', port=443): Max retries exceeded with url: /open-apis/bot/
09:25:56 [WARNING] ⚠️  支撑/压力位飞书推送第1次发送异常，准备重试: HTTPSConnectionPool(host='open.feishu.cn', port=443): Max retries exceeded with url: /open-apis/bot/
09:26:13 [WARNING] ⚠️  早盘大盘基调推送第1次发送异常，准备重试: HTTPSConnectionPool(host='open.feishu.cn', port=443): Max retries exceeded with url: /open-apis/bot/
09:26:15 [WARNING] ⚠️  支撑/压力位飞书推送第1次发送异常，准备重试: HTTPSConnectionPool(host='open.feishu.cn', port=443): Max retries exceeded with url: /open-apis/bot/
09:26:32 [WARNING] ⚠️  支撑/压力位飞书推送第1次发送异常，准备重试: HTTPSConnectionPool(host='open.feishu.cn', port=443): Max retries exceeded with url: /open-apis/bot/
09:26:45 [INFO] 已停止盯盘
09:33:42 [INFO] 🔄 VIRTUAL_TRADES 日期 2026-07-22 != 今日 2026-07-23，自动重置
09:33:42 [INFO] 🔄 VIRTUAL_TRADES: 无历史记录，全新开始
09:33:47 [WARNING] [index_regime] http 全部2次重试失败，最后错误: ProxyError
09:33:49 [INFO] [index_regime] akshare sh000001 日线失败: ProxyError
09:35:14 [INFO] 竞价额Top20：涨0/跌0
评分=50分 → 观察
09:35:14 [INFO] ========= 做T终极护城河防御版 (V1.26 正T/反T模式切换版) 启动 =========
09:35:14 [INFO] 飞书推送: ✓ 已启用
09:35:14 [INFO] 飞书关键词: 做T猎手预警
09:35:14 [INFO] 飞书Webhook: https://open.feishu.cn/open-apis/bot/v2/hook/e8018470-e...
09:35:14 [INFO] 🔊 系统报警音效已挂载
09:35:40 [INFO] 竞价额Top20：涨0/跌0
评分=50分 → 观察
09:35:42 [WARNING] ⚠️  启动自检飞书推送第1次发送异常，准备重试: HTTPSConnectionPool(host='open.feishu.cn', port=443): Max retries exceeded with url: /open-apis/bot/
09:35:42 [INFO] ⏱ 采用顺序轮询模式：每轮扫描结束后再等待 15 秒（V1.8 确认型收敛）
09:35:42 [INFO] 🫀 扫描心跳 第1轮开始
09:35:51 [WARNING] ⚠️ 大盘分时预警钩子异常（已吞掉，不影响主循环）: live 通道全部失败: live:akshare_sina_failed(ProxyError: HTTPSConnectionPool(host='quotes.sina.cn', port=443): Max retries exce
09:36:18 [INFO] 竞价额Top20：涨0/跌0
评分=50分 → 观察
09:36:26 [WARNING] ⚠️  588170 分钟线获取失败[network_error]: 网络错误: <urlopen error [WinError 10061] 由于目标计算机积极拒绝，无法连接。>
09:36:26 [WARNING] ⚠️  科创半导体ETF华夏(588170) 分钟线为空 [网络错误:网络错误: <urlopen err]
09:36:34 [WARNING] ⚠️  600176 分钟线获取失败[network_error]: 网络错误: <urlopen error [WinError 10061] 由于目标计算机积极拒绝，无法连接。>
09:36:34 [WARNING] ⚠️  中国巨石(600176) 分钟线为空 [网络错误:网络错误: <urlopen err]
09:36:43 [WARNING] ⚠️  600481 分钟线获取失败[network_error]: 网络错误: <urlopen error [WinError 10061] 由于目标计算机积极拒绝，无法连接。>
09:36:43 [WARNING] ⚠️  双良节能(600481) 分钟线为空 [网络错误:网络错误: <urlopen err]
09:36:51 [WARNING] ⚠️  603667 分钟线获取失败[network_error]: 网络错误: <urlopen error [WinError 10061] 由于目标计算机积极拒绝，无法连接。>
09:36:51 [WARNING] ⚠️  五洲新春(603667) 分钟线为空 [网络错误:网络错误: <urlopen err]
09:36:59 [WARNING] ⚠️  000988 分钟线获取失败[network_error]: 网络错误: <urlopen error [WinError 10061] 由于目标计算机积极拒绝，无法连接。>
09:36:59 [WARNING] ⚠️  华工科技(000988) 分钟线为空 [网络错误:网络错误: <urlopen err]
09:36:59 [INFO] 
📊 护城河防御面板 第1轮
──────────────────────────────────────────────────────────────────────
标的                    现价  均价(VWAP)      振幅       多买/空卖评分  状态
科创半导体ETF华夏(588170)       -         -       -             -  分钟线断流(网络错误:网络错误: <urlopen err)
中国巨石(600176)           -         -       -             -  分钟线断流(网络错误:网络错误: <urlopen err)
双良节能(600481)           -         -       -             -  分钟线断流(网络错误:网络错误: <urlopen err)
五洲新春(603667)           -         -       -             -  分钟线断流(网络错误:网络错误: <urlopen err)
华工科技(000988)           -         -       -             -  分钟线断流(网络错误:网络错误: <urlopen err)
09:37:14 [INFO] 🫀 扫描心跳 第2轮开始
09:37:41 [INFO] 竞价额Top20：涨0/跌0
评分=50分 → 观察
09:37:49 [WARNING] ⚠️  588170 分钟线获取失败[network_error]: 网络错误: <urlopen error [WinError 10061] 由于目标计算机积极拒绝，无法连接。>
09:37:49 [WARNING] ⚠️  科创半导体ETF华夏(588170) 分钟线为空 [网络错误:网络错误: <urlopen err]
09:37:57 [WARNING] ⚠️  600176 分钟线获取失败[network_error]: 网络错误: <urlopen error [WinError 10061] 由于目标计算机积极拒绝，无法连接。>
09:37:57 [WARNING] ⚠️  中国巨石(600176) 分钟线为空 [网络错误:网络错误: <urlopen err]
09:38:03 [INFO] 已停止盯盘
09:38:07 [INFO] 🔄 VIRTUAL_TRADES 日期 2026-07-22 != 今日 2026-07-23，自动重置
09:38:07 [INFO] 🔄 VIRTUAL_TRADES: 无历史记录，全新开始
09:38:12 [WARNING] [index_regime] http 全部2次重试失败，最后错误: ProxyError
09:38:14 [INFO] [index_regime] akshare sh000001 日线失败: ProxyError
09:39:39 [INFO] 竞价额Top20：涨0/跌0
评分=50分 → 观察
09:39:39 [INFO] ========= 做T终极护城河防御版 (V1.26 正T/反T模式切换版) 启动 =========
09:39:39 [INFO] 飞书推送: ✓ 已启用
09:39:39 [INFO] 飞书关键词: 做T猎手预警
09:39:39 [INFO] 飞书Webhook: https://open.feishu.cn/open-apis/bot/v2/hook/e8018470-e...
09:39:39 [INFO] 🔊 系统报警音效已挂载
09:40:05 [INFO] 竞价额Top20：涨0/跌0
评分=50分 → 观察
09:40:07 [WARNING] ⚠️  启动自检飞书推送第1次发送异常，准备重试: HTTPSConnectionPool(host='open.feishu.cn', port=443): Max retries exceeded with url: /open-apis/bot/
09:40:07 [INFO] ⏱ 采用顺序轮询模式：每轮扫描结束后再等待 15 秒（V1.8 确认型收敛）
09:40:07 [INFO] 🫀 扫描心跳 第1轮开始
09:40:17 [WARNING] ⚠️ 大盘分时预警钩子异常（已吞掉，不影响主循环）: live 通道全部失败: live:akshare_sina_failed(ProxyError: HTTPSConnectionPool(host='quotes.sina.cn', port=443): Max retries exce
09:40:42 [INFO] 竞价额Top20：涨0/跌0
评分=50分 → 观察
09:40:50 [WARNING] ⚠️  588170 分钟线获取失败[network_error]: 网络错误: <urlopen error [WinError 10061] 由于目标计算机积极拒绝，无法连接。>
09:40:50 [WARNING] ⚠️  科创半导体ETF华夏(588170) 分钟线为空 [网络错误:网络错误: <urlopen err]
09:40:58 [WARNING] ⚠️  600176 分钟线获取失败[network_error]: 网络错误: <urlopen error [WinError 10061] 由于目标计算机积极拒绝，无法连接。>
09:40:58 [WARNING] ⚠️  中国巨石(600176) 分钟线为空 [网络错误:网络错误: <urlopen err]
09:41:07 [WARNING] ⚠️  600481 分钟线获取失败[network_error]: 网络错误: <urlopen error [WinError 10061] 由于目标计算机积极拒绝，无法连接。>
09:41:07 [WARNING] ⚠️  双良节能(600481) 分钟线为空 [网络错误:网络错误: <urlopen err]
09:41:12 [INFO] 已停止盯盘
09:45:16 [INFO] 🔄 VIRTUAL_TRADES 日期 2026-07-22 != 今日 2026-07-23，自动重置
09:45:16 [INFO] 🔄 VIRTUAL_TRADES: 无历史记录，全新开始
09:45:21 [WARNING] [index_regime] http 全部2次重试失败，最后错误: ProxyError
09:45:23 [INFO] [index_regime] akshare sh000001 日线失败: ProxyError
09:46:16 [INFO] 竞价额Top20：涨0/跌0
评分=50分 → 观察
09:46:16 [INFO] ========= 做T终极护城河防御版 (V1.26 正T/反T模式切换版) 启动 =========
09:46:16 [INFO] 飞书推送: ✓ 已启用
09:46:16 [INFO] 飞书关键词: 做T猎手预警
09:46:16 [INFO] 飞书Webhook: https://open.feishu.cn/open-apis/bot/v2/hook/e8018470-e...
09:46:16 [INFO] 🔊 系统报警音效已挂载
09:46:42 [INFO] 竞价额Top20：涨0/跌0
评分=50分 → 观察
09:46:44 [WARNING] ⚠️  启动自检飞书推送第1次发送异常，准备重试: HTTPSConnectionPool(host='open.feishu.cn', port=443): Max retries exceeded with url: /open-apis/bot/
09:46:44 [INFO] ⏱ 采用顺序轮询模式：每轮扫描结束后再等待 15 秒（V1.8 确认型收敛）
09:46:44 [INFO] 🫀 扫描心跳 第1轮开始
09:47:16 [INFO] 竞价额Top20：涨0/跌0
评分=50分 → 观察
09:47:39 [INFO] 🎯 000988 市场状态: normal | 综合判断：正常状态
09:47:39 [INFO] 🛑 大盘熔断/仓控阻断 000988: normal / data_unavailable
09:47:39 [INFO] 📉 000988 卖出信号得分43分，低于10:00前阈值75分，静默处理（不推送飞书）
09:47:39 [INFO] 🛑 000988 受大盘熔断/仓控阻断，跳过交易记录
09:47:39 [INFO] 
📊 护城河防御面板 第1轮
──────────────────────────────────────────────────────────────────────
标的                    现价  均价(VWAP)      振幅       多买/空卖评分  状态
科创半导体ETF华夏(588170)    1.01      1.02    2.6%   多23.5/空16.1  无信号     
中国巨石(600176)       39.53     39.41    3.5%   多33.0/空32.7  弱机会     
双良节能(600481)        3.81      3.80    1.6%   多35.3/空37.5  弱机会     
五洲新春(603667)       52.43     52.29    1.8%   多32.2/空31.6  弱机会     
华工科技(000988)      115.77    113.67    3.5%   多36.6/空42.8  弱机会|SELL_HIGH
09:47:54 [INFO] 🫀 扫描心跳 第2轮开始
09:48:19 [INFO] 竞价额Top20：涨0/跌0
评分=50分 → 观察
09:48:41 [INFO] 🎯 000988 市场状态: normal | 综合判断：正常状态
09:48:41 [INFO] 🛑 大盘熔断/仓控阻断 000988: normal / data_unavailable
09:48:41 [INFO] 📉 000988 卖出信号得分43分，低于10:00前阈值75分，静默处理（不推送飞书）
09:48:41 [INFO] 🛑 000988 受大盘熔断/仓控阻断，跳过交易记录
09:48:56 [INFO] 🫀 扫描心跳 第3轮开始
09:49:23 [INFO] 竞价额Top20：涨0/跌0
评分=50分 → 观察
09:49:43 [INFO] 🔄 VIRTUAL_TRADES 日期 2026-07-22 != 今日 2026-07-23，自动重置
09:49:43 [INFO] 🔄 VIRTUAL_TRADES: 无历史记录，全新开始
09:49:51 [INFO] 🎯 000988 市场状态: normal | 综合判断：正常状态
09:49:51 [INFO] 🛑 大盘熔断/仓控阻断 000988: normal / data_unavailable
09:49:51 [INFO] 📉 000988 卖出信号得分43分，低于10:00前阈值75分，静默处理（不推送飞书）
09:49:51 [INFO] 🛑 000988 受大盘熔断/仓控阻断，跳过交易记录
09:49:59 [INFO] 🔄 VIRTUAL_TRADES 日期 2026-07-22 != 今日 2026-07-23，自动重置
09:49:59 [INFO] 🔄 VIRTUAL_TRADES: 无历史记录，全新开始
09:50:06 [INFO] 🫀 扫描心跳 第4轮开始
09:50:32 [INFO] 竞价额Top20：涨0/跌0
评分=50分 → 观察
09:51:11 [INFO] 🫀 扫描心跳 第5轮开始
09:51:13 [INFO] 🔄 VIRTUAL_TRADES 日期 2026-07-22 != 今日 2026-07-23，自动重置
09:51:13 [INFO] 🔄 VIRTUAL_TRADES: 无历史记录，全新开始
09:51:37 [INFO] 竞价额Top20：涨0/跌0
评分=50分 → 观察
09:52:03 [INFO] 
📊 护城河防御面板 第5轮
──────────────────────────────────────────────────────────────────────
标的                    现价  均价(VWAP)      振幅       多买/空卖评分  状态
科创半导体ETF华夏(588170)    1.01      1.02    2.6%   多27.6/空15.9  弱机会     
中国巨石(600176)       40.15     39.44    3.7%   多36.3/空35.5  弱机会     
双良节能(600481)        3.83      3.80    1.9%   多37.1/空41.4  弱机会     
五洲新春(603667)       52.94     52.31    1.8%   多35.9/空35.4  弱机会     
华工科技(000988)      115.65    113.78    3.5%   多36.0/空44.0  弱机会     
09:52:18 [INFO] 🫀 扫描心跳 第6轮开始
09:52:50 [INFO] 竞价额Top20：涨0/跌0
评分=50分 → 观察
09:52:53 [INFO] 🔄 VIRTUAL_TRADES 日期 2026-07-22 != 今日 2026-07-23，自动重置
09:52:53 [INFO] 🔄 VIRTUAL_TRADES: 无历史记录，全新开始
09:53:27 [INFO] 🫀 扫描心跳 第7轮开始
09:53:53 [INFO] 竞价额Top20：涨0/跌0
评分=50分 → 观察
09:54:31 [INFO] 🫀 扫描心跳 第8轮开始
09:54:57 [INFO] 竞价额Top20：涨0/跌0
评分=50分 → 观察
10:02:20 [INFO] 已停止盯盘
10:02:24 [INFO] 🔄 VIRTUAL_TRADES 日期 2026-07-22 != 今日 2026-07-23，自动重置
10:02:24 [INFO] 🔄 VIRTUAL_TRADES: 无历史记录，全新开始
10:06:27 [INFO] 竞价额Top20：涨9/跌11
评分=45分 → 观察
10:06:29 [INFO] ✅ 早盘竞价分析已推送飞书
10:06:29 [INFO] ========= 做T终极护城河防御版 (V1.26 正T/反T模式切换版) 启动 =========
10:06:29 [INFO] 飞书推送: ✓ 已启用
10:06:29 [INFO] 飞书关键词: 做T猎手预警
10:06:29 [INFO] 飞书Webhook: https://open.feishu.cn/open-apis/bot/v2/hook/e8018470-e...
10:06:29 [INFO] 🔊 系统报警音效已挂载
10:06:29 [INFO] ✅ 启动自检飞书消息已成功送达
10:06:31 [INFO] 🔔 已触发急促报警
10:06:31 [INFO] ⏱ 采用顺序轮询模式：每轮扫描结束后再等待 15 秒（V1.8 确认型收敛）
10:06:31 [INFO] 🫀 扫描心跳 第1轮开始
10:08:08 [INFO] 🎯 588170 市场状态: normal | 综合判断：正常状态
10:08:08 [INFO] 📊 动态份数 588170: 状态=normal 信号强度46/阈值35, 建议交易1600股/份 (40%)
10:08:08 [INFO] 📉 588170 卖出信号得分46分，低于10:00后阈值65分，静默处理（不推送飞书）
10:09:31 [INFO] 🎯 600176 市场状态: normal | 综合判断：正常状态
10:09:31 [INFO] 📊 动态份数 600176: 状态=normal 信号强度46/阈值35, 建议交易100股/份 (33%)
10:09:31 [INFO] 📉 600176 卖出信号得分46分，低于10:00后阈值65分，静默处理（不推送飞书）
10:12:39 [INFO] 🎯 603667 市场状态: normal | 综合判断：正常状态
10:12:39 [INFO] 📊 动态份数 603667: 状态=normal 信号强度45/阈值35, 建议交易100股/份 (25%)
10:12:39 [INFO] 📉 603667 卖出信号得分45分，低于10:00后阈值65分，静默处理（不推送飞书）
10:14:04 [INFO] 🎯 000988 市场状态: normal | 综合判断：正常状态
10:14:04 [INFO] 📊 动态份数 000988: 状态=normal 信号强度45/阈值35, 建议交易100股/份 (33%)
10:14:04 [INFO] 📉 000988 卖出信号得分45分，低于10:00后阈值65分，静默处理（不推送飞书）
10:14:04 [INFO] 
📊 护城河防御面板 第1轮
──────────────────────────────────────────────────────────────────────
标的                    现价  均价(VWAP)      振幅       多买/空卖评分  状态
科创半导体ETF华夏(588170)    0.99      1.02    4.3%   多27.3/空45.9  可T观察|SELL_HIGH
中国巨石(600176)       39.43   3969.50    5.1%   多22.7/空45.6  可T观察|SELL_HIGH
双良节能(600481)        3.88    383.11    3.2%     多nan/空nan  无信号     
五洲新春(603667)       52.61   5246.78    2.3%   多10.8/空45.1  可T观察|SELL_HIGH
华工科技(000988)      114.61  11465.89    4.6%   多26.1/空45.2  可T观察|SELL_HIGH
10:14:19 [INFO] 🫀 扫描心跳 第2轮开始
10:19:06 [INFO] 🎯 600481 市场状态: normal | 综合判断：正常状态
10:19:06 [INFO] 📊 动态份数 600481: 状态=normal 信号强度46/阈值35, 建议交易500股/份 (36%)
10:19:06 [INFO] 📉 600481 卖出信号得分46分，低于10:00后阈值65分，静默处理（不推送飞书）
10:22:21 [INFO] 🫀 扫描心跳 第3轮开始
10:26:36 [INFO] 已停止盯盘
10:26:40 [INFO] 🔄 已恢复 VIRTUAL_TRADES: 5 只股票, 5 笔卖出, 0 笔买入
10:30:48 [INFO] 竞价额Top20：涨7/跌13
评分=35分 → 回避
10:30:50 [INFO] ✅ 早盘竞价分析已推送飞书
10:30:50 [INFO] ========= 做T终极护城河防御版 (V1.26 正T/反T模式切换版) 启动 =========
10:30:50 [INFO] 飞书推送: ✓ 已启用
10:30:50 [INFO] 飞书关键词: 做T猎手预警
10:30:50 [INFO] 飞书Webhook: https://open.feishu.cn/open-apis/bot/v2/hook/e8018470-e...
10:30:50 [INFO] 🔊 系统报警音效已挂载
10:30:51 [INFO] ✅ 启动自检飞书消息已成功送达
10:30:52 [INFO] 🔔 已触发急促报警
10:30:52 [INFO] ⏱ 采用顺序轮询模式：每轮扫描结束后再等待 15 秒（V1.8 确认型收敛）
10:30:52 [INFO] 🫀 扫描心跳 第1轮开始
10:32:32 [INFO] 🎯 588170 市场状态: normal | 综合判断：正常状态
10:32:32 [INFO] 📊 动态份数 588170: 状态=normal 信号强度45/阈值35, 建议交易400股/份 (10%)
10:32:32 [INFO] 📉 588170 卖出信号得分45分，低于10:00后阈值65分，静默处理（不推送飞书）
10:34:32 [INFO] 🎯 600176 市场状态: normal | 综合判断：正常状态
10:34:32 [INFO] 📊 动态份数 600176: 状态=normal 信号强度45/阈值35, 建议交易100股/份 (33%)
10:34:32 [INFO] 📉 600176 卖出信号得分45分，低于10:00后阈值65分，静默处理（不推送飞书）
10:39:16 [INFO] 🎯 000988 市场状态: normal | 综合判断：正常状态
10:39:16 [INFO] 📊 动态份数 000988: 状态=normal 信号强度45/阈值35, 建议交易100股/份 (33%)
10:39:16 [INFO] 📉 000988 卖出信号得分45分，低于10:00后阈值65分，静默处理（不推送飞书）
10:39:16 [INFO] 
📊 护城河防御面板 第1轮
──────────────────────────────────────────────────────────────────────
标的                    现价  均价(VWAP)      振幅       多买/空卖评分  状态
科创半导体ETF华夏(588170)    0.98      1.01    5.6%    多5.7/空45.0  可T观察|SELL_HIGH
中国巨石(600176)       38.96     39.62    5.1%   多12.2/空45.2  可T观察|SELL_HIGH
双良节能(600481)        3.88      3.84    3.7%     多nan/空nan  无信号     
五洲新春(603667)       53.15     52.64    2.9%   多33.3/空65.1  强可T     
华工科技(000988)      113.85    114.49    4.6%   多19.2/空45.1  可T观察|SELL_HIGH
10:39:31 [INFO] 🫀 扫描心跳 第2轮开始
10:47:47 [INFO] 🫀 扫描心跳 第3轮开始
10:53:51 [INFO] 🎯 603667 市场状态: normal | 综合判断：正常状态
10:53:51 [INFO] 📊 动态份数 603667: 状态=normal 信号强度64/阈值35, 建议交易100股/份 (25%)
10:53:51 [INFO] 📉 603667 卖出信号得分64分，低于10:00后阈值65分，静默处理（不推送飞书）
10:55:46 [INFO] 🫀 扫描心跳 第4轮开始
11:05:22 [INFO] 🫀 扫描心跳 第5轮开始
11:06:53 [INFO] 🎯 588170 市场状态: normal | 综合判断：正常状态
11:06:53 [INFO] 📊 动态份数 588170: 状态=normal 信号强度45/阈值35, 建议交易400股/份 (10%)
11:06:53 [INFO] 📉 588170 卖出信号得分45分，低于10:00后阈值65分，静默处理（不推送飞书）
11:08:39 [INFO] 🎯 600176 市场状态: normal | 综合判断：正常状态
11:08:39 [INFO] 🛑 大盘熔断/仓控阻断 600176: defensive / defensive_t
11:08:39 [INFO] 📉 600176 卖出信号得分45分，低于10:00后阈值65分，静默处理（不推送飞书）
11:08:39 [INFO] 🛑 600176 受大盘熔断/仓控阻断，跳过交易记录
11:10:12 [INFO] 🎯 600481 市场状态: normal | 综合判断：正常状态
11:10:12 [INFO] 📊 动态份数 600481: 状态=normal 信号强度52/阈值35, 建议交易100股/份 (7%)
11:10:12 [INFO] 📉 600481 卖出信号得分52分，低于10:00后阈值65分，静默处理（不推送飞书）
11:13:19 [INFO] 🎯 000988 市场状态: normal | 综合判断：正常状态
11:13:19 [INFO] 🛑 大盘熔断/仓控阻断 000988: defensive / defensive_t
11:13:19 [INFO] 📉 000988 卖出信号得分45分，低于10:00后阈值65分，静默处理（不推送飞书）
11:13:19 [INFO] 🛑 000988 受大盘熔断/仓控阻断，跳过交易记录
11:13:19 [INFO] 
📊 护城河防御面板 第5轮
──────────────────────────────────────────────────────────────────────
标的                    现价  均价(VWAP)      振幅       多买/空卖评分  状态
科创半导体ETF华夏(588170)    0.97      1.01    6.1%   多26.9/空45.3  可T观察|SELL_HIGH
中国巨石(600176)       38.65     39.50    5.4%   多19.3/空45.0  可T观察|SELL_HIGH
双良节能(600481)        3.85      3.85    3.7%   多32.1/空51.5  可T观察|SELL_HIGH
五洲新春(603667)       52.54     52.66    2.9%   多38.3/空46.6  可T观察    
华工科技(000988)      111.45    114.10    5.1%   多13.0/空45.1  可T观察|SELL_HIGH
11:13:34 [INFO] 🫀 扫描心跳 第6轮开始
11:26:48 [INFO] 🎯 600176 市场状态: normal | 综合判断：正常状态
11:26:48 [INFO] 🛑 大盘熔断/仓控阻断 600176: defensive / defensive_t
11:26:48 [INFO] 📉 600176 卖出信号得分45分，低于10:00后阈值65分，静默处理（不推送飞书）
11:26:48 [INFO] 🛑 600176 受大盘熔断/仓控阻断，跳过交易记录
11:31:28 [INFO] 🎯 603667 市场状态: normal | 综合判断：正常状态
11:31:28 [INFO] 🛑 大盘熔断/仓控阻断 603667: defensive / defensive_t
11:31:28 [INFO] 📉 603667 卖出信号得分46分，低于10:00后阈值65分，静默处理（不推送飞书）
11:31:28 [INFO] 🛑 603667 受大盘熔断/仓控阻断，跳过交易记录
11:34:24 [INFO] 🎯 000988 市场状态: normal | 综合判断：正常状态
11:34:24 [INFO] 🛑 大盘熔断/仓控阻断 000988: defensive / defensive_t
11:34:24 [INFO] 📉 000988 卖出信号得分45分，低于10:00后阈值65分，静默处理（不推送飞书）
11:34:24 [INFO] 🛑 000988 受大盘熔断/仓控阻断，跳过交易记录
11:34:39 [INFO] ⏸ 非交易时段，进入低频保活
11:44:39 [INFO] ⏸ 非交易时段，进入低频保活
11:54:39 [INFO] ⏸ 非交易时段，进入低频保活
12:04:39 [INFO] ⏸ 非交易时段，进入低频保活
12:14:39 [INFO] ⏸ 非交易时段，进入低频保活
12:24:39 [INFO] ⏸ 非交易时段，进入低频保活
12:34:39 [INFO] ⏸ 非交易时段，进入低频保活
12:44:39 [INFO] ⏸ 非交易时段，进入低频保活
12:54:40 [INFO] ⏸ 非交易时段，进入低频保活
13:00:10 [INFO] 🫀 扫描心跳 第7轮开始
13:04:23 [INFO] 🎯 600176 市场状态: normal | 综合判断：正常状态
13:04:23 [INFO] 🛑 大盘熔断/仓控阻断 600176: defensive / defensive_t
13:04:23 [INFO] 📉 600176 卖出信号得分45分，低于10:00后阈值65分，静默处理（不推送飞书）
13:04:23 [INFO] 🛑 600176 受大盘熔断/仓控阻断，跳过交易记录
13:07:10 [INFO] 🎯 603667 市场状态: normal | 综合判断：正常状态
13:07:10 [INFO] 🛑 大盘熔断/仓控阻断 603667: defensive / defensive_t
13:07:10 [INFO] 📉 603667 卖出信号得分46分，低于10:00后阈值65分，静默处理（不推送飞书）
13:07:10 [INFO] 🛑 603667 受大盘熔断/仓控阻断，跳过交易记录
13:08:28 [INFO] 🎯 000988 市场状态: normal | 综合判断：正常状态
13:08:28 [INFO] 🛑 大盘熔断/仓控阻断 000988: defensive / defensive_t
13:08:28 [INFO] 📉 000988 卖出信号得分45分，低于10:00后阈值65分，静默处理（不推送飞书）
13:08:28 [INFO] 🛑 000988 受大盘熔断/仓控阻断，跳过交易记录
13:08:43 [INFO] 🫀 扫描心跳 第8轮开始
13:09:59 [INFO] 🎯 588170 市场状态: normal | 综合判断：正常状态
13:09:59 [INFO] 📊 动态份数 588170: 状态=normal 信号强度44/阈值35, 建议交易200股/份 (5%)
13:09:59 [INFO] 📉 588170 卖出信号得分44分，低于10:00后阈值65分，静默处理（不推送飞书）
13:10:07 [INFO] 🎯 600176 市场状态: normal | 综合判断：正常状态
13:10:07 [INFO] 🛑 大盘熔断/仓控阻断 600176: defensive / defensive_t
13:10:07 [INFO] 📉 600176 卖出信号得分45分，低于10:00后阈值65分，静默处理（不推送飞书）
13:10:07 [INFO] 🛑 600176 受大盘熔断/仓控阻断，跳过交易记录
13:10:11 [INFO] 🎯 603667 市场状态: normal | 综合判断：正常状态
13:10:11 [INFO] 🛑 大盘熔断/仓控阻断 603667: defensive / defensive_t
13:10:11 [INFO] 📉 603667 卖出信号得分58分，低于10:00后阈值65分，静默处理（不推送飞书）
13:10:11 [INFO] 🛑 603667 受大盘熔断/仓控阻断，跳过交易记录
13:10:14 [INFO] 🎯 000988 市场状态: normal | 综合判断：正常状态
13:10:14 [INFO] 🛑 大盘熔断/仓控阻断 000988: defensive / defensive_t
13:10:14 [INFO] 📉 000988 卖出信号得分45分，低于10:00后阈值65分，静默处理（不推送飞书）
13:10:14 [INFO] 🛑 000988 受大盘熔断/仓控阻断，跳过交易记录
13:10:29 [INFO] 🫀 扫描心跳 第9轮开始
13:10:33 [INFO] 🎯 600176 市场状态: normal | 综合判断：正常状态
13:10:33 [INFO] 🛑 大盘熔断/仓控阻断 600176: defensive / defensive_t
13:10:33 [INFO] 📉 600176 卖出信号得分45分，低于10:00后阈值65分，静默处理（不推送飞书）
13:10:33 [INFO] 🛑 600176 受大盘熔断/仓控阻断，跳过交易记录
13:10:36 [INFO] 🎯 603667 市场状态: normal | 综合判断：正常状态
13:10:36 [INFO] 🛑 大盘熔断/仓控阻断 603667: defensive / defensive_t
13:10:36 [INFO] 📉 603667 卖出信号得分58分，低于10:00后阈值65分，静默处理（不推送飞书）
13:10:36 [INFO] 🛑 603667 受大盘熔断/仓控阻断，跳过交易记录
13:10:38 [INFO] 🎯 000988 市场状态: normal | 综合判断：正常状态
13:10:38 [INFO] 🛑 大盘熔断/仓控阻断 000988: defensive / defensive_t
13:10:38 [INFO] 📉 000988 卖出信号得分45分，低于10:00后阈值65分，静默处理（不推送飞书）
13:10:38 [INFO] 🛑 000988 受大盘熔断/仓控阻断，跳过交易记录
13:10:38 [INFO] 
📊 护城河防御面板 第9轮
──────────────────────────────────────────────────────────────────────
标的                    现价  均价(VWAP)      振幅       多买/空卖评分  状态
科创半导体ETF华夏(588170)    0.99      1.00    6.4%   多17.7/空44.5  弱机会     
中国巨石(600176)       38.86     39.42    6.2%   多19.5/空44.7  停手:当日轮次已满|SELL_HIGH
双良节能(600481)        3.90      3.85    3.7%   多25.1/空64.9  可T观察    
五洲新春(603667)       52.75     52.66    2.9%   多30.5/空57.7  停手:当日轮次已满|SELL_HIGH
华工科技(000988)      112.84    113.94    5.1%   多17.2/空45.1  停手:当日轮次已满|SELL_HIGH
13:10:53 [INFO] 🫀 扫描心跳 第10轮开始
13:10:56 [INFO] 🎯 600176 市场状态: normal | 综合判断：正常状态
13:10:56 [INFO] 🛑 大盘熔断/仓控阻断 600176: defensive / defensive_t
13:10:56 [INFO] 📉 600176 卖出信号得分45分，低于10:00后阈值65分，静默处理（不推送飞书）
13:10:56 [INFO] 🛑 600176 受大盘熔断/仓控阻断，跳过交易记录
13:11:00 [INFO] 🎯 603667 市场状态: normal | 综合判断：正常状态
13:11:00 [INFO] 🛑 大盘熔断/仓控阻断 603667: defensive / defensive_t
13:11:00 [INFO] 📉 603667 卖出信号得分58分，低于10:00后阈值65分，静默处理（不推送飞书）
13:11:00 [INFO] 🛑 603667 受大盘熔断/仓控阻断，跳过交易记录
13:11:09 [INFO] 🎯 000988 市场状态: normal | 综合判断：正常状态
13:11:09 [INFO] 🛑 大盘熔断/仓控阻断 000988: defensive / defensive_t
13:11:09 [INFO] 📉 000988 卖出信号得分45分，低于10:00后阈值65分，静默处理（不推送飞书）
13:11:09 [INFO] 🛑 000988 受大盘熔断/仓控阻断，跳过交易记录
13:11:24 [INFO] 🫀 扫描心跳 第11轮开始
13:11:28 [INFO] 🎯 600176 市场状态: normal | 综合判断：正常状态
13:11:28 [INFO] 🛑 大盘熔断/仓控阻断 600176: defensive / defensive_t
13:11:28 [INFO] 📉 600176 卖出信号得分45分，低于10:00后阈值65分，静默处理（不推送飞书）
13:11:28 [INFO] 🛑 600176 受大盘熔断/仓控阻断，跳过交易记录
13:11:31 [INFO] 🎯 603667 市场状态: normal | 综合判断：正常状态
13:11:31 [INFO] 🛑 大盘熔断/仓控阻断 603667: defensive / defensive_t
13:11:31 [INFO] 📉 603667 卖出信号得分58分，低于10:00后阈值65分，静默处理（不推送飞书）
13:11:31 [INFO] 🛑 603667 受大盘熔断/仓控阻断，跳过交易记录
13:11:33 [INFO] 🎯 000988 市场状态: normal | 综合判断：正常状态
13:11:33 [INFO] 🛑 大盘熔断/仓控阻断 000988: defensive / defensive_t
13:11:33 [INFO] 📉 000988 卖出信号得分45分，低于10:00后阈值65分，静默处理（不推送飞书）
13:11:33 [INFO] 🛑 000988 受大盘熔断/仓控阻断，跳过交易记录
13:11:48 [INFO] 🫀 扫描心跳 第12轮开始
13:11:52 [INFO] 🎯 600176 市场状态: normal | 综合判断：正常状态
13:11:52 [INFO] 🛑 大盘熔断/仓控阻断 600176: defensive / defensive_t
13:11:52 [INFO] 📉 600176 卖出信号得分45分，低于10:00后阈值65分，静默处理（不推送飞书）
13:11:52 [INFO] 🛑 600176 受大盘熔断/仓控阻断，跳过交易记录
13:11:57 [INFO] 🎯 603667 市场状态: normal | 综合判断：正常状态
13:11:57 [INFO] 🛑 大盘熔断/仓控阻断 603667: defensive / defensive_t
13:11:57 [INFO] 📉 603667 卖出信号得分58分，低于10:00后阈值65分，静默处理（不推送飞书）
13:11:57 [INFO] 🛑 603667 受大盘熔断/仓控阻断，跳过交易记录
13:11:59 [INFO] 🎯 000988 市场状态: normal | 综合判断：正常状态
13:11:59 [INFO] 🛑 大盘熔断/仓控阻断 000988: defensive / defensive_t
13:11:59 [INFO] 📉 000988 卖出信号得分45分，低于10:00后阈值65分，静默处理（不推送飞书）
13:11:59 [INFO] 🛑 000988 受大盘熔断/仓控阻断，跳过交易记录
13:12:14 [INFO] 🫀 扫描心跳 第13轮开始
13:12:24 [INFO] 🎯 600176 市场状态: normal | 综合判断：正常状态
13:12:24 [INFO] 🛑 大盘熔断/仓控阻断 600176: defensive / defensive_t
13:12:24 [INFO] 📉 600176 卖出信号得分45分，低于10:00后阈值65分，静默处理（不推送飞书）
13:12:24 [INFO] 🛑 600176 受大盘熔断/仓控阻断，跳过交易记录
13:12:28 [INFO] 🎯 603667 市场状态: normal | 综合判断：正常状态
13:12:28 [INFO] 🛑 大盘熔断/仓控阻断 603667: defensive / defensive_t
13:12:28 [INFO] 📉 603667 卖出信号得分58分，低于10:00后阈值65分，静默处理（不推送飞书）
13:12:28 [INFO] 🛑 603667 受大盘熔断/仓控阻断，跳过交易记录
13:12:29 [INFO] 🎯 000988 市场状态: normal | 综合判断：正常状态
13:12:29 [INFO] 🛑 大盘熔断/仓控阻断 000988: defensive / defensive_t
13:12:29 [INFO] 📉 000988 卖出信号得分45分，低于10:00后阈值65分，静默处理（不推送飞书）
13:12:29 [INFO] 🛑 000988 受大盘熔断/仓控阻断，跳过交易记录
13:12:29 [INFO] 
📊 护城河防御面板 第13轮
──────────────────────────────────────────────────────────────────────
标的                    现价  均价(VWAP)      振幅       多买/空卖评分  状态
科创半导体ETF华夏(588170)    0.99      1.00    6.4%   多17.1/空57.6  可T观察    
中国巨石(600176)       38.86     39.42    6.2%   多19.5/空44.7  停手:当日轮次已满|SELL_HIGH
双良节能(600481)        3.90      3.85    3.7%   多25.1/空64.9  可T观察    
五洲新春(603667)       52.75     52.66    2.9%   多30.5/空57.7  停手:当日轮次已满|SELL_HIGH
华工科技(000988)      112.84    113.94    5.1%   多17.2/空45.1  停手:当日轮次已满|SELL_HIGH
13:12:44 [INFO] 🫀 扫描心跳 第14轮开始
13:12:48 [INFO] 🎯 600176 市场状态: normal | 综合判断：正常状态
13:12:48 [INFO] 🛑 大盘熔断/仓控阻断 600176: defensive / defensive_t
13:12:48 [INFO] 📉 600176 卖出信号得分45分，低于10:00后阈值65分，静默处理（不推送飞书）
13:12:48 [INFO] 🛑 600176 受大盘熔断/仓控阻断，跳过交易记录
13:12:52 [INFO] 🎯 603667 市场状态: normal | 综合判断：正常状态
13:12:52 [INFO] 🛑 大盘熔断/仓控阻断 603667: defensive / defensive_t
13:12:52 [INFO] 📉 603667 卖出信号得分58分，低于10:00后阈值65分，静默处理（不推送飞书）
13:12:52 [INFO] 🛑 603667 受大盘熔断/仓控阻断，跳过交易记录
13:12:54 [INFO] 🎯 000988 市场状态: normal | 综合判断：正常状态
13:12:54 [INFO] 🛑 大盘熔断/仓控阻断 000988: defensive / defensive_t
13:12:54 [INFO] 📉 000988 卖出信号得分45分，低于10:00后阈值65分，静默处理（不推送飞书）
13:12:54 [INFO] 🛑 000988 受大盘熔断/仓控阻断，跳过交易记录
13:13:09 [INFO] 🫀 扫描心跳 第15轮开始
13:13:13 [INFO] 🎯 600176 市场状态: normal | 综合判断：正常状态
13:13:13 [INFO] 🛑 大盘熔断/仓控阻断 600176: defensive / defensive_t
13:13:13 [INFO] 📉 600176 卖出信号得分53分，低于10:00后阈值65分，静默处理（不推送飞书）
13:13:13 [INFO] 🛑 600176 受大盘熔断/仓控阻断，跳过交易记录
13:13:25 [INFO] 🎯 603667 市场状态: normal | 综合判断：正常状态
13:13:25 [INFO] 🛑 大盘熔断/仓控阻断 603667: defensive / defensive_t
13:13:25 [INFO] 📉 603667 卖出信号得分61分，低于10:00后阈值65分，静默处理（不推送飞书）
13:13:25 [INFO] 🛑 603667 受大盘熔断/仓控阻断，跳过交易记录
13:13:27 [INFO] 🎯 000988 市场状态: normal | 综合判断：正常状态
13:13:27 [INFO] 🛑 大盘熔断/仓控阻断 000988: defensive / defensive_t
13:13:27 [INFO] 📉 000988 卖出信号得分53分，低于10:00后阈值65分，静默处理（不推送飞书）
13:13:27 [INFO] 🛑 000988 受大盘熔断/仓控阻断，跳过交易记录
13:13:42 [INFO] 🫀 扫描心跳 第16轮开始
13:13:46 [INFO] 🎯 600176 市场状态: normal | 综合判断：正常状态
13:13:46 [INFO] 🛑 大盘熔断/仓控阻断 600176: defensive / defensive_t
13:13:46 [INFO] 📉 600176 卖出信号得分53分，低于10:00后阈值65分，静默处理（不推送飞书）
13:13:46 [INFO] 🛑 600176 受大盘熔断/仓控阻断，跳过交易记录
13:13:51 [INFO] 🎯 603667 市场状态: normal | 综合判断：正常状态
13:13:51 [INFO] 🛑 大盘熔断/仓控阻断 603667: defensive / defensive_t
13:13:51 [INFO] 📉 603667 卖出信号得分61分，低于10:00后阈值65分，静默处理（不推送飞书）
13:13:51 [INFO] 🛑 603667 受大盘熔断/仓控阻断，跳过交易记录
13:13:53 [INFO] 🎯 000988 市场状态: normal | 综合判断：正常状态
13:13:53 [INFO] 🛑 大盘熔断/仓控阻断 000988: defensive / defensive_t
13:13:53 [INFO] 📉 000988 卖出信号得分53分，低于10:00后阈值65分，静默处理（不推送飞书）
13:13:53 [INFO] 🛑 000988 受大盘熔断/仓控阻断，跳过交易记录
13:14:08 [INFO] 🫀 扫描心跳 第17轮开始
13:14:13 [INFO] 🎯 600176 市场状态: normal | 综合判断：正常状态
13:14:13 [INFO] 🛑 大盘熔断/仓控阻断 600176: defensive / defensive_t
13:14:13 [INFO] 📉 600176 卖出信号得分53分，低于10:00后阈值65分，静默处理（不推送飞书）
13:14:13 [INFO] 🛑 600176 受大盘熔断/仓控阻断，跳过交易记录
13:14:17 [INFO] 🎯 603667 市场状态: normal | 综合判断：正常状态
13:14:17 [INFO] 🛑 大盘熔断/仓控阻断 603667: defensive / defensive_t
13:14:17 [INFO] 📉 603667 卖出信号得分61分，低于10:00后阈值65分，静默处理（不推送飞书）
13:14:17 [INFO] 🛑 603667 受大盘熔断/仓控阻断，跳过交易记录
13:14:26 [INFO] 🎯 000988 市场状态: normal | 综合判断：正常状态
13:14:26 [INFO] 🛑 大盘熔断/仓控阻断 000988: defensive / defensive_t
13:14:26 [INFO] 📉 000988 卖出信号得分53分，低于10:00后阈值65分，静默处理（不推送飞书）
13:14:26 [INFO] 🛑 000988 受大盘熔断/仓控阻断，跳过交易记录
13:14:26 [INFO] 
📊 护城河防御面板 第17轮
──────────────────────────────────────────────────────────────────────
标的                    现价  均价(VWAP)      振幅       多买/空卖评分  状态
科创半导体ETF华夏(588170)    0.99      1.00    6.4%   多17.1/空57.6  可T观察    
中国巨石(600176)       38.62     39.42    6.2%    多4.9/空53.1  停手:当日轮次已满|SELL_HIGH
双良节能(600481)        3.89      3.85    3.7%   多25.0/空66.3  强可T     
五洲新春(603667)       52.68     52.66    2.9%   多12.0/空60.7  停手:当日轮次已满|SELL_HIGH
华工科技(000988)      112.30    113.94    5.1%    多4.7/空53.2  停手:当日轮次已满|SELL_HIGH
13:14:41 [INFO] 🫀 扫描心跳 第18轮开始
13:14:44 [INFO] 🎯 600176 市场状态: normal | 综合判断：正常状态
13:14:44 [INFO] 🛑 大盘熔断/仓控阻断 600176: defensive / defensive_t
13:14:44 [INFO] 📉 600176 卖出信号得分53分，低于10:00后阈值65分，静默处理（不推送飞书）
13:14:44 [INFO] 🛑 600176 受大盘熔断/仓控阻断，跳过交易记录
13:14:48 [INFO] 🎯 603667 市场状态: normal | 综合判断：正常状态
13:14:48 [INFO] 🛑 大盘熔断/仓控阻断 603667: defensive / defensive_t
13:14:48 [INFO] 📉 603667 卖出信号得分61分，低于10:00后阈值65分，静默处理（不推送飞书）
13:14:48 [INFO] 🛑 603667 受大盘熔断/仓控阻断，跳过交易记录
13:14:50 [INFO] 🎯 000988 市场状态: normal | 综合判断：正常状态
13:14:50 [INFO] 🛑 大盘熔断/仓控阻断 000988: defensive / defensive_t
13:14:50 [INFO] 📉 000988 卖出信号得分53分，低于10:00后阈值65分，静默处理（不推送飞书）
13:14:50 [INFO] 🛑 000988 受大盘熔断/仓控阻断，跳过交易记录
13:15:05 [INFO] 🫀 扫描心跳 第19轮开始
13:15:09 [INFO] 🎯 600176 市场状态: normal | 综合判断：正常状态
13:15:09 [INFO] 🛑 大盘熔断/仓控阻断 600176: defensive / defensive_t
13:15:09 [INFO] 📉 600176 卖出信号得分53分，低于10:00后阈值65分，静默处理（不推送飞书）
13:15:09 [INFO] 🛑 600176 受大盘熔断/仓控阻断，跳过交易记录
13:15:12 [INFO] 🎯 603667 市场状态: normal | 综合判断：正常状态
13:15:12 [INFO] 🛑 大盘熔断/仓控阻断 603667: defensive / defensive_t
13:15:12 [INFO] 📉 603667 卖出信号得分61分，低于10:00后阈值65分，静默处理（不推送飞书）
13:15:12 [INFO] 🛑 603667 受大盘熔断/仓控阻断，跳过交易记录
13:15:14 [INFO] 🎯 000988 市场状态: normal | 综合判断：正常状态
13:15:14 [INFO] 🛑 大盘熔断/仓控阻断 000988: defensive / defensive_t
13:15:14 [INFO] 📉 000988 卖出信号得分53分，低于10:00后阈值65分，静默处理（不推送飞书）
13:15:14 [INFO] 🛑 000988 受大盘熔断/仓控阻断，跳过交易记录
13:15:29 [INFO] 🫀 扫描心跳 第20轮开始
13:15:40 [INFO] 🎯 600176 市场状态: normal | 综合判断：正常状态
13:15:40 [INFO] 🛑 大盘熔断/仓控阻断 600176: defensive / defensive_t
13:15:40 [INFO] 📉 600176 卖出信号得分53分，低于10:00后阈值65分，静默处理（不推送飞书）
13:15:40 [INFO] 🛑 600176 受大盘熔断/仓控阻断，跳过交易记录
13:15:44 [INFO] 🎯 603667 市场状态: normal | 综合判断：正常状态
13:15:44 [INFO] 🛑 大盘熔断/仓控阻断 603667: defensive / defensive_t
13:15:44 [INFO] 📉 603667 卖出信号得分61分，低于10:00后阈值65分，静默处理（不推送飞书）
13:15:44 [INFO] 🛑 603667 受大盘熔断/仓控阻断，跳过交易记录
13:15:47 [INFO] 🎯 000988 市场状态: normal | 综合判断：正常状态
13:15:47 [INFO] 🛑 大盘熔断/仓控阻断 000988: defensive / defensive_t
13:15:47 [INFO] 📉 000988 卖出信号得分53分，低于10:00后阈值65分，静默处理（不推送飞书）
13:15:47 [INFO] 🛑 000988 受大盘熔断/仓控阻断，跳过交易记录
13:16:02 [INFO] 🫀 扫描心跳 第21轮开始
13:16:05 [INFO] 🎯 600176 市场状态: normal | 综合判断：正常状态
13:16:05 [INFO] 🛑 大盘熔断/仓控阻断 600176: defensive / defensive_t
13:16:05 [INFO] 📉 600176 卖出信号得分53分，低于10:00后阈值65分，静默处理（不推送飞书）
13:16:05 [INFO] 🛑 600176 受大盘熔断/仓控阻断，跳过交易记录
13:16:09 [INFO] 🎯 603667 市场状态: normal | 综合判断：正常状态
13:16:09 [INFO] 🛑 大盘熔断/仓控阻断 603667: defensive / defensive_t
13:16:09 [INFO] 📉 603667 卖出信号得分61分，低于10:00后阈值65分，静默处理（不推送飞书）
13:16:09 [INFO] 🛑 603667 受大盘熔断/仓控阻断，跳过交易记录
13:16:11 [INFO] 🎯 000988 市场状态: normal | 综合判断：正常状态
13:16:11 [INFO] 🛑 大盘熔断/仓控阻断 000988: defensive / defensive_t
13:16:11 [INFO] 📉 000988 卖出信号得分53分，低于10:00后阈值65分，静默处理（不推送飞书）
13:16:11 [INFO] 🛑 000988 受大盘熔断/仓控阻断，跳过交易记录
13:16:11 [INFO] 
📊 护城河防御面板 第21轮
──────────────────────────────────────────────────────────────────────
标的                    现价  均价(VWAP)      振幅       多买/空卖评分  状态
科创半导体ETF华夏(588170)    0.98      1.00    6.4%   多16.7/空45.3  可T观察    
中国巨石(600176)       38.62     39.42    6.2%    多4.9/空53.1  停手:当日轮次已满|SELL_HIGH
双良节能(600481)        3.89      3.85    3.7%   多25.0/空66.3  强可T     
五洲新春(603667)       52.68     52.66    2.9%   多12.0/空60.7  停手:当日轮次已满|SELL_HIGH
华工科技(000988)      112.30    113.94    5.1%    多4.7/空53.2  停手:当日轮次已满|SELL_HIGH
13:16:26 [INFO] 🫀 扫描心跳 第22轮开始
13:16:30 [INFO] 🎯 600176 市场状态: normal | 综合判断：正常状态
13:16:30 [INFO] 🛑 大盘熔断/仓控阻断 600176: defensive / defensive_t
13:16:30 [INFO] 📉 600176 卖出信号得分45分，低于10:00后阈值65分，静默处理（不推送飞书）
13:16:30 [INFO] 🛑 600176 受大盘熔断/仓控阻断，跳过交易记录
13:16:40 [INFO] 🎯 603667 市场状态: normal | 综合判断：正常状态
13:16:40 [INFO] 🛑 大盘熔断/仓控阻断 603667: defensive / defensive_t
13:16:40 [INFO] 📉 603667 卖出信号得分46分，低于10:00后阈值65分，静默处理（不推送飞书）
13:16:40 [INFO] 🛑 603667 受大盘熔断/仓控阻断，跳过交易记录
13:16:42 [INFO] 🎯 000988 市场状态: normal | 综合判断：正常状态
13:16:42 [INFO] 🛑 大盘熔断/仓控阻断 000988: defensive / defensive_t
13:16:42 [INFO] 📉 000988 卖出信号得分45分，低于10:00后阈值65分，静默处理（不推送飞书）
13:16:42 [INFO] 🛑 000988 受大盘熔断/仓控阻断，跳过交易记录
13:16:57 [INFO] 🫀 扫描心跳 第23轮开始
13:17:01 [INFO] 🎯 600176 市场状态: normal | 综合判断：正常状态
13:17:01 [INFO] 🛑 大盘熔断/仓控阻断 600176: defensive / defensive_t
13:17:01 [INFO] 📉 600176 卖出信号得分45分，低于10:00后阈值65分，静默处理（不推送飞书）
13:17:01 [INFO] 🛑 600176 受大盘熔断/仓控阻断，跳过交易记录
13:17:05 [INFO] 🎯 603667 市场状态: normal | 综合判断：正常状态
13:17:05 [INFO] 🛑 大盘熔断/仓控阻断 603667: defensive / defensive_t
13:17:05 [INFO] 📉 603667 卖出信号得分46分，低于10:00后阈值65分，静默处理（不推送飞书）
13:17:05 [INFO] 🛑 603667 受大盘熔断/仓控阻断，跳过交易记录
13:17:07 [INFO] 🎯 000988 市场状态: normal | 综合判断：正常状态
13:17:07 [INFO] 🛑 大盘熔断/仓控阻断 000988: defensive / defensive_t
13:17:07 [INFO] 📉 000988 卖出信号得分45分，低于10:00后阈值65分，静默处理（不推送飞书）
13:17:07 [INFO] 🛑 000988 受大盘熔断/仓控阻断，跳过交易记录
13:17:22 [INFO] 🫀 扫描心跳 第24轮开始
13:17:25 [INFO] 🎯 600176 市场状态: normal | 综合判断：正常状态
13:17:25 [INFO] 🛑 大盘熔断/仓控阻断 600176: defensive / defensive_t
13:17:25 [INFO] 📉 600176 卖出信号得分45分，低于10:00后阈值65分，静默处理（不推送飞书）
13:17:25 [INFO] 🛑 600176 受大盘熔断/仓控阻断，跳过交易记录
13:17:29 [INFO] 🎯 603667 市场状态: normal | 综合判断：正常状态
13:17:29 [INFO] 🛑 大盘熔断/仓控阻断 603667: defensive / defensive_t
13:17:29 [INFO] 📉 603667 卖出信号得分46分，低于10:00后阈值65分，静默处理（不推送飞书）
13:17:29 [INFO] 🛑 603667 受大盘熔断/仓控阻断，跳过交易记录
13:17:30 [INFO] 🎯 000988 市场状态: normal | 综合判断：正常状态
13:17:30 [INFO] 🛑 大盘熔断/仓控阻断 000988: defensive / defensive_t
13:17:30 [INFO] 📉 000988 卖出信号得分45分，低于10:00后阈值65分，静默处理（不推送飞书）
13:17:30 [INFO] 🛑 000988 受大盘熔断/仓控阻断，跳过交易记录
13:17:45 [INFO] 🫀 扫描心跳 第25轮开始
13:17:55 [INFO] 🎯 600176 市场状态: normal | 综合判断：正常状态
13:17:55 [INFO] 🛑 大盘熔断/仓控阻断 600176: defensive / defensive_t
13:17:55 [INFO] 📉 600176 卖出信号得分45分，低于10:00后阈值65分，静默处理（不推送飞书）
13:17:55 [INFO] 🛑 600176 受大盘熔断/仓控阻断，跳过交易记录
13:17:59 [INFO] 🎯 603667 市场状态: normal | 综合判断：正常状态
13:17:59 [INFO] 🛑 大盘熔断/仓控阻断 603667: defensive / defensive_t
13:17:59 [INFO] 📉 603667 卖出信号得分46分，低于10:00后阈值65分，静默处理（不推送飞书）
13:17:59 [INFO] 🛑 603667 受大盘熔断/仓控阻断，跳过交易记录
13:18:01 [INFO] 🎯 000988 市场状态: normal | 综合判断：正常状态
13:18:01 [INFO] 🛑 大盘熔断/仓控阻断 000988: defensive / defensive_t
13:18:01 [INFO] 📉 000988 卖出信号得分45分，低于10:00后阈值65分，静默处理（不推送飞书）
13:18:01 [INFO] 🛑 000988 受大盘熔断/仓控阻断，跳过交易记录
13:18:01 [INFO] 
📊 护城河防御面板 第25轮
──────────────────────────────────────────────────────────────────────
标的                    现价  均价(VWAP)      振幅       多买/空卖评分  状态
科创半导体ETF华夏(588170)    0.98      1.00    6.4%   多16.7/空45.3  可T观察    
中国巨石(600176)       38.40     39.42    6.2%   多30.8/空45.1  停手:当日轮次已满|SELL_HIGH
双良节能(600481)        3.89      3.85    3.7%     多nan/空nan  无信号     
五洲新春(603667)       52.49     52.66    2.9%   多31.1/空45.8  停手:当日轮次已满|SELL_HIGH
华工科技(000988)      111.83    113.94    5.1%   多16.7/空45.3  停手:当日轮次已满|SELL_HIGH
13:18:16 [INFO] 🫀 扫描心跳 第26轮开始
13:18:20 [INFO] 🎯 600176 市场状态: normal | 综合判断：正常状态
13:18:20 [INFO] 🛑 大盘熔断/仓控阻断 600176: defensive / defensive_t
13:18:20 [INFO] 📉 600176 卖出信号得分45分，低于10:00后阈值65分，静默处理（不推送飞书）
13:18:20 [INFO] 🛑 600176 受大盘熔断/仓控阻断，跳过交易记录
13:18:24 [INFO] 🎯 603667 市场状态: normal | 综合判断：正常状态
13:18:24 [INFO] 🛑 大盘熔断/仓控阻断 603667: defensive / defensive_t
13:18:24 [INFO] 📉 603667 卖出信号得分46分，低于10:00后阈值65分，静默处理（不推送飞书）
13:18:24 [INFO] 🛑 603667 受大盘熔断/仓控阻断，跳过交易记录
13:18:25 [INFO] 🎯 000988 市场状态: normal | 综合判断：正常状态
13:18:25 [INFO] 🛑 大盘熔断/仓控阻断 000988: defensive / defensive_t
13:18:25 [INFO] 📉 000988 卖出信号得分45分，低于10:00后阈值65分，静默处理（不推送飞书）
13:18:25 [INFO] 🛑 000988 受大盘熔断/仓控阻断，跳过交易记录
13:18:40 [INFO] 🫀 扫描心跳 第27轮开始
13:18:44 [INFO] 🎯 600176 市场状态: normal | 综合判断：正常状态
13:18:44 [INFO] 🛑 大盘熔断/仓控阻断 600176: defensive / defensive_t
13:18:44 [INFO] 📉 600176 卖出信号得分45分，低于10:00后阈值65分，静默处理（不推送飞书）
13:18:44 [INFO] 🛑 600176 受大盘熔断/仓控阻断，跳过交易记录
13:18:47 [INFO] 🎯 603667 市场状态: normal | 综合判断：正常状态
13:18:47 [INFO] 🛑 大盘熔断/仓控阻断 603667: defensive / defensive_t
13:18:47 [INFO] 📉 603667 卖出信号得分46分，低于10:00后阈值65分，静默处理（不推送飞书）
13:18:47 [INFO] 🛑 603667 受大盘熔断/仓控阻断，跳过交易记录
13:18:56 [INFO] 🎯 000988 市场状态: normal | 综合判断：正常状态
13:18:56 [INFO] 🛑 大盘熔断/仓控阻断 000988: defensive / defensive_t
13:18:56 [INFO] 📉 000988 卖出信号得分45分，低于10:00后阈值65分，静默处理（不推送飞书）
13:18:56 [INFO] 🛑 000988 受大盘熔断/仓控阻断，跳过交易记录
13:19:11 [INFO] 🫀 扫描心跳 第28轮开始
13:19:17 [INFO] 🎯 600176 市场状态: normal | 综合判断：正常状态
13:19:17 [INFO] 🛑 大盘熔断/仓控阻断 600176: defensive / defensive_t
13:19:17 [INFO] 📉 600176 卖出信号得分45分，低于10:00后阈值65分，静默处理（不推送飞书）
13:19:17 [INFO] 🛑 600176 受大盘熔断/仓控阻断，跳过交易记录
13:19:20 [INFO] 🎯 603667 市场状态: normal | 综合判断：正常状态
13:19:20 [INFO] 🛑 大盘熔断/仓控阻断 603667: defensive / defensive_t
13:19:20 [INFO] 📉 603667 卖出信号得分46分，低于10:00后阈值65分，静默处理（不推送飞书）
13:19:20 [INFO] 🛑 603667 受大盘熔断/仓控阻断，跳过交易记录
13:19:22 [INFO] 🎯 000988 市场状态: normal | 综合判断：正常状态
13:19:22 [INFO] 🛑 大盘熔断/仓控阻断 000988: defensive / defensive_t
13:19:22 [INFO] 📉 000988 卖出信号得分45分，低于10:00后阈值65分，静默处理（不推送飞书）
13:19:22 [INFO] 🛑 000988 受大盘熔断/仓控阻断，跳过交易记录
13:19:37 [INFO] 🫀 扫描心跳 第29轮开始
13:19:41 [INFO] 🎯 600176 市场状态: normal | 综合判断：正常状态
13:19:41 [INFO] 🛑 大盘熔断/仓控阻断 600176: defensive / defensive_t
13:19:41 [INFO] 📉 600176 卖出信号得分45分，低于10:00后阈值65分，静默处理（不推送飞书）
13:19:41 [INFO] 🛑 600176 受大盘熔断/仓控阻断，跳过交易记录
13:19:44 [INFO] 🎯 603667 市场状态: normal | 综合判断：正常状态
13:19:44 [INFO] 🛑 大盘熔断/仓控阻断 603667: defensive / defensive_t
13:19:44 [INFO] 📉 603667 卖出信号得分45分，低于10:00后阈值65分，静默处理（不推送飞书）
13:19:44 [INFO] 🛑 603667 受大盘熔断/仓控阻断，跳过交易记录
13:19:47 [INFO] 🎯 000988 市场状态: normal | 综合判断：正常状态
13:19:47 [INFO] 🛑 大盘熔断/仓控阻断 000988: defensive / defensive_t
13:19:47 [INFO] 📉 000988 卖出信号得分45分，低于10:00后阈值65分，静默处理（不推送飞书）
13:19:47 [INFO] 🛑 000988 受大盘熔断/仓控阻断，跳过交易记录
13:19:47 [INFO] 
📊 护城河防御面板 第29轮
──────────────────────────────────────────────────────────────────────
标的                    现价  均价(VWAP)      振幅       多买/空卖评分  状态
科创半导体ETF华夏(588170)    0.98      1.00    6.4%   多16.7/空45.3  可T观察    
中国巨石(600176)       38.30     39.42    6.2%   多30.8/空45.2  停手:当日轮次已满|SELL_HIGH
双良节能(600481)        3.88      3.85    3.7%   多36.9/空65.0  强可T     
五洲新春(603667)       52.41     52.66    2.9%   多31.0/空45.3  停手:当日轮次已满|SELL_HIGH
华工科技(000988)      111.71    113.94    5.1%   多30.7/空45.2  停手:当日轮次已满|SELL_HIGH
13:20:02 [INFO] 🫀 扫描心跳 第30轮开始
13:20:12 [INFO] 🎯 600176 市场状态: normal | 综合判断：正常状态
13:20:12 [INFO] 🛑 大盘熔断/仓控阻断 600176: defensive / defensive_t
13:20:12 [INFO] 📉 600176 卖出信号得分45分，低于10:00后阈值65分，静默处理（不推送飞书）
13:20:12 [INFO] 🛑 600176 受大盘熔断/仓控阻断，跳过交易记录
13:20:15 [INFO] 🎯 603667 市场状态: normal | 综合判断：正常状态
13:20:15 [INFO] 🛑 大盘熔断/仓控阻断 603667: defensive / defensive_t
13:20:15 [INFO] 📉 603667 卖出信号得分45分，低于10:00后阈值65分，静默处理（不推送飞书）
13:20:15 [INFO] 🛑 603667 受大盘熔断/仓控阻断，跳过交易记录
13:20:17 [INFO] 🎯 000988 市场状态: normal | 综合判断：正常状态
13:20:17 [INFO] 🛑 大盘熔断/仓控阻断 000988: defensive / defensive_t
13:20:17 [INFO] 📉 000988 卖出信号得分45分，低于10:00后阈值65分，静默处理（不推送飞书）
13:20:17 [INFO] 🛑 000988 受大盘熔断/仓控阻断，跳过交易记录
13:20:32 [INFO] 🫀 扫描心跳 第31轮开始
13:20:37 [INFO] 🎯 600176 市场状态: normal | 综合判断：正常状态
13:20:37 [INFO] 🛑 大盘熔断/仓控阻断 600176: defensive / defensive_t
13:20:37 [INFO] 📉 600176 卖出信号得分45分，低于10:00后阈值65分，静默处理（不推送飞书）
13:20:37 [INFO] 🛑 600176 受大盘熔断/仓控阻断，跳过交易记录
13:20:40 [INFO] 🎯 603667 市场状态: normal | 综合判断：正常状态
13:20:40 [INFO] 🛑 大盘熔断/仓控阻断 603667: defensive / defensive_t
13:20:40 [INFO] 📉 603667 卖出信号得分45分，低于10:00后阈值65分，静默处理（不推送飞书）
13:20:40 [INFO] 🛑 603667 受大盘熔断/仓控阻断，跳过交易记录
13:20:42 [INFO] 🎯 000988 市场状态: normal | 综合判断：正常状态
13:20:42 [INFO] 🛑 大盘熔断/仓控阻断 000988: defensive / defensive_t
13:20:42 [INFO] 📉 000988 卖出信号得分45分，低于10:00后阈值65分，静默处理（不推送飞书）
13:20:42 [INFO] 🛑 000988 受大盘熔断/仓控阻断，跳过交易记录
13:20:57 [INFO] 🫀 扫描心跳 第32轮开始
13:21:00 [INFO] 🎯 600176 市场状态: normal | 综合判断：正常状态
13:21:00 [INFO] 🛑 大盘熔断/仓控阻断 600176: defensive / defensive_t
13:21:00 [INFO] 📉 600176 卖出信号得分45分，低于10:00后阈值65分，静默处理（不推送飞书）
13:21:00 [INFO] 🛑 600176 受大盘熔断/仓控阻断，跳过交易记录
13:21:10 [INFO] 🎯 603667 市场状态: normal | 综合判断：正常状态
13:21:10 [INFO] 🛑 大盘熔断/仓控阻断 603667: defensive / defensive_t
13:21:10 [INFO] 📉 603667 卖出信号得分45分，低于10:00后阈值65分，静默处理（不推送飞书）
13:21:10 [INFO] 🛑 603667 受大盘熔断/仓控阻断，跳过交易记录
13:21:12 [INFO] 🎯 000988 市场状态: normal | 综合判断：正常状态
13:21:12 [INFO] 🛑 大盘熔断/仓控阻断 000988: defensive / defensive_t
13:21:12 [INFO] 📉 000988 卖出信号得分45分，低于10:00后阈值65分，静默处理（不推送飞书）
13:21:12 [INFO] 🛑 000988 受大盘熔断/仓控阻断，跳过交易记录
13:21:27 [INFO] 🫀 扫描心跳 第33轮开始
13:21:31 [INFO] 🎯 600176 市场状态: normal | 综合判断：正常状态
13:21:31 [INFO] 🛑 大盘熔断/仓控阻断 600176: defensive / defensive_t
13:21:31 [INFO] 📉 600176 卖出信号得分45分，低于10:00后阈值65分，静默处理（不推送飞书）
13:21:31 [INFO] 🛑 600176 受大盘熔断/仓控阻断，跳过交易记录
13:21:35 [INFO] 🎯 603667 市场状态: normal | 综合判断：正常状态
13:21:35 [INFO] 🛑 大盘熔断/仓控阻断 603667: defensive / defensive_t
13:21:35 [INFO] 📉 603667 卖出信号得分45分，低于10:00后阈值65分，静默处理（不推送飞书）
13:21:35 [INFO] 🛑 603667 受大盘熔断/仓控阻断，跳过交易记录
13:21:36 [INFO] 🎯 000988 市场状态: normal | 综合判断：正常状态
13:21:36 [INFO] 🛑 大盘熔断/仓控阻断 000988: defensive / defensive_t
13:21:36 [INFO] 📉 000988 卖出信号得分45分，低于10:00后阈值65分，静默处理（不推送飞书）
13:21:36 [INFO] 🛑 000988 受大盘熔断/仓控阻断，跳过交易记录
13:21:36 [INFO] 
📊 护城河防御面板 第33轮
──────────────────────────────────────────────────────────────────────
标的                    现价  均价(VWAP)      振幅       多买/空卖评分  状态
科创半导体ETF华夏(588170)    0.98      1.00    6.4%   多23.9/空44.6  弱机会     
中国巨石(600176)       38.30     39.42    6.2%   多30.8/空45.2  停手:当日轮次已满|SELL_HIGH
双良节能(600481)        3.88      3.85    3.7%   多36.9/空65.0  强可T     
五洲新春(603667)       52.41     52.66    2.9%   多31.0/空45.3  停手:当日轮次已满|SELL_HIGH
华工科技(000988)      111.71    113.94    5.1%   多30.7/空45.2  停手:当日轮次已满|SELL_HIGH
13:21:51 [INFO] 🫀 扫描心跳 第34轮开始
13:21:55 [INFO] 🎯 600176 市场状态: normal | 综合判断：正常状态
13:21:55 [INFO] 🛑 大盘熔断/仓控阻断 600176: defensive / defensive_t
13:21:55 [INFO] 📉 600176 卖出信号得分45分，低于10:00后阈值65分，静默处理（不推送飞书）
13:21:55 [INFO] 🛑 600176 受大盘熔断/仓控阻断，跳过交易记录
13:21:59 [INFO] 🎯 603667 市场状态: normal | 综合判断：正常状态
13:21:59 [INFO] 🛑 大盘熔断/仓控阻断 603667: defensive / defensive_t
13:21:59 [INFO] 📉 603667 卖出信号得分45分，低于10:00后阈值65分，静默处理（不推送飞书）
13:21:59 [INFO] 🛑 603667 受大盘熔断/仓控阻断，跳过交易记录
13:22:01 [INFO] 🎯 000988 市场状态: normal | 综合判断：正常状态
13:22:01 [INFO] 🛑 大盘熔断/仓控阻断 000988: defensive / defensive_t
13:22:01 [INFO] 📉 000988 卖出信号得分45分，低于10:00后阈值65分，静默处理（不推送飞书）
13:22:01 [INFO] 🛑 000988 受大盘熔断/仓控阻断，跳过交易记录
13:22:16 [INFO] 🫀 扫描心跳 第35轮开始
13:22:26 [INFO] 🎯 600176 市场状态: normal | 综合判断：正常状态
13:22:26 [INFO] 🛑 大盘熔断/仓控阻断 600176: defensive / defensive_t
13:22:26 [INFO] 📉 600176 卖出信号得分45分，低于10:00后阈值65分，静默处理（不推送飞书）
13:22:26 [INFO] 🛑 600176 受大盘熔断/仓控阻断，跳过交易记录
13:22:29 [INFO] 🎯 603667 市场状态: normal | 综合判断：正常状态
13:22:29 [INFO] 🛑 大盘熔断/仓控阻断 603667: defensive / defensive_t
13:22:29 [INFO] 📉 603667 卖出信号得分45分，低于10:00后阈值65分，静默处理（不推送飞书）
13:22:29 [INFO] 🛑 603667 受大盘熔断/仓控阻断，跳过交易记录
13:22:31 [INFO] 🎯 000988 市场状态: normal | 综合判断：正常状态
13:22:31 [INFO] 🛑 大盘熔断/仓控阻断 000988: defensive / defensive_t
13:22:31 [INFO] 📉 000988 卖出信号得分45分，低于10:00后阈值65分，静默处理（不推送飞书）
13:22:31 [INFO] 🛑 000988 受大盘熔断/仓控阻断，跳过交易记录
13:22:46 [INFO] 🫀 扫描心跳 第36轮开始
13:22:52 [INFO] 🎯 600176 市场状态: normal | 综合判断：正常状态
13:22:52 [INFO] 🛑 大盘熔断/仓控阻断 600176: defensive / defensive_t
13:22:52 [INFO] 📉 600176 卖出信号得分46分，低于10:00后阈值65分，静默处理（不推送飞书）
13:22:52 [INFO] 🛑 600176 受大盘熔断/仓控阻断，跳过交易记录
13:22:57 [INFO] 🎯 603667 市场状态: normal | 综合判断：正常状态
13:22:57 [INFO] 🛑 大盘熔断/仓控阻断 603667: defensive / defensive_t
13:22:57 [INFO] 📉 603667 卖出信号得分46分，低于10:00后阈值65分，静默处理（不推送飞书）
13:22:57 [INFO] 🛑 603667 受大盘熔断/仓控阻断，跳过交易记录
13:22:59 [INFO] 🎯 000988 市场状态: normal | 综合判断：正常状态
13:22:59 [INFO] 🛑 大盘熔断/仓控阻断 000988: defensive / defensive_t
13:22:59 [INFO] 📉 000988 卖出信号得分45分，低于10:00后阈值65分，静默处理（不推送飞书）
13:22:59 [INFO] 🛑 000988 受大盘熔断/仓控阻断，跳过交易记录
13:23:14 [INFO] 🫀 扫描心跳 第37轮开始
13:23:25 [INFO] 🎯 600176 市场状态: normal | 综合判断：正常状态
13:23:25 [INFO] 🛑 大盘熔断/仓控阻断 600176: defensive / defensive_t
13:23:25 [INFO] 📉 600176 卖出信号得分46分，低于10:00后阈值65分，静默处理（不推送飞书）
13:23:25 [INFO] 🛑 600176 受大盘熔断/仓控阻断，跳过交易记录
13:23:29 [INFO] 🎯 603667 市场状态: normal | 综合判断：正常状态
13:23:29 [INFO] 🛑 大盘熔断/仓控阻断 603667: defensive / defensive_t
13:23:29 [INFO] 📉 603667 卖出信号得分46分，低于10:00后阈值65分，静默处理（不推送飞书）
13:23:29 [INFO] 🛑 603667 受大盘熔断/仓控阻断，跳过交易记录
13:23:31 [INFO] 🎯 000988 市场状态: normal | 综合判断：正常状态
13:23:31 [INFO] 🛑 大盘熔断/仓控阻断 000988: defensive / defensive_t
13:23:31 [INFO] 📉 000988 卖出信号得分45分，低于10:00后阈值65分，静默处理（不推送飞书）
13:23:31 [INFO] 🛑 000988 受大盘熔断/仓控阻断，跳过交易记录
13:23:31 [INFO] 
📊 护城河防御面板 第37轮
──────────────────────────────────────────────────────────────────────
标的                    现价  均价(VWAP)      振幅       多买/空卖评分  状态
科创半导体ETF华夏(588170)    0.98      1.00    6.4%   多23.9/空44.6  弱机会     
中国巨石(600176)       38.53     39.42    6.2%   多19.2/空46.0  停手:当日轮次已满|SELL_HIGH
双良节能(600481)        3.88      3.85    3.7%   多32.9/空65.0  强可T     
五洲新春(603667)       52.54     52.66    2.9%   多22.0/空46.4  停手:当日轮次已满|SELL_HIGH
华工科技(000988)      112.11    113.94    5.1%   多24.3/空44.9  停手:当日轮次已满|SELL_HIGH
13:23:46 [INFO] 🫀 扫描心跳 第38轮开始
13:23:50 [INFO] 🎯 600176 市场状态: normal | 综合判断：正常状态
13:23:50 [INFO] 🛑 大盘熔断/仓控阻断 600176: defensive / defensive_t
13:23:50 [INFO] 📉 600176 卖出信号得分46分，低于10:00后阈值65分，静默处理（不推送飞书）
13:23:50 [INFO] 🛑 600176 受大盘熔断/仓控阻断，跳过交易记录
13:23:54 [INFO] 🎯 603667 市场状态: normal | 综合判断：正常状态
13:23:54 [INFO] 🛑 大盘熔断/仓控阻断 603667: defensive / defensive_t
13:23:54 [INFO] 📉 603667 卖出信号得分46分，低于10:00后阈值65分，静默处理（不推送飞书）
13:23:54 [INFO] 🛑 603667 受大盘熔断/仓控阻断，跳过交易记录
13:23:56 [INFO] 🎯 000988 市场状态: normal | 综合判断：正常状态
13:23:56 [INFO] 🛑 大盘熔断/仓控阻断 000988: defensive / defensive_t
13:23:56 [INFO] 📉 000988 卖出信号得分45分，低于10:00后阈值65分，静默处理（不推送飞书）
13:23:56 [INFO] 🛑 000988 受大盘熔断/仓控阻断，跳过交易记录
13:24:11 [INFO] 🫀 扫描心跳 第39轮开始
13:24:15 [INFO] 🎯 600176 市场状态: normal | 综合判断：正常状态
13:24:15 [INFO] 🛑 大盘熔断/仓控阻断 600176: defensive / defensive_t
13:24:15 [INFO] 📉 600176 卖出信号得分46分，低于10:00后阈值65分，静默处理（不推送飞书）
13:24:15 [INFO] 🛑 600176 受大盘熔断/仓控阻断，跳过交易记录
13:24:26 [INFO] 🎯 603667 市场状态: normal | 综合判断：正常状态
13:24:26 [INFO] 🛑 大盘熔断/仓控阻断 603667: defensive / defensive_t
13:24:27 [INFO] 📉 603667 卖出信号得分46分，低于10:00后阈值65分，静默处理（不推送飞书）
13:24:27 [INFO] 🛑 603667 受大盘熔断/仓控阻断，跳过交易记录
13:24:29 [INFO] 🎯 000988 市场状态: normal | 综合判断：正常状态
13:24:29 [INFO] 🛑 大盘熔断/仓控阻断 000988: defensive / defensive_t
13:24:29 [INFO] 📉 000988 卖出信号得分45分，低于10:00后阈值65分，静默处理（不推送飞书）
13:24:29 [INFO] 🛑 000988 受大盘熔断/仓控阻断，跳过交易记录
13:24:44 [INFO] 🫀 扫描心跳 第40轮开始
13:24:50 [INFO] 🎯 600176 市场状态: normal | 综合判断：正常状态
13:24:50 [INFO] 🛑 大盘熔断/仓控阻断 600176: defensive / defensive_t
13:24:50 [INFO] 📉 600176 卖出信号得分46分，低于10:00后阈值65分，静默处理（不推送飞书）
13:24:50 [INFO] 🛑 600176 受大盘熔断/仓控阻断，跳过交易记录
13:24:54 [INFO] 🎯 603667 市场状态: normal | 综合判断：正常状态
13:24:54 [INFO] 🛑 大盘熔断/仓控阻断 603667: defensive / defensive_t
13:24:54 [INFO] 📉 603667 卖出信号得分46分，低于10:00后阈值65分，静默处理（不推送飞书）
13:24:54 [INFO] 🛑 603667 受大盘熔断/仓控阻断，跳过交易记录
13:24:56 [INFO] 🎯 000988 市场状态: normal | 综合判断：正常状态
13:24:56 [INFO] 🛑 大盘熔断/仓控阻断 000988: defensive / defensive_t
13:24:56 [INFO] 📉 000988 卖出信号得分45分，低于10:00后阈值65分，静默处理（不推送飞书）
13:24:56 [INFO] 🛑 000988 受大盘熔断/仓控阻断，跳过交易记录
13:25:11 [INFO] 🫀 扫描心跳 第41轮开始
13:25:15 [INFO] 🎯 600176 市场状态: normal | 综合判断：正常状态
13:25:15 [INFO] 🛑 大盘熔断/仓控阻断 600176: defensive / defensive_t
13:25:15 [INFO] 📉 600176 卖出信号得分46分，低于10:00后阈值65分，静默处理（不推送飞书）
13:25:15 [INFO] 🛑 600176 受大盘熔断/仓控阻断，跳过交易记录
13:25:19 [INFO] 🎯 603667 市场状态: normal | 综合判断：正常状态
13:25:19 [INFO] 🛑 大盘熔断/仓控阻断 603667: defensive / defensive_t
13:25:19 [INFO] 📉 603667 卖出信号得分46分，低于10:00后阈值65分，静默处理（不推送飞书）
13:25:19 [INFO] 🛑 603667 受大盘熔断/仓控阻断，跳过交易记录
13:25:28 [INFO] 🎯 000988 市场状态: normal | 综合判断：正常状态
13:25:28 [INFO] 🛑 大盘熔断/仓控阻断 000988: defensive / defensive_t
13:25:28 [INFO] 📉 000988 卖出信号得分45分，低于10:00后阈值65分，静默处理（不推送飞书）
13:25:28 [INFO] 🛑 000988 受大盘熔断/仓控阻断，跳过交易记录
13:25:28 [INFO] 
📊 护城河防御面板 第41轮
──────────────────────────────────────────────────────────────────────
标的                    现价  均价(VWAP)      振幅       多买/空卖评分  状态
科创半导体ETF华夏(588170)    0.98      1.00    6.4%   多24.9/空44.9  弱机会     
中国巨石(600176)       38.53     39.42    6.2%   多19.2/空46.0  停手:当日轮次已满|SELL_HIGH
双良节能(600481)        3.88      3.85    3.7%   多32.9/空65.0  强可T     
五洲新春(603667)       52.54     52.66    2.9%   多22.0/空46.4  停手:当日轮次已满|SELL_HIGH
华工科技(000988)      112.11    113.94    5.1%   多24.3/空44.9  停手:当日轮次已满|SELL_HIGH
13:25:43 [INFO] 🫀 扫描心跳 第42轮开始
13:25:47 [INFO] 🎯 600176 市场状态: normal | 综合判断：正常状态
13:25:47 [INFO] 🛑 大盘熔断/仓控阻断 600176: defensive / defensive_t
13:25:47 [INFO] 📉 600176 卖出信号得分46分，低于10:00后阈值65分，静默处理（不推送飞书）
13:25:47 [INFO] 🛑 600176 受大盘熔断/仓控阻断，跳过交易记录
13:25:51 [INFO] 🎯 603667 市场状态: normal | 综合判断：正常状态
13:25:51 [INFO] 🛑 大盘熔断/仓控阻断 603667: defensive / defensive_t
13:25:51 [INFO] 📉 603667 卖出信号得分46分，低于10:00后阈值65分，静默处理（不推送飞书）
13:25:51 [INFO] 🛑 603667 受大盘熔断/仓控阻断，跳过交易记录
13:25:52 [INFO] 🎯 000988 市场状态: normal | 综合判断：正常状态
13:25:52 [INFO] 🛑 大盘熔断/仓控阻断 000988: defensive / defensive_t
13:25:52 [INFO] 📉 000988 卖出信号得分45分，低于10:00后阈值65分，静默处理（不推送飞书）
13:25:52 [INFO] 🛑 000988 受大盘熔断/仓控阻断，跳过交易记录
13:26:07 [INFO] 🫀 扫描心跳 第43轮开始
13:26:13 [INFO] 🎯 600176 市场状态: normal | 综合判断：正常状态
13:26:13 [INFO] 🛑 大盘熔断/仓控阻断 600176: defensive / defensive_t
13:26:13 [INFO] 📉 600176 卖出信号得分45分，低于10:00后阈值65分，静默处理（不推送飞书）
13:26:13 [INFO] 🛑 600176 受大盘熔断/仓控阻断，跳过交易记录
13:26:21 [INFO] 🎯 603667 市场状态: normal | 综合判断：正常状态
13:26:21 [INFO] 🛑 大盘熔断/仓控阻断 603667: defensive / defensive_t
13:26:21 [INFO] 📉 603667 卖出信号得分62分，低于10:00后阈值65分，静默处理（不推送飞书）
13:26:21 [INFO] 🛑 603667 受大盘熔断/仓控阻断，跳过交易记录
13:26:36 [INFO] 🎯 000988 市场状态: normal | 综合判断：正常状态
13:26:36 [INFO] 🛑 大盘熔断/仓控阻断 000988: defensive / defensive_t
13:26:36 [INFO] 📉 000988 卖出信号得分48分，低于10:00后阈值65分，静默处理（不推送飞书）
13:26:36 [INFO] 🛑 000988 受大盘熔断/仓控阻断，跳过交易记录
13:26:51 [INFO] 🫀 扫描心跳 第44轮开始
13:26:56 [INFO] 🎯 600176 市场状态: normal | 综合判断：正常状态
13:26:56 [INFO] 🛑 大盘熔断/仓控阻断 600176: defensive / defensive_t
13:26:56 [INFO] 📉 600176 卖出信号得分45分，低于10:00后阈值65分，静默处理（不推送飞书）
13:26:56 [INFO] 🛑 600176 受大盘熔断/仓控阻断，跳过交易记录
13:27:00 [INFO] 🎯 603667 市场状态: normal | 综合判断：正常状态
13:27:00 [INFO] 🛑 大盘熔断/仓控阻断 603667: defensive / defensive_t
13:27:00 [INFO] 📉 603667 卖出信号得分62分，低于10:00后阈值65分，静默处理（不推送飞书）
13:27:00 [INFO] 🛑 603667 受大盘熔断/仓控阻断，跳过交易记录
13:27:02 [INFO] 🎯 000988 市场状态: normal | 综合判断：正常状态
13:27:02 [INFO] 🛑 大盘熔断/仓控阻断 000988: defensive / defensive_t
13:27:02 [INFO] 📉 000988 卖出信号得分48分，低于10:00后阈值65分，静默处理（不推送飞书）
13:27:02 [INFO] 🛑 000988 受大盘熔断/仓控阻断，跳过交易记录
13:27:17 [INFO] 🫀 扫描心跳 第45轮开始
13:27:21 [INFO] 🎯 600176 市场状态: normal | 综合判断：正常状态
13:27:21 [INFO] 🛑 大盘熔断/仓控阻断 600176: defensive / defensive_t
13:27:21 [INFO] 📉 600176 卖出信号得分45分，低于10:00后阈值65分，静默处理（不推送飞书）
13:27:21 [INFO] 🛑 600176 受大盘熔断/仓控阻断，跳过交易记录
13:27:33 [INFO] 🎯 603667 市场状态: normal | 综合判断：正常状态
13:27:33 [INFO] 🛑 大盘熔断/仓控阻断 603667: defensive / defensive_t
13:27:33 [INFO] 📉 603667 卖出信号得分62分，低于10:00后阈值65分，静默处理（不推送飞书）
13:27:33 [INFO] 🛑 603667 受大盘熔断/仓控阻断，跳过交易记录
13:27:35 [INFO] 🎯 000988 市场状态: normal | 综合判断：正常状态
13:27:35 [INFO] 🛑 大盘熔断/仓控阻断 000988: defensive / defensive_t
13:27:35 [INFO] 📉 000988 卖出信号得分48分，低于10:00后阈值65分，静默处理（不推送飞书）
13:27:35 [INFO] 🛑 000988 受大盘熔断/仓控阻断，跳过交易记录
13:27:35 [INFO] 
📊 护城河防御面板 第45轮
──────────────────────────────────────────────────────────────────────
标的                    现价  均价(VWAP)      振幅       多买/空卖评分  状态
科创半导体ETF华夏(588170)    0.98      1.00    6.4%   多24.9/空44.9  弱机会     
中国巨石(600176)       38.67     39.42    6.2%   多19.3/空44.9  停手:当日轮次已满|SELL_HIGH
双良节能(600481)        3.89      3.85    3.7%   多37.4/空64.8  可T观察    
五洲新春(603667)       52.65     52.66    2.9%   多21.8/空62.5  停手:当日轮次已满|SELL_HIGH
华工科技(000988)      112.58    113.94    5.1%   多19.2/空47.6  停手:当日轮次已满|SELL_HIGH
13:27:50 [INFO] 🫀 扫描心跳 第46轮开始
13:27:55 [INFO] 🎯 600176 市场状态: normal | 综合判断：正常状态
13:27:55 [INFO] 🛑 大盘熔断/仓控阻断 600176: defensive / defensive_t
13:27:55 [INFO] 📉 600176 卖出信号得分45分，低于10:00后阈值65分，静默处理（不推送飞书）
13:27:55 [INFO] 🛑 600176 受大盘熔断/仓控阻断，跳过交易记录
13:27:59 [INFO] 🎯 603667 市场状态: normal | 综合判断：正常状态
13:27:59 [INFO] 🛑 大盘熔断/仓控阻断 603667: defensive / defensive_t
13:27:59 [INFO] 📉 603667 卖出信号得分62分，低于10:00后阈值65分，静默处理（不推送飞书）
13:27:59 [INFO] 🛑 603667 受大盘熔断/仓控阻断，跳过交易记录
13:28:01 [INFO] 🎯 000988 市场状态: normal | 综合判断：正常状态
13:28:01 [INFO] 🛑 大盘熔断/仓控阻断 000988: defensive / defensive_t
13:28:01 [INFO] 📉 000988 卖出信号得分48分，低于10:00后阈值65分，静默处理（不推送飞书）
13:28:01 [INFO] 🛑 000988 受大盘熔断/仓控阻断，跳过交易记录
13:28:16 [INFO] 🫀 扫描心跳 第47轮开始
13:28:20 [INFO] 🎯 600176 市场状态: normal | 综合判断：正常状态
13:28:20 [INFO] 🛑 大盘熔断/仓控阻断 600176: defensive / defensive_t
13:28:20 [INFO] 📉 600176 卖出信号得分45分，低于10:00后阈值65分，静默处理（不推送飞书）
13:28:20 [INFO] 🛑 600176 受大盘熔断/仓控阻断，跳过交易记录
13:28:24 [INFO] 🎯 603667 市场状态: normal | 综合判断：正常状态
13:28:24 [INFO] 🛑 大盘熔断/仓控阻断 603667: defensive / defensive_t
13:28:24 [INFO] 📉 603667 卖出信号得分62分，低于10:00后阈值65分，静默处理（不推送飞书）
13:28:24 [INFO] 🛑 603667 受大盘熔断/仓控阻断，跳过交易记录
13:28:33 [INFO] 🎯 000988 市场状态: normal | 综合判断：正常状态
13:28:33 [INFO] 🛑 大盘熔断/仓控阻断 000988: defensive / defensive_t
13:28:33 [INFO] 📉 000988 卖出信号得分48分，低于10:00后阈值65分，静默处理（不推送飞书）
13:28:33 [INFO] 🛑 000988 受大盘熔断/仓控阻断，跳过交易记录
13:28:48 [INFO] 🫀 扫描心跳 第48轮开始
13:28:53 [INFO] 🎯 600176 市场状态: normal | 综合判断：正常状态
13:28:53 [INFO] 🛑 大盘熔断/仓控阻断 600176: defensive / defensive_t
13:28:53 [INFO] 📉 600176 卖出信号得分45分，低于10:00后阈值65分，静默处理（不推送飞书）
13:28:53 [INFO] 🛑 600176 受大盘熔断/仓控阻断，跳过交易记录
13:28:58 [INFO] 🎯 603667 市场状态: normal | 综合判断：正常状态
13:28:58 [INFO] 🛑 大盘熔断/仓控阻断 603667: defensive / defensive_t
13:28:58 [INFO] 📉 603667 卖出信号得分62分，低于10:00后阈值65分，静默处理（不推送飞书）
13:28:58 [INFO] 🛑 603667 受大盘熔断/仓控阻断，跳过交易记录
13:29:00 [INFO] 🎯 000988 市场状态: normal | 综合判断：正常状态
13:29:00 [INFO] 🛑 大盘熔断/仓控阻断 000988: defensive / defensive_t
13:29:00 [INFO] 📉 000988 卖出信号得分48分，低于10:00后阈值65分，静默处理（不推送飞书）
13:29:00 [INFO] 🛑 000988 受大盘熔断/仓控阻断，跳过交易记录
13:29:15 [INFO] 🫀 扫描心跳 第49轮开始
13:29:19 [INFO] 🎯 600176 市场状态: normal | 综合判断：正常状态
13:29:19 [INFO] 🛑 大盘熔断/仓控阻断 600176: defensive / defensive_t
13:29:19 [INFO] 📉 600176 卖出信号得分53分，低于10:00后阈值65分，静默处理（不推送飞书）
13:29:19 [INFO] 🛑 600176 受大盘熔断/仓控阻断，跳过交易记录
13:29:24 [INFO] 🎯 603667 市场状态: normal | 综合判断：正常状态
13:29:24 [INFO] 🛑 大盘熔断/仓控阻断 603667: defensive / defensive_t
13:29:24 [INFO] 📉 603667 卖出信号得分59分，低于10:00后阈值65分，静默处理（不推送飞书）
13:29:24 [INFO] 🛑 603667 受大盘熔断/仓控阻断，跳过交易记录
13:29:26 [INFO] 🎯 000988 市场状态: normal | 综合判断：正常状态
13:29:26 [INFO] 🛑 大盘熔断/仓控阻断 000988: defensive / defensive_t
13:29:26 [INFO] 📉 000988 卖出信号得分53分，低于10:00后阈值65分，静默处理（不推送飞书）
13:29:26 [INFO] 🛑 000988 受大盘熔断/仓控阻断，跳过交易记录
13:29:26 [INFO] 
📊 护城河防御面板 第49轮
──────────────────────────────────────────────────────────────────────
标的                    现价  均价(VWAP)      振幅       多买/空卖评分  状态
科创半导体ETF华夏(588170)    0.99      1.00    6.4%   多19.5/空44.8  弱机会     
中国巨石(600176)       38.69     39.42    6.2%   多19.0/空53.0  停手:当日轮次已满|SELL_HIGH
双良节能(600481)        3.90      3.85    3.7%   多33.2/空64.8  可T观察    
五洲新春(603667)       52.66     52.66    2.9%   多22.3/空59.4  停手:当日轮次已满|SELL_HIGH
华工科技(000988)      112.71    113.94    5.1%   多19.0/空53.1  停手:当日轮次已满|SELL_HIGH
13:29:41 [INFO] 🫀 扫描心跳 第50轮开始
13:29:53 [INFO] 🎯 600176 市场状态: normal | 综合判断：正常状态
13:29:53 [INFO] 🛑 大盘熔断/仓控阻断 600176: defensive / defensive_t
13:29:53 [INFO] 📉 600176 卖出信号得分53分，低于10:00后阈值65分，静默处理（不推送飞书）
13:29:53 [INFO] 🛑 600176 受大盘熔断/仓控阻断，跳过交易记录
13:29:57 [INFO] 🎯 603667 市场状态: normal | 综合判断：正常状态
13:29:57 [INFO] 🛑 大盘熔断/仓控阻断 603667: defensive / defensive_t
13:29:57 [INFO] 📉 603667 卖出信号得分59分，低于10:00后阈值65分，静默处理（不推送飞书）
13:29:57 [INFO] 🛑 603667 受大盘熔断/仓控阻断，跳过交易记录
13:29:59 [INFO] 🎯 000988 市场状态: normal | 综合判断：正常状态
13:29:59 [INFO] 🛑 大盘熔断/仓控阻断 000988: defensive / defensive_t
13:29:59 [INFO] 📉 000988 卖出信号得分53分，低于10:00后阈值65分，静默处理（不推送飞书）
13:29:59 [INFO] 🛑 000988 受大盘熔断/仓控阻断，跳过交易记录
13:30:14 [INFO] 🫀 扫描心跳 第51轮开始
13:30:22 [INFO] 🎯 600176 市场状态: normal | 综合判断：正常状态
13:30:22 [INFO] 🛑 大盘熔断/仓控阻断 600176: defensive / defensive_t
13:30:22 [INFO] 📉 600176 卖出信号得分53分，低于10:00后阈值65分，静默处理（不推送飞书）
13:30:22 [INFO] 🛑 600176 受大盘熔断/仓控阻断，跳过交易记录
13:30:26 [INFO] 🎯 603667 市场状态: normal | 综合判断：正常状态
13:30:26 [INFO] 🛑 大盘熔断/仓控阻断 603667: defensive / defensive_t
13:30:26 [INFO] 📉 603667 卖出信号得分59分，低于10:00后阈值65分，静默处理（不推送飞书）
13:30:26 [INFO] 🛑 603667 受大盘熔断/仓控阻断，跳过交易记录
13:30:28 [INFO] 🎯 000988 市场状态: normal | 综合判断：正常状态
13:30:28 [INFO] 🛑 大盘熔断/仓控阻断 000988: defensive / defensive_t
13:30:28 [INFO] 📉 000988 卖出信号得分53分，低于10:00后阈值65分，静默处理（不推送飞书）
13:30:28 [INFO] 🛑 000988 受大盘熔断/仓控阻断，跳过交易记录
13:30:43 [INFO] 🫀 扫描心跳 第52轮开始
13:30:54 [INFO] 🎯 600176 市场状态: normal | 综合判断：正常状态
13:30:54 [INFO] 🛑 大盘熔断/仓控阻断 600176: defensive / defensive_t
13:30:54 [INFO] 📉 600176 卖出信号得分53分，低于10:00后阈值65分，静默处理（不推送飞书）
13:30:54 [INFO] 🛑 600176 受大盘熔断/仓控阻断，跳过交易记录
13:30:59 [INFO] 🎯 603667 市场状态: normal | 综合判断：正常状态
13:30:59 [INFO] 🛑 大盘熔断/仓控阻断 603667: defensive / defensive_t
13:30:59 [INFO] 📉 603667 卖出信号得分59分，低于10:00后阈值65分，静默处理（不推送飞书）
13:30:59 [INFO] 🛑 603667 受大盘熔断/仓控阻断，跳过交易记录
13:31:01 [INFO] 🎯 000988 市场状态: normal | 综合判断：正常状态
13:31:01 [INFO] 🛑 大盘熔断/仓控阻断 000988: defensive / defensive_t
13:31:01 [INFO] 📉 000988 卖出信号得分53分，低于10:00后阈值65分，静默处理（不推送飞书）
13:31:01 [INFO] 🛑 000988 受大盘熔断/仓控阻断，跳过交易记录
13:31:16 [INFO] 🫀 扫描心跳 第53轮开始
13:31:21 [INFO] 🎯 600176 市场状态: normal | 综合判断：正常状态
13:31:21 [INFO] 🛑 大盘熔断/仓控阻断 600176: defensive / defensive_t
13:31:21 [INFO] 📉 600176 卖出信号得分53分，低于10:00后阈值65分，静默处理（不推送飞书）
13:31:21 [INFO] 🛑 600176 受大盘熔断/仓控阻断，跳过交易记录
13:31:25 [INFO] 🎯 603667 市场状态: normal | 综合判断：正常状态
13:31:25 [INFO] 🛑 大盘熔断/仓控阻断 603667: defensive / defensive_t
13:31:25 [INFO] 📉 603667 卖出信号得分59分，低于10:00后阈值65分，静默处理（不推送飞书）
13:31:25 [INFO] 🛑 603667 受大盘熔断/仓控阻断，跳过交易记录
13:31:27 [INFO] 🎯 000988 市场状态: normal | 综合判断：正常状态
13:31:27 [INFO] 🛑 大盘熔断/仓控阻断 000988: defensive / defensive_t
13:31:27 [INFO] 📉 000988 卖出信号得分53分，低于10:00后阈值65分，静默处理（不推送飞书）
13:31:27 [INFO] 🛑 000988 受大盘熔断/仓控阻断，跳过交易记录
13:31:27 [INFO] 
📊 护城河防御面板 第53轮
──────────────────────────────────────────────────────────────────────
标的                    现价  均价(VWAP)      振幅       多买/空卖评分  状态
科创半导体ETF华夏(588170)    0.98      1.00    6.4%   多18.9/空49.0  可T观察    
中国巨石(600176)       38.69     39.42    6.2%   多19.0/空53.0  停手:当日轮次已满|SELL_HIGH
双良节能(600481)        3.90      3.85    3.7%   多33.2/空64.8  可T观察    
五洲新春(603667)       52.66     52.66    2.9%   多22.3/空59.4  停手:当日轮次已满|SELL_HIGH
华工科技(000988)      112.71    113.94    5.1%   多19.0/空53.1  停手:当日轮次已满|SELL_HIGH
13:31:42 [INFO] 🫀 扫描心跳 第54轮开始
13:31:52 [INFO] 🎯 600176 市场状态: normal | 综合判断：正常状态
13:31:52 [INFO] 🛑 大盘熔断/仓控阻断 600176: defensive / defensive_t
13:31:52 [INFO] 📉 600176 卖出信号得分53分，低于10:00后阈值65分，静默处理（不推送飞书）
13:31:52 [INFO] 🛑 600176 受大盘熔断/仓控阻断，跳过交易记录
13:31:56 [INFO] 🎯 603667 市场状态: normal | 综合判断：正常状态
13:31:56 [INFO] 🛑 大盘熔断/仓控阻断 603667: defensive / defensive_t
13:31:56 [INFO] 📉 603667 卖出信号得分59分，低于10:00后阈值65分，静默处理（不推送飞书）
13:31:56 [INFO] 🛑 603667 受大盘熔断/仓控阻断，跳过交易记录
13:31:58 [INFO] 🎯 000988 市场状态: normal | 综合判断：正常状态
13:31:58 [INFO] 🛑 大盘熔断/仓控阻断 000988: defensive / defensive_t
13:31:58 [INFO] 📉 000988 卖出信号得分53分，低于10:00后阈值65分，静默处理（不推送飞书）
13:31:58 [INFO] 🛑 000988 受大盘熔断/仓控阻断，跳过交易记录
13:32:13 [INFO] 🫀 扫描心跳 第55轮开始
13:32:17 [INFO] 🎯 600176 市场状态: normal | 综合判断：正常状态
13:32:17 [INFO] 🛑 大盘熔断/仓控阻断 600176: defensive / defensive_t
13:32:17 [INFO] 📉 600176 卖出信号得分53分，低于10:00后阈值65分，静默处理（不推送飞书）
13:32:17 [INFO] 🛑 600176 受大盘熔断/仓控阻断，跳过交易记录
13:32:21 [INFO] 🎯 603667 市场状态: normal | 综合判断：正常状态
13:32:21 [INFO] 🛑 大盘熔断/仓控阻断 603667: defensive / defensive_t
13:32:21 [INFO] 📉 603667 卖出信号得分59分，低于10:00后阈值65分，静默处理（不推送飞书）
13:32:21 [INFO] 🛑 603667 受大盘熔断/仓控阻断，跳过交易记录
13:32:22 [INFO] 🎯 000988 市场状态: normal | 综合判断：正常状态
13:32:22 [INFO] 🛑 大盘熔断/仓控阻断 000988: defensive / defensive_t
13:32:22 [INFO] 📉 000988 卖出信号得分53分，低于10:00后阈值65分，静默处理（不推送飞书）
13:32:22 [INFO] 🛑 000988 受大盘熔断/仓控阻断，跳过交易记录
13:32:37 [INFO] 🫀 扫描心跳 第56轮开始
13:32:41 [INFO] 🎯 600176 市场状态: normal | 综合判断：正常状态
13:32:41 [INFO] 🛑 大盘熔断/仓控阻断 600176: defensive / defensive_t
13:32:41 [INFO] 📉 600176 卖出信号得分53分，低于10:00后阈值65分，静默处理（不推送飞书）
13:32:41 [INFO] 🛑 600176 受大盘熔断/仓控阻断，跳过交易记录
13:32:53 [INFO] 🎯 603667 市场状态: normal | 综合判断：正常状态
13:32:53 [INFO] 🛑 大盘熔断/仓控阻断 603667: defensive / defensive_t
13:32:53 [INFO] 📉 603667 卖出信号得分57分，低于10:00后阈值65分，静默处理（不推送飞书）
13:32:53 [INFO] 🛑 603667 受大盘熔断/仓控阻断，跳过交易记录
13:32:55 [INFO] 🎯 000988 市场状态: normal | 综合判断：正常状态
13:32:55 [INFO] 🛑 大盘熔断/仓控阻断 000988: defensive / defensive_t
13:32:55 [INFO] 📉 000988 卖出信号得分45分，低于10:00后阈值65分，静默处理（不推送飞书）
13:32:55 [INFO] 🛑 000988 受大盘熔断/仓控阻断，跳过交易记录
13:33:10 [INFO] 🫀 扫描心跳 第57轮开始
13:34:08 [INFO] 🎯 600176 市场状态: normal | 综合判断：正常状态
13:34:08 [INFO] 🛑 大盘熔断/仓控阻断 600176: defensive / defensive_t
13:34:08 [INFO] 📉 600176 卖出信号得分53分，低于10:00后阈值65分，静默处理（不推送飞书）
13:34:08 [INFO] 🛑 600176 受大盘熔断/仓控阻断，跳过交易记录
13:34:11 [INFO] 🎯 603667 市场状态: normal | 综合判断：正常状态
13:34:11 [INFO] 🛑 大盘熔断/仓控阻断 603667: defensive / defensive_t
13:34:11 [INFO] 📉 603667 卖出信号得分57分，低于10:00后阈值65分，静默处理（不推送飞书）
13:34:11 [INFO] 🛑 603667 受大盘熔断/仓控阻断，跳过交易记录
13:34:13 [INFO] 🎯 000988 市场状态: normal | 综合判断：正常状态
13:34:13 [INFO] 🛑 大盘熔断/仓控阻断 000988: defensive / defensive_t
13:34:13 [INFO] 📉 000988 卖出信号得分45分，低于10:00后阈值65分，静默处理（不推送飞书）
13:34:13 [INFO] 🛑 000988 受大盘熔断/仓控阻断，跳过交易记录
13:34:13 [INFO] 
📊 护城河防御面板 第57轮
──────────────────────────────────────────────────────────────────────
标的                    现价  均价(VWAP)      振幅       多买/空卖评分  状态
科创半导体ETF华夏(588170)    0.98      1.00    6.4%   多28.9/空19.0  弱机会     
中国巨石(600176)       38.67     39.42    6.2%   多19.1/空53.0  停手:当日轮次已满|SELL_HIGH
双良节能(600481)        3.90      3.85    4.0%   多33.2/空73.2  强可T     
五洲新春(603667)       52.74     52.66    2.9%   多29.6/空56.8  停手:当日轮次已满|SELL_HIGH
华工科技(000988)      112.91    113.94    5.1%   多19.0/空44.9  停手:当日轮次已满|SELL_HIGH
13:34:28 [INFO] 🫀 扫描心跳 第58轮开始
13:34:36 [INFO] 🎯 603667 市场状态: normal | 综合判断：正常状态
13:34:36 [INFO] 🛑 大盘熔断/仓控阻断 603667: defensive / defensive_t
13:34:36 [INFO] 📉 603667 卖出信号得分57分，低于10:00后阈值65分，静默处理（不推送飞书）
13:34:36 [INFO] 🛑 603667 受大盘熔断/仓控阻断，跳过交易记录
13:34:38 [INFO] 🎯 000988 市场状态: normal | 综合判断：正常状态
13:34:38 [INFO] 🛑 大盘熔断/仓控阻断 000988: defensive / defensive_t
13:34:38 [INFO] 📉 000988 卖出信号得分45分，低于10:00后阈值65分，静默处理（不推送飞书）
13:34:38 [INFO] 🛑 000988 受大盘熔断/仓控阻断，跳过交易记录
13:34:53 [INFO] 🫀 扫描心跳 第59轮开始
13:35:00 [INFO] 🎯 603667 市场状态: normal | 综合判断：正常状态
13:35:00 [INFO] 🛑 大盘熔断/仓控阻断 603667: defensive / defensive_t
13:35:00 [INFO] 📉 603667 卖出信号得分57分，低于10:00后阈值65分，静默处理（不推送飞书）
13:35:00 [INFO] 🛑 603667 受大盘熔断/仓控阻断，跳过交易记录
13:35:08 [INFO] 🎯 000988 市场状态: normal | 综合判断：正常状态
13:35:08 [INFO] 🛑 大盘熔断/仓控阻断 000988: defensive / defensive_t
13:35:08 [INFO] 📉 000988 卖出信号得分45分，低于10:00后阈值65分，静默处理（不推送飞书）
13:35:08 [INFO] 🛑 000988 受大盘熔断/仓控阻断，跳过交易记录
13:35:23 [INFO] 🫀 扫描心跳 第60轮开始
13:35:32 [INFO] 🎯 603667 市场状态: normal | 综合判断：正常状态
13:35:32 [INFO] 🛑 大盘熔断/仓控阻断 603667: defensive / defensive_t
13:35:32 [INFO] 📉 603667 卖出信号得分57分，低于10:00后阈值65分，静默处理（不推送飞书）
13:35:32 [INFO] 🛑 603667 受大盘熔断/仓控阻断，跳过交易记录
13:35:34 [INFO] 🎯 000988 市场状态: normal | 综合判断：正常状态
13:35:34 [INFO] 🛑 大盘熔断/仓控阻断 000988: defensive / defensive_t
13:35:34 [INFO] 📉 000988 卖出信号得分45分，低于10:00后阈值65分，静默处理（不推送飞书）
13:35:34 [INFO] 🛑 000988 受大盘熔断/仓控阻断，跳过交易记录
13:35:49 [INFO] 🫀 扫描心跳 第61轮开始
13:36:01 [INFO] 🎯 000988 市场状态: normal | 综合判断：正常状态
13:36:01 [INFO] 🛑 大盘熔断/仓控阻断 000988: defensive / defensive_t
13:36:01 [INFO] 📉 000988 卖出信号得分59分，低于10:00后阈值65分，静默处理（不推送飞书）
13:36:01 [INFO] 🛑 000988 受大盘熔断/仓控阻断，跳过交易记录
13:36:01 [INFO] 
📊 护城河防御面板 第61轮
──────────────────────────────────────────────────────────────────────
标的                    现价  均价(VWAP)      振幅       多买/空卖评分  状态
科创半导体ETF华夏(588170)    0.99      1.00    6.4%   多29.3/空14.9  弱机会     
中国巨石(600176)       39.04     39.42    6.2%   多27.3/空26.5  停手:当日轮次已满
双良节能(600481)        3.92      3.85    4.3%   多43.4/空39.4  弱机会     
五洲新春(603667)       53.00     52.66    2.9%     多nan/空nan  停手:当日轮次已满
华工科技(000988)      113.74    113.94    5.1%   多18.4/空59.0  停手:当日轮次已满|SELL_HIGH
13:36:16 [INFO] 🫀 扫描心跳 第62轮开始
13:36:36 [INFO] 🎯 000988 市场状态: normal | 综合判断：正常状态
13:36:36 [INFO] 🛑 大盘熔断/仓控阻断 000988: defensive / defensive_t
13:36:36 [INFO] 📉 000988 卖出信号得分59分，低于10:00后阈值65分，静默处理（不推送飞书）
13:36:36 [INFO] 🛑 000988 受大盘熔断/仓控阻断，跳过交易记录
13:36:51 [INFO] 🫀 扫描心跳 第63轮开始
13:37:02 [INFO] 🎯 000988 市场状态: normal | 综合判断：正常状态
13:37:02 [INFO] 🛑 大盘熔断/仓控阻断 000988: defensive / defensive_t
13:37:02 [INFO] 📉 000988 卖出信号得分59分，低于10:00后阈值65分，静默处理（不推送飞书）
13:37:02 [INFO] 🛑 000988 受大盘熔断/仓控阻断，跳过交易记录
13:37:17 [INFO] 🫀 扫描心跳 第64轮开始
13:37:36 [INFO] 🎯 000988 市场状态: normal | 综合判断：正常状态
13:37:36 [INFO] 🛑 大盘熔断/仓控阻断 000988: defensive / defensive_t
13:37:36 [INFO] 📉 000988 卖出信号得分59分，低于10:00后阈值65分，静默处理（不推送飞书）
13:37:36 [INFO] 🛑 000988 受大盘熔断/仓控阻断，跳过交易记录
13:37:51 [INFO] 🫀 扫描心跳 第65轮开始
13:38:01 [INFO] 🎯 000988 市场状态: normal | 综合判断：正常状态
13:38:01 [INFO] 🛑 大盘熔断/仓控阻断 000988: defensive / defensive_t
13:38:01 [INFO] 📉 000988 卖出信号得分59分，低于10:00后阈值65分，静默处理（不推送飞书）
13:38:01 [INFO] 🛑 000988 受大盘熔断/仓控阻断，跳过交易记录
13:38:01 [INFO] 
📊 护城河防御面板 第65轮
──────────────────────────────────────────────────────────────────────
标的                    现价  均价(VWAP)      振幅       多买/空卖评分  状态
科创半导体ETF华夏(588170)    1.00      1.00    6.4%     多nan/空nan  无信号     
中国巨石(600176)       39.04     39.42    6.2%   多27.3/空26.5  停手:当日轮次已满
双良节能(600481)        3.92      3.85    4.3%   多43.4/空39.4  弱机会     
五洲新春(603667)       53.00     52.66    2.9%     多nan/空nan  停手:当日轮次已满
华工科技(000988)      113.74    113.94    5.1%   多18.4/空59.0  停手:当日轮次已满|SELL_HIGH
13:38:16 [INFO] 🫀 扫描心跳 第66轮开始
13:38:50 [INFO] 🫀 扫描心跳 第67轮开始
13:39:17 [INFO] 🫀 扫描心跳 第68轮开始
13:39:49 [INFO] 🫀 扫描心跳 第69轮开始
13:39:59 [INFO] 
📊 护城河防御面板 第69轮
──────────────────────────────────────────────────────────────────────
标的                    现价  均价(VWAP)      振幅       多买/空卖评分  状态
科创半导体ETF华夏(588170)    1.00      1.00    6.4%     多nan/空nan  无信号     
中国巨石(600176)       39.02     39.42    6.2%   多27.0/空24.9  停手:当日轮次已满
双良节能(600481)        3.91      3.85    4.3%   多42.9/空43.2  弱机会     
五洲新春(603667)       53.03     52.66    2.9%   多47.0/空43.7  停手:当日轮次已满
华工科技(000988)      113.60    113.94    5.1%   多29.2/空24.1  停手:当日轮次已满
13:40:14 [INFO] 🫀 扫描心跳 第70轮开始
13:40:46 [INFO] 🫀 扫描心跳 第71轮开始
13:41:17 [INFO] 🫀 扫描心跳 第72轮开始
13:41:48 [INFO] 🫀 扫描心跳 第73轮开始
13:41:58 [INFO] 
📊 护城河防御面板 第73轮
──────────────────────────────────────────────────────────────────────
标的                    现价  均价(VWAP)      振幅       多买/空卖评分  状态
科创半导体ETF华夏(588170)    0.99      1.00    6.4%   多34.6/空15.3  弱机会     
中国巨石(600176)       39.02     39.42    6.2%   多27.0/空24.9  停手:当日轮次已满
双良节能(600481)        3.91      3.85    4.3%   多42.9/空43.2  弱机会     
五洲新春(603667)       53.03     52.66    2.9%   多47.0/空43.7  停手:当日轮次已满
华工科技(000988)      113.60    113.94    5.1%   多29.2/空24.1  停手:当日轮次已满
13:42:13 [INFO] 🫀 扫描心跳 第74轮开始
13:42:44 [INFO] 🫀 扫描心跳 第75轮开始
13:43:08 [INFO] 🫀 扫描心跳 第76轮开始
13:43:32 [INFO] 🫀 扫描心跳 第77轮开始
13:43:49 [INFO] 
📊 护城河防御面板 第77轮
──────────────────────────────────────────────────────────────────────
标的                    现价  均价(VWAP)      振幅       多买/空卖评分  状态
科创半导体ETF华夏(588170)    0.99      1.00    6.4%   多34.6/空15.3  弱机会     
中国巨石(600176)       38.68     39.42    6.2%   多38.6/空15.3  停手:当日轮次已满
双良节能(600481)        3.93      3.85    4.5%   多43.2/空34.9  弱机会     
五洲新春(603667)       53.06     52.66    2.9%   多34.9/空43.0  停手:当日轮次已满
华工科技(000988)      113.11    113.94    5.1%   多26.8/空15.4  停手:当日轮次已满
13:44:04 [INFO] 🫀 扫描心跳 第78轮开始
13:44:28 [INFO] 🫀 扫描心跳 第79轮开始
13:45:00 [INFO] 🫀 扫描心跳 第80轮开始
13:45:24 [INFO] 🫀 扫描心跳 第81轮开始
13:45:34 [INFO] 
📊 护城河防御面板 第81轮
──────────────────────────────────────────────────────────────────────
标的                    现价  均价(VWAP)      振幅       多买/空卖评分  状态
科创半导体ETF华夏(588170)    0.99      1.00    6.4%   多40.6/空15.1  弱机会     
中国巨石(600176)       38.54     39.42    6.2%   多40.8/空15.2  停手:当日轮次已满
双良节能(600481)        3.95      3.85    5.3%   多35.5/空35.7  弱机会     
五洲新春(603667)       52.94     52.66    2.9%   多42.6/空34.4  停手:当日轮次已满
华工科技(000988)      113.00    113.94    5.1%   多38.5/空15.2  停手:当日轮次已满
13:45:49 [INFO] 🫀 扫描心跳 第82轮开始
13:46:21 [INFO] 🫀 扫描心跳 第83轮开始
13:46:45 [INFO] 🫀 扫描心跳 第84轮开始
13:47:16 [INFO] 🫀 扫描心跳 第85轮开始
13:47:26 [INFO] 
📊 护城河防御面板 第85轮
──────────────────────────────────────────────────────────────────────
标的                    现价  均价(VWAP)      振幅       多买/空卖评分  状态
科创半导体ETF华夏(588170)    0.99      1.00    6.4%   多40.6/空15.1  弱机会     
中国巨石(600176)       38.54     39.42    6.2%   多40.8/空15.2  停手:当日轮次已满
双良节能(600481)        3.95      3.85    5.3%   多35.5/空35.7  弱机会     
五洲新春(603667)       52.94     52.66    2.9%   多42.6/空34.4  停手:当日轮次已满
华工科技(000988)      113.00    113.94    5.1%   多38.5/空15.2  停手:当日轮次已满
13:47:41 [INFO] 🫀 扫描心跳 第86轮开始
13:48:05 [INFO] 🫀 扫描心跳 第87轮开始
13:48:36 [INFO] 🫀 扫描心跳 第88轮开始
13:49:07 [INFO] 🫀 扫描心跳 第89轮开始
13:49:21 [INFO] 
📊 护城河防御面板 第89轮
──────────────────────────────────────────────────────────────────────
标的                    现价  均价(VWAP)      振幅       多买/空卖评分  状态
科创半导体ETF华夏(588170)    0.98      1.00    6.4%   多26.4/空15.2  弱机会     
中国巨石(600176)       38.46     39.42    6.2%   多34.3/空15.0  停手:当日轮次已满
双良节能(600481)        3.94      3.85    5.3%   多35.2/空43.3  弱机会     
五洲新春(603667)       52.78     52.66    2.9%   多54.3/空29.6  停手:当日轮次已满
华工科技(000988)      112.69    113.94    5.1%   多34.1/空15.1  停手:当日轮次已满
13:49:36 [INFO] 🫀 扫描心跳 第90轮开始
13:50:00 [INFO] 🫀 扫描心跳 第91轮开始
13:50:29 [INFO] 🫀 扫描心跳 第92轮开始
13:50:53 [INFO] 🫀 扫描心跳 第93轮开始
13:51:04 [INFO] 
📊 护城河防御面板 第93轮
──────────────────────────────────────────────────────────────────────
标的                    现价  均价(VWAP)      振幅       多买/空卖评分  状态
科创半导体ETF华夏(588170)    0.98      1.00    6.4%   多21.6/空14.9  无信号     
中国巨石(600176)       38.46     39.42    6.2%   多34.3/空15.0  停手:当日轮次已满
双良节能(600481)        3.94      3.85    5.3%   多35.2/空43.3  弱机会     
五洲新春(603667)       52.78     52.66    2.9%   多54.3/空29.6  停手:当日轮次已满
华工科技(000988)      112.69    113.94    5.1%   多34.1/空15.1  停手:当日轮次已满
13:51:19 [INFO] 🫀 扫描心跳 第94轮开始
13:51:55 [INFO] 🫀 扫描心跳 第95轮开始
13:52:05 [INFO] 🎯 000988 市场状态: normal | 综合判断：正常状态
13:52:05 [INFO] 📊 动态份数 000988: 状态=normal 信号强度46/阈值35, 建议交易100股/份 (33%)
13:52:05 [INFO] 📉 000988 买入信号得分46分，低于10:00后阈值68分，静默处理（不推送飞书）
13:52:20 [INFO] 🫀 扫描心跳 第96轮开始
13:52:53 [INFO] 🫀 扫描心跳 第97轮开始
13:53:02 [INFO] 
📊 护城河防御面板 第97轮
──────────────────────────────────────────────────────────────────────
标的                    现价  均价(VWAP)      振幅       多买/空卖评分  状态
科创半导体ETF华夏(588170)    0.98      1.00    6.4%   多21.6/空14.9  无信号     
中国巨石(600176)       38.44     39.42    6.2%   多35.8/空14.9  停手:当日轮次已满
双良节能(600481)        3.94      3.85    5.3%   多40.3/空35.1  弱机会     
五洲新春(603667)       52.88     52.66    2.9%   多40.7/空33.2  停手:当日轮次已满
华工科技(000988)      112.58    113.94    5.1%   多46.5/空14.9  停手:当日轮次已满
13:53:17 [INFO] 🫀 扫描心跳 第98轮开始
13:53:47 [INFO] 🫀 扫描心跳 第99轮开始
13:54:11 [INFO] 🫀 扫描心跳 第100轮开始
13:54:50 [INFO] 🫀 扫描心跳 第101轮开始
13:55:00 [INFO] 
📊 护城河防御面板 第101轮
──────────────────────────────────────────────────────────────────────
标的                    现价  均价(VWAP)      振幅       多买/空卖评分  状态
科创半导体ETF华夏(588170)    0.98      1.00    6.4%   多36.1/空15.0  弱机会     
中国巨石(600176)       38.44     39.42    6.2%   多35.8/空14.9  停手:当日轮次已满
双良节能(600481)        3.94      3.85    5.3%   多40.3/空35.1  弱机会     
五洲新春(603667)       52.88     52.66    2.9%   多40.7/空33.2  停手:当日轮次已满
华工科技(000988)      112.58    113.94    5.1%   多46.5/空14.9  停手:当日轮次已满
13:55:15 [INFO] 🫀 扫描心跳 第102轮开始
13:55:41 [INFO] 🫀 扫描心跳 第103轮开始
13:56:14 [INFO] 🫀 扫描心跳 第104轮开始
13:56:42 [INFO] 🫀 扫描心跳 第105轮开始
13:57:00 [INFO] 
📊 护城河防御面板 第105轮
──────────────────────────────────────────────────────────────────────
标的                    现价  均价(VWAP)      振幅       多买/空卖评分  状态
科创半导体ETF华夏(588170)    0.98      1.00    6.4%   多36.1/空15.0  弱机会     
中国巨石(600176)       38.48     39.42    6.2%   多20.0/空14.8  停手:当日轮次已满
双良节能(600481)        3.93      3.85    5.3%   多34.8/空35.1  弱机会     
五洲新春(603667)       52.74     52.66    2.9%   多47.0/空26.9  停手:当日轮次已满
华工科技(000988)      112.46    113.94    5.1%   多35.9/空14.9  停手:当日轮次已满
13:57:15 [INFO] 🫀 扫描心跳 第106轮开始
13:57:17 [INFO] 🎯 588170 市场状态: normal | 综合判断：正常状态
13:57:17 [INFO] 📊 动态份数 588170: 状态=normal 信号强度45/阈值35, 建议交易600股/份 (15%)
13:57:17 [INFO] 📉 588170 买入信号得分45分，低于10:00后阈值68分，静默处理（不推送飞书）
13:57:40 [INFO] 🫀 扫描心跳 第107轮开始
13:58:11 [INFO] 🫀 扫描心跳 第108轮开始
13:58:36 [INFO] 🫀 扫描心跳 第109轮开始
13:58:53 [INFO] 
📊 护城河防御面板 第109轮
──────────────────────────────────────────────────────────────────────
标的                    现价  均价(VWAP)      振幅       多买/空卖评分  状态
科创半导体ETF华夏(588170)    0.98      1.00    6.4%   多45.3/空14.8  可T观察    
中国巨石(600176)       38.41     39.42    6.2%   多33.7/空14.8  停手:当日轮次已满
双良节能(600481)        3.93      3.85    5.3%   多38.9/空35.1  弱机会     
五洲新春(603667)       52.71     52.66    2.9%   多44.1/空24.8  停手:当日轮次已满
华工科技(000988)      112.56    113.94    5.1%   多34.6/空14.8  停手:当日轮次已满
13:59:08 [INFO] 🫀 扫描心跳 第110轮开始
13:59:33 [INFO] 🫀 扫描心跳 第111轮开始
13:59:58 [INFO] 🫀 扫描心跳 第112轮开始
14:00:31 [INFO] 🫀 扫描心跳 第113轮开始
14:00:41 [INFO] 
📊 护城河防御面板 第113轮
──────────────────────────────────────────────────────────────────────
标的                    现价  均价(VWAP)      振幅       多买/空卖评分  状态
科创半导体ETF华夏(588170)    0.98      1.00    6.4%   多18.8/空15.2  无信号     
中国巨石(600176)       38.41     39.42    6.2%   多33.7/空14.8  停手:当日轮次已满
双良节能(600481)        3.93      3.85    5.3%   多38.9/空35.1  弱机会     
五洲新春(603667)       52.71     52.66    2.9%   多44.1/空24.8  停手:当日轮次已满
华工科技(000988)      112.56    113.94    5.1%   多34.6/空14.8  停手:当日轮次已满
14:00:56 [INFO] 🫀 扫描心跳 第114轮开始
14:01:37 [INFO] 🫀 扫描心跳 第115轮开始
14:02:05 [INFO] 🫀 扫描心跳 第116轮开始
14:02:36 [INFO] 🫀 扫描心跳 第117轮开始
14:02:46 [INFO] 
📊 护城河防御面板 第117轮
──────────────────────────────────────────────────────────────────────
标的                    现价  均价(VWAP)      振幅       多买/空卖评分  状态
科创半导体ETF华夏(588170)    0.98      1.00    6.4%   多18.8/空15.2  无信号     
中国巨石(600176)       38.31     39.42    6.3%   多22.5/空15.0  停手:当日轮次已满
双良节能(600481)        3.93      3.85    5.3%   多42.7/空35.0  弱机会     
五洲新春(603667)       52.70     52.66    2.9%   多30.3/空24.0  停手:当日轮次已满
华工科技(000988)      112.25    113.94    5.1%   多22.1/空14.9  停手:当日轮次已满
14:03:01 [INFO] 🫀 扫描心跳 第118轮开始
14:03:32 [INFO] 🫀 扫描心跳 第119轮开始
14:03:58 [INFO] 🫀 扫描心跳 第120轮开始
14:05:22 [INFO] 🫀 扫描心跳 第121轮开始
14:05:32 [INFO] 
📊 护城河防御面板 第121轮
──────────────────────────────────────────────────────────────────────
标的                    现价  均价(VWAP)      振幅       多买/空卖评分  状态
科创半导体ETF华夏(588170)    0.98      1.00    6.4%   多20.0/空14.9  无信号     
中国巨石(600176)       38.25     39.42    6.4%   多40.2/空15.0  停手:当日轮次已满
双良节能(600481)        3.94      3.85    5.3%   多40.3/空34.9  弱机会     
五洲新春(603667)       52.70     52.66    2.9%   多29.5/空24.0  停手:当日轮次已满
华工科技(000988)      112.20    113.94    5.1%   多35.3/空14.9  停手:当日轮次已满
14:05:47 [INFO] 🫀 扫描心跳 第122轮开始
14:06:17 [INFO] 🫀 扫描心跳 第123轮开始
14:06:42 [INFO] 🫀 扫描心跳 第124轮开始
14:07:16 [INFO] 🫀 扫描心跳 第125轮开始
14:07:26 [INFO] 
📊 护城河防御面板 第125轮
──────────────────────────────────────────────────────────────────────
标的                    现价  均价(VWAP)      振幅       多买/空卖评分  状态
科创半导体ETF华夏(588170)    0.98      1.00    6.4%   多15.1/空15.0  无信号     
中国巨石(600176)       38.25     39.42    6.4%   多40.2/空15.0  停手:当日轮次已满
双良节能(600481)        3.94      3.85    5.3%   多40.3/空34.9  弱机会     
五洲新春(603667)       52.70     52.66    2.9%   多29.5/空24.0  停手:当日轮次已满
华工科技(000988)      112.20    113.94    5.1%   多35.3/空14.9  停手:当日轮次已满
14:07:41 [INFO] 🫀 扫描心跳 第126轮开始
14:08:06 [INFO] 🫀 扫描心跳 第127轮开始
14:08:39 [INFO] 🫀 扫描心跳 第128轮开始
14:09:04 [INFO] 🫀 扫描心跳 第129轮开始
14:09:20 [INFO] 
📊 护城河防御面板 第129轮
──────────────────────────────────────────────────────────────────────
标的                    现价  均价(VWAP)      振幅       多买/空卖评分  状态
科创半导体ETF华夏(588170)    0.98      1.00    6.4%   多15.1/空15.0  无信号     
中国巨石(600176)       38.26     39.42    6.4%   多29.0/空14.9  停手:当日轮次已满
双良节能(600481)        3.95      3.85    5.3%     多nan/空nan  无信号     
五洲新春(603667)       52.71     52.66    2.9%   多24.7/空24.7  停手:当日轮次已满
华工科技(000988)      112.22    113.94    5.1%   多31.1/空34.9  停手:当日轮次已满
14:09:35 [INFO] 🫀 扫描心跳 第130轮开始
14:09:59 [INFO] 🫀 扫描心跳 第131轮开始
14:10:25 [INFO] 🫀 扫描心跳 第132轮开始
14:10:57 [INFO] 🫀 扫描心跳 第133轮开始
15:54:47 [INFO] 已停止盯盘
